[2023-05-01T05:32:31.914+0000] {taskinstance.py:1090} INFO - Dependencies all met for dep_context=non-requeueable deps ti=<TaskInstance: scrape_and_save_to_csv.trigger_push_dag scheduled__2023-05-01T04:30:00+00:00 [queued]>
[2023-05-01T05:32:31.922+0000] {taskinstance.py:1090} INFO - Dependencies all met for dep_context=requeueable deps ti=<TaskInstance: scrape_and_save_to_csv.trigger_push_dag scheduled__2023-05-01T04:30:00+00:00 [queued]>
[2023-05-01T05:32:31.923+0000] {taskinstance.py:1288} INFO - 
--------------------------------------------------------------------------------
[2023-05-01T05:32:31.924+0000] {taskinstance.py:1289} INFO - Starting attempt 1 of 1
[2023-05-01T05:32:31.926+0000] {taskinstance.py:1290} INFO - 
--------------------------------------------------------------------------------
[2023-05-01T05:32:31.936+0000] {taskinstance.py:1309} INFO - Executing <Task(TriggerDagRunOperator): trigger_push_dag> on 2023-05-01 04:30:00+00:00
[2023-05-01T05:32:31.942+0000] {standard_task_runner.py:55} INFO - Started process 4716 to run task
[2023-05-01T05:32:31.946+0000] {standard_task_runner.py:82} INFO - Running: ['***', 'tasks', 'run', 'scrape_and_save_to_csv', 'trigger_push_dag', 'scheduled__2023-05-01T04:30:00+00:00', '--job-id', '2012', '--raw', '--subdir', 'DAGS_FOLDER/scrape_and_save_csv_dag.py', '--cfg-path', '/tmp/tmp0si0rpph']
[2023-05-01T05:32:31.949+0000] {standard_task_runner.py:83} INFO - Job 2012: Subtask trigger_push_dag
[2023-05-01T05:32:32.016+0000] {task_command.py:389} INFO - Running <TaskInstance: scrape_and_save_to_csv.trigger_push_dag scheduled__2023-05-01T04:30:00+00:00 [running]> on host 5d4cd8acb346
[2023-05-01T05:32:32.073+0000] {taskinstance.py:1518} INFO - Exporting the following env vars:
AIRFLOW_CTX_DAG_OWNER=***
AIRFLOW_CTX_DAG_ID=scrape_and_save_to_csv
AIRFLOW_CTX_TASK_ID=trigger_push_dag
AIRFLOW_CTX_EXECUTION_DATE=2023-05-01T04:30:00+00:00
AIRFLOW_CTX_TRY_NUMBER=1
AIRFLOW_CTX_DAG_RUN_ID=scheduled__2023-05-01T04:30:00+00:00
[2023-05-01T05:32:32.146+0000] {taskinstance.py:1332} INFO - Marking task as SUCCESS. dag_id=scrape_and_save_to_csv, task_id=trigger_push_dag, execution_date=20230501T043000, start_date=20230501T053231, end_date=20230501T053232
[2023-05-01T05:32:32.199+0000] {local_task_job.py:212} INFO - Task exited with return code 0
[2023-05-01T05:32:32.220+0000] {taskinstance.py:2596} INFO - 0 downstream tasks scheduled from follow-on schedule check
