[2023-04-28T22:51:56.722+0000] {taskinstance.py:1090} INFO - Dependencies all met for dep_context=non-requeueable deps ti=<TaskInstance: scrape_and_save_to_csv.scrape_teams_9-16 manual__2023-04-28T22:51:54.913882+00:00 [queued]>
[2023-04-28T22:51:56.737+0000] {taskinstance.py:1090} INFO - Dependencies all met for dep_context=requeueable deps ti=<TaskInstance: scrape_and_save_to_csv.scrape_teams_9-16 manual__2023-04-28T22:51:54.913882+00:00 [queued]>
[2023-04-28T22:51:56.740+0000] {taskinstance.py:1288} INFO - 
--------------------------------------------------------------------------------
[2023-04-28T22:51:56.741+0000] {taskinstance.py:1289} INFO - Starting attempt 1 of 1
[2023-04-28T22:51:56.742+0000] {taskinstance.py:1290} INFO - 
--------------------------------------------------------------------------------
[2023-04-28T22:51:56.757+0000] {taskinstance.py:1309} INFO - Executing <Task(PythonOperator): scrape_teams_9-16> on 2023-04-28 22:51:54.913882+00:00
[2023-04-28T22:51:56.767+0000] {standard_task_runner.py:55} INFO - Started process 2109 to run task
[2023-04-28T22:51:56.772+0000] {standard_task_runner.py:82} INFO - Running: ['***', 'tasks', 'run', 'scrape_and_save_to_csv', 'scrape_teams_9-16', 'manual__2023-04-28T22:51:54.913882+00:00', '--job-id', '1756', '--raw', '--subdir', 'DAGS_FOLDER/scrape_and_save_csv_dag.py', '--cfg-path', '/tmp/tmp29mjk1c1']
[2023-04-28T22:51:56.775+0000] {standard_task_runner.py:83} INFO - Job 1756: Subtask scrape_teams_9-16
[2023-04-28T22:51:56.867+0000] {task_command.py:389} INFO - Running <TaskInstance: scrape_and_save_to_csv.scrape_teams_9-16 manual__2023-04-28T22:51:54.913882+00:00 [running]> on host def38439e216
[2023-04-28T22:51:56.938+0000] {taskinstance.py:1518} INFO - Exporting the following env vars:
AIRFLOW_CTX_DAG_OWNER=***
AIRFLOW_CTX_DAG_ID=scrape_and_save_to_csv
AIRFLOW_CTX_TASK_ID=scrape_teams_9-16
AIRFLOW_CTX_EXECUTION_DATE=2023-04-28T22:51:54.913882+00:00
AIRFLOW_CTX_TRY_NUMBER=1
AIRFLOW_CTX_DAG_RUN_ID=manual__2023-04-28T22:51:54.913882+00:00
[2023-04-28T22:51:59.075+0000] {warnings.py:110} WARNING - /home/***/.local/lib/python3.7/site-packages/***/utils/context.py:313: AirflowContextDeprecationWarning: Accessing 'execution_date' from the template is deprecated and will be removed in a future version. Please use 'data_interval_start' or 'logical_date' instead.
  warnings.warn(_create_deprecation_warning(k, replacements))

[2023-04-28T22:51:59.080+0000] {helpers.py:42} INFO - Pistons: Successfully scraped!
[2023-04-28T22:52:00.304+0000] {helpers.py:42} INFO - Warriors: Successfully scraped!
[2023-04-28T22:52:02.989+0000] {helpers.py:42} INFO - Rockets: Successfully scraped!
[2023-04-28T22:52:04.151+0000] {helpers.py:42} INFO - Pacers: Successfully scraped!
[2023-04-28T22:52:05.279+0000] {helpers.py:42} INFO - Clippers: Successfully scraped!
[2023-04-28T22:52:06.135+0000] {helpers.py:42} INFO - Lakers: Successfully scraped!
[2023-04-28T22:53:46.787+0000] {helpers.py:46} ERROR - Expecting value: line 1 column 1 (char 0)
[2023-04-28T22:53:46.793+0000] {helpers.py:47} ERROR - Retrying! 9 attempts before skipping!
[2023-04-28T22:53:50.562+0000] {helpers.py:42} INFO - Grizzlies: Successfully scraped!
[2023-04-28T22:53:52.693+0000] {helpers.py:42} INFO - Heat: Successfully scraped!
[2023-04-28T22:53:52.707+0000] {helpers.py:56} INFO - Saved in /opt/***/output_scrape_teams_9-16.csv
[2023-04-28T22:53:52.709+0000] {python.py:177} INFO - Done. Returned value was: None
[2023-04-28T22:53:52.735+0000] {taskinstance.py:1332} INFO - Marking task as SUCCESS. dag_id=scrape_and_save_to_csv, task_id=scrape_teams_9-16, execution_date=20230428T225154, start_date=20230428T225156, end_date=20230428T225352
[2023-04-28T22:53:52.804+0000] {local_task_job.py:212} INFO - Task exited with return code 0
[2023-04-28T22:53:52.839+0000] {taskinstance.py:2596} INFO - 1 downstream tasks scheduled from follow-on schedule check
