[2023-05-10T02:29:37.966+0000] {taskinstance.py:1090} INFO - Dependencies all met for dep_context=non-requeueable deps ti=<TaskInstance: scrape_and_save_to_csv.scrape_teams_17-24 manual__2023-05-10T02:29:35.512807+00:00 [queued]>
[2023-05-10T02:29:38.012+0000] {taskinstance.py:1090} INFO - Dependencies all met for dep_context=requeueable deps ti=<TaskInstance: scrape_and_save_to_csv.scrape_teams_17-24 manual__2023-05-10T02:29:35.512807+00:00 [queued]>
[2023-05-10T02:29:38.031+0000] {taskinstance.py:1288} INFO - 
--------------------------------------------------------------------------------
[2023-05-10T02:29:38.037+0000] {taskinstance.py:1289} INFO - Starting attempt 1 of 1
[2023-05-10T02:29:38.042+0000] {taskinstance.py:1290} INFO - 
--------------------------------------------------------------------------------
[2023-05-10T02:29:38.091+0000] {taskinstance.py:1309} INFO - Executing <Task(PythonOperator): scrape_teams_17-24> on 2023-05-10 02:29:35.512807+00:00
[2023-05-10T02:29:38.112+0000] {standard_task_runner.py:55} INFO - Started process 17688 to run task
[2023-05-10T02:29:38.136+0000] {standard_task_runner.py:82} INFO - Running: ['***', 'tasks', 'run', 'scrape_and_save_to_csv', 'scrape_teams_17-24', 'manual__2023-05-10T02:29:35.512807+00:00', '--job-id', '4021', '--raw', '--subdir', 'DAGS_FOLDER/scrape_and_push_dag.py', '--cfg-path', '/tmp/tmpzbs5mqwt']
[2023-05-10T02:29:38.160+0000] {standard_task_runner.py:83} INFO - Job 4021: Subtask scrape_teams_17-24
[2023-05-10T02:29:38.384+0000] {task_command.py:389} INFO - Running <TaskInstance: scrape_and_save_to_csv.scrape_teams_17-24 manual__2023-05-10T02:29:35.512807+00:00 [running]> on host f41dbfa3d325
[2023-05-10T02:29:38.455+0000] {warnings.py:110} WARNING - /home/***/.local/lib/python3.7/site-packages/***/utils/context.py:205: AirflowContextDeprecationWarning: Accessing 'execution_date' from the template is deprecated and will be removed in a future version. Please use 'data_interval_start' or 'logical_date' instead.
  warnings.warn(_create_deprecation_warning(key, self._deprecation_replacements[key]))

[2023-05-10T02:29:38.525+0000] {taskinstance.py:1518} INFO - Exporting the following env vars:
AIRFLOW_CTX_DAG_OWNER=***
AIRFLOW_CTX_DAG_ID=scrape_and_save_to_csv
AIRFLOW_CTX_TASK_ID=scrape_teams_17-24
AIRFLOW_CTX_EXECUTION_DATE=2023-05-10T02:29:35.512807+00:00
AIRFLOW_CTX_TRY_NUMBER=1
AIRFLOW_CTX_DAG_RUN_ID=manual__2023-05-10T02:29:35.512807+00:00
[2023-05-10T02:29:40.034+0000] {helpers.py:98} ERROR - can't compare offset-naive and offset-aware datetimes
[2023-05-10T02:29:40.035+0000] {helpers.py:99} ERROR - Retrying! 9 attempts before skipping!
[2023-05-10T02:29:41.772+0000] {helpers.py:98} ERROR - can't compare offset-naive and offset-aware datetimes
[2023-05-10T02:29:41.773+0000] {helpers.py:99} ERROR - Retrying! 8 attempts before skipping!
[2023-05-10T02:29:43.694+0000] {helpers.py:98} ERROR - can't compare offset-naive and offset-aware datetimes
[2023-05-10T02:29:43.695+0000] {helpers.py:99} ERROR - Retrying! 7 attempts before skipping!
[2023-05-10T02:29:45.374+0000] {helpers.py:98} ERROR - can't compare offset-naive and offset-aware datetimes
[2023-05-10T02:29:45.376+0000] {helpers.py:99} ERROR - Retrying! 6 attempts before skipping!
[2023-05-10T02:29:47.185+0000] {helpers.py:98} ERROR - can't compare offset-naive and offset-aware datetimes
[2023-05-10T02:29:47.187+0000] {helpers.py:99} ERROR - Retrying! 5 attempts before skipping!
[2023-05-10T02:29:48.901+0000] {helpers.py:98} ERROR - can't compare offset-naive and offset-aware datetimes
[2023-05-10T02:29:48.903+0000] {helpers.py:99} ERROR - Retrying! 4 attempts before skipping!
[2023-05-10T02:29:50.864+0000] {helpers.py:98} ERROR - can't compare offset-naive and offset-aware datetimes
[2023-05-10T02:29:50.866+0000] {helpers.py:99} ERROR - Retrying! 3 attempts before skipping!
[2023-05-10T02:29:52.622+0000] {helpers.py:98} ERROR - can't compare offset-naive and offset-aware datetimes
[2023-05-10T02:29:52.623+0000] {helpers.py:99} ERROR - Retrying! 2 attempts before skipping!
[2023-05-10T02:29:54.312+0000] {helpers.py:98} ERROR - can't compare offset-naive and offset-aware datetimes
[2023-05-10T02:29:54.353+0000] {helpers.py:99} ERROR - Retrying! 1 attempts before skipping!
[2023-05-10T02:29:56.125+0000] {helpers.py:98} ERROR - can't compare offset-naive and offset-aware datetimes
[2023-05-10T02:29:56.127+0000] {helpers.py:99} ERROR - Retrying! 0 attempts before skipping!
[2023-05-10T02:29:57.798+0000] {helpers.py:98} ERROR - can't compare offset-naive and offset-aware datetimes
[2023-05-10T02:29:57.800+0000] {helpers.py:99} ERROR - Retrying! -1 attempts before skipping!
[2023-05-10T02:29:59.411+0000] {helpers.py:98} ERROR - can't compare offset-naive and offset-aware datetimes
[2023-05-10T02:29:59.413+0000] {helpers.py:99} ERROR - Retrying! 9 attempts before skipping!
[2023-05-10T02:30:01.225+0000] {helpers.py:98} ERROR - can't compare offset-naive and offset-aware datetimes
[2023-05-10T02:30:01.228+0000] {helpers.py:99} ERROR - Retrying! 8 attempts before skipping!
[2023-05-10T02:30:03.053+0000] {helpers.py:98} ERROR - can't compare offset-naive and offset-aware datetimes
[2023-05-10T02:30:03.055+0000] {helpers.py:99} ERROR - Retrying! 7 attempts before skipping!
[2023-05-10T02:30:03.447+0000] {local_task_job.py:277} WARNING - State of this instance has been externally set to failed. Terminating instance.
[2023-05-10T02:30:03.463+0000] {process_utils.py:133} INFO - Sending Signals.SIGTERM to group 17688. PIDs of all processes in the group: [17688]
[2023-05-10T02:30:03.464+0000] {process_utils.py:84} INFO - Sending the signal Signals.SIGTERM to group 17688
[2023-05-10T02:30:03.465+0000] {taskinstance.py:1488} ERROR - Received SIGTERM. Terminating subprocesses.
[2023-05-10T02:30:03.520+0000] {process_utils.py:79} INFO - Process psutil.Process(pid=17688, status='terminated', exitcode=0, started='02:29:37') (17688) terminated with exit code 0
