[2023-05-03T19:30:44.625+0000] {taskinstance.py:1090} INFO - Dependencies all met for dep_context=non-requeueable deps ti=<TaskInstance: scrape_and_save_to_csv.trigger_push_dag scheduled__2023-05-03T18:30:00+00:00 [queued]>
[2023-05-03T19:30:44.631+0000] {taskinstance.py:1090} INFO - Dependencies all met for dep_context=requeueable deps ti=<TaskInstance: scrape_and_save_to_csv.trigger_push_dag scheduled__2023-05-03T18:30:00+00:00 [queued]>
[2023-05-03T19:30:44.633+0000] {taskinstance.py:1288} INFO - 
--------------------------------------------------------------------------------
[2023-05-03T19:30:44.634+0000] {taskinstance.py:1289} INFO - Starting attempt 1 of 1
[2023-05-03T19:30:44.634+0000] {taskinstance.py:1290} INFO - 
--------------------------------------------------------------------------------
[2023-05-03T19:30:44.643+0000] {taskinstance.py:1309} INFO - Executing <Task(TriggerDagRunOperator): trigger_push_dag> on 2023-05-03 18:30:00+00:00
[2023-05-03T19:30:44.649+0000] {standard_task_runner.py:55} INFO - Started process 34404 to run task
[2023-05-03T19:30:44.653+0000] {standard_task_runner.py:82} INFO - Running: ['***', 'tasks', 'run', 'scrape_and_save_to_csv', 'trigger_push_dag', 'scheduled__2023-05-03T18:30:00+00:00', '--job-id', '2415', '--raw', '--subdir', 'DAGS_FOLDER/scrape_and_save_csv_dag.py', '--cfg-path', '/tmp/tmps_uw50e1']
[2023-05-03T19:30:44.655+0000] {standard_task_runner.py:83} INFO - Job 2415: Subtask trigger_push_dag
[2023-05-03T19:30:44.720+0000] {task_command.py:389} INFO - Running <TaskInstance: scrape_and_save_to_csv.trigger_push_dag scheduled__2023-05-03T18:30:00+00:00 [running]> on host 5d4cd8acb346
[2023-05-03T19:30:44.786+0000] {taskinstance.py:1518} INFO - Exporting the following env vars:
AIRFLOW_CTX_DAG_OWNER=***
AIRFLOW_CTX_DAG_ID=scrape_and_save_to_csv
AIRFLOW_CTX_TASK_ID=trigger_push_dag
AIRFLOW_CTX_EXECUTION_DATE=2023-05-03T18:30:00+00:00
AIRFLOW_CTX_TRY_NUMBER=1
AIRFLOW_CTX_DAG_RUN_ID=scheduled__2023-05-03T18:30:00+00:00
[2023-05-03T19:30:44.863+0000] {taskinstance.py:1332} INFO - Marking task as SUCCESS. dag_id=scrape_and_save_to_csv, task_id=trigger_push_dag, execution_date=20230503T183000, start_date=20230503T193044, end_date=20230503T193044
[2023-05-03T19:30:44.907+0000] {local_task_job.py:212} INFO - Task exited with return code 0
[2023-05-03T19:30:44.924+0000] {taskinstance.py:2596} INFO - 0 downstream tasks scheduled from follow-on schedule check
