[2023-04-30T19:16:50.231+0000] {taskinstance.py:1090} INFO - Dependencies all met for dep_context=non-requeueable deps ti=<TaskInstance: scrape_and_save_to_csv.scrape_teams_1-8 scheduled__2023-04-30T17:30:00+00:00 [queued]>
[2023-04-30T19:16:50.243+0000] {taskinstance.py:1090} INFO - Dependencies all met for dep_context=requeueable deps ti=<TaskInstance: scrape_and_save_to_csv.scrape_teams_1-8 scheduled__2023-04-30T17:30:00+00:00 [queued]>
[2023-04-30T19:16:50.244+0000] {taskinstance.py:1288} INFO - 
--------------------------------------------------------------------------------
[2023-04-30T19:16:50.246+0000] {taskinstance.py:1289} INFO - Starting attempt 1 of 1
[2023-04-30T19:16:50.247+0000] {taskinstance.py:1290} INFO - 
--------------------------------------------------------------------------------
[2023-04-30T19:16:50.262+0000] {taskinstance.py:1309} INFO - Executing <Task(PythonOperator): scrape_teams_1-8> on 2023-04-30 17:30:00+00:00
[2023-04-30T19:16:50.270+0000] {standard_task_runner.py:55} INFO - Started process 357 to run task
[2023-04-30T19:16:50.276+0000] {standard_task_runner.py:82} INFO - Running: ['***', 'tasks', 'run', 'scrape_and_save_to_csv', 'scrape_teams_1-8', 'scheduled__2023-04-30T17:30:00+00:00', '--job-id', '1939', '--raw', '--subdir', 'DAGS_FOLDER/scrape_and_save_csv_dag.py', '--cfg-path', '/tmp/tmpahst3ud0']
[2023-04-30T19:16:50.284+0000] {standard_task_runner.py:83} INFO - Job 1939: Subtask scrape_teams_1-8
[2023-04-30T19:16:50.392+0000] {task_command.py:389} INFO - Running <TaskInstance: scrape_and_save_to_csv.scrape_teams_1-8 scheduled__2023-04-30T17:30:00+00:00 [running]> on host 5d4cd8acb346
[2023-04-30T19:16:50.481+0000] {taskinstance.py:1518} INFO - Exporting the following env vars:
AIRFLOW_CTX_DAG_OWNER=***
AIRFLOW_CTX_DAG_ID=scrape_and_save_to_csv
AIRFLOW_CTX_TASK_ID=scrape_teams_1-8
AIRFLOW_CTX_EXECUTION_DATE=2023-04-30T17:30:00+00:00
AIRFLOW_CTX_TRY_NUMBER=1
AIRFLOW_CTX_DAG_RUN_ID=scheduled__2023-04-30T17:30:00+00:00
[2023-04-30T19:16:50.494+0000] {logging_mixin.py:137} INFO - HTTPSConnectionPool(host='api.pushshift.io', port=443): Max retries exceeded with url: /reddit/search/submission/?subreddit=AtlantaHawks&sort=created_utc&sort_type=desc&size=500 (Caused by NewConnectionError('<urllib3.connection.HTTPSConnection object at 0xffffa0052a50>: Failed to establish a new connection: [Errno -2] Name or service not known'))
[2023-04-30T19:16:50.495+0000] {helpers.py:86} ERROR - HTTPSConnectionPool(host='api.pushshift.io', port=443): Max retries exceeded with url: /reddit/search/submission/?subreddit=AtlantaHawks&sort=created_utc&sort_type=desc&size=500 (Caused by NewConnectionError('<urllib3.connection.HTTPSConnection object at 0xffffa0052a50>: Failed to establish a new connection: [Errno -2] Name or service not known'))
[2023-04-30T19:16:50.496+0000] {helpers.py:87} ERROR - Retrying! 9 attempts before skipping!
[2023-04-30T19:16:51.507+0000] {logging_mixin.py:137} INFO - HTTPSConnectionPool(host='api.pushshift.io', port=443): Max retries exceeded with url: /reddit/search/submission/?subreddit=AtlantaHawks&sort=created_utc&sort_type=desc&size=500 (Caused by NewConnectionError('<urllib3.connection.HTTPSConnection object at 0xffffa0052c50>: Failed to establish a new connection: [Errno -2] Name or service not known'))
[2023-04-30T19:16:51.508+0000] {helpers.py:86} ERROR - HTTPSConnectionPool(host='api.pushshift.io', port=443): Max retries exceeded with url: /reddit/search/submission/?subreddit=AtlantaHawks&sort=created_utc&sort_type=desc&size=500 (Caused by NewConnectionError('<urllib3.connection.HTTPSConnection object at 0xffffa0052c50>: Failed to establish a new connection: [Errno -2] Name or service not known'))
[2023-04-30T19:16:51.511+0000] {helpers.py:87} ERROR - Retrying! 8 attempts before skipping!
[2023-04-30T19:16:52.526+0000] {logging_mixin.py:137} INFO - HTTPSConnectionPool(host='api.pushshift.io', port=443): Max retries exceeded with url: /reddit/search/submission/?subreddit=AtlantaHawks&sort=created_utc&sort_type=desc&size=500 (Caused by NewConnectionError('<urllib3.connection.HTTPSConnection object at 0xffffa0052a90>: Failed to establish a new connection: [Errno -2] Name or service not known'))
[2023-04-30T19:16:52.528+0000] {helpers.py:86} ERROR - HTTPSConnectionPool(host='api.pushshift.io', port=443): Max retries exceeded with url: /reddit/search/submission/?subreddit=AtlantaHawks&sort=created_utc&sort_type=desc&size=500 (Caused by NewConnectionError('<urllib3.connection.HTTPSConnection object at 0xffffa0052a90>: Failed to establish a new connection: [Errno -2] Name or service not known'))
[2023-04-30T19:16:52.529+0000] {helpers.py:87} ERROR - Retrying! 7 attempts before skipping!
[2023-04-30T19:16:53.546+0000] {logging_mixin.py:137} INFO - HTTPSConnectionPool(host='api.pushshift.io', port=443): Max retries exceeded with url: /reddit/search/submission/?subreddit=AtlantaHawks&sort=created_utc&sort_type=desc&size=500 (Caused by NewConnectionError('<urllib3.connection.HTTPSConnection object at 0xffffa0052990>: Failed to establish a new connection: [Errno -2] Name or service not known'))
[2023-04-30T19:16:53.548+0000] {helpers.py:86} ERROR - HTTPSConnectionPool(host='api.pushshift.io', port=443): Max retries exceeded with url: /reddit/search/submission/?subreddit=AtlantaHawks&sort=created_utc&sort_type=desc&size=500 (Caused by NewConnectionError('<urllib3.connection.HTTPSConnection object at 0xffffa0052990>: Failed to establish a new connection: [Errno -2] Name or service not known'))
[2023-04-30T19:16:53.551+0000] {helpers.py:87} ERROR - Retrying! 6 attempts before skipping!
[2023-04-30T19:16:54.567+0000] {logging_mixin.py:137} INFO - HTTPSConnectionPool(host='api.pushshift.io', port=443): Max retries exceeded with url: /reddit/search/submission/?subreddit=AtlantaHawks&sort=created_utc&sort_type=desc&size=500 (Caused by NewConnectionError('<urllib3.connection.HTTPSConnection object at 0xffffa0052d90>: Failed to establish a new connection: [Errno -2] Name or service not known'))
[2023-04-30T19:16:54.571+0000] {helpers.py:86} ERROR - HTTPSConnectionPool(host='api.pushshift.io', port=443): Max retries exceeded with url: /reddit/search/submission/?subreddit=AtlantaHawks&sort=created_utc&sort_type=desc&size=500 (Caused by NewConnectionError('<urllib3.connection.HTTPSConnection object at 0xffffa0052d90>: Failed to establish a new connection: [Errno -2] Name or service not known'))
[2023-04-30T19:16:54.575+0000] {helpers.py:87} ERROR - Retrying! 5 attempts before skipping!
[2023-04-30T19:16:55.583+0000] {logging_mixin.py:137} INFO - HTTPSConnectionPool(host='api.pushshift.io', port=443): Max retries exceeded with url: /reddit/search/submission/?subreddit=AtlantaHawks&sort=created_utc&sort_type=desc&size=500 (Caused by NewConnectionError('<urllib3.connection.HTTPSConnection object at 0xffffa0052c90>: Failed to establish a new connection: [Errno -2] Name or service not known'))
[2023-04-30T19:16:55.584+0000] {helpers.py:86} ERROR - HTTPSConnectionPool(host='api.pushshift.io', port=443): Max retries exceeded with url: /reddit/search/submission/?subreddit=AtlantaHawks&sort=created_utc&sort_type=desc&size=500 (Caused by NewConnectionError('<urllib3.connection.HTTPSConnection object at 0xffffa0052c90>: Failed to establish a new connection: [Errno -2] Name or service not known'))
[2023-04-30T19:16:55.585+0000] {helpers.py:87} ERROR - Retrying! 4 attempts before skipping!
[2023-04-30T19:16:56.599+0000] {logging_mixin.py:137} INFO - HTTPSConnectionPool(host='api.pushshift.io', port=443): Max retries exceeded with url: /reddit/search/submission/?subreddit=AtlantaHawks&sort=created_utc&sort_type=desc&size=500 (Caused by NewConnectionError('<urllib3.connection.HTTPSConnection object at 0xffffa0052c50>: Failed to establish a new connection: [Errno -2] Name or service not known'))
[2023-04-30T19:16:56.601+0000] {helpers.py:86} ERROR - HTTPSConnectionPool(host='api.pushshift.io', port=443): Max retries exceeded with url: /reddit/search/submission/?subreddit=AtlantaHawks&sort=created_utc&sort_type=desc&size=500 (Caused by NewConnectionError('<urllib3.connection.HTTPSConnection object at 0xffffa0052c50>: Failed to establish a new connection: [Errno -2] Name or service not known'))
[2023-04-30T19:16:56.605+0000] {helpers.py:87} ERROR - Retrying! 3 attempts before skipping!
[2023-04-30T19:16:57.615+0000] {logging_mixin.py:137} INFO - HTTPSConnectionPool(host='api.pushshift.io', port=443): Max retries exceeded with url: /reddit/search/submission/?subreddit=AtlantaHawks&sort=created_utc&sort_type=desc&size=500 (Caused by NewConnectionError('<urllib3.connection.HTTPSConnection object at 0xffffa0052a90>: Failed to establish a new connection: [Errno -2] Name or service not known'))
[2023-04-30T19:16:57.617+0000] {helpers.py:86} ERROR - HTTPSConnectionPool(host='api.pushshift.io', port=443): Max retries exceeded with url: /reddit/search/submission/?subreddit=AtlantaHawks&sort=created_utc&sort_type=desc&size=500 (Caused by NewConnectionError('<urllib3.connection.HTTPSConnection object at 0xffffa0052a90>: Failed to establish a new connection: [Errno -2] Name or service not known'))
[2023-04-30T19:16:57.618+0000] {helpers.py:87} ERROR - Retrying! 2 attempts before skipping!
[2023-04-30T19:16:58.628+0000] {logging_mixin.py:137} INFO - HTTPSConnectionPool(host='api.pushshift.io', port=443): Max retries exceeded with url: /reddit/search/submission/?subreddit=AtlantaHawks&sort=created_utc&sort_type=desc&size=500 (Caused by NewConnectionError('<urllib3.connection.HTTPSConnection object at 0xffffa0052990>: Failed to establish a new connection: [Errno -2] Name or service not known'))
[2023-04-30T19:16:58.630+0000] {helpers.py:86} ERROR - HTTPSConnectionPool(host='api.pushshift.io', port=443): Max retries exceeded with url: /reddit/search/submission/?subreddit=AtlantaHawks&sort=created_utc&sort_type=desc&size=500 (Caused by NewConnectionError('<urllib3.connection.HTTPSConnection object at 0xffffa0052990>: Failed to establish a new connection: [Errno -2] Name or service not known'))
[2023-04-30T19:16:58.631+0000] {helpers.py:87} ERROR - Retrying! 1 attempts before skipping!
[2023-04-30T19:16:59.648+0000] {logging_mixin.py:137} INFO - HTTPSConnectionPool(host='api.pushshift.io', port=443): Max retries exceeded with url: /reddit/search/submission/?subreddit=AtlantaHawks&sort=created_utc&sort_type=desc&size=500 (Caused by NewConnectionError('<urllib3.connection.HTTPSConnection object at 0xffffa0052d90>: Failed to establish a new connection: [Errno -2] Name or service not known'))
[2023-04-30T19:16:59.652+0000] {helpers.py:86} ERROR - HTTPSConnectionPool(host='api.pushshift.io', port=443): Max retries exceeded with url: /reddit/search/submission/?subreddit=AtlantaHawks&sort=created_utc&sort_type=desc&size=500 (Caused by NewConnectionError('<urllib3.connection.HTTPSConnection object at 0xffffa0052d90>: Failed to establish a new connection: [Errno -2] Name or service not known'))
[2023-04-30T19:16:59.656+0000] {helpers.py:87} ERROR - Retrying! 0 attempts before skipping!
[2023-04-30T19:17:00.667+0000] {logging_mixin.py:137} INFO - HTTPSConnectionPool(host='api.pushshift.io', port=443): Max retries exceeded with url: /reddit/search/submission/?subreddit=AtlantaHawks&sort=created_utc&sort_type=desc&size=500 (Caused by NewConnectionError('<urllib3.connection.HTTPSConnection object at 0xffffa0052c90>: Failed to establish a new connection: [Errno -2] Name or service not known'))
[2023-04-30T19:17:00.669+0000] {helpers.py:86} ERROR - HTTPSConnectionPool(host='api.pushshift.io', port=443): Max retries exceeded with url: /reddit/search/submission/?subreddit=AtlantaHawks&sort=created_utc&sort_type=desc&size=500 (Caused by NewConnectionError('<urllib3.connection.HTTPSConnection object at 0xffffa0052c90>: Failed to establish a new connection: [Errno -2] Name or service not known'))
[2023-04-30T19:17:00.672+0000] {helpers.py:87} ERROR - Retrying! -1 attempts before skipping!
[2023-04-30T19:17:01.684+0000] {logging_mixin.py:137} INFO - HTTPSConnectionPool(host='api.pushshift.io', port=443): Max retries exceeded with url: /reddit/search/submission/?subreddit=bostonceltics&sort=created_utc&sort_type=desc&size=500 (Caused by NewConnectionError('<urllib3.connection.HTTPSConnection object at 0xffffa0052890>: Failed to establish a new connection: [Errno -2] Name or service not known'))
[2023-04-30T19:17:01.689+0000] {helpers.py:86} ERROR - HTTPSConnectionPool(host='api.pushshift.io', port=443): Max retries exceeded with url: /reddit/search/submission/?subreddit=bostonceltics&sort=created_utc&sort_type=desc&size=500 (Caused by NewConnectionError('<urllib3.connection.HTTPSConnection object at 0xffffa0052890>: Failed to establish a new connection: [Errno -2] Name or service not known'))
[2023-04-30T19:17:01.692+0000] {helpers.py:87} ERROR - Retrying! 9 attempts before skipping!
[2023-04-30T19:17:02.708+0000] {logging_mixin.py:137} INFO - HTTPSConnectionPool(host='api.pushshift.io', port=443): Max retries exceeded with url: /reddit/search/submission/?subreddit=bostonceltics&sort=created_utc&sort_type=desc&size=500 (Caused by NewConnectionError('<urllib3.connection.HTTPSConnection object at 0xffffa0052b50>: Failed to establish a new connection: [Errno -2] Name or service not known'))
[2023-04-30T19:17:02.709+0000] {helpers.py:86} ERROR - HTTPSConnectionPool(host='api.pushshift.io', port=443): Max retries exceeded with url: /reddit/search/submission/?subreddit=bostonceltics&sort=created_utc&sort_type=desc&size=500 (Caused by NewConnectionError('<urllib3.connection.HTTPSConnection object at 0xffffa0052b50>: Failed to establish a new connection: [Errno -2] Name or service not known'))
[2023-04-30T19:17:02.711+0000] {helpers.py:87} ERROR - Retrying! 8 attempts before skipping!
[2023-04-30T19:17:03.727+0000] {logging_mixin.py:137} INFO - HTTPSConnectionPool(host='api.pushshift.io', port=443): Max retries exceeded with url: /reddit/search/submission/?subreddit=bostonceltics&sort=created_utc&sort_type=desc&size=500 (Caused by NewConnectionError('<urllib3.connection.HTTPSConnection object at 0xffffa0052fd0>: Failed to establish a new connection: [Errno -2] Name or service not known'))
[2023-04-30T19:17:03.731+0000] {helpers.py:86} ERROR - HTTPSConnectionPool(host='api.pushshift.io', port=443): Max retries exceeded with url: /reddit/search/submission/?subreddit=bostonceltics&sort=created_utc&sort_type=desc&size=500 (Caused by NewConnectionError('<urllib3.connection.HTTPSConnection object at 0xffffa0052fd0>: Failed to establish a new connection: [Errno -2] Name or service not known'))
[2023-04-30T19:17:03.733+0000] {helpers.py:87} ERROR - Retrying! 7 attempts before skipping!
[2023-04-30T19:17:04.741+0000] {logging_mixin.py:137} INFO - HTTPSConnectionPool(host='api.pushshift.io', port=443): Max retries exceeded with url: /reddit/search/submission/?subreddit=bostonceltics&sort=created_utc&sort_type=desc&size=500 (Caused by NewConnectionError('<urllib3.connection.HTTPSConnection object at 0xffffa0052c50>: Failed to establish a new connection: [Errno -2] Name or service not known'))
[2023-04-30T19:17:04.743+0000] {helpers.py:86} ERROR - HTTPSConnectionPool(host='api.pushshift.io', port=443): Max retries exceeded with url: /reddit/search/submission/?subreddit=bostonceltics&sort=created_utc&sort_type=desc&size=500 (Caused by NewConnectionError('<urllib3.connection.HTTPSConnection object at 0xffffa0052c50>: Failed to establish a new connection: [Errno -2] Name or service not known'))
[2023-04-30T19:17:04.744+0000] {helpers.py:87} ERROR - Retrying! 6 attempts before skipping!
[2023-04-30T19:17:05.753+0000] {logging_mixin.py:137} INFO - HTTPSConnectionPool(host='api.pushshift.io', port=443): Max retries exceeded with url: /reddit/search/submission/?subreddit=bostonceltics&sort=created_utc&sort_type=desc&size=500 (Caused by NewConnectionError('<urllib3.connection.HTTPSConnection object at 0xffffa0052a90>: Failed to establish a new connection: [Errno -2] Name or service not known'))
[2023-04-30T19:17:05.754+0000] {helpers.py:86} ERROR - HTTPSConnectionPool(host='api.pushshift.io', port=443): Max retries exceeded with url: /reddit/search/submission/?subreddit=bostonceltics&sort=created_utc&sort_type=desc&size=500 (Caused by NewConnectionError('<urllib3.connection.HTTPSConnection object at 0xffffa0052a90>: Failed to establish a new connection: [Errno -2] Name or service not known'))
[2023-04-30T19:17:05.757+0000] {helpers.py:87} ERROR - Retrying! 5 attempts before skipping!
[2023-04-30T19:17:06.771+0000] {logging_mixin.py:137} INFO - HTTPSConnectionPool(host='api.pushshift.io', port=443): Max retries exceeded with url: /reddit/search/submission/?subreddit=bostonceltics&sort=created_utc&sort_type=desc&size=500 (Caused by NewConnectionError('<urllib3.connection.HTTPSConnection object at 0xffffa0052990>: Failed to establish a new connection: [Errno -2] Name or service not known'))
[2023-04-30T19:17:06.773+0000] {helpers.py:86} ERROR - HTTPSConnectionPool(host='api.pushshift.io', port=443): Max retries exceeded with url: /reddit/search/submission/?subreddit=bostonceltics&sort=created_utc&sort_type=desc&size=500 (Caused by NewConnectionError('<urllib3.connection.HTTPSConnection object at 0xffffa0052990>: Failed to establish a new connection: [Errno -2] Name or service not known'))
[2023-04-30T19:17:06.775+0000] {helpers.py:87} ERROR - Retrying! 4 attempts before skipping!
[2023-04-30T19:17:07.794+0000] {logging_mixin.py:137} INFO - HTTPSConnectionPool(host='api.pushshift.io', port=443): Max retries exceeded with url: /reddit/search/submission/?subreddit=bostonceltics&sort=created_utc&sort_type=desc&size=500 (Caused by NewConnectionError('<urllib3.connection.HTTPSConnection object at 0xffffa0052d90>: Failed to establish a new connection: [Errno -2] Name or service not known'))
[2023-04-30T19:17:07.797+0000] {helpers.py:86} ERROR - HTTPSConnectionPool(host='api.pushshift.io', port=443): Max retries exceeded with url: /reddit/search/submission/?subreddit=bostonceltics&sort=created_utc&sort_type=desc&size=500 (Caused by NewConnectionError('<urllib3.connection.HTTPSConnection object at 0xffffa0052d90>: Failed to establish a new connection: [Errno -2] Name or service not known'))
[2023-04-30T19:17:07.799+0000] {helpers.py:87} ERROR - Retrying! 3 attempts before skipping!
[2023-04-30T19:17:08.815+0000] {logging_mixin.py:137} INFO - HTTPSConnectionPool(host='api.pushshift.io', port=443): Max retries exceeded with url: /reddit/search/submission/?subreddit=bostonceltics&sort=created_utc&sort_type=desc&size=500 (Caused by NewConnectionError('<urllib3.connection.HTTPSConnection object at 0xffffa0052210>: Failed to establish a new connection: [Errno -2] Name or service not known'))
[2023-04-30T19:17:08.818+0000] {helpers.py:86} ERROR - HTTPSConnectionPool(host='api.pushshift.io', port=443): Max retries exceeded with url: /reddit/search/submission/?subreddit=bostonceltics&sort=created_utc&sort_type=desc&size=500 (Caused by NewConnectionError('<urllib3.connection.HTTPSConnection object at 0xffffa0052210>: Failed to establish a new connection: [Errno -2] Name or service not known'))
[2023-04-30T19:17:08.820+0000] {helpers.py:87} ERROR - Retrying! 2 attempts before skipping!
[2023-04-30T19:17:09.841+0000] {logging_mixin.py:137} INFO - HTTPSConnectionPool(host='api.pushshift.io', port=443): Max retries exceeded with url: /reddit/search/submission/?subreddit=bostonceltics&sort=created_utc&sort_type=desc&size=500 (Caused by NewConnectionError('<urllib3.connection.HTTPSConnection object at 0xffffa0052890>: Failed to establish a new connection: [Errno -2] Name or service not known'))
[2023-04-30T19:17:09.847+0000] {helpers.py:86} ERROR - HTTPSConnectionPool(host='api.pushshift.io', port=443): Max retries exceeded with url: /reddit/search/submission/?subreddit=bostonceltics&sort=created_utc&sort_type=desc&size=500 (Caused by NewConnectionError('<urllib3.connection.HTTPSConnection object at 0xffffa0052890>: Failed to establish a new connection: [Errno -2] Name or service not known'))
[2023-04-30T19:17:09.850+0000] {helpers.py:87} ERROR - Retrying! 1 attempts before skipping!
[2023-04-30T19:17:10.872+0000] {logging_mixin.py:137} INFO - HTTPSConnectionPool(host='api.pushshift.io', port=443): Max retries exceeded with url: /reddit/search/submission/?subreddit=bostonceltics&sort=created_utc&sort_type=desc&size=500 (Caused by NewConnectionError('<urllib3.connection.HTTPSConnection object at 0xffffa0052b50>: Failed to establish a new connection: [Errno -2] Name or service not known'))
[2023-04-30T19:17:10.882+0000] {helpers.py:86} ERROR - HTTPSConnectionPool(host='api.pushshift.io', port=443): Max retries exceeded with url: /reddit/search/submission/?subreddit=bostonceltics&sort=created_utc&sort_type=desc&size=500 (Caused by NewConnectionError('<urllib3.connection.HTTPSConnection object at 0xffffa0052b50>: Failed to establish a new connection: [Errno -2] Name or service not known'))
[2023-04-30T19:17:10.885+0000] {helpers.py:87} ERROR - Retrying! 0 attempts before skipping!
[2023-04-30T19:17:11.894+0000] {logging_mixin.py:137} INFO - HTTPSConnectionPool(host='api.pushshift.io', port=443): Max retries exceeded with url: /reddit/search/submission/?subreddit=bostonceltics&sort=created_utc&sort_type=desc&size=500 (Caused by NewConnectionError('<urllib3.connection.HTTPSConnection object at 0xffffa0052fd0>: Failed to establish a new connection: [Errno -2] Name or service not known'))
[2023-04-30T19:17:11.896+0000] {helpers.py:86} ERROR - HTTPSConnectionPool(host='api.pushshift.io', port=443): Max retries exceeded with url: /reddit/search/submission/?subreddit=bostonceltics&sort=created_utc&sort_type=desc&size=500 (Caused by NewConnectionError('<urllib3.connection.HTTPSConnection object at 0xffffa0052fd0>: Failed to establish a new connection: [Errno -2] Name or service not known'))
[2023-04-30T19:17:11.897+0000] {helpers.py:87} ERROR - Retrying! -1 attempts before skipping!
[2023-04-30T19:17:12.908+0000] {logging_mixin.py:137} INFO - HTTPSConnectionPool(host='api.pushshift.io', port=443): Max retries exceeded with url: /reddit/search/submission/?subreddit=gonets&sort=created_utc&sort_type=desc&size=500 (Caused by NewConnectionError('<urllib3.connection.HTTPSConnection object at 0xffffa0052c90>: Failed to establish a new connection: [Errno -2] Name or service not known'))
[2023-04-30T19:17:12.911+0000] {helpers.py:86} ERROR - HTTPSConnectionPool(host='api.pushshift.io', port=443): Max retries exceeded with url: /reddit/search/submission/?subreddit=gonets&sort=created_utc&sort_type=desc&size=500 (Caused by NewConnectionError('<urllib3.connection.HTTPSConnection object at 0xffffa0052c90>: Failed to establish a new connection: [Errno -2] Name or service not known'))
[2023-04-30T19:17:12.913+0000] {helpers.py:87} ERROR - Retrying! 9 attempts before skipping!
[2023-04-30T19:17:13.924+0000] {logging_mixin.py:137} INFO - HTTPSConnectionPool(host='api.pushshift.io', port=443): Max retries exceeded with url: /reddit/search/submission/?subreddit=gonets&sort=created_utc&sort_type=desc&size=500 (Caused by NewConnectionError('<urllib3.connection.HTTPSConnection object at 0xffffa0052ed0>: Failed to establish a new connection: [Errno -2] Name or service not known'))
[2023-04-30T19:17:13.927+0000] {helpers.py:86} ERROR - HTTPSConnectionPool(host='api.pushshift.io', port=443): Max retries exceeded with url: /reddit/search/submission/?subreddit=gonets&sort=created_utc&sort_type=desc&size=500 (Caused by NewConnectionError('<urllib3.connection.HTTPSConnection object at 0xffffa0052ed0>: Failed to establish a new connection: [Errno -2] Name or service not known'))
[2023-04-30T19:17:13.930+0000] {helpers.py:87} ERROR - Retrying! 8 attempts before skipping!
[2023-04-30T19:17:14.945+0000] {logging_mixin.py:137} INFO - HTTPSConnectionPool(host='api.pushshift.io', port=443): Max retries exceeded with url: /reddit/search/submission/?subreddit=gonets&sort=created_utc&sort_type=desc&size=500 (Caused by NewConnectionError('<urllib3.connection.HTTPSConnection object at 0xffffa0052b90>: Failed to establish a new connection: [Errno -2] Name or service not known'))
[2023-04-30T19:17:14.948+0000] {helpers.py:86} ERROR - HTTPSConnectionPool(host='api.pushshift.io', port=443): Max retries exceeded with url: /reddit/search/submission/?subreddit=gonets&sort=created_utc&sort_type=desc&size=500 (Caused by NewConnectionError('<urllib3.connection.HTTPSConnection object at 0xffffa0052b90>: Failed to establish a new connection: [Errno -2] Name or service not known'))
[2023-04-30T19:17:14.953+0000] {helpers.py:87} ERROR - Retrying! 7 attempts before skipping!
[2023-04-30T19:17:15.962+0000] {logging_mixin.py:137} INFO - HTTPSConnectionPool(host='api.pushshift.io', port=443): Max retries exceeded with url: /reddit/search/submission/?subreddit=gonets&sort=created_utc&sort_type=desc&size=500 (Caused by NewConnectionError('<urllib3.connection.HTTPSConnection object at 0xffffa0052fd0>: Failed to establish a new connection: [Errno -2] Name or service not known'))
[2023-04-30T19:17:15.964+0000] {helpers.py:86} ERROR - HTTPSConnectionPool(host='api.pushshift.io', port=443): Max retries exceeded with url: /reddit/search/submission/?subreddit=gonets&sort=created_utc&sort_type=desc&size=500 (Caused by NewConnectionError('<urllib3.connection.HTTPSConnection object at 0xffffa0052fd0>: Failed to establish a new connection: [Errno -2] Name or service not known'))
[2023-04-30T19:17:15.966+0000] {helpers.py:87} ERROR - Retrying! 6 attempts before skipping!
[2023-04-30T19:17:16.977+0000] {logging_mixin.py:137} INFO - HTTPSConnectionPool(host='api.pushshift.io', port=443): Max retries exceeded with url: /reddit/search/submission/?subreddit=gonets&sort=created_utc&sort_type=desc&size=500 (Caused by NewConnectionError('<urllib3.connection.HTTPSConnection object at 0xffffa0052c90>: Failed to establish a new connection: [Errno -2] Name or service not known'))
[2023-04-30T19:17:16.979+0000] {helpers.py:86} ERROR - HTTPSConnectionPool(host='api.pushshift.io', port=443): Max retries exceeded with url: /reddit/search/submission/?subreddit=gonets&sort=created_utc&sort_type=desc&size=500 (Caused by NewConnectionError('<urllib3.connection.HTTPSConnection object at 0xffffa0052c90>: Failed to establish a new connection: [Errno -2] Name or service not known'))
[2023-04-30T19:17:16.981+0000] {helpers.py:87} ERROR - Retrying! 5 attempts before skipping!
[2023-04-30T19:17:17.994+0000] {logging_mixin.py:137} INFO - HTTPSConnectionPool(host='api.pushshift.io', port=443): Max retries exceeded with url: /reddit/search/submission/?subreddit=gonets&sort=created_utc&sort_type=desc&size=500 (Caused by NewConnectionError('<urllib3.connection.HTTPSConnection object at 0xffffa0052ed0>: Failed to establish a new connection: [Errno -2] Name or service not known'))
[2023-04-30T19:17:17.997+0000] {helpers.py:86} ERROR - HTTPSConnectionPool(host='api.pushshift.io', port=443): Max retries exceeded with url: /reddit/search/submission/?subreddit=gonets&sort=created_utc&sort_type=desc&size=500 (Caused by NewConnectionError('<urllib3.connection.HTTPSConnection object at 0xffffa0052ed0>: Failed to establish a new connection: [Errno -2] Name or service not known'))
[2023-04-30T19:17:17.999+0000] {helpers.py:87} ERROR - Retrying! 4 attempts before skipping!
[2023-04-30T20:03:45.910+0000] {logging_mixin.py:137} INFO - HTTPSConnectionPool(host='api.pushshift.io', port=443): Max retries exceeded with url: /reddit/search/submission/?subreddit=gonets&sort=created_utc&sort_type=desc&size=500 (Caused by NewConnectionError('<urllib3.connection.HTTPSConnection object at 0xffffa0052b90>: Failed to establish a new connection: [Errno -2] Name or service not known'))
[2023-04-30T20:03:45.912+0000] {helpers.py:86} ERROR - HTTPSConnectionPool(host='api.pushshift.io', port=443): Max retries exceeded with url: /reddit/search/submission/?subreddit=gonets&sort=created_utc&sort_type=desc&size=500 (Caused by NewConnectionError('<urllib3.connection.HTTPSConnection object at 0xffffa0052b90>: Failed to establish a new connection: [Errno -2] Name or service not known'))
[2023-04-30T20:03:45.913+0000] {helpers.py:87} ERROR - Retrying! 3 attempts before skipping!
[2023-04-30T20:03:46.929+0000] {logging_mixin.py:137} INFO - HTTPSConnectionPool(host='api.pushshift.io', port=443): Max retries exceeded with url: /reddit/search/submission/?subreddit=gonets&sort=created_utc&sort_type=desc&size=500 (Caused by NewConnectionError('<urllib3.connection.HTTPSConnection object at 0xffffa0052fd0>: Failed to establish a new connection: [Errno -2] Name or service not known'))
[2023-04-30T20:03:46.932+0000] {helpers.py:86} ERROR - HTTPSConnectionPool(host='api.pushshift.io', port=443): Max retries exceeded with url: /reddit/search/submission/?subreddit=gonets&sort=created_utc&sort_type=desc&size=500 (Caused by NewConnectionError('<urllib3.connection.HTTPSConnection object at 0xffffa0052fd0>: Failed to establish a new connection: [Errno -2] Name or service not known'))
[2023-04-30T20:03:46.933+0000] {helpers.py:87} ERROR - Retrying! 2 attempts before skipping!
[2023-04-30T20:03:47.941+0000] {logging_mixin.py:137} INFO - HTTPSConnectionPool(host='api.pushshift.io', port=443): Max retries exceeded with url: /reddit/search/submission/?subreddit=gonets&sort=created_utc&sort_type=desc&size=500 (Caused by NewConnectionError('<urllib3.connection.HTTPSConnection object at 0xffffa0052c90>: Failed to establish a new connection: [Errno -2] Name or service not known'))
[2023-04-30T20:03:47.943+0000] {helpers.py:86} ERROR - HTTPSConnectionPool(host='api.pushshift.io', port=443): Max retries exceeded with url: /reddit/search/submission/?subreddit=gonets&sort=created_utc&sort_type=desc&size=500 (Caused by NewConnectionError('<urllib3.connection.HTTPSConnection object at 0xffffa0052c90>: Failed to establish a new connection: [Errno -2] Name or service not known'))
[2023-04-30T20:03:47.945+0000] {helpers.py:87} ERROR - Retrying! 1 attempts before skipping!
[2023-04-30T20:03:48.952+0000] {logging_mixin.py:137} INFO - HTTPSConnectionPool(host='api.pushshift.io', port=443): Max retries exceeded with url: /reddit/search/submission/?subreddit=gonets&sort=created_utc&sort_type=desc&size=500 (Caused by NewConnectionError('<urllib3.connection.HTTPSConnection object at 0xffffa0052ed0>: Failed to establish a new connection: [Errno -2] Name or service not known'))
[2023-04-30T20:03:48.955+0000] {helpers.py:86} ERROR - HTTPSConnectionPool(host='api.pushshift.io', port=443): Max retries exceeded with url: /reddit/search/submission/?subreddit=gonets&sort=created_utc&sort_type=desc&size=500 (Caused by NewConnectionError('<urllib3.connection.HTTPSConnection object at 0xffffa0052ed0>: Failed to establish a new connection: [Errno -2] Name or service not known'))
[2023-04-30T20:03:48.958+0000] {helpers.py:87} ERROR - Retrying! 0 attempts before skipping!
[2023-04-30T20:03:49.970+0000] {logging_mixin.py:137} INFO - HTTPSConnectionPool(host='api.pushshift.io', port=443): Max retries exceeded with url: /reddit/search/submission/?subreddit=gonets&sort=created_utc&sort_type=desc&size=500 (Caused by NewConnectionError('<urllib3.connection.HTTPSConnection object at 0xffffa0052b90>: Failed to establish a new connection: [Errno -2] Name or service not known'))
[2023-04-30T20:03:49.974+0000] {helpers.py:86} ERROR - HTTPSConnectionPool(host='api.pushshift.io', port=443): Max retries exceeded with url: /reddit/search/submission/?subreddit=gonets&sort=created_utc&sort_type=desc&size=500 (Caused by NewConnectionError('<urllib3.connection.HTTPSConnection object at 0xffffa0052b90>: Failed to establish a new connection: [Errno -2] Name or service not known'))
[2023-04-30T20:03:49.976+0000] {helpers.py:87} ERROR - Retrying! -1 attempts before skipping!
[2023-04-30T20:03:51.002+0000] {logging_mixin.py:137} INFO - HTTPSConnectionPool(host='api.pushshift.io', port=443): Max retries exceeded with url: /reddit/search/submission/?subreddit=CharlotteHornets&sort=created_utc&sort_type=desc&size=500 (Caused by NewConnectionError('<urllib3.connection.HTTPSConnection object at 0xffffa005d4d0>: Failed to establish a new connection: [Errno -2] Name or service not known'))
[2023-04-30T20:03:51.010+0000] {helpers.py:86} ERROR - HTTPSConnectionPool(host='api.pushshift.io', port=443): Max retries exceeded with url: /reddit/search/submission/?subreddit=CharlotteHornets&sort=created_utc&sort_type=desc&size=500 (Caused by NewConnectionError('<urllib3.connection.HTTPSConnection object at 0xffffa005d4d0>: Failed to establish a new connection: [Errno -2] Name or service not known'))
[2023-04-30T20:03:51.013+0000] {helpers.py:87} ERROR - Retrying! 9 attempts before skipping!
[2023-04-30T20:03:52.024+0000] {logging_mixin.py:137} INFO - HTTPSConnectionPool(host='api.pushshift.io', port=443): Max retries exceeded with url: /reddit/search/submission/?subreddit=CharlotteHornets&sort=created_utc&sort_type=desc&size=500 (Caused by NewConnectionError('<urllib3.connection.HTTPSConnection object at 0xffffa005d390>: Failed to establish a new connection: [Errno -2] Name or service not known'))
[2023-04-30T20:03:52.025+0000] {helpers.py:86} ERROR - HTTPSConnectionPool(host='api.pushshift.io', port=443): Max retries exceeded with url: /reddit/search/submission/?subreddit=CharlotteHornets&sort=created_utc&sort_type=desc&size=500 (Caused by NewConnectionError('<urllib3.connection.HTTPSConnection object at 0xffffa005d390>: Failed to establish a new connection: [Errno -2] Name or service not known'))
[2023-04-30T20:03:52.026+0000] {helpers.py:87} ERROR - Retrying! 8 attempts before skipping!
[2023-04-30T20:03:53.033+0000] {logging_mixin.py:137} INFO - HTTPSConnectionPool(host='api.pushshift.io', port=443): Max retries exceeded with url: /reddit/search/submission/?subreddit=CharlotteHornets&sort=created_utc&sort_type=desc&size=500 (Caused by NewConnectionError('<urllib3.connection.HTTPSConnection object at 0xffffa005d4d0>: Failed to establish a new connection: [Errno -2] Name or service not known'))
[2023-04-30T20:03:53.037+0000] {helpers.py:86} ERROR - HTTPSConnectionPool(host='api.pushshift.io', port=443): Max retries exceeded with url: /reddit/search/submission/?subreddit=CharlotteHornets&sort=created_utc&sort_type=desc&size=500 (Caused by NewConnectionError('<urllib3.connection.HTTPSConnection object at 0xffffa005d4d0>: Failed to establish a new connection: [Errno -2] Name or service not known'))
[2023-04-30T20:03:53.038+0000] {helpers.py:87} ERROR - Retrying! 7 attempts before skipping!
[2023-04-30T20:03:54.048+0000] {logging_mixin.py:137} INFO - HTTPSConnectionPool(host='api.pushshift.io', port=443): Max retries exceeded with url: /reddit/search/submission/?subreddit=CharlotteHornets&sort=created_utc&sort_type=desc&size=500 (Caused by NewConnectionError('<urllib3.connection.HTTPSConnection object at 0xffffa005d390>: Failed to establish a new connection: [Errno -2] Name or service not known'))
[2023-04-30T20:03:54.051+0000] {helpers.py:86} ERROR - HTTPSConnectionPool(host='api.pushshift.io', port=443): Max retries exceeded with url: /reddit/search/submission/?subreddit=CharlotteHornets&sort=created_utc&sort_type=desc&size=500 (Caused by NewConnectionError('<urllib3.connection.HTTPSConnection object at 0xffffa005d390>: Failed to establish a new connection: [Errno -2] Name or service not known'))
[2023-04-30T20:03:54.051+0000] {helpers.py:87} ERROR - Retrying! 6 attempts before skipping!
[2023-04-30T20:03:55.062+0000] {logging_mixin.py:137} INFO - HTTPSConnectionPool(host='api.pushshift.io', port=443): Max retries exceeded with url: /reddit/search/submission/?subreddit=CharlotteHornets&sort=created_utc&sort_type=desc&size=500 (Caused by NewConnectionError('<urllib3.connection.HTTPSConnection object at 0xffffa005d4d0>: Failed to establish a new connection: [Errno -2] Name or service not known'))
[2023-04-30T20:03:55.063+0000] {helpers.py:86} ERROR - HTTPSConnectionPool(host='api.pushshift.io', port=443): Max retries exceeded with url: /reddit/search/submission/?subreddit=CharlotteHornets&sort=created_utc&sort_type=desc&size=500 (Caused by NewConnectionError('<urllib3.connection.HTTPSConnection object at 0xffffa005d4d0>: Failed to establish a new connection: [Errno -2] Name or service not known'))
[2023-04-30T20:03:55.064+0000] {helpers.py:87} ERROR - Retrying! 5 attempts before skipping!
[2023-04-30T20:03:56.080+0000] {logging_mixin.py:137} INFO - HTTPSConnectionPool(host='api.pushshift.io', port=443): Max retries exceeded with url: /reddit/search/submission/?subreddit=CharlotteHornets&sort=created_utc&sort_type=desc&size=500 (Caused by NewConnectionError('<urllib3.connection.HTTPSConnection object at 0xffffa005d390>: Failed to establish a new connection: [Errno -2] Name or service not known'))
[2023-04-30T20:03:56.082+0000] {helpers.py:86} ERROR - HTTPSConnectionPool(host='api.pushshift.io', port=443): Max retries exceeded with url: /reddit/search/submission/?subreddit=CharlotteHornets&sort=created_utc&sort_type=desc&size=500 (Caused by NewConnectionError('<urllib3.connection.HTTPSConnection object at 0xffffa005d390>: Failed to establish a new connection: [Errno -2] Name or service not known'))
[2023-04-30T20:03:56.083+0000] {helpers.py:87} ERROR - Retrying! 4 attempts before skipping!
[2023-04-30T20:03:57.092+0000] {logging_mixin.py:137} INFO - HTTPSConnectionPool(host='api.pushshift.io', port=443): Max retries exceeded with url: /reddit/search/submission/?subreddit=CharlotteHornets&sort=created_utc&sort_type=desc&size=500 (Caused by NewConnectionError('<urllib3.connection.HTTPSConnection object at 0xffffa005d4d0>: Failed to establish a new connection: [Errno -2] Name or service not known'))
[2023-04-30T20:03:57.093+0000] {helpers.py:86} ERROR - HTTPSConnectionPool(host='api.pushshift.io', port=443): Max retries exceeded with url: /reddit/search/submission/?subreddit=CharlotteHornets&sort=created_utc&sort_type=desc&size=500 (Caused by NewConnectionError('<urllib3.connection.HTTPSConnection object at 0xffffa005d4d0>: Failed to establish a new connection: [Errno -2] Name or service not known'))
[2023-04-30T20:03:57.095+0000] {helpers.py:87} ERROR - Retrying! 3 attempts before skipping!
[2023-04-30T20:03:58.116+0000] {logging_mixin.py:137} INFO - HTTPSConnectionPool(host='api.pushshift.io', port=443): Max retries exceeded with url: /reddit/search/submission/?subreddit=CharlotteHornets&sort=created_utc&sort_type=desc&size=500 (Caused by NewConnectionError('<urllib3.connection.HTTPSConnection object at 0xffffa005d390>: Failed to establish a new connection: [Errno -2] Name or service not known'))
[2023-04-30T20:03:58.120+0000] {helpers.py:86} ERROR - HTTPSConnectionPool(host='api.pushshift.io', port=443): Max retries exceeded with url: /reddit/search/submission/?subreddit=CharlotteHornets&sort=created_utc&sort_type=desc&size=500 (Caused by NewConnectionError('<urllib3.connection.HTTPSConnection object at 0xffffa005d390>: Failed to establish a new connection: [Errno -2] Name or service not known'))
[2023-04-30T20:03:58.123+0000] {helpers.py:87} ERROR - Retrying! 2 attempts before skipping!
[2023-04-30T20:03:59.148+0000] {logging_mixin.py:137} INFO - HTTPSConnectionPool(host='api.pushshift.io', port=443): Max retries exceeded with url: /reddit/search/submission/?subreddit=CharlotteHornets&sort=created_utc&sort_type=desc&size=500 (Caused by NewConnectionError('<urllib3.connection.HTTPSConnection object at 0xffffa005d4d0>: Failed to establish a new connection: [Errno -2] Name or service not known'))
[2023-04-30T20:03:59.152+0000] {helpers.py:86} ERROR - HTTPSConnectionPool(host='api.pushshift.io', port=443): Max retries exceeded with url: /reddit/search/submission/?subreddit=CharlotteHornets&sort=created_utc&sort_type=desc&size=500 (Caused by NewConnectionError('<urllib3.connection.HTTPSConnection object at 0xffffa005d4d0>: Failed to establish a new connection: [Errno -2] Name or service not known'))
[2023-04-30T20:03:59.155+0000] {helpers.py:87} ERROR - Retrying! 1 attempts before skipping!
[2023-04-30T20:04:00.167+0000] {logging_mixin.py:137} INFO - HTTPSConnectionPool(host='api.pushshift.io', port=443): Max retries exceeded with url: /reddit/search/submission/?subreddit=CharlotteHornets&sort=created_utc&sort_type=desc&size=500 (Caused by NewConnectionError('<urllib3.connection.HTTPSConnection object at 0xffffa005d390>: Failed to establish a new connection: [Errno -2] Name or service not known'))
[2023-04-30T20:04:00.171+0000] {helpers.py:86} ERROR - HTTPSConnectionPool(host='api.pushshift.io', port=443): Max retries exceeded with url: /reddit/search/submission/?subreddit=CharlotteHornets&sort=created_utc&sort_type=desc&size=500 (Caused by NewConnectionError('<urllib3.connection.HTTPSConnection object at 0xffffa005d390>: Failed to establish a new connection: [Errno -2] Name or service not known'))
[2023-04-30T20:04:00.175+0000] {helpers.py:87} ERROR - Retrying! 0 attempts before skipping!
[2023-04-30T20:04:01.191+0000] {logging_mixin.py:137} INFO - HTTPSConnectionPool(host='api.pushshift.io', port=443): Max retries exceeded with url: /reddit/search/submission/?subreddit=CharlotteHornets&sort=created_utc&sort_type=desc&size=500 (Caused by NewConnectionError('<urllib3.connection.HTTPSConnection object at 0xffffa005d4d0>: Failed to establish a new connection: [Errno -2] Name or service not known'))
[2023-04-30T20:04:01.197+0000] {helpers.py:86} ERROR - HTTPSConnectionPool(host='api.pushshift.io', port=443): Max retries exceeded with url: /reddit/search/submission/?subreddit=CharlotteHornets&sort=created_utc&sort_type=desc&size=500 (Caused by NewConnectionError('<urllib3.connection.HTTPSConnection object at 0xffffa005d4d0>: Failed to establish a new connection: [Errno -2] Name or service not known'))
[2023-04-30T20:04:01.199+0000] {helpers.py:87} ERROR - Retrying! -1 attempts before skipping!
[2023-04-30T20:04:02.213+0000] {logging_mixin.py:137} INFO - HTTPSConnectionPool(host='api.pushshift.io', port=443): Max retries exceeded with url: /reddit/search/submission/?subreddit=chicagobulls&sort=created_utc&sort_type=desc&size=500 (Caused by NewConnectionError('<urllib3.connection.HTTPSConnection object at 0xffffa005d4d0>: Failed to establish a new connection: [Errno -2] Name or service not known'))
[2023-04-30T20:04:02.216+0000] {helpers.py:86} ERROR - HTTPSConnectionPool(host='api.pushshift.io', port=443): Max retries exceeded with url: /reddit/search/submission/?subreddit=chicagobulls&sort=created_utc&sort_type=desc&size=500 (Caused by NewConnectionError('<urllib3.connection.HTTPSConnection object at 0xffffa005d4d0>: Failed to establish a new connection: [Errno -2] Name or service not known'))
[2023-04-30T20:04:02.218+0000] {helpers.py:87} ERROR - Retrying! 9 attempts before skipping!
[2023-04-30T20:04:03.235+0000] {logging_mixin.py:137} INFO - HTTPSConnectionPool(host='api.pushshift.io', port=443): Max retries exceeded with url: /reddit/search/submission/?subreddit=chicagobulls&sort=created_utc&sort_type=desc&size=500 (Caused by NewConnectionError('<urllib3.connection.HTTPSConnection object at 0xffffa005d090>: Failed to establish a new connection: [Errno -2] Name or service not known'))
[2023-04-30T20:04:03.237+0000] {helpers.py:86} ERROR - HTTPSConnectionPool(host='api.pushshift.io', port=443): Max retries exceeded with url: /reddit/search/submission/?subreddit=chicagobulls&sort=created_utc&sort_type=desc&size=500 (Caused by NewConnectionError('<urllib3.connection.HTTPSConnection object at 0xffffa005d090>: Failed to establish a new connection: [Errno -2] Name or service not known'))
[2023-04-30T20:04:03.239+0000] {helpers.py:87} ERROR - Retrying! 8 attempts before skipping!
[2023-04-30T20:04:04.259+0000] {logging_mixin.py:137} INFO - HTTPSConnectionPool(host='api.pushshift.io', port=443): Max retries exceeded with url: /reddit/search/submission/?subreddit=chicagobulls&sort=created_utc&sort_type=desc&size=500 (Caused by NewConnectionError('<urllib3.connection.HTTPSConnection object at 0xffffa005d4d0>: Failed to establish a new connection: [Errno -2] Name or service not known'))
[2023-04-30T20:04:04.261+0000] {helpers.py:86} ERROR - HTTPSConnectionPool(host='api.pushshift.io', port=443): Max retries exceeded with url: /reddit/search/submission/?subreddit=chicagobulls&sort=created_utc&sort_type=desc&size=500 (Caused by NewConnectionError('<urllib3.connection.HTTPSConnection object at 0xffffa005d4d0>: Failed to establish a new connection: [Errno -2] Name or service not known'))
[2023-04-30T20:04:04.263+0000] {helpers.py:87} ERROR - Retrying! 7 attempts before skipping!
[2023-04-30T20:04:05.275+0000] {logging_mixin.py:137} INFO - HTTPSConnectionPool(host='api.pushshift.io', port=443): Max retries exceeded with url: /reddit/search/submission/?subreddit=chicagobulls&sort=created_utc&sort_type=desc&size=500 (Caused by NewConnectionError('<urllib3.connection.HTTPSConnection object at 0xffffa005d090>: Failed to establish a new connection: [Errno -2] Name or service not known'))
[2023-04-30T20:04:05.281+0000] {helpers.py:86} ERROR - HTTPSConnectionPool(host='api.pushshift.io', port=443): Max retries exceeded with url: /reddit/search/submission/?subreddit=chicagobulls&sort=created_utc&sort_type=desc&size=500 (Caused by NewConnectionError('<urllib3.connection.HTTPSConnection object at 0xffffa005d090>: Failed to establish a new connection: [Errno -2] Name or service not known'))
[2023-04-30T20:04:05.282+0000] {helpers.py:87} ERROR - Retrying! 6 attempts before skipping!
[2023-04-30T20:04:06.290+0000] {logging_mixin.py:137} INFO - HTTPSConnectionPool(host='api.pushshift.io', port=443): Max retries exceeded with url: /reddit/search/submission/?subreddit=chicagobulls&sort=created_utc&sort_type=desc&size=500 (Caused by NewConnectionError('<urllib3.connection.HTTPSConnection object at 0xffffa005d4d0>: Failed to establish a new connection: [Errno -2] Name or service not known'))
[2023-04-30T20:04:06.292+0000] {helpers.py:86} ERROR - HTTPSConnectionPool(host='api.pushshift.io', port=443): Max retries exceeded with url: /reddit/search/submission/?subreddit=chicagobulls&sort=created_utc&sort_type=desc&size=500 (Caused by NewConnectionError('<urllib3.connection.HTTPSConnection object at 0xffffa005d4d0>: Failed to establish a new connection: [Errno -2] Name or service not known'))
[2023-04-30T20:04:06.293+0000] {helpers.py:87} ERROR - Retrying! 5 attempts before skipping!
[2023-04-30T20:04:07.307+0000] {logging_mixin.py:137} INFO - HTTPSConnectionPool(host='api.pushshift.io', port=443): Max retries exceeded with url: /reddit/search/submission/?subreddit=chicagobulls&sort=created_utc&sort_type=desc&size=500 (Caused by NewConnectionError('<urllib3.connection.HTTPSConnection object at 0xffffa005d090>: Failed to establish a new connection: [Errno -2] Name or service not known'))
[2023-04-30T20:04:07.308+0000] {helpers.py:86} ERROR - HTTPSConnectionPool(host='api.pushshift.io', port=443): Max retries exceeded with url: /reddit/search/submission/?subreddit=chicagobulls&sort=created_utc&sort_type=desc&size=500 (Caused by NewConnectionError('<urllib3.connection.HTTPSConnection object at 0xffffa005d090>: Failed to establish a new connection: [Errno -2] Name or service not known'))
[2023-04-30T20:04:07.309+0000] {helpers.py:87} ERROR - Retrying! 4 attempts before skipping!
[2023-04-30T20:04:08.341+0000] {logging_mixin.py:137} INFO - HTTPSConnectionPool(host='api.pushshift.io', port=443): Max retries exceeded with url: /reddit/search/submission/?subreddit=chicagobulls&sort=created_utc&sort_type=desc&size=500 (Caused by NewConnectionError('<urllib3.connection.HTTPSConnection object at 0xffffa005d4d0>: Failed to establish a new connection: [Errno -2] Name or service not known'))
[2023-04-30T20:04:08.351+0000] {helpers.py:86} ERROR - HTTPSConnectionPool(host='api.pushshift.io', port=443): Max retries exceeded with url: /reddit/search/submission/?subreddit=chicagobulls&sort=created_utc&sort_type=desc&size=500 (Caused by NewConnectionError('<urllib3.connection.HTTPSConnection object at 0xffffa005d4d0>: Failed to establish a new connection: [Errno -2] Name or service not known'))
[2023-04-30T20:04:08.354+0000] {helpers.py:87} ERROR - Retrying! 3 attempts before skipping!
[2023-04-30T20:04:09.379+0000] {logging_mixin.py:137} INFO - HTTPSConnectionPool(host='api.pushshift.io', port=443): Max retries exceeded with url: /reddit/search/submission/?subreddit=chicagobulls&sort=created_utc&sort_type=desc&size=500 (Caused by NewConnectionError('<urllib3.connection.HTTPSConnection object at 0xffffa005d090>: Failed to establish a new connection: [Errno -2] Name or service not known'))
[2023-04-30T20:04:09.382+0000] {helpers.py:86} ERROR - HTTPSConnectionPool(host='api.pushshift.io', port=443): Max retries exceeded with url: /reddit/search/submission/?subreddit=chicagobulls&sort=created_utc&sort_type=desc&size=500 (Caused by NewConnectionError('<urllib3.connection.HTTPSConnection object at 0xffffa005d090>: Failed to establish a new connection: [Errno -2] Name or service not known'))
[2023-04-30T20:04:09.387+0000] {helpers.py:87} ERROR - Retrying! 2 attempts before skipping!
[2023-04-30T20:04:10.412+0000] {logging_mixin.py:137} INFO - HTTPSConnectionPool(host='api.pushshift.io', port=443): Max retries exceeded with url: /reddit/search/submission/?subreddit=chicagobulls&sort=created_utc&sort_type=desc&size=500 (Caused by NewConnectionError('<urllib3.connection.HTTPSConnection object at 0xffffa005d4d0>: Failed to establish a new connection: [Errno -2] Name or service not known'))
[2023-04-30T20:04:10.415+0000] {helpers.py:86} ERROR - HTTPSConnectionPool(host='api.pushshift.io', port=443): Max retries exceeded with url: /reddit/search/submission/?subreddit=chicagobulls&sort=created_utc&sort_type=desc&size=500 (Caused by NewConnectionError('<urllib3.connection.HTTPSConnection object at 0xffffa005d4d0>: Failed to establish a new connection: [Errno -2] Name or service not known'))
[2023-04-30T20:04:10.418+0000] {helpers.py:87} ERROR - Retrying! 1 attempts before skipping!
[2023-04-30T20:04:11.437+0000] {logging_mixin.py:137} INFO - HTTPSConnectionPool(host='api.pushshift.io', port=443): Max retries exceeded with url: /reddit/search/submission/?subreddit=chicagobulls&sort=created_utc&sort_type=desc&size=500 (Caused by NewConnectionError('<urllib3.connection.HTTPSConnection object at 0xffffa005d090>: Failed to establish a new connection: [Errno -2] Name or service not known'))
[2023-04-30T20:04:11.444+0000] {helpers.py:86} ERROR - HTTPSConnectionPool(host='api.pushshift.io', port=443): Max retries exceeded with url: /reddit/search/submission/?subreddit=chicagobulls&sort=created_utc&sort_type=desc&size=500 (Caused by NewConnectionError('<urllib3.connection.HTTPSConnection object at 0xffffa005d090>: Failed to establish a new connection: [Errno -2] Name or service not known'))
[2023-04-30T20:04:11.447+0000] {helpers.py:87} ERROR - Retrying! 0 attempts before skipping!
[2023-04-30T20:04:12.456+0000] {logging_mixin.py:137} INFO - HTTPSConnectionPool(host='api.pushshift.io', port=443): Max retries exceeded with url: /reddit/search/submission/?subreddit=chicagobulls&sort=created_utc&sort_type=desc&size=500 (Caused by NewConnectionError('<urllib3.connection.HTTPSConnection object at 0xffffa005d4d0>: Failed to establish a new connection: [Errno -2] Name or service not known'))
[2023-04-30T20:04:12.458+0000] {helpers.py:86} ERROR - HTTPSConnectionPool(host='api.pushshift.io', port=443): Max retries exceeded with url: /reddit/search/submission/?subreddit=chicagobulls&sort=created_utc&sort_type=desc&size=500 (Caused by NewConnectionError('<urllib3.connection.HTTPSConnection object at 0xffffa005d4d0>: Failed to establish a new connection: [Errno -2] Name or service not known'))
[2023-04-30T20:04:12.459+0000] {helpers.py:87} ERROR - Retrying! -1 attempts before skipping!
[2023-04-30T20:04:13.470+0000] {logging_mixin.py:137} INFO - HTTPSConnectionPool(host='api.pushshift.io', port=443): Max retries exceeded with url: /reddit/search/submission/?subreddit=clevelandcavs&sort=created_utc&sort_type=desc&size=500 (Caused by NewConnectionError('<urllib3.connection.HTTPSConnection object at 0xffffa005d4d0>: Failed to establish a new connection: [Errno -2] Name or service not known'))
[2023-04-30T20:04:13.472+0000] {helpers.py:86} ERROR - HTTPSConnectionPool(host='api.pushshift.io', port=443): Max retries exceeded with url: /reddit/search/submission/?subreddit=clevelandcavs&sort=created_utc&sort_type=desc&size=500 (Caused by NewConnectionError('<urllib3.connection.HTTPSConnection object at 0xffffa005d4d0>: Failed to establish a new connection: [Errno -2] Name or service not known'))
[2023-04-30T20:04:13.477+0000] {helpers.py:87} ERROR - Retrying! 9 attempts before skipping!
[2023-04-30T20:04:14.489+0000] {logging_mixin.py:137} INFO - HTTPSConnectionPool(host='api.pushshift.io', port=443): Max retries exceeded with url: /reddit/search/submission/?subreddit=clevelandcavs&sort=created_utc&sort_type=desc&size=500 (Caused by NewConnectionError('<urllib3.connection.HTTPSConnection object at 0xffffa005d110>: Failed to establish a new connection: [Errno -2] Name or service not known'))
[2023-04-30T20:04:14.494+0000] {helpers.py:86} ERROR - HTTPSConnectionPool(host='api.pushshift.io', port=443): Max retries exceeded with url: /reddit/search/submission/?subreddit=clevelandcavs&sort=created_utc&sort_type=desc&size=500 (Caused by NewConnectionError('<urllib3.connection.HTTPSConnection object at 0xffffa005d110>: Failed to establish a new connection: [Errno -2] Name or service not known'))
[2023-04-30T20:04:14.497+0000] {helpers.py:87} ERROR - Retrying! 8 attempts before skipping!
[2023-04-30T20:38:49.533+0000] {logging_mixin.py:137} INFO - HTTPSConnectionPool(host='api.pushshift.io', port=443): Max retries exceeded with url: /reddit/search/submission/?subreddit=clevelandcavs&sort=created_utc&sort_type=desc&size=500 (Caused by NewConnectionError('<urllib3.connection.HTTPSConnection object at 0xffffa005d4d0>: Failed to establish a new connection: [Errno -2] Name or service not known'))
[2023-04-30T20:38:49.537+0000] {helpers.py:86} ERROR - HTTPSConnectionPool(host='api.pushshift.io', port=443): Max retries exceeded with url: /reddit/search/submission/?subreddit=clevelandcavs&sort=created_utc&sort_type=desc&size=500 (Caused by NewConnectionError('<urllib3.connection.HTTPSConnection object at 0xffffa005d4d0>: Failed to establish a new connection: [Errno -2] Name or service not known'))
[2023-04-30T20:38:49.540+0000] {helpers.py:87} ERROR - Retrying! 7 attempts before skipping!
[2023-04-30T20:38:50.551+0000] {logging_mixin.py:137} INFO - HTTPSConnectionPool(host='api.pushshift.io', port=443): Max retries exceeded with url: /reddit/search/submission/?subreddit=clevelandcavs&sort=created_utc&sort_type=desc&size=500 (Caused by NewConnectionError('<urllib3.connection.HTTPSConnection object at 0xffffa005d110>: Failed to establish a new connection: [Errno -2] Name or service not known'))
[2023-04-30T20:38:50.554+0000] {helpers.py:86} ERROR - HTTPSConnectionPool(host='api.pushshift.io', port=443): Max retries exceeded with url: /reddit/search/submission/?subreddit=clevelandcavs&sort=created_utc&sort_type=desc&size=500 (Caused by NewConnectionError('<urllib3.connection.HTTPSConnection object at 0xffffa005d110>: Failed to establish a new connection: [Errno -2] Name or service not known'))
[2023-04-30T20:38:50.555+0000] {helpers.py:87} ERROR - Retrying! 6 attempts before skipping!
[2023-04-30T20:38:51.672+0000] {logging_mixin.py:137} INFO - HTTPSConnectionPool(host='api.pushshift.io', port=443): Max retries exceeded with url: /reddit/search/submission/?subreddit=clevelandcavs&sort=created_utc&sort_type=desc&size=500 (Caused by NewConnectionError('<urllib3.connection.HTTPSConnection object at 0xffffa005d4d0>: Failed to establish a new connection: [Errno -2] Name or service not known'))
[2023-04-30T20:38:51.693+0000] {helpers.py:86} ERROR - HTTPSConnectionPool(host='api.pushshift.io', port=443): Max retries exceeded with url: /reddit/search/submission/?subreddit=clevelandcavs&sort=created_utc&sort_type=desc&size=500 (Caused by NewConnectionError('<urllib3.connection.HTTPSConnection object at 0xffffa005d4d0>: Failed to establish a new connection: [Errno -2] Name or service not known'))
[2023-04-30T20:38:51.695+0000] {helpers.py:87} ERROR - Retrying! 5 attempts before skipping!
[2023-04-30T20:38:52.714+0000] {logging_mixin.py:137} INFO - HTTPSConnectionPool(host='api.pushshift.io', port=443): Max retries exceeded with url: /reddit/search/submission/?subreddit=clevelandcavs&sort=created_utc&sort_type=desc&size=500 (Caused by NewConnectionError('<urllib3.connection.HTTPSConnection object at 0xffffa005d110>: Failed to establish a new connection: [Errno -2] Name or service not known'))
[2023-04-30T20:38:52.716+0000] {helpers.py:86} ERROR - HTTPSConnectionPool(host='api.pushshift.io', port=443): Max retries exceeded with url: /reddit/search/submission/?subreddit=clevelandcavs&sort=created_utc&sort_type=desc&size=500 (Caused by NewConnectionError('<urllib3.connection.HTTPSConnection object at 0xffffa005d110>: Failed to establish a new connection: [Errno -2] Name or service not known'))
[2023-04-30T20:38:52.718+0000] {helpers.py:87} ERROR - Retrying! 4 attempts before skipping!
[2023-04-30T20:38:53.727+0000] {logging_mixin.py:137} INFO - HTTPSConnectionPool(host='api.pushshift.io', port=443): Max retries exceeded with url: /reddit/search/submission/?subreddit=clevelandcavs&sort=created_utc&sort_type=desc&size=500 (Caused by NewConnectionError('<urllib3.connection.HTTPSConnection object at 0xffffa005d4d0>: Failed to establish a new connection: [Errno -2] Name or service not known'))
[2023-04-30T20:38:53.729+0000] {helpers.py:86} ERROR - HTTPSConnectionPool(host='api.pushshift.io', port=443): Max retries exceeded with url: /reddit/search/submission/?subreddit=clevelandcavs&sort=created_utc&sort_type=desc&size=500 (Caused by NewConnectionError('<urllib3.connection.HTTPSConnection object at 0xffffa005d4d0>: Failed to establish a new connection: [Errno -2] Name or service not known'))
[2023-04-30T20:38:53.730+0000] {helpers.py:87} ERROR - Retrying! 3 attempts before skipping!
[2023-04-30T20:38:54.747+0000] {logging_mixin.py:137} INFO - HTTPSConnectionPool(host='api.pushshift.io', port=443): Max retries exceeded with url: /reddit/search/submission/?subreddit=clevelandcavs&sort=created_utc&sort_type=desc&size=500 (Caused by NewConnectionError('<urllib3.connection.HTTPSConnection object at 0xffffa005d110>: Failed to establish a new connection: [Errno -2] Name or service not known'))
[2023-04-30T20:38:54.751+0000] {helpers.py:86} ERROR - HTTPSConnectionPool(host='api.pushshift.io', port=443): Max retries exceeded with url: /reddit/search/submission/?subreddit=clevelandcavs&sort=created_utc&sort_type=desc&size=500 (Caused by NewConnectionError('<urllib3.connection.HTTPSConnection object at 0xffffa005d110>: Failed to establish a new connection: [Errno -2] Name or service not known'))
[2023-04-30T20:38:54.753+0000] {helpers.py:87} ERROR - Retrying! 2 attempts before skipping!
[2023-04-30T20:38:55.768+0000] {logging_mixin.py:137} INFO - HTTPSConnectionPool(host='api.pushshift.io', port=443): Max retries exceeded with url: /reddit/search/submission/?subreddit=clevelandcavs&sort=created_utc&sort_type=desc&size=500 (Caused by NewConnectionError('<urllib3.connection.HTTPSConnection object at 0xffffa005d4d0>: Failed to establish a new connection: [Errno -2] Name or service not known'))
[2023-04-30T20:38:55.773+0000] {helpers.py:86} ERROR - HTTPSConnectionPool(host='api.pushshift.io', port=443): Max retries exceeded with url: /reddit/search/submission/?subreddit=clevelandcavs&sort=created_utc&sort_type=desc&size=500 (Caused by NewConnectionError('<urllib3.connection.HTTPSConnection object at 0xffffa005d4d0>: Failed to establish a new connection: [Errno -2] Name or service not known'))
[2023-04-30T20:38:55.776+0000] {helpers.py:87} ERROR - Retrying! 1 attempts before skipping!
[2023-04-30T20:38:56.789+0000] {logging_mixin.py:137} INFO - HTTPSConnectionPool(host='api.pushshift.io', port=443): Max retries exceeded with url: /reddit/search/submission/?subreddit=clevelandcavs&sort=created_utc&sort_type=desc&size=500 (Caused by NewConnectionError('<urllib3.connection.HTTPSConnection object at 0xffffa005d110>: Failed to establish a new connection: [Errno -2] Name or service not known'))
[2023-04-30T20:38:56.792+0000] {helpers.py:86} ERROR - HTTPSConnectionPool(host='api.pushshift.io', port=443): Max retries exceeded with url: /reddit/search/submission/?subreddit=clevelandcavs&sort=created_utc&sort_type=desc&size=500 (Caused by NewConnectionError('<urllib3.connection.HTTPSConnection object at 0xffffa005d110>: Failed to establish a new connection: [Errno -2] Name or service not known'))
[2023-04-30T20:38:56.793+0000] {helpers.py:87} ERROR - Retrying! 0 attempts before skipping!
[2023-04-30T20:38:57.803+0000] {logging_mixin.py:137} INFO - HTTPSConnectionPool(host='api.pushshift.io', port=443): Max retries exceeded with url: /reddit/search/submission/?subreddit=clevelandcavs&sort=created_utc&sort_type=desc&size=500 (Caused by NewConnectionError('<urllib3.connection.HTTPSConnection object at 0xffffa005d4d0>: Failed to establish a new connection: [Errno -2] Name or service not known'))
[2023-04-30T20:38:57.809+0000] {helpers.py:86} ERROR - HTTPSConnectionPool(host='api.pushshift.io', port=443): Max retries exceeded with url: /reddit/search/submission/?subreddit=clevelandcavs&sort=created_utc&sort_type=desc&size=500 (Caused by NewConnectionError('<urllib3.connection.HTTPSConnection object at 0xffffa005d4d0>: Failed to establish a new connection: [Errno -2] Name or service not known'))
[2023-04-30T20:38:57.811+0000] {helpers.py:87} ERROR - Retrying! -1 attempts before skipping!
[2023-04-30T20:38:58.829+0000] {logging_mixin.py:137} INFO - HTTPSConnectionPool(host='api.pushshift.io', port=443): Max retries exceeded with url: /reddit/search/submission/?subreddit=Mavericks&sort=created_utc&sort_type=desc&size=500 (Caused by NewConnectionError('<urllib3.connection.HTTPSConnection object at 0xffffa005d4d0>: Failed to establish a new connection: [Errno -2] Name or service not known'))
[2023-04-30T20:38:58.830+0000] {helpers.py:86} ERROR - HTTPSConnectionPool(host='api.pushshift.io', port=443): Max retries exceeded with url: /reddit/search/submission/?subreddit=Mavericks&sort=created_utc&sort_type=desc&size=500 (Caused by NewConnectionError('<urllib3.connection.HTTPSConnection object at 0xffffa005d4d0>: Failed to establish a new connection: [Errno -2] Name or service not known'))
[2023-04-30T20:38:58.832+0000] {helpers.py:87} ERROR - Retrying! 9 attempts before skipping!
[2023-04-30T20:38:59.846+0000] {logging_mixin.py:137} INFO - HTTPSConnectionPool(host='api.pushshift.io', port=443): Max retries exceeded with url: /reddit/search/submission/?subreddit=Mavericks&sort=created_utc&sort_type=desc&size=500 (Caused by NewConnectionError('<urllib3.connection.HTTPSConnection object at 0xffffa005d290>: Failed to establish a new connection: [Errno -2] Name or service not known'))
[2023-04-30T20:38:59.851+0000] {helpers.py:86} ERROR - HTTPSConnectionPool(host='api.pushshift.io', port=443): Max retries exceeded with url: /reddit/search/submission/?subreddit=Mavericks&sort=created_utc&sort_type=desc&size=500 (Caused by NewConnectionError('<urllib3.connection.HTTPSConnection object at 0xffffa005d290>: Failed to establish a new connection: [Errno -2] Name or service not known'))
[2023-04-30T20:38:59.853+0000] {helpers.py:87} ERROR - Retrying! 8 attempts before skipping!
[2023-04-30T20:39:00.864+0000] {logging_mixin.py:137} INFO - HTTPSConnectionPool(host='api.pushshift.io', port=443): Max retries exceeded with url: /reddit/search/submission/?subreddit=Mavericks&sort=created_utc&sort_type=desc&size=500 (Caused by NewConnectionError('<urllib3.connection.HTTPSConnection object at 0xffffa005d4d0>: Failed to establish a new connection: [Errno -2] Name or service not known'))
[2023-04-30T20:39:00.865+0000] {helpers.py:86} ERROR - HTTPSConnectionPool(host='api.pushshift.io', port=443): Max retries exceeded with url: /reddit/search/submission/?subreddit=Mavericks&sort=created_utc&sort_type=desc&size=500 (Caused by NewConnectionError('<urllib3.connection.HTTPSConnection object at 0xffffa005d4d0>: Failed to establish a new connection: [Errno -2] Name or service not known'))
[2023-04-30T20:39:00.867+0000] {helpers.py:87} ERROR - Retrying! 7 attempts before skipping!
[2023-04-30T20:39:01.878+0000] {logging_mixin.py:137} INFO - HTTPSConnectionPool(host='api.pushshift.io', port=443): Max retries exceeded with url: /reddit/search/submission/?subreddit=Mavericks&sort=created_utc&sort_type=desc&size=500 (Caused by NewConnectionError('<urllib3.connection.HTTPSConnection object at 0xffffa005d290>: Failed to establish a new connection: [Errno -2] Name or service not known'))
[2023-04-30T20:39:01.881+0000] {helpers.py:86} ERROR - HTTPSConnectionPool(host='api.pushshift.io', port=443): Max retries exceeded with url: /reddit/search/submission/?subreddit=Mavericks&sort=created_utc&sort_type=desc&size=500 (Caused by NewConnectionError('<urllib3.connection.HTTPSConnection object at 0xffffa005d290>: Failed to establish a new connection: [Errno -2] Name or service not known'))
[2023-04-30T20:39:01.885+0000] {helpers.py:87} ERROR - Retrying! 6 attempts before skipping!
[2023-04-30T20:39:02.902+0000] {logging_mixin.py:137} INFO - HTTPSConnectionPool(host='api.pushshift.io', port=443): Max retries exceeded with url: /reddit/search/submission/?subreddit=Mavericks&sort=created_utc&sort_type=desc&size=500 (Caused by NewConnectionError('<urllib3.connection.HTTPSConnection object at 0xffffa005d4d0>: Failed to establish a new connection: [Errno -2] Name or service not known'))
[2023-04-30T20:39:02.907+0000] {helpers.py:86} ERROR - HTTPSConnectionPool(host='api.pushshift.io', port=443): Max retries exceeded with url: /reddit/search/submission/?subreddit=Mavericks&sort=created_utc&sort_type=desc&size=500 (Caused by NewConnectionError('<urllib3.connection.HTTPSConnection object at 0xffffa005d4d0>: Failed to establish a new connection: [Errno -2] Name or service not known'))
[2023-04-30T20:39:02.910+0000] {helpers.py:87} ERROR - Retrying! 5 attempts before skipping!
[2023-04-30T20:39:03.920+0000] {logging_mixin.py:137} INFO - HTTPSConnectionPool(host='api.pushshift.io', port=443): Max retries exceeded with url: /reddit/search/submission/?subreddit=Mavericks&sort=created_utc&sort_type=desc&size=500 (Caused by NewConnectionError('<urllib3.connection.HTTPSConnection object at 0xffffa005d290>: Failed to establish a new connection: [Errno -2] Name or service not known'))
[2023-04-30T20:39:03.921+0000] {helpers.py:86} ERROR - HTTPSConnectionPool(host='api.pushshift.io', port=443): Max retries exceeded with url: /reddit/search/submission/?subreddit=Mavericks&sort=created_utc&sort_type=desc&size=500 (Caused by NewConnectionError('<urllib3.connection.HTTPSConnection object at 0xffffa005d290>: Failed to establish a new connection: [Errno -2] Name or service not known'))
[2023-04-30T20:39:03.922+0000] {helpers.py:87} ERROR - Retrying! 4 attempts before skipping!
[2023-04-30T20:39:04.929+0000] {logging_mixin.py:137} INFO - HTTPSConnectionPool(host='api.pushshift.io', port=443): Max retries exceeded with url: /reddit/search/submission/?subreddit=Mavericks&sort=created_utc&sort_type=desc&size=500 (Caused by NewConnectionError('<urllib3.connection.HTTPSConnection object at 0xffffa005d4d0>: Failed to establish a new connection: [Errno -2] Name or service not known'))
[2023-04-30T20:39:04.931+0000] {helpers.py:86} ERROR - HTTPSConnectionPool(host='api.pushshift.io', port=443): Max retries exceeded with url: /reddit/search/submission/?subreddit=Mavericks&sort=created_utc&sort_type=desc&size=500 (Caused by NewConnectionError('<urllib3.connection.HTTPSConnection object at 0xffffa005d4d0>: Failed to establish a new connection: [Errno -2] Name or service not known'))
[2023-04-30T20:39:04.933+0000] {helpers.py:87} ERROR - Retrying! 3 attempts before skipping!
[2023-04-30T20:39:05.942+0000] {logging_mixin.py:137} INFO - HTTPSConnectionPool(host='api.pushshift.io', port=443): Max retries exceeded with url: /reddit/search/submission/?subreddit=Mavericks&sort=created_utc&sort_type=desc&size=500 (Caused by NewConnectionError('<urllib3.connection.HTTPSConnection object at 0xffffa005d290>: Failed to establish a new connection: [Errno -2] Name or service not known'))
[2023-04-30T20:39:05.944+0000] {helpers.py:86} ERROR - HTTPSConnectionPool(host='api.pushshift.io', port=443): Max retries exceeded with url: /reddit/search/submission/?subreddit=Mavericks&sort=created_utc&sort_type=desc&size=500 (Caused by NewConnectionError('<urllib3.connection.HTTPSConnection object at 0xffffa005d290>: Failed to establish a new connection: [Errno -2] Name or service not known'))
[2023-04-30T20:39:05.945+0000] {helpers.py:87} ERROR - Retrying! 2 attempts before skipping!
[2023-04-30T20:39:06.960+0000] {logging_mixin.py:137} INFO - HTTPSConnectionPool(host='api.pushshift.io', port=443): Max retries exceeded with url: /reddit/search/submission/?subreddit=Mavericks&sort=created_utc&sort_type=desc&size=500 (Caused by NewConnectionError('<urllib3.connection.HTTPSConnection object at 0xffffa005d4d0>: Failed to establish a new connection: [Errno -2] Name or service not known'))
[2023-04-30T20:39:06.966+0000] {helpers.py:86} ERROR - HTTPSConnectionPool(host='api.pushshift.io', port=443): Max retries exceeded with url: /reddit/search/submission/?subreddit=Mavericks&sort=created_utc&sort_type=desc&size=500 (Caused by NewConnectionError('<urllib3.connection.HTTPSConnection object at 0xffffa005d4d0>: Failed to establish a new connection: [Errno -2] Name or service not known'))
[2023-04-30T20:39:06.968+0000] {helpers.py:87} ERROR - Retrying! 1 attempts before skipping!
[2023-04-30T20:39:07.976+0000] {logging_mixin.py:137} INFO - HTTPSConnectionPool(host='api.pushshift.io', port=443): Max retries exceeded with url: /reddit/search/submission/?subreddit=Mavericks&sort=created_utc&sort_type=desc&size=500 (Caused by NewConnectionError('<urllib3.connection.HTTPSConnection object at 0xffffa005d290>: Failed to establish a new connection: [Errno -2] Name or service not known'))
[2023-04-30T20:39:07.977+0000] {helpers.py:86} ERROR - HTTPSConnectionPool(host='api.pushshift.io', port=443): Max retries exceeded with url: /reddit/search/submission/?subreddit=Mavericks&sort=created_utc&sort_type=desc&size=500 (Caused by NewConnectionError('<urllib3.connection.HTTPSConnection object at 0xffffa005d290>: Failed to establish a new connection: [Errno -2] Name or service not known'))
[2023-04-30T20:39:07.980+0000] {helpers.py:87} ERROR - Retrying! 0 attempts before skipping!
[2023-04-30T20:39:08.993+0000] {logging_mixin.py:137} INFO - HTTPSConnectionPool(host='api.pushshift.io', port=443): Max retries exceeded with url: /reddit/search/submission/?subreddit=Mavericks&sort=created_utc&sort_type=desc&size=500 (Caused by NewConnectionError('<urllib3.connection.HTTPSConnection object at 0xffffa005d4d0>: Failed to establish a new connection: [Errno -2] Name or service not known'))
[2023-04-30T20:39:08.995+0000] {helpers.py:86} ERROR - HTTPSConnectionPool(host='api.pushshift.io', port=443): Max retries exceeded with url: /reddit/search/submission/?subreddit=Mavericks&sort=created_utc&sort_type=desc&size=500 (Caused by NewConnectionError('<urllib3.connection.HTTPSConnection object at 0xffffa005d4d0>: Failed to establish a new connection: [Errno -2] Name or service not known'))
[2023-04-30T20:39:08.996+0000] {helpers.py:87} ERROR - Retrying! -1 attempts before skipping!
[2023-04-30T20:39:10.019+0000] {logging_mixin.py:137} INFO - HTTPSConnectionPool(host='api.pushshift.io', port=443): Max retries exceeded with url: /reddit/search/submission/?subreddit=denvernuggets&sort=created_utc&sort_type=desc&size=500 (Caused by NewConnectionError('<urllib3.connection.HTTPSConnection object at 0xffffa8cf3e90>: Failed to establish a new connection: [Errno -2] Name or service not known'))
[2023-04-30T20:39:10.020+0000] {helpers.py:86} ERROR - HTTPSConnectionPool(host='api.pushshift.io', port=443): Max retries exceeded with url: /reddit/search/submission/?subreddit=denvernuggets&sort=created_utc&sort_type=desc&size=500 (Caused by NewConnectionError('<urllib3.connection.HTTPSConnection object at 0xffffa8cf3e90>: Failed to establish a new connection: [Errno -2] Name or service not known'))
[2023-04-30T20:39:10.022+0000] {helpers.py:87} ERROR - Retrying! 9 attempts before skipping!
[2023-04-30T20:39:11.044+0000] {logging_mixin.py:137} INFO - HTTPSConnectionPool(host='api.pushshift.io', port=443): Max retries exceeded with url: /reddit/search/submission/?subreddit=denvernuggets&sort=created_utc&sort_type=desc&size=500 (Caused by NewConnectionError('<urllib3.connection.HTTPSConnection object at 0xffffa0052dd0>: Failed to establish a new connection: [Errno -2] Name or service not known'))
[2023-04-30T20:39:11.047+0000] {helpers.py:86} ERROR - HTTPSConnectionPool(host='api.pushshift.io', port=443): Max retries exceeded with url: /reddit/search/submission/?subreddit=denvernuggets&sort=created_utc&sort_type=desc&size=500 (Caused by NewConnectionError('<urllib3.connection.HTTPSConnection object at 0xffffa0052dd0>: Failed to establish a new connection: [Errno -2] Name or service not known'))
[2023-04-30T20:39:11.051+0000] {helpers.py:87} ERROR - Retrying! 8 attempts before skipping!
[2023-04-30T20:39:12.067+0000] {logging_mixin.py:137} INFO - HTTPSConnectionPool(host='api.pushshift.io', port=443): Max retries exceeded with url: /reddit/search/submission/?subreddit=denvernuggets&sort=created_utc&sort_type=desc&size=500 (Caused by NewConnectionError('<urllib3.connection.HTTPSConnection object at 0xffffa0052ed0>: Failed to establish a new connection: [Errno -2] Name or service not known'))
[2023-04-30T20:39:12.069+0000] {helpers.py:86} ERROR - HTTPSConnectionPool(host='api.pushshift.io', port=443): Max retries exceeded with url: /reddit/search/submission/?subreddit=denvernuggets&sort=created_utc&sort_type=desc&size=500 (Caused by NewConnectionError('<urllib3.connection.HTTPSConnection object at 0xffffa0052ed0>: Failed to establish a new connection: [Errno -2] Name or service not known'))
[2023-04-30T20:39:12.070+0000] {helpers.py:87} ERROR - Retrying! 7 attempts before skipping!
[2023-04-30T20:39:13.099+0000] {logging_mixin.py:137} INFO - HTTPSConnectionPool(host='api.pushshift.io', port=443): Max retries exceeded with url: /reddit/search/submission/?subreddit=denvernuggets&sort=created_utc&sort_type=desc&size=500 (Caused by NewConnectionError('<urllib3.connection.HTTPSConnection object at 0xffffa0052dd0>: Failed to establish a new connection: [Errno -2] Name or service not known'))
[2023-04-30T20:39:13.101+0000] {helpers.py:86} ERROR - HTTPSConnectionPool(host='api.pushshift.io', port=443): Max retries exceeded with url: /reddit/search/submission/?subreddit=denvernuggets&sort=created_utc&sort_type=desc&size=500 (Caused by NewConnectionError('<urllib3.connection.HTTPSConnection object at 0xffffa0052dd0>: Failed to establish a new connection: [Errno -2] Name or service not known'))
[2023-04-30T20:39:13.102+0000] {helpers.py:87} ERROR - Retrying! 6 attempts before skipping!
[2023-04-30T20:39:14.113+0000] {logging_mixin.py:137} INFO - HTTPSConnectionPool(host='api.pushshift.io', port=443): Max retries exceeded with url: /reddit/search/submission/?subreddit=denvernuggets&sort=created_utc&sort_type=desc&size=500 (Caused by NewConnectionError('<urllib3.connection.HTTPSConnection object at 0xffffa0052ed0>: Failed to establish a new connection: [Errno -2] Name or service not known'))
[2023-04-30T20:39:14.117+0000] {helpers.py:86} ERROR - HTTPSConnectionPool(host='api.pushshift.io', port=443): Max retries exceeded with url: /reddit/search/submission/?subreddit=denvernuggets&sort=created_utc&sort_type=desc&size=500 (Caused by NewConnectionError('<urllib3.connection.HTTPSConnection object at 0xffffa0052ed0>: Failed to establish a new connection: [Errno -2] Name or service not known'))
[2023-04-30T20:39:14.119+0000] {helpers.py:87} ERROR - Retrying! 5 attempts before skipping!
[2023-04-30T20:39:15.131+0000] {logging_mixin.py:137} INFO - HTTPSConnectionPool(host='api.pushshift.io', port=443): Max retries exceeded with url: /reddit/search/submission/?subreddit=denvernuggets&sort=created_utc&sort_type=desc&size=500 (Caused by NewConnectionError('<urllib3.connection.HTTPSConnection object at 0xffffa0052dd0>: Failed to establish a new connection: [Errno -2] Name or service not known'))
[2023-04-30T20:39:15.132+0000] {helpers.py:86} ERROR - HTTPSConnectionPool(host='api.pushshift.io', port=443): Max retries exceeded with url: /reddit/search/submission/?subreddit=denvernuggets&sort=created_utc&sort_type=desc&size=500 (Caused by NewConnectionError('<urllib3.connection.HTTPSConnection object at 0xffffa0052dd0>: Failed to establish a new connection: [Errno -2] Name or service not known'))
[2023-04-30T20:39:15.133+0000] {helpers.py:87} ERROR - Retrying! 4 attempts before skipping!
[2023-04-30T20:39:16.141+0000] {logging_mixin.py:137} INFO - HTTPSConnectionPool(host='api.pushshift.io', port=443): Max retries exceeded with url: /reddit/search/submission/?subreddit=denvernuggets&sort=created_utc&sort_type=desc&size=500 (Caused by NewConnectionError('<urllib3.connection.HTTPSConnection object at 0xffffa0052ed0>: Failed to establish a new connection: [Errno -2] Name or service not known'))
[2023-04-30T20:39:16.143+0000] {helpers.py:86} ERROR - HTTPSConnectionPool(host='api.pushshift.io', port=443): Max retries exceeded with url: /reddit/search/submission/?subreddit=denvernuggets&sort=created_utc&sort_type=desc&size=500 (Caused by NewConnectionError('<urllib3.connection.HTTPSConnection object at 0xffffa0052ed0>: Failed to establish a new connection: [Errno -2] Name or service not known'))
[2023-04-30T20:39:16.145+0000] {helpers.py:87} ERROR - Retrying! 3 attempts before skipping!
[2023-04-30T20:39:17.154+0000] {logging_mixin.py:137} INFO - HTTPSConnectionPool(host='api.pushshift.io', port=443): Max retries exceeded with url: /reddit/search/submission/?subreddit=denvernuggets&sort=created_utc&sort_type=desc&size=500 (Caused by NewConnectionError('<urllib3.connection.HTTPSConnection object at 0xffffa0052dd0>: Failed to establish a new connection: [Errno -2] Name or service not known'))
[2023-04-30T20:39:17.155+0000] {helpers.py:86} ERROR - HTTPSConnectionPool(host='api.pushshift.io', port=443): Max retries exceeded with url: /reddit/search/submission/?subreddit=denvernuggets&sort=created_utc&sort_type=desc&size=500 (Caused by NewConnectionError('<urllib3.connection.HTTPSConnection object at 0xffffa0052dd0>: Failed to establish a new connection: [Errno -2] Name or service not known'))
[2023-04-30T20:39:17.157+0000] {helpers.py:87} ERROR - Retrying! 2 attempts before skipping!
[2023-04-30T20:39:18.195+0000] {logging_mixin.py:137} INFO - HTTPSConnectionPool(host='api.pushshift.io', port=443): Max retries exceeded with url: /reddit/search/submission/?subreddit=denvernuggets&sort=created_utc&sort_type=desc&size=500 (Caused by NewConnectionError('<urllib3.connection.HTTPSConnection object at 0xffffa0052ed0>: Failed to establish a new connection: [Errno -2] Name or service not known'))
[2023-04-30T20:39:18.198+0000] {helpers.py:86} ERROR - HTTPSConnectionPool(host='api.pushshift.io', port=443): Max retries exceeded with url: /reddit/search/submission/?subreddit=denvernuggets&sort=created_utc&sort_type=desc&size=500 (Caused by NewConnectionError('<urllib3.connection.HTTPSConnection object at 0xffffa0052ed0>: Failed to establish a new connection: [Errno -2] Name or service not known'))
[2023-04-30T20:39:18.200+0000] {helpers.py:87} ERROR - Retrying! 1 attempts before skipping!
[2023-04-30T20:39:19.228+0000] {logging_mixin.py:137} INFO - HTTPSConnectionPool(host='api.pushshift.io', port=443): Max retries exceeded with url: /reddit/search/submission/?subreddit=denvernuggets&sort=created_utc&sort_type=desc&size=500 (Caused by NewConnectionError('<urllib3.connection.HTTPSConnection object at 0xffffa0052dd0>: Failed to establish a new connection: [Errno -2] Name or service not known'))
[2023-04-30T20:39:19.231+0000] {helpers.py:86} ERROR - HTTPSConnectionPool(host='api.pushshift.io', port=443): Max retries exceeded with url: /reddit/search/submission/?subreddit=denvernuggets&sort=created_utc&sort_type=desc&size=500 (Caused by NewConnectionError('<urllib3.connection.HTTPSConnection object at 0xffffa0052dd0>: Failed to establish a new connection: [Errno -2] Name or service not known'))
[2023-04-30T20:39:19.233+0000] {helpers.py:87} ERROR - Retrying! 0 attempts before skipping!
[2023-04-30T21:23:09.031+0000] {logging_mixin.py:137} INFO - HTTPSConnectionPool(host='api.pushshift.io', port=443): Max retries exceeded with url: /reddit/search/submission/?subreddit=denvernuggets&sort=created_utc&sort_type=desc&size=500 (Caused by NewConnectionError('<urllib3.connection.HTTPSConnection object at 0xffffa0052ed0>: Failed to establish a new connection: [Errno -2] Name or service not known'))
[2023-04-30T21:23:09.033+0000] {helpers.py:86} ERROR - HTTPSConnectionPool(host='api.pushshift.io', port=443): Max retries exceeded with url: /reddit/search/submission/?subreddit=denvernuggets&sort=created_utc&sort_type=desc&size=500 (Caused by NewConnectionError('<urllib3.connection.HTTPSConnection object at 0xffffa0052ed0>: Failed to establish a new connection: [Errno -2] Name or service not known'))
[2023-04-30T21:23:09.039+0000] {helpers.py:87} ERROR - Retrying! -1 attempts before skipping!
[2023-04-30T21:23:10.095+0000] {helpers.py:96} INFO - Saved in /opt/***/data/output_scrape_teams_1-8.csv
[2023-04-30T21:23:10.098+0000] {python.py:177} INFO - Done. Returned value was: None
[2023-04-30T21:23:10.148+0000] {taskinstance.py:1332} INFO - Marking task as SUCCESS. dag_id=scrape_and_save_to_csv, task_id=scrape_teams_1-8, execution_date=20230430T173000, start_date=20230430T191650, end_date=20230430T212310
[2023-04-30T21:23:10.234+0000] {local_task_job.py:212} INFO - Task exited with return code 0
[2023-04-30T21:23:10.324+0000] {taskinstance.py:2596} INFO - 0 downstream tasks scheduled from follow-on schedule check
