[2023-04-30T06:30:45.004+0000] {taskinstance.py:1090} INFO - Dependencies all met for dep_context=non-requeueable deps ti=<TaskInstance: push_to_bigquery.push_csv_to_cloud_storage manual__2023-04-30T06:30:44.062099+00:00 [queued]>
[2023-04-30T06:30:45.012+0000] {taskinstance.py:1090} INFO - Dependencies all met for dep_context=requeueable deps ti=<TaskInstance: push_to_bigquery.push_csv_to_cloud_storage manual__2023-04-30T06:30:44.062099+00:00 [queued]>
[2023-04-30T06:30:45.013+0000] {taskinstance.py:1288} INFO - 
--------------------------------------------------------------------------------
[2023-04-30T06:30:45.014+0000] {taskinstance.py:1289} INFO - Starting attempt 1 of 1
[2023-04-30T06:30:45.016+0000] {taskinstance.py:1290} INFO - 
--------------------------------------------------------------------------------
[2023-04-30T06:30:45.026+0000] {taskinstance.py:1309} INFO - Executing <Task(PythonOperator): push_csv_to_cloud_storage> on 2023-04-30 06:30:44.062099+00:00
[2023-04-30T06:30:45.033+0000] {standard_task_runner.py:55} INFO - Started process 7985 to run task
[2023-04-30T06:30:45.037+0000] {standard_task_runner.py:82} INFO - Running: ['***', 'tasks', 'run', 'push_to_bigquery', 'push_csv_to_cloud_storage', 'manual__2023-04-30T06:30:44.062099+00:00', '--job-id', '1890', '--raw', '--subdir', 'DAGS_FOLDER/push_to_bigquery_dag.py', '--cfg-path', '/tmp/tmpgpw_iymy']
[2023-04-30T06:30:45.040+0000] {standard_task_runner.py:83} INFO - Job 1890: Subtask push_csv_to_cloud_storage
[2023-04-30T06:30:45.105+0000] {task_command.py:389} INFO - Running <TaskInstance: push_to_bigquery.push_csv_to_cloud_storage manual__2023-04-30T06:30:44.062099+00:00 [running]> on host b5cee175690f
[2023-04-30T06:30:45.131+0000] {warnings.py:110} WARNING - /home/***/.local/lib/python3.7/site-packages/***/utils/context.py:205: AirflowContextDeprecationWarning: Accessing 'execution_date' from the template is deprecated and will be removed in a future version. Please use 'data_interval_start' or 'logical_date' instead.
  warnings.warn(_create_deprecation_warning(key, self._deprecation_replacements[key]))

[2023-04-30T06:30:45.165+0000] {taskinstance.py:1518} INFO - Exporting the following env vars:
AIRFLOW_CTX_DAG_OWNER=***
AIRFLOW_CTX_DAG_ID=push_to_bigquery
AIRFLOW_CTX_TASK_ID=push_csv_to_cloud_storage
AIRFLOW_CTX_EXECUTION_DATE=2023-04-30T06:30:44.062099+00:00
AIRFLOW_CTX_TRY_NUMBER=1
AIRFLOW_CTX_DAG_RUN_ID=manual__2023-04-30T06:30:44.062099+00:00
[2023-04-30T06:30:45.607+0000] {logging_mixin.py:137} INFO - File /opt/***/data/all_teams.csv has been uploaded to Google Cloud Storage Bucket trendba-bucket-1
[2023-04-30T06:30:45.609+0000] {python.py:177} INFO - Done. Returned value was: None
[2023-04-30T06:30:45.623+0000] {taskinstance.py:1332} INFO - Marking task as SUCCESS. dag_id=push_to_bigquery, task_id=push_csv_to_cloud_storage, execution_date=20230430T063044, start_date=20230430T063045, end_date=20230430T063045
[2023-04-30T06:30:45.663+0000] {local_task_job.py:212} INFO - Task exited with return code 0
[2023-04-30T06:30:45.681+0000] {taskinstance.py:2596} INFO - 0 downstream tasks scheduled from follow-on schedule check
