[2023-05-01T19:36:24.564+0000] {taskinstance.py:1090} INFO - Dependencies all met for dep_context=non-requeueable deps ti=<TaskInstance: scrape_and_save_to_csv.scrape_teams_9-16 scheduled__2023-05-01T18:30:00+00:00 [queued]>
[2023-05-01T19:36:24.579+0000] {taskinstance.py:1090} INFO - Dependencies all met for dep_context=requeueable deps ti=<TaskInstance: scrape_and_save_to_csv.scrape_teams_9-16 scheduled__2023-05-01T18:30:00+00:00 [queued]>
[2023-05-01T19:36:24.581+0000] {taskinstance.py:1288} INFO - 
--------------------------------------------------------------------------------
[2023-05-01T19:36:24.584+0000] {taskinstance.py:1289} INFO - Starting attempt 1 of 1
[2023-05-01T19:36:24.585+0000] {taskinstance.py:1290} INFO - 
--------------------------------------------------------------------------------
[2023-05-01T19:36:24.603+0000] {taskinstance.py:1309} INFO - Executing <Task(PythonOperator): scrape_teams_9-16> on 2023-05-01 18:30:00+00:00
[2023-05-01T19:36:24.608+0000] {standard_task_runner.py:55} INFO - Started process 10587 to run task
[2023-05-01T19:36:24.614+0000] {standard_task_runner.py:82} INFO - Running: ['***', 'tasks', 'run', 'scrape_and_save_to_csv', 'scrape_teams_9-16', 'scheduled__2023-05-01T18:30:00+00:00', '--job-id', '2103', '--raw', '--subdir', 'DAGS_FOLDER/scrape_and_save_csv_dag.py', '--cfg-path', '/tmp/tmp5hstwghw']
[2023-05-01T19:36:24.618+0000] {standard_task_runner.py:83} INFO - Job 2103: Subtask scrape_teams_9-16
[2023-05-01T19:36:24.773+0000] {task_command.py:389} INFO - Running <TaskInstance: scrape_and_save_to_csv.scrape_teams_9-16 scheduled__2023-05-01T18:30:00+00:00 [running]> on host 5d4cd8acb346
[2023-05-01T19:36:24.847+0000] {taskinstance.py:1518} INFO - Exporting the following env vars:
AIRFLOW_CTX_DAG_OWNER=***
AIRFLOW_CTX_DAG_ID=scrape_and_save_to_csv
AIRFLOW_CTX_TASK_ID=scrape_teams_9-16
AIRFLOW_CTX_EXECUTION_DATE=2023-05-01T18:30:00+00:00
AIRFLOW_CTX_TRY_NUMBER=1
AIRFLOW_CTX_DAG_RUN_ID=scheduled__2023-05-01T18:30:00+00:00
[2023-05-01T19:36:24.857+0000] {logging_mixin.py:137} INFO - HTTPSConnectionPool(host='api.pushshift.io', port=443): Max retries exceeded with url: /reddit/search/submission/?subreddit=DetroitPistons&sort=created_utc&sort_type=desc&size=500 (Caused by NewConnectionError('<urllib3.connection.HTTPSConnection object at 0xffffa0044890>: Failed to establish a new connection: [Errno -2] Name or service not known'))
[2023-05-01T19:36:24.859+0000] {helpers.py:86} ERROR - HTTPSConnectionPool(host='api.pushshift.io', port=443): Max retries exceeded with url: /reddit/search/submission/?subreddit=DetroitPistons&sort=created_utc&sort_type=desc&size=500 (Caused by NewConnectionError('<urllib3.connection.HTTPSConnection object at 0xffffa0044890>: Failed to establish a new connection: [Errno -2] Name or service not known'))
[2023-05-01T19:36:24.860+0000] {helpers.py:87} ERROR - Retrying! 9 attempts before skipping!
[2023-05-01T19:36:25.868+0000] {logging_mixin.py:137} INFO - HTTPSConnectionPool(host='api.pushshift.io', port=443): Max retries exceeded with url: /reddit/search/submission/?subreddit=DetroitPistons&sort=created_utc&sort_type=desc&size=500 (Caused by NewConnectionError('<urllib3.connection.HTTPSConnection object at 0xffffa0038d50>: Failed to establish a new connection: [Errno -2] Name or service not known'))
[2023-05-01T19:36:25.869+0000] {helpers.py:86} ERROR - HTTPSConnectionPool(host='api.pushshift.io', port=443): Max retries exceeded with url: /reddit/search/submission/?subreddit=DetroitPistons&sort=created_utc&sort_type=desc&size=500 (Caused by NewConnectionError('<urllib3.connection.HTTPSConnection object at 0xffffa0038d50>: Failed to establish a new connection: [Errno -2] Name or service not known'))
[2023-05-01T19:36:25.870+0000] {helpers.py:87} ERROR - Retrying! 8 attempts before skipping!
[2023-05-01T19:36:26.881+0000] {logging_mixin.py:137} INFO - HTTPSConnectionPool(host='api.pushshift.io', port=443): Max retries exceeded with url: /reddit/search/submission/?subreddit=DetroitPistons&sort=created_utc&sort_type=desc&size=500 (Caused by NewConnectionError('<urllib3.connection.HTTPSConnection object at 0xffffa0044890>: Failed to establish a new connection: [Errno -2] Name or service not known'))
[2023-05-01T19:36:26.883+0000] {helpers.py:86} ERROR - HTTPSConnectionPool(host='api.pushshift.io', port=443): Max retries exceeded with url: /reddit/search/submission/?subreddit=DetroitPistons&sort=created_utc&sort_type=desc&size=500 (Caused by NewConnectionError('<urllib3.connection.HTTPSConnection object at 0xffffa0044890>: Failed to establish a new connection: [Errno -2] Name or service not known'))
[2023-05-01T19:36:26.885+0000] {helpers.py:87} ERROR - Retrying! 7 attempts before skipping!
[2023-05-01T19:36:27.900+0000] {logging_mixin.py:137} INFO - HTTPSConnectionPool(host='api.pushshift.io', port=443): Max retries exceeded with url: /reddit/search/submission/?subreddit=DetroitPistons&sort=created_utc&sort_type=desc&size=500 (Caused by NewConnectionError('<urllib3.connection.HTTPSConnection object at 0xffffa00449d0>: Failed to establish a new connection: [Errno -2] Name or service not known'))
[2023-05-01T19:36:27.901+0000] {helpers.py:86} ERROR - HTTPSConnectionPool(host='api.pushshift.io', port=443): Max retries exceeded with url: /reddit/search/submission/?subreddit=DetroitPistons&sort=created_utc&sort_type=desc&size=500 (Caused by NewConnectionError('<urllib3.connection.HTTPSConnection object at 0xffffa00449d0>: Failed to establish a new connection: [Errno -2] Name or service not known'))
[2023-05-01T19:36:27.903+0000] {helpers.py:87} ERROR - Retrying! 6 attempts before skipping!
[2023-05-01T19:36:28.913+0000] {logging_mixin.py:137} INFO - HTTPSConnectionPool(host='api.pushshift.io', port=443): Max retries exceeded with url: /reddit/search/submission/?subreddit=DetroitPistons&sort=created_utc&sort_type=desc&size=500 (Caused by NewConnectionError('<urllib3.connection.HTTPSConnection object at 0xffffa0044a50>: Failed to establish a new connection: [Errno -2] Name or service not known'))
[2023-05-01T19:36:28.916+0000] {helpers.py:86} ERROR - HTTPSConnectionPool(host='api.pushshift.io', port=443): Max retries exceeded with url: /reddit/search/submission/?subreddit=DetroitPistons&sort=created_utc&sort_type=desc&size=500 (Caused by NewConnectionError('<urllib3.connection.HTTPSConnection object at 0xffffa0044a50>: Failed to establish a new connection: [Errno -2] Name or service not known'))
[2023-05-01T19:36:28.917+0000] {helpers.py:87} ERROR - Retrying! 5 attempts before skipping!
[2023-05-01T19:36:29.924+0000] {logging_mixin.py:137} INFO - HTTPSConnectionPool(host='api.pushshift.io', port=443): Max retries exceeded with url: /reddit/search/submission/?subreddit=DetroitPistons&sort=created_utc&sort_type=desc&size=500 (Caused by NewConnectionError('<urllib3.connection.HTTPSConnection object at 0xffffa0044790>: Failed to establish a new connection: [Errno -2] Name or service not known'))
[2023-05-01T19:36:29.932+0000] {helpers.py:86} ERROR - HTTPSConnectionPool(host='api.pushshift.io', port=443): Max retries exceeded with url: /reddit/search/submission/?subreddit=DetroitPistons&sort=created_utc&sort_type=desc&size=500 (Caused by NewConnectionError('<urllib3.connection.HTTPSConnection object at 0xffffa0044790>: Failed to establish a new connection: [Errno -2] Name or service not known'))
[2023-05-01T19:36:29.933+0000] {helpers.py:87} ERROR - Retrying! 4 attempts before skipping!
[2023-05-01T19:36:30.942+0000] {logging_mixin.py:137} INFO - HTTPSConnectionPool(host='api.pushshift.io', port=443): Max retries exceeded with url: /reddit/search/submission/?subreddit=DetroitPistons&sort=created_utc&sort_type=desc&size=500 (Caused by NewConnectionError('<urllib3.connection.HTTPSConnection object at 0xffffa0044cd0>: Failed to establish a new connection: [Errno -2] Name or service not known'))
[2023-05-01T19:36:30.943+0000] {helpers.py:86} ERROR - HTTPSConnectionPool(host='api.pushshift.io', port=443): Max retries exceeded with url: /reddit/search/submission/?subreddit=DetroitPistons&sort=created_utc&sort_type=desc&size=500 (Caused by NewConnectionError('<urllib3.connection.HTTPSConnection object at 0xffffa0044cd0>: Failed to establish a new connection: [Errno -2] Name or service not known'))
[2023-05-01T19:36:30.946+0000] {helpers.py:87} ERROR - Retrying! 3 attempts before skipping!
[2023-05-01T19:36:31.955+0000] {logging_mixin.py:137} INFO - HTTPSConnectionPool(host='api.pushshift.io', port=443): Max retries exceeded with url: /reddit/search/submission/?subreddit=DetroitPistons&sort=created_utc&sort_type=desc&size=500 (Caused by NewConnectionError('<urllib3.connection.HTTPSConnection object at 0xffffa00447d0>: Failed to establish a new connection: [Errno -2] Name or service not known'))
[2023-05-01T19:36:31.957+0000] {helpers.py:86} ERROR - HTTPSConnectionPool(host='api.pushshift.io', port=443): Max retries exceeded with url: /reddit/search/submission/?subreddit=DetroitPistons&sort=created_utc&sort_type=desc&size=500 (Caused by NewConnectionError('<urllib3.connection.HTTPSConnection object at 0xffffa00447d0>: Failed to establish a new connection: [Errno -2] Name or service not known'))
[2023-05-01T19:36:31.958+0000] {helpers.py:87} ERROR - Retrying! 2 attempts before skipping!
[2023-05-01T19:36:32.965+0000] {logging_mixin.py:137} INFO - HTTPSConnectionPool(host='api.pushshift.io', port=443): Max retries exceeded with url: /reddit/search/submission/?subreddit=DetroitPistons&sort=created_utc&sort_type=desc&size=500 (Caused by NewConnectionError('<urllib3.connection.HTTPSConnection object at 0xffffa0044f90>: Failed to establish a new connection: [Errno -2] Name or service not known'))
[2023-05-01T19:36:32.966+0000] {helpers.py:86} ERROR - HTTPSConnectionPool(host='api.pushshift.io', port=443): Max retries exceeded with url: /reddit/search/submission/?subreddit=DetroitPistons&sort=created_utc&sort_type=desc&size=500 (Caused by NewConnectionError('<urllib3.connection.HTTPSConnection object at 0xffffa0044f90>: Failed to establish a new connection: [Errno -2] Name or service not known'))
[2023-05-01T19:36:32.967+0000] {helpers.py:87} ERROR - Retrying! 1 attempts before skipping!
[2023-05-01T19:36:33.983+0000] {logging_mixin.py:137} INFO - HTTPSConnectionPool(host='api.pushshift.io', port=443): Max retries exceeded with url: /reddit/search/submission/?subreddit=DetroitPistons&sort=created_utc&sort_type=desc&size=500 (Caused by NewConnectionError('<urllib3.connection.HTTPSConnection object at 0xffffa0044e50>: Failed to establish a new connection: [Errno -2] Name or service not known'))
[2023-05-01T19:36:33.986+0000] {helpers.py:86} ERROR - HTTPSConnectionPool(host='api.pushshift.io', port=443): Max retries exceeded with url: /reddit/search/submission/?subreddit=DetroitPistons&sort=created_utc&sort_type=desc&size=500 (Caused by NewConnectionError('<urllib3.connection.HTTPSConnection object at 0xffffa0044e50>: Failed to establish a new connection: [Errno -2] Name or service not known'))
[2023-05-01T19:36:33.988+0000] {helpers.py:87} ERROR - Retrying! 0 attempts before skipping!
[2023-05-01T19:36:35.002+0000] {logging_mixin.py:137} INFO - HTTPSConnectionPool(host='api.pushshift.io', port=443): Max retries exceeded with url: /reddit/search/submission/?subreddit=DetroitPistons&sort=created_utc&sort_type=desc&size=500 (Caused by NewConnectionError('<urllib3.connection.HTTPSConnection object at 0xffffa00446d0>: Failed to establish a new connection: [Errno -2] Name or service not known'))
[2023-05-01T19:36:35.003+0000] {helpers.py:86} ERROR - HTTPSConnectionPool(host='api.pushshift.io', port=443): Max retries exceeded with url: /reddit/search/submission/?subreddit=DetroitPistons&sort=created_utc&sort_type=desc&size=500 (Caused by NewConnectionError('<urllib3.connection.HTTPSConnection object at 0xffffa00446d0>: Failed to establish a new connection: [Errno -2] Name or service not known'))
[2023-05-01T19:36:35.004+0000] {helpers.py:87} ERROR - Retrying! -1 attempts before skipping!
[2023-05-01T19:36:36.017+0000] {logging_mixin.py:137} INFO - HTTPSConnectionPool(host='api.pushshift.io', port=443): Max retries exceeded with url: /reddit/search/submission/?subreddit=warriors&sort=created_utc&sort_type=desc&size=500 (Caused by NewConnectionError('<urllib3.connection.HTTPSConnection object at 0xffffa0044a10>: Failed to establish a new connection: [Errno -2] Name or service not known'))
[2023-05-01T19:36:36.025+0000] {helpers.py:86} ERROR - HTTPSConnectionPool(host='api.pushshift.io', port=443): Max retries exceeded with url: /reddit/search/submission/?subreddit=warriors&sort=created_utc&sort_type=desc&size=500 (Caused by NewConnectionError('<urllib3.connection.HTTPSConnection object at 0xffffa0044a10>: Failed to establish a new connection: [Errno -2] Name or service not known'))
[2023-05-01T19:36:36.026+0000] {helpers.py:87} ERROR - Retrying! 9 attempts before skipping!
[2023-05-01T19:36:37.045+0000] {logging_mixin.py:137} INFO - HTTPSConnectionPool(host='api.pushshift.io', port=443): Max retries exceeded with url: /reddit/search/submission/?subreddit=warriors&sort=created_utc&sort_type=desc&size=500 (Caused by NewConnectionError('<urllib3.connection.HTTPSConnection object at 0xffffa0044fd0>: Failed to establish a new connection: [Errno -2] Name or service not known'))
[2023-05-01T19:36:37.049+0000] {helpers.py:86} ERROR - HTTPSConnectionPool(host='api.pushshift.io', port=443): Max retries exceeded with url: /reddit/search/submission/?subreddit=warriors&sort=created_utc&sort_type=desc&size=500 (Caused by NewConnectionError('<urllib3.connection.HTTPSConnection object at 0xffffa0044fd0>: Failed to establish a new connection: [Errno -2] Name or service not known'))
[2023-05-01T19:36:37.063+0000] {helpers.py:87} ERROR - Retrying! 8 attempts before skipping!
[2023-05-01T19:36:38.074+0000] {logging_mixin.py:137} INFO - HTTPSConnectionPool(host='api.pushshift.io', port=443): Max retries exceeded with url: /reddit/search/submission/?subreddit=warriors&sort=created_utc&sort_type=desc&size=500 (Caused by NewConnectionError('<urllib3.connection.HTTPSConnection object at 0xffffa0044850>: Failed to establish a new connection: [Errno -2] Name or service not known'))
[2023-05-01T19:36:38.076+0000] {helpers.py:86} ERROR - HTTPSConnectionPool(host='api.pushshift.io', port=443): Max retries exceeded with url: /reddit/search/submission/?subreddit=warriors&sort=created_utc&sort_type=desc&size=500 (Caused by NewConnectionError('<urllib3.connection.HTTPSConnection object at 0xffffa0044850>: Failed to establish a new connection: [Errno -2] Name or service not known'))
[2023-05-01T19:36:38.077+0000] {helpers.py:87} ERROR - Retrying! 7 attempts before skipping!
[2023-05-01T19:36:39.091+0000] {logging_mixin.py:137} INFO - HTTPSConnectionPool(host='api.pushshift.io', port=443): Max retries exceeded with url: /reddit/search/submission/?subreddit=warriors&sort=created_utc&sort_type=desc&size=500 (Caused by NewConnectionError('<urllib3.connection.HTTPSConnection object at 0xffffa00446d0>: Failed to establish a new connection: [Errno -2] Name or service not known'))
[2023-05-01T19:36:39.094+0000] {helpers.py:86} ERROR - HTTPSConnectionPool(host='api.pushshift.io', port=443): Max retries exceeded with url: /reddit/search/submission/?subreddit=warriors&sort=created_utc&sort_type=desc&size=500 (Caused by NewConnectionError('<urllib3.connection.HTTPSConnection object at 0xffffa00446d0>: Failed to establish a new connection: [Errno -2] Name or service not known'))
[2023-05-01T19:36:39.095+0000] {helpers.py:87} ERROR - Retrying! 6 attempts before skipping!
[2023-05-01T19:36:40.119+0000] {logging_mixin.py:137} INFO - HTTPSConnectionPool(host='api.pushshift.io', port=443): Max retries exceeded with url: /reddit/search/submission/?subreddit=warriors&sort=created_utc&sort_type=desc&size=500 (Caused by NewConnectionError('<urllib3.connection.HTTPSConnection object at 0xffffa0044c90>: Failed to establish a new connection: [Errno -2] Name or service not known'))
[2023-05-01T19:36:40.121+0000] {helpers.py:86} ERROR - HTTPSConnectionPool(host='api.pushshift.io', port=443): Max retries exceeded with url: /reddit/search/submission/?subreddit=warriors&sort=created_utc&sort_type=desc&size=500 (Caused by NewConnectionError('<urllib3.connection.HTTPSConnection object at 0xffffa0044c90>: Failed to establish a new connection: [Errno -2] Name or service not known'))
[2023-05-01T19:36:40.125+0000] {helpers.py:87} ERROR - Retrying! 5 attempts before skipping!
[2023-05-01T19:36:41.154+0000] {logging_mixin.py:137} INFO - HTTPSConnectionPool(host='api.pushshift.io', port=443): Max retries exceeded with url: /reddit/search/submission/?subreddit=warriors&sort=created_utc&sort_type=desc&size=500 (Caused by NewConnectionError('<urllib3.connection.HTTPSConnection object at 0xffffa0044890>: Failed to establish a new connection: [Errno -2] Name or service not known'))
[2023-05-01T19:36:41.157+0000] {helpers.py:86} ERROR - HTTPSConnectionPool(host='api.pushshift.io', port=443): Max retries exceeded with url: /reddit/search/submission/?subreddit=warriors&sort=created_utc&sort_type=desc&size=500 (Caused by NewConnectionError('<urllib3.connection.HTTPSConnection object at 0xffffa0044890>: Failed to establish a new connection: [Errno -2] Name or service not known'))
[2023-05-01T19:36:41.173+0000] {helpers.py:87} ERROR - Retrying! 4 attempts before skipping!
[2023-05-01T19:36:42.197+0000] {logging_mixin.py:137} INFO - HTTPSConnectionPool(host='api.pushshift.io', port=443): Max retries exceeded with url: /reddit/search/submission/?subreddit=warriors&sort=created_utc&sort_type=desc&size=500 (Caused by NewConnectionError('<urllib3.connection.HTTPSConnection object at 0xffffa00449d0>: Failed to establish a new connection: [Errno -2] Name or service not known'))
[2023-05-01T19:36:42.200+0000] {helpers.py:86} ERROR - HTTPSConnectionPool(host='api.pushshift.io', port=443): Max retries exceeded with url: /reddit/search/submission/?subreddit=warriors&sort=created_utc&sort_type=desc&size=500 (Caused by NewConnectionError('<urllib3.connection.HTTPSConnection object at 0xffffa00449d0>: Failed to establish a new connection: [Errno -2] Name or service not known'))
[2023-05-01T19:36:42.202+0000] {helpers.py:87} ERROR - Retrying! 3 attempts before skipping!
[2023-05-01T19:36:43.232+0000] {logging_mixin.py:137} INFO - HTTPSConnectionPool(host='api.pushshift.io', port=443): Max retries exceeded with url: /reddit/search/submission/?subreddit=warriors&sort=created_utc&sort_type=desc&size=500 (Caused by NewConnectionError('<urllib3.connection.HTTPSConnection object at 0xffffa0044a50>: Failed to establish a new connection: [Errno -2] Name or service not known'))
[2023-05-01T19:36:43.245+0000] {helpers.py:86} ERROR - HTTPSConnectionPool(host='api.pushshift.io', port=443): Max retries exceeded with url: /reddit/search/submission/?subreddit=warriors&sort=created_utc&sort_type=desc&size=500 (Caused by NewConnectionError('<urllib3.connection.HTTPSConnection object at 0xffffa0044a50>: Failed to establish a new connection: [Errno -2] Name or service not known'))
[2023-05-01T19:36:43.247+0000] {helpers.py:87} ERROR - Retrying! 2 attempts before skipping!
[2023-05-01T19:36:44.268+0000] {logging_mixin.py:137} INFO - HTTPSConnectionPool(host='api.pushshift.io', port=443): Max retries exceeded with url: /reddit/search/submission/?subreddit=warriors&sort=created_utc&sort_type=desc&size=500 (Caused by NewConnectionError('<urllib3.connection.HTTPSConnection object at 0xffffa0044790>: Failed to establish a new connection: [Errno -2] Name or service not known'))
[2023-05-01T19:36:44.276+0000] {helpers.py:86} ERROR - HTTPSConnectionPool(host='api.pushshift.io', port=443): Max retries exceeded with url: /reddit/search/submission/?subreddit=warriors&sort=created_utc&sort_type=desc&size=500 (Caused by NewConnectionError('<urllib3.connection.HTTPSConnection object at 0xffffa0044790>: Failed to establish a new connection: [Errno -2] Name or service not known'))
[2023-05-01T19:36:44.280+0000] {helpers.py:87} ERROR - Retrying! 1 attempts before skipping!
[2023-05-01T19:36:45.300+0000] {logging_mixin.py:137} INFO - HTTPSConnectionPool(host='api.pushshift.io', port=443): Max retries exceeded with url: /reddit/search/submission/?subreddit=warriors&sort=created_utc&sort_type=desc&size=500 (Caused by NewConnectionError('<urllib3.connection.HTTPSConnection object at 0xffffa0044f50>: Failed to establish a new connection: [Errno -2] Name or service not known'))
[2023-05-01T19:36:45.307+0000] {helpers.py:86} ERROR - HTTPSConnectionPool(host='api.pushshift.io', port=443): Max retries exceeded with url: /reddit/search/submission/?subreddit=warriors&sort=created_utc&sort_type=desc&size=500 (Caused by NewConnectionError('<urllib3.connection.HTTPSConnection object at 0xffffa0044f50>: Failed to establish a new connection: [Errno -2] Name or service not known'))
[2023-05-01T19:36:45.311+0000] {helpers.py:87} ERROR - Retrying! 0 attempts before skipping!
[2023-05-01T19:36:46.339+0000] {logging_mixin.py:137} INFO - HTTPSConnectionPool(host='api.pushshift.io', port=443): Max retries exceeded with url: /reddit/search/submission/?subreddit=warriors&sort=created_utc&sort_type=desc&size=500 (Caused by NewConnectionError('<urllib3.connection.HTTPSConnection object at 0xffffa0044110>: Failed to establish a new connection: [Errno -2] Name or service not known'))
[2023-05-01T19:36:46.343+0000] {helpers.py:86} ERROR - HTTPSConnectionPool(host='api.pushshift.io', port=443): Max retries exceeded with url: /reddit/search/submission/?subreddit=warriors&sort=created_utc&sort_type=desc&size=500 (Caused by NewConnectionError('<urllib3.connection.HTTPSConnection object at 0xffffa0044110>: Failed to establish a new connection: [Errno -2] Name or service not known'))
[2023-05-01T19:36:46.351+0000] {helpers.py:87} ERROR - Retrying! -1 attempts before skipping!
[2023-05-01T19:36:47.389+0000] {logging_mixin.py:137} INFO - HTTPSConnectionPool(host='api.pushshift.io', port=443): Max retries exceeded with url: /reddit/search/submission/?subreddit=rockets&sort=created_utc&sort_type=desc&size=500 (Caused by NewConnectionError('<urllib3.connection.HTTPSConnection object at 0xffffa0044cd0>: Failed to establish a new connection: [Errno -2] Name or service not known'))
[2023-05-01T19:36:47.400+0000] {helpers.py:86} ERROR - HTTPSConnectionPool(host='api.pushshift.io', port=443): Max retries exceeded with url: /reddit/search/submission/?subreddit=rockets&sort=created_utc&sort_type=desc&size=500 (Caused by NewConnectionError('<urllib3.connection.HTTPSConnection object at 0xffffa0044cd0>: Failed to establish a new connection: [Errno -2] Name or service not known'))
[2023-05-01T19:36:47.403+0000] {helpers.py:87} ERROR - Retrying! 9 attempts before skipping!
[2023-05-01T19:36:48.420+0000] {logging_mixin.py:137} INFO - HTTPSConnectionPool(host='api.pushshift.io', port=443): Max retries exceeded with url: /reddit/search/submission/?subreddit=rockets&sort=created_utc&sort_type=desc&size=500 (Caused by NewConnectionError('<urllib3.connection.HTTPSConnection object at 0xffffa00447d0>: Failed to establish a new connection: [Errno -2] Name or service not known'))
[2023-05-01T19:36:48.427+0000] {helpers.py:86} ERROR - HTTPSConnectionPool(host='api.pushshift.io', port=443): Max retries exceeded with url: /reddit/search/submission/?subreddit=rockets&sort=created_utc&sort_type=desc&size=500 (Caused by NewConnectionError('<urllib3.connection.HTTPSConnection object at 0xffffa00447d0>: Failed to establish a new connection: [Errno -2] Name or service not known'))
[2023-05-01T19:36:48.430+0000] {helpers.py:87} ERROR - Retrying! 8 attempts before skipping!
[2023-05-01T19:36:49.455+0000] {logging_mixin.py:137} INFO - HTTPSConnectionPool(host='api.pushshift.io', port=443): Max retries exceeded with url: /reddit/search/submission/?subreddit=rockets&sort=created_utc&sort_type=desc&size=500 (Caused by NewConnectionError('<urllib3.connection.HTTPSConnection object at 0xffffa0044f90>: Failed to establish a new connection: [Errno -2] Name or service not known'))
[2023-05-01T19:36:49.464+0000] {helpers.py:86} ERROR - HTTPSConnectionPool(host='api.pushshift.io', port=443): Max retries exceeded with url: /reddit/search/submission/?subreddit=rockets&sort=created_utc&sort_type=desc&size=500 (Caused by NewConnectionError('<urllib3.connection.HTTPSConnection object at 0xffffa0044f90>: Failed to establish a new connection: [Errno -2] Name or service not known'))
[2023-05-01T19:36:49.468+0000] {helpers.py:87} ERROR - Retrying! 7 attempts before skipping!
[2023-05-01T19:36:50.496+0000] {logging_mixin.py:137} INFO - HTTPSConnectionPool(host='api.pushshift.io', port=443): Max retries exceeded with url: /reddit/search/submission/?subreddit=rockets&sort=created_utc&sort_type=desc&size=500 (Caused by NewConnectionError('<urllib3.connection.HTTPSConnection object at 0xffffa0044e50>: Failed to establish a new connection: [Errno -2] Name or service not known'))
[2023-05-01T19:36:50.502+0000] {helpers.py:86} ERROR - HTTPSConnectionPool(host='api.pushshift.io', port=443): Max retries exceeded with url: /reddit/search/submission/?subreddit=rockets&sort=created_utc&sort_type=desc&size=500 (Caused by NewConnectionError('<urllib3.connection.HTTPSConnection object at 0xffffa0044e50>: Failed to establish a new connection: [Errno -2] Name or service not known'))
[2023-05-01T19:36:50.521+0000] {helpers.py:87} ERROR - Retrying! 6 attempts before skipping!
[2023-05-01T19:36:51.554+0000] {logging_mixin.py:137} INFO - HTTPSConnectionPool(host='api.pushshift.io', port=443): Max retries exceeded with url: /reddit/search/submission/?subreddit=rockets&sort=created_utc&sort_type=desc&size=500 (Caused by NewConnectionError('<urllib3.connection.HTTPSConnection object at 0xffffa0044910>: Failed to establish a new connection: [Errno -2] Name or service not known'))
[2023-05-01T19:36:51.558+0000] {helpers.py:86} ERROR - HTTPSConnectionPool(host='api.pushshift.io', port=443): Max retries exceeded with url: /reddit/search/submission/?subreddit=rockets&sort=created_utc&sort_type=desc&size=500 (Caused by NewConnectionError('<urllib3.connection.HTTPSConnection object at 0xffffa0044910>: Failed to establish a new connection: [Errno -2] Name or service not known'))
[2023-05-01T19:36:51.563+0000] {helpers.py:87} ERROR - Retrying! 5 attempts before skipping!
[2023-05-01T19:36:52.578+0000] {logging_mixin.py:137} INFO - HTTPSConnectionPool(host='api.pushshift.io', port=443): Max retries exceeded with url: /reddit/search/submission/?subreddit=rockets&sort=created_utc&sort_type=desc&size=500 (Caused by NewConnectionError('<urllib3.connection.HTTPSConnection object at 0xffffa00446d0>: Failed to establish a new connection: [Errno -2] Name or service not known'))
[2023-05-01T19:36:52.582+0000] {helpers.py:86} ERROR - HTTPSConnectionPool(host='api.pushshift.io', port=443): Max retries exceeded with url: /reddit/search/submission/?subreddit=rockets&sort=created_utc&sort_type=desc&size=500 (Caused by NewConnectionError('<urllib3.connection.HTTPSConnection object at 0xffffa00446d0>: Failed to establish a new connection: [Errno -2] Name or service not known'))
[2023-05-01T19:36:52.591+0000] {helpers.py:87} ERROR - Retrying! 4 attempts before skipping!
[2023-05-01T19:36:53.653+0000] {logging_mixin.py:137} INFO - HTTPSConnectionPool(host='api.pushshift.io', port=443): Max retries exceeded with url: /reddit/search/submission/?subreddit=rockets&sort=created_utc&sort_type=desc&size=500 (Caused by NewConnectionError('<urllib3.connection.HTTPSConnection object at 0xffffa0044c90>: Failed to establish a new connection: [Errno -2] Name or service not known'))
[2023-05-01T19:36:53.657+0000] {helpers.py:86} ERROR - HTTPSConnectionPool(host='api.pushshift.io', port=443): Max retries exceeded with url: /reddit/search/submission/?subreddit=rockets&sort=created_utc&sort_type=desc&size=500 (Caused by NewConnectionError('<urllib3.connection.HTTPSConnection object at 0xffffa0044c90>: Failed to establish a new connection: [Errno -2] Name or service not known'))
[2023-05-01T19:36:53.660+0000] {helpers.py:87} ERROR - Retrying! 3 attempts before skipping!
[2023-05-01T19:36:54.674+0000] {logging_mixin.py:137} INFO - HTTPSConnectionPool(host='api.pushshift.io', port=443): Max retries exceeded with url: /reddit/search/submission/?subreddit=rockets&sort=created_utc&sort_type=desc&size=500 (Caused by NewConnectionError('<urllib3.connection.HTTPSConnection object at 0xffffa0044890>: Failed to establish a new connection: [Errno -2] Name or service not known'))
[2023-05-01T19:36:54.677+0000] {helpers.py:86} ERROR - HTTPSConnectionPool(host='api.pushshift.io', port=443): Max retries exceeded with url: /reddit/search/submission/?subreddit=rockets&sort=created_utc&sort_type=desc&size=500 (Caused by NewConnectionError('<urllib3.connection.HTTPSConnection object at 0xffffa0044890>: Failed to establish a new connection: [Errno -2] Name or service not known'))
[2023-05-01T19:36:54.683+0000] {helpers.py:87} ERROR - Retrying! 2 attempts before skipping!
[2023-05-01T19:36:55.708+0000] {logging_mixin.py:137} INFO - HTTPSConnectionPool(host='api.pushshift.io', port=443): Max retries exceeded with url: /reddit/search/submission/?subreddit=rockets&sort=created_utc&sort_type=desc&size=500 (Caused by NewConnectionError('<urllib3.connection.HTTPSConnection object at 0xffffa0044a10>: Failed to establish a new connection: [Errno -2] Name or service not known'))
[2023-05-01T19:36:55.715+0000] {helpers.py:86} ERROR - HTTPSConnectionPool(host='api.pushshift.io', port=443): Max retries exceeded with url: /reddit/search/submission/?subreddit=rockets&sort=created_utc&sort_type=desc&size=500 (Caused by NewConnectionError('<urllib3.connection.HTTPSConnection object at 0xffffa0044a10>: Failed to establish a new connection: [Errno -2] Name or service not known'))
[2023-05-01T19:36:55.719+0000] {helpers.py:87} ERROR - Retrying! 1 attempts before skipping!
[2023-05-01T19:36:56.741+0000] {logging_mixin.py:137} INFO - HTTPSConnectionPool(host='api.pushshift.io', port=443): Max retries exceeded with url: /reddit/search/submission/?subreddit=rockets&sort=created_utc&sort_type=desc&size=500 (Caused by NewConnectionError('<urllib3.connection.HTTPSConnection object at 0xffffa0044fd0>: Failed to establish a new connection: [Errno -2] Name or service not known'))
[2023-05-01T19:36:56.750+0000] {helpers.py:86} ERROR - HTTPSConnectionPool(host='api.pushshift.io', port=443): Max retries exceeded with url: /reddit/search/submission/?subreddit=rockets&sort=created_utc&sort_type=desc&size=500 (Caused by NewConnectionError('<urllib3.connection.HTTPSConnection object at 0xffffa0044fd0>: Failed to establish a new connection: [Errno -2] Name or service not known'))
[2023-05-01T19:36:56.753+0000] {helpers.py:87} ERROR - Retrying! 0 attempts before skipping!
[2023-05-01T19:36:57.766+0000] {logging_mixin.py:137} INFO - HTTPSConnectionPool(host='api.pushshift.io', port=443): Max retries exceeded with url: /reddit/search/submission/?subreddit=rockets&sort=created_utc&sort_type=desc&size=500 (Caused by NewConnectionError('<urllib3.connection.HTTPSConnection object at 0xffffa0044850>: Failed to establish a new connection: [Errno -2] Name or service not known'))
[2023-05-01T19:36:57.768+0000] {helpers.py:86} ERROR - HTTPSConnectionPool(host='api.pushshift.io', port=443): Max retries exceeded with url: /reddit/search/submission/?subreddit=rockets&sort=created_utc&sort_type=desc&size=500 (Caused by NewConnectionError('<urllib3.connection.HTTPSConnection object at 0xffffa0044850>: Failed to establish a new connection: [Errno -2] Name or service not known'))
[2023-05-01T19:36:57.770+0000] {helpers.py:87} ERROR - Retrying! -1 attempts before skipping!
[2023-05-01T19:36:58.789+0000] {logging_mixin.py:137} INFO - HTTPSConnectionPool(host='api.pushshift.io', port=443): Max retries exceeded with url: /reddit/search/submission/?subreddit=pacers&sort=created_utc&sort_type=desc&size=500 (Caused by NewConnectionError('<urllib3.connection.HTTPSConnection object at 0xffffa0044890>: Failed to establish a new connection: [Errno -2] Name or service not known'))
[2023-05-01T19:36:58.792+0000] {helpers.py:86} ERROR - HTTPSConnectionPool(host='api.pushshift.io', port=443): Max retries exceeded with url: /reddit/search/submission/?subreddit=pacers&sort=created_utc&sort_type=desc&size=500 (Caused by NewConnectionError('<urllib3.connection.HTTPSConnection object at 0xffffa0044890>: Failed to establish a new connection: [Errno -2] Name or service not known'))
[2023-05-01T19:36:58.794+0000] {helpers.py:87} ERROR - Retrying! 9 attempts before skipping!
[2023-05-01T19:36:59.822+0000] {logging_mixin.py:137} INFO - HTTPSConnectionPool(host='api.pushshift.io', port=443): Max retries exceeded with url: /reddit/search/submission/?subreddit=pacers&sort=created_utc&sort_type=desc&size=500 (Caused by NewConnectionError('<urllib3.connection.HTTPSConnection object at 0xffffa0044a10>: Failed to establish a new connection: [Errno -2] Name or service not known'))
[2023-05-01T19:36:59.836+0000] {helpers.py:86} ERROR - HTTPSConnectionPool(host='api.pushshift.io', port=443): Max retries exceeded with url: /reddit/search/submission/?subreddit=pacers&sort=created_utc&sort_type=desc&size=500 (Caused by NewConnectionError('<urllib3.connection.HTTPSConnection object at 0xffffa0044a10>: Failed to establish a new connection: [Errno -2] Name or service not known'))
[2023-05-01T19:36:59.839+0000] {helpers.py:87} ERROR - Retrying! 8 attempts before skipping!
[2023-05-01T19:37:00.867+0000] {logging_mixin.py:137} INFO - HTTPSConnectionPool(host='api.pushshift.io', port=443): Max retries exceeded with url: /reddit/search/submission/?subreddit=pacers&sort=created_utc&sort_type=desc&size=500 (Caused by NewConnectionError('<urllib3.connection.HTTPSConnection object at 0xffffa0044fd0>: Failed to establish a new connection: [Errno -2] Name or service not known'))
[2023-05-01T19:37:00.874+0000] {helpers.py:86} ERROR - HTTPSConnectionPool(host='api.pushshift.io', port=443): Max retries exceeded with url: /reddit/search/submission/?subreddit=pacers&sort=created_utc&sort_type=desc&size=500 (Caused by NewConnectionError('<urllib3.connection.HTTPSConnection object at 0xffffa0044fd0>: Failed to establish a new connection: [Errno -2] Name or service not known'))
[2023-05-01T19:37:00.877+0000] {helpers.py:87} ERROR - Retrying! 7 attempts before skipping!
[2023-05-01T19:37:01.900+0000] {logging_mixin.py:137} INFO - HTTPSConnectionPool(host='api.pushshift.io', port=443): Max retries exceeded with url: /reddit/search/submission/?subreddit=pacers&sort=created_utc&sort_type=desc&size=500 (Caused by NewConnectionError('<urllib3.connection.HTTPSConnection object at 0xffffa0044cd0>: Failed to establish a new connection: [Errno -2] Name or service not known'))
[2023-05-01T19:37:01.908+0000] {helpers.py:86} ERROR - HTTPSConnectionPool(host='api.pushshift.io', port=443): Max retries exceeded with url: /reddit/search/submission/?subreddit=pacers&sort=created_utc&sort_type=desc&size=500 (Caused by NewConnectionError('<urllib3.connection.HTTPSConnection object at 0xffffa0044cd0>: Failed to establish a new connection: [Errno -2] Name or service not known'))
[2023-05-01T19:37:01.911+0000] {helpers.py:87} ERROR - Retrying! 6 attempts before skipping!
[2023-05-01T19:37:02.937+0000] {logging_mixin.py:137} INFO - HTTPSConnectionPool(host='api.pushshift.io', port=443): Max retries exceeded with url: /reddit/search/submission/?subreddit=pacers&sort=created_utc&sort_type=desc&size=500 (Caused by NewConnectionError('<urllib3.connection.HTTPSConnection object at 0xffffa00447d0>: Failed to establish a new connection: [Errno -2] Name or service not known'))
[2023-05-01T19:37:02.949+0000] {helpers.py:86} ERROR - HTTPSConnectionPool(host='api.pushshift.io', port=443): Max retries exceeded with url: /reddit/search/submission/?subreddit=pacers&sort=created_utc&sort_type=desc&size=500 (Caused by NewConnectionError('<urllib3.connection.HTTPSConnection object at 0xffffa00447d0>: Failed to establish a new connection: [Errno -2] Name or service not known'))
[2023-05-01T19:37:02.954+0000] {helpers.py:87} ERROR - Retrying! 5 attempts before skipping!
[2023-05-01T19:37:03.976+0000] {logging_mixin.py:137} INFO - HTTPSConnectionPool(host='api.pushshift.io', port=443): Max retries exceeded with url: /reddit/search/submission/?subreddit=pacers&sort=created_utc&sort_type=desc&size=500 (Caused by NewConnectionError('<urllib3.connection.HTTPSConnection object at 0xffffa0044f90>: Failed to establish a new connection: [Errno -2] Name or service not known'))
[2023-05-01T19:37:03.977+0000] {helpers.py:86} ERROR - HTTPSConnectionPool(host='api.pushshift.io', port=443): Max retries exceeded with url: /reddit/search/submission/?subreddit=pacers&sort=created_utc&sort_type=desc&size=500 (Caused by NewConnectionError('<urllib3.connection.HTTPSConnection object at 0xffffa0044f90>: Failed to establish a new connection: [Errno -2] Name or service not known'))
[2023-05-01T19:37:03.981+0000] {helpers.py:87} ERROR - Retrying! 4 attempts before skipping!
[2023-05-01T19:37:04.993+0000] {logging_mixin.py:137} INFO - HTTPSConnectionPool(host='api.pushshift.io', port=443): Max retries exceeded with url: /reddit/search/submission/?subreddit=pacers&sort=created_utc&sort_type=desc&size=500 (Caused by NewConnectionError('<urllib3.connection.HTTPSConnection object at 0xffffa0044d90>: Failed to establish a new connection: [Errno -2] Name or service not known'))
[2023-05-01T19:37:04.995+0000] {helpers.py:86} ERROR - HTTPSConnectionPool(host='api.pushshift.io', port=443): Max retries exceeded with url: /reddit/search/submission/?subreddit=pacers&sort=created_utc&sort_type=desc&size=500 (Caused by NewConnectionError('<urllib3.connection.HTTPSConnection object at 0xffffa0044d90>: Failed to establish a new connection: [Errno -2] Name or service not known'))
[2023-05-01T19:37:05.000+0000] {helpers.py:87} ERROR - Retrying! 3 attempts before skipping!
[2023-05-01T19:37:06.009+0000] {logging_mixin.py:137} INFO - HTTPSConnectionPool(host='api.pushshift.io', port=443): Max retries exceeded with url: /reddit/search/submission/?subreddit=pacers&sort=created_utc&sort_type=desc&size=500 (Caused by NewConnectionError('<urllib3.connection.HTTPSConnection object at 0xffffa0044c10>: Failed to establish a new connection: [Errno -2] Name or service not known'))
[2023-05-01T19:37:06.011+0000] {helpers.py:86} ERROR - HTTPSConnectionPool(host='api.pushshift.io', port=443): Max retries exceeded with url: /reddit/search/submission/?subreddit=pacers&sort=created_utc&sort_type=desc&size=500 (Caused by NewConnectionError('<urllib3.connection.HTTPSConnection object at 0xffffa0044c10>: Failed to establish a new connection: [Errno -2] Name or service not known'))
[2023-05-01T19:37:06.013+0000] {helpers.py:87} ERROR - Retrying! 2 attempts before skipping!
[2023-05-01T19:37:07.023+0000] {logging_mixin.py:137} INFO - HTTPSConnectionPool(host='api.pushshift.io', port=443): Max retries exceeded with url: /reddit/search/submission/?subreddit=pacers&sort=created_utc&sort_type=desc&size=500 (Caused by NewConnectionError('<urllib3.connection.HTTPSConnection object at 0xffffa0044b50>: Failed to establish a new connection: [Errno -2] Name or service not known'))
[2023-05-01T19:37:07.024+0000] {helpers.py:86} ERROR - HTTPSConnectionPool(host='api.pushshift.io', port=443): Max retries exceeded with url: /reddit/search/submission/?subreddit=pacers&sort=created_utc&sort_type=desc&size=500 (Caused by NewConnectionError('<urllib3.connection.HTTPSConnection object at 0xffffa0044b50>: Failed to establish a new connection: [Errno -2] Name or service not known'))
[2023-05-01T19:37:07.027+0000] {helpers.py:87} ERROR - Retrying! 1 attempts before skipping!
[2023-05-01T19:37:08.048+0000] {logging_mixin.py:137} INFO - HTTPSConnectionPool(host='api.pushshift.io', port=443): Max retries exceeded with url: /reddit/search/submission/?subreddit=pacers&sort=created_utc&sort_type=desc&size=500 (Caused by NewConnectionError('<urllib3.connection.HTTPSConnection object at 0xffffa0044110>: Failed to establish a new connection: [Errno -2] Name or service not known'))
[2023-05-01T19:37:08.053+0000] {helpers.py:86} ERROR - HTTPSConnectionPool(host='api.pushshift.io', port=443): Max retries exceeded with url: /reddit/search/submission/?subreddit=pacers&sort=created_utc&sort_type=desc&size=500 (Caused by NewConnectionError('<urllib3.connection.HTTPSConnection object at 0xffffa0044110>: Failed to establish a new connection: [Errno -2] Name or service not known'))
[2023-05-01T19:37:08.054+0000] {helpers.py:87} ERROR - Retrying! 0 attempts before skipping!
[2023-05-01T19:37:09.063+0000] {logging_mixin.py:137} INFO - HTTPSConnectionPool(host='api.pushshift.io', port=443): Max retries exceeded with url: /reddit/search/submission/?subreddit=pacers&sort=created_utc&sort_type=desc&size=500 (Caused by NewConnectionError('<urllib3.connection.HTTPSConnection object at 0xffffa0044a50>: Failed to establish a new connection: [Errno -2] Name or service not known'))
[2023-05-01T19:37:09.068+0000] {helpers.py:86} ERROR - HTTPSConnectionPool(host='api.pushshift.io', port=443): Max retries exceeded with url: /reddit/search/submission/?subreddit=pacers&sort=created_utc&sort_type=desc&size=500 (Caused by NewConnectionError('<urllib3.connection.HTTPSConnection object at 0xffffa0044a50>: Failed to establish a new connection: [Errno -2] Name or service not known'))
[2023-05-01T19:37:09.069+0000] {helpers.py:87} ERROR - Retrying! -1 attempts before skipping!
[2023-05-01T19:37:10.077+0000] {logging_mixin.py:137} INFO - HTTPSConnectionPool(host='api.pushshift.io', port=443): Max retries exceeded with url: /reddit/search/submission/?subreddit=LAClippers&sort=created_utc&sort_type=desc&size=500 (Caused by NewConnectionError('<urllib3.connection.HTTPSConnection object at 0xffffa004f3d0>: Failed to establish a new connection: [Errno -2] Name or service not known'))
[2023-05-01T19:37:10.078+0000] {helpers.py:86} ERROR - HTTPSConnectionPool(host='api.pushshift.io', port=443): Max retries exceeded with url: /reddit/search/submission/?subreddit=LAClippers&sort=created_utc&sort_type=desc&size=500 (Caused by NewConnectionError('<urllib3.connection.HTTPSConnection object at 0xffffa004f3d0>: Failed to establish a new connection: [Errno -2] Name or service not known'))
[2023-05-01T19:37:10.080+0000] {helpers.py:87} ERROR - Retrying! 9 attempts before skipping!
[2023-05-01T19:37:11.103+0000] {logging_mixin.py:137} INFO - HTTPSConnectionPool(host='api.pushshift.io', port=443): Max retries exceeded with url: /reddit/search/submission/?subreddit=LAClippers&sort=created_utc&sort_type=desc&size=500 (Caused by NewConnectionError('<urllib3.connection.HTTPSConnection object at 0xffffa004f110>: Failed to establish a new connection: [Errno -2] Name or service not known'))
[2023-05-01T19:37:11.108+0000] {helpers.py:86} ERROR - HTTPSConnectionPool(host='api.pushshift.io', port=443): Max retries exceeded with url: /reddit/search/submission/?subreddit=LAClippers&sort=created_utc&sort_type=desc&size=500 (Caused by NewConnectionError('<urllib3.connection.HTTPSConnection object at 0xffffa004f110>: Failed to establish a new connection: [Errno -2] Name or service not known'))
[2023-05-01T19:37:11.124+0000] {helpers.py:87} ERROR - Retrying! 8 attempts before skipping!
[2023-05-01T19:37:12.150+0000] {logging_mixin.py:137} INFO - HTTPSConnectionPool(host='api.pushshift.io', port=443): Max retries exceeded with url: /reddit/search/submission/?subreddit=LAClippers&sort=created_utc&sort_type=desc&size=500 (Caused by NewConnectionError('<urllib3.connection.HTTPSConnection object at 0xffffa004f3d0>: Failed to establish a new connection: [Errno -2] Name or service not known'))
[2023-05-01T19:37:12.155+0000] {helpers.py:86} ERROR - HTTPSConnectionPool(host='api.pushshift.io', port=443): Max retries exceeded with url: /reddit/search/submission/?subreddit=LAClippers&sort=created_utc&sort_type=desc&size=500 (Caused by NewConnectionError('<urllib3.connection.HTTPSConnection object at 0xffffa004f3d0>: Failed to establish a new connection: [Errno -2] Name or service not known'))
[2023-05-01T19:37:12.159+0000] {helpers.py:87} ERROR - Retrying! 7 attempts before skipping!
[2023-05-01T19:37:13.191+0000] {logging_mixin.py:137} INFO - HTTPSConnectionPool(host='api.pushshift.io', port=443): Max retries exceeded with url: /reddit/search/submission/?subreddit=LAClippers&sort=created_utc&sort_type=desc&size=500 (Caused by NewConnectionError('<urllib3.connection.HTTPSConnection object at 0xffffa004f110>: Failed to establish a new connection: [Errno -2] Name or service not known'))
[2023-05-01T19:37:13.201+0000] {helpers.py:86} ERROR - HTTPSConnectionPool(host='api.pushshift.io', port=443): Max retries exceeded with url: /reddit/search/submission/?subreddit=LAClippers&sort=created_utc&sort_type=desc&size=500 (Caused by NewConnectionError('<urllib3.connection.HTTPSConnection object at 0xffffa004f110>: Failed to establish a new connection: [Errno -2] Name or service not known'))
[2023-05-01T19:37:13.208+0000] {helpers.py:87} ERROR - Retrying! 6 attempts before skipping!
[2023-05-01T19:37:14.217+0000] {logging_mixin.py:137} INFO - HTTPSConnectionPool(host='api.pushshift.io', port=443): Max retries exceeded with url: /reddit/search/submission/?subreddit=LAClippers&sort=created_utc&sort_type=desc&size=500 (Caused by NewConnectionError('<urllib3.connection.HTTPSConnection object at 0xffffa004f3d0>: Failed to establish a new connection: [Errno -2] Name or service not known'))
[2023-05-01T19:37:14.218+0000] {helpers.py:86} ERROR - HTTPSConnectionPool(host='api.pushshift.io', port=443): Max retries exceeded with url: /reddit/search/submission/?subreddit=LAClippers&sort=created_utc&sort_type=desc&size=500 (Caused by NewConnectionError('<urllib3.connection.HTTPSConnection object at 0xffffa004f3d0>: Failed to establish a new connection: [Errno -2] Name or service not known'))
[2023-05-01T19:37:14.219+0000] {helpers.py:87} ERROR - Retrying! 5 attempts before skipping!
[2023-05-01T19:37:15.226+0000] {logging_mixin.py:137} INFO - HTTPSConnectionPool(host='api.pushshift.io', port=443): Max retries exceeded with url: /reddit/search/submission/?subreddit=LAClippers&sort=created_utc&sort_type=desc&size=500 (Caused by NewConnectionError('<urllib3.connection.HTTPSConnection object at 0xffffa004f110>: Failed to establish a new connection: [Errno -2] Name or service not known'))
[2023-05-01T19:37:15.228+0000] {helpers.py:86} ERROR - HTTPSConnectionPool(host='api.pushshift.io', port=443): Max retries exceeded with url: /reddit/search/submission/?subreddit=LAClippers&sort=created_utc&sort_type=desc&size=500 (Caused by NewConnectionError('<urllib3.connection.HTTPSConnection object at 0xffffa004f110>: Failed to establish a new connection: [Errno -2] Name or service not known'))
[2023-05-01T19:37:15.230+0000] {helpers.py:87} ERROR - Retrying! 4 attempts before skipping!
[2023-05-01T19:37:16.253+0000] {logging_mixin.py:137} INFO - HTTPSConnectionPool(host='api.pushshift.io', port=443): Max retries exceeded with url: /reddit/search/submission/?subreddit=LAClippers&sort=created_utc&sort_type=desc&size=500 (Caused by NewConnectionError('<urllib3.connection.HTTPSConnection object at 0xffffa004f3d0>: Failed to establish a new connection: [Errno -2] Name or service not known'))
[2023-05-01T19:37:16.255+0000] {helpers.py:86} ERROR - HTTPSConnectionPool(host='api.pushshift.io', port=443): Max retries exceeded with url: /reddit/search/submission/?subreddit=LAClippers&sort=created_utc&sort_type=desc&size=500 (Caused by NewConnectionError('<urllib3.connection.HTTPSConnection object at 0xffffa004f3d0>: Failed to establish a new connection: [Errno -2] Name or service not known'))
[2023-05-01T19:37:16.256+0000] {helpers.py:87} ERROR - Retrying! 3 attempts before skipping!
[2023-05-01T19:37:17.271+0000] {logging_mixin.py:137} INFO - HTTPSConnectionPool(host='api.pushshift.io', port=443): Max retries exceeded with url: /reddit/search/submission/?subreddit=LAClippers&sort=created_utc&sort_type=desc&size=500 (Caused by NewConnectionError('<urllib3.connection.HTTPSConnection object at 0xffffa004f110>: Failed to establish a new connection: [Errno -2] Name or service not known'))
[2023-05-01T19:37:17.273+0000] {helpers.py:86} ERROR - HTTPSConnectionPool(host='api.pushshift.io', port=443): Max retries exceeded with url: /reddit/search/submission/?subreddit=LAClippers&sort=created_utc&sort_type=desc&size=500 (Caused by NewConnectionError('<urllib3.connection.HTTPSConnection object at 0xffffa004f110>: Failed to establish a new connection: [Errno -2] Name or service not known'))
[2023-05-01T19:37:17.278+0000] {helpers.py:87} ERROR - Retrying! 2 attempts before skipping!
[2023-05-01T19:37:18.315+0000] {logging_mixin.py:137} INFO - HTTPSConnectionPool(host='api.pushshift.io', port=443): Max retries exceeded with url: /reddit/search/submission/?subreddit=LAClippers&sort=created_utc&sort_type=desc&size=500 (Caused by NewConnectionError('<urllib3.connection.HTTPSConnection object at 0xffffa004f3d0>: Failed to establish a new connection: [Errno -2] Name or service not known'))
[2023-05-01T19:37:18.325+0000] {helpers.py:86} ERROR - HTTPSConnectionPool(host='api.pushshift.io', port=443): Max retries exceeded with url: /reddit/search/submission/?subreddit=LAClippers&sort=created_utc&sort_type=desc&size=500 (Caused by NewConnectionError('<urllib3.connection.HTTPSConnection object at 0xffffa004f3d0>: Failed to establish a new connection: [Errno -2] Name or service not known'))
[2023-05-01T19:37:18.328+0000] {helpers.py:87} ERROR - Retrying! 1 attempts before skipping!
[2023-05-01T19:37:19.341+0000] {logging_mixin.py:137} INFO - HTTPSConnectionPool(host='api.pushshift.io', port=443): Max retries exceeded with url: /reddit/search/submission/?subreddit=LAClippers&sort=created_utc&sort_type=desc&size=500 (Caused by NewConnectionError('<urllib3.connection.HTTPSConnection object at 0xffffa004f110>: Failed to establish a new connection: [Errno -2] Name or service not known'))
[2023-05-01T19:37:19.345+0000] {helpers.py:86} ERROR - HTTPSConnectionPool(host='api.pushshift.io', port=443): Max retries exceeded with url: /reddit/search/submission/?subreddit=LAClippers&sort=created_utc&sort_type=desc&size=500 (Caused by NewConnectionError('<urllib3.connection.HTTPSConnection object at 0xffffa004f110>: Failed to establish a new connection: [Errno -2] Name or service not known'))
[2023-05-01T19:37:19.346+0000] {helpers.py:87} ERROR - Retrying! 0 attempts before skipping!
[2023-05-01T19:37:20.359+0000] {logging_mixin.py:137} INFO - HTTPSConnectionPool(host='api.pushshift.io', port=443): Max retries exceeded with url: /reddit/search/submission/?subreddit=LAClippers&sort=created_utc&sort_type=desc&size=500 (Caused by NewConnectionError('<urllib3.connection.HTTPSConnection object at 0xffffa004f3d0>: Failed to establish a new connection: [Errno -2] Name or service not known'))
[2023-05-01T19:37:20.360+0000] {helpers.py:86} ERROR - HTTPSConnectionPool(host='api.pushshift.io', port=443): Max retries exceeded with url: /reddit/search/submission/?subreddit=LAClippers&sort=created_utc&sort_type=desc&size=500 (Caused by NewConnectionError('<urllib3.connection.HTTPSConnection object at 0xffffa004f3d0>: Failed to establish a new connection: [Errno -2] Name or service not known'))
[2023-05-01T19:37:20.362+0000] {helpers.py:87} ERROR - Retrying! -1 attempts before skipping!
[2023-05-01T19:37:21.375+0000] {logging_mixin.py:137} INFO - HTTPSConnectionPool(host='api.pushshift.io', port=443): Max retries exceeded with url: /reddit/search/submission/?subreddit=lakers&sort=created_utc&sort_type=desc&size=500 (Caused by NewConnectionError('<urllib3.connection.HTTPSConnection object at 0xffffa004f3d0>: Failed to establish a new connection: [Errno -2] Name or service not known'))
[2023-05-01T19:37:21.377+0000] {helpers.py:86} ERROR - HTTPSConnectionPool(host='api.pushshift.io', port=443): Max retries exceeded with url: /reddit/search/submission/?subreddit=lakers&sort=created_utc&sort_type=desc&size=500 (Caused by NewConnectionError('<urllib3.connection.HTTPSConnection object at 0xffffa004f3d0>: Failed to establish a new connection: [Errno -2] Name or service not known'))
[2023-05-01T19:37:21.379+0000] {helpers.py:87} ERROR - Retrying! 9 attempts before skipping!
[2023-05-01T19:37:22.399+0000] {logging_mixin.py:137} INFO - HTTPSConnectionPool(host='api.pushshift.io', port=443): Max retries exceeded with url: /reddit/search/submission/?subreddit=lakers&sort=created_utc&sort_type=desc&size=500 (Caused by NewConnectionError('<urllib3.connection.HTTPSConnection object at 0xffffa004f1d0>: Failed to establish a new connection: [Errno -2] Name or service not known'))
[2023-05-01T19:37:22.402+0000] {helpers.py:86} ERROR - HTTPSConnectionPool(host='api.pushshift.io', port=443): Max retries exceeded with url: /reddit/search/submission/?subreddit=lakers&sort=created_utc&sort_type=desc&size=500 (Caused by NewConnectionError('<urllib3.connection.HTTPSConnection object at 0xffffa004f1d0>: Failed to establish a new connection: [Errno -2] Name or service not known'))
[2023-05-01T19:37:22.406+0000] {helpers.py:87} ERROR - Retrying! 8 attempts before skipping!
[2023-05-01T19:38:14.845+0000] {logging_mixin.py:137} INFO - HTTPSConnectionPool(host='api.pushshift.io', port=443): Max retries exceeded with url: /reddit/search/submission/?subreddit=lakers&sort=created_utc&sort_type=desc&size=500 (Caused by NewConnectionError('<urllib3.connection.HTTPSConnection object at 0xffffa004f3d0>: Failed to establish a new connection: [Errno -2] Name or service not known'))
[2023-05-01T19:38:14.847+0000] {helpers.py:86} ERROR - HTTPSConnectionPool(host='api.pushshift.io', port=443): Max retries exceeded with url: /reddit/search/submission/?subreddit=lakers&sort=created_utc&sort_type=desc&size=500 (Caused by NewConnectionError('<urllib3.connection.HTTPSConnection object at 0xffffa004f3d0>: Failed to establish a new connection: [Errno -2] Name or service not known'))
[2023-05-01T19:38:14.849+0000] {helpers.py:87} ERROR - Retrying! 7 attempts before skipping!
[2023-05-01T19:38:15.869+0000] {logging_mixin.py:137} INFO - HTTPSConnectionPool(host='api.pushshift.io', port=443): Max retries exceeded with url: /reddit/search/submission/?subreddit=lakers&sort=created_utc&sort_type=desc&size=500 (Caused by NewConnectionError('<urllib3.connection.HTTPSConnection object at 0xffffa004f1d0>: Failed to establish a new connection: [Errno -2] Name or service not known'))
[2023-05-01T19:38:15.877+0000] {helpers.py:86} ERROR - HTTPSConnectionPool(host='api.pushshift.io', port=443): Max retries exceeded with url: /reddit/search/submission/?subreddit=lakers&sort=created_utc&sort_type=desc&size=500 (Caused by NewConnectionError('<urllib3.connection.HTTPSConnection object at 0xffffa004f1d0>: Failed to establish a new connection: [Errno -2] Name or service not known'))
[2023-05-01T19:38:15.879+0000] {helpers.py:87} ERROR - Retrying! 6 attempts before skipping!
[2023-05-01T19:38:16.889+0000] {logging_mixin.py:137} INFO - HTTPSConnectionPool(host='api.pushshift.io', port=443): Max retries exceeded with url: /reddit/search/submission/?subreddit=lakers&sort=created_utc&sort_type=desc&size=500 (Caused by NewConnectionError('<urllib3.connection.HTTPSConnection object at 0xffffa004f3d0>: Failed to establish a new connection: [Errno -2] Name or service not known'))
[2023-05-01T19:38:16.892+0000] {helpers.py:86} ERROR - HTTPSConnectionPool(host='api.pushshift.io', port=443): Max retries exceeded with url: /reddit/search/submission/?subreddit=lakers&sort=created_utc&sort_type=desc&size=500 (Caused by NewConnectionError('<urllib3.connection.HTTPSConnection object at 0xffffa004f3d0>: Failed to establish a new connection: [Errno -2] Name or service not known'))
[2023-05-01T19:38:16.894+0000] {helpers.py:87} ERROR - Retrying! 5 attempts before skipping!
[2023-05-01T19:38:17.904+0000] {logging_mixin.py:137} INFO - HTTPSConnectionPool(host='api.pushshift.io', port=443): Max retries exceeded with url: /reddit/search/submission/?subreddit=lakers&sort=created_utc&sort_type=desc&size=500 (Caused by NewConnectionError('<urllib3.connection.HTTPSConnection object at 0xffffa004f1d0>: Failed to establish a new connection: [Errno -2] Name or service not known'))
[2023-05-01T19:38:17.906+0000] {helpers.py:86} ERROR - HTTPSConnectionPool(host='api.pushshift.io', port=443): Max retries exceeded with url: /reddit/search/submission/?subreddit=lakers&sort=created_utc&sort_type=desc&size=500 (Caused by NewConnectionError('<urllib3.connection.HTTPSConnection object at 0xffffa004f1d0>: Failed to establish a new connection: [Errno -2] Name or service not known'))
[2023-05-01T19:38:17.907+0000] {helpers.py:87} ERROR - Retrying! 4 attempts before skipping!
[2023-05-01T19:38:18.916+0000] {logging_mixin.py:137} INFO - HTTPSConnectionPool(host='api.pushshift.io', port=443): Max retries exceeded with url: /reddit/search/submission/?subreddit=lakers&sort=created_utc&sort_type=desc&size=500 (Caused by NewConnectionError('<urllib3.connection.HTTPSConnection object at 0xffffa004f3d0>: Failed to establish a new connection: [Errno -2] Name or service not known'))
[2023-05-01T19:38:18.920+0000] {helpers.py:86} ERROR - HTTPSConnectionPool(host='api.pushshift.io', port=443): Max retries exceeded with url: /reddit/search/submission/?subreddit=lakers&sort=created_utc&sort_type=desc&size=500 (Caused by NewConnectionError('<urllib3.connection.HTTPSConnection object at 0xffffa004f3d0>: Failed to establish a new connection: [Errno -2] Name or service not known'))
[2023-05-01T19:38:18.921+0000] {helpers.py:87} ERROR - Retrying! 3 attempts before skipping!
[2023-05-01T19:38:19.951+0000] {logging_mixin.py:137} INFO - HTTPSConnectionPool(host='api.pushshift.io', port=443): Max retries exceeded with url: /reddit/search/submission/?subreddit=lakers&sort=created_utc&sort_type=desc&size=500 (Caused by NewConnectionError('<urllib3.connection.HTTPSConnection object at 0xffffa004f1d0>: Failed to establish a new connection: [Errno -2] Name or service not known'))
[2023-05-01T19:38:19.958+0000] {helpers.py:86} ERROR - HTTPSConnectionPool(host='api.pushshift.io', port=443): Max retries exceeded with url: /reddit/search/submission/?subreddit=lakers&sort=created_utc&sort_type=desc&size=500 (Caused by NewConnectionError('<urllib3.connection.HTTPSConnection object at 0xffffa004f1d0>: Failed to establish a new connection: [Errno -2] Name or service not known'))
[2023-05-01T19:38:19.961+0000] {helpers.py:87} ERROR - Retrying! 2 attempts before skipping!
[2023-05-01T19:38:20.977+0000] {logging_mixin.py:137} INFO - HTTPSConnectionPool(host='api.pushshift.io', port=443): Max retries exceeded with url: /reddit/search/submission/?subreddit=lakers&sort=created_utc&sort_type=desc&size=500 (Caused by NewConnectionError('<urllib3.connection.HTTPSConnection object at 0xffffa004f3d0>: Failed to establish a new connection: [Errno -2] Name or service not known'))
[2023-05-01T19:38:20.978+0000] {helpers.py:86} ERROR - HTTPSConnectionPool(host='api.pushshift.io', port=443): Max retries exceeded with url: /reddit/search/submission/?subreddit=lakers&sort=created_utc&sort_type=desc&size=500 (Caused by NewConnectionError('<urllib3.connection.HTTPSConnection object at 0xffffa004f3d0>: Failed to establish a new connection: [Errno -2] Name or service not known'))
[2023-05-01T19:38:20.980+0000] {helpers.py:87} ERROR - Retrying! 1 attempts before skipping!
[2023-05-01T19:38:22.004+0000] {logging_mixin.py:137} INFO - HTTPSConnectionPool(host='api.pushshift.io', port=443): Max retries exceeded with url: /reddit/search/submission/?subreddit=lakers&sort=created_utc&sort_type=desc&size=500 (Caused by NewConnectionError('<urllib3.connection.HTTPSConnection object at 0xffffa004f1d0>: Failed to establish a new connection: [Errno -2] Name or service not known'))
[2023-05-01T19:38:22.007+0000] {helpers.py:86} ERROR - HTTPSConnectionPool(host='api.pushshift.io', port=443): Max retries exceeded with url: /reddit/search/submission/?subreddit=lakers&sort=created_utc&sort_type=desc&size=500 (Caused by NewConnectionError('<urllib3.connection.HTTPSConnection object at 0xffffa004f1d0>: Failed to establish a new connection: [Errno -2] Name or service not known'))
[2023-05-01T19:38:22.009+0000] {helpers.py:87} ERROR - Retrying! 0 attempts before skipping!
[2023-05-01T19:38:23.022+0000] {logging_mixin.py:137} INFO - HTTPSConnectionPool(host='api.pushshift.io', port=443): Max retries exceeded with url: /reddit/search/submission/?subreddit=lakers&sort=created_utc&sort_type=desc&size=500 (Caused by NewConnectionError('<urllib3.connection.HTTPSConnection object at 0xffffa004f3d0>: Failed to establish a new connection: [Errno -2] Name or service not known'))
[2023-05-01T19:38:23.026+0000] {helpers.py:86} ERROR - HTTPSConnectionPool(host='api.pushshift.io', port=443): Max retries exceeded with url: /reddit/search/submission/?subreddit=lakers&sort=created_utc&sort_type=desc&size=500 (Caused by NewConnectionError('<urllib3.connection.HTTPSConnection object at 0xffffa004f3d0>: Failed to establish a new connection: [Errno -2] Name or service not known'))
[2023-05-01T19:38:23.030+0000] {helpers.py:87} ERROR - Retrying! -1 attempts before skipping!
[2023-05-01T19:38:24.060+0000] {logging_mixin.py:137} INFO - HTTPSConnectionPool(host='api.pushshift.io', port=443): Max retries exceeded with url: /reddit/search/submission/?subreddit=memphisgrizzlies&sort=created_utc&sort_type=desc&size=500 (Caused by NewConnectionError('<urllib3.connection.HTTPSConnection object at 0xffffa004f3d0>: Failed to establish a new connection: [Errno -2] Name or service not known'))
[2023-05-01T19:38:24.065+0000] {helpers.py:86} ERROR - HTTPSConnectionPool(host='api.pushshift.io', port=443): Max retries exceeded with url: /reddit/search/submission/?subreddit=memphisgrizzlies&sort=created_utc&sort_type=desc&size=500 (Caused by NewConnectionError('<urllib3.connection.HTTPSConnection object at 0xffffa004f3d0>: Failed to establish a new connection: [Errno -2] Name or service not known'))
[2023-05-01T19:38:24.070+0000] {helpers.py:87} ERROR - Retrying! 9 attempts before skipping!
[2023-05-01T19:38:25.099+0000] {logging_mixin.py:137} INFO - HTTPSConnectionPool(host='api.pushshift.io', port=443): Max retries exceeded with url: /reddit/search/submission/?subreddit=memphisgrizzlies&sort=created_utc&sort_type=desc&size=500 (Caused by NewConnectionError('<urllib3.connection.HTTPSConnection object at 0xffffa004f190>: Failed to establish a new connection: [Errno -2] Name or service not known'))
[2023-05-01T19:38:25.125+0000] {helpers.py:86} ERROR - HTTPSConnectionPool(host='api.pushshift.io', port=443): Max retries exceeded with url: /reddit/search/submission/?subreddit=memphisgrizzlies&sort=created_utc&sort_type=desc&size=500 (Caused by NewConnectionError('<urllib3.connection.HTTPSConnection object at 0xffffa004f190>: Failed to establish a new connection: [Errno -2] Name or service not known'))
[2023-05-01T19:38:25.128+0000] {helpers.py:87} ERROR - Retrying! 8 attempts before skipping!
[2023-05-01T19:38:26.153+0000] {logging_mixin.py:137} INFO - HTTPSConnectionPool(host='api.pushshift.io', port=443): Max retries exceeded with url: /reddit/search/submission/?subreddit=memphisgrizzlies&sort=created_utc&sort_type=desc&size=500 (Caused by NewConnectionError('<urllib3.connection.HTTPSConnection object at 0xffffa004f3d0>: Failed to establish a new connection: [Errno -2] Name or service not known'))
[2023-05-01T19:38:26.158+0000] {helpers.py:86} ERROR - HTTPSConnectionPool(host='api.pushshift.io', port=443): Max retries exceeded with url: /reddit/search/submission/?subreddit=memphisgrizzlies&sort=created_utc&sort_type=desc&size=500 (Caused by NewConnectionError('<urllib3.connection.HTTPSConnection object at 0xffffa004f3d0>: Failed to establish a new connection: [Errno -2] Name or service not known'))
[2023-05-01T19:38:26.161+0000] {helpers.py:87} ERROR - Retrying! 7 attempts before skipping!
[2023-05-01T19:38:27.201+0000] {logging_mixin.py:137} INFO - HTTPSConnectionPool(host='api.pushshift.io', port=443): Max retries exceeded with url: /reddit/search/submission/?subreddit=memphisgrizzlies&sort=created_utc&sort_type=desc&size=500 (Caused by NewConnectionError('<urllib3.connection.HTTPSConnection object at 0xffffa004f190>: Failed to establish a new connection: [Errno -2] Name or service not known'))
[2023-05-01T19:38:27.210+0000] {helpers.py:86} ERROR - HTTPSConnectionPool(host='api.pushshift.io', port=443): Max retries exceeded with url: /reddit/search/submission/?subreddit=memphisgrizzlies&sort=created_utc&sort_type=desc&size=500 (Caused by NewConnectionError('<urllib3.connection.HTTPSConnection object at 0xffffa004f190>: Failed to establish a new connection: [Errno -2] Name or service not known'))
[2023-05-01T19:38:27.219+0000] {helpers.py:87} ERROR - Retrying! 6 attempts before skipping!
[2023-05-01T19:38:28.236+0000] {logging_mixin.py:137} INFO - HTTPSConnectionPool(host='api.pushshift.io', port=443): Max retries exceeded with url: /reddit/search/submission/?subreddit=memphisgrizzlies&sort=created_utc&sort_type=desc&size=500 (Caused by NewConnectionError('<urllib3.connection.HTTPSConnection object at 0xffffa004f3d0>: Failed to establish a new connection: [Errno -2] Name or service not known'))
[2023-05-01T19:38:28.242+0000] {helpers.py:86} ERROR - HTTPSConnectionPool(host='api.pushshift.io', port=443): Max retries exceeded with url: /reddit/search/submission/?subreddit=memphisgrizzlies&sort=created_utc&sort_type=desc&size=500 (Caused by NewConnectionError('<urllib3.connection.HTTPSConnection object at 0xffffa004f3d0>: Failed to establish a new connection: [Errno -2] Name or service not known'))
[2023-05-01T19:38:28.245+0000] {helpers.py:87} ERROR - Retrying! 5 attempts before skipping!
[2023-05-01T19:38:29.255+0000] {logging_mixin.py:137} INFO - HTTPSConnectionPool(host='api.pushshift.io', port=443): Max retries exceeded with url: /reddit/search/submission/?subreddit=memphisgrizzlies&sort=created_utc&sort_type=desc&size=500 (Caused by NewConnectionError('<urllib3.connection.HTTPSConnection object at 0xffffa004f190>: Failed to establish a new connection: [Errno -2] Name or service not known'))
[2023-05-01T19:38:29.258+0000] {helpers.py:86} ERROR - HTTPSConnectionPool(host='api.pushshift.io', port=443): Max retries exceeded with url: /reddit/search/submission/?subreddit=memphisgrizzlies&sort=created_utc&sort_type=desc&size=500 (Caused by NewConnectionError('<urllib3.connection.HTTPSConnection object at 0xffffa004f190>: Failed to establish a new connection: [Errno -2] Name or service not known'))
[2023-05-01T19:38:29.260+0000] {helpers.py:87} ERROR - Retrying! 4 attempts before skipping!
[2023-05-01T19:38:30.285+0000] {logging_mixin.py:137} INFO - HTTPSConnectionPool(host='api.pushshift.io', port=443): Max retries exceeded with url: /reddit/search/submission/?subreddit=memphisgrizzlies&sort=created_utc&sort_type=desc&size=500 (Caused by NewConnectionError('<urllib3.connection.HTTPSConnection object at 0xffffa004f3d0>: Failed to establish a new connection: [Errno -2] Name or service not known'))
[2023-05-01T19:38:30.293+0000] {helpers.py:86} ERROR - HTTPSConnectionPool(host='api.pushshift.io', port=443): Max retries exceeded with url: /reddit/search/submission/?subreddit=memphisgrizzlies&sort=created_utc&sort_type=desc&size=500 (Caused by NewConnectionError('<urllib3.connection.HTTPSConnection object at 0xffffa004f3d0>: Failed to establish a new connection: [Errno -2] Name or service not known'))
[2023-05-01T19:38:30.302+0000] {helpers.py:87} ERROR - Retrying! 3 attempts before skipping!
[2023-05-01T19:38:31.342+0000] {logging_mixin.py:137} INFO - HTTPSConnectionPool(host='api.pushshift.io', port=443): Max retries exceeded with url: /reddit/search/submission/?subreddit=memphisgrizzlies&sort=created_utc&sort_type=desc&size=500 (Caused by NewConnectionError('<urllib3.connection.HTTPSConnection object at 0xffffa004f190>: Failed to establish a new connection: [Errno -2] Name or service not known'))
[2023-05-01T19:38:31.349+0000] {helpers.py:86} ERROR - HTTPSConnectionPool(host='api.pushshift.io', port=443): Max retries exceeded with url: /reddit/search/submission/?subreddit=memphisgrizzlies&sort=created_utc&sort_type=desc&size=500 (Caused by NewConnectionError('<urllib3.connection.HTTPSConnection object at 0xffffa004f190>: Failed to establish a new connection: [Errno -2] Name or service not known'))
[2023-05-01T19:38:31.356+0000] {helpers.py:87} ERROR - Retrying! 2 attempts before skipping!
[2023-05-01T19:38:32.365+0000] {logging_mixin.py:137} INFO - HTTPSConnectionPool(host='api.pushshift.io', port=443): Max retries exceeded with url: /reddit/search/submission/?subreddit=memphisgrizzlies&sort=created_utc&sort_type=desc&size=500 (Caused by NewConnectionError('<urllib3.connection.HTTPSConnection object at 0xffffa004f3d0>: Failed to establish a new connection: [Errno -2] Name or service not known'))
[2023-05-01T19:38:32.366+0000] {helpers.py:86} ERROR - HTTPSConnectionPool(host='api.pushshift.io', port=443): Max retries exceeded with url: /reddit/search/submission/?subreddit=memphisgrizzlies&sort=created_utc&sort_type=desc&size=500 (Caused by NewConnectionError('<urllib3.connection.HTTPSConnection object at 0xffffa004f3d0>: Failed to establish a new connection: [Errno -2] Name or service not known'))
[2023-05-01T19:38:32.369+0000] {helpers.py:87} ERROR - Retrying! 1 attempts before skipping!
[2023-05-01T19:38:33.375+0000] {logging_mixin.py:137} INFO - HTTPSConnectionPool(host='api.pushshift.io', port=443): Max retries exceeded with url: /reddit/search/submission/?subreddit=memphisgrizzlies&sort=created_utc&sort_type=desc&size=500 (Caused by NewConnectionError('<urllib3.connection.HTTPSConnection object at 0xffffa004f190>: Failed to establish a new connection: [Errno -2] Name or service not known'))
[2023-05-01T19:38:33.377+0000] {helpers.py:86} ERROR - HTTPSConnectionPool(host='api.pushshift.io', port=443): Max retries exceeded with url: /reddit/search/submission/?subreddit=memphisgrizzlies&sort=created_utc&sort_type=desc&size=500 (Caused by NewConnectionError('<urllib3.connection.HTTPSConnection object at 0xffffa004f190>: Failed to establish a new connection: [Errno -2] Name or service not known'))
[2023-05-01T19:38:33.378+0000] {helpers.py:87} ERROR - Retrying! 0 attempts before skipping!
[2023-05-01T19:38:34.397+0000] {logging_mixin.py:137} INFO - HTTPSConnectionPool(host='api.pushshift.io', port=443): Max retries exceeded with url: /reddit/search/submission/?subreddit=memphisgrizzlies&sort=created_utc&sort_type=desc&size=500 (Caused by NewConnectionError('<urllib3.connection.HTTPSConnection object at 0xffffa004f3d0>: Failed to establish a new connection: [Errno -2] Name or service not known'))
[2023-05-01T19:38:34.398+0000] {helpers.py:86} ERROR - HTTPSConnectionPool(host='api.pushshift.io', port=443): Max retries exceeded with url: /reddit/search/submission/?subreddit=memphisgrizzlies&sort=created_utc&sort_type=desc&size=500 (Caused by NewConnectionError('<urllib3.connection.HTTPSConnection object at 0xffffa004f3d0>: Failed to establish a new connection: [Errno -2] Name or service not known'))
[2023-05-01T19:38:34.400+0000] {helpers.py:87} ERROR - Retrying! -1 attempts before skipping!
[2023-05-01T19:38:35.423+0000] {logging_mixin.py:137} INFO - HTTPSConnectionPool(host='api.pushshift.io', port=443): Max retries exceeded with url: /reddit/search/submission/?subreddit=heat&sort=created_utc&sort_type=desc&size=500 (Caused by NewConnectionError('<urllib3.connection.HTTPSConnection object at 0xffffa8d078d0>: Failed to establish a new connection: [Errno -2] Name or service not known'))
[2023-05-01T19:38:35.425+0000] {helpers.py:86} ERROR - HTTPSConnectionPool(host='api.pushshift.io', port=443): Max retries exceeded with url: /reddit/search/submission/?subreddit=heat&sort=created_utc&sort_type=desc&size=500 (Caused by NewConnectionError('<urllib3.connection.HTTPSConnection object at 0xffffa8d078d0>: Failed to establish a new connection: [Errno -2] Name or service not known'))
[2023-05-01T19:38:35.428+0000] {helpers.py:87} ERROR - Retrying! 9 attempts before skipping!
[2023-05-01T19:38:36.456+0000] {logging_mixin.py:137} INFO - HTTPSConnectionPool(host='api.pushshift.io', port=443): Max retries exceeded with url: /reddit/search/submission/?subreddit=heat&sort=created_utc&sort_type=desc&size=500 (Caused by NewConnectionError('<urllib3.connection.HTTPSConnection object at 0xffffa00446d0>: Failed to establish a new connection: [Errno -2] Name or service not known'))
[2023-05-01T19:38:36.459+0000] {helpers.py:86} ERROR - HTTPSConnectionPool(host='api.pushshift.io', port=443): Max retries exceeded with url: /reddit/search/submission/?subreddit=heat&sort=created_utc&sort_type=desc&size=500 (Caused by NewConnectionError('<urllib3.connection.HTTPSConnection object at 0xffffa00446d0>: Failed to establish a new connection: [Errno -2] Name or service not known'))
[2023-05-01T19:38:36.462+0000] {helpers.py:87} ERROR - Retrying! 8 attempts before skipping!
[2023-05-01T19:38:37.471+0000] {logging_mixin.py:137} INFO - HTTPSConnectionPool(host='api.pushshift.io', port=443): Max retries exceeded with url: /reddit/search/submission/?subreddit=heat&sort=created_utc&sort_type=desc&size=500 (Caused by NewConnectionError('<urllib3.connection.HTTPSConnection object at 0xffffa0044f50>: Failed to establish a new connection: [Errno -2] Name or service not known'))
[2023-05-01T19:38:37.473+0000] {helpers.py:86} ERROR - HTTPSConnectionPool(host='api.pushshift.io', port=443): Max retries exceeded with url: /reddit/search/submission/?subreddit=heat&sort=created_utc&sort_type=desc&size=500 (Caused by NewConnectionError('<urllib3.connection.HTTPSConnection object at 0xffffa0044f50>: Failed to establish a new connection: [Errno -2] Name or service not known'))
[2023-05-01T19:38:37.474+0000] {helpers.py:87} ERROR - Retrying! 7 attempts before skipping!
[2023-05-01T19:38:38.506+0000] {logging_mixin.py:137} INFO - HTTPSConnectionPool(host='api.pushshift.io', port=443): Max retries exceeded with url: /reddit/search/submission/?subreddit=heat&sort=created_utc&sort_type=desc&size=500 (Caused by NewConnectionError('<urllib3.connection.HTTPSConnection object at 0xffffa00446d0>: Failed to establish a new connection: [Errno -2] Name or service not known'))
[2023-05-01T19:38:38.527+0000] {helpers.py:86} ERROR - HTTPSConnectionPool(host='api.pushshift.io', port=443): Max retries exceeded with url: /reddit/search/submission/?subreddit=heat&sort=created_utc&sort_type=desc&size=500 (Caused by NewConnectionError('<urllib3.connection.HTTPSConnection object at 0xffffa00446d0>: Failed to establish a new connection: [Errno -2] Name or service not known'))
[2023-05-01T19:38:38.529+0000] {helpers.py:87} ERROR - Retrying! 6 attempts before skipping!
[2023-05-01T19:38:39.539+0000] {logging_mixin.py:137} INFO - HTTPSConnectionPool(host='api.pushshift.io', port=443): Max retries exceeded with url: /reddit/search/submission/?subreddit=heat&sort=created_utc&sort_type=desc&size=500 (Caused by NewConnectionError('<urllib3.connection.HTTPSConnection object at 0xffffa0044f50>: Failed to establish a new connection: [Errno -2] Name or service not known'))
[2023-05-01T19:38:39.546+0000] {helpers.py:86} ERROR - HTTPSConnectionPool(host='api.pushshift.io', port=443): Max retries exceeded with url: /reddit/search/submission/?subreddit=heat&sort=created_utc&sort_type=desc&size=500 (Caused by NewConnectionError('<urllib3.connection.HTTPSConnection object at 0xffffa0044f50>: Failed to establish a new connection: [Errno -2] Name or service not known'))
[2023-05-01T19:38:39.547+0000] {helpers.py:87} ERROR - Retrying! 5 attempts before skipping!
[2023-05-01T19:38:40.563+0000] {logging_mixin.py:137} INFO - HTTPSConnectionPool(host='api.pushshift.io', port=443): Max retries exceeded with url: /reddit/search/submission/?subreddit=heat&sort=created_utc&sort_type=desc&size=500 (Caused by NewConnectionError('<urllib3.connection.HTTPSConnection object at 0xffffa00446d0>: Failed to establish a new connection: [Errno -2] Name or service not known'))
[2023-05-01T19:38:40.565+0000] {helpers.py:86} ERROR - HTTPSConnectionPool(host='api.pushshift.io', port=443): Max retries exceeded with url: /reddit/search/submission/?subreddit=heat&sort=created_utc&sort_type=desc&size=500 (Caused by NewConnectionError('<urllib3.connection.HTTPSConnection object at 0xffffa00446d0>: Failed to establish a new connection: [Errno -2] Name or service not known'))
[2023-05-01T19:38:40.568+0000] {helpers.py:87} ERROR - Retrying! 4 attempts before skipping!
[2023-05-01T19:38:41.589+0000] {logging_mixin.py:137} INFO - HTTPSConnectionPool(host='api.pushshift.io', port=443): Max retries exceeded with url: /reddit/search/submission/?subreddit=heat&sort=created_utc&sort_type=desc&size=500 (Caused by NewConnectionError('<urllib3.connection.HTTPSConnection object at 0xffffa0044f50>: Failed to establish a new connection: [Errno -2] Name or service not known'))
[2023-05-01T19:38:41.591+0000] {helpers.py:86} ERROR - HTTPSConnectionPool(host='api.pushshift.io', port=443): Max retries exceeded with url: /reddit/search/submission/?subreddit=heat&sort=created_utc&sort_type=desc&size=500 (Caused by NewConnectionError('<urllib3.connection.HTTPSConnection object at 0xffffa0044f50>: Failed to establish a new connection: [Errno -2] Name or service not known'))
[2023-05-01T19:38:41.593+0000] {helpers.py:87} ERROR - Retrying! 3 attempts before skipping!
[2023-05-01T19:38:42.605+0000] {logging_mixin.py:137} INFO - HTTPSConnectionPool(host='api.pushshift.io', port=443): Max retries exceeded with url: /reddit/search/submission/?subreddit=heat&sort=created_utc&sort_type=desc&size=500 (Caused by NewConnectionError('<urllib3.connection.HTTPSConnection object at 0xffffa00446d0>: Failed to establish a new connection: [Errno -2] Name or service not known'))
[2023-05-01T19:38:42.606+0000] {helpers.py:86} ERROR - HTTPSConnectionPool(host='api.pushshift.io', port=443): Max retries exceeded with url: /reddit/search/submission/?subreddit=heat&sort=created_utc&sort_type=desc&size=500 (Caused by NewConnectionError('<urllib3.connection.HTTPSConnection object at 0xffffa00446d0>: Failed to establish a new connection: [Errno -2] Name or service not known'))
[2023-05-01T19:38:42.607+0000] {helpers.py:87} ERROR - Retrying! 2 attempts before skipping!
[2023-05-01T19:38:43.635+0000] {logging_mixin.py:137} INFO - HTTPSConnectionPool(host='api.pushshift.io', port=443): Max retries exceeded with url: /reddit/search/submission/?subreddit=heat&sort=created_utc&sort_type=desc&size=500 (Caused by NewConnectionError('<urllib3.connection.HTTPSConnection object at 0xffffa0044f50>: Failed to establish a new connection: [Errno -2] Name or service not known'))
[2023-05-01T19:38:43.638+0000] {helpers.py:86} ERROR - HTTPSConnectionPool(host='api.pushshift.io', port=443): Max retries exceeded with url: /reddit/search/submission/?subreddit=heat&sort=created_utc&sort_type=desc&size=500 (Caused by NewConnectionError('<urllib3.connection.HTTPSConnection object at 0xffffa0044f50>: Failed to establish a new connection: [Errno -2] Name or service not known'))
[2023-05-01T19:38:43.660+0000] {helpers.py:87} ERROR - Retrying! 1 attempts before skipping!
[2023-05-01T19:57:37.203+0000] {logging_mixin.py:137} INFO - HTTPSConnectionPool(host='api.pushshift.io', port=443): Max retries exceeded with url: /reddit/search/submission/?subreddit=heat&sort=created_utc&sort_type=desc&size=500 (Caused by NewConnectionError('<urllib3.connection.HTTPSConnection object at 0xffffa00446d0>: Failed to establish a new connection: [Errno -2] Name or service not known'))
[2023-05-01T19:57:37.206+0000] {helpers.py:86} ERROR - HTTPSConnectionPool(host='api.pushshift.io', port=443): Max retries exceeded with url: /reddit/search/submission/?subreddit=heat&sort=created_utc&sort_type=desc&size=500 (Caused by NewConnectionError('<urllib3.connection.HTTPSConnection object at 0xffffa00446d0>: Failed to establish a new connection: [Errno -2] Name or service not known'))
[2023-05-01T19:57:37.207+0000] {helpers.py:87} ERROR - Retrying! 0 attempts before skipping!
[2023-05-01T19:57:38.217+0000] {logging_mixin.py:137} INFO - HTTPSConnectionPool(host='api.pushshift.io', port=443): Max retries exceeded with url: /reddit/search/submission/?subreddit=heat&sort=created_utc&sort_type=desc&size=500 (Caused by NewConnectionError('<urllib3.connection.HTTPSConnection object at 0xffffa0044f50>: Failed to establish a new connection: [Errno -2] Name or service not known'))
[2023-05-01T19:57:38.220+0000] {helpers.py:86} ERROR - HTTPSConnectionPool(host='api.pushshift.io', port=443): Max retries exceeded with url: /reddit/search/submission/?subreddit=heat&sort=created_utc&sort_type=desc&size=500 (Caused by NewConnectionError('<urllib3.connection.HTTPSConnection object at 0xffffa0044f50>: Failed to establish a new connection: [Errno -2] Name or service not known'))
[2023-05-01T19:57:38.221+0000] {helpers.py:87} ERROR - Retrying! -1 attempts before skipping!
[2023-05-01T19:57:39.262+0000] {helpers.py:96} INFO - Saved in /opt/***/data/output_scrape_teams_9-16.csv
[2023-05-01T19:57:39.269+0000] {python.py:177} INFO - Done. Returned value was: None
[2023-05-01T19:57:39.315+0000] {taskinstance.py:1332} INFO - Marking task as SUCCESS. dag_id=scrape_and_save_to_csv, task_id=scrape_teams_9-16, execution_date=20230501T183000, start_date=20230501T193624, end_date=20230501T195739
[2023-05-01T19:57:39.395+0000] {local_task_job.py:212} INFO - Task exited with return code 0
[2023-05-01T19:57:39.424+0000] {taskinstance.py:2596} INFO - 1 downstream tasks scheduled from follow-on schedule check
