[2023-05-08T23:53:56.415+0000] {taskinstance.py:1090} INFO - Dependencies all met for dep_context=non-requeueable deps ti=<TaskInstance: scrape_and_save_to_csv.scrape_teams_1-8 manual__2023-05-08T23:51:48.634443+00:00 [queued]>
[2023-05-08T23:53:56.429+0000] {taskinstance.py:1090} INFO - Dependencies all met for dep_context=requeueable deps ti=<TaskInstance: scrape_and_save_to_csv.scrape_teams_1-8 manual__2023-05-08T23:51:48.634443+00:00 [queued]>
[2023-05-08T23:53:56.431+0000] {taskinstance.py:1288} INFO - 
--------------------------------------------------------------------------------
[2023-05-08T23:53:56.432+0000] {taskinstance.py:1289} INFO - Starting attempt 1 of 1
[2023-05-08T23:53:56.434+0000] {taskinstance.py:1290} INFO - 
--------------------------------------------------------------------------------
[2023-05-08T23:53:56.458+0000] {taskinstance.py:1309} INFO - Executing <Task(PythonOperator): scrape_teams_1-8> on 2023-05-08 23:51:48.634443+00:00
[2023-05-08T23:53:56.467+0000] {standard_task_runner.py:55} INFO - Started process 959 to run task
[2023-05-08T23:53:56.472+0000] {standard_task_runner.py:82} INFO - Running: ['***', 'tasks', 'run', 'scrape_and_save_to_csv', 'scrape_teams_1-8', 'manual__2023-05-08T23:51:48.634443+00:00', '--job-id', '3287', '--raw', '--subdir', 'DAGS_FOLDER/scrape_and_push_dag.py', '--cfg-path', '/tmp/tmp66faiah_']
[2023-05-08T23:53:56.475+0000] {standard_task_runner.py:83} INFO - Job 3287: Subtask scrape_teams_1-8
[2023-05-08T23:53:56.567+0000] {task_command.py:389} INFO - Running <TaskInstance: scrape_and_save_to_csv.scrape_teams_1-8 manual__2023-05-08T23:51:48.634443+00:00 [running]> on host f41dbfa3d325
[2023-05-08T23:53:56.607+0000] {warnings.py:110} WARNING - /home/***/.local/lib/python3.7/site-packages/***/utils/context.py:205: AirflowContextDeprecationWarning: Accessing 'execution_date' from the template is deprecated and will be removed in a future version. Please use 'data_interval_start' or 'logical_date' instead.
  warnings.warn(_create_deprecation_warning(key, self._deprecation_replacements[key]))

[2023-05-08T23:53:56.662+0000] {taskinstance.py:1518} INFO - Exporting the following env vars:
AIRFLOW_CTX_DAG_OWNER=***
AIRFLOW_CTX_DAG_ID=scrape_and_save_to_csv
AIRFLOW_CTX_TASK_ID=scrape_teams_1-8
AIRFLOW_CTX_EXECUTION_DATE=2023-05-08T23:51:48.634443+00:00
AIRFLOW_CTX_TRY_NUMBER=1
AIRFLOW_CTX_DAG_RUN_ID=manual__2023-05-08T23:51:48.634443+00:00
[2023-05-08T23:54:05.133+0000] {helpers.py:94} INFO - Atlanta Hawks: Successfully scraped!
[2023-05-08T23:54:20.705+0000] {helpers.py:94} INFO - Boston Celtics: Successfully scraped!
[2023-05-08T23:54:37.389+0000] {helpers.py:94} INFO - Brooklyn Nets: Successfully scraped!
[2023-05-08T23:54:53.899+0000] {helpers.py:94} INFO - Charlotte Hornets: Successfully scraped!
[2023-05-08T23:55:02.260+0000] {local_task_job.py:277} WARNING - State of this instance has been externally set to failed. Terminating instance.
[2023-05-08T23:55:02.275+0000] {process_utils.py:133} INFO - Sending Signals.SIGTERM to group 959. PIDs of all processes in the group: [959]
[2023-05-08T23:55:02.277+0000] {process_utils.py:84} INFO - Sending the signal Signals.SIGTERM to group 959
[2023-05-08T23:55:02.282+0000] {taskinstance.py:1488} ERROR - Received SIGTERM. Terminating subprocesses.
[2023-05-08T23:55:02.283+0000] {logging_mixin.py:137} INFO - Task received SIGTERM signal
[2023-05-08T23:55:02.284+0000] {helpers.py:100} ERROR - Task received SIGTERM signal
[2023-05-08T23:55:02.285+0000] {helpers.py:101} ERROR - Retrying! 9 attempts before skipping!
[2023-05-08T23:55:26.290+0000] {helpers.py:94} INFO - Chicago Bulls: Successfully scraped!
[2023-05-08T23:55:57.404+0000] {helpers.py:94} INFO - Cleveland Cavaliers: Successfully scraped!
[2023-05-08T23:56:02.283+0000] {process_utils.py:147} WARNING - process psutil.Process(pid=959, name='airflow task ru', status='sleeping', started='23:53:56') did not respond to SIGTERM. Trying SIGKILL
[2023-05-08T23:56:02.299+0000] {process_utils.py:84} INFO - Sending the signal Signals.SIGKILL to group 959
[2023-05-08T23:56:02.487+0000] {process_utils.py:79} INFO - Process psutil.Process(pid=959, name='airflow task ru', status='terminated', exitcode=<Negsignal.SIGKILL: -9>, started='23:53:56') (959) terminated with exit code Negsignal.SIGKILL
[2023-05-08T23:56:02.494+0000] {standard_task_runner.py:170} ERROR - Job 3287 was killed before it finished (likely due to running out of memory)
