[2023-05-10T01:31:32.355+0000] {taskinstance.py:1090} INFO - Dependencies all met for dep_context=non-requeueable deps ti=<TaskInstance: scrape_and_save_to_csv.scrape_teams_1-8 scheduled__2022-05-04T05:00:00+00:00 [queued]>
[2023-05-10T01:31:32.379+0000] {taskinstance.py:1090} INFO - Dependencies all met for dep_context=requeueable deps ti=<TaskInstance: scrape_and_save_to_csv.scrape_teams_1-8 scheduled__2022-05-04T05:00:00+00:00 [queued]>
[2023-05-10T01:31:32.381+0000] {taskinstance.py:1288} INFO - 
--------------------------------------------------------------------------------
[2023-05-10T01:31:32.383+0000] {taskinstance.py:1289} INFO - Starting attempt 1 of 1
[2023-05-10T01:31:32.384+0000] {taskinstance.py:1290} INFO - 
--------------------------------------------------------------------------------
[2023-05-10T01:31:32.397+0000] {taskinstance.py:1309} INFO - Executing <Task(PythonOperator): scrape_teams_1-8> on 2022-05-04 05:00:00+00:00
[2023-05-10T01:31:32.406+0000] {standard_task_runner.py:55} INFO - Started process 15565 to run task
[2023-05-10T01:31:32.416+0000] {standard_task_runner.py:82} INFO - Running: ['***', 'tasks', 'run', 'scrape_and_save_to_csv', 'scrape_teams_1-8', 'scheduled__2022-05-04T05:00:00+00:00', '--job-id', '3748', '--raw', '--subdir', 'DAGS_FOLDER/scrape_and_push_dag.py', '--cfg-path', '/tmp/tmpqw2juj8v']
[2023-05-10T01:31:32.420+0000] {standard_task_runner.py:83} INFO - Job 3748: Subtask scrape_teams_1-8
[2023-05-10T01:31:32.529+0000] {task_command.py:389} INFO - Running <TaskInstance: scrape_and_save_to_csv.scrape_teams_1-8 scheduled__2022-05-04T05:00:00+00:00 [running]> on host f41dbfa3d325
[2023-05-10T01:31:32.590+0000] {warnings.py:110} WARNING - /home/***/.local/lib/python3.7/site-packages/***/utils/context.py:205: AirflowContextDeprecationWarning: Accessing 'execution_date' from the template is deprecated and will be removed in a future version. Please use 'data_interval_start' or 'logical_date' instead.
  warnings.warn(_create_deprecation_warning(key, self._deprecation_replacements[key]))

[2023-05-10T01:31:32.649+0000] {taskinstance.py:1518} INFO - Exporting the following env vars:
AIRFLOW_CTX_DAG_OWNER=***
AIRFLOW_CTX_DAG_ID=scrape_and_save_to_csv
AIRFLOW_CTX_TASK_ID=scrape_teams_1-8
AIRFLOW_CTX_EXECUTION_DATE=2022-05-04T05:00:00+00:00
AIRFLOW_CTX_TRY_NUMBER=1
AIRFLOW_CTX_DAG_RUN_ID=scheduled__2022-05-04T05:00:00+00:00
[2023-05-10T01:31:34.732+0000] {helpers.py:94} INFO - Atlanta Hawks: Successfully scraped!
[2023-05-10T01:31:39.101+0000] {helpers.py:94} INFO - Boston Celtics: Successfully scraped!
[2023-05-10T01:31:42.249+0000] {helpers.py:94} INFO - Brooklyn Nets: Successfully scraped!
[2023-05-10T01:31:45.907+0000] {helpers.py:94} INFO - Charlotte Hornets: Successfully scraped!
[2023-05-10T01:31:54.776+0000] {helpers.py:94} INFO - Chicago Bulls: Successfully scraped!
[2023-05-10T01:31:59.424+0000] {helpers.py:94} INFO - Cleveland Cavaliers: Successfully scraped!
[2023-05-10T01:32:03.574+0000] {helpers.py:94} INFO - Dallas Mavericks: Successfully scraped!
[2023-05-10T01:32:10.504+0000] {helpers.py:94} INFO - Denver Nuggets: Successfully scraped!
[2023-05-10T01:32:10.509+0000] {helpers.py:109} INFO - Saved in /opt/***/data/output_scrape_teams_1-8.csv
[2023-05-10T01:32:10.510+0000] {python.py:177} INFO - Done. Returned value was: None
[2023-05-10T01:32:10.521+0000] {taskinstance.py:1332} INFO - Marking task as SUCCESS. dag_id=scrape_and_save_to_csv, task_id=scrape_teams_1-8, execution_date=20220504T050000, start_date=20230510T013132, end_date=20230510T013210
[2023-05-10T01:32:10.557+0000] {local_task_job.py:212} INFO - Task exited with return code 0
[2023-05-10T01:32:10.589+0000] {taskinstance.py:2596} INFO - 0 downstream tasks scheduled from follow-on schedule check
