[2023-05-10T01:25:06.872+0000] {taskinstance.py:1090} INFO - Dependencies all met for dep_context=non-requeueable deps ti=<TaskInstance: scrape_and_save_to_csv.scrape_teams_9-16 scheduled__2022-05-03T20:00:00+00:00 [queued]>
[2023-05-10T01:25:06.881+0000] {taskinstance.py:1090} INFO - Dependencies all met for dep_context=requeueable deps ti=<TaskInstance: scrape_and_save_to_csv.scrape_teams_9-16 scheduled__2022-05-03T20:00:00+00:00 [queued]>
[2023-05-10T01:25:06.883+0000] {taskinstance.py:1288} INFO - 
--------------------------------------------------------------------------------
[2023-05-10T01:25:06.883+0000] {taskinstance.py:1289} INFO - Starting attempt 1 of 1
[2023-05-10T01:25:06.885+0000] {taskinstance.py:1290} INFO - 
--------------------------------------------------------------------------------
[2023-05-10T01:25:06.897+0000] {taskinstance.py:1309} INFO - Executing <Task(PythonOperator): scrape_teams_9-16> on 2022-05-03 20:00:00+00:00
[2023-05-10T01:25:06.903+0000] {standard_task_runner.py:55} INFO - Started process 15304 to run task
[2023-05-10T01:25:06.907+0000] {standard_task_runner.py:82} INFO - Running: ['***', 'tasks', 'run', 'scrape_and_save_to_csv', 'scrape_teams_9-16', 'scheduled__2022-05-03T20:00:00+00:00', '--job-id', '3693', '--raw', '--subdir', 'DAGS_FOLDER/scrape_and_push_dag.py', '--cfg-path', '/tmp/tmpu28nx9az']
[2023-05-10T01:25:06.917+0000] {standard_task_runner.py:83} INFO - Job 3693: Subtask scrape_teams_9-16
[2023-05-10T01:25:07.002+0000] {task_command.py:389} INFO - Running <TaskInstance: scrape_and_save_to_csv.scrape_teams_9-16 scheduled__2022-05-03T20:00:00+00:00 [running]> on host f41dbfa3d325
[2023-05-10T01:25:07.050+0000] {warnings.py:110} WARNING - /home/***/.local/lib/python3.7/site-packages/***/utils/context.py:205: AirflowContextDeprecationWarning: Accessing 'execution_date' from the template is deprecated and will be removed in a future version. Please use 'data_interval_start' or 'logical_date' instead.
  warnings.warn(_create_deprecation_warning(key, self._deprecation_replacements[key]))

[2023-05-10T01:25:07.101+0000] {taskinstance.py:1518} INFO - Exporting the following env vars:
AIRFLOW_CTX_DAG_OWNER=***
AIRFLOW_CTX_DAG_ID=scrape_and_save_to_csv
AIRFLOW_CTX_TASK_ID=scrape_teams_9-16
AIRFLOW_CTX_EXECUTION_DATE=2022-05-03T20:00:00+00:00
AIRFLOW_CTX_TRY_NUMBER=1
AIRFLOW_CTX_DAG_RUN_ID=scheduled__2022-05-03T20:00:00+00:00
[2023-05-10T01:25:08.447+0000] {helpers.py:94} INFO - Detroit Pistons: Successfully scraped!
[2023-05-10T01:25:08.829+0000] {helpers.py:94} INFO - Golden State Warriors: Successfully scraped!
[2023-05-10T01:25:09.166+0000] {helpers.py:94} INFO - Houston Rockets: Successfully scraped!
[2023-05-10T01:25:09.322+0000] {helpers.py:94} INFO - Indiana Pacers: Successfully scraped!
[2023-05-10T01:25:09.464+0000] {helpers.py:94} INFO - Los Angeles Clippers: Successfully scraped!
[2023-05-10T01:25:09.816+0000] {helpers.py:94} INFO - Los Angeles Lakers: Successfully scraped!
[2023-05-10T01:25:09.955+0000] {helpers.py:94} INFO - Memphis Grizzlies: Successfully scraped!
[2023-05-10T01:25:10.383+0000] {helpers.py:94} INFO - Miami Heat: Successfully scraped!
[2023-05-10T01:25:10.387+0000] {helpers.py:109} INFO - Saved in /opt/***/data/output_scrape_teams_9-16.csv
[2023-05-10T01:25:10.388+0000] {python.py:177} INFO - Done. Returned value was: None
[2023-05-10T01:25:10.399+0000] {taskinstance.py:1332} INFO - Marking task as SUCCESS. dag_id=scrape_and_save_to_csv, task_id=scrape_teams_9-16, execution_date=20220503T200000, start_date=20230510T012506, end_date=20230510T012510
[2023-05-10T01:25:10.462+0000] {local_task_job.py:212} INFO - Task exited with return code 0
[2023-05-10T01:25:10.483+0000] {taskinstance.py:2596} INFO - 0 downstream tasks scheduled from follow-on schedule check
