[2023-04-29T17:42:17.050+0000] {taskinstance.py:1090} INFO - Dependencies all met for dep_context=non-requeueable deps ti=<TaskInstance: scrape_and_save_to_csv.trigger_push_dag scheduled__2023-04-29T16:30:00+00:00 [queued]>
[2023-04-29T17:42:17.057+0000] {taskinstance.py:1090} INFO - Dependencies all met for dep_context=requeueable deps ti=<TaskInstance: scrape_and_save_to_csv.trigger_push_dag scheduled__2023-04-29T16:30:00+00:00 [queued]>
[2023-04-29T17:42:17.058+0000] {taskinstance.py:1288} INFO - 
--------------------------------------------------------------------------------
[2023-04-29T17:42:17.059+0000] {taskinstance.py:1289} INFO - Starting attempt 1 of 1
[2023-04-29T17:42:17.060+0000] {taskinstance.py:1290} INFO - 
--------------------------------------------------------------------------------
[2023-04-29T17:42:17.068+0000] {taskinstance.py:1309} INFO - Executing <Task(TriggerDagRunOperator): trigger_push_dag> on 2023-04-29 16:30:00+00:00
[2023-04-29T17:42:17.073+0000] {standard_task_runner.py:55} INFO - Started process 1372 to run task
[2023-04-29T17:42:17.076+0000] {standard_task_runner.py:82} INFO - Running: ['***', 'tasks', 'run', 'scrape_and_save_to_csv', 'trigger_push_dag', 'scheduled__2023-04-29T16:30:00+00:00', '--job-id', '1806', '--raw', '--subdir', 'DAGS_FOLDER/scrape_and_save_csv_dag.py', '--cfg-path', '/tmp/tmptros6q4x']
[2023-04-29T17:42:17.079+0000] {standard_task_runner.py:83} INFO - Job 1806: Subtask trigger_push_dag
[2023-04-29T17:42:17.147+0000] {task_command.py:389} INFO - Running <TaskInstance: scrape_and_save_to_csv.trigger_push_dag scheduled__2023-04-29T16:30:00+00:00 [running]> on host b5cee175690f
[2023-04-29T17:42:17.199+0000] {taskinstance.py:1518} INFO - Exporting the following env vars:
AIRFLOW_CTX_DAG_OWNER=***
AIRFLOW_CTX_DAG_ID=scrape_and_save_to_csv
AIRFLOW_CTX_TASK_ID=trigger_push_dag
AIRFLOW_CTX_EXECUTION_DATE=2023-04-29T16:30:00+00:00
AIRFLOW_CTX_TRY_NUMBER=1
AIRFLOW_CTX_DAG_RUN_ID=scheduled__2023-04-29T16:30:00+00:00
[2023-04-29T17:42:17.270+0000] {taskinstance.py:1332} INFO - Marking task as SUCCESS. dag_id=scrape_and_save_to_csv, task_id=trigger_push_dag, execution_date=20230429T163000, start_date=20230429T174217, end_date=20230429T174217
[2023-04-29T17:42:17.289+0000] {local_task_job.py:212} INFO - Task exited with return code 0
[2023-04-29T17:42:17.304+0000] {taskinstance.py:2596} INFO - 0 downstream tasks scheduled from follow-on schedule check
