[2023-04-30T02:32:36.715+0000] {taskinstance.py:1090} INFO - Dependencies all met for dep_context=non-requeueable deps ti=<TaskInstance: scrape_and_save_to_csv.scrape_teams_1-8 scheduled__2023-04-30T01:30:00+00:00 [queued]>
[2023-04-30T02:32:36.763+0000] {taskinstance.py:1090} INFO - Dependencies all met for dep_context=requeueable deps ti=<TaskInstance: scrape_and_save_to_csv.scrape_teams_1-8 scheduled__2023-04-30T01:30:00+00:00 [queued]>
[2023-04-30T02:32:36.780+0000] {taskinstance.py:1288} INFO - 
--------------------------------------------------------------------------------
[2023-04-30T02:32:36.836+0000] {taskinstance.py:1289} INFO - Starting attempt 1 of 1
[2023-04-30T02:32:36.856+0000] {taskinstance.py:1290} INFO - 
--------------------------------------------------------------------------------
[2023-04-30T02:32:36.944+0000] {taskinstance.py:1309} INFO - Executing <Task(PythonOperator): scrape_teams_1-8> on 2023-04-30 01:30:00+00:00
[2023-04-30T02:32:36.968+0000] {standard_task_runner.py:55} INFO - Started process 3172 to run task
[2023-04-30T02:32:36.999+0000] {standard_task_runner.py:82} INFO - Running: ['***', 'tasks', 'run', 'scrape_and_save_to_csv', 'scrape_teams_1-8', 'scheduled__2023-04-30T01:30:00+00:00', '--job-id', '1856', '--raw', '--subdir', 'DAGS_FOLDER/scrape_and_save_csv_dag.py', '--cfg-path', '/tmp/tmpxtm1x1c4']
[2023-04-30T02:32:37.051+0000] {standard_task_runner.py:83} INFO - Job 1856: Subtask scrape_teams_1-8
[2023-04-30T02:32:37.406+0000] {task_command.py:389} INFO - Running <TaskInstance: scrape_and_save_to_csv.scrape_teams_1-8 scheduled__2023-04-30T01:30:00+00:00 [running]> on host b5cee175690f
[2023-04-30T02:32:37.645+0000] {taskinstance.py:1518} INFO - Exporting the following env vars:
AIRFLOW_CTX_DAG_OWNER=***
AIRFLOW_CTX_DAG_ID=scrape_and_save_to_csv
AIRFLOW_CTX_TASK_ID=scrape_teams_1-8
AIRFLOW_CTX_EXECUTION_DATE=2023-04-30T01:30:00+00:00
AIRFLOW_CTX_TRY_NUMBER=1
AIRFLOW_CTX_DAG_RUN_ID=scheduled__2023-04-30T01:30:00+00:00
[2023-04-30T02:32:39.200+0000] {warnings.py:110} WARNING - /home/***/.local/lib/python3.7/site-packages/***/utils/context.py:313: AirflowContextDeprecationWarning: Accessing 'execution_date' from the template is deprecated and will be removed in a future version. Please use 'data_interval_start' or 'logical_date' instead.
  warnings.warn(_create_deprecation_warning(k, replacements))

[2023-04-30T02:32:39.228+0000] {helpers.py:69} INFO - Hawks: Successfully scraped!
[2023-04-30T02:56:49.728+0000] {local_task_job.py:277} WARNING - State of this instance has been externally set to failed. Terminating instance.
[2023-04-30T02:56:49.734+0000] {process_utils.py:133} INFO - Sending Signals.SIGTERM to group 3172. PIDs of all processes in the group: [3172]
[2023-04-30T02:56:49.735+0000] {process_utils.py:84} INFO - Sending the signal Signals.SIGTERM to group 3172
[2023-04-30T02:56:49.737+0000] {taskinstance.py:1488} ERROR - Received SIGTERM. Terminating subprocesses.
[2023-04-30T02:56:49.745+0000] {helpers.py:73} ERROR - Task received SIGTERM signal
[2023-04-30T02:56:49.747+0000] {helpers.py:74} ERROR - Retrying! 9 attempts before skipping!
[2023-04-30T02:57:49.760+0000] {process_utils.py:147} WARNING - process psutil.Process(pid=3172, name='airflow task ru', status='sleeping', started='02:32:36') did not respond to SIGTERM. Trying SIGKILL
[2023-04-30T02:57:49.762+0000] {process_utils.py:84} INFO - Sending the signal Signals.SIGKILL to group 3172
[2023-04-30T02:57:49.791+0000] {process_utils.py:79} INFO - Process psutil.Process(pid=3172, name='airflow task ru', status='terminated', exitcode=<Negsignal.SIGKILL: -9>, started='02:32:36') (3172) terminated with exit code Negsignal.SIGKILL
[2023-04-30T02:57:49.793+0000] {standard_task_runner.py:170} ERROR - Job 1856 was killed before it finished (likely due to running out of memory)
