[2023-05-11T04:34:27.579+0000] {taskinstance.py:1090} INFO - Dependencies all met for dep_context=non-requeueable deps ti=<TaskInstance: scrape_and_save_to_csv.scrape_teams_9-16 scheduled__2023-05-11T03:00:00+00:00 [queued]>
[2023-05-11T04:34:27.675+0000] {taskinstance.py:1090} INFO - Dependencies all met for dep_context=requeueable deps ti=<TaskInstance: scrape_and_save_to_csv.scrape_teams_9-16 scheduled__2023-05-11T03:00:00+00:00 [queued]>
[2023-05-11T04:34:27.693+0000] {taskinstance.py:1288} INFO - 
--------------------------------------------------------------------------------
[2023-05-11T04:34:27.722+0000] {taskinstance.py:1289} INFO - Starting attempt 1 of 1
[2023-05-11T04:34:27.730+0000] {taskinstance.py:1290} INFO - 
--------------------------------------------------------------------------------
[2023-05-11T04:34:27.813+0000] {taskinstance.py:1309} INFO - Executing <Task(PythonOperator): scrape_teams_9-16> on 2023-05-11 03:00:00+00:00
[2023-05-11T04:34:27.837+0000] {standard_task_runner.py:55} INFO - Started process 28746 to run task
[2023-05-11T04:34:27.969+0000] {standard_task_runner.py:82} INFO - Running: ['***', 'tasks', 'run', 'scrape_and_save_to_csv', 'scrape_teams_9-16', 'scheduled__2023-05-11T03:00:00+00:00', '--job-id', '4238', '--raw', '--subdir', 'DAGS_FOLDER/scrape_and_push_dag.py', '--cfg-path', '/tmp/tmp0wlvl_j4']
[2023-05-11T04:34:27.991+0000] {standard_task_runner.py:83} INFO - Job 4238: Subtask scrape_teams_9-16
[2023-05-11T04:34:28.863+0000] {task_command.py:389} INFO - Running <TaskInstance: scrape_and_save_to_csv.scrape_teams_9-16 scheduled__2023-05-11T03:00:00+00:00 [running]> on host f41dbfa3d325
[2023-05-11T04:34:29.228+0000] {warnings.py:110} WARNING - /home/***/.local/lib/python3.7/site-packages/***/utils/context.py:205: AirflowContextDeprecationWarning: Accessing 'execution_date' from the template is deprecated and will be removed in a future version. Please use 'data_interval_start' or 'logical_date' instead.
  warnings.warn(_create_deprecation_warning(key, self._deprecation_replacements[key]))

[2023-05-11T04:34:29.733+0000] {taskinstance.py:1518} INFO - Exporting the following env vars:
AIRFLOW_CTX_DAG_OWNER=***
AIRFLOW_CTX_DAG_ID=scrape_and_save_to_csv
AIRFLOW_CTX_TASK_ID=scrape_teams_9-16
AIRFLOW_CTX_EXECUTION_DATE=2023-05-11T03:00:00+00:00
AIRFLOW_CTX_TRY_NUMBER=1
AIRFLOW_CTX_DAG_RUN_ID=scheduled__2023-05-11T03:00:00+00:00
[2023-05-11T04:34:31.836+0000] {helpers.py:95} INFO - Detroit Pistons: Successfully scraped!
[2023-05-11T04:34:37.730+0000] {helpers.py:95} INFO - Golden State Warriors: Successfully scraped!
[2023-05-11T04:34:38.606+0000] {helpers.py:95} INFO - Houston Rockets: Successfully scraped!
[2023-05-11T04:51:57.187+0000] {sessions.py:161} WARNING - Retrying due to ConnectionError(ReadTimeoutError("HTTPSConnectionPool(host='oauth.reddit.com', port=443): Read timed out.")) status: GET https://oauth.reddit.com/r/pacers/comments/
[2023-05-11T04:51:59.380+0000] {helpers.py:95} INFO - Indiana Pacers: Successfully scraped!
[2023-05-11T04:52:00.280+0000] {helpers.py:95} INFO - Los Angeles Clippers: Successfully scraped!
[2023-05-11T04:52:18.072+0000] {sessions.py:161} WARNING - Retrying due to ReadTimeout(ReadTimeoutError("HTTPSConnectionPool(host='oauth.reddit.com', port=443): Read timed out. (read timeout=16.0)")) status: GET https://oauth.reddit.com/r/lakers/comments/
[2023-05-11T05:22:23.865+0000] {helpers.py:95} INFO - Los Angeles Lakers: Successfully scraped!
[2023-05-11T05:22:24.720+0000] {helpers.py:95} INFO - Memphis Grizzlies: Successfully scraped!
[2023-05-11T05:22:29.840+0000] {helpers.py:95} INFO - Miami Heat: Successfully scraped!
[2023-05-11T05:22:29.856+0000] {helpers.py:110} INFO - Saved in /opt/***/data/output_scrape_teams_9-16.csv
[2023-05-11T05:22:29.860+0000] {python.py:177} INFO - Done. Returned value was: None
[2023-05-11T05:22:29.897+0000] {taskinstance.py:1332} INFO - Marking task as SUCCESS. dag_id=scrape_and_save_to_csv, task_id=scrape_teams_9-16, execution_date=20230511T030000, start_date=20230511T043427, end_date=20230511T052229
[2023-05-11T05:22:30.240+0000] {local_task_job.py:212} INFO - Task exited with return code 0
[2023-05-11T05:22:30.420+0000] {taskinstance.py:2596} INFO - 0 downstream tasks scheduled from follow-on schedule check
