[2023-05-02T06:30:01.405+0000] {taskinstance.py:1090} INFO - Dependencies all met for dep_context=non-requeueable deps ti=<TaskInstance: scrape_and_save_to_csv.scrape_teams_9-16 scheduled__2023-05-02T05:30:00+00:00 [queued]>
[2023-05-02T06:30:01.422+0000] {taskinstance.py:1090} INFO - Dependencies all met for dep_context=requeueable deps ti=<TaskInstance: scrape_and_save_to_csv.scrape_teams_9-16 scheduled__2023-05-02T05:30:00+00:00 [queued]>
[2023-05-02T06:30:01.427+0000] {taskinstance.py:1288} INFO - 
--------------------------------------------------------------------------------
[2023-05-02T06:30:01.429+0000] {taskinstance.py:1289} INFO - Starting attempt 1 of 1
[2023-05-02T06:30:01.431+0000] {taskinstance.py:1290} INFO - 
--------------------------------------------------------------------------------
[2023-05-02T06:30:01.450+0000] {taskinstance.py:1309} INFO - Executing <Task(PythonOperator): scrape_teams_9-16> on 2023-05-02 05:30:00+00:00
[2023-05-02T06:30:01.457+0000] {standard_task_runner.py:55} INFO - Started process 14463 to run task
[2023-05-02T06:30:01.472+0000] {standard_task_runner.py:82} INFO - Running: ['***', 'tasks', 'run', 'scrape_and_save_to_csv', 'scrape_teams_9-16', 'scheduled__2023-05-02T05:30:00+00:00', '--job-id', '2167', '--raw', '--subdir', 'DAGS_FOLDER/scrape_and_save_csv_dag.py', '--cfg-path', '/tmp/tmp22j0wnwe']
[2023-05-02T06:30:01.485+0000] {standard_task_runner.py:83} INFO - Job 2167: Subtask scrape_teams_9-16
[2023-05-02T06:30:01.602+0000] {task_command.py:389} INFO - Running <TaskInstance: scrape_and_save_to_csv.scrape_teams_9-16 scheduled__2023-05-02T05:30:00+00:00 [running]> on host 5d4cd8acb346
[2023-05-02T06:30:01.736+0000] {taskinstance.py:1518} INFO - Exporting the following env vars:
AIRFLOW_CTX_DAG_OWNER=***
AIRFLOW_CTX_DAG_ID=scrape_and_save_to_csv
AIRFLOW_CTX_TASK_ID=scrape_teams_9-16
AIRFLOW_CTX_EXECUTION_DATE=2023-05-02T05:30:00+00:00
AIRFLOW_CTX_TRY_NUMBER=1
AIRFLOW_CTX_DAG_RUN_ID=scheduled__2023-05-02T05:30:00+00:00
[2023-05-02T06:30:05.737+0000] {warnings.py:110} WARNING - /home/***/.local/lib/python3.7/site-packages/***/utils/context.py:313: AirflowContextDeprecationWarning: Accessing 'execution_date' from the template is deprecated and will be removed in a future version. Please use 'data_interval_start' or 'logical_date' instead.
  warnings.warn(_create_deprecation_warning(k, replacements))

[2023-05-02T06:30:06.085+0000] {helpers.py:80} INFO - Detroit Pistons: Successfully scraped!
[2023-05-02T06:30:09.971+0000] {helpers.py:80} INFO - Golden State Warriors: Successfully scraped!
[2023-05-02T06:30:13.310+0000] {helpers.py:80} INFO - Houston Rockets: Successfully scraped!
[2023-05-02T06:30:17.201+0000] {helpers.py:80} INFO - Indiana Pacers: Successfully scraped!
[2023-05-02T06:30:21.568+0000] {helpers.py:80} INFO - Los Angeles Clippers: Successfully scraped!
[2023-05-02T06:30:24.929+0000] {helpers.py:80} INFO - Los Angeles Lakers: Successfully scraped!
[2023-05-02T06:30:27.320+0000] {helpers.py:80} INFO - Memphis Grizzlies: Successfully scraped!
[2023-05-02T06:30:30.076+0000] {helpers.py:80} INFO - Miami Heat: Successfully scraped!
[2023-05-02T06:30:30.099+0000] {helpers.py:96} INFO - Saved in /opt/***/data/output_scrape_teams_9-16.csv
[2023-05-02T06:30:30.105+0000] {python.py:177} INFO - Done. Returned value was: None
[2023-05-02T06:30:30.115+0000] {taskinstance.py:1332} INFO - Marking task as SUCCESS. dag_id=scrape_and_save_to_csv, task_id=scrape_teams_9-16, execution_date=20230502T053000, start_date=20230502T063001, end_date=20230502T063030
[2023-05-02T06:30:30.157+0000] {local_task_job.py:212} INFO - Task exited with return code 0
[2023-05-02T06:30:30.177+0000] {taskinstance.py:2596} INFO - 0 downstream tasks scheduled from follow-on schedule check
