[2023-04-29T19:38:19.183+0000] {taskinstance.py:1090} INFO - Dependencies all met for dep_context=non-requeueable deps ti=<TaskInstance: scrape_and_save_to_csv.scrape_teams_9-16 scheduled__2023-04-29T18:30:00+00:00 [queued]>
[2023-04-29T19:38:19.220+0000] {taskinstance.py:1090} INFO - Dependencies all met for dep_context=requeueable deps ti=<TaskInstance: scrape_and_save_to_csv.scrape_teams_9-16 scheduled__2023-04-29T18:30:00+00:00 [queued]>
[2023-04-29T19:38:19.227+0000] {taskinstance.py:1288} INFO - 
--------------------------------------------------------------------------------
[2023-04-29T19:38:19.246+0000] {taskinstance.py:1289} INFO - Starting attempt 1 of 1
[2023-04-29T19:38:19.250+0000] {taskinstance.py:1290} INFO - 
--------------------------------------------------------------------------------
[2023-04-29T19:38:19.320+0000] {taskinstance.py:1309} INFO - Executing <Task(PythonOperator): scrape_teams_9-16> on 2023-04-29 18:30:00+00:00
[2023-04-29T19:38:19.339+0000] {standard_task_runner.py:55} INFO - Started process 2417 to run task
[2023-04-29T19:38:19.363+0000] {standard_task_runner.py:82} INFO - Running: ['***', 'tasks', 'run', 'scrape_and_save_to_csv', 'scrape_teams_9-16', 'scheduled__2023-04-29T18:30:00+00:00', '--job-id', '1819', '--raw', '--subdir', 'DAGS_FOLDER/scrape_and_save_csv_dag.py', '--cfg-path', '/tmp/tmpqtxw02w0']
[2023-04-29T19:38:19.379+0000] {standard_task_runner.py:83} INFO - Job 1819: Subtask scrape_teams_9-16
[2023-04-29T19:38:19.589+0000] {task_command.py:389} INFO - Running <TaskInstance: scrape_and_save_to_csv.scrape_teams_9-16 scheduled__2023-04-29T18:30:00+00:00 [running]> on host b5cee175690f
[2023-04-29T19:38:19.865+0000] {taskinstance.py:1518} INFO - Exporting the following env vars:
AIRFLOW_CTX_DAG_OWNER=***
AIRFLOW_CTX_DAG_ID=scrape_and_save_to_csv
AIRFLOW_CTX_TASK_ID=scrape_teams_9-16
AIRFLOW_CTX_EXECUTION_DATE=2023-04-29T18:30:00+00:00
AIRFLOW_CTX_TRY_NUMBER=1
AIRFLOW_CTX_DAG_RUN_ID=scheduled__2023-04-29T18:30:00+00:00
[2023-04-29T19:38:21.047+0000] {warnings.py:110} WARNING - /home/***/.local/lib/python3.7/site-packages/***/utils/context.py:313: AirflowContextDeprecationWarning: Accessing 'execution_date' from the template is deprecated and will be removed in a future version. Please use 'data_interval_start' or 'logical_date' instead.
  warnings.warn(_create_deprecation_warning(k, replacements))

[2023-04-29T19:38:21.053+0000] {helpers.py:69} INFO - Pistons: Successfully scraped!
[2023-04-29T19:38:22.180+0000] {helpers.py:69} INFO - Warriors: Successfully scraped!
[2023-04-29T19:38:23.811+0000] {helpers.py:69} INFO - Rockets: Successfully scraped!
[2023-04-29T19:38:24.668+0000] {helpers.py:69} INFO - Pacers: Successfully scraped!
[2023-04-29T19:38:27.055+0000] {helpers.py:69} INFO - Clippers: Successfully scraped!
[2023-04-29T19:38:28.166+0000] {helpers.py:69} INFO - Lakers: Successfully scraped!
[2023-04-29T19:38:29.340+0000] {helpers.py:69} INFO - Grizzlies: Successfully scraped!
[2023-04-29T19:38:31.142+0000] {helpers.py:69} INFO - Heat: Successfully scraped!
[2023-04-29T19:38:31.147+0000] {helpers.py:83} INFO - Saved in /opt/***/data/output_scrape_teams_9-16.csv
[2023-04-29T19:38:31.158+0000] {python.py:177} INFO - Done. Returned value was: None
[2023-04-29T19:38:31.171+0000] {taskinstance.py:1332} INFO - Marking task as SUCCESS. dag_id=scrape_and_save_to_csv, task_id=scrape_teams_9-16, execution_date=20230429T183000, start_date=20230429T193819, end_date=20230429T193831
[2023-04-29T19:38:31.223+0000] {local_task_job.py:212} INFO - Task exited with return code 0
[2023-04-29T19:38:31.245+0000] {taskinstance.py:2596} INFO - 0 downstream tasks scheduled from follow-on schedule check
