[2023-05-10T23:00:01.811+0000] {taskinstance.py:1090} INFO - Dependencies all met for dep_context=non-requeueable deps ti=<TaskInstance: scrape_and_save_to_csv.scrape_teams_17-24 scheduled__2023-05-10T22:00:00+00:00 [queued]>
[2023-05-10T23:00:01.822+0000] {taskinstance.py:1090} INFO - Dependencies all met for dep_context=requeueable deps ti=<TaskInstance: scrape_and_save_to_csv.scrape_teams_17-24 scheduled__2023-05-10T22:00:00+00:00 [queued]>
[2023-05-10T23:00:01.824+0000] {taskinstance.py:1288} INFO - 
--------------------------------------------------------------------------------
[2023-05-10T23:00:01.825+0000] {taskinstance.py:1289} INFO - Starting attempt 1 of 1
[2023-05-10T23:00:01.826+0000] {taskinstance.py:1290} INFO - 
--------------------------------------------------------------------------------
[2023-05-10T23:00:01.842+0000] {taskinstance.py:1309} INFO - Executing <Task(PythonOperator): scrape_teams_17-24> on 2023-05-10 22:00:00+00:00
[2023-05-10T23:00:01.849+0000] {standard_task_runner.py:55} INFO - Started process 28111 to run task
[2023-05-10T23:00:01.859+0000] {standard_task_runner.py:82} INFO - Running: ['***', 'tasks', 'run', 'scrape_and_save_to_csv', 'scrape_teams_17-24', 'scheduled__2023-05-10T22:00:00+00:00', '--job-id', '4214', '--raw', '--subdir', 'DAGS_FOLDER/scrape_and_push_dag.py', '--cfg-path', '/tmp/tmp4f35lepj']
[2023-05-10T23:00:01.894+0000] {standard_task_runner.py:83} INFO - Job 4214: Subtask scrape_teams_17-24
[2023-05-10T23:00:02.036+0000] {task_command.py:389} INFO - Running <TaskInstance: scrape_and_save_to_csv.scrape_teams_17-24 scheduled__2023-05-10T22:00:00+00:00 [running]> on host f41dbfa3d325
[2023-05-10T23:00:02.126+0000] {warnings.py:110} WARNING - /home/***/.local/lib/python3.7/site-packages/***/utils/context.py:205: AirflowContextDeprecationWarning: Accessing 'execution_date' from the template is deprecated and will be removed in a future version. Please use 'data_interval_start' or 'logical_date' instead.
  warnings.warn(_create_deprecation_warning(key, self._deprecation_replacements[key]))

[2023-05-10T23:00:02.174+0000] {taskinstance.py:1518} INFO - Exporting the following env vars:
AIRFLOW_CTX_DAG_OWNER=***
AIRFLOW_CTX_DAG_ID=scrape_and_save_to_csv
AIRFLOW_CTX_TASK_ID=scrape_teams_17-24
AIRFLOW_CTX_EXECUTION_DATE=2023-05-10T22:00:00+00:00
AIRFLOW_CTX_TRY_NUMBER=1
AIRFLOW_CTX_DAG_RUN_ID=scheduled__2023-05-10T22:00:00+00:00
[2023-05-10T23:00:06.133+0000] {helpers.py:95} INFO - Milwaukee Bucks: Successfully scraped!
[2023-05-10T23:00:07.250+0000] {helpers.py:95} INFO - Minnesota Timberwolves: Successfully scraped!
[2023-05-10T23:00:08.245+0000] {helpers.py:95} INFO - New Orleans Pelicans: Successfully scraped!
[2023-05-10T23:00:18.072+0000] {helpers.py:95} INFO - New York Knicks: Successfully scraped!
[2023-05-10T23:00:21.552+0000] {helpers.py:95} INFO - Oklahoma City Thunder: Successfully scraped!
[2023-05-10T23:00:25.730+0000] {helpers.py:95} INFO - Orlando Magic: Successfully scraped!
[2023-05-10T23:00:33.081+0000] {helpers.py:95} INFO - Philadelphia 76ers: Successfully scraped!
[2023-05-10T23:00:42.905+0000] {helpers.py:95} INFO - Phoenix Suns: Successfully scraped!
[2023-05-10T23:00:42.927+0000] {helpers.py:110} INFO - Saved in /opt/***/data/output_scrape_teams_17-24.csv
[2023-05-10T23:00:42.929+0000] {python.py:177} INFO - Done. Returned value was: None
[2023-05-10T23:00:42.944+0000] {taskinstance.py:1332} INFO - Marking task as SUCCESS. dag_id=scrape_and_save_to_csv, task_id=scrape_teams_17-24, execution_date=20230510T220000, start_date=20230510T230001, end_date=20230510T230042
[2023-05-10T23:00:42.993+0000] {local_task_job.py:212} INFO - Task exited with return code 0
[2023-05-10T23:00:43.023+0000] {taskinstance.py:2596} INFO - 0 downstream tasks scheduled from follow-on schedule check
