[2023-05-02T20:30:01.290+0000] {taskinstance.py:1090} INFO - Dependencies all met for dep_context=non-requeueable deps ti=<TaskInstance: scrape_and_save_to_csv.scrape_teams_17-24 scheduled__2023-05-02T19:30:00+00:00 [queued]>
[2023-05-02T20:30:01.305+0000] {taskinstance.py:1090} INFO - Dependencies all met for dep_context=requeueable deps ti=<TaskInstance: scrape_and_save_to_csv.scrape_teams_17-24 scheduled__2023-05-02T19:30:00+00:00 [queued]>
[2023-05-02T20:30:01.307+0000] {taskinstance.py:1288} INFO - 
--------------------------------------------------------------------------------
[2023-05-02T20:30:01.308+0000] {taskinstance.py:1289} INFO - Starting attempt 1 of 1
[2023-05-02T20:30:01.309+0000] {taskinstance.py:1290} INFO - 
--------------------------------------------------------------------------------
[2023-05-02T20:30:01.338+0000] {taskinstance.py:1309} INFO - Executing <Task(PythonOperator): scrape_teams_17-24> on 2023-05-02 19:30:00+00:00
[2023-05-02T20:30:01.349+0000] {standard_task_runner.py:55} INFO - Started process 25402 to run task
[2023-05-02T20:30:01.365+0000] {standard_task_runner.py:82} INFO - Running: ['***', 'tasks', 'run', 'scrape_and_save_to_csv', 'scrape_teams_17-24', 'scheduled__2023-05-02T19:30:00+00:00', '--job-id', '2262', '--raw', '--subdir', 'DAGS_FOLDER/scrape_and_save_csv_dag.py', '--cfg-path', '/tmp/tmpmqcejjb5']
[2023-05-02T20:30:01.372+0000] {standard_task_runner.py:83} INFO - Job 2262: Subtask scrape_teams_17-24
[2023-05-02T20:30:01.587+0000] {task_command.py:389} INFO - Running <TaskInstance: scrape_and_save_to_csv.scrape_teams_17-24 scheduled__2023-05-02T19:30:00+00:00 [running]> on host 5d4cd8acb346
[2023-05-02T20:30:01.691+0000] {taskinstance.py:1518} INFO - Exporting the following env vars:
AIRFLOW_CTX_DAG_OWNER=***
AIRFLOW_CTX_DAG_ID=scrape_and_save_to_csv
AIRFLOW_CTX_TASK_ID=scrape_teams_17-24
AIRFLOW_CTX_EXECUTION_DATE=2023-05-02T19:30:00+00:00
AIRFLOW_CTX_TRY_NUMBER=1
AIRFLOW_CTX_DAG_RUN_ID=scheduled__2023-05-02T19:30:00+00:00
[2023-05-02T20:30:03.948+0000] {warnings.py:110} WARNING - /home/***/.local/lib/python3.7/site-packages/***/utils/context.py:313: AirflowContextDeprecationWarning: Accessing 'execution_date' from the template is deprecated and will be removed in a future version. Please use 'data_interval_start' or 'logical_date' instead.
  warnings.warn(_create_deprecation_warning(k, replacements))

[2023-05-02T20:30:04.334+0000] {helpers.py:80} INFO - Milwaukee Bucks: Successfully scraped!
[2023-05-02T20:30:07.693+0000] {helpers.py:80} INFO - Minnesota Timberwolves: Successfully scraped!
[2023-05-02T20:30:12.765+0000] {helpers.py:80} INFO - New Orleans Pelicans: Successfully scraped!
[2023-05-02T20:30:16.159+0000] {helpers.py:80} INFO - New York Knicks: Successfully scraped!
[2023-05-02T20:30:20.589+0000] {helpers.py:80} INFO - Oklahoma City Thunder: Successfully scraped!
[2023-05-02T20:30:25.681+0000] {helpers.py:80} INFO - Orlando Magic: Successfully scraped!
[2023-05-02T20:30:28.926+0000] {helpers.py:80} INFO - Philadelphia 76ers: Successfully scraped!
[2023-05-02T20:30:31.615+0000] {helpers.py:80} INFO - Phoenix Suns: Successfully scraped!
[2023-05-02T20:30:31.655+0000] {helpers.py:96} INFO - Saved in /opt/***/data/output_scrape_teams_17-24.csv
[2023-05-02T20:30:31.660+0000] {python.py:177} INFO - Done. Returned value was: None
[2023-05-02T20:30:31.682+0000] {taskinstance.py:1332} INFO - Marking task as SUCCESS. dag_id=scrape_and_save_to_csv, task_id=scrape_teams_17-24, execution_date=20230502T193000, start_date=20230502T203001, end_date=20230502T203031
[2023-05-02T20:30:31.777+0000] {local_task_job.py:212} INFO - Task exited with return code 0
[2023-05-02T20:30:31.816+0000] {taskinstance.py:2596} INFO - 1 downstream tasks scheduled from follow-on schedule check
