[2023-04-30T03:30:19.205+0000] {taskinstance.py:1090} INFO - Dependencies all met for dep_context=non-requeueable deps ti=<TaskInstance: scrape_and_save_to_csv.join_csv scheduled__2023-04-30T02:30:00+00:00 [queued]>
[2023-04-30T03:30:19.213+0000] {taskinstance.py:1090} INFO - Dependencies all met for dep_context=requeueable deps ti=<TaskInstance: scrape_and_save_to_csv.join_csv scheduled__2023-04-30T02:30:00+00:00 [queued]>
[2023-04-30T03:30:19.215+0000] {taskinstance.py:1288} INFO - 
--------------------------------------------------------------------------------
[2023-04-30T03:30:19.215+0000] {taskinstance.py:1289} INFO - Starting attempt 1 of 1
[2023-04-30T03:30:19.216+0000] {taskinstance.py:1290} INFO - 
--------------------------------------------------------------------------------
[2023-04-30T03:30:19.226+0000] {taskinstance.py:1309} INFO - Executing <Task(PythonOperator): join_csv> on 2023-04-30 02:30:00+00:00
[2023-04-30T03:30:19.231+0000] {standard_task_runner.py:55} INFO - Started process 3794 to run task
[2023-04-30T03:30:19.235+0000] {standard_task_runner.py:82} INFO - Running: ['***', 'tasks', 'run', 'scrape_and_save_to_csv', 'join_csv', 'scheduled__2023-04-30T02:30:00+00:00', '--job-id', '1864', '--raw', '--subdir', 'DAGS_FOLDER/scrape_and_save_csv_dag.py', '--cfg-path', '/tmp/tmpndnpmzh6']
[2023-04-30T03:30:19.238+0000] {standard_task_runner.py:83} INFO - Job 1864: Subtask join_csv
[2023-04-30T03:30:19.331+0000] {task_command.py:389} INFO - Running <TaskInstance: scrape_and_save_to_csv.join_csv scheduled__2023-04-30T02:30:00+00:00 [running]> on host b5cee175690f
[2023-04-30T03:30:19.401+0000] {taskinstance.py:1518} INFO - Exporting the following env vars:
AIRFLOW_CTX_DAG_OWNER=***
AIRFLOW_CTX_DAG_ID=scrape_and_save_to_csv
AIRFLOW_CTX_TASK_ID=join_csv
AIRFLOW_CTX_EXECUTION_DATE=2023-04-30T02:30:00+00:00
AIRFLOW_CTX_TRY_NUMBER=1
AIRFLOW_CTX_DAG_RUN_ID=scheduled__2023-04-30T02:30:00+00:00
[2023-04-30T03:30:19.414+0000] {python.py:177} INFO - Done. Returned value was: None
[2023-04-30T03:30:19.425+0000] {taskinstance.py:1332} INFO - Marking task as SUCCESS. dag_id=scrape_and_save_to_csv, task_id=join_csv, execution_date=20230430T023000, start_date=20230430T033019, end_date=20230430T033019
[2023-04-30T03:30:19.447+0000] {local_task_job.py:212} INFO - Task exited with return code 0
[2023-04-30T03:30:19.467+0000] {taskinstance.py:2596} INFO - 1 downstream tasks scheduled from follow-on schedule check
