[2023-05-11T02:15:06.752+0000] {taskinstance.py:1090} INFO - Dependencies all met for dep_context=non-requeueable deps ti=<TaskInstance: scrape_and_save_to_csv.scrape_teams_17-24 scheduled__2023-05-11T01:00:00+00:00 [queued]>
[2023-05-11T02:15:06.765+0000] {taskinstance.py:1090} INFO - Dependencies all met for dep_context=requeueable deps ti=<TaskInstance: scrape_and_save_to_csv.scrape_teams_17-24 scheduled__2023-05-11T01:00:00+00:00 [queued]>
[2023-05-11T02:15:06.766+0000] {taskinstance.py:1288} INFO - 
--------------------------------------------------------------------------------
[2023-05-11T02:15:06.767+0000] {taskinstance.py:1289} INFO - Starting attempt 1 of 1
[2023-05-11T02:15:06.768+0000] {taskinstance.py:1290} INFO - 
--------------------------------------------------------------------------------
[2023-05-11T02:15:06.814+0000] {taskinstance.py:1309} INFO - Executing <Task(PythonOperator): scrape_teams_17-24> on 2023-05-11 01:00:00+00:00
[2023-05-11T02:15:06.821+0000] {standard_task_runner.py:55} INFO - Started process 28685 to run task
[2023-05-11T02:15:06.827+0000] {standard_task_runner.py:82} INFO - Running: ['***', 'tasks', 'run', 'scrape_and_save_to_csv', 'scrape_teams_17-24', 'scheduled__2023-05-11T01:00:00+00:00', '--job-id', '4227', '--raw', '--subdir', 'DAGS_FOLDER/scrape_and_push_dag.py', '--cfg-path', '/tmp/tmpmue8bf2i']
[2023-05-11T02:15:06.831+0000] {standard_task_runner.py:83} INFO - Job 4227: Subtask scrape_teams_17-24
[2023-05-11T02:15:06.931+0000] {task_command.py:389} INFO - Running <TaskInstance: scrape_and_save_to_csv.scrape_teams_17-24 scheduled__2023-05-11T01:00:00+00:00 [running]> on host f41dbfa3d325
[2023-05-11T02:15:06.985+0000] {warnings.py:110} WARNING - /home/***/.local/lib/python3.7/site-packages/***/utils/context.py:205: AirflowContextDeprecationWarning: Accessing 'execution_date' from the template is deprecated and will be removed in a future version. Please use 'data_interval_start' or 'logical_date' instead.
  warnings.warn(_create_deprecation_warning(key, self._deprecation_replacements[key]))

[2023-05-11T02:15:07.047+0000] {taskinstance.py:1518} INFO - Exporting the following env vars:
AIRFLOW_CTX_DAG_OWNER=***
AIRFLOW_CTX_DAG_ID=scrape_and_save_to_csv
AIRFLOW_CTX_TASK_ID=scrape_teams_17-24
AIRFLOW_CTX_EXECUTION_DATE=2023-05-11T01:00:00+00:00
AIRFLOW_CTX_TRY_NUMBER=1
AIRFLOW_CTX_DAG_RUN_ID=scheduled__2023-05-11T01:00:00+00:00
[2023-05-11T02:15:07.073+0000] {sessions.py:161} WARNING - Retrying due to ConnectionError(MaxRetryError("HTTPSConnectionPool(host='www.reddit.com', port=443): Max retries exceeded with url: /api/v1/access_token (Caused by NewConnectionError('<urllib3.connection.HTTPSConnection object at 0xffff94806450>: Failed to establish a new connection: [Errno -2] Name or service not known'))")) status: GET https://oauth.reddit.com/r/MkeBucks/comments/
[2023-05-11T02:15:07.558+0000] {sessions.py:161} WARNING - Retrying due to ConnectionError(MaxRetryError("HTTPSConnectionPool(host='www.reddit.com', port=443): Max retries exceeded with url: /api/v1/access_token (Caused by NewConnectionError('<urllib3.connection.HTTPSConnection object at 0xffff94806550>: Failed to establish a new connection: [Errno -2] Name or service not known'))")) status: GET https://oauth.reddit.com/r/MkeBucks/comments/
[2023-05-11T02:15:10.690+0000] {helpers.py:100} ERROR - error with request HTTPSConnectionPool(host='www.reddit.com', port=443): Max retries exceeded with url: /api/v1/access_token (Caused by NewConnectionError('<urllib3.connection.HTTPSConnection object at 0xffff94791110>: Failed to establish a new connection: [Errno -2] Name or service not known'))
[2023-05-11T02:15:10.691+0000] {helpers.py:101} ERROR - Retrying! 9 attempts before skipping!
[2023-05-11T02:15:11.705+0000] {sessions.py:161} WARNING - Retrying due to ConnectionError(MaxRetryError("HTTPSConnectionPool(host='www.reddit.com', port=443): Max retries exceeded with url: /api/v1/access_token (Caused by NewConnectionError('<urllib3.connection.HTTPSConnection object at 0xffff94791390>: Failed to establish a new connection: [Errno -2] Name or service not known'))")) status: GET https://oauth.reddit.com/r/MkeBucks/comments/
[2023-05-11T02:15:13.580+0000] {sessions.py:161} WARNING - Retrying due to ConnectionError(MaxRetryError("HTTPSConnectionPool(host='www.reddit.com', port=443): Max retries exceeded with url: /api/v1/access_token (Caused by NewConnectionError('<urllib3.connection.HTTPSConnection object at 0xffff94791910>: Failed to establish a new connection: [Errno -2] Name or service not known'))")) status: GET https://oauth.reddit.com/r/MkeBucks/comments/
[2023-05-11T02:15:16.625+0000] {helpers.py:100} ERROR - error with request HTTPSConnectionPool(host='www.reddit.com', port=443): Max retries exceeded with url: /api/v1/access_token (Caused by NewConnectionError('<urllib3.connection.HTTPSConnection object at 0xffff9479d2d0>: Failed to establish a new connection: [Errno -2] Name or service not known'))
[2023-05-11T02:15:16.637+0000] {helpers.py:101} ERROR - Retrying! 8 attempts before skipping!
[2023-05-11T02:15:17.644+0000] {sessions.py:161} WARNING - Retrying due to ConnectionError(MaxRetryError("HTTPSConnectionPool(host='www.reddit.com', port=443): Max retries exceeded with url: /api/v1/access_token (Caused by NewConnectionError('<urllib3.connection.HTTPSConnection object at 0xffff9479d4d0>: Failed to establish a new connection: [Errno -2] Name or service not known'))")) status: GET https://oauth.reddit.com/r/MkeBucks/comments/
[2023-05-11T02:15:19.230+0000] {sessions.py:161} WARNING - Retrying due to ConnectionError(MaxRetryError("HTTPSConnectionPool(host='www.reddit.com', port=443): Max retries exceeded with url: /api/v1/access_token (Caused by NewConnectionError('<urllib3.connection.HTTPSConnection object at 0xffff9479dd90>: Failed to establish a new connection: [Errno -2] Name or service not known'))")) status: GET https://oauth.reddit.com/r/MkeBucks/comments/
[2023-05-11T02:15:23.188+0000] {helpers.py:100} ERROR - error with request HTTPSConnectionPool(host='www.reddit.com', port=443): Max retries exceeded with url: /api/v1/access_token (Caused by NewConnectionError('<urllib3.connection.HTTPSConnection object at 0xffff947a3150>: Failed to establish a new connection: [Errno -2] Name or service not known'))
[2023-05-11T02:15:23.190+0000] {helpers.py:101} ERROR - Retrying! 7 attempts before skipping!
[2023-05-11T02:15:24.200+0000] {sessions.py:161} WARNING - Retrying due to ConnectionError(MaxRetryError("HTTPSConnectionPool(host='www.reddit.com', port=443): Max retries exceeded with url: /api/v1/access_token (Caused by NewConnectionError('<urllib3.connection.HTTPSConnection object at 0xffff947a33d0>: Failed to establish a new connection: [Errno -2] Name or service not known'))")) status: GET https://oauth.reddit.com/r/MkeBucks/comments/
[2023-05-11T02:15:25.324+0000] {sessions.py:161} WARNING - Retrying due to ConnectionError(MaxRetryError("HTTPSConnectionPool(host='www.reddit.com', port=443): Max retries exceeded with url: /api/v1/access_token (Caused by NewConnectionError('<urllib3.connection.HTTPSConnection object at 0xffff947ad2d0>: Failed to establish a new connection: [Errno -2] Name or service not known'))")) status: GET https://oauth.reddit.com/r/MkeBucks/comments/
[2023-05-11T02:15:28.411+0000] {helpers.py:100} ERROR - error with request HTTPSConnectionPool(host='www.reddit.com', port=443): Max retries exceeded with url: /api/v1/access_token (Caused by NewConnectionError('<urllib3.connection.HTTPSConnection object at 0xffff9479d990>: Failed to establish a new connection: [Errno -2] Name or service not known'))
[2023-05-11T02:15:28.414+0000] {helpers.py:101} ERROR - Retrying! 6 attempts before skipping!
[2023-05-11T02:15:29.455+0000] {sessions.py:161} WARNING - Retrying due to ConnectionError(MaxRetryError("HTTPSConnectionPool(host='www.reddit.com', port=443): Max retries exceeded with url: /api/v1/access_token (Caused by NewConnectionError('<urllib3.connection.HTTPSConnection object at 0xffff9479d810>: Failed to establish a new connection: [Errno -2] Name or service not known'))")) status: GET https://oauth.reddit.com/r/MkeBucks/comments/
[2023-05-11T02:15:30.759+0000] {sessions.py:161} WARNING - Retrying due to ConnectionError(MaxRetryError("HTTPSConnectionPool(host='www.reddit.com', port=443): Max retries exceeded with url: /api/v1/access_token (Caused by NewConnectionError('<urllib3.connection.HTTPSConnection object at 0xffff9479d410>: Failed to establish a new connection: [Errno -2] Name or service not known'))")) status: GET https://oauth.reddit.com/r/MkeBucks/comments/
[2023-05-11T02:15:33.324+0000] {helpers.py:100} ERROR - error with request HTTPSConnectionPool(host='www.reddit.com', port=443): Max retries exceeded with url: /api/v1/access_token (Caused by NewConnectionError('<urllib3.connection.HTTPSConnection object at 0xffff94791a50>: Failed to establish a new connection: [Errno -2] Name or service not known'))
[2023-05-11T02:15:33.329+0000] {helpers.py:101} ERROR - Retrying! 5 attempts before skipping!
[2023-05-11T03:04:13.080+0000] {sessions.py:161} WARNING - Retrying due to ConnectionError(MaxRetryError("HTTPSConnectionPool(host='www.reddit.com', port=443): Max retries exceeded with url: /api/v1/access_token (Caused by NewConnectionError('<urllib3.connection.HTTPSConnection object at 0xffff94791d50>: Failed to establish a new connection: [Errno -2] Name or service not known'))")) status: GET https://oauth.reddit.com/r/MkeBucks/comments/
[2023-05-11T03:04:13.606+0000] {sessions.py:161} WARNING - Retrying due to ConnectionError(MaxRetryError("HTTPSConnectionPool(host='www.reddit.com', port=443): Max retries exceeded with url: /api/v1/access_token (Caused by NewConnectionError('<urllib3.connection.HTTPSConnection object at 0xffff94806cd0>: Failed to establish a new connection: [Errno -2] Name or service not known'))")) status: GET https://oauth.reddit.com/r/MkeBucks/comments/
[2023-05-11T03:04:17.161+0000] {helpers.py:100} ERROR - error with request HTTPSConnectionPool(host='www.reddit.com', port=443): Max retries exceeded with url: /api/v1/access_token (Caused by NewConnectionError('<urllib3.connection.HTTPSConnection object at 0xffff947ad7d0>: Failed to establish a new connection: [Errno -2] Name or service not known'))
[2023-05-11T03:04:17.164+0000] {helpers.py:101} ERROR - Retrying! 4 attempts before skipping!
[2023-05-11T03:04:18.218+0000] {sessions.py:161} WARNING - Retrying due to ConnectionError(MaxRetryError("HTTPSConnectionPool(host='www.reddit.com', port=443): Max retries exceeded with url: /api/v1/access_token (Caused by NewConnectionError('<urllib3.connection.HTTPSConnection object at 0xffff947ad690>: Failed to establish a new connection: [Errno -2] Name or service not known'))")) status: GET https://oauth.reddit.com/r/MkeBucks/comments/
[2023-05-11T03:04:18.261+0000] {sessions.py:161} WARNING - Retrying due to ConnectionError(MaxRetryError("HTTPSConnectionPool(host='www.reddit.com', port=443): Max retries exceeded with url: /api/v1/access_token (Caused by NewConnectionError('<urllib3.connection.HTTPSConnection object at 0xffff947bb410>: Failed to establish a new connection: [Errno -2] Name or service not known'))")) status: GET https://oauth.reddit.com/r/MkeBucks/comments/
[2023-05-11T03:04:20.583+0000] {helpers.py:100} ERROR - error with request HTTPSConnectionPool(host='www.reddit.com', port=443): Max retries exceeded with url: /api/v1/access_token (Caused by NewConnectionError('<urllib3.connection.HTTPSConnection object at 0xffff947bbc10>: Failed to establish a new connection: [Errno -2] Name or service not known'))
[2023-05-11T03:04:20.584+0000] {helpers.py:101} ERROR - Retrying! 3 attempts before skipping!
[2023-05-11T03:04:21.601+0000] {sessions.py:161} WARNING - Retrying due to ConnectionError(MaxRetryError("HTTPSConnectionPool(host='www.reddit.com', port=443): Max retries exceeded with url: /api/v1/access_token (Caused by NewConnectionError('<urllib3.connection.HTTPSConnection object at 0xffff94791dd0>: Failed to establish a new connection: [Errno -2] Name or service not known'))")) status: GET https://oauth.reddit.com/r/MkeBucks/comments/
[2023-05-11T03:04:23.222+0000] {sessions.py:161} WARNING - Retrying due to ConnectionError(MaxRetryError("HTTPSConnectionPool(host='www.reddit.com', port=443): Max retries exceeded with url: /api/v1/access_token (Caused by NewConnectionError('<urllib3.connection.HTTPSConnection object at 0xffff94791d50>: Failed to establish a new connection: [Errno -2] Name or service not known'))")) status: GET https://oauth.reddit.com/r/MkeBucks/comments/
[2023-05-11T03:04:26.167+0000] {helpers.py:100} ERROR - error with request HTTPSConnectionPool(host='www.reddit.com', port=443): Max retries exceeded with url: /api/v1/access_token (Caused by NewConnectionError('<urllib3.connection.HTTPSConnection object at 0xffff9479d9d0>: Failed to establish a new connection: [Errno -2] Name or service not known'))
[2023-05-11T03:04:26.180+0000] {helpers.py:101} ERROR - Retrying! 2 attempts before skipping!
[2023-05-11T03:04:27.192+0000] {sessions.py:161} WARNING - Retrying due to ConnectionError(MaxRetryError("HTTPSConnectionPool(host='www.reddit.com', port=443): Max retries exceeded with url: /api/v1/access_token (Caused by NewConnectionError('<urllib3.connection.HTTPSConnection object at 0xffff9479d6d0>: Failed to establish a new connection: [Errno -2] Name or service not known'))")) status: GET https://oauth.reddit.com/r/MkeBucks/comments/
[2023-05-11T03:04:28.506+0000] {sessions.py:161} WARNING - Retrying due to ConnectionError(MaxRetryError("HTTPSConnectionPool(host='www.reddit.com', port=443): Max retries exceeded with url: /api/v1/access_token (Caused by NewConnectionError('<urllib3.connection.HTTPSConnection object at 0xffff947bb250>: Failed to establish a new connection: [Errno -2] Name or service not known'))")) status: GET https://oauth.reddit.com/r/MkeBucks/comments/
[2023-05-11T03:04:31.444+0000] {helpers.py:100} ERROR - error with request HTTPSConnectionPool(host='www.reddit.com', port=443): Max retries exceeded with url: /api/v1/access_token (Caused by NewConnectionError('<urllib3.connection.HTTPSConnection object at 0xffff947bbf50>: Failed to establish a new connection: [Errno -2] Name or service not known'))
[2023-05-11T03:04:31.445+0000] {helpers.py:101} ERROR - Retrying! 1 attempts before skipping!
[2023-05-11T03:04:32.463+0000] {sessions.py:161} WARNING - Retrying due to ConnectionError(MaxRetryError("HTTPSConnectionPool(host='www.reddit.com', port=443): Max retries exceeded with url: /api/v1/access_token (Caused by NewConnectionError('<urllib3.connection.HTTPSConnection object at 0xffff947c30d0>: Failed to establish a new connection: [Errno -2] Name or service not known'))")) status: GET https://oauth.reddit.com/r/MkeBucks/comments/
[2023-05-11T03:04:33.151+0000] {sessions.py:161} WARNING - Retrying due to ConnectionError(MaxRetryError("HTTPSConnectionPool(host='www.reddit.com', port=443): Max retries exceeded with url: /api/v1/access_token (Caused by NewConnectionError('<urllib3.connection.HTTPSConnection object at 0xffff947c3850>: Failed to establish a new connection: [Errno -2] Name or service not known'))")) status: GET https://oauth.reddit.com/r/MkeBucks/comments/
[2023-05-11T03:04:36.059+0000] {helpers.py:100} ERROR - error with request HTTPSConnectionPool(host='www.reddit.com', port=443): Max retries exceeded with url: /api/v1/access_token (Caused by NewConnectionError('<urllib3.connection.HTTPSConnection object at 0xffff947cb090>: Failed to establish a new connection: [Errno -2] Name or service not known'))
[2023-05-11T03:04:36.060+0000] {helpers.py:101} ERROR - Retrying! 0 attempts before skipping!
[2023-05-11T03:04:37.075+0000] {sessions.py:161} WARNING - Retrying due to ConnectionError(MaxRetryError("HTTPSConnectionPool(host='www.reddit.com', port=443): Max retries exceeded with url: /api/v1/access_token (Caused by NewConnectionError('<urllib3.connection.HTTPSConnection object at 0xffff9479d1d0>: Failed to establish a new connection: [Errno -2] Name or service not known'))")) status: GET https://oauth.reddit.com/r/MkeBucks/comments/
[2023-05-11T03:04:37.238+0000] {sessions.py:161} WARNING - Retrying due to ConnectionError(MaxRetryError("HTTPSConnectionPool(host='www.reddit.com', port=443): Max retries exceeded with url: /api/v1/access_token (Caused by NewConnectionError('<urllib3.connection.HTTPSConnection object at 0xffff9479d090>: Failed to establish a new connection: [Errno -2] Name or service not known'))")) status: GET https://oauth.reddit.com/r/MkeBucks/comments/
[2023-05-11T03:04:40.271+0000] {helpers.py:100} ERROR - error with request HTTPSConnectionPool(host='www.reddit.com', port=443): Max retries exceeded with url: /api/v1/access_token (Caused by NewConnectionError('<urllib3.connection.HTTPSConnection object at 0xffff947910d0>: Failed to establish a new connection: [Errno -2] Name or service not known'))
[2023-05-11T03:04:40.272+0000] {helpers.py:101} ERROR - Retrying! -1 attempts before skipping!
[2023-05-11T03:04:41.420+0000] {sessions.py:161} WARNING - Retrying due to ConnectionError(MaxRetryError("HTTPSConnectionPool(host='www.reddit.com', port=443): Max retries exceeded with url: /api/v1/access_token (Caused by NewConnectionError('<urllib3.connection.HTTPSConnection object at 0xffff94791950>: Failed to establish a new connection: [Errno -2] Name or service not known'))")) status: GET https://oauth.reddit.com/r/timberwolves/comments/
[2023-05-11T03:55:21.933+0000] {sessions.py:161} WARNING - Retrying due to ConnectionError(MaxRetryError("HTTPSConnectionPool(host='www.reddit.com', port=443): Max retries exceeded with url: /api/v1/access_token (Caused by NewConnectionError('<urllib3.connection.HTTPSConnection object at 0xffff94791f90>: Failed to establish a new connection: [Errno -2] Name or service not known'))")) status: GET https://oauth.reddit.com/r/timberwolves/comments/
[2023-05-11T03:55:25.746+0000] {helpers.py:100} ERROR - error with request HTTPSConnectionPool(host='www.reddit.com', port=443): Max retries exceeded with url: /api/v1/access_token (Caused by NewConnectionError('<urllib3.connection.HTTPSConnection object at 0xffff94806790>: Failed to establish a new connection: [Errno -2] Name or service not known'))
[2023-05-11T03:55:25.748+0000] {helpers.py:101} ERROR - Retrying! 9 attempts before skipping!
[2023-05-11T03:55:26.755+0000] {sessions.py:161} WARNING - Retrying due to ConnectionError(MaxRetryError("HTTPSConnectionPool(host='www.reddit.com', port=443): Max retries exceeded with url: /api/v1/access_token (Caused by NewConnectionError('<urllib3.connection.HTTPSConnection object at 0xffff947cb150>: Failed to establish a new connection: [Errno -2] Name or service not known'))")) status: GET https://oauth.reddit.com/r/timberwolves/comments/
[2023-05-11T03:55:27.055+0000] {sessions.py:161} WARNING - Retrying due to ConnectionError(MaxRetryError("HTTPSConnectionPool(host='www.reddit.com', port=443): Max retries exceeded with url: /api/v1/access_token (Caused by NewConnectionError('<urllib3.connection.HTTPSConnection object at 0xffff947cb610>: Failed to establish a new connection: [Errno -2] Name or service not known'))")) status: GET https://oauth.reddit.com/r/timberwolves/comments/
[2023-05-11T03:55:29.283+0000] {helpers.py:100} ERROR - error with request HTTPSConnectionPool(host='www.reddit.com', port=443): Max retries exceeded with url: /api/v1/access_token (Caused by NewConnectionError('<urllib3.connection.HTTPSConnection object at 0xffff94754090>: Failed to establish a new connection: [Errno -2] Name or service not known'))
[2023-05-11T03:55:29.283+0000] {helpers.py:101} ERROR - Retrying! 8 attempts before skipping!
[2023-05-11T03:55:29.774+0000] {local_task_job.py:277} WARNING - State of this instance has been externally set to failed. Terminating instance.
[2023-05-11T03:55:29.785+0000] {process_utils.py:133} INFO - Sending Signals.SIGTERM to group 28685. PIDs of all processes in the group: [28685]
[2023-05-11T03:55:29.798+0000] {process_utils.py:84} INFO - Sending the signal Signals.SIGTERM to group 28685
[2023-05-11T03:55:29.800+0000] {taskinstance.py:1488} ERROR - Received SIGTERM. Terminating subprocesses.
[2023-05-11T03:55:29.894+0000] {process_utils.py:79} INFO - Process psutil.Process(pid=28685, status='terminated', exitcode=0, started='02:15:05') (28685) terminated with exit code 0
