[2023-05-03T16:13:28.319+0000] {taskinstance.py:1090} INFO - Dependencies all met for dep_context=non-requeueable deps ti=<TaskInstance: scrape_and_save_to_csv.scrape_teams_1-8 scheduled__2023-05-03T09:30:00+00:00 [queued]>
[2023-05-03T16:13:28.369+0000] {taskinstance.py:1090} INFO - Dependencies all met for dep_context=requeueable deps ti=<TaskInstance: scrape_and_save_to_csv.scrape_teams_1-8 scheduled__2023-05-03T09:30:00+00:00 [queued]>
[2023-05-03T16:13:28.373+0000] {taskinstance.py:1288} INFO - 
--------------------------------------------------------------------------------
[2023-05-03T16:13:28.375+0000] {taskinstance.py:1289} INFO - Starting attempt 1 of 1
[2023-05-03T16:13:28.388+0000] {taskinstance.py:1290} INFO - 
--------------------------------------------------------------------------------
[2023-05-03T16:13:28.555+0000] {taskinstance.py:1309} INFO - Executing <Task(PythonOperator): scrape_teams_1-8> on 2023-05-03 09:30:00+00:00
[2023-05-03T16:13:28.631+0000] {standard_task_runner.py:55} INFO - Started process 31677 to run task
[2023-05-03T16:13:28.670+0000] {standard_task_runner.py:82} INFO - Running: ['***', 'tasks', 'run', 'scrape_and_save_to_csv', 'scrape_teams_1-8', 'scheduled__2023-05-03T09:30:00+00:00', '--job-id', '2361', '--raw', '--subdir', 'DAGS_FOLDER/scrape_and_save_csv_dag.py', '--cfg-path', '/tmp/tmp6xv9yced']
[2023-05-03T16:13:28.689+0000] {standard_task_runner.py:83} INFO - Job 2361: Subtask scrape_teams_1-8
[2023-05-03T16:13:29.432+0000] {task_command.py:389} INFO - Running <TaskInstance: scrape_and_save_to_csv.scrape_teams_1-8 scheduled__2023-05-03T09:30:00+00:00 [running]> on host 5d4cd8acb346
[2023-05-03T16:13:30.341+0000] {taskinstance.py:1518} INFO - Exporting the following env vars:
AIRFLOW_CTX_DAG_OWNER=***
AIRFLOW_CTX_DAG_ID=scrape_and_save_to_csv
AIRFLOW_CTX_TASK_ID=scrape_teams_1-8
AIRFLOW_CTX_EXECUTION_DATE=2023-05-03T09:30:00+00:00
AIRFLOW_CTX_TRY_NUMBER=1
AIRFLOW_CTX_DAG_RUN_ID=scheduled__2023-05-03T09:30:00+00:00
[2023-05-03T16:13:33.166+0000] {warnings.py:110} WARNING - /home/***/.local/lib/python3.7/site-packages/***/utils/context.py:313: AirflowContextDeprecationWarning: Accessing 'execution_date' from the template is deprecated and will be removed in a future version. Please use 'data_interval_start' or 'logical_date' instead.
  warnings.warn(_create_deprecation_warning(k, replacements))

[2023-05-03T16:13:37.259+0000] {helpers.py:80} INFO - Atlanta Hawks: Successfully scraped!
[2023-05-03T17:35:30.124+0000] {helpers.py:80} INFO - Boston Celtics: Successfully scraped!
[2023-05-03T17:35:32.077+0000] {local_task_job.py:277} WARNING - State of this instance has been externally set to failed. Terminating instance.
[2023-05-03T17:35:32.126+0000] {process_utils.py:133} INFO - Sending Signals.SIGTERM to group 31677. PIDs of all processes in the group: [31677]
[2023-05-03T17:35:32.134+0000] {process_utils.py:84} INFO - Sending the signal Signals.SIGTERM to group 31677
[2023-05-03T17:35:32.138+0000] {taskinstance.py:1488} ERROR - Received SIGTERM. Terminating subprocesses.
[2023-05-03T17:35:32.145+0000] {logging_mixin.py:137} INFO - Task received SIGTERM signal
[2023-05-03T17:35:32.147+0000] {helpers.py:86} ERROR - Task received SIGTERM signal
[2023-05-03T17:35:32.151+0000] {helpers.py:87} ERROR - Retrying! 9 attempts before skipping!
[2023-05-03T17:35:38.448+0000] {helpers.py:80} INFO - Brooklyn Nets: Successfully scraped!
[2023-05-03T17:35:39.492+0000] {logging_mixin.py:137} INFO - Expecting value: line 1 column 1 (char 0)
[2023-05-03T17:35:39.502+0000] {helpers.py:86} ERROR - Expecting value: line 1 column 1 (char 0)
[2023-05-03T17:35:39.506+0000] {helpers.py:87} ERROR - Retrying! 9 attempts before skipping!
[2023-05-03T17:35:41.037+0000] {logging_mixin.py:137} INFO - Expecting value: line 1 column 1 (char 0)
[2023-05-03T17:35:41.042+0000] {helpers.py:86} ERROR - Expecting value: line 1 column 1 (char 0)
[2023-05-03T17:35:41.048+0000] {helpers.py:87} ERROR - Retrying! 8 attempts before skipping!
[2023-05-03T17:38:41.974+0000] {logging_mixin.py:137} INFO - Expecting value: line 1 column 1 (char 0)
[2023-05-03T17:38:41.991+0000] {helpers.py:86} ERROR - Expecting value: line 1 column 1 (char 0)
[2023-05-03T17:38:41.992+0000] {helpers.py:87} ERROR - Retrying! 7 attempts before skipping!
[2023-05-03T17:38:43.260+0000] {logging_mixin.py:137} INFO - Expecting value: line 1 column 1 (char 0)
[2023-05-03T17:38:43.295+0000] {helpers.py:86} ERROR - Expecting value: line 1 column 1 (char 0)
[2023-05-03T17:38:43.297+0000] {helpers.py:87} ERROR - Retrying! 6 attempts before skipping!
[2023-05-03T17:38:44.459+0000] {logging_mixin.py:137} INFO - Expecting value: line 1 column 1 (char 0)
[2023-05-03T17:38:44.460+0000] {helpers.py:86} ERROR - Expecting value: line 1 column 1 (char 0)
[2023-05-03T17:38:44.461+0000] {helpers.py:87} ERROR - Retrying! 5 attempts before skipping!
[2023-05-03T17:38:45.613+0000] {logging_mixin.py:137} INFO - Expecting value: line 1 column 1 (char 0)
[2023-05-03T17:38:45.614+0000] {helpers.py:86} ERROR - Expecting value: line 1 column 1 (char 0)
[2023-05-03T17:38:45.615+0000] {helpers.py:87} ERROR - Retrying! 4 attempts before skipping!
[2023-05-03T17:38:46.759+0000] {logging_mixin.py:137} INFO - Expecting value: line 1 column 1 (char 0)
[2023-05-03T17:38:46.761+0000] {helpers.py:86} ERROR - Expecting value: line 1 column 1 (char 0)
[2023-05-03T17:38:46.762+0000] {helpers.py:87} ERROR - Retrying! 3 attempts before skipping!
[2023-05-03T17:38:47.909+0000] {logging_mixin.py:137} INFO - Expecting value: line 1 column 1 (char 0)
[2023-05-03T17:38:47.913+0000] {helpers.py:86} ERROR - Expecting value: line 1 column 1 (char 0)
[2023-05-03T17:38:47.948+0000] {helpers.py:87} ERROR - Retrying! 2 attempts before skipping!
[2023-05-03T17:38:49.125+0000] {logging_mixin.py:137} INFO - Expecting value: line 1 column 1 (char 0)
[2023-05-03T17:38:49.127+0000] {helpers.py:86} ERROR - Expecting value: line 1 column 1 (char 0)
[2023-05-03T17:38:49.128+0000] {helpers.py:87} ERROR - Retrying! 1 attempts before skipping!
[2023-05-03T17:38:50.284+0000] {logging_mixin.py:137} INFO - Expecting value: line 1 column 1 (char 0)
[2023-05-03T17:38:50.287+0000] {helpers.py:86} ERROR - Expecting value: line 1 column 1 (char 0)
[2023-05-03T17:38:50.289+0000] {helpers.py:87} ERROR - Retrying! 0 attempts before skipping!
[2023-05-03T17:38:51.453+0000] {logging_mixin.py:137} INFO - Expecting value: line 1 column 1 (char 0)
[2023-05-03T17:38:51.459+0000] {helpers.py:86} ERROR - Expecting value: line 1 column 1 (char 0)
[2023-05-03T17:38:51.460+0000] {helpers.py:87} ERROR - Retrying! -1 attempts before skipping!
[2023-05-03T17:38:52.807+0000] {logging_mixin.py:137} INFO - Expecting value: line 1 column 1 (char 0)
[2023-05-03T17:38:52.809+0000] {helpers.py:86} ERROR - Expecting value: line 1 column 1 (char 0)
[2023-05-03T17:38:52.811+0000] {helpers.py:87} ERROR - Retrying! 9 attempts before skipping!
[2023-05-03T17:38:53.956+0000] {logging_mixin.py:137} INFO - Expecting value: line 1 column 1 (char 0)
[2023-05-03T17:38:53.958+0000] {helpers.py:86} ERROR - Expecting value: line 1 column 1 (char 0)
[2023-05-03T17:38:53.959+0000] {helpers.py:87} ERROR - Retrying! 8 attempts before skipping!
[2023-05-03T17:38:55.157+0000] {logging_mixin.py:137} INFO - Expecting value: line 1 column 1 (char 0)
[2023-05-03T17:38:55.166+0000] {helpers.py:86} ERROR - Expecting value: line 1 column 1 (char 0)
[2023-05-03T17:38:55.177+0000] {helpers.py:87} ERROR - Retrying! 7 attempts before skipping!
[2023-05-03T17:38:56.337+0000] {logging_mixin.py:137} INFO - Expecting value: line 1 column 1 (char 0)
[2023-05-03T17:38:56.339+0000] {helpers.py:86} ERROR - Expecting value: line 1 column 1 (char 0)
[2023-05-03T17:38:56.340+0000] {helpers.py:87} ERROR - Retrying! 6 attempts before skipping!
[2023-05-03T17:38:57.498+0000] {logging_mixin.py:137} INFO - Expecting value: line 1 column 1 (char 0)
[2023-05-03T17:38:57.499+0000] {helpers.py:86} ERROR - Expecting value: line 1 column 1 (char 0)
[2023-05-03T17:38:57.504+0000] {helpers.py:87} ERROR - Retrying! 5 attempts before skipping!
[2023-05-03T17:38:58.649+0000] {logging_mixin.py:137} INFO - Expecting value: line 1 column 1 (char 0)
[2023-05-03T17:38:58.651+0000] {helpers.py:86} ERROR - Expecting value: line 1 column 1 (char 0)
[2023-05-03T17:38:58.653+0000] {helpers.py:87} ERROR - Retrying! 4 attempts before skipping!
[2023-05-03T17:38:59.807+0000] {logging_mixin.py:137} INFO - Expecting value: line 1 column 1 (char 0)
[2023-05-03T17:38:59.809+0000] {helpers.py:86} ERROR - Expecting value: line 1 column 1 (char 0)
[2023-05-03T17:38:59.810+0000] {helpers.py:87} ERROR - Retrying! 3 attempts before skipping!
[2023-05-03T17:39:00.960+0000] {logging_mixin.py:137} INFO - Expecting value: line 1 column 1 (char 0)
[2023-05-03T17:39:00.962+0000] {helpers.py:86} ERROR - Expecting value: line 1 column 1 (char 0)
[2023-05-03T17:39:00.963+0000] {helpers.py:87} ERROR - Retrying! 2 attempts before skipping!
[2023-05-03T17:39:02.113+0000] {logging_mixin.py:137} INFO - Expecting value: line 1 column 1 (char 0)
[2023-05-03T17:39:02.119+0000] {helpers.py:86} ERROR - Expecting value: line 1 column 1 (char 0)
[2023-05-03T17:39:02.121+0000] {helpers.py:87} ERROR - Retrying! 1 attempts before skipping!
[2023-05-03T17:39:03.359+0000] {logging_mixin.py:137} INFO - Expecting value: line 1 column 1 (char 0)
[2023-05-03T17:39:03.361+0000] {helpers.py:86} ERROR - Expecting value: line 1 column 1 (char 0)
[2023-05-03T17:39:03.362+0000] {helpers.py:87} ERROR - Retrying! 0 attempts before skipping!
[2023-05-03T17:39:04.532+0000] {logging_mixin.py:137} INFO - Expecting value: line 1 column 1 (char 0)
[2023-05-03T17:39:04.533+0000] {helpers.py:86} ERROR - Expecting value: line 1 column 1 (char 0)
[2023-05-03T17:39:04.535+0000] {helpers.py:87} ERROR - Retrying! -1 attempts before skipping!
[2023-05-03T17:39:05.700+0000] {logging_mixin.py:137} INFO - Expecting value: line 1 column 1 (char 0)
[2023-05-03T17:39:05.702+0000] {helpers.py:86} ERROR - Expecting value: line 1 column 1 (char 0)
[2023-05-03T17:39:05.704+0000] {helpers.py:87} ERROR - Retrying! 9 attempts before skipping!
[2023-05-03T17:39:06.867+0000] {logging_mixin.py:137} INFO - Expecting value: line 1 column 1 (char 0)
[2023-05-03T17:39:06.868+0000] {helpers.py:86} ERROR - Expecting value: line 1 column 1 (char 0)
[2023-05-03T17:39:06.869+0000] {helpers.py:87} ERROR - Retrying! 8 attempts before skipping!
[2023-05-03T17:39:08.030+0000] {logging_mixin.py:137} INFO - Expecting value: line 1 column 1 (char 0)
[2023-05-03T17:39:08.031+0000] {helpers.py:86} ERROR - Expecting value: line 1 column 1 (char 0)
[2023-05-03T17:39:08.033+0000] {helpers.py:87} ERROR - Retrying! 7 attempts before skipping!
[2023-05-03T17:39:09.180+0000] {logging_mixin.py:137} INFO - Expecting value: line 1 column 1 (char 0)
[2023-05-03T17:39:09.181+0000] {helpers.py:86} ERROR - Expecting value: line 1 column 1 (char 0)
[2023-05-03T17:39:09.182+0000] {helpers.py:87} ERROR - Retrying! 6 attempts before skipping!
[2023-05-03T17:39:10.372+0000] {logging_mixin.py:137} INFO - Expecting value: line 1 column 1 (char 0)
[2023-05-03T17:39:10.373+0000] {helpers.py:86} ERROR - Expecting value: line 1 column 1 (char 0)
[2023-05-03T17:39:10.374+0000] {helpers.py:87} ERROR - Retrying! 5 attempts before skipping!
[2023-05-03T17:39:11.767+0000] {logging_mixin.py:137} INFO - Expecting value: line 1 column 1 (char 0)
[2023-05-03T17:39:11.773+0000] {helpers.py:86} ERROR - Expecting value: line 1 column 1 (char 0)
[2023-05-03T17:39:11.774+0000] {helpers.py:87} ERROR - Retrying! 4 attempts before skipping!
[2023-05-03T17:39:13.146+0000] {logging_mixin.py:137} INFO - Expecting value: line 1 column 1 (char 0)
[2023-05-03T17:39:13.147+0000] {helpers.py:86} ERROR - Expecting value: line 1 column 1 (char 0)
[2023-05-03T17:39:13.148+0000] {helpers.py:87} ERROR - Retrying! 3 attempts before skipping!
[2023-05-03T17:39:14.386+0000] {logging_mixin.py:137} INFO - Expecting value: line 1 column 1 (char 0)
[2023-05-03T17:39:14.389+0000] {helpers.py:86} ERROR - Expecting value: line 1 column 1 (char 0)
[2023-05-03T17:39:14.390+0000] {helpers.py:87} ERROR - Retrying! 2 attempts before skipping!
[2023-05-03T17:39:15.652+0000] {logging_mixin.py:137} INFO - Expecting value: line 1 column 1 (char 0)
[2023-05-03T17:39:15.664+0000] {helpers.py:86} ERROR - Expecting value: line 1 column 1 (char 0)
[2023-05-03T17:39:15.671+0000] {helpers.py:87} ERROR - Retrying! 1 attempts before skipping!
[2023-05-03T17:39:16.898+0000] {logging_mixin.py:137} INFO - Expecting value: line 1 column 1 (char 0)
[2023-05-03T17:39:16.899+0000] {helpers.py:86} ERROR - Expecting value: line 1 column 1 (char 0)
[2023-05-03T17:39:16.905+0000] {helpers.py:87} ERROR - Retrying! 0 attempts before skipping!
[2023-05-03T17:39:19.349+0000] {logging_mixin.py:137} INFO - Expecting value: line 1 column 1 (char 0)
[2023-05-03T17:39:19.350+0000] {helpers.py:86} ERROR - Expecting value: line 1 column 1 (char 0)
[2023-05-03T17:39:19.352+0000] {helpers.py:87} ERROR - Retrying! -1 attempts before skipping!
[2023-05-03T17:39:20.719+0000] {logging_mixin.py:137} INFO - Expecting value: line 1 column 1 (char 0)
[2023-05-03T17:39:20.720+0000] {helpers.py:86} ERROR - Expecting value: line 1 column 1 (char 0)
[2023-05-03T17:39:20.721+0000] {helpers.py:87} ERROR - Retrying! 9 attempts before skipping!
[2023-05-03T17:39:22.060+0000] {logging_mixin.py:137} INFO - Expecting value: line 1 column 1 (char 0)
[2023-05-03T17:39:22.062+0000] {helpers.py:86} ERROR - Expecting value: line 1 column 1 (char 0)
[2023-05-03T17:39:22.064+0000] {helpers.py:87} ERROR - Retrying! 8 attempts before skipping!
[2023-05-03T17:39:23.221+0000] {logging_mixin.py:137} INFO - Expecting value: line 1 column 1 (char 0)
[2023-05-03T17:39:23.222+0000] {helpers.py:86} ERROR - Expecting value: line 1 column 1 (char 0)
[2023-05-03T17:39:23.224+0000] {helpers.py:87} ERROR - Retrying! 7 attempts before skipping!
[2023-05-03T17:39:24.389+0000] {logging_mixin.py:137} INFO - Expecting value: line 1 column 1 (char 0)
[2023-05-03T17:39:24.394+0000] {helpers.py:86} ERROR - Expecting value: line 1 column 1 (char 0)
[2023-05-03T17:39:24.397+0000] {helpers.py:87} ERROR - Retrying! 6 attempts before skipping!
[2023-05-03T17:39:25.559+0000] {logging_mixin.py:137} INFO - Expecting value: line 1 column 1 (char 0)
[2023-05-03T17:39:25.562+0000] {helpers.py:86} ERROR - Expecting value: line 1 column 1 (char 0)
[2023-05-03T17:39:25.563+0000] {helpers.py:87} ERROR - Retrying! 5 attempts before skipping!
[2023-05-03T17:39:26.719+0000] {logging_mixin.py:137} INFO - Expecting value: line 1 column 1 (char 0)
[2023-05-03T17:39:26.721+0000] {helpers.py:86} ERROR - Expecting value: line 1 column 1 (char 0)
[2023-05-03T17:39:26.722+0000] {helpers.py:87} ERROR - Retrying! 4 attempts before skipping!
[2023-05-03T17:39:27.883+0000] {logging_mixin.py:137} INFO - Expecting value: line 1 column 1 (char 0)
[2023-05-03T17:39:27.888+0000] {helpers.py:86} ERROR - Expecting value: line 1 column 1 (char 0)
[2023-05-03T17:39:27.890+0000] {helpers.py:87} ERROR - Retrying! 3 attempts before skipping!
[2023-05-03T17:39:29.040+0000] {logging_mixin.py:137} INFO - Expecting value: line 1 column 1 (char 0)
[2023-05-03T17:39:29.041+0000] {helpers.py:86} ERROR - Expecting value: line 1 column 1 (char 0)
[2023-05-03T17:39:29.042+0000] {helpers.py:87} ERROR - Retrying! 2 attempts before skipping!
[2023-05-03T17:39:30.313+0000] {logging_mixin.py:137} INFO - Expecting value: line 1 column 1 (char 0)
[2023-05-03T17:39:30.314+0000] {helpers.py:86} ERROR - Expecting value: line 1 column 1 (char 0)
[2023-05-03T17:39:30.315+0000] {helpers.py:87} ERROR - Retrying! 1 attempts before skipping!
[2023-05-03T17:39:31.476+0000] {logging_mixin.py:137} INFO - Expecting value: line 1 column 1 (char 0)
[2023-05-03T17:39:31.481+0000] {helpers.py:86} ERROR - Expecting value: line 1 column 1 (char 0)
[2023-05-03T17:39:31.483+0000] {helpers.py:87} ERROR - Retrying! 0 attempts before skipping!
[2023-05-03T17:39:31.901+0000] {process_utils.py:147} WARNING - process psutil.Process(pid=31677, name='airflow task ru', status='sleeping', started='16:13:28') did not respond to SIGTERM. Trying SIGKILL
[2023-05-03T17:39:31.916+0000] {process_utils.py:84} INFO - Sending the signal Signals.SIGKILL to group 31677
[2023-05-03T17:39:32.191+0000] {process_utils.py:79} INFO - Process psutil.Process(pid=31677, name='airflow task ru', status='terminated', exitcode=<Negsignal.SIGKILL: -9>, started='16:13:28') (31677) terminated with exit code Negsignal.SIGKILL
[2023-05-03T17:39:32.195+0000] {standard_task_runner.py:170} ERROR - Job 2361 was killed before it finished (likely due to running out of memory)
