[2023-04-30T20:03:47.506+0000] {taskinstance.py:1090} INFO - Dependencies all met for dep_context=non-requeueable deps ti=<TaskInstance: scrape_and_save_to_csv.scrape_teams_17-24 scheduled__2023-04-30T18:30:00+00:00 [queued]>
[2023-04-30T20:03:47.522+0000] {taskinstance.py:1090} INFO - Dependencies all met for dep_context=requeueable deps ti=<TaskInstance: scrape_and_save_to_csv.scrape_teams_17-24 scheduled__2023-04-30T18:30:00+00:00 [queued]>
[2023-04-30T20:03:47.524+0000] {taskinstance.py:1288} INFO - 
--------------------------------------------------------------------------------
[2023-04-30T20:03:47.526+0000] {taskinstance.py:1289} INFO - Starting attempt 1 of 1
[2023-04-30T20:03:47.528+0000] {taskinstance.py:1290} INFO - 
--------------------------------------------------------------------------------
[2023-04-30T20:03:47.555+0000] {taskinstance.py:1309} INFO - Executing <Task(PythonOperator): scrape_teams_17-24> on 2023-04-30 18:30:00+00:00
[2023-04-30T20:03:47.564+0000] {standard_task_runner.py:55} INFO - Started process 385 to run task
[2023-04-30T20:03:47.576+0000] {standard_task_runner.py:82} INFO - Running: ['***', 'tasks', 'run', 'scrape_and_save_to_csv', 'scrape_teams_17-24', 'scheduled__2023-04-30T18:30:00+00:00', '--job-id', '1945', '--raw', '--subdir', 'DAGS_FOLDER/scrape_and_save_csv_dag.py', '--cfg-path', '/tmp/tmpo9xm6y58']
[2023-04-30T20:03:47.582+0000] {standard_task_runner.py:83} INFO - Job 1945: Subtask scrape_teams_17-24
[2023-04-30T20:03:47.685+0000] {task_command.py:389} INFO - Running <TaskInstance: scrape_and_save_to_csv.scrape_teams_17-24 scheduled__2023-04-30T18:30:00+00:00 [running]> on host 5d4cd8acb346
[2023-04-30T20:03:47.760+0000] {taskinstance.py:1518} INFO - Exporting the following env vars:
AIRFLOW_CTX_DAG_OWNER=***
AIRFLOW_CTX_DAG_ID=scrape_and_save_to_csv
AIRFLOW_CTX_TASK_ID=scrape_teams_17-24
AIRFLOW_CTX_EXECUTION_DATE=2023-04-30T18:30:00+00:00
AIRFLOW_CTX_TRY_NUMBER=1
AIRFLOW_CTX_DAG_RUN_ID=scheduled__2023-04-30T18:30:00+00:00
[2023-04-30T20:03:47.799+0000] {logging_mixin.py:137} INFO - HTTPSConnectionPool(host='api.pushshift.io', port=443): Max retries exceeded with url: /reddit/search/submission/?subreddit=MkeBucks&sort=created_utc&sort_type=desc&size=500 (Caused by NewConnectionError('<urllib3.connection.HTTPSConnection object at 0xffffa004a350>: Failed to establish a new connection: [Errno -2] Name or service not known'))
[2023-04-30T20:03:47.802+0000] {helpers.py:86} ERROR - HTTPSConnectionPool(host='api.pushshift.io', port=443): Max retries exceeded with url: /reddit/search/submission/?subreddit=MkeBucks&sort=created_utc&sort_type=desc&size=500 (Caused by NewConnectionError('<urllib3.connection.HTTPSConnection object at 0xffffa004a350>: Failed to establish a new connection: [Errno -2] Name or service not known'))
[2023-04-30T20:03:47.803+0000] {helpers.py:87} ERROR - Retrying! 9 attempts before skipping!
[2023-04-30T20:03:48.809+0000] {logging_mixin.py:137} INFO - HTTPSConnectionPool(host='api.pushshift.io', port=443): Max retries exceeded with url: /reddit/search/submission/?subreddit=MkeBucks&sort=created_utc&sort_type=desc&size=500 (Caused by NewConnectionError('<urllib3.connection.HTTPSConnection object at 0xffffa004a090>: Failed to establish a new connection: [Errno -2] Name or service not known'))
[2023-04-30T20:03:48.810+0000] {helpers.py:86} ERROR - HTTPSConnectionPool(host='api.pushshift.io', port=443): Max retries exceeded with url: /reddit/search/submission/?subreddit=MkeBucks&sort=created_utc&sort_type=desc&size=500 (Caused by NewConnectionError('<urllib3.connection.HTTPSConnection object at 0xffffa004a090>: Failed to establish a new connection: [Errno -2] Name or service not known'))
[2023-04-30T20:03:48.811+0000] {helpers.py:87} ERROR - Retrying! 8 attempts before skipping!
[2023-04-30T20:03:49.823+0000] {logging_mixin.py:137} INFO - HTTPSConnectionPool(host='api.pushshift.io', port=443): Max retries exceeded with url: /reddit/search/submission/?subreddit=MkeBucks&sort=created_utc&sort_type=desc&size=500 (Caused by NewConnectionError('<urllib3.connection.HTTPSConnection object at 0xffffa004a350>: Failed to establish a new connection: [Errno -2] Name or service not known'))
[2023-04-30T20:03:49.827+0000] {helpers.py:86} ERROR - HTTPSConnectionPool(host='api.pushshift.io', port=443): Max retries exceeded with url: /reddit/search/submission/?subreddit=MkeBucks&sort=created_utc&sort_type=desc&size=500 (Caused by NewConnectionError('<urllib3.connection.HTTPSConnection object at 0xffffa004a350>: Failed to establish a new connection: [Errno -2] Name or service not known'))
[2023-04-30T20:03:49.828+0000] {helpers.py:87} ERROR - Retrying! 7 attempts before skipping!
[2023-04-30T20:03:50.846+0000] {logging_mixin.py:137} INFO - HTTPSConnectionPool(host='api.pushshift.io', port=443): Max retries exceeded with url: /reddit/search/submission/?subreddit=MkeBucks&sort=created_utc&sort_type=desc&size=500 (Caused by NewConnectionError('<urllib3.connection.HTTPSConnection object at 0xffffa004a090>: Failed to establish a new connection: [Errno -2] Name or service not known'))
[2023-04-30T20:03:50.849+0000] {helpers.py:86} ERROR - HTTPSConnectionPool(host='api.pushshift.io', port=443): Max retries exceeded with url: /reddit/search/submission/?subreddit=MkeBucks&sort=created_utc&sort_type=desc&size=500 (Caused by NewConnectionError('<urllib3.connection.HTTPSConnection object at 0xffffa004a090>: Failed to establish a new connection: [Errno -2] Name or service not known'))
[2023-04-30T20:03:50.852+0000] {helpers.py:87} ERROR - Retrying! 6 attempts before skipping!
[2023-04-30T20:03:51.866+0000] {logging_mixin.py:137} INFO - HTTPSConnectionPool(host='api.pushshift.io', port=443): Max retries exceeded with url: /reddit/search/submission/?subreddit=MkeBucks&sort=created_utc&sort_type=desc&size=500 (Caused by NewConnectionError('<urllib3.connection.HTTPSConnection object at 0xffffa004a350>: Failed to establish a new connection: [Errno -2] Name or service not known'))
[2023-04-30T20:03:51.867+0000] {helpers.py:86} ERROR - HTTPSConnectionPool(host='api.pushshift.io', port=443): Max retries exceeded with url: /reddit/search/submission/?subreddit=MkeBucks&sort=created_utc&sort_type=desc&size=500 (Caused by NewConnectionError('<urllib3.connection.HTTPSConnection object at 0xffffa004a350>: Failed to establish a new connection: [Errno -2] Name or service not known'))
[2023-04-30T20:03:51.868+0000] {helpers.py:87} ERROR - Retrying! 5 attempts before skipping!
[2023-04-30T20:03:52.878+0000] {logging_mixin.py:137} INFO - HTTPSConnectionPool(host='api.pushshift.io', port=443): Max retries exceeded with url: /reddit/search/submission/?subreddit=MkeBucks&sort=created_utc&sort_type=desc&size=500 (Caused by NewConnectionError('<urllib3.connection.HTTPSConnection object at 0xffffa004a090>: Failed to establish a new connection: [Errno -2] Name or service not known'))
[2023-04-30T20:03:52.879+0000] {helpers.py:86} ERROR - HTTPSConnectionPool(host='api.pushshift.io', port=443): Max retries exceeded with url: /reddit/search/submission/?subreddit=MkeBucks&sort=created_utc&sort_type=desc&size=500 (Caused by NewConnectionError('<urllib3.connection.HTTPSConnection object at 0xffffa004a090>: Failed to establish a new connection: [Errno -2] Name or service not known'))
[2023-04-30T20:03:52.880+0000] {helpers.py:87} ERROR - Retrying! 4 attempts before skipping!
[2023-04-30T20:03:53.891+0000] {logging_mixin.py:137} INFO - HTTPSConnectionPool(host='api.pushshift.io', port=443): Max retries exceeded with url: /reddit/search/submission/?subreddit=MkeBucks&sort=created_utc&sort_type=desc&size=500 (Caused by NewConnectionError('<urllib3.connection.HTTPSConnection object at 0xffffa004a350>: Failed to establish a new connection: [Errno -2] Name or service not known'))
[2023-04-30T20:03:53.893+0000] {helpers.py:86} ERROR - HTTPSConnectionPool(host='api.pushshift.io', port=443): Max retries exceeded with url: /reddit/search/submission/?subreddit=MkeBucks&sort=created_utc&sort_type=desc&size=500 (Caused by NewConnectionError('<urllib3.connection.HTTPSConnection object at 0xffffa004a350>: Failed to establish a new connection: [Errno -2] Name or service not known'))
[2023-04-30T20:03:53.896+0000] {helpers.py:87} ERROR - Retrying! 3 attempts before skipping!
[2023-04-30T20:03:54.904+0000] {logging_mixin.py:137} INFO - HTTPSConnectionPool(host='api.pushshift.io', port=443): Max retries exceeded with url: /reddit/search/submission/?subreddit=MkeBucks&sort=created_utc&sort_type=desc&size=500 (Caused by NewConnectionError('<urllib3.connection.HTTPSConnection object at 0xffffa004a090>: Failed to establish a new connection: [Errno -2] Name or service not known'))
[2023-04-30T20:03:54.906+0000] {helpers.py:86} ERROR - HTTPSConnectionPool(host='api.pushshift.io', port=443): Max retries exceeded with url: /reddit/search/submission/?subreddit=MkeBucks&sort=created_utc&sort_type=desc&size=500 (Caused by NewConnectionError('<urllib3.connection.HTTPSConnection object at 0xffffa004a090>: Failed to establish a new connection: [Errno -2] Name or service not known'))
[2023-04-30T20:03:54.907+0000] {helpers.py:87} ERROR - Retrying! 2 attempts before skipping!
[2023-04-30T20:03:55.915+0000] {logging_mixin.py:137} INFO - HTTPSConnectionPool(host='api.pushshift.io', port=443): Max retries exceeded with url: /reddit/search/submission/?subreddit=MkeBucks&sort=created_utc&sort_type=desc&size=500 (Caused by NewConnectionError('<urllib3.connection.HTTPSConnection object at 0xffffa004a350>: Failed to establish a new connection: [Errno -2] Name or service not known'))
[2023-04-30T20:03:55.916+0000] {helpers.py:86} ERROR - HTTPSConnectionPool(host='api.pushshift.io', port=443): Max retries exceeded with url: /reddit/search/submission/?subreddit=MkeBucks&sort=created_utc&sort_type=desc&size=500 (Caused by NewConnectionError('<urllib3.connection.HTTPSConnection object at 0xffffa004a350>: Failed to establish a new connection: [Errno -2] Name or service not known'))
[2023-04-30T20:03:55.917+0000] {helpers.py:87} ERROR - Retrying! 1 attempts before skipping!
[2023-04-30T20:03:56.925+0000] {logging_mixin.py:137} INFO - HTTPSConnectionPool(host='api.pushshift.io', port=443): Max retries exceeded with url: /reddit/search/submission/?subreddit=MkeBucks&sort=created_utc&sort_type=desc&size=500 (Caused by NewConnectionError('<urllib3.connection.HTTPSConnection object at 0xffffa004a090>: Failed to establish a new connection: [Errno -2] Name or service not known'))
[2023-04-30T20:03:56.927+0000] {helpers.py:86} ERROR - HTTPSConnectionPool(host='api.pushshift.io', port=443): Max retries exceeded with url: /reddit/search/submission/?subreddit=MkeBucks&sort=created_utc&sort_type=desc&size=500 (Caused by NewConnectionError('<urllib3.connection.HTTPSConnection object at 0xffffa004a090>: Failed to establish a new connection: [Errno -2] Name or service not known'))
[2023-04-30T20:03:56.927+0000] {helpers.py:87} ERROR - Retrying! 0 attempts before skipping!
[2023-04-30T20:03:57.935+0000] {logging_mixin.py:137} INFO - HTTPSConnectionPool(host='api.pushshift.io', port=443): Max retries exceeded with url: /reddit/search/submission/?subreddit=MkeBucks&sort=created_utc&sort_type=desc&size=500 (Caused by NewConnectionError('<urllib3.connection.HTTPSConnection object at 0xffffa004a350>: Failed to establish a new connection: [Errno -2] Name or service not known'))
[2023-04-30T20:03:57.938+0000] {helpers.py:86} ERROR - HTTPSConnectionPool(host='api.pushshift.io', port=443): Max retries exceeded with url: /reddit/search/submission/?subreddit=MkeBucks&sort=created_utc&sort_type=desc&size=500 (Caused by NewConnectionError('<urllib3.connection.HTTPSConnection object at 0xffffa004a350>: Failed to establish a new connection: [Errno -2] Name or service not known'))
[2023-04-30T20:03:57.940+0000] {helpers.py:87} ERROR - Retrying! -1 attempts before skipping!
[2023-04-30T20:03:58.950+0000] {logging_mixin.py:137} INFO - HTTPSConnectionPool(host='api.pushshift.io', port=443): Max retries exceeded with url: /reddit/search/submission/?subreddit=timberwolves&sort=created_utc&sort_type=desc&size=500 (Caused by NewConnectionError('<urllib3.connection.HTTPSConnection object at 0xffffa004a350>: Failed to establish a new connection: [Errno -2] Name or service not known'))
[2023-04-30T20:03:58.955+0000] {helpers.py:86} ERROR - HTTPSConnectionPool(host='api.pushshift.io', port=443): Max retries exceeded with url: /reddit/search/submission/?subreddit=timberwolves&sort=created_utc&sort_type=desc&size=500 (Caused by NewConnectionError('<urllib3.connection.HTTPSConnection object at 0xffffa004a350>: Failed to establish a new connection: [Errno -2] Name or service not known'))
[2023-04-30T20:03:58.957+0000] {helpers.py:87} ERROR - Retrying! 9 attempts before skipping!
[2023-04-30T20:03:59.966+0000] {logging_mixin.py:137} INFO - HTTPSConnectionPool(host='api.pushshift.io', port=443): Max retries exceeded with url: /reddit/search/submission/?subreddit=timberwolves&sort=created_utc&sort_type=desc&size=500 (Caused by NewConnectionError('<urllib3.connection.HTTPSConnection object at 0xffffa004a390>: Failed to establish a new connection: [Errno -2] Name or service not known'))
[2023-04-30T20:03:59.967+0000] {helpers.py:86} ERROR - HTTPSConnectionPool(host='api.pushshift.io', port=443): Max retries exceeded with url: /reddit/search/submission/?subreddit=timberwolves&sort=created_utc&sort_type=desc&size=500 (Caused by NewConnectionError('<urllib3.connection.HTTPSConnection object at 0xffffa004a390>: Failed to establish a new connection: [Errno -2] Name or service not known'))
[2023-04-30T20:03:59.968+0000] {helpers.py:87} ERROR - Retrying! 8 attempts before skipping!
[2023-04-30T20:04:00.974+0000] {logging_mixin.py:137} INFO - HTTPSConnectionPool(host='api.pushshift.io', port=443): Max retries exceeded with url: /reddit/search/submission/?subreddit=timberwolves&sort=created_utc&sort_type=desc&size=500 (Caused by NewConnectionError('<urllib3.connection.HTTPSConnection object at 0xffffa004a350>: Failed to establish a new connection: [Errno -2] Name or service not known'))
[2023-04-30T20:04:00.976+0000] {helpers.py:86} ERROR - HTTPSConnectionPool(host='api.pushshift.io', port=443): Max retries exceeded with url: /reddit/search/submission/?subreddit=timberwolves&sort=created_utc&sort_type=desc&size=500 (Caused by NewConnectionError('<urllib3.connection.HTTPSConnection object at 0xffffa004a350>: Failed to establish a new connection: [Errno -2] Name or service not known'))
[2023-04-30T20:04:00.977+0000] {helpers.py:87} ERROR - Retrying! 7 attempts before skipping!
[2023-04-30T20:04:01.989+0000] {logging_mixin.py:137} INFO - HTTPSConnectionPool(host='api.pushshift.io', port=443): Max retries exceeded with url: /reddit/search/submission/?subreddit=timberwolves&sort=created_utc&sort_type=desc&size=500 (Caused by NewConnectionError('<urllib3.connection.HTTPSConnection object at 0xffffa004a390>: Failed to establish a new connection: [Errno -2] Name or service not known'))
[2023-04-30T20:04:01.991+0000] {helpers.py:86} ERROR - HTTPSConnectionPool(host='api.pushshift.io', port=443): Max retries exceeded with url: /reddit/search/submission/?subreddit=timberwolves&sort=created_utc&sort_type=desc&size=500 (Caused by NewConnectionError('<urllib3.connection.HTTPSConnection object at 0xffffa004a390>: Failed to establish a new connection: [Errno -2] Name or service not known'))
[2023-04-30T20:04:01.992+0000] {helpers.py:87} ERROR - Retrying! 6 attempts before skipping!
[2023-04-30T20:04:02.999+0000] {logging_mixin.py:137} INFO - HTTPSConnectionPool(host='api.pushshift.io', port=443): Max retries exceeded with url: /reddit/search/submission/?subreddit=timberwolves&sort=created_utc&sort_type=desc&size=500 (Caused by NewConnectionError('<urllib3.connection.HTTPSConnection object at 0xffffa004a350>: Failed to establish a new connection: [Errno -2] Name or service not known'))
[2023-04-30T20:04:03.002+0000] {helpers.py:86} ERROR - HTTPSConnectionPool(host='api.pushshift.io', port=443): Max retries exceeded with url: /reddit/search/submission/?subreddit=timberwolves&sort=created_utc&sort_type=desc&size=500 (Caused by NewConnectionError('<urllib3.connection.HTTPSConnection object at 0xffffa004a350>: Failed to establish a new connection: [Errno -2] Name or service not known'))
[2023-04-30T20:04:03.004+0000] {helpers.py:87} ERROR - Retrying! 5 attempts before skipping!
[2023-04-30T20:04:04.012+0000] {logging_mixin.py:137} INFO - HTTPSConnectionPool(host='api.pushshift.io', port=443): Max retries exceeded with url: /reddit/search/submission/?subreddit=timberwolves&sort=created_utc&sort_type=desc&size=500 (Caused by NewConnectionError('<urllib3.connection.HTTPSConnection object at 0xffffa004a390>: Failed to establish a new connection: [Errno -2] Name or service not known'))
[2023-04-30T20:04:04.013+0000] {helpers.py:86} ERROR - HTTPSConnectionPool(host='api.pushshift.io', port=443): Max retries exceeded with url: /reddit/search/submission/?subreddit=timberwolves&sort=created_utc&sort_type=desc&size=500 (Caused by NewConnectionError('<urllib3.connection.HTTPSConnection object at 0xffffa004a390>: Failed to establish a new connection: [Errno -2] Name or service not known'))
[2023-04-30T20:04:04.015+0000] {helpers.py:87} ERROR - Retrying! 4 attempts before skipping!
[2023-04-30T20:04:05.026+0000] {logging_mixin.py:137} INFO - HTTPSConnectionPool(host='api.pushshift.io', port=443): Max retries exceeded with url: /reddit/search/submission/?subreddit=timberwolves&sort=created_utc&sort_type=desc&size=500 (Caused by NewConnectionError('<urllib3.connection.HTTPSConnection object at 0xffffa004a350>: Failed to establish a new connection: [Errno -2] Name or service not known'))
[2023-04-30T20:04:05.027+0000] {helpers.py:86} ERROR - HTTPSConnectionPool(host='api.pushshift.io', port=443): Max retries exceeded with url: /reddit/search/submission/?subreddit=timberwolves&sort=created_utc&sort_type=desc&size=500 (Caused by NewConnectionError('<urllib3.connection.HTTPSConnection object at 0xffffa004a350>: Failed to establish a new connection: [Errno -2] Name or service not known'))
[2023-04-30T20:04:05.029+0000] {helpers.py:87} ERROR - Retrying! 3 attempts before skipping!
[2023-04-30T20:04:06.039+0000] {logging_mixin.py:137} INFO - HTTPSConnectionPool(host='api.pushshift.io', port=443): Max retries exceeded with url: /reddit/search/submission/?subreddit=timberwolves&sort=created_utc&sort_type=desc&size=500 (Caused by NewConnectionError('<urllib3.connection.HTTPSConnection object at 0xffffa004a390>: Failed to establish a new connection: [Errno -2] Name or service not known'))
[2023-04-30T20:04:06.040+0000] {helpers.py:86} ERROR - HTTPSConnectionPool(host='api.pushshift.io', port=443): Max retries exceeded with url: /reddit/search/submission/?subreddit=timberwolves&sort=created_utc&sort_type=desc&size=500 (Caused by NewConnectionError('<urllib3.connection.HTTPSConnection object at 0xffffa004a390>: Failed to establish a new connection: [Errno -2] Name or service not known'))
[2023-04-30T20:04:06.042+0000] {helpers.py:87} ERROR - Retrying! 2 attempts before skipping!
[2023-04-30T20:04:07.098+0000] {logging_mixin.py:137} INFO - HTTPSConnectionPool(host='api.pushshift.io', port=443): Max retries exceeded with url: /reddit/search/submission/?subreddit=timberwolves&sort=created_utc&sort_type=desc&size=500 (Caused by NewConnectionError('<urllib3.connection.HTTPSConnection object at 0xffffa004a350>: Failed to establish a new connection: [Errno -2] Name or service not known'))
[2023-04-30T20:04:07.175+0000] {helpers.py:86} ERROR - HTTPSConnectionPool(host='api.pushshift.io', port=443): Max retries exceeded with url: /reddit/search/submission/?subreddit=timberwolves&sort=created_utc&sort_type=desc&size=500 (Caused by NewConnectionError('<urllib3.connection.HTTPSConnection object at 0xffffa004a350>: Failed to establish a new connection: [Errno -2] Name or service not known'))
[2023-04-30T20:04:07.178+0000] {helpers.py:87} ERROR - Retrying! 1 attempts before skipping!
[2023-04-30T20:04:08.216+0000] {logging_mixin.py:137} INFO - HTTPSConnectionPool(host='api.pushshift.io', port=443): Max retries exceeded with url: /reddit/search/submission/?subreddit=timberwolves&sort=created_utc&sort_type=desc&size=500 (Caused by NewConnectionError('<urllib3.connection.HTTPSConnection object at 0xffffa004a390>: Failed to establish a new connection: [Errno -2] Name or service not known'))
[2023-04-30T20:04:08.222+0000] {helpers.py:86} ERROR - HTTPSConnectionPool(host='api.pushshift.io', port=443): Max retries exceeded with url: /reddit/search/submission/?subreddit=timberwolves&sort=created_utc&sort_type=desc&size=500 (Caused by NewConnectionError('<urllib3.connection.HTTPSConnection object at 0xffffa004a390>: Failed to establish a new connection: [Errno -2] Name or service not known'))
[2023-04-30T20:04:08.224+0000] {helpers.py:87} ERROR - Retrying! 0 attempts before skipping!
[2023-04-30T20:04:09.271+0000] {logging_mixin.py:137} INFO - HTTPSConnectionPool(host='api.pushshift.io', port=443): Max retries exceeded with url: /reddit/search/submission/?subreddit=timberwolves&sort=created_utc&sort_type=desc&size=500 (Caused by NewConnectionError('<urllib3.connection.HTTPSConnection object at 0xffffa004a350>: Failed to establish a new connection: [Errno -2] Name or service not known'))
[2023-04-30T20:04:09.273+0000] {helpers.py:86} ERROR - HTTPSConnectionPool(host='api.pushshift.io', port=443): Max retries exceeded with url: /reddit/search/submission/?subreddit=timberwolves&sort=created_utc&sort_type=desc&size=500 (Caused by NewConnectionError('<urllib3.connection.HTTPSConnection object at 0xffffa004a350>: Failed to establish a new connection: [Errno -2] Name or service not known'))
[2023-04-30T20:04:09.274+0000] {helpers.py:87} ERROR - Retrying! -1 attempts before skipping!
[2023-04-30T20:04:10.295+0000] {logging_mixin.py:137} INFO - HTTPSConnectionPool(host='api.pushshift.io', port=443): Max retries exceeded with url: /reddit/search/submission/?subreddit=NOLAPelicans&sort=created_utc&sort_type=desc&size=500 (Caused by NewConnectionError('<urllib3.connection.HTTPSConnection object at 0xffffa004a350>: Failed to establish a new connection: [Errno -2] Name or service not known'))
[2023-04-30T20:04:10.303+0000] {helpers.py:86} ERROR - HTTPSConnectionPool(host='api.pushshift.io', port=443): Max retries exceeded with url: /reddit/search/submission/?subreddit=NOLAPelicans&sort=created_utc&sort_type=desc&size=500 (Caused by NewConnectionError('<urllib3.connection.HTTPSConnection object at 0xffffa004a350>: Failed to establish a new connection: [Errno -2] Name or service not known'))
[2023-04-30T20:04:10.307+0000] {helpers.py:87} ERROR - Retrying! 9 attempts before skipping!
[2023-04-30T20:04:11.336+0000] {logging_mixin.py:137} INFO - HTTPSConnectionPool(host='api.pushshift.io', port=443): Max retries exceeded with url: /reddit/search/submission/?subreddit=NOLAPelicans&sort=created_utc&sort_type=desc&size=500 (Caused by NewConnectionError('<urllib3.connection.HTTPSConnection object at 0xffffa004a190>: Failed to establish a new connection: [Errno -2] Name or service not known'))
[2023-04-30T20:04:11.345+0000] {helpers.py:86} ERROR - HTTPSConnectionPool(host='api.pushshift.io', port=443): Max retries exceeded with url: /reddit/search/submission/?subreddit=NOLAPelicans&sort=created_utc&sort_type=desc&size=500 (Caused by NewConnectionError('<urllib3.connection.HTTPSConnection object at 0xffffa004a190>: Failed to establish a new connection: [Errno -2] Name or service not known'))
[2023-04-30T20:04:11.351+0000] {helpers.py:87} ERROR - Retrying! 8 attempts before skipping!
[2023-04-30T20:04:12.367+0000] {logging_mixin.py:137} INFO - HTTPSConnectionPool(host='api.pushshift.io', port=443): Max retries exceeded with url: /reddit/search/submission/?subreddit=NOLAPelicans&sort=created_utc&sort_type=desc&size=500 (Caused by NewConnectionError('<urllib3.connection.HTTPSConnection object at 0xffffa004a350>: Failed to establish a new connection: [Errno -2] Name or service not known'))
[2023-04-30T20:04:12.371+0000] {helpers.py:86} ERROR - HTTPSConnectionPool(host='api.pushshift.io', port=443): Max retries exceeded with url: /reddit/search/submission/?subreddit=NOLAPelicans&sort=created_utc&sort_type=desc&size=500 (Caused by NewConnectionError('<urllib3.connection.HTTPSConnection object at 0xffffa004a350>: Failed to establish a new connection: [Errno -2] Name or service not known'))
[2023-04-30T20:04:12.373+0000] {helpers.py:87} ERROR - Retrying! 7 attempts before skipping!
[2023-04-30T20:04:13.401+0000] {logging_mixin.py:137} INFO - HTTPSConnectionPool(host='api.pushshift.io', port=443): Max retries exceeded with url: /reddit/search/submission/?subreddit=NOLAPelicans&sort=created_utc&sort_type=desc&size=500 (Caused by NewConnectionError('<urllib3.connection.HTTPSConnection object at 0xffffa004a190>: Failed to establish a new connection: [Errno -2] Name or service not known'))
[2023-04-30T20:04:13.407+0000] {helpers.py:86} ERROR - HTTPSConnectionPool(host='api.pushshift.io', port=443): Max retries exceeded with url: /reddit/search/submission/?subreddit=NOLAPelicans&sort=created_utc&sort_type=desc&size=500 (Caused by NewConnectionError('<urllib3.connection.HTTPSConnection object at 0xffffa004a190>: Failed to establish a new connection: [Errno -2] Name or service not known'))
[2023-04-30T20:04:13.409+0000] {helpers.py:87} ERROR - Retrying! 6 attempts before skipping!
[2023-04-30T20:04:14.426+0000] {logging_mixin.py:137} INFO - HTTPSConnectionPool(host='api.pushshift.io', port=443): Max retries exceeded with url: /reddit/search/submission/?subreddit=NOLAPelicans&sort=created_utc&sort_type=desc&size=500 (Caused by NewConnectionError('<urllib3.connection.HTTPSConnection object at 0xffffa004a350>: Failed to establish a new connection: [Errno -2] Name or service not known'))
[2023-04-30T20:04:14.431+0000] {helpers.py:86} ERROR - HTTPSConnectionPool(host='api.pushshift.io', port=443): Max retries exceeded with url: /reddit/search/submission/?subreddit=NOLAPelicans&sort=created_utc&sort_type=desc&size=500 (Caused by NewConnectionError('<urllib3.connection.HTTPSConnection object at 0xffffa004a350>: Failed to establish a new connection: [Errno -2] Name or service not known'))
[2023-04-30T20:04:14.433+0000] {helpers.py:87} ERROR - Retrying! 5 attempts before skipping!
[2023-04-30T20:38:49.463+0000] {logging_mixin.py:137} INFO - HTTPSConnectionPool(host='api.pushshift.io', port=443): Max retries exceeded with url: /reddit/search/submission/?subreddit=NOLAPelicans&sort=created_utc&sort_type=desc&size=500 (Caused by NewConnectionError('<urllib3.connection.HTTPSConnection object at 0xffffa004a190>: Failed to establish a new connection: [Errno -2] Name or service not known'))
[2023-04-30T20:38:49.465+0000] {helpers.py:86} ERROR - HTTPSConnectionPool(host='api.pushshift.io', port=443): Max retries exceeded with url: /reddit/search/submission/?subreddit=NOLAPelicans&sort=created_utc&sort_type=desc&size=500 (Caused by NewConnectionError('<urllib3.connection.HTTPSConnection object at 0xffffa004a190>: Failed to establish a new connection: [Errno -2] Name or service not known'))
[2023-04-30T20:38:49.467+0000] {helpers.py:87} ERROR - Retrying! 4 attempts before skipping!
[2023-04-30T20:38:50.479+0000] {logging_mixin.py:137} INFO - HTTPSConnectionPool(host='api.pushshift.io', port=443): Max retries exceeded with url: /reddit/search/submission/?subreddit=NOLAPelicans&sort=created_utc&sort_type=desc&size=500 (Caused by NewConnectionError('<urllib3.connection.HTTPSConnection object at 0xffffa004a350>: Failed to establish a new connection: [Errno -2] Name or service not known'))
[2023-04-30T20:38:50.482+0000] {helpers.py:86} ERROR - HTTPSConnectionPool(host='api.pushshift.io', port=443): Max retries exceeded with url: /reddit/search/submission/?subreddit=NOLAPelicans&sort=created_utc&sort_type=desc&size=500 (Caused by NewConnectionError('<urllib3.connection.HTTPSConnection object at 0xffffa004a350>: Failed to establish a new connection: [Errno -2] Name or service not known'))
[2023-04-30T20:38:50.485+0000] {helpers.py:87} ERROR - Retrying! 3 attempts before skipping!
[2023-04-30T20:38:51.494+0000] {logging_mixin.py:137} INFO - HTTPSConnectionPool(host='api.pushshift.io', port=443): Max retries exceeded with url: /reddit/search/submission/?subreddit=NOLAPelicans&sort=created_utc&sort_type=desc&size=500 (Caused by NewConnectionError('<urllib3.connection.HTTPSConnection object at 0xffffa004a190>: Failed to establish a new connection: [Errno -2] Name or service not known'))
[2023-04-30T20:38:51.503+0000] {helpers.py:86} ERROR - HTTPSConnectionPool(host='api.pushshift.io', port=443): Max retries exceeded with url: /reddit/search/submission/?subreddit=NOLAPelicans&sort=created_utc&sort_type=desc&size=500 (Caused by NewConnectionError('<urllib3.connection.HTTPSConnection object at 0xffffa004a190>: Failed to establish a new connection: [Errno -2] Name or service not known'))
[2023-04-30T20:38:51.504+0000] {helpers.py:87} ERROR - Retrying! 2 attempts before skipping!
[2023-04-30T20:38:52.518+0000] {logging_mixin.py:137} INFO - HTTPSConnectionPool(host='api.pushshift.io', port=443): Max retries exceeded with url: /reddit/search/submission/?subreddit=NOLAPelicans&sort=created_utc&sort_type=desc&size=500 (Caused by NewConnectionError('<urllib3.connection.HTTPSConnection object at 0xffffa004a350>: Failed to establish a new connection: [Errno -2] Name or service not known'))
[2023-04-30T20:38:52.522+0000] {helpers.py:86} ERROR - HTTPSConnectionPool(host='api.pushshift.io', port=443): Max retries exceeded with url: /reddit/search/submission/?subreddit=NOLAPelicans&sort=created_utc&sort_type=desc&size=500 (Caused by NewConnectionError('<urllib3.connection.HTTPSConnection object at 0xffffa004a350>: Failed to establish a new connection: [Errno -2] Name or service not known'))
[2023-04-30T20:38:52.525+0000] {helpers.py:87} ERROR - Retrying! 1 attempts before skipping!
[2023-04-30T20:38:53.552+0000] {logging_mixin.py:137} INFO - HTTPSConnectionPool(host='api.pushshift.io', port=443): Max retries exceeded with url: /reddit/search/submission/?subreddit=NOLAPelicans&sort=created_utc&sort_type=desc&size=500 (Caused by NewConnectionError('<urllib3.connection.HTTPSConnection object at 0xffffa004a190>: Failed to establish a new connection: [Errno -2] Name or service not known'))
[2023-04-30T20:38:53.562+0000] {helpers.py:86} ERROR - HTTPSConnectionPool(host='api.pushshift.io', port=443): Max retries exceeded with url: /reddit/search/submission/?subreddit=NOLAPelicans&sort=created_utc&sort_type=desc&size=500 (Caused by NewConnectionError('<urllib3.connection.HTTPSConnection object at 0xffffa004a190>: Failed to establish a new connection: [Errno -2] Name or service not known'))
[2023-04-30T20:38:53.566+0000] {helpers.py:87} ERROR - Retrying! 0 attempts before skipping!
[2023-04-30T20:38:54.594+0000] {logging_mixin.py:137} INFO - HTTPSConnectionPool(host='api.pushshift.io', port=443): Max retries exceeded with url: /reddit/search/submission/?subreddit=NOLAPelicans&sort=created_utc&sort_type=desc&size=500 (Caused by NewConnectionError('<urllib3.connection.HTTPSConnection object at 0xffffa004a350>: Failed to establish a new connection: [Errno -2] Name or service not known'))
[2023-04-30T20:38:54.600+0000] {helpers.py:86} ERROR - HTTPSConnectionPool(host='api.pushshift.io', port=443): Max retries exceeded with url: /reddit/search/submission/?subreddit=NOLAPelicans&sort=created_utc&sort_type=desc&size=500 (Caused by NewConnectionError('<urllib3.connection.HTTPSConnection object at 0xffffa004a350>: Failed to establish a new connection: [Errno -2] Name or service not known'))
[2023-04-30T20:38:54.602+0000] {helpers.py:87} ERROR - Retrying! -1 attempts before skipping!
[2023-04-30T20:38:55.636+0000] {logging_mixin.py:137} INFO - HTTPSConnectionPool(host='api.pushshift.io', port=443): Max retries exceeded with url: /reddit/search/submission/?subreddit=nyknicks&sort=created_utc&sort_type=desc&size=500 (Caused by NewConnectionError('<urllib3.connection.HTTPSConnection object at 0xffffa004a350>: Failed to establish a new connection: [Errno -2] Name or service not known'))
[2023-04-30T20:38:55.640+0000] {helpers.py:86} ERROR - HTTPSConnectionPool(host='api.pushshift.io', port=443): Max retries exceeded with url: /reddit/search/submission/?subreddit=nyknicks&sort=created_utc&sort_type=desc&size=500 (Caused by NewConnectionError('<urllib3.connection.HTTPSConnection object at 0xffffa004a350>: Failed to establish a new connection: [Errno -2] Name or service not known'))
[2023-04-30T20:38:55.642+0000] {helpers.py:87} ERROR - Retrying! 9 attempts before skipping!
[2023-04-30T20:38:56.655+0000] {logging_mixin.py:137} INFO - HTTPSConnectionPool(host='api.pushshift.io', port=443): Max retries exceeded with url: /reddit/search/submission/?subreddit=nyknicks&sort=created_utc&sort_type=desc&size=500 (Caused by NewConnectionError('<urllib3.connection.HTTPSConnection object at 0xffffa004a290>: Failed to establish a new connection: [Errno -2] Name or service not known'))
[2023-04-30T20:38:56.658+0000] {helpers.py:86} ERROR - HTTPSConnectionPool(host='api.pushshift.io', port=443): Max retries exceeded with url: /reddit/search/submission/?subreddit=nyknicks&sort=created_utc&sort_type=desc&size=500 (Caused by NewConnectionError('<urllib3.connection.HTTPSConnection object at 0xffffa004a290>: Failed to establish a new connection: [Errno -2] Name or service not known'))
[2023-04-30T20:38:56.660+0000] {helpers.py:87} ERROR - Retrying! 8 attempts before skipping!
[2023-04-30T20:38:57.675+0000] {logging_mixin.py:137} INFO - HTTPSConnectionPool(host='api.pushshift.io', port=443): Max retries exceeded with url: /reddit/search/submission/?subreddit=nyknicks&sort=created_utc&sort_type=desc&size=500 (Caused by NewConnectionError('<urllib3.connection.HTTPSConnection object at 0xffffa004a350>: Failed to establish a new connection: [Errno -2] Name or service not known'))
[2023-04-30T20:38:57.676+0000] {helpers.py:86} ERROR - HTTPSConnectionPool(host='api.pushshift.io', port=443): Max retries exceeded with url: /reddit/search/submission/?subreddit=nyknicks&sort=created_utc&sort_type=desc&size=500 (Caused by NewConnectionError('<urllib3.connection.HTTPSConnection object at 0xffffa004a350>: Failed to establish a new connection: [Errno -2] Name or service not known'))
[2023-04-30T20:38:57.678+0000] {helpers.py:87} ERROR - Retrying! 7 attempts before skipping!
[2023-04-30T20:38:58.702+0000] {logging_mixin.py:137} INFO - HTTPSConnectionPool(host='api.pushshift.io', port=443): Max retries exceeded with url: /reddit/search/submission/?subreddit=nyknicks&sort=created_utc&sort_type=desc&size=500 (Caused by NewConnectionError('<urllib3.connection.HTTPSConnection object at 0xffffa004a290>: Failed to establish a new connection: [Errno -2] Name or service not known'))
[2023-04-30T20:38:58.708+0000] {helpers.py:86} ERROR - HTTPSConnectionPool(host='api.pushshift.io', port=443): Max retries exceeded with url: /reddit/search/submission/?subreddit=nyknicks&sort=created_utc&sort_type=desc&size=500 (Caused by NewConnectionError('<urllib3.connection.HTTPSConnection object at 0xffffa004a290>: Failed to establish a new connection: [Errno -2] Name or service not known'))
[2023-04-30T20:38:58.709+0000] {helpers.py:87} ERROR - Retrying! 6 attempts before skipping!
[2023-04-30T20:38:59.745+0000] {logging_mixin.py:137} INFO - HTTPSConnectionPool(host='api.pushshift.io', port=443): Max retries exceeded with url: /reddit/search/submission/?subreddit=nyknicks&sort=created_utc&sort_type=desc&size=500 (Caused by NewConnectionError('<urllib3.connection.HTTPSConnection object at 0xffffa004a350>: Failed to establish a new connection: [Errno -2] Name or service not known'))
[2023-04-30T20:38:59.749+0000] {helpers.py:86} ERROR - HTTPSConnectionPool(host='api.pushshift.io', port=443): Max retries exceeded with url: /reddit/search/submission/?subreddit=nyknicks&sort=created_utc&sort_type=desc&size=500 (Caused by NewConnectionError('<urllib3.connection.HTTPSConnection object at 0xffffa004a350>: Failed to establish a new connection: [Errno -2] Name or service not known'))
[2023-04-30T20:38:59.751+0000] {helpers.py:87} ERROR - Retrying! 5 attempts before skipping!
[2023-04-30T20:39:00.761+0000] {logging_mixin.py:137} INFO - HTTPSConnectionPool(host='api.pushshift.io', port=443): Max retries exceeded with url: /reddit/search/submission/?subreddit=nyknicks&sort=created_utc&sort_type=desc&size=500 (Caused by NewConnectionError('<urllib3.connection.HTTPSConnection object at 0xffffa004a290>: Failed to establish a new connection: [Errno -2] Name or service not known'))
[2023-04-30T20:39:00.764+0000] {helpers.py:86} ERROR - HTTPSConnectionPool(host='api.pushshift.io', port=443): Max retries exceeded with url: /reddit/search/submission/?subreddit=nyknicks&sort=created_utc&sort_type=desc&size=500 (Caused by NewConnectionError('<urllib3.connection.HTTPSConnection object at 0xffffa004a290>: Failed to establish a new connection: [Errno -2] Name or service not known'))
[2023-04-30T20:39:00.768+0000] {helpers.py:87} ERROR - Retrying! 4 attempts before skipping!
[2023-04-30T20:39:01.786+0000] {logging_mixin.py:137} INFO - HTTPSConnectionPool(host='api.pushshift.io', port=443): Max retries exceeded with url: /reddit/search/submission/?subreddit=nyknicks&sort=created_utc&sort_type=desc&size=500 (Caused by NewConnectionError('<urllib3.connection.HTTPSConnection object at 0xffffa004a350>: Failed to establish a new connection: [Errno -2] Name or service not known'))
[2023-04-30T20:39:01.786+0000] {helpers.py:86} ERROR - HTTPSConnectionPool(host='api.pushshift.io', port=443): Max retries exceeded with url: /reddit/search/submission/?subreddit=nyknicks&sort=created_utc&sort_type=desc&size=500 (Caused by NewConnectionError('<urllib3.connection.HTTPSConnection object at 0xffffa004a350>: Failed to establish a new connection: [Errno -2] Name or service not known'))
[2023-04-30T20:39:01.787+0000] {helpers.py:87} ERROR - Retrying! 3 attempts before skipping!
[2023-04-30T20:39:02.797+0000] {logging_mixin.py:137} INFO - HTTPSConnectionPool(host='api.pushshift.io', port=443): Max retries exceeded with url: /reddit/search/submission/?subreddit=nyknicks&sort=created_utc&sort_type=desc&size=500 (Caused by NewConnectionError('<urllib3.connection.HTTPSConnection object at 0xffffa004a290>: Failed to establish a new connection: [Errno -2] Name or service not known'))
[2023-04-30T20:39:02.798+0000] {helpers.py:86} ERROR - HTTPSConnectionPool(host='api.pushshift.io', port=443): Max retries exceeded with url: /reddit/search/submission/?subreddit=nyknicks&sort=created_utc&sort_type=desc&size=500 (Caused by NewConnectionError('<urllib3.connection.HTTPSConnection object at 0xffffa004a290>: Failed to establish a new connection: [Errno -2] Name or service not known'))
[2023-04-30T20:39:02.799+0000] {helpers.py:87} ERROR - Retrying! 2 attempts before skipping!
[2023-04-30T20:39:03.808+0000] {logging_mixin.py:137} INFO - HTTPSConnectionPool(host='api.pushshift.io', port=443): Max retries exceeded with url: /reddit/search/submission/?subreddit=nyknicks&sort=created_utc&sort_type=desc&size=500 (Caused by NewConnectionError('<urllib3.connection.HTTPSConnection object at 0xffffa004a350>: Failed to establish a new connection: [Errno -2] Name or service not known'))
[2023-04-30T20:39:03.813+0000] {helpers.py:86} ERROR - HTTPSConnectionPool(host='api.pushshift.io', port=443): Max retries exceeded with url: /reddit/search/submission/?subreddit=nyknicks&sort=created_utc&sort_type=desc&size=500 (Caused by NewConnectionError('<urllib3.connection.HTTPSConnection object at 0xffffa004a350>: Failed to establish a new connection: [Errno -2] Name or service not known'))
[2023-04-30T20:39:03.816+0000] {helpers.py:87} ERROR - Retrying! 1 attempts before skipping!
[2023-04-30T20:39:04.840+0000] {logging_mixin.py:137} INFO - HTTPSConnectionPool(host='api.pushshift.io', port=443): Max retries exceeded with url: /reddit/search/submission/?subreddit=nyknicks&sort=created_utc&sort_type=desc&size=500 (Caused by NewConnectionError('<urllib3.connection.HTTPSConnection object at 0xffffa004a290>: Failed to establish a new connection: [Errno -2] Name or service not known'))
[2023-04-30T20:39:04.848+0000] {helpers.py:86} ERROR - HTTPSConnectionPool(host='api.pushshift.io', port=443): Max retries exceeded with url: /reddit/search/submission/?subreddit=nyknicks&sort=created_utc&sort_type=desc&size=500 (Caused by NewConnectionError('<urllib3.connection.HTTPSConnection object at 0xffffa004a290>: Failed to establish a new connection: [Errno -2] Name or service not known'))
[2023-04-30T20:39:04.853+0000] {helpers.py:87} ERROR - Retrying! 0 attempts before skipping!
[2023-04-30T20:39:05.867+0000] {logging_mixin.py:137} INFO - HTTPSConnectionPool(host='api.pushshift.io', port=443): Max retries exceeded with url: /reddit/search/submission/?subreddit=nyknicks&sort=created_utc&sort_type=desc&size=500 (Caused by NewConnectionError('<urllib3.connection.HTTPSConnection object at 0xffffa004a350>: Failed to establish a new connection: [Errno -2] Name or service not known'))
[2023-04-30T20:39:05.872+0000] {helpers.py:86} ERROR - HTTPSConnectionPool(host='api.pushshift.io', port=443): Max retries exceeded with url: /reddit/search/submission/?subreddit=nyknicks&sort=created_utc&sort_type=desc&size=500 (Caused by NewConnectionError('<urllib3.connection.HTTPSConnection object at 0xffffa004a350>: Failed to establish a new connection: [Errno -2] Name or service not known'))
[2023-04-30T20:39:05.875+0000] {helpers.py:87} ERROR - Retrying! -1 attempts before skipping!
[2023-04-30T20:39:06.903+0000] {logging_mixin.py:137} INFO - HTTPSConnectionPool(host='api.pushshift.io', port=443): Max retries exceeded with url: /reddit/search/submission/?subreddit=Thunder&sort=created_utc&sort_type=desc&size=500 (Caused by NewConnectionError('<urllib3.connection.HTTPSConnection object at 0xffffa004a350>: Failed to establish a new connection: [Errno -2] Name or service not known'))
[2023-04-30T20:39:06.907+0000] {helpers.py:86} ERROR - HTTPSConnectionPool(host='api.pushshift.io', port=443): Max retries exceeded with url: /reddit/search/submission/?subreddit=Thunder&sort=created_utc&sort_type=desc&size=500 (Caused by NewConnectionError('<urllib3.connection.HTTPSConnection object at 0xffffa004a350>: Failed to establish a new connection: [Errno -2] Name or service not known'))
[2023-04-30T20:39:06.911+0000] {helpers.py:87} ERROR - Retrying! 9 attempts before skipping!
[2023-04-30T20:39:07.922+0000] {logging_mixin.py:137} INFO - HTTPSConnectionPool(host='api.pushshift.io', port=443): Max retries exceeded with url: /reddit/search/submission/?subreddit=Thunder&sort=created_utc&sort_type=desc&size=500 (Caused by NewConnectionError('<urllib3.connection.HTTPSConnection object at 0xffffa004a510>: Failed to establish a new connection: [Errno -2] Name or service not known'))
[2023-04-30T20:39:07.928+0000] {helpers.py:86} ERROR - HTTPSConnectionPool(host='api.pushshift.io', port=443): Max retries exceeded with url: /reddit/search/submission/?subreddit=Thunder&sort=created_utc&sort_type=desc&size=500 (Caused by NewConnectionError('<urllib3.connection.HTTPSConnection object at 0xffffa004a510>: Failed to establish a new connection: [Errno -2] Name or service not known'))
[2023-04-30T20:39:07.930+0000] {helpers.py:87} ERROR - Retrying! 8 attempts before skipping!
[2023-04-30T20:39:08.949+0000] {logging_mixin.py:137} INFO - HTTPSConnectionPool(host='api.pushshift.io', port=443): Max retries exceeded with url: /reddit/search/submission/?subreddit=Thunder&sort=created_utc&sort_type=desc&size=500 (Caused by NewConnectionError('<urllib3.connection.HTTPSConnection object at 0xffffa004a350>: Failed to establish a new connection: [Errno -2] Name or service not known'))
[2023-04-30T20:39:08.953+0000] {helpers.py:86} ERROR - HTTPSConnectionPool(host='api.pushshift.io', port=443): Max retries exceeded with url: /reddit/search/submission/?subreddit=Thunder&sort=created_utc&sort_type=desc&size=500 (Caused by NewConnectionError('<urllib3.connection.HTTPSConnection object at 0xffffa004a350>: Failed to establish a new connection: [Errno -2] Name or service not known'))
[2023-04-30T20:39:08.955+0000] {helpers.py:87} ERROR - Retrying! 7 attempts before skipping!
[2023-04-30T20:39:09.981+0000] {logging_mixin.py:137} INFO - HTTPSConnectionPool(host='api.pushshift.io', port=443): Max retries exceeded with url: /reddit/search/submission/?subreddit=Thunder&sort=created_utc&sort_type=desc&size=500 (Caused by NewConnectionError('<urllib3.connection.HTTPSConnection object at 0xffffa004a510>: Failed to establish a new connection: [Errno -2] Name or service not known'))
[2023-04-30T20:39:09.989+0000] {helpers.py:86} ERROR - HTTPSConnectionPool(host='api.pushshift.io', port=443): Max retries exceeded with url: /reddit/search/submission/?subreddit=Thunder&sort=created_utc&sort_type=desc&size=500 (Caused by NewConnectionError('<urllib3.connection.HTTPSConnection object at 0xffffa004a510>: Failed to establish a new connection: [Errno -2] Name or service not known'))
[2023-04-30T20:39:09.995+0000] {helpers.py:87} ERROR - Retrying! 6 attempts before skipping!
[2023-04-30T20:39:11.030+0000] {logging_mixin.py:137} INFO - HTTPSConnectionPool(host='api.pushshift.io', port=443): Max retries exceeded with url: /reddit/search/submission/?subreddit=Thunder&sort=created_utc&sort_type=desc&size=500 (Caused by NewConnectionError('<urllib3.connection.HTTPSConnection object at 0xffffa004a350>: Failed to establish a new connection: [Errno -2] Name or service not known'))
[2023-04-30T20:39:11.033+0000] {helpers.py:86} ERROR - HTTPSConnectionPool(host='api.pushshift.io', port=443): Max retries exceeded with url: /reddit/search/submission/?subreddit=Thunder&sort=created_utc&sort_type=desc&size=500 (Caused by NewConnectionError('<urllib3.connection.HTTPSConnection object at 0xffffa004a350>: Failed to establish a new connection: [Errno -2] Name or service not known'))
[2023-04-30T20:39:11.038+0000] {helpers.py:87} ERROR - Retrying! 5 attempts before skipping!
[2023-04-30T20:39:12.045+0000] {logging_mixin.py:137} INFO - HTTPSConnectionPool(host='api.pushshift.io', port=443): Max retries exceeded with url: /reddit/search/submission/?subreddit=Thunder&sort=created_utc&sort_type=desc&size=500 (Caused by NewConnectionError('<urllib3.connection.HTTPSConnection object at 0xffffa004a510>: Failed to establish a new connection: [Errno -2] Name or service not known'))
[2023-04-30T20:39:12.047+0000] {helpers.py:86} ERROR - HTTPSConnectionPool(host='api.pushshift.io', port=443): Max retries exceeded with url: /reddit/search/submission/?subreddit=Thunder&sort=created_utc&sort_type=desc&size=500 (Caused by NewConnectionError('<urllib3.connection.HTTPSConnection object at 0xffffa004a510>: Failed to establish a new connection: [Errno -2] Name or service not known'))
[2023-04-30T20:39:12.049+0000] {helpers.py:87} ERROR - Retrying! 4 attempts before skipping!
[2023-04-30T20:39:13.087+0000] {logging_mixin.py:137} INFO - HTTPSConnectionPool(host='api.pushshift.io', port=443): Max retries exceeded with url: /reddit/search/submission/?subreddit=Thunder&sort=created_utc&sort_type=desc&size=500 (Caused by NewConnectionError('<urllib3.connection.HTTPSConnection object at 0xffffa004a350>: Failed to establish a new connection: [Errno -2] Name or service not known'))
[2023-04-30T20:39:13.093+0000] {helpers.py:86} ERROR - HTTPSConnectionPool(host='api.pushshift.io', port=443): Max retries exceeded with url: /reddit/search/submission/?subreddit=Thunder&sort=created_utc&sort_type=desc&size=500 (Caused by NewConnectionError('<urllib3.connection.HTTPSConnection object at 0xffffa004a350>: Failed to establish a new connection: [Errno -2] Name or service not known'))
[2023-04-30T20:39:13.094+0000] {helpers.py:87} ERROR - Retrying! 3 attempts before skipping!
[2023-04-30T20:39:14.107+0000] {logging_mixin.py:137} INFO - HTTPSConnectionPool(host='api.pushshift.io', port=443): Max retries exceeded with url: /reddit/search/submission/?subreddit=Thunder&sort=created_utc&sort_type=desc&size=500 (Caused by NewConnectionError('<urllib3.connection.HTTPSConnection object at 0xffffa004a510>: Failed to establish a new connection: [Errno -2] Name or service not known'))
[2023-04-30T20:39:14.109+0000] {helpers.py:86} ERROR - HTTPSConnectionPool(host='api.pushshift.io', port=443): Max retries exceeded with url: /reddit/search/submission/?subreddit=Thunder&sort=created_utc&sort_type=desc&size=500 (Caused by NewConnectionError('<urllib3.connection.HTTPSConnection object at 0xffffa004a510>: Failed to establish a new connection: [Errno -2] Name or service not known'))
[2023-04-30T20:39:14.111+0000] {helpers.py:87} ERROR - Retrying! 2 attempts before skipping!
[2023-04-30T20:39:15.120+0000] {logging_mixin.py:137} INFO - HTTPSConnectionPool(host='api.pushshift.io', port=443): Max retries exceeded with url: /reddit/search/submission/?subreddit=Thunder&sort=created_utc&sort_type=desc&size=500 (Caused by NewConnectionError('<urllib3.connection.HTTPSConnection object at 0xffffa004a350>: Failed to establish a new connection: [Errno -2] Name or service not known'))
[2023-04-30T20:39:15.124+0000] {helpers.py:86} ERROR - HTTPSConnectionPool(host='api.pushshift.io', port=443): Max retries exceeded with url: /reddit/search/submission/?subreddit=Thunder&sort=created_utc&sort_type=desc&size=500 (Caused by NewConnectionError('<urllib3.connection.HTTPSConnection object at 0xffffa004a350>: Failed to establish a new connection: [Errno -2] Name or service not known'))
[2023-04-30T20:39:15.125+0000] {helpers.py:87} ERROR - Retrying! 1 attempts before skipping!
[2023-04-30T20:39:16.132+0000] {logging_mixin.py:137} INFO - HTTPSConnectionPool(host='api.pushshift.io', port=443): Max retries exceeded with url: /reddit/search/submission/?subreddit=Thunder&sort=created_utc&sort_type=desc&size=500 (Caused by NewConnectionError('<urllib3.connection.HTTPSConnection object at 0xffffa004a510>: Failed to establish a new connection: [Errno -2] Name or service not known'))
[2023-04-30T20:39:16.133+0000] {helpers.py:86} ERROR - HTTPSConnectionPool(host='api.pushshift.io', port=443): Max retries exceeded with url: /reddit/search/submission/?subreddit=Thunder&sort=created_utc&sort_type=desc&size=500 (Caused by NewConnectionError('<urllib3.connection.HTTPSConnection object at 0xffffa004a510>: Failed to establish a new connection: [Errno -2] Name or service not known'))
[2023-04-30T20:39:16.135+0000] {helpers.py:87} ERROR - Retrying! 0 attempts before skipping!
[2023-04-30T20:39:17.145+0000] {logging_mixin.py:137} INFO - HTTPSConnectionPool(host='api.pushshift.io', port=443): Max retries exceeded with url: /reddit/search/submission/?subreddit=Thunder&sort=created_utc&sort_type=desc&size=500 (Caused by NewConnectionError('<urllib3.connection.HTTPSConnection object at 0xffffa004a350>: Failed to establish a new connection: [Errno -2] Name or service not known'))
[2023-04-30T20:39:17.152+0000] {helpers.py:86} ERROR - HTTPSConnectionPool(host='api.pushshift.io', port=443): Max retries exceeded with url: /reddit/search/submission/?subreddit=Thunder&sort=created_utc&sort_type=desc&size=500 (Caused by NewConnectionError('<urllib3.connection.HTTPSConnection object at 0xffffa004a350>: Failed to establish a new connection: [Errno -2] Name or service not known'))
[2023-04-30T20:39:17.155+0000] {helpers.py:87} ERROR - Retrying! -1 attempts before skipping!
[2023-04-30T20:39:18.175+0000] {logging_mixin.py:137} INFO - HTTPSConnectionPool(host='api.pushshift.io', port=443): Max retries exceeded with url: /reddit/search/submission/?subreddit=OrlandoMagic&sort=created_utc&sort_type=desc&size=500 (Caused by NewConnectionError('<urllib3.connection.HTTPSConnection object at 0xffffa004a350>: Failed to establish a new connection: [Errno -2] Name or service not known'))
[2023-04-30T20:39:18.180+0000] {helpers.py:86} ERROR - HTTPSConnectionPool(host='api.pushshift.io', port=443): Max retries exceeded with url: /reddit/search/submission/?subreddit=OrlandoMagic&sort=created_utc&sort_type=desc&size=500 (Caused by NewConnectionError('<urllib3.connection.HTTPSConnection object at 0xffffa004a350>: Failed to establish a new connection: [Errno -2] Name or service not known'))
[2023-04-30T20:39:18.192+0000] {helpers.py:87} ERROR - Retrying! 9 attempts before skipping!
[2023-04-30T21:23:08.032+0000] {logging_mixin.py:137} INFO - HTTPSConnectionPool(host='api.pushshift.io', port=443): Max retries exceeded with url: /reddit/search/submission/?subreddit=OrlandoMagic&sort=created_utc&sort_type=desc&size=500 (Caused by NewConnectionError('<urllib3.connection.HTTPSConnection object at 0xffffa004a810>: Failed to establish a new connection: [Errno -2] Name or service not known'))
[2023-04-30T21:23:08.033+0000] {helpers.py:86} ERROR - HTTPSConnectionPool(host='api.pushshift.io', port=443): Max retries exceeded with url: /reddit/search/submission/?subreddit=OrlandoMagic&sort=created_utc&sort_type=desc&size=500 (Caused by NewConnectionError('<urllib3.connection.HTTPSConnection object at 0xffffa004a810>: Failed to establish a new connection: [Errno -2] Name or service not known'))
[2023-04-30T21:23:08.035+0000] {helpers.py:87} ERROR - Retrying! 8 attempts before skipping!
[2023-04-30T21:23:09.048+0000] {logging_mixin.py:137} INFO - HTTPSConnectionPool(host='api.pushshift.io', port=443): Max retries exceeded with url: /reddit/search/submission/?subreddit=OrlandoMagic&sort=created_utc&sort_type=desc&size=500 (Caused by NewConnectionError('<urllib3.connection.HTTPSConnection object at 0xffffa004a350>: Failed to establish a new connection: [Errno -2] Name or service not known'))
[2023-04-30T21:23:09.050+0000] {helpers.py:86} ERROR - HTTPSConnectionPool(host='api.pushshift.io', port=443): Max retries exceeded with url: /reddit/search/submission/?subreddit=OrlandoMagic&sort=created_utc&sort_type=desc&size=500 (Caused by NewConnectionError('<urllib3.connection.HTTPSConnection object at 0xffffa004a350>: Failed to establish a new connection: [Errno -2] Name or service not known'))
[2023-04-30T21:23:09.051+0000] {helpers.py:87} ERROR - Retrying! 7 attempts before skipping!
[2023-04-30T21:23:10.065+0000] {logging_mixin.py:137} INFO - HTTPSConnectionPool(host='api.pushshift.io', port=443): Max retries exceeded with url: /reddit/search/submission/?subreddit=OrlandoMagic&sort=created_utc&sort_type=desc&size=500 (Caused by NewConnectionError('<urllib3.connection.HTTPSConnection object at 0xffffa004a810>: Failed to establish a new connection: [Errno -2] Name or service not known'))
[2023-04-30T21:23:10.066+0000] {helpers.py:86} ERROR - HTTPSConnectionPool(host='api.pushshift.io', port=443): Max retries exceeded with url: /reddit/search/submission/?subreddit=OrlandoMagic&sort=created_utc&sort_type=desc&size=500 (Caused by NewConnectionError('<urllib3.connection.HTTPSConnection object at 0xffffa004a810>: Failed to establish a new connection: [Errno -2] Name or service not known'))
[2023-04-30T21:23:10.068+0000] {helpers.py:87} ERROR - Retrying! 6 attempts before skipping!
[2023-04-30T21:23:11.077+0000] {logging_mixin.py:137} INFO - HTTPSConnectionPool(host='api.pushshift.io', port=443): Max retries exceeded with url: /reddit/search/submission/?subreddit=OrlandoMagic&sort=created_utc&sort_type=desc&size=500 (Caused by NewConnectionError('<urllib3.connection.HTTPSConnection object at 0xffffa004a350>: Failed to establish a new connection: [Errno -2] Name or service not known'))
[2023-04-30T21:23:11.078+0000] {helpers.py:86} ERROR - HTTPSConnectionPool(host='api.pushshift.io', port=443): Max retries exceeded with url: /reddit/search/submission/?subreddit=OrlandoMagic&sort=created_utc&sort_type=desc&size=500 (Caused by NewConnectionError('<urllib3.connection.HTTPSConnection object at 0xffffa004a350>: Failed to establish a new connection: [Errno -2] Name or service not known'))
[2023-04-30T21:23:11.079+0000] {helpers.py:87} ERROR - Retrying! 5 attempts before skipping!
[2023-04-30T21:23:12.089+0000] {logging_mixin.py:137} INFO - HTTPSConnectionPool(host='api.pushshift.io', port=443): Max retries exceeded with url: /reddit/search/submission/?subreddit=OrlandoMagic&sort=created_utc&sort_type=desc&size=500 (Caused by NewConnectionError('<urllib3.connection.HTTPSConnection object at 0xffffa004a810>: Failed to establish a new connection: [Errno -2] Name or service not known'))
[2023-04-30T21:23:12.092+0000] {helpers.py:86} ERROR - HTTPSConnectionPool(host='api.pushshift.io', port=443): Max retries exceeded with url: /reddit/search/submission/?subreddit=OrlandoMagic&sort=created_utc&sort_type=desc&size=500 (Caused by NewConnectionError('<urllib3.connection.HTTPSConnection object at 0xffffa004a810>: Failed to establish a new connection: [Errno -2] Name or service not known'))
[2023-04-30T21:23:12.094+0000] {helpers.py:87} ERROR - Retrying! 4 attempts before skipping!
[2023-04-30T21:23:13.103+0000] {logging_mixin.py:137} INFO - HTTPSConnectionPool(host='api.pushshift.io', port=443): Max retries exceeded with url: /reddit/search/submission/?subreddit=OrlandoMagic&sort=created_utc&sort_type=desc&size=500 (Caused by NewConnectionError('<urllib3.connection.HTTPSConnection object at 0xffffa004a350>: Failed to establish a new connection: [Errno -2] Name or service not known'))
[2023-04-30T21:23:13.108+0000] {helpers.py:86} ERROR - HTTPSConnectionPool(host='api.pushshift.io', port=443): Max retries exceeded with url: /reddit/search/submission/?subreddit=OrlandoMagic&sort=created_utc&sort_type=desc&size=500 (Caused by NewConnectionError('<urllib3.connection.HTTPSConnection object at 0xffffa004a350>: Failed to establish a new connection: [Errno -2] Name or service not known'))
[2023-04-30T21:23:13.112+0000] {helpers.py:87} ERROR - Retrying! 3 attempts before skipping!
[2023-04-30T21:23:14.122+0000] {logging_mixin.py:137} INFO - HTTPSConnectionPool(host='api.pushshift.io', port=443): Max retries exceeded with url: /reddit/search/submission/?subreddit=OrlandoMagic&sort=created_utc&sort_type=desc&size=500 (Caused by NewConnectionError('<urllib3.connection.HTTPSConnection object at 0xffffa004a810>: Failed to establish a new connection: [Errno -2] Name or service not known'))
[2023-04-30T21:23:14.124+0000] {helpers.py:86} ERROR - HTTPSConnectionPool(host='api.pushshift.io', port=443): Max retries exceeded with url: /reddit/search/submission/?subreddit=OrlandoMagic&sort=created_utc&sort_type=desc&size=500 (Caused by NewConnectionError('<urllib3.connection.HTTPSConnection object at 0xffffa004a810>: Failed to establish a new connection: [Errno -2] Name or service not known'))
[2023-04-30T21:23:14.127+0000] {helpers.py:87} ERROR - Retrying! 2 attempts before skipping!
[2023-04-30T21:23:15.137+0000] {logging_mixin.py:137} INFO - HTTPSConnectionPool(host='api.pushshift.io', port=443): Max retries exceeded with url: /reddit/search/submission/?subreddit=OrlandoMagic&sort=created_utc&sort_type=desc&size=500 (Caused by NewConnectionError('<urllib3.connection.HTTPSConnection object at 0xffffa004a350>: Failed to establish a new connection: [Errno -2] Name or service not known'))
[2023-04-30T21:23:15.138+0000] {helpers.py:86} ERROR - HTTPSConnectionPool(host='api.pushshift.io', port=443): Max retries exceeded with url: /reddit/search/submission/?subreddit=OrlandoMagic&sort=created_utc&sort_type=desc&size=500 (Caused by NewConnectionError('<urllib3.connection.HTTPSConnection object at 0xffffa004a350>: Failed to establish a new connection: [Errno -2] Name or service not known'))
[2023-04-30T21:23:15.142+0000] {helpers.py:87} ERROR - Retrying! 1 attempts before skipping!
[2023-04-30T21:23:16.150+0000] {logging_mixin.py:137} INFO - HTTPSConnectionPool(host='api.pushshift.io', port=443): Max retries exceeded with url: /reddit/search/submission/?subreddit=OrlandoMagic&sort=created_utc&sort_type=desc&size=500 (Caused by NewConnectionError('<urllib3.connection.HTTPSConnection object at 0xffffa004a810>: Failed to establish a new connection: [Errno -2] Name or service not known'))
[2023-04-30T21:23:16.152+0000] {helpers.py:86} ERROR - HTTPSConnectionPool(host='api.pushshift.io', port=443): Max retries exceeded with url: /reddit/search/submission/?subreddit=OrlandoMagic&sort=created_utc&sort_type=desc&size=500 (Caused by NewConnectionError('<urllib3.connection.HTTPSConnection object at 0xffffa004a810>: Failed to establish a new connection: [Errno -2] Name or service not known'))
[2023-04-30T21:23:16.154+0000] {helpers.py:87} ERROR - Retrying! 0 attempts before skipping!
[2023-04-30T21:23:17.167+0000] {logging_mixin.py:137} INFO - HTTPSConnectionPool(host='api.pushshift.io', port=443): Max retries exceeded with url: /reddit/search/submission/?subreddit=OrlandoMagic&sort=created_utc&sort_type=desc&size=500 (Caused by NewConnectionError('<urllib3.connection.HTTPSConnection object at 0xffffa004a350>: Failed to establish a new connection: [Errno -2] Name or service not known'))
[2023-04-30T21:23:17.171+0000] {helpers.py:86} ERROR - HTTPSConnectionPool(host='api.pushshift.io', port=443): Max retries exceeded with url: /reddit/search/submission/?subreddit=OrlandoMagic&sort=created_utc&sort_type=desc&size=500 (Caused by NewConnectionError('<urllib3.connection.HTTPSConnection object at 0xffffa004a350>: Failed to establish a new connection: [Errno -2] Name or service not known'))
[2023-04-30T21:23:17.179+0000] {helpers.py:87} ERROR - Retrying! -1 attempts before skipping!
[2023-04-30T21:23:18.203+0000] {logging_mixin.py:137} INFO - HTTPSConnectionPool(host='api.pushshift.io', port=443): Max retries exceeded with url: /reddit/search/submission/?subreddit=sixers&sort=created_utc&sort_type=desc&size=500 (Caused by NewConnectionError('<urllib3.connection.HTTPSConnection object at 0xffffa004a350>: Failed to establish a new connection: [Errno -2] Name or service not known'))
[2023-04-30T21:23:18.206+0000] {helpers.py:86} ERROR - HTTPSConnectionPool(host='api.pushshift.io', port=443): Max retries exceeded with url: /reddit/search/submission/?subreddit=sixers&sort=created_utc&sort_type=desc&size=500 (Caused by NewConnectionError('<urllib3.connection.HTTPSConnection object at 0xffffa004a350>: Failed to establish a new connection: [Errno -2] Name or service not known'))
[2023-04-30T21:23:18.221+0000] {helpers.py:87} ERROR - Retrying! 9 attempts before skipping!
[2023-04-30T21:23:19.243+0000] {logging_mixin.py:137} INFO - HTTPSConnectionPool(host='api.pushshift.io', port=443): Max retries exceeded with url: /reddit/search/submission/?subreddit=sixers&sort=created_utc&sort_type=desc&size=500 (Caused by NewConnectionError('<urllib3.connection.HTTPSConnection object at 0xffffa004a850>: Failed to establish a new connection: [Errno -2] Name or service not known'))
[2023-04-30T21:23:19.250+0000] {helpers.py:86} ERROR - HTTPSConnectionPool(host='api.pushshift.io', port=443): Max retries exceeded with url: /reddit/search/submission/?subreddit=sixers&sort=created_utc&sort_type=desc&size=500 (Caused by NewConnectionError('<urllib3.connection.HTTPSConnection object at 0xffffa004a850>: Failed to establish a new connection: [Errno -2] Name or service not known'))
[2023-04-30T21:23:19.251+0000] {helpers.py:87} ERROR - Retrying! 8 attempts before skipping!
[2023-04-30T21:23:20.263+0000] {logging_mixin.py:137} INFO - HTTPSConnectionPool(host='api.pushshift.io', port=443): Max retries exceeded with url: /reddit/search/submission/?subreddit=sixers&sort=created_utc&sort_type=desc&size=500 (Caused by NewConnectionError('<urllib3.connection.HTTPSConnection object at 0xffffa004a350>: Failed to establish a new connection: [Errno -2] Name or service not known'))
[2023-04-30T21:23:20.265+0000] {helpers.py:86} ERROR - HTTPSConnectionPool(host='api.pushshift.io', port=443): Max retries exceeded with url: /reddit/search/submission/?subreddit=sixers&sort=created_utc&sort_type=desc&size=500 (Caused by NewConnectionError('<urllib3.connection.HTTPSConnection object at 0xffffa004a350>: Failed to establish a new connection: [Errno -2] Name or service not known'))
[2023-04-30T21:23:20.267+0000] {helpers.py:87} ERROR - Retrying! 7 attempts before skipping!
[2023-04-30T21:23:21.278+0000] {logging_mixin.py:137} INFO - HTTPSConnectionPool(host='api.pushshift.io', port=443): Max retries exceeded with url: /reddit/search/submission/?subreddit=sixers&sort=created_utc&sort_type=desc&size=500 (Caused by NewConnectionError('<urllib3.connection.HTTPSConnection object at 0xffffa004a850>: Failed to establish a new connection: [Errno -2] Name or service not known'))
[2023-04-30T21:23:21.281+0000] {helpers.py:86} ERROR - HTTPSConnectionPool(host='api.pushshift.io', port=443): Max retries exceeded with url: /reddit/search/submission/?subreddit=sixers&sort=created_utc&sort_type=desc&size=500 (Caused by NewConnectionError('<urllib3.connection.HTTPSConnection object at 0xffffa004a850>: Failed to establish a new connection: [Errno -2] Name or service not known'))
[2023-04-30T21:23:21.283+0000] {helpers.py:87} ERROR - Retrying! 6 attempts before skipping!
[2023-04-30T21:23:22.294+0000] {logging_mixin.py:137} INFO - HTTPSConnectionPool(host='api.pushshift.io', port=443): Max retries exceeded with url: /reddit/search/submission/?subreddit=sixers&sort=created_utc&sort_type=desc&size=500 (Caused by NewConnectionError('<urllib3.connection.HTTPSConnection object at 0xffffa004a350>: Failed to establish a new connection: [Errno -2] Name or service not known'))
[2023-04-30T21:23:22.298+0000] {helpers.py:86} ERROR - HTTPSConnectionPool(host='api.pushshift.io', port=443): Max retries exceeded with url: /reddit/search/submission/?subreddit=sixers&sort=created_utc&sort_type=desc&size=500 (Caused by NewConnectionError('<urllib3.connection.HTTPSConnection object at 0xffffa004a350>: Failed to establish a new connection: [Errno -2] Name or service not known'))
[2023-04-30T21:23:22.299+0000] {helpers.py:87} ERROR - Retrying! 5 attempts before skipping!
[2023-04-30T21:23:23.311+0000] {logging_mixin.py:137} INFO - HTTPSConnectionPool(host='api.pushshift.io', port=443): Max retries exceeded with url: /reddit/search/submission/?subreddit=sixers&sort=created_utc&sort_type=desc&size=500 (Caused by NewConnectionError('<urllib3.connection.HTTPSConnection object at 0xffffa004a850>: Failed to establish a new connection: [Errno -2] Name or service not known'))
[2023-04-30T21:23:23.312+0000] {helpers.py:86} ERROR - HTTPSConnectionPool(host='api.pushshift.io', port=443): Max retries exceeded with url: /reddit/search/submission/?subreddit=sixers&sort=created_utc&sort_type=desc&size=500 (Caused by NewConnectionError('<urllib3.connection.HTTPSConnection object at 0xffffa004a850>: Failed to establish a new connection: [Errno -2] Name or service not known'))
[2023-04-30T21:23:23.315+0000] {helpers.py:87} ERROR - Retrying! 4 attempts before skipping!
[2023-04-30T21:23:24.344+0000] {logging_mixin.py:137} INFO - HTTPSConnectionPool(host='api.pushshift.io', port=443): Max retries exceeded with url: /reddit/search/submission/?subreddit=sixers&sort=created_utc&sort_type=desc&size=500 (Caused by NewConnectionError('<urllib3.connection.HTTPSConnection object at 0xffffa004a350>: Failed to establish a new connection: [Errno -2] Name or service not known'))
[2023-04-30T21:23:24.348+0000] {helpers.py:86} ERROR - HTTPSConnectionPool(host='api.pushshift.io', port=443): Max retries exceeded with url: /reddit/search/submission/?subreddit=sixers&sort=created_utc&sort_type=desc&size=500 (Caused by NewConnectionError('<urllib3.connection.HTTPSConnection object at 0xffffa004a350>: Failed to establish a new connection: [Errno -2] Name or service not known'))
[2023-04-30T21:23:24.350+0000] {helpers.py:87} ERROR - Retrying! 3 attempts before skipping!
[2023-04-30T21:23:25.382+0000] {logging_mixin.py:137} INFO - HTTPSConnectionPool(host='api.pushshift.io', port=443): Max retries exceeded with url: /reddit/search/submission/?subreddit=sixers&sort=created_utc&sort_type=desc&size=500 (Caused by NewConnectionError('<urllib3.connection.HTTPSConnection object at 0xffffa004a850>: Failed to establish a new connection: [Errno -2] Name or service not known'))
[2023-04-30T21:23:25.385+0000] {helpers.py:86} ERROR - HTTPSConnectionPool(host='api.pushshift.io', port=443): Max retries exceeded with url: /reddit/search/submission/?subreddit=sixers&sort=created_utc&sort_type=desc&size=500 (Caused by NewConnectionError('<urllib3.connection.HTTPSConnection object at 0xffffa004a850>: Failed to establish a new connection: [Errno -2] Name or service not known'))
[2023-04-30T21:23:25.388+0000] {helpers.py:87} ERROR - Retrying! 2 attempts before skipping!
[2023-04-30T21:23:26.407+0000] {logging_mixin.py:137} INFO - HTTPSConnectionPool(host='api.pushshift.io', port=443): Max retries exceeded with url: /reddit/search/submission/?subreddit=sixers&sort=created_utc&sort_type=desc&size=500 (Caused by NewConnectionError('<urllib3.connection.HTTPSConnection object at 0xffffa004a350>: Failed to establish a new connection: [Errno -2] Name or service not known'))
[2023-04-30T21:23:26.411+0000] {helpers.py:86} ERROR - HTTPSConnectionPool(host='api.pushshift.io', port=443): Max retries exceeded with url: /reddit/search/submission/?subreddit=sixers&sort=created_utc&sort_type=desc&size=500 (Caused by NewConnectionError('<urllib3.connection.HTTPSConnection object at 0xffffa004a350>: Failed to establish a new connection: [Errno -2] Name or service not known'))
[2023-04-30T21:23:26.415+0000] {helpers.py:87} ERROR - Retrying! 1 attempts before skipping!
[2023-04-30T21:23:27.430+0000] {logging_mixin.py:137} INFO - HTTPSConnectionPool(host='api.pushshift.io', port=443): Max retries exceeded with url: /reddit/search/submission/?subreddit=sixers&sort=created_utc&sort_type=desc&size=500 (Caused by NewConnectionError('<urllib3.connection.HTTPSConnection object at 0xffffa004a850>: Failed to establish a new connection: [Errno -2] Name or service not known'))
[2023-04-30T21:23:27.435+0000] {helpers.py:86} ERROR - HTTPSConnectionPool(host='api.pushshift.io', port=443): Max retries exceeded with url: /reddit/search/submission/?subreddit=sixers&sort=created_utc&sort_type=desc&size=500 (Caused by NewConnectionError('<urllib3.connection.HTTPSConnection object at 0xffffa004a850>: Failed to establish a new connection: [Errno -2] Name or service not known'))
[2023-04-30T21:23:27.436+0000] {helpers.py:87} ERROR - Retrying! 0 attempts before skipping!
[2023-04-30T21:23:28.449+0000] {logging_mixin.py:137} INFO - HTTPSConnectionPool(host='api.pushshift.io', port=443): Max retries exceeded with url: /reddit/search/submission/?subreddit=sixers&sort=created_utc&sort_type=desc&size=500 (Caused by NewConnectionError('<urllib3.connection.HTTPSConnection object at 0xffffa004a350>: Failed to establish a new connection: [Errno -2] Name or service not known'))
[2023-04-30T21:23:28.451+0000] {helpers.py:86} ERROR - HTTPSConnectionPool(host='api.pushshift.io', port=443): Max retries exceeded with url: /reddit/search/submission/?subreddit=sixers&sort=created_utc&sort_type=desc&size=500 (Caused by NewConnectionError('<urllib3.connection.HTTPSConnection object at 0xffffa004a350>: Failed to establish a new connection: [Errno -2] Name or service not known'))
[2023-04-30T21:23:28.453+0000] {helpers.py:87} ERROR - Retrying! -1 attempts before skipping!
[2023-04-30T21:23:29.470+0000] {logging_mixin.py:137} INFO - HTTPSConnectionPool(host='api.pushshift.io', port=443): Max retries exceeded with url: /reddit/search/submission/?subreddit=suns&sort=created_utc&sort_type=desc&size=500 (Caused by NewConnectionError('<urllib3.connection.HTTPSConnection object at 0xffffb8fa8d90>: Failed to establish a new connection: [Errno -2] Name or service not known'))
[2023-04-30T21:23:29.474+0000] {helpers.py:86} ERROR - HTTPSConnectionPool(host='api.pushshift.io', port=443): Max retries exceeded with url: /reddit/search/submission/?subreddit=suns&sort=created_utc&sort_type=desc&size=500 (Caused by NewConnectionError('<urllib3.connection.HTTPSConnection object at 0xffffb8fa8d90>: Failed to establish a new connection: [Errno -2] Name or service not known'))
[2023-04-30T21:23:29.478+0000] {helpers.py:87} ERROR - Retrying! 9 attempts before skipping!
[2023-04-30T21:23:30.513+0000] {logging_mixin.py:137} INFO - HTTPSConnectionPool(host='api.pushshift.io', port=443): Max retries exceeded with url: /reddit/search/submission/?subreddit=suns&sort=created_utc&sort_type=desc&size=500 (Caused by NewConnectionError('<urllib3.connection.HTTPSConnection object at 0xffffa003e490>: Failed to establish a new connection: [Errno -2] Name or service not known'))
[2023-04-30T21:23:30.516+0000] {helpers.py:86} ERROR - HTTPSConnectionPool(host='api.pushshift.io', port=443): Max retries exceeded with url: /reddit/search/submission/?subreddit=suns&sort=created_utc&sort_type=desc&size=500 (Caused by NewConnectionError('<urllib3.connection.HTTPSConnection object at 0xffffa003e490>: Failed to establish a new connection: [Errno -2] Name or service not known'))
[2023-04-30T21:23:30.518+0000] {helpers.py:87} ERROR - Retrying! 8 attempts before skipping!
[2023-04-30T21:23:31.535+0000] {logging_mixin.py:137} INFO - HTTPSConnectionPool(host='api.pushshift.io', port=443): Max retries exceeded with url: /reddit/search/submission/?subreddit=suns&sort=created_utc&sort_type=desc&size=500 (Caused by NewConnectionError('<urllib3.connection.HTTPSConnection object at 0xffffa003ea50>: Failed to establish a new connection: [Errno -2] Name or service not known'))
[2023-04-30T21:23:31.541+0000] {helpers.py:86} ERROR - HTTPSConnectionPool(host='api.pushshift.io', port=443): Max retries exceeded with url: /reddit/search/submission/?subreddit=suns&sort=created_utc&sort_type=desc&size=500 (Caused by NewConnectionError('<urllib3.connection.HTTPSConnection object at 0xffffa003ea50>: Failed to establish a new connection: [Errno -2] Name or service not known'))
[2023-04-30T21:23:31.543+0000] {helpers.py:87} ERROR - Retrying! 7 attempts before skipping!
[2023-04-30T21:23:32.569+0000] {logging_mixin.py:137} INFO - HTTPSConnectionPool(host='api.pushshift.io', port=443): Max retries exceeded with url: /reddit/search/submission/?subreddit=suns&sort=created_utc&sort_type=desc&size=500 (Caused by NewConnectionError('<urllib3.connection.HTTPSConnection object at 0xffffa003e490>: Failed to establish a new connection: [Errno -2] Name or service not known'))
[2023-04-30T21:23:32.573+0000] {helpers.py:86} ERROR - HTTPSConnectionPool(host='api.pushshift.io', port=443): Max retries exceeded with url: /reddit/search/submission/?subreddit=suns&sort=created_utc&sort_type=desc&size=500 (Caused by NewConnectionError('<urllib3.connection.HTTPSConnection object at 0xffffa003e490>: Failed to establish a new connection: [Errno -2] Name or service not known'))
[2023-04-30T21:23:32.577+0000] {helpers.py:87} ERROR - Retrying! 6 attempts before skipping!
[2023-04-30T21:23:33.604+0000] {logging_mixin.py:137} INFO - HTTPSConnectionPool(host='api.pushshift.io', port=443): Max retries exceeded with url: /reddit/search/submission/?subreddit=suns&sort=created_utc&sort_type=desc&size=500 (Caused by NewConnectionError('<urllib3.connection.HTTPSConnection object at 0xffffa003ea50>: Failed to establish a new connection: [Errno -2] Name or service not known'))
[2023-04-30T21:23:33.609+0000] {helpers.py:86} ERROR - HTTPSConnectionPool(host='api.pushshift.io', port=443): Max retries exceeded with url: /reddit/search/submission/?subreddit=suns&sort=created_utc&sort_type=desc&size=500 (Caused by NewConnectionError('<urllib3.connection.HTTPSConnection object at 0xffffa003ea50>: Failed to establish a new connection: [Errno -2] Name or service not known'))
[2023-04-30T21:23:33.613+0000] {helpers.py:87} ERROR - Retrying! 5 attempts before skipping!
[2023-04-30T21:23:34.644+0000] {logging_mixin.py:137} INFO - HTTPSConnectionPool(host='api.pushshift.io', port=443): Max retries exceeded with url: /reddit/search/submission/?subreddit=suns&sort=created_utc&sort_type=desc&size=500 (Caused by NewConnectionError('<urllib3.connection.HTTPSConnection object at 0xffffa003e490>: Failed to establish a new connection: [Errno -2] Name or service not known'))
[2023-04-30T21:23:34.646+0000] {helpers.py:86} ERROR - HTTPSConnectionPool(host='api.pushshift.io', port=443): Max retries exceeded with url: /reddit/search/submission/?subreddit=suns&sort=created_utc&sort_type=desc&size=500 (Caused by NewConnectionError('<urllib3.connection.HTTPSConnection object at 0xffffa003e490>: Failed to establish a new connection: [Errno -2] Name or service not known'))
[2023-04-30T21:23:34.650+0000] {helpers.py:87} ERROR - Retrying! 4 attempts before skipping!
[2023-04-30T21:23:35.678+0000] {logging_mixin.py:137} INFO - HTTPSConnectionPool(host='api.pushshift.io', port=443): Max retries exceeded with url: /reddit/search/submission/?subreddit=suns&sort=created_utc&sort_type=desc&size=500 (Caused by NewConnectionError('<urllib3.connection.HTTPSConnection object at 0xffffa003ea50>: Failed to establish a new connection: [Errno -2] Name or service not known'))
[2023-04-30T21:23:35.684+0000] {helpers.py:86} ERROR - HTTPSConnectionPool(host='api.pushshift.io', port=443): Max retries exceeded with url: /reddit/search/submission/?subreddit=suns&sort=created_utc&sort_type=desc&size=500 (Caused by NewConnectionError('<urllib3.connection.HTTPSConnection object at 0xffffa003ea50>: Failed to establish a new connection: [Errno -2] Name or service not known'))
[2023-04-30T21:23:35.687+0000] {helpers.py:87} ERROR - Retrying! 3 attempts before skipping!
[2023-04-30T21:23:36.722+0000] {logging_mixin.py:137} INFO - HTTPSConnectionPool(host='api.pushshift.io', port=443): Max retries exceeded with url: /reddit/search/submission/?subreddit=suns&sort=created_utc&sort_type=desc&size=500 (Caused by NewConnectionError('<urllib3.connection.HTTPSConnection object at 0xffffa003e490>: Failed to establish a new connection: [Errno -2] Name or service not known'))
[2023-04-30T21:23:36.726+0000] {helpers.py:86} ERROR - HTTPSConnectionPool(host='api.pushshift.io', port=443): Max retries exceeded with url: /reddit/search/submission/?subreddit=suns&sort=created_utc&sort_type=desc&size=500 (Caused by NewConnectionError('<urllib3.connection.HTTPSConnection object at 0xffffa003e490>: Failed to establish a new connection: [Errno -2] Name or service not known'))
[2023-04-30T21:23:36.730+0000] {helpers.py:87} ERROR - Retrying! 2 attempts before skipping!
[2023-04-30T21:23:37.760+0000] {logging_mixin.py:137} INFO - HTTPSConnectionPool(host='api.pushshift.io', port=443): Max retries exceeded with url: /reddit/search/submission/?subreddit=suns&sort=created_utc&sort_type=desc&size=500 (Caused by NewConnectionError('<urllib3.connection.HTTPSConnection object at 0xffffa003ea50>: Failed to establish a new connection: [Errno -2] Name or service not known'))
[2023-04-30T21:23:37.766+0000] {helpers.py:86} ERROR - HTTPSConnectionPool(host='api.pushshift.io', port=443): Max retries exceeded with url: /reddit/search/submission/?subreddit=suns&sort=created_utc&sort_type=desc&size=500 (Caused by NewConnectionError('<urllib3.connection.HTTPSConnection object at 0xffffa003ea50>: Failed to establish a new connection: [Errno -2] Name or service not known'))
[2023-04-30T21:23:37.770+0000] {helpers.py:87} ERROR - Retrying! 1 attempts before skipping!
[2023-04-30T21:39:22.538+0000] {logging_mixin.py:137} INFO - HTTPSConnectionPool(host='api.pushshift.io', port=443): Max retries exceeded with url: /reddit/search/submission/?subreddit=suns&sort=created_utc&sort_type=desc&size=500 (Caused by NewConnectionError('<urllib3.connection.HTTPSConnection object at 0xffffa003e490>: Failed to establish a new connection: [Errno -2] Name or service not known'))
[2023-04-30T21:39:22.556+0000] {helpers.py:86} ERROR - HTTPSConnectionPool(host='api.pushshift.io', port=443): Max retries exceeded with url: /reddit/search/submission/?subreddit=suns&sort=created_utc&sort_type=desc&size=500 (Caused by NewConnectionError('<urllib3.connection.HTTPSConnection object at 0xffffa003e490>: Failed to establish a new connection: [Errno -2] Name or service not known'))
[2023-04-30T21:39:22.558+0000] {helpers.py:87} ERROR - Retrying! 0 attempts before skipping!
[2023-04-30T21:39:23.573+0000] {logging_mixin.py:137} INFO - HTTPSConnectionPool(host='api.pushshift.io', port=443): Max retries exceeded with url: /reddit/search/submission/?subreddit=suns&sort=created_utc&sort_type=desc&size=500 (Caused by NewConnectionError('<urllib3.connection.HTTPSConnection object at 0xffffa003ea50>: Failed to establish a new connection: [Errno -2] Name or service not known'))
[2023-04-30T21:39:23.575+0000] {helpers.py:86} ERROR - HTTPSConnectionPool(host='api.pushshift.io', port=443): Max retries exceeded with url: /reddit/search/submission/?subreddit=suns&sort=created_utc&sort_type=desc&size=500 (Caused by NewConnectionError('<urllib3.connection.HTTPSConnection object at 0xffffa003ea50>: Failed to establish a new connection: [Errno -2] Name or service not known'))
[2023-04-30T21:39:23.576+0000] {helpers.py:87} ERROR - Retrying! -1 attempts before skipping!
[2023-04-30T21:39:24.604+0000] {helpers.py:96} INFO - Saved in /opt/***/data/output_scrape_teams_17-24.csv
[2023-04-30T21:39:24.607+0000] {python.py:177} INFO - Done. Returned value was: None
[2023-04-30T21:39:24.645+0000] {taskinstance.py:1332} INFO - Marking task as SUCCESS. dag_id=scrape_and_save_to_csv, task_id=scrape_teams_17-24, execution_date=20230430T183000, start_date=20230430T200347, end_date=20230430T213924
[2023-04-30T21:39:24.742+0000] {local_task_job.py:212} INFO - Task exited with return code 0
[2023-04-30T21:39:24.802+0000] {taskinstance.py:2596} INFO - 0 downstream tasks scheduled from follow-on schedule check
