[2023-05-04T23:08:00.343+0000] {taskinstance.py:1090} INFO - Dependencies all met for dep_context=non-requeueable deps ti=<TaskInstance: scrape_and_save_to_csv.scrape_teams_25-30 scheduled__2023-05-04T21:30:00+00:00 [queued]>
[2023-05-04T23:08:00.375+0000] {taskinstance.py:1090} INFO - Dependencies all met for dep_context=requeueable deps ti=<TaskInstance: scrape_and_save_to_csv.scrape_teams_25-30 scheduled__2023-05-04T21:30:00+00:00 [queued]>
[2023-05-04T23:08:00.376+0000] {taskinstance.py:1288} INFO - 
--------------------------------------------------------------------------------
[2023-05-04T23:08:00.378+0000] {taskinstance.py:1289} INFO - Starting attempt 1 of 1
[2023-05-04T23:08:00.379+0000] {taskinstance.py:1290} INFO - 
--------------------------------------------------------------------------------
[2023-05-04T23:08:00.417+0000] {taskinstance.py:1309} INFO - Executing <Task(PythonOperator): scrape_teams_25-30> on 2023-05-04 21:30:00+00:00
[2023-05-04T23:08:00.434+0000] {standard_task_runner.py:55} INFO - Started process 45534 to run task
[2023-05-04T23:08:00.447+0000] {standard_task_runner.py:82} INFO - Running: ['***', 'tasks', 'run', 'scrape_and_save_to_csv', 'scrape_teams_25-30', 'scheduled__2023-05-04T21:30:00+00:00', '--job-id', '2593', '--raw', '--subdir', 'DAGS_FOLDER/scrape_and_save_csv_dag.py', '--cfg-path', '/tmp/tmp_btjkwy8']
[2023-05-04T23:08:00.456+0000] {standard_task_runner.py:83} INFO - Job 2593: Subtask scrape_teams_25-30
[2023-05-04T23:08:00.679+0000] {task_command.py:389} INFO - Running <TaskInstance: scrape_and_save_to_csv.scrape_teams_25-30 scheduled__2023-05-04T21:30:00+00:00 [running]> on host 5d4cd8acb346
[2023-05-04T23:08:00.817+0000] {taskinstance.py:1518} INFO - Exporting the following env vars:
AIRFLOW_CTX_DAG_OWNER=***
AIRFLOW_CTX_DAG_ID=scrape_and_save_to_csv
AIRFLOW_CTX_TASK_ID=scrape_teams_25-30
AIRFLOW_CTX_EXECUTION_DATE=2023-05-04T21:30:00+00:00
AIRFLOW_CTX_TRY_NUMBER=1
AIRFLOW_CTX_DAG_RUN_ID=scheduled__2023-05-04T21:30:00+00:00
[2023-05-04T23:08:06.404+0000] {warnings.py:110} WARNING - /home/***/.local/lib/python3.7/site-packages/***/utils/context.py:313: AirflowContextDeprecationWarning: Accessing 'execution_date' from the template is deprecated and will be removed in a future version. Please use 'data_interval_start' or 'logical_date' instead.
  warnings.warn(_create_deprecation_warning(k, replacements))

[2023-05-04T23:08:08.878+0000] {helpers.py:80} INFO - Portland Trail Blazers: Successfully scraped!
[2023-05-04T23:08:14.577+0000] {helpers.py:80} INFO - Sacramento Kings: Successfully scraped!
[2023-05-04T23:08:19.327+0000] {helpers.py:80} INFO - San Antonio Spurs: Successfully scraped!
[2023-05-04T23:08:23.242+0000] {helpers.py:80} INFO - Toronto Raptors: Successfully scraped!
[2023-05-04T23:08:26.826+0000] {helpers.py:80} INFO - Utah Jazz: Successfully scraped!
[2023-05-04T23:11:11.385+0000] {helpers.py:80} INFO - Washington Wizards: Successfully scraped!
[2023-05-04T23:11:11.409+0000] {helpers.py:96} INFO - Saved in /opt/***/data/output_scrape_teams_25-30.csv
[2023-05-04T23:11:11.413+0000] {python.py:177} INFO - Done. Returned value was: None
[2023-05-04T23:11:11.433+0000] {taskinstance.py:1332} INFO - Marking task as SUCCESS. dag_id=scrape_and_save_to_csv, task_id=scrape_teams_25-30, execution_date=20230504T213000, start_date=20230504T230800, end_date=20230504T231111
[2023-05-04T23:11:11.517+0000] {local_task_job.py:212} INFO - Task exited with return code 0
[2023-05-04T23:11:11.556+0000] {taskinstance.py:2596} INFO - 0 downstream tasks scheduled from follow-on schedule check
