[2023-05-04T23:08:00.346+0000] {taskinstance.py:1090} INFO - Dependencies all met for dep_context=non-requeueable deps ti=<TaskInstance: scrape_and_save_to_csv.scrape_teams_17-24 scheduled__2023-05-04T21:30:00+00:00 [queued]>
[2023-05-04T23:08:00.381+0000] {taskinstance.py:1090} INFO - Dependencies all met for dep_context=requeueable deps ti=<TaskInstance: scrape_and_save_to_csv.scrape_teams_17-24 scheduled__2023-05-04T21:30:00+00:00 [queued]>
[2023-05-04T23:08:00.387+0000] {taskinstance.py:1288} INFO - 
--------------------------------------------------------------------------------
[2023-05-04T23:08:00.395+0000] {taskinstance.py:1289} INFO - Starting attempt 1 of 1
[2023-05-04T23:08:00.399+0000] {taskinstance.py:1290} INFO - 
--------------------------------------------------------------------------------
[2023-05-04T23:08:00.439+0000] {taskinstance.py:1309} INFO - Executing <Task(PythonOperator): scrape_teams_17-24> on 2023-05-04 21:30:00+00:00
[2023-05-04T23:08:00.447+0000] {standard_task_runner.py:55} INFO - Started process 45536 to run task
[2023-05-04T23:08:00.475+0000] {standard_task_runner.py:82} INFO - Running: ['***', 'tasks', 'run', 'scrape_and_save_to_csv', 'scrape_teams_17-24', 'scheduled__2023-05-04T21:30:00+00:00', '--job-id', '2592', '--raw', '--subdir', 'DAGS_FOLDER/scrape_and_save_csv_dag.py', '--cfg-path', '/tmp/tmp9egfm6cl']
[2023-05-04T23:08:00.481+0000] {standard_task_runner.py:83} INFO - Job 2592: Subtask scrape_teams_17-24
[2023-05-04T23:08:00.672+0000] {task_command.py:389} INFO - Running <TaskInstance: scrape_and_save_to_csv.scrape_teams_17-24 scheduled__2023-05-04T21:30:00+00:00 [running]> on host 5d4cd8acb346
[2023-05-04T23:08:00.814+0000] {taskinstance.py:1518} INFO - Exporting the following env vars:
AIRFLOW_CTX_DAG_OWNER=***
AIRFLOW_CTX_DAG_ID=scrape_and_save_to_csv
AIRFLOW_CTX_TASK_ID=scrape_teams_17-24
AIRFLOW_CTX_EXECUTION_DATE=2023-05-04T21:30:00+00:00
AIRFLOW_CTX_TRY_NUMBER=1
AIRFLOW_CTX_DAG_RUN_ID=scheduled__2023-05-04T21:30:00+00:00
[2023-05-04T23:08:05.950+0000] {warnings.py:110} WARNING - /home/***/.local/lib/python3.7/site-packages/***/utils/context.py:313: AirflowContextDeprecationWarning: Accessing 'execution_date' from the template is deprecated and will be removed in a future version. Please use 'data_interval_start' or 'logical_date' instead.
  warnings.warn(_create_deprecation_warning(k, replacements))

[2023-05-04T23:08:07.576+0000] {helpers.py:80} INFO - Milwaukee Bucks: Successfully scraped!
[2023-05-04T23:08:14.376+0000] {helpers.py:80} INFO - Minnesota Timberwolves: Successfully scraped!
[2023-05-04T23:08:19.986+0000] {helpers.py:80} INFO - New Orleans Pelicans: Successfully scraped!
[2023-05-04T23:08:23.407+0000] {helpers.py:80} INFO - New York Knicks: Successfully scraped!
[2023-05-04T23:08:26.954+0000] {helpers.py:80} INFO - Oklahoma City Thunder: Successfully scraped!
[2023-05-04T23:11:11.956+0000] {helpers.py:80} INFO - Orlando Magic: Successfully scraped!
[2023-05-04T23:11:12.572+0000] {logging_mixin.py:137} INFO - Expecting value: line 1 column 1 (char 0)
[2023-05-04T23:11:12.574+0000] {helpers.py:86} ERROR - Expecting value: line 1 column 1 (char 0)
[2023-05-04T23:11:12.575+0000] {helpers.py:87} ERROR - Retrying! 9 attempts before skipping!
[2023-05-04T23:11:16.919+0000] {helpers.py:80} INFO - Philadelphia 76ers: Successfully scraped!
[2023-05-04T23:11:17.262+0000] {logging_mixin.py:137} INFO - Expecting value: line 1 column 1 (char 0)
[2023-05-04T23:11:17.263+0000] {helpers.py:86} ERROR - Expecting value: line 1 column 1 (char 0)
[2023-05-04T23:11:17.265+0000] {helpers.py:87} ERROR - Retrying! 9 attempts before skipping!
[2023-05-04T23:11:18.601+0000] {logging_mixin.py:137} INFO - Expecting value: line 1 column 1 (char 0)
[2023-05-04T23:11:18.604+0000] {helpers.py:86} ERROR - Expecting value: line 1 column 1 (char 0)
[2023-05-04T23:11:18.605+0000] {helpers.py:87} ERROR - Retrying! 8 attempts before skipping!
[2023-05-04T23:11:19.961+0000] {logging_mixin.py:137} INFO - Expecting value: line 1 column 1 (char 0)
[2023-05-04T23:11:19.988+0000] {helpers.py:86} ERROR - Expecting value: line 1 column 1 (char 0)
[2023-05-04T23:11:19.993+0000] {helpers.py:87} ERROR - Retrying! 7 attempts before skipping!
[2023-05-04T23:11:21.773+0000] {logging_mixin.py:137} INFO - Expecting value: line 1 column 1 (char 0)
[2023-05-04T23:11:21.782+0000] {helpers.py:86} ERROR - Expecting value: line 1 column 1 (char 0)
[2023-05-04T23:11:21.784+0000] {helpers.py:87} ERROR - Retrying! 6 attempts before skipping!
[2023-05-04T23:11:56.063+0000] {logging_mixin.py:137} INFO - Expecting value: line 1 column 1 (char 0)
[2023-05-04T23:11:56.086+0000] {helpers.py:86} ERROR - Expecting value: line 1 column 1 (char 0)
[2023-05-04T23:11:56.088+0000] {helpers.py:87} ERROR - Retrying! 5 attempts before skipping!
[2023-05-04T23:12:00.268+0000] {helpers.py:80} INFO - Phoenix Suns: Successfully scraped!
[2023-05-04T23:12:00.300+0000] {helpers.py:96} INFO - Saved in /opt/***/data/output_scrape_teams_17-24.csv
[2023-05-04T23:12:00.304+0000] {python.py:177} INFO - Done. Returned value was: None
[2023-05-04T23:12:00.325+0000] {taskinstance.py:1332} INFO - Marking task as SUCCESS. dag_id=scrape_and_save_to_csv, task_id=scrape_teams_17-24, execution_date=20230504T213000, start_date=20230504T230800, end_date=20230504T231200
[2023-05-04T23:12:00.446+0000] {local_task_job.py:212} INFO - Task exited with return code 0
[2023-05-04T23:12:00.473+0000] {taskinstance.py:2596} INFO - 0 downstream tasks scheduled from follow-on schedule check
