[2023-05-04T18:51:59.426+0000] {taskinstance.py:1090} INFO - Dependencies all met for dep_context=non-requeueable deps ti=<TaskInstance: scrape_and_save_to_csv.scrape_teams_9-16 scheduled__2023-05-04T17:30:00+00:00 [queued]>
[2023-05-04T18:51:59.473+0000] {taskinstance.py:1090} INFO - Dependencies all met for dep_context=requeueable deps ti=<TaskInstance: scrape_and_save_to_csv.scrape_teams_9-16 scheduled__2023-05-04T17:30:00+00:00 [queued]>
[2023-05-04T18:51:59.501+0000] {taskinstance.py:1288} INFO - 
--------------------------------------------------------------------------------
[2023-05-04T18:51:59.507+0000] {taskinstance.py:1289} INFO - Starting attempt 1 of 1
[2023-05-04T18:51:59.520+0000] {taskinstance.py:1290} INFO - 
--------------------------------------------------------------------------------
[2023-05-04T18:51:59.566+0000] {taskinstance.py:1309} INFO - Executing <Task(PythonOperator): scrape_teams_9-16> on 2023-05-04 17:30:00+00:00
[2023-05-04T18:51:59.575+0000] {standard_task_runner.py:55} INFO - Started process 42215 to run task
[2023-05-04T18:51:59.585+0000] {standard_task_runner.py:82} INFO - Running: ['***', 'tasks', 'run', 'scrape_and_save_to_csv', 'scrape_teams_9-16', 'scheduled__2023-05-04T17:30:00+00:00', '--job-id', '2565', '--raw', '--subdir', 'DAGS_FOLDER/scrape_and_save_csv_dag.py', '--cfg-path', '/tmp/tmpq6g0gj1k']
[2023-05-04T18:51:59.602+0000] {standard_task_runner.py:83} INFO - Job 2565: Subtask scrape_teams_9-16
[2023-05-04T18:51:59.983+0000] {task_command.py:389} INFO - Running <TaskInstance: scrape_and_save_to_csv.scrape_teams_9-16 scheduled__2023-05-04T17:30:00+00:00 [running]> on host 5d4cd8acb346
[2023-05-04T18:52:00.089+0000] {taskinstance.py:1518} INFO - Exporting the following env vars:
AIRFLOW_CTX_DAG_OWNER=***
AIRFLOW_CTX_DAG_ID=scrape_and_save_to_csv
AIRFLOW_CTX_TASK_ID=scrape_teams_9-16
AIRFLOW_CTX_EXECUTION_DATE=2023-05-04T17:30:00+00:00
AIRFLOW_CTX_TRY_NUMBER=1
AIRFLOW_CTX_DAG_RUN_ID=scheduled__2023-05-04T17:30:00+00:00
[2023-05-04T18:52:04.656+0000] {warnings.py:110} WARNING - /home/***/.local/lib/python3.7/site-packages/***/utils/context.py:313: AirflowContextDeprecationWarning: Accessing 'execution_date' from the template is deprecated and will be removed in a future version. Please use 'data_interval_start' or 'logical_date' instead.
  warnings.warn(_create_deprecation_warning(k, replacements))

[2023-05-04T18:52:05.431+0000] {helpers.py:80} INFO - Detroit Pistons: Successfully scraped!
[2023-05-04T18:52:17.086+0000] {helpers.py:80} INFO - Golden State Warriors: Successfully scraped!
[2023-05-04T18:52:22.449+0000] {helpers.py:80} INFO - Houston Rockets: Successfully scraped!
[2023-05-04T18:52:25.599+0000] {helpers.py:80} INFO - Indiana Pacers: Successfully scraped!
[2023-05-04T18:52:28.483+0000] {helpers.py:80} INFO - Los Angeles Clippers: Successfully scraped!
[2023-05-04T18:52:29.003+0000] {logging_mixin.py:137} INFO - Expecting value: line 1 column 1 (char 0)
[2023-05-04T18:52:29.011+0000] {helpers.py:86} ERROR - Expecting value: line 1 column 1 (char 0)
[2023-05-04T18:52:29.016+0000] {helpers.py:87} ERROR - Retrying! 9 attempts before skipping!
[2023-05-04T18:52:30.711+0000] {logging_mixin.py:137} INFO - Expecting value: line 1 column 1 (char 0)
[2023-05-04T18:52:30.713+0000] {helpers.py:86} ERROR - Expecting value: line 1 column 1 (char 0)
[2023-05-04T18:52:30.715+0000] {helpers.py:87} ERROR - Retrying! 8 attempts before skipping!
[2023-05-04T18:52:32.098+0000] {logging_mixin.py:137} INFO - Expecting value: line 1 column 1 (char 0)
[2023-05-04T18:52:32.101+0000] {helpers.py:86} ERROR - Expecting value: line 1 column 1 (char 0)
[2023-05-04T18:52:32.103+0000] {helpers.py:87} ERROR - Retrying! 7 attempts before skipping!
[2023-05-04T18:52:33.450+0000] {logging_mixin.py:137} INFO - Expecting value: line 1 column 1 (char 0)
[2023-05-04T18:52:33.452+0000] {helpers.py:86} ERROR - Expecting value: line 1 column 1 (char 0)
[2023-05-04T18:52:33.454+0000] {helpers.py:87} ERROR - Retrying! 6 attempts before skipping!
[2023-05-04T18:52:34.658+0000] {logging_mixin.py:137} INFO - Expecting value: line 1 column 1 (char 0)
[2023-05-04T18:52:34.662+0000] {helpers.py:86} ERROR - Expecting value: line 1 column 1 (char 0)
[2023-05-04T18:52:34.665+0000] {helpers.py:87} ERROR - Retrying! 5 attempts before skipping!
[2023-05-04T18:52:36.141+0000] {logging_mixin.py:137} INFO - Expecting value: line 1 column 1 (char 0)
[2023-05-04T18:52:36.144+0000] {helpers.py:86} ERROR - Expecting value: line 1 column 1 (char 0)
[2023-05-04T18:52:36.146+0000] {helpers.py:87} ERROR - Retrying! 4 attempts before skipping!
[2023-05-04T18:52:37.383+0000] {logging_mixin.py:137} INFO - Expecting value: line 1 column 1 (char 0)
[2023-05-04T18:52:37.385+0000] {helpers.py:86} ERROR - Expecting value: line 1 column 1 (char 0)
[2023-05-04T18:52:37.387+0000] {helpers.py:87} ERROR - Retrying! 3 attempts before skipping!
[2023-05-04T18:52:39.135+0000] {logging_mixin.py:137} INFO - Expecting value: line 1 column 1 (char 0)
[2023-05-04T18:52:39.137+0000] {helpers.py:86} ERROR - Expecting value: line 1 column 1 (char 0)
[2023-05-04T18:52:39.139+0000] {helpers.py:87} ERROR - Retrying! 2 attempts before skipping!
[2023-05-04T18:52:40.341+0000] {logging_mixin.py:137} INFO - Expecting value: line 1 column 1 (char 0)
[2023-05-04T18:52:40.343+0000] {helpers.py:86} ERROR - Expecting value: line 1 column 1 (char 0)
[2023-05-04T18:52:40.344+0000] {helpers.py:87} ERROR - Retrying! 1 attempts before skipping!
[2023-05-04T18:52:41.506+0000] {logging_mixin.py:137} INFO - Expecting value: line 1 column 1 (char 0)
[2023-05-04T18:52:41.509+0000] {helpers.py:86} ERROR - Expecting value: line 1 column 1 (char 0)
[2023-05-04T18:52:41.532+0000] {helpers.py:87} ERROR - Retrying! 0 attempts before skipping!
[2023-05-04T18:52:43.011+0000] {logging_mixin.py:137} INFO - Expecting value: line 1 column 1 (char 0)
[2023-05-04T18:52:43.014+0000] {helpers.py:86} ERROR - Expecting value: line 1 column 1 (char 0)
[2023-05-04T18:52:43.039+0000] {helpers.py:87} ERROR - Retrying! -1 attempts before skipping!
[2023-05-04T18:52:44.242+0000] {logging_mixin.py:137} INFO - Expecting value: line 1 column 1 (char 0)
[2023-05-04T18:52:44.246+0000] {helpers.py:86} ERROR - Expecting value: line 1 column 1 (char 0)
[2023-05-04T18:52:44.248+0000] {helpers.py:87} ERROR - Retrying! 9 attempts before skipping!
[2023-05-04T18:52:45.698+0000] {logging_mixin.py:137} INFO - Expecting value: line 1 column 1 (char 0)
[2023-05-04T18:52:45.701+0000] {helpers.py:86} ERROR - Expecting value: line 1 column 1 (char 0)
[2023-05-04T18:52:45.703+0000] {helpers.py:87} ERROR - Retrying! 8 attempts before skipping!
[2023-05-04T18:52:47.139+0000] {logging_mixin.py:137} INFO - Expecting value: line 1 column 1 (char 0)
[2023-05-04T18:52:47.140+0000] {helpers.py:86} ERROR - Expecting value: line 1 column 1 (char 0)
[2023-05-04T18:52:47.142+0000] {helpers.py:87} ERROR - Retrying! 7 attempts before skipping!
[2023-05-04T18:52:48.324+0000] {logging_mixin.py:137} INFO - Expecting value: line 1 column 1 (char 0)
[2023-05-04T18:52:48.348+0000] {helpers.py:86} ERROR - Expecting value: line 1 column 1 (char 0)
[2023-05-04T18:52:48.350+0000] {helpers.py:87} ERROR - Retrying! 6 attempts before skipping!
[2023-05-04T18:52:49.760+0000] {logging_mixin.py:137} INFO - Expecting value: line 1 column 1 (char 0)
[2023-05-04T18:52:49.762+0000] {helpers.py:86} ERROR - Expecting value: line 1 column 1 (char 0)
[2023-05-04T18:52:49.766+0000] {helpers.py:87} ERROR - Retrying! 5 attempts before skipping!
[2023-05-04T18:52:50.933+0000] {logging_mixin.py:137} INFO - Expecting value: line 1 column 1 (char 0)
[2023-05-04T18:52:50.936+0000] {helpers.py:86} ERROR - Expecting value: line 1 column 1 (char 0)
[2023-05-04T18:52:50.938+0000] {helpers.py:87} ERROR - Retrying! 4 attempts before skipping!
[2023-05-04T18:52:52.239+0000] {logging_mixin.py:137} INFO - Expecting value: line 1 column 1 (char 0)
[2023-05-04T18:52:52.265+0000] {helpers.py:86} ERROR - Expecting value: line 1 column 1 (char 0)
[2023-05-04T18:52:52.268+0000] {helpers.py:87} ERROR - Retrying! 3 attempts before skipping!
[2023-05-04T18:52:53.472+0000] {logging_mixin.py:137} INFO - Expecting value: line 1 column 1 (char 0)
[2023-05-04T18:52:53.488+0000] {helpers.py:86} ERROR - Expecting value: line 1 column 1 (char 0)
[2023-05-04T18:52:53.500+0000] {helpers.py:87} ERROR - Retrying! 2 attempts before skipping!
[2023-05-04T18:52:54.732+0000] {logging_mixin.py:137} INFO - Expecting value: line 1 column 1 (char 0)
[2023-05-04T18:52:54.735+0000] {helpers.py:86} ERROR - Expecting value: line 1 column 1 (char 0)
[2023-05-04T18:52:54.740+0000] {helpers.py:87} ERROR - Retrying! 1 attempts before skipping!
[2023-05-04T18:52:55.927+0000] {logging_mixin.py:137} INFO - Expecting value: line 1 column 1 (char 0)
[2023-05-04T18:52:55.929+0000] {helpers.py:86} ERROR - Expecting value: line 1 column 1 (char 0)
[2023-05-04T18:52:55.931+0000] {helpers.py:87} ERROR - Retrying! 0 attempts before skipping!
[2023-05-04T18:52:57.126+0000] {logging_mixin.py:137} INFO - Expecting value: line 1 column 1 (char 0)
[2023-05-04T18:52:57.127+0000] {helpers.py:86} ERROR - Expecting value: line 1 column 1 (char 0)
[2023-05-04T18:52:57.152+0000] {helpers.py:87} ERROR - Retrying! -1 attempts before skipping!
[2023-05-04T18:52:58.356+0000] {logging_mixin.py:137} INFO - Expecting value: line 1 column 1 (char 0)
[2023-05-04T18:52:58.359+0000] {helpers.py:86} ERROR - Expecting value: line 1 column 1 (char 0)
[2023-05-04T18:52:58.361+0000] {helpers.py:87} ERROR - Retrying! 9 attempts before skipping!
[2023-05-04T18:52:59.969+0000] {logging_mixin.py:137} INFO - Expecting value: line 1 column 1 (char 0)
[2023-05-04T18:52:59.971+0000] {helpers.py:86} ERROR - Expecting value: line 1 column 1 (char 0)
[2023-05-04T18:52:59.973+0000] {helpers.py:87} ERROR - Retrying! 8 attempts before skipping!
[2023-05-04T18:53:01.425+0000] {logging_mixin.py:137} INFO - Expecting value: line 1 column 1 (char 0)
[2023-05-04T18:53:01.427+0000] {helpers.py:86} ERROR - Expecting value: line 1 column 1 (char 0)
[2023-05-04T18:53:01.429+0000] {helpers.py:87} ERROR - Retrying! 7 attempts before skipping!
[2023-05-04T18:53:02.891+0000] {logging_mixin.py:137} INFO - Expecting value: line 1 column 1 (char 0)
[2023-05-04T18:53:02.894+0000] {helpers.py:86} ERROR - Expecting value: line 1 column 1 (char 0)
[2023-05-04T18:53:02.896+0000] {helpers.py:87} ERROR - Retrying! 6 attempts before skipping!
[2023-05-04T18:53:04.303+0000] {logging_mixin.py:137} INFO - Expecting value: line 1 column 1 (char 0)
[2023-05-04T18:53:04.305+0000] {helpers.py:86} ERROR - Expecting value: line 1 column 1 (char 0)
[2023-05-04T18:53:04.307+0000] {helpers.py:87} ERROR - Retrying! 5 attempts before skipping!
[2023-05-04T18:53:05.478+0000] {logging_mixin.py:137} INFO - Expecting value: line 1 column 1 (char 0)
[2023-05-04T18:53:05.481+0000] {helpers.py:86} ERROR - Expecting value: line 1 column 1 (char 0)
[2023-05-04T18:53:05.482+0000] {helpers.py:87} ERROR - Retrying! 4 attempts before skipping!
[2023-05-04T18:53:06.918+0000] {logging_mixin.py:137} INFO - Expecting value: line 1 column 1 (char 0)
[2023-05-04T18:53:06.920+0000] {helpers.py:86} ERROR - Expecting value: line 1 column 1 (char 0)
[2023-05-04T18:53:06.922+0000] {helpers.py:87} ERROR - Retrying! 3 attempts before skipping!
[2023-05-04T18:53:08.359+0000] {logging_mixin.py:137} INFO - Expecting value: line 1 column 1 (char 0)
[2023-05-04T18:53:08.361+0000] {helpers.py:86} ERROR - Expecting value: line 1 column 1 (char 0)
[2023-05-04T18:53:08.362+0000] {helpers.py:87} ERROR - Retrying! 2 attempts before skipping!
[2023-05-04T18:53:09.564+0000] {logging_mixin.py:137} INFO - Expecting value: line 1 column 1 (char 0)
[2023-05-04T18:53:09.565+0000] {helpers.py:86} ERROR - Expecting value: line 1 column 1 (char 0)
[2023-05-04T18:53:09.567+0000] {helpers.py:87} ERROR - Retrying! 1 attempts before skipping!
[2023-05-04T18:53:14.508+0000] {helpers.py:80} INFO - Miami Heat: Successfully scraped!
[2023-05-04T18:53:14.543+0000] {helpers.py:96} INFO - Saved in /opt/***/data/output_scrape_teams_9-16.csv
[2023-05-04T18:53:14.553+0000] {python.py:177} INFO - Done. Returned value was: None
[2023-05-04T18:53:14.591+0000] {taskinstance.py:1332} INFO - Marking task as SUCCESS. dag_id=scrape_and_save_to_csv, task_id=scrape_teams_9-16, execution_date=20230504T173000, start_date=20230504T185159, end_date=20230504T185314
[2023-05-04T18:53:14.741+0000] {local_task_job.py:212} INFO - Task exited with return code 0
[2023-05-04T18:53:14.776+0000] {taskinstance.py:2596} INFO - 1 downstream tasks scheduled from follow-on schedule check
