[2023-05-04T18:24:31.884+0000] {taskinstance.py:1090} INFO - Dependencies all met for dep_context=non-requeueable deps ti=<TaskInstance: scrape_and_save_to_csv.scrape_teams_9-16 scheduled__2023-05-04T16:30:00+00:00 [queued]>
[2023-05-04T18:24:31.924+0000] {taskinstance.py:1090} INFO - Dependencies all met for dep_context=requeueable deps ti=<TaskInstance: scrape_and_save_to_csv.scrape_teams_9-16 scheduled__2023-05-04T16:30:00+00:00 [queued]>
[2023-05-04T18:24:31.935+0000] {taskinstance.py:1288} INFO - 
--------------------------------------------------------------------------------
[2023-05-04T18:24:31.940+0000] {taskinstance.py:1289} INFO - Starting attempt 1 of 1
[2023-05-04T18:24:31.942+0000] {taskinstance.py:1290} INFO - 
--------------------------------------------------------------------------------
[2023-05-04T18:24:31.980+0000] {taskinstance.py:1309} INFO - Executing <Task(PythonOperator): scrape_teams_9-16> on 2023-05-04 16:30:00+00:00
[2023-05-04T18:24:32.013+0000] {standard_task_runner.py:55} INFO - Started process 42186 to run task
[2023-05-04T18:24:32.033+0000] {standard_task_runner.py:82} INFO - Running: ['***', 'tasks', 'run', 'scrape_and_save_to_csv', 'scrape_teams_9-16', 'scheduled__2023-05-04T16:30:00+00:00', '--job-id', '2558', '--raw', '--subdir', 'DAGS_FOLDER/scrape_and_save_csv_dag.py', '--cfg-path', '/tmp/tmpczx9uid5']
[2023-05-04T18:24:32.041+0000] {standard_task_runner.py:83} INFO - Job 2558: Subtask scrape_teams_9-16
[2023-05-04T18:24:32.328+0000] {task_command.py:389} INFO - Running <TaskInstance: scrape_and_save_to_csv.scrape_teams_9-16 scheduled__2023-05-04T16:30:00+00:00 [running]> on host 5d4cd8acb346
[2023-05-04T18:24:32.612+0000] {taskinstance.py:1518} INFO - Exporting the following env vars:
AIRFLOW_CTX_DAG_OWNER=***
AIRFLOW_CTX_DAG_ID=scrape_and_save_to_csv
AIRFLOW_CTX_TASK_ID=scrape_teams_9-16
AIRFLOW_CTX_EXECUTION_DATE=2023-05-04T16:30:00+00:00
AIRFLOW_CTX_TRY_NUMBER=1
AIRFLOW_CTX_DAG_RUN_ID=scheduled__2023-05-04T16:30:00+00:00
[2023-05-04T18:52:05.953+0000] {local_task_job.py:277} WARNING - State of this instance has been externally set to failed. Terminating instance.
[2023-05-04T18:52:05.997+0000] {process_utils.py:133} INFO - Sending Signals.SIGTERM to group 42186. PIDs of all processes in the group: [42186]
[2023-05-04T18:52:06.001+0000] {process_utils.py:84} INFO - Sending the signal Signals.SIGTERM to group 42186
[2023-05-04T18:52:06.027+0000] {taskinstance.py:1488} ERROR - Received SIGTERM. Terminating subprocesses.
[2023-05-04T18:52:06.069+0000] {logging_mixin.py:137} INFO - Task received SIGTERM signal
[2023-05-04T18:52:06.071+0000] {helpers.py:86} ERROR - Task received SIGTERM signal
[2023-05-04T18:52:06.072+0000] {helpers.py:87} ERROR - Retrying! 9 attempts before skipping!
[2023-05-04T18:52:10.723+0000] {warnings.py:110} WARNING - /home/***/.local/lib/python3.7/site-packages/***/utils/context.py:313: AirflowContextDeprecationWarning: Accessing 'execution_date' from the template is deprecated and will be removed in a future version. Please use 'data_interval_start' or 'logical_date' instead.
  warnings.warn(_create_deprecation_warning(k, replacements))

[2023-05-04T18:52:11.141+0000] {helpers.py:80} INFO - Detroit Pistons: Successfully scraped!
[2023-05-04T18:52:18.278+0000] {helpers.py:80} INFO - Golden State Warriors: Successfully scraped!
[2023-05-04T18:52:22.809+0000] {helpers.py:80} INFO - Houston Rockets: Successfully scraped!
[2023-05-04T18:52:26.503+0000] {helpers.py:80} INFO - Indiana Pacers: Successfully scraped!
[2023-05-04T18:52:27.098+0000] {logging_mixin.py:137} INFO - Expecting value: line 1 column 1 (char 0)
[2023-05-04T18:52:27.100+0000] {helpers.py:86} ERROR - Expecting value: line 1 column 1 (char 0)
[2023-05-04T18:52:27.106+0000] {helpers.py:87} ERROR - Retrying! 9 attempts before skipping!
[2023-05-04T18:52:28.645+0000] {logging_mixin.py:137} INFO - Expecting value: line 1 column 1 (char 0)
[2023-05-04T18:52:28.646+0000] {helpers.py:86} ERROR - Expecting value: line 1 column 1 (char 0)
[2023-05-04T18:52:28.648+0000] {helpers.py:87} ERROR - Retrying! 8 attempts before skipping!
[2023-05-04T18:52:29.817+0000] {logging_mixin.py:137} INFO - Expecting value: line 1 column 1 (char 0)
[2023-05-04T18:52:29.819+0000] {helpers.py:86} ERROR - Expecting value: line 1 column 1 (char 0)
[2023-05-04T18:52:29.821+0000] {helpers.py:87} ERROR - Retrying! 7 attempts before skipping!
[2023-05-04T18:52:31.018+0000] {logging_mixin.py:137} INFO - Expecting value: line 1 column 1 (char 0)
[2023-05-04T18:52:31.020+0000] {helpers.py:86} ERROR - Expecting value: line 1 column 1 (char 0)
[2023-05-04T18:52:31.022+0000] {helpers.py:87} ERROR - Retrying! 6 attempts before skipping!
[2023-05-04T18:52:32.323+0000] {logging_mixin.py:137} INFO - Expecting value: line 1 column 1 (char 0)
[2023-05-04T18:52:32.331+0000] {helpers.py:86} ERROR - Expecting value: line 1 column 1 (char 0)
[2023-05-04T18:52:32.333+0000] {helpers.py:87} ERROR - Retrying! 5 attempts before skipping!
[2023-05-04T18:52:33.540+0000] {logging_mixin.py:137} INFO - Expecting value: line 1 column 1 (char 0)
[2023-05-04T18:52:33.547+0000] {helpers.py:86} ERROR - Expecting value: line 1 column 1 (char 0)
[2023-05-04T18:52:33.550+0000] {helpers.py:87} ERROR - Retrying! 4 attempts before skipping!
[2023-05-04T18:52:34.714+0000] {logging_mixin.py:137} INFO - Expecting value: line 1 column 1 (char 0)
[2023-05-04T18:52:34.717+0000] {helpers.py:86} ERROR - Expecting value: line 1 column 1 (char 0)
[2023-05-04T18:52:34.719+0000] {helpers.py:87} ERROR - Retrying! 3 attempts before skipping!
[2023-05-04T18:52:36.142+0000] {logging_mixin.py:137} INFO - Expecting value: line 1 column 1 (char 0)
[2023-05-04T18:52:36.145+0000] {helpers.py:86} ERROR - Expecting value: line 1 column 1 (char 0)
[2023-05-04T18:52:36.147+0000] {helpers.py:87} ERROR - Retrying! 2 attempts before skipping!
[2023-05-04T18:52:37.384+0000] {logging_mixin.py:137} INFO - Expecting value: line 1 column 1 (char 0)
[2023-05-04T18:52:37.386+0000] {helpers.py:86} ERROR - Expecting value: line 1 column 1 (char 0)
[2023-05-04T18:52:37.389+0000] {helpers.py:87} ERROR - Retrying! 1 attempts before skipping!
[2023-05-04T18:52:38.698+0000] {logging_mixin.py:137} INFO - Expecting value: line 1 column 1 (char 0)
[2023-05-04T18:52:38.699+0000] {helpers.py:86} ERROR - Expecting value: line 1 column 1 (char 0)
[2023-05-04T18:52:38.701+0000] {helpers.py:87} ERROR - Retrying! 0 attempts before skipping!
[2023-05-04T18:52:39.879+0000] {logging_mixin.py:137} INFO - Expecting value: line 1 column 1 (char 0)
[2023-05-04T18:52:39.881+0000] {helpers.py:86} ERROR - Expecting value: line 1 column 1 (char 0)
[2023-05-04T18:52:39.883+0000] {helpers.py:87} ERROR - Retrying! -1 attempts before skipping!
[2023-05-04T18:52:41.400+0000] {logging_mixin.py:137} INFO - Expecting value: line 1 column 1 (char 0)
[2023-05-04T18:52:41.402+0000] {helpers.py:86} ERROR - Expecting value: line 1 column 1 (char 0)
[2023-05-04T18:52:41.404+0000] {helpers.py:87} ERROR - Retrying! 9 attempts before skipping!
[2023-05-04T18:52:42.590+0000] {logging_mixin.py:137} INFO - Expecting value: line 1 column 1 (char 0)
[2023-05-04T18:52:42.593+0000] {helpers.py:86} ERROR - Expecting value: line 1 column 1 (char 0)
[2023-05-04T18:52:42.596+0000] {helpers.py:87} ERROR - Retrying! 8 attempts before skipping!
[2023-05-04T18:52:43.955+0000] {logging_mixin.py:137} INFO - Expecting value: line 1 column 1 (char 0)
[2023-05-04T18:52:43.959+0000] {helpers.py:86} ERROR - Expecting value: line 1 column 1 (char 0)
[2023-05-04T18:52:43.960+0000] {helpers.py:87} ERROR - Retrying! 7 attempts before skipping!
[2023-05-04T18:52:45.293+0000] {logging_mixin.py:137} INFO - Expecting value: line 1 column 1 (char 0)
[2023-05-04T18:52:45.295+0000] {helpers.py:86} ERROR - Expecting value: line 1 column 1 (char 0)
[2023-05-04T18:52:45.297+0000] {helpers.py:87} ERROR - Retrying! 6 attempts before skipping!
[2023-05-04T18:52:46.510+0000] {logging_mixin.py:137} INFO - Expecting value: line 1 column 1 (char 0)
[2023-05-04T18:52:46.512+0000] {helpers.py:86} ERROR - Expecting value: line 1 column 1 (char 0)
[2023-05-04T18:52:46.515+0000] {helpers.py:87} ERROR - Retrying! 5 attempts before skipping!
[2023-05-04T18:52:47.721+0000] {logging_mixin.py:137} INFO - Expecting value: line 1 column 1 (char 0)
[2023-05-04T18:52:47.732+0000] {helpers.py:86} ERROR - Expecting value: line 1 column 1 (char 0)
[2023-05-04T18:52:47.736+0000] {helpers.py:87} ERROR - Retrying! 4 attempts before skipping!
[2023-05-04T18:52:48.902+0000] {logging_mixin.py:137} INFO - Expecting value: line 1 column 1 (char 0)
[2023-05-04T18:52:48.909+0000] {helpers.py:86} ERROR - Expecting value: line 1 column 1 (char 0)
[2023-05-04T18:52:48.911+0000] {helpers.py:87} ERROR - Retrying! 3 attempts before skipping!
[2023-05-04T18:52:50.140+0000] {logging_mixin.py:137} INFO - Expecting value: line 1 column 1 (char 0)
[2023-05-04T18:52:50.147+0000] {helpers.py:86} ERROR - Expecting value: line 1 column 1 (char 0)
[2023-05-04T18:52:50.149+0000] {helpers.py:87} ERROR - Retrying! 2 attempts before skipping!
[2023-05-04T18:52:51.395+0000] {logging_mixin.py:137} INFO - Expecting value: line 1 column 1 (char 0)
[2023-05-04T18:52:51.398+0000] {helpers.py:86} ERROR - Expecting value: line 1 column 1 (char 0)
[2023-05-04T18:52:51.400+0000] {helpers.py:87} ERROR - Retrying! 1 attempts before skipping!
[2023-05-04T18:52:52.634+0000] {logging_mixin.py:137} INFO - Expecting value: line 1 column 1 (char 0)
[2023-05-04T18:52:52.638+0000] {helpers.py:86} ERROR - Expecting value: line 1 column 1 (char 0)
[2023-05-04T18:52:52.640+0000] {helpers.py:87} ERROR - Retrying! 0 attempts before skipping!
[2023-05-04T18:52:53.855+0000] {logging_mixin.py:137} INFO - Expecting value: line 1 column 1 (char 0)
[2023-05-04T18:52:53.858+0000] {helpers.py:86} ERROR - Expecting value: line 1 column 1 (char 0)
[2023-05-04T18:52:53.868+0000] {helpers.py:87} ERROR - Retrying! -1 attempts before skipping!
[2023-05-04T18:52:55.047+0000] {logging_mixin.py:137} INFO - Expecting value: line 1 column 1 (char 0)
[2023-05-04T18:52:55.049+0000] {helpers.py:86} ERROR - Expecting value: line 1 column 1 (char 0)
[2023-05-04T18:52:55.051+0000] {helpers.py:87} ERROR - Retrying! 9 attempts before skipping!
[2023-05-04T18:52:56.432+0000] {logging_mixin.py:137} INFO - Expecting value: line 1 column 1 (char 0)
[2023-05-04T18:52:56.434+0000] {helpers.py:86} ERROR - Expecting value: line 1 column 1 (char 0)
[2023-05-04T18:52:56.435+0000] {helpers.py:87} ERROR - Retrying! 8 attempts before skipping!
[2023-05-04T18:52:57.889+0000] {logging_mixin.py:137} INFO - Expecting value: line 1 column 1 (char 0)
[2023-05-04T18:52:57.891+0000] {helpers.py:86} ERROR - Expecting value: line 1 column 1 (char 0)
[2023-05-04T18:52:57.893+0000] {helpers.py:87} ERROR - Retrying! 7 attempts before skipping!
[2023-05-04T18:52:59.117+0000] {logging_mixin.py:137} INFO - Expecting value: line 1 column 1 (char 0)
[2023-05-04T18:52:59.119+0000] {helpers.py:86} ERROR - Expecting value: line 1 column 1 (char 0)
[2023-05-04T18:52:59.120+0000] {helpers.py:87} ERROR - Retrying! 6 attempts before skipping!
[2023-05-04T18:53:00.304+0000] {logging_mixin.py:137} INFO - Expecting value: line 1 column 1 (char 0)
[2023-05-04T18:53:00.306+0000] {helpers.py:86} ERROR - Expecting value: line 1 column 1 (char 0)
[2023-05-04T18:53:00.307+0000] {helpers.py:87} ERROR - Retrying! 5 attempts before skipping!
[2023-05-04T18:53:01.492+0000] {logging_mixin.py:137} INFO - Expecting value: line 1 column 1 (char 0)
[2023-05-04T18:53:01.494+0000] {helpers.py:86} ERROR - Expecting value: line 1 column 1 (char 0)
[2023-05-04T18:53:01.495+0000] {helpers.py:87} ERROR - Retrying! 4 attempts before skipping!
[2023-05-04T18:53:02.813+0000] {logging_mixin.py:137} INFO - Expecting value: line 1 column 1 (char 0)
[2023-05-04T18:53:02.815+0000] {helpers.py:86} ERROR - Expecting value: line 1 column 1 (char 0)
[2023-05-04T18:53:02.817+0000] {helpers.py:87} ERROR - Retrying! 3 attempts before skipping!
[2023-05-04T18:53:03.986+0000] {logging_mixin.py:137} INFO - Expecting value: line 1 column 1 (char 0)
[2023-05-04T18:53:03.989+0000] {helpers.py:86} ERROR - Expecting value: line 1 column 1 (char 0)
[2023-05-04T18:53:03.990+0000] {helpers.py:87} ERROR - Retrying! 2 attempts before skipping!
[2023-05-04T18:53:05.214+0000] {logging_mixin.py:137} INFO - Expecting value: line 1 column 1 (char 0)
[2023-05-04T18:53:05.217+0000] {helpers.py:86} ERROR - Expecting value: line 1 column 1 (char 0)
[2023-05-04T18:53:05.220+0000] {helpers.py:87} ERROR - Retrying! 1 attempts before skipping!
[2023-05-04T18:53:06.059+0000] {process_utils.py:147} WARNING - process psutil.Process(pid=42186, name='airflow task ru', status='sleeping', started='18:24:31') did not respond to SIGTERM. Trying SIGKILL
[2023-05-04T18:53:06.078+0000] {process_utils.py:84} INFO - Sending the signal Signals.SIGKILL to group 42186
[2023-05-04T18:53:06.301+0000] {process_utils.py:79} INFO - Process psutil.Process(pid=42186, name='airflow task ru', status='terminated', exitcode=<Negsignal.SIGKILL: -9>, started='18:24:31') (42186) terminated with exit code Negsignal.SIGKILL
[2023-05-04T18:53:06.303+0000] {standard_task_runner.py:170} ERROR - Job 2558 was killed before it finished (likely due to running out of memory)
