[2023-04-30T23:51:45.261+0000] {taskinstance.py:1090} INFO - Dependencies all met for dep_context=non-requeueable deps ti=<TaskInstance: scrape_and_save_to_csv.scrape_teams_25-30 scheduled__2023-04-30T22:30:00+00:00 [queued]>
[2023-04-30T23:51:45.288+0000] {taskinstance.py:1090} INFO - Dependencies all met for dep_context=requeueable deps ti=<TaskInstance: scrape_and_save_to_csv.scrape_teams_25-30 scheduled__2023-04-30T22:30:00+00:00 [queued]>
[2023-04-30T23:51:45.290+0000] {taskinstance.py:1288} INFO - 
--------------------------------------------------------------------------------
[2023-04-30T23:51:45.291+0000] {taskinstance.py:1289} INFO - Starting attempt 1 of 1
[2023-04-30T23:51:45.292+0000] {taskinstance.py:1290} INFO - 
--------------------------------------------------------------------------------
[2023-04-30T23:51:45.317+0000] {taskinstance.py:1309} INFO - Executing <Task(PythonOperator): scrape_teams_25-30> on 2023-04-30 22:30:00+00:00
[2023-04-30T23:51:45.325+0000] {standard_task_runner.py:55} INFO - Started process 527 to run task
[2023-04-30T23:51:45.333+0000] {standard_task_runner.py:82} INFO - Running: ['***', 'tasks', 'run', 'scrape_and_save_to_csv', 'scrape_teams_25-30', 'scheduled__2023-04-30T22:30:00+00:00', '--job-id', '1967', '--raw', '--subdir', 'DAGS_FOLDER/scrape_and_save_csv_dag.py', '--cfg-path', '/tmp/tmpbwdglt36']
[2023-04-30T23:51:45.338+0000] {standard_task_runner.py:83} INFO - Job 1967: Subtask scrape_teams_25-30
[2023-04-30T23:51:45.474+0000] {task_command.py:389} INFO - Running <TaskInstance: scrape_and_save_to_csv.scrape_teams_25-30 scheduled__2023-04-30T22:30:00+00:00 [running]> on host 5d4cd8acb346
[2023-04-30T23:51:45.564+0000] {taskinstance.py:1518} INFO - Exporting the following env vars:
AIRFLOW_CTX_DAG_OWNER=***
AIRFLOW_CTX_DAG_ID=scrape_and_save_to_csv
AIRFLOW_CTX_TASK_ID=scrape_teams_25-30
AIRFLOW_CTX_EXECUTION_DATE=2023-04-30T22:30:00+00:00
AIRFLOW_CTX_TRY_NUMBER=1
AIRFLOW_CTX_DAG_RUN_ID=scheduled__2023-04-30T22:30:00+00:00
[2023-04-30T23:51:45.579+0000] {logging_mixin.py:137} INFO - HTTPSConnectionPool(host='api.pushshift.io', port=443): Max retries exceeded with url: /reddit/search/submission/?subreddit=ripcity&sort=created_utc&sort_type=desc&size=500 (Caused by NewConnectionError('<urllib3.connection.HTTPSConnection object at 0xffffa004ab10>: Failed to establish a new connection: [Errno -2] Name or service not known'))
[2023-04-30T23:51:45.580+0000] {helpers.py:86} ERROR - HTTPSConnectionPool(host='api.pushshift.io', port=443): Max retries exceeded with url: /reddit/search/submission/?subreddit=ripcity&sort=created_utc&sort_type=desc&size=500 (Caused by NewConnectionError('<urllib3.connection.HTTPSConnection object at 0xffffa004ab10>: Failed to establish a new connection: [Errno -2] Name or service not known'))
[2023-04-30T23:51:45.581+0000] {helpers.py:87} ERROR - Retrying! 9 attempts before skipping!
[2023-04-30T23:51:46.594+0000] {logging_mixin.py:137} INFO - HTTPSConnectionPool(host='api.pushshift.io', port=443): Max retries exceeded with url: /reddit/search/submission/?subreddit=ripcity&sort=created_utc&sort_type=desc&size=500 (Caused by NewConnectionError('<urllib3.connection.HTTPSConnection object at 0xffffa003f2d0>: Failed to establish a new connection: [Errno -2] Name or service not known'))
[2023-04-30T23:51:46.601+0000] {helpers.py:86} ERROR - HTTPSConnectionPool(host='api.pushshift.io', port=443): Max retries exceeded with url: /reddit/search/submission/?subreddit=ripcity&sort=created_utc&sort_type=desc&size=500 (Caused by NewConnectionError('<urllib3.connection.HTTPSConnection object at 0xffffa003f2d0>: Failed to establish a new connection: [Errno -2] Name or service not known'))
[2023-04-30T23:51:46.606+0000] {helpers.py:87} ERROR - Retrying! 8 attempts before skipping!
[2023-04-30T23:51:47.614+0000] {logging_mixin.py:137} INFO - HTTPSConnectionPool(host='api.pushshift.io', port=443): Max retries exceeded with url: /reddit/search/submission/?subreddit=ripcity&sort=created_utc&sort_type=desc&size=500 (Caused by NewConnectionError('<urllib3.connection.HTTPSConnection object at 0xffffa004ad50>: Failed to establish a new connection: [Errno -2] Name or service not known'))
[2023-04-30T23:51:47.618+0000] {helpers.py:86} ERROR - HTTPSConnectionPool(host='api.pushshift.io', port=443): Max retries exceeded with url: /reddit/search/submission/?subreddit=ripcity&sort=created_utc&sort_type=desc&size=500 (Caused by NewConnectionError('<urllib3.connection.HTTPSConnection object at 0xffffa004ad50>: Failed to establish a new connection: [Errno -2] Name or service not known'))
[2023-04-30T23:51:47.619+0000] {helpers.py:87} ERROR - Retrying! 7 attempts before skipping!
[2023-04-30T23:51:48.629+0000] {logging_mixin.py:137} INFO - HTTPSConnectionPool(host='api.pushshift.io', port=443): Max retries exceeded with url: /reddit/search/submission/?subreddit=ripcity&sort=created_utc&sort_type=desc&size=500 (Caused by NewConnectionError('<urllib3.connection.HTTPSConnection object at 0xffffa004ae50>: Failed to establish a new connection: [Errno -2] Name or service not known'))
[2023-04-30T23:51:48.630+0000] {helpers.py:86} ERROR - HTTPSConnectionPool(host='api.pushshift.io', port=443): Max retries exceeded with url: /reddit/search/submission/?subreddit=ripcity&sort=created_utc&sort_type=desc&size=500 (Caused by NewConnectionError('<urllib3.connection.HTTPSConnection object at 0xffffa004ae50>: Failed to establish a new connection: [Errno -2] Name or service not known'))
[2023-04-30T23:51:48.631+0000] {helpers.py:87} ERROR - Retrying! 6 attempts before skipping!
[2023-04-30T23:51:49.638+0000] {logging_mixin.py:137} INFO - HTTPSConnectionPool(host='api.pushshift.io', port=443): Max retries exceeded with url: /reddit/search/submission/?subreddit=ripcity&sort=created_utc&sort_type=desc&size=500 (Caused by NewConnectionError('<urllib3.connection.HTTPSConnection object at 0xffffa004ac50>: Failed to establish a new connection: [Errno -2] Name or service not known'))
[2023-04-30T23:51:49.639+0000] {helpers.py:86} ERROR - HTTPSConnectionPool(host='api.pushshift.io', port=443): Max retries exceeded with url: /reddit/search/submission/?subreddit=ripcity&sort=created_utc&sort_type=desc&size=500 (Caused by NewConnectionError('<urllib3.connection.HTTPSConnection object at 0xffffa004ac50>: Failed to establish a new connection: [Errno -2] Name or service not known'))
[2023-04-30T23:51:49.641+0000] {helpers.py:87} ERROR - Retrying! 5 attempts before skipping!
[2023-04-30T23:51:50.650+0000] {logging_mixin.py:137} INFO - HTTPSConnectionPool(host='api.pushshift.io', port=443): Max retries exceeded with url: /reddit/search/submission/?subreddit=ripcity&sort=created_utc&sort_type=desc&size=500 (Caused by NewConnectionError('<urllib3.connection.HTTPSConnection object at 0xffffa004ab50>: Failed to establish a new connection: [Errno -2] Name or service not known'))
[2023-04-30T23:51:50.651+0000] {helpers.py:86} ERROR - HTTPSConnectionPool(host='api.pushshift.io', port=443): Max retries exceeded with url: /reddit/search/submission/?subreddit=ripcity&sort=created_utc&sort_type=desc&size=500 (Caused by NewConnectionError('<urllib3.connection.HTTPSConnection object at 0xffffa004ab50>: Failed to establish a new connection: [Errno -2] Name or service not known'))
[2023-04-30T23:51:50.653+0000] {helpers.py:87} ERROR - Retrying! 4 attempts before skipping!
[2023-04-30T23:51:51.667+0000] {logging_mixin.py:137} INFO - HTTPSConnectionPool(host='api.pushshift.io', port=443): Max retries exceeded with url: /reddit/search/submission/?subreddit=ripcity&sort=created_utc&sort_type=desc&size=500 (Caused by NewConnectionError('<urllib3.connection.HTTPSConnection object at 0xffffa004ad50>: Failed to establish a new connection: [Errno -2] Name or service not known'))
[2023-04-30T23:51:51.668+0000] {helpers.py:86} ERROR - HTTPSConnectionPool(host='api.pushshift.io', port=443): Max retries exceeded with url: /reddit/search/submission/?subreddit=ripcity&sort=created_utc&sort_type=desc&size=500 (Caused by NewConnectionError('<urllib3.connection.HTTPSConnection object at 0xffffa004ad50>: Failed to establish a new connection: [Errno -2] Name or service not known'))
[2023-04-30T23:51:51.670+0000] {helpers.py:87} ERROR - Retrying! 3 attempts before skipping!
[2023-04-30T23:51:52.681+0000] {logging_mixin.py:137} INFO - HTTPSConnectionPool(host='api.pushshift.io', port=443): Max retries exceeded with url: /reddit/search/submission/?subreddit=ripcity&sort=created_utc&sort_type=desc&size=500 (Caused by NewConnectionError('<urllib3.connection.HTTPSConnection object at 0xffffa004ae50>: Failed to establish a new connection: [Errno -2] Name or service not known'))
[2023-04-30T23:51:52.683+0000] {helpers.py:86} ERROR - HTTPSConnectionPool(host='api.pushshift.io', port=443): Max retries exceeded with url: /reddit/search/submission/?subreddit=ripcity&sort=created_utc&sort_type=desc&size=500 (Caused by NewConnectionError('<urllib3.connection.HTTPSConnection object at 0xffffa004ae50>: Failed to establish a new connection: [Errno -2] Name or service not known'))
[2023-04-30T23:51:52.684+0000] {helpers.py:87} ERROR - Retrying! 2 attempts before skipping!
[2023-04-30T23:51:53.693+0000] {logging_mixin.py:137} INFO - HTTPSConnectionPool(host='api.pushshift.io', port=443): Max retries exceeded with url: /reddit/search/submission/?subreddit=ripcity&sort=created_utc&sort_type=desc&size=500 (Caused by NewConnectionError('<urllib3.connection.HTTPSConnection object at 0xffffa004ac50>: Failed to establish a new connection: [Errno -2] Name or service not known'))
[2023-04-30T23:51:53.694+0000] {helpers.py:86} ERROR - HTTPSConnectionPool(host='api.pushshift.io', port=443): Max retries exceeded with url: /reddit/search/submission/?subreddit=ripcity&sort=created_utc&sort_type=desc&size=500 (Caused by NewConnectionError('<urllib3.connection.HTTPSConnection object at 0xffffa004ac50>: Failed to establish a new connection: [Errno -2] Name or service not known'))
[2023-04-30T23:51:53.695+0000] {helpers.py:87} ERROR - Retrying! 1 attempts before skipping!
[2023-04-30T23:51:54.707+0000] {logging_mixin.py:137} INFO - HTTPSConnectionPool(host='api.pushshift.io', port=443): Max retries exceeded with url: /reddit/search/submission/?subreddit=ripcity&sort=created_utc&sort_type=desc&size=500 (Caused by NewConnectionError('<urllib3.connection.HTTPSConnection object at 0xffffa004ab50>: Failed to establish a new connection: [Errno -2] Name or service not known'))
[2023-04-30T23:51:54.709+0000] {helpers.py:86} ERROR - HTTPSConnectionPool(host='api.pushshift.io', port=443): Max retries exceeded with url: /reddit/search/submission/?subreddit=ripcity&sort=created_utc&sort_type=desc&size=500 (Caused by NewConnectionError('<urllib3.connection.HTTPSConnection object at 0xffffa004ab50>: Failed to establish a new connection: [Errno -2] Name or service not known'))
[2023-04-30T23:51:54.710+0000] {helpers.py:87} ERROR - Retrying! 0 attempts before skipping!
[2023-04-30T23:51:55.742+0000] {logging_mixin.py:137} INFO - HTTPSConnectionPool(host='api.pushshift.io', port=443): Max retries exceeded with url: /reddit/search/submission/?subreddit=ripcity&sort=created_utc&sort_type=desc&size=500 (Caused by NewConnectionError('<urllib3.connection.HTTPSConnection object at 0xffffa004ad50>: Failed to establish a new connection: [Errno -2] Name or service not known'))
[2023-04-30T23:51:55.743+0000] {helpers.py:86} ERROR - HTTPSConnectionPool(host='api.pushshift.io', port=443): Max retries exceeded with url: /reddit/search/submission/?subreddit=ripcity&sort=created_utc&sort_type=desc&size=500 (Caused by NewConnectionError('<urllib3.connection.HTTPSConnection object at 0xffffa004ad50>: Failed to establish a new connection: [Errno -2] Name or service not known'))
[2023-04-30T23:51:55.744+0000] {helpers.py:87} ERROR - Retrying! -1 attempts before skipping!
[2023-04-30T23:51:56.753+0000] {logging_mixin.py:137} INFO - HTTPSConnectionPool(host='api.pushshift.io', port=443): Max retries exceeded with url: /reddit/search/submission/?subreddit=kings&sort=created_utc&sort_type=desc&size=500 (Caused by NewConnectionError('<urllib3.connection.HTTPSConnection object at 0xffffa0054590>: Failed to establish a new connection: [Errno -2] Name or service not known'))
[2023-04-30T23:51:56.756+0000] {helpers.py:86} ERROR - HTTPSConnectionPool(host='api.pushshift.io', port=443): Max retries exceeded with url: /reddit/search/submission/?subreddit=kings&sort=created_utc&sort_type=desc&size=500 (Caused by NewConnectionError('<urllib3.connection.HTTPSConnection object at 0xffffa0054590>: Failed to establish a new connection: [Errno -2] Name or service not known'))
[2023-04-30T23:51:56.757+0000] {helpers.py:87} ERROR - Retrying! 9 attempts before skipping!
[2023-04-30T23:51:57.770+0000] {logging_mixin.py:137} INFO - HTTPSConnectionPool(host='api.pushshift.io', port=443): Max retries exceeded with url: /reddit/search/submission/?subreddit=kings&sort=created_utc&sort_type=desc&size=500 (Caused by NewConnectionError('<urllib3.connection.HTTPSConnection object at 0xffffa0054050>: Failed to establish a new connection: [Errno -2] Name or service not known'))
[2023-04-30T23:51:57.772+0000] {helpers.py:86} ERROR - HTTPSConnectionPool(host='api.pushshift.io', port=443): Max retries exceeded with url: /reddit/search/submission/?subreddit=kings&sort=created_utc&sort_type=desc&size=500 (Caused by NewConnectionError('<urllib3.connection.HTTPSConnection object at 0xffffa0054050>: Failed to establish a new connection: [Errno -2] Name or service not known'))
[2023-04-30T23:51:57.773+0000] {helpers.py:87} ERROR - Retrying! 8 attempts before skipping!
[2023-04-30T23:51:58.782+0000] {logging_mixin.py:137} INFO - HTTPSConnectionPool(host='api.pushshift.io', port=443): Max retries exceeded with url: /reddit/search/submission/?subreddit=kings&sort=created_utc&sort_type=desc&size=500 (Caused by NewConnectionError('<urllib3.connection.HTTPSConnection object at 0xffffa0054590>: Failed to establish a new connection: [Errno -2] Name or service not known'))
[2023-04-30T23:51:58.784+0000] {helpers.py:86} ERROR - HTTPSConnectionPool(host='api.pushshift.io', port=443): Max retries exceeded with url: /reddit/search/submission/?subreddit=kings&sort=created_utc&sort_type=desc&size=500 (Caused by NewConnectionError('<urllib3.connection.HTTPSConnection object at 0xffffa0054590>: Failed to establish a new connection: [Errno -2] Name or service not known'))
[2023-04-30T23:51:58.785+0000] {helpers.py:87} ERROR - Retrying! 7 attempts before skipping!
[2023-04-30T23:51:59.794+0000] {logging_mixin.py:137} INFO - HTTPSConnectionPool(host='api.pushshift.io', port=443): Max retries exceeded with url: /reddit/search/submission/?subreddit=kings&sort=created_utc&sort_type=desc&size=500 (Caused by NewConnectionError('<urllib3.connection.HTTPSConnection object at 0xffffa0054050>: Failed to establish a new connection: [Errno -2] Name or service not known'))
[2023-04-30T23:51:59.795+0000] {helpers.py:86} ERROR - HTTPSConnectionPool(host='api.pushshift.io', port=443): Max retries exceeded with url: /reddit/search/submission/?subreddit=kings&sort=created_utc&sort_type=desc&size=500 (Caused by NewConnectionError('<urllib3.connection.HTTPSConnection object at 0xffffa0054050>: Failed to establish a new connection: [Errno -2] Name or service not known'))
[2023-04-30T23:51:59.797+0000] {helpers.py:87} ERROR - Retrying! 6 attempts before skipping!
[2023-04-30T23:52:00.807+0000] {logging_mixin.py:137} INFO - HTTPSConnectionPool(host='api.pushshift.io', port=443): Max retries exceeded with url: /reddit/search/submission/?subreddit=kings&sort=created_utc&sort_type=desc&size=500 (Caused by NewConnectionError('<urllib3.connection.HTTPSConnection object at 0xffffa0054590>: Failed to establish a new connection: [Errno -2] Name or service not known'))
[2023-04-30T23:52:00.809+0000] {helpers.py:86} ERROR - HTTPSConnectionPool(host='api.pushshift.io', port=443): Max retries exceeded with url: /reddit/search/submission/?subreddit=kings&sort=created_utc&sort_type=desc&size=500 (Caused by NewConnectionError('<urllib3.connection.HTTPSConnection object at 0xffffa0054590>: Failed to establish a new connection: [Errno -2] Name or service not known'))
[2023-04-30T23:52:00.811+0000] {helpers.py:87} ERROR - Retrying! 5 attempts before skipping!
[2023-04-30T23:52:01.818+0000] {logging_mixin.py:137} INFO - HTTPSConnectionPool(host='api.pushshift.io', port=443): Max retries exceeded with url: /reddit/search/submission/?subreddit=kings&sort=created_utc&sort_type=desc&size=500 (Caused by NewConnectionError('<urllib3.connection.HTTPSConnection object at 0xffffa0054050>: Failed to establish a new connection: [Errno -2] Name or service not known'))
[2023-04-30T23:52:01.820+0000] {helpers.py:86} ERROR - HTTPSConnectionPool(host='api.pushshift.io', port=443): Max retries exceeded with url: /reddit/search/submission/?subreddit=kings&sort=created_utc&sort_type=desc&size=500 (Caused by NewConnectionError('<urllib3.connection.HTTPSConnection object at 0xffffa0054050>: Failed to establish a new connection: [Errno -2] Name or service not known'))
[2023-04-30T23:52:01.822+0000] {helpers.py:87} ERROR - Retrying! 4 attempts before skipping!
[2023-04-30T23:52:02.833+0000] {logging_mixin.py:137} INFO - HTTPSConnectionPool(host='api.pushshift.io', port=443): Max retries exceeded with url: /reddit/search/submission/?subreddit=kings&sort=created_utc&sort_type=desc&size=500 (Caused by NewConnectionError('<urllib3.connection.HTTPSConnection object at 0xffffa0054590>: Failed to establish a new connection: [Errno -2] Name or service not known'))
[2023-04-30T23:52:02.835+0000] {helpers.py:86} ERROR - HTTPSConnectionPool(host='api.pushshift.io', port=443): Max retries exceeded with url: /reddit/search/submission/?subreddit=kings&sort=created_utc&sort_type=desc&size=500 (Caused by NewConnectionError('<urllib3.connection.HTTPSConnection object at 0xffffa0054590>: Failed to establish a new connection: [Errno -2] Name or service not known'))
[2023-04-30T23:52:02.838+0000] {helpers.py:87} ERROR - Retrying! 3 attempts before skipping!
[2023-04-30T23:52:03.847+0000] {logging_mixin.py:137} INFO - HTTPSConnectionPool(host='api.pushshift.io', port=443): Max retries exceeded with url: /reddit/search/submission/?subreddit=kings&sort=created_utc&sort_type=desc&size=500 (Caused by NewConnectionError('<urllib3.connection.HTTPSConnection object at 0xffffa0054050>: Failed to establish a new connection: [Errno -2] Name or service not known'))
[2023-04-30T23:52:03.849+0000] {helpers.py:86} ERROR - HTTPSConnectionPool(host='api.pushshift.io', port=443): Max retries exceeded with url: /reddit/search/submission/?subreddit=kings&sort=created_utc&sort_type=desc&size=500 (Caused by NewConnectionError('<urllib3.connection.HTTPSConnection object at 0xffffa0054050>: Failed to establish a new connection: [Errno -2] Name or service not known'))
[2023-04-30T23:52:03.850+0000] {helpers.py:87} ERROR - Retrying! 2 attempts before skipping!
[2023-04-30T23:52:04.863+0000] {logging_mixin.py:137} INFO - HTTPSConnectionPool(host='api.pushshift.io', port=443): Max retries exceeded with url: /reddit/search/submission/?subreddit=kings&sort=created_utc&sort_type=desc&size=500 (Caused by NewConnectionError('<urllib3.connection.HTTPSConnection object at 0xffffa0054590>: Failed to establish a new connection: [Errno -2] Name or service not known'))
[2023-04-30T23:52:04.864+0000] {helpers.py:86} ERROR - HTTPSConnectionPool(host='api.pushshift.io', port=443): Max retries exceeded with url: /reddit/search/submission/?subreddit=kings&sort=created_utc&sort_type=desc&size=500 (Caused by NewConnectionError('<urllib3.connection.HTTPSConnection object at 0xffffa0054590>: Failed to establish a new connection: [Errno -2] Name or service not known'))
[2023-04-30T23:52:04.865+0000] {helpers.py:87} ERROR - Retrying! 1 attempts before skipping!
[2023-04-30T23:52:05.875+0000] {logging_mixin.py:137} INFO - HTTPSConnectionPool(host='api.pushshift.io', port=443): Max retries exceeded with url: /reddit/search/submission/?subreddit=kings&sort=created_utc&sort_type=desc&size=500 (Caused by NewConnectionError('<urllib3.connection.HTTPSConnection object at 0xffffa0054050>: Failed to establish a new connection: [Errno -2] Name or service not known'))
[2023-04-30T23:52:05.878+0000] {helpers.py:86} ERROR - HTTPSConnectionPool(host='api.pushshift.io', port=443): Max retries exceeded with url: /reddit/search/submission/?subreddit=kings&sort=created_utc&sort_type=desc&size=500 (Caused by NewConnectionError('<urllib3.connection.HTTPSConnection object at 0xffffa0054050>: Failed to establish a new connection: [Errno -2] Name or service not known'))
[2023-04-30T23:52:05.883+0000] {helpers.py:87} ERROR - Retrying! 0 attempts before skipping!
[2023-04-30T23:52:06.901+0000] {logging_mixin.py:137} INFO - HTTPSConnectionPool(host='api.pushshift.io', port=443): Max retries exceeded with url: /reddit/search/submission/?subreddit=kings&sort=created_utc&sort_type=desc&size=500 (Caused by NewConnectionError('<urllib3.connection.HTTPSConnection object at 0xffffa0054590>: Failed to establish a new connection: [Errno -2] Name or service not known'))
[2023-04-30T23:52:06.903+0000] {helpers.py:86} ERROR - HTTPSConnectionPool(host='api.pushshift.io', port=443): Max retries exceeded with url: /reddit/search/submission/?subreddit=kings&sort=created_utc&sort_type=desc&size=500 (Caused by NewConnectionError('<urllib3.connection.HTTPSConnection object at 0xffffa0054590>: Failed to establish a new connection: [Errno -2] Name or service not known'))
[2023-04-30T23:52:06.905+0000] {helpers.py:87} ERROR - Retrying! -1 attempts before skipping!
[2023-04-30T23:52:07.917+0000] {logging_mixin.py:137} INFO - HTTPSConnectionPool(host='api.pushshift.io', port=443): Max retries exceeded with url: /reddit/search/submission/?subreddit=NBASpurs&sort=created_utc&sort_type=desc&size=500 (Caused by NewConnectionError('<urllib3.connection.HTTPSConnection object at 0xffffa0054590>: Failed to establish a new connection: [Errno -2] Name or service not known'))
[2023-04-30T23:52:07.919+0000] {helpers.py:86} ERROR - HTTPSConnectionPool(host='api.pushshift.io', port=443): Max retries exceeded with url: /reddit/search/submission/?subreddit=NBASpurs&sort=created_utc&sort_type=desc&size=500 (Caused by NewConnectionError('<urllib3.connection.HTTPSConnection object at 0xffffa0054590>: Failed to establish a new connection: [Errno -2] Name or service not known'))
[2023-04-30T23:52:07.921+0000] {helpers.py:87} ERROR - Retrying! 9 attempts before skipping!
[2023-04-30T23:52:08.935+0000] {logging_mixin.py:137} INFO - HTTPSConnectionPool(host='api.pushshift.io', port=443): Max retries exceeded with url: /reddit/search/submission/?subreddit=NBASpurs&sort=created_utc&sort_type=desc&size=500 (Caused by NewConnectionError('<urllib3.connection.HTTPSConnection object at 0xffffa0054190>: Failed to establish a new connection: [Errno -2] Name or service not known'))
[2023-04-30T23:52:08.936+0000] {helpers.py:86} ERROR - HTTPSConnectionPool(host='api.pushshift.io', port=443): Max retries exceeded with url: /reddit/search/submission/?subreddit=NBASpurs&sort=created_utc&sort_type=desc&size=500 (Caused by NewConnectionError('<urllib3.connection.HTTPSConnection object at 0xffffa0054190>: Failed to establish a new connection: [Errno -2] Name or service not known'))
[2023-04-30T23:52:08.941+0000] {helpers.py:87} ERROR - Retrying! 8 attempts before skipping!
[2023-04-30T23:52:09.956+0000] {logging_mixin.py:137} INFO - HTTPSConnectionPool(host='api.pushshift.io', port=443): Max retries exceeded with url: /reddit/search/submission/?subreddit=NBASpurs&sort=created_utc&sort_type=desc&size=500 (Caused by NewConnectionError('<urllib3.connection.HTTPSConnection object at 0xffffa0054590>: Failed to establish a new connection: [Errno -2] Name or service not known'))
[2023-04-30T23:52:09.961+0000] {helpers.py:86} ERROR - HTTPSConnectionPool(host='api.pushshift.io', port=443): Max retries exceeded with url: /reddit/search/submission/?subreddit=NBASpurs&sort=created_utc&sort_type=desc&size=500 (Caused by NewConnectionError('<urllib3.connection.HTTPSConnection object at 0xffffa0054590>: Failed to establish a new connection: [Errno -2] Name or service not known'))
[2023-04-30T23:52:09.962+0000] {helpers.py:87} ERROR - Retrying! 7 attempts before skipping!
[2023-04-30T23:52:10.975+0000] {logging_mixin.py:137} INFO - HTTPSConnectionPool(host='api.pushshift.io', port=443): Max retries exceeded with url: /reddit/search/submission/?subreddit=NBASpurs&sort=created_utc&sort_type=desc&size=500 (Caused by NewConnectionError('<urllib3.connection.HTTPSConnection object at 0xffffa0054190>: Failed to establish a new connection: [Errno -2] Name or service not known'))
[2023-04-30T23:52:10.979+0000] {helpers.py:86} ERROR - HTTPSConnectionPool(host='api.pushshift.io', port=443): Max retries exceeded with url: /reddit/search/submission/?subreddit=NBASpurs&sort=created_utc&sort_type=desc&size=500 (Caused by NewConnectionError('<urllib3.connection.HTTPSConnection object at 0xffffa0054190>: Failed to establish a new connection: [Errno -2] Name or service not known'))
[2023-04-30T23:52:10.980+0000] {helpers.py:87} ERROR - Retrying! 6 attempts before skipping!
[2023-04-30T23:52:11.992+0000] {logging_mixin.py:137} INFO - HTTPSConnectionPool(host='api.pushshift.io', port=443): Max retries exceeded with url: /reddit/search/submission/?subreddit=NBASpurs&sort=created_utc&sort_type=desc&size=500 (Caused by NewConnectionError('<urllib3.connection.HTTPSConnection object at 0xffffa0054590>: Failed to establish a new connection: [Errno -2] Name or service not known'))
[2023-04-30T23:52:11.994+0000] {helpers.py:86} ERROR - HTTPSConnectionPool(host='api.pushshift.io', port=443): Max retries exceeded with url: /reddit/search/submission/?subreddit=NBASpurs&sort=created_utc&sort_type=desc&size=500 (Caused by NewConnectionError('<urllib3.connection.HTTPSConnection object at 0xffffa0054590>: Failed to establish a new connection: [Errno -2] Name or service not known'))
[2023-04-30T23:52:11.996+0000] {helpers.py:87} ERROR - Retrying! 5 attempts before skipping!
[2023-05-01T00:40:02.884+0000] {logging_mixin.py:137} INFO - HTTPSConnectionPool(host='api.pushshift.io', port=443): Max retries exceeded with url: /reddit/search/submission/?subreddit=NBASpurs&sort=created_utc&sort_type=desc&size=500 (Caused by NewConnectionError('<urllib3.connection.HTTPSConnection object at 0xffffa0054190>: Failed to establish a new connection: [Errno -2] Name or service not known'))
[2023-05-01T00:40:02.886+0000] {helpers.py:86} ERROR - HTTPSConnectionPool(host='api.pushshift.io', port=443): Max retries exceeded with url: /reddit/search/submission/?subreddit=NBASpurs&sort=created_utc&sort_type=desc&size=500 (Caused by NewConnectionError('<urllib3.connection.HTTPSConnection object at 0xffffa0054190>: Failed to establish a new connection: [Errno -2] Name or service not known'))
[2023-05-01T00:40:02.888+0000] {helpers.py:87} ERROR - Retrying! 4 attempts before skipping!
[2023-05-01T00:40:03.904+0000] {logging_mixin.py:137} INFO - HTTPSConnectionPool(host='api.pushshift.io', port=443): Max retries exceeded with url: /reddit/search/submission/?subreddit=NBASpurs&sort=created_utc&sort_type=desc&size=500 (Caused by NewConnectionError('<urllib3.connection.HTTPSConnection object at 0xffffa0054590>: Failed to establish a new connection: [Errno -2] Name or service not known'))
[2023-05-01T00:40:03.908+0000] {helpers.py:86} ERROR - HTTPSConnectionPool(host='api.pushshift.io', port=443): Max retries exceeded with url: /reddit/search/submission/?subreddit=NBASpurs&sort=created_utc&sort_type=desc&size=500 (Caused by NewConnectionError('<urllib3.connection.HTTPSConnection object at 0xffffa0054590>: Failed to establish a new connection: [Errno -2] Name or service not known'))
[2023-05-01T00:40:03.914+0000] {helpers.py:87} ERROR - Retrying! 3 attempts before skipping!
[2023-05-01T00:40:04.925+0000] {logging_mixin.py:137} INFO - HTTPSConnectionPool(host='api.pushshift.io', port=443): Max retries exceeded with url: /reddit/search/submission/?subreddit=NBASpurs&sort=created_utc&sort_type=desc&size=500 (Caused by NewConnectionError('<urllib3.connection.HTTPSConnection object at 0xffffa0054190>: Failed to establish a new connection: [Errno -2] Name or service not known'))
[2023-05-01T00:40:04.932+0000] {helpers.py:86} ERROR - HTTPSConnectionPool(host='api.pushshift.io', port=443): Max retries exceeded with url: /reddit/search/submission/?subreddit=NBASpurs&sort=created_utc&sort_type=desc&size=500 (Caused by NewConnectionError('<urllib3.connection.HTTPSConnection object at 0xffffa0054190>: Failed to establish a new connection: [Errno -2] Name or service not known'))
[2023-05-01T00:40:04.933+0000] {helpers.py:87} ERROR - Retrying! 2 attempts before skipping!
[2023-05-01T00:40:05.951+0000] {logging_mixin.py:137} INFO - HTTPSConnectionPool(host='api.pushshift.io', port=443): Max retries exceeded with url: /reddit/search/submission/?subreddit=NBASpurs&sort=created_utc&sort_type=desc&size=500 (Caused by NewConnectionError('<urllib3.connection.HTTPSConnection object at 0xffffa0054590>: Failed to establish a new connection: [Errno -2] Name or service not known'))
[2023-05-01T00:40:05.960+0000] {helpers.py:86} ERROR - HTTPSConnectionPool(host='api.pushshift.io', port=443): Max retries exceeded with url: /reddit/search/submission/?subreddit=NBASpurs&sort=created_utc&sort_type=desc&size=500 (Caused by NewConnectionError('<urllib3.connection.HTTPSConnection object at 0xffffa0054590>: Failed to establish a new connection: [Errno -2] Name or service not known'))
[2023-05-01T00:40:05.966+0000] {helpers.py:87} ERROR - Retrying! 1 attempts before skipping!
[2023-05-01T00:40:06.993+0000] {logging_mixin.py:137} INFO - HTTPSConnectionPool(host='api.pushshift.io', port=443): Max retries exceeded with url: /reddit/search/submission/?subreddit=NBASpurs&sort=created_utc&sort_type=desc&size=500 (Caused by NewConnectionError('<urllib3.connection.HTTPSConnection object at 0xffffa0054190>: Failed to establish a new connection: [Errno -2] Name or service not known'))
[2023-05-01T00:40:06.994+0000] {helpers.py:86} ERROR - HTTPSConnectionPool(host='api.pushshift.io', port=443): Max retries exceeded with url: /reddit/search/submission/?subreddit=NBASpurs&sort=created_utc&sort_type=desc&size=500 (Caused by NewConnectionError('<urllib3.connection.HTTPSConnection object at 0xffffa0054190>: Failed to establish a new connection: [Errno -2] Name or service not known'))
[2023-05-01T00:40:06.996+0000] {helpers.py:87} ERROR - Retrying! 0 attempts before skipping!
[2023-05-01T00:40:08.012+0000] {logging_mixin.py:137} INFO - HTTPSConnectionPool(host='api.pushshift.io', port=443): Max retries exceeded with url: /reddit/search/submission/?subreddit=NBASpurs&sort=created_utc&sort_type=desc&size=500 (Caused by NewConnectionError('<urllib3.connection.HTTPSConnection object at 0xffffa0054590>: Failed to establish a new connection: [Errno -2] Name or service not known'))
[2023-05-01T00:40:08.014+0000] {helpers.py:86} ERROR - HTTPSConnectionPool(host='api.pushshift.io', port=443): Max retries exceeded with url: /reddit/search/submission/?subreddit=NBASpurs&sort=created_utc&sort_type=desc&size=500 (Caused by NewConnectionError('<urllib3.connection.HTTPSConnection object at 0xffffa0054590>: Failed to establish a new connection: [Errno -2] Name or service not known'))
[2023-05-01T00:40:08.015+0000] {helpers.py:87} ERROR - Retrying! -1 attempts before skipping!
[2023-05-01T00:40:09.024+0000] {logging_mixin.py:137} INFO - HTTPSConnectionPool(host='api.pushshift.io', port=443): Max retries exceeded with url: /reddit/search/submission/?subreddit=torontoraptors&sort=created_utc&sort_type=desc&size=500 (Caused by NewConnectionError('<urllib3.connection.HTTPSConnection object at 0xffffa0054590>: Failed to establish a new connection: [Errno -2] Name or service not known'))
[2023-05-01T00:40:09.027+0000] {helpers.py:86} ERROR - HTTPSConnectionPool(host='api.pushshift.io', port=443): Max retries exceeded with url: /reddit/search/submission/?subreddit=torontoraptors&sort=created_utc&sort_type=desc&size=500 (Caused by NewConnectionError('<urllib3.connection.HTTPSConnection object at 0xffffa0054590>: Failed to establish a new connection: [Errno -2] Name or service not known'))
[2023-05-01T00:40:09.029+0000] {helpers.py:87} ERROR - Retrying! 9 attempts before skipping!
[2023-05-01T00:40:10.059+0000] {logging_mixin.py:137} INFO - HTTPSConnectionPool(host='api.pushshift.io', port=443): Max retries exceeded with url: /reddit/search/submission/?subreddit=torontoraptors&sort=created_utc&sort_type=desc&size=500 (Caused by NewConnectionError('<urllib3.connection.HTTPSConnection object at 0xffffa0054450>: Failed to establish a new connection: [Errno -2] Name or service not known'))
[2023-05-01T00:40:10.069+0000] {helpers.py:86} ERROR - HTTPSConnectionPool(host='api.pushshift.io', port=443): Max retries exceeded with url: /reddit/search/submission/?subreddit=torontoraptors&sort=created_utc&sort_type=desc&size=500 (Caused by NewConnectionError('<urllib3.connection.HTTPSConnection object at 0xffffa0054450>: Failed to establish a new connection: [Errno -2] Name or service not known'))
[2023-05-01T00:40:10.071+0000] {helpers.py:87} ERROR - Retrying! 8 attempts before skipping!
[2023-05-01T00:40:11.079+0000] {logging_mixin.py:137} INFO - HTTPSConnectionPool(host='api.pushshift.io', port=443): Max retries exceeded with url: /reddit/search/submission/?subreddit=torontoraptors&sort=created_utc&sort_type=desc&size=500 (Caused by NewConnectionError('<urllib3.connection.HTTPSConnection object at 0xffffa0054590>: Failed to establish a new connection: [Errno -2] Name or service not known'))
[2023-05-01T00:40:11.081+0000] {helpers.py:86} ERROR - HTTPSConnectionPool(host='api.pushshift.io', port=443): Max retries exceeded with url: /reddit/search/submission/?subreddit=torontoraptors&sort=created_utc&sort_type=desc&size=500 (Caused by NewConnectionError('<urllib3.connection.HTTPSConnection object at 0xffffa0054590>: Failed to establish a new connection: [Errno -2] Name or service not known'))
[2023-05-01T00:40:11.082+0000] {helpers.py:87} ERROR - Retrying! 7 attempts before skipping!
[2023-05-01T00:40:12.092+0000] {logging_mixin.py:137} INFO - HTTPSConnectionPool(host='api.pushshift.io', port=443): Max retries exceeded with url: /reddit/search/submission/?subreddit=torontoraptors&sort=created_utc&sort_type=desc&size=500 (Caused by NewConnectionError('<urllib3.connection.HTTPSConnection object at 0xffffa0054450>: Failed to establish a new connection: [Errno -2] Name or service not known'))
[2023-05-01T00:40:12.095+0000] {helpers.py:86} ERROR - HTTPSConnectionPool(host='api.pushshift.io', port=443): Max retries exceeded with url: /reddit/search/submission/?subreddit=torontoraptors&sort=created_utc&sort_type=desc&size=500 (Caused by NewConnectionError('<urllib3.connection.HTTPSConnection object at 0xffffa0054450>: Failed to establish a new connection: [Errno -2] Name or service not known'))
[2023-05-01T00:40:12.097+0000] {helpers.py:87} ERROR - Retrying! 6 attempts before skipping!
[2023-05-01T00:40:13.107+0000] {logging_mixin.py:137} INFO - HTTPSConnectionPool(host='api.pushshift.io', port=443): Max retries exceeded with url: /reddit/search/submission/?subreddit=torontoraptors&sort=created_utc&sort_type=desc&size=500 (Caused by NewConnectionError('<urllib3.connection.HTTPSConnection object at 0xffffa0054590>: Failed to establish a new connection: [Errno -2] Name or service not known'))
[2023-05-01T00:40:13.109+0000] {helpers.py:86} ERROR - HTTPSConnectionPool(host='api.pushshift.io', port=443): Max retries exceeded with url: /reddit/search/submission/?subreddit=torontoraptors&sort=created_utc&sort_type=desc&size=500 (Caused by NewConnectionError('<urllib3.connection.HTTPSConnection object at 0xffffa0054590>: Failed to establish a new connection: [Errno -2] Name or service not known'))
[2023-05-01T00:40:13.110+0000] {helpers.py:87} ERROR - Retrying! 5 attempts before skipping!
[2023-05-01T00:40:14.122+0000] {logging_mixin.py:137} INFO - HTTPSConnectionPool(host='api.pushshift.io', port=443): Max retries exceeded with url: /reddit/search/submission/?subreddit=torontoraptors&sort=created_utc&sort_type=desc&size=500 (Caused by NewConnectionError('<urllib3.connection.HTTPSConnection object at 0xffffa0054450>: Failed to establish a new connection: [Errno -2] Name or service not known'))
[2023-05-01T00:40:14.125+0000] {helpers.py:86} ERROR - HTTPSConnectionPool(host='api.pushshift.io', port=443): Max retries exceeded with url: /reddit/search/submission/?subreddit=torontoraptors&sort=created_utc&sort_type=desc&size=500 (Caused by NewConnectionError('<urllib3.connection.HTTPSConnection object at 0xffffa0054450>: Failed to establish a new connection: [Errno -2] Name or service not known'))
[2023-05-01T00:40:14.127+0000] {helpers.py:87} ERROR - Retrying! 4 attempts before skipping!
[2023-05-01T00:40:15.141+0000] {logging_mixin.py:137} INFO - HTTPSConnectionPool(host='api.pushshift.io', port=443): Max retries exceeded with url: /reddit/search/submission/?subreddit=torontoraptors&sort=created_utc&sort_type=desc&size=500 (Caused by NewConnectionError('<urllib3.connection.HTTPSConnection object at 0xffffa0054590>: Failed to establish a new connection: [Errno -2] Name or service not known'))
[2023-05-01T00:40:15.143+0000] {helpers.py:86} ERROR - HTTPSConnectionPool(host='api.pushshift.io', port=443): Max retries exceeded with url: /reddit/search/submission/?subreddit=torontoraptors&sort=created_utc&sort_type=desc&size=500 (Caused by NewConnectionError('<urllib3.connection.HTTPSConnection object at 0xffffa0054590>: Failed to establish a new connection: [Errno -2] Name or service not known'))
[2023-05-01T00:40:15.144+0000] {helpers.py:87} ERROR - Retrying! 3 attempts before skipping!
[2023-05-01T00:40:16.153+0000] {logging_mixin.py:137} INFO - HTTPSConnectionPool(host='api.pushshift.io', port=443): Max retries exceeded with url: /reddit/search/submission/?subreddit=torontoraptors&sort=created_utc&sort_type=desc&size=500 (Caused by NewConnectionError('<urllib3.connection.HTTPSConnection object at 0xffffa0054450>: Failed to establish a new connection: [Errno -2] Name or service not known'))
[2023-05-01T00:40:16.154+0000] {helpers.py:86} ERROR - HTTPSConnectionPool(host='api.pushshift.io', port=443): Max retries exceeded with url: /reddit/search/submission/?subreddit=torontoraptors&sort=created_utc&sort_type=desc&size=500 (Caused by NewConnectionError('<urllib3.connection.HTTPSConnection object at 0xffffa0054450>: Failed to establish a new connection: [Errno -2] Name or service not known'))
[2023-05-01T00:40:16.156+0000] {helpers.py:87} ERROR - Retrying! 2 attempts before skipping!
[2023-05-01T00:40:17.169+0000] {logging_mixin.py:137} INFO - HTTPSConnectionPool(host='api.pushshift.io', port=443): Max retries exceeded with url: /reddit/search/submission/?subreddit=torontoraptors&sort=created_utc&sort_type=desc&size=500 (Caused by NewConnectionError('<urllib3.connection.HTTPSConnection object at 0xffffa0054590>: Failed to establish a new connection: [Errno -2] Name or service not known'))
[2023-05-01T00:40:17.172+0000] {helpers.py:86} ERROR - HTTPSConnectionPool(host='api.pushshift.io', port=443): Max retries exceeded with url: /reddit/search/submission/?subreddit=torontoraptors&sort=created_utc&sort_type=desc&size=500 (Caused by NewConnectionError('<urllib3.connection.HTTPSConnection object at 0xffffa0054590>: Failed to establish a new connection: [Errno -2] Name or service not known'))
[2023-05-01T00:40:17.173+0000] {helpers.py:87} ERROR - Retrying! 1 attempts before skipping!
[2023-05-01T00:40:18.188+0000] {logging_mixin.py:137} INFO - HTTPSConnectionPool(host='api.pushshift.io', port=443): Max retries exceeded with url: /reddit/search/submission/?subreddit=torontoraptors&sort=created_utc&sort_type=desc&size=500 (Caused by NewConnectionError('<urllib3.connection.HTTPSConnection object at 0xffffa0054450>: Failed to establish a new connection: [Errno -2] Name or service not known'))
[2023-05-01T00:40:18.190+0000] {helpers.py:86} ERROR - HTTPSConnectionPool(host='api.pushshift.io', port=443): Max retries exceeded with url: /reddit/search/submission/?subreddit=torontoraptors&sort=created_utc&sort_type=desc&size=500 (Caused by NewConnectionError('<urllib3.connection.HTTPSConnection object at 0xffffa0054450>: Failed to establish a new connection: [Errno -2] Name or service not known'))
[2023-05-01T00:40:18.192+0000] {helpers.py:87} ERROR - Retrying! 0 attempts before skipping!
[2023-05-01T00:40:19.204+0000] {logging_mixin.py:137} INFO - HTTPSConnectionPool(host='api.pushshift.io', port=443): Max retries exceeded with url: /reddit/search/submission/?subreddit=torontoraptors&sort=created_utc&sort_type=desc&size=500 (Caused by NewConnectionError('<urllib3.connection.HTTPSConnection object at 0xffffa0054590>: Failed to establish a new connection: [Errno -2] Name or service not known'))
[2023-05-01T00:40:19.210+0000] {helpers.py:86} ERROR - HTTPSConnectionPool(host='api.pushshift.io', port=443): Max retries exceeded with url: /reddit/search/submission/?subreddit=torontoraptors&sort=created_utc&sort_type=desc&size=500 (Caused by NewConnectionError('<urllib3.connection.HTTPSConnection object at 0xffffa0054590>: Failed to establish a new connection: [Errno -2] Name or service not known'))
[2023-05-01T00:40:19.211+0000] {helpers.py:87} ERROR - Retrying! -1 attempts before skipping!
[2023-05-01T00:40:20.220+0000] {logging_mixin.py:137} INFO - HTTPSConnectionPool(host='api.pushshift.io', port=443): Max retries exceeded with url: /reddit/search/submission/?subreddit=UtahJazz&sort=created_utc&sort_type=desc&size=500 (Caused by NewConnectionError('<urllib3.connection.HTTPSConnection object at 0xffffa0054590>: Failed to establish a new connection: [Errno -2] Name or service not known'))
[2023-05-01T00:40:20.225+0000] {helpers.py:86} ERROR - HTTPSConnectionPool(host='api.pushshift.io', port=443): Max retries exceeded with url: /reddit/search/submission/?subreddit=UtahJazz&sort=created_utc&sort_type=desc&size=500 (Caused by NewConnectionError('<urllib3.connection.HTTPSConnection object at 0xffffa0054590>: Failed to establish a new connection: [Errno -2] Name or service not known'))
[2023-05-01T00:40:20.229+0000] {helpers.py:87} ERROR - Retrying! 9 attempts before skipping!
[2023-05-01T00:40:21.242+0000] {logging_mixin.py:137} INFO - HTTPSConnectionPool(host='api.pushshift.io', port=443): Max retries exceeded with url: /reddit/search/submission/?subreddit=UtahJazz&sort=created_utc&sort_type=desc&size=500 (Caused by NewConnectionError('<urllib3.connection.HTTPSConnection object at 0xffffa00540d0>: Failed to establish a new connection: [Errno -2] Name or service not known'))
[2023-05-01T00:40:21.246+0000] {helpers.py:86} ERROR - HTTPSConnectionPool(host='api.pushshift.io', port=443): Max retries exceeded with url: /reddit/search/submission/?subreddit=UtahJazz&sort=created_utc&sort_type=desc&size=500 (Caused by NewConnectionError('<urllib3.connection.HTTPSConnection object at 0xffffa00540d0>: Failed to establish a new connection: [Errno -2] Name or service not known'))
[2023-05-01T00:40:21.250+0000] {helpers.py:87} ERROR - Retrying! 8 attempts before skipping!
[2023-05-01T00:40:22.261+0000] {logging_mixin.py:137} INFO - HTTPSConnectionPool(host='api.pushshift.io', port=443): Max retries exceeded with url: /reddit/search/submission/?subreddit=UtahJazz&sort=created_utc&sort_type=desc&size=500 (Caused by NewConnectionError('<urllib3.connection.HTTPSConnection object at 0xffffa0054590>: Failed to establish a new connection: [Errno -2] Name or service not known'))
[2023-05-01T00:40:22.263+0000] {helpers.py:86} ERROR - HTTPSConnectionPool(host='api.pushshift.io', port=443): Max retries exceeded with url: /reddit/search/submission/?subreddit=UtahJazz&sort=created_utc&sort_type=desc&size=500 (Caused by NewConnectionError('<urllib3.connection.HTTPSConnection object at 0xffffa0054590>: Failed to establish a new connection: [Errno -2] Name or service not known'))
[2023-05-01T00:40:22.265+0000] {helpers.py:87} ERROR - Retrying! 7 attempts before skipping!
[2023-05-01T00:40:23.276+0000] {logging_mixin.py:137} INFO - HTTPSConnectionPool(host='api.pushshift.io', port=443): Max retries exceeded with url: /reddit/search/submission/?subreddit=UtahJazz&sort=created_utc&sort_type=desc&size=500 (Caused by NewConnectionError('<urllib3.connection.HTTPSConnection object at 0xffffa00540d0>: Failed to establish a new connection: [Errno -2] Name or service not known'))
[2023-05-01T00:40:23.277+0000] {helpers.py:86} ERROR - HTTPSConnectionPool(host='api.pushshift.io', port=443): Max retries exceeded with url: /reddit/search/submission/?subreddit=UtahJazz&sort=created_utc&sort_type=desc&size=500 (Caused by NewConnectionError('<urllib3.connection.HTTPSConnection object at 0xffffa00540d0>: Failed to establish a new connection: [Errno -2] Name or service not known'))
[2023-05-01T00:40:23.280+0000] {helpers.py:87} ERROR - Retrying! 6 attempts before skipping!
[2023-05-01T00:40:24.291+0000] {logging_mixin.py:137} INFO - HTTPSConnectionPool(host='api.pushshift.io', port=443): Max retries exceeded with url: /reddit/search/submission/?subreddit=UtahJazz&sort=created_utc&sort_type=desc&size=500 (Caused by NewConnectionError('<urllib3.connection.HTTPSConnection object at 0xffffa0054590>: Failed to establish a new connection: [Errno -2] Name or service not known'))
[2023-05-01T00:40:24.293+0000] {helpers.py:86} ERROR - HTTPSConnectionPool(host='api.pushshift.io', port=443): Max retries exceeded with url: /reddit/search/submission/?subreddit=UtahJazz&sort=created_utc&sort_type=desc&size=500 (Caused by NewConnectionError('<urllib3.connection.HTTPSConnection object at 0xffffa0054590>: Failed to establish a new connection: [Errno -2] Name or service not known'))
[2023-05-01T00:40:24.295+0000] {helpers.py:87} ERROR - Retrying! 5 attempts before skipping!
[2023-05-01T00:40:25.304+0000] {logging_mixin.py:137} INFO - HTTPSConnectionPool(host='api.pushshift.io', port=443): Max retries exceeded with url: /reddit/search/submission/?subreddit=UtahJazz&sort=created_utc&sort_type=desc&size=500 (Caused by NewConnectionError('<urllib3.connection.HTTPSConnection object at 0xffffa00540d0>: Failed to establish a new connection: [Errno -2] Name or service not known'))
[2023-05-01T00:40:25.307+0000] {helpers.py:86} ERROR - HTTPSConnectionPool(host='api.pushshift.io', port=443): Max retries exceeded with url: /reddit/search/submission/?subreddit=UtahJazz&sort=created_utc&sort_type=desc&size=500 (Caused by NewConnectionError('<urllib3.connection.HTTPSConnection object at 0xffffa00540d0>: Failed to establish a new connection: [Errno -2] Name or service not known'))
[2023-05-01T00:40:25.308+0000] {helpers.py:87} ERROR - Retrying! 4 attempts before skipping!
[2023-05-01T00:40:26.320+0000] {logging_mixin.py:137} INFO - HTTPSConnectionPool(host='api.pushshift.io', port=443): Max retries exceeded with url: /reddit/search/submission/?subreddit=UtahJazz&sort=created_utc&sort_type=desc&size=500 (Caused by NewConnectionError('<urllib3.connection.HTTPSConnection object at 0xffffa0054590>: Failed to establish a new connection: [Errno -2] Name or service not known'))
[2023-05-01T00:40:26.321+0000] {helpers.py:86} ERROR - HTTPSConnectionPool(host='api.pushshift.io', port=443): Max retries exceeded with url: /reddit/search/submission/?subreddit=UtahJazz&sort=created_utc&sort_type=desc&size=500 (Caused by NewConnectionError('<urllib3.connection.HTTPSConnection object at 0xffffa0054590>: Failed to establish a new connection: [Errno -2] Name or service not known'))
[2023-05-01T00:40:26.322+0000] {helpers.py:87} ERROR - Retrying! 3 attempts before skipping!
[2023-05-01T00:40:27.349+0000] {logging_mixin.py:137} INFO - HTTPSConnectionPool(host='api.pushshift.io', port=443): Max retries exceeded with url: /reddit/search/submission/?subreddit=UtahJazz&sort=created_utc&sort_type=desc&size=500 (Caused by NewConnectionError('<urllib3.connection.HTTPSConnection object at 0xffffa00540d0>: Failed to establish a new connection: [Errno -2] Name or service not known'))
[2023-05-01T00:40:27.354+0000] {helpers.py:86} ERROR - HTTPSConnectionPool(host='api.pushshift.io', port=443): Max retries exceeded with url: /reddit/search/submission/?subreddit=UtahJazz&sort=created_utc&sort_type=desc&size=500 (Caused by NewConnectionError('<urllib3.connection.HTTPSConnection object at 0xffffa00540d0>: Failed to establish a new connection: [Errno -2] Name or service not known'))
[2023-05-01T00:40:27.355+0000] {helpers.py:87} ERROR - Retrying! 2 attempts before skipping!
[2023-05-01T00:40:28.367+0000] {logging_mixin.py:137} INFO - HTTPSConnectionPool(host='api.pushshift.io', port=443): Max retries exceeded with url: /reddit/search/submission/?subreddit=UtahJazz&sort=created_utc&sort_type=desc&size=500 (Caused by NewConnectionError('<urllib3.connection.HTTPSConnection object at 0xffffa0054590>: Failed to establish a new connection: [Errno -2] Name or service not known'))
[2023-05-01T00:40:28.372+0000] {helpers.py:86} ERROR - HTTPSConnectionPool(host='api.pushshift.io', port=443): Max retries exceeded with url: /reddit/search/submission/?subreddit=UtahJazz&sort=created_utc&sort_type=desc&size=500 (Caused by NewConnectionError('<urllib3.connection.HTTPSConnection object at 0xffffa0054590>: Failed to establish a new connection: [Errno -2] Name or service not known'))
[2023-05-01T00:40:28.373+0000] {helpers.py:87} ERROR - Retrying! 1 attempts before skipping!
[2023-05-01T00:40:29.384+0000] {logging_mixin.py:137} INFO - HTTPSConnectionPool(host='api.pushshift.io', port=443): Max retries exceeded with url: /reddit/search/submission/?subreddit=UtahJazz&sort=created_utc&sort_type=desc&size=500 (Caused by NewConnectionError('<urllib3.connection.HTTPSConnection object at 0xffffa00540d0>: Failed to establish a new connection: [Errno -2] Name or service not known'))
[2023-05-01T00:40:29.386+0000] {helpers.py:86} ERROR - HTTPSConnectionPool(host='api.pushshift.io', port=443): Max retries exceeded with url: /reddit/search/submission/?subreddit=UtahJazz&sort=created_utc&sort_type=desc&size=500 (Caused by NewConnectionError('<urllib3.connection.HTTPSConnection object at 0xffffa00540d0>: Failed to establish a new connection: [Errno -2] Name or service not known'))
[2023-05-01T00:40:29.388+0000] {helpers.py:87} ERROR - Retrying! 0 attempts before skipping!
[2023-05-01T00:40:30.398+0000] {logging_mixin.py:137} INFO - HTTPSConnectionPool(host='api.pushshift.io', port=443): Max retries exceeded with url: /reddit/search/submission/?subreddit=UtahJazz&sort=created_utc&sort_type=desc&size=500 (Caused by NewConnectionError('<urllib3.connection.HTTPSConnection object at 0xffffa0054590>: Failed to establish a new connection: [Errno -2] Name or service not known'))
[2023-05-01T00:40:30.400+0000] {helpers.py:86} ERROR - HTTPSConnectionPool(host='api.pushshift.io', port=443): Max retries exceeded with url: /reddit/search/submission/?subreddit=UtahJazz&sort=created_utc&sort_type=desc&size=500 (Caused by NewConnectionError('<urllib3.connection.HTTPSConnection object at 0xffffa0054590>: Failed to establish a new connection: [Errno -2] Name or service not known'))
[2023-05-01T00:40:30.402+0000] {helpers.py:87} ERROR - Retrying! -1 attempts before skipping!
[2023-05-01T00:40:31.417+0000] {logging_mixin.py:137} INFO - HTTPSConnectionPool(host='api.pushshift.io', port=443): Max retries exceeded with url: /reddit/search/submission/?subreddit=washingtonwizards&sort=created_utc&sort_type=desc&size=500 (Caused by NewConnectionError('<urllib3.connection.HTTPSConnection object at 0xffffa0054590>: Failed to establish a new connection: [Errno -2] Name or service not known'))
[2023-05-01T00:40:31.420+0000] {helpers.py:86} ERROR - HTTPSConnectionPool(host='api.pushshift.io', port=443): Max retries exceeded with url: /reddit/search/submission/?subreddit=washingtonwizards&sort=created_utc&sort_type=desc&size=500 (Caused by NewConnectionError('<urllib3.connection.HTTPSConnection object at 0xffffa0054590>: Failed to establish a new connection: [Errno -2] Name or service not known'))
[2023-05-01T00:40:31.422+0000] {helpers.py:87} ERROR - Retrying! 9 attempts before skipping!
[2023-05-01T00:40:32.431+0000] {logging_mixin.py:137} INFO - HTTPSConnectionPool(host='api.pushshift.io', port=443): Max retries exceeded with url: /reddit/search/submission/?subreddit=washingtonwizards&sort=created_utc&sort_type=desc&size=500 (Caused by NewConnectionError('<urllib3.connection.HTTPSConnection object at 0xffffa00541d0>: Failed to establish a new connection: [Errno -2] Name or service not known'))
[2023-05-01T00:40:32.433+0000] {helpers.py:86} ERROR - HTTPSConnectionPool(host='api.pushshift.io', port=443): Max retries exceeded with url: /reddit/search/submission/?subreddit=washingtonwizards&sort=created_utc&sort_type=desc&size=500 (Caused by NewConnectionError('<urllib3.connection.HTTPSConnection object at 0xffffa00541d0>: Failed to establish a new connection: [Errno -2] Name or service not known'))
[2023-05-01T00:40:32.437+0000] {helpers.py:87} ERROR - Retrying! 8 attempts before skipping!
[2023-05-01T01:30:30.131+0000] {logging_mixin.py:137} INFO - HTTPSConnectionPool(host='api.pushshift.io', port=443): Max retries exceeded with url: /reddit/search/submission/?subreddit=washingtonwizards&sort=created_utc&sort_type=desc&size=500 (Caused by NewConnectionError('<urllib3.connection.HTTPSConnection object at 0xffffa0054590>: Failed to establish a new connection: [Errno -2] Name or service not known'))
[2023-05-01T01:30:30.133+0000] {helpers.py:86} ERROR - HTTPSConnectionPool(host='api.pushshift.io', port=443): Max retries exceeded with url: /reddit/search/submission/?subreddit=washingtonwizards&sort=created_utc&sort_type=desc&size=500 (Caused by NewConnectionError('<urllib3.connection.HTTPSConnection object at 0xffffa0054590>: Failed to establish a new connection: [Errno -2] Name or service not known'))
[2023-05-01T01:30:30.136+0000] {helpers.py:87} ERROR - Retrying! 7 attempts before skipping!
[2023-05-01T01:30:31.147+0000] {logging_mixin.py:137} INFO - HTTPSConnectionPool(host='api.pushshift.io', port=443): Max retries exceeded with url: /reddit/search/submission/?subreddit=washingtonwizards&sort=created_utc&sort_type=desc&size=500 (Caused by NewConnectionError('<urllib3.connection.HTTPSConnection object at 0xffffa00541d0>: Failed to establish a new connection: [Errno -2] Name or service not known'))
[2023-05-01T01:30:31.152+0000] {helpers.py:86} ERROR - HTTPSConnectionPool(host='api.pushshift.io', port=443): Max retries exceeded with url: /reddit/search/submission/?subreddit=washingtonwizards&sort=created_utc&sort_type=desc&size=500 (Caused by NewConnectionError('<urllib3.connection.HTTPSConnection object at 0xffffa00541d0>: Failed to establish a new connection: [Errno -2] Name or service not known'))
[2023-05-01T01:30:31.153+0000] {helpers.py:87} ERROR - Retrying! 6 attempts before skipping!
[2023-05-01T01:30:32.165+0000] {logging_mixin.py:137} INFO - HTTPSConnectionPool(host='api.pushshift.io', port=443): Max retries exceeded with url: /reddit/search/submission/?subreddit=washingtonwizards&sort=created_utc&sort_type=desc&size=500 (Caused by NewConnectionError('<urllib3.connection.HTTPSConnection object at 0xffffa0054590>: Failed to establish a new connection: [Errno -2] Name or service not known'))
[2023-05-01T01:30:32.168+0000] {helpers.py:86} ERROR - HTTPSConnectionPool(host='api.pushshift.io', port=443): Max retries exceeded with url: /reddit/search/submission/?subreddit=washingtonwizards&sort=created_utc&sort_type=desc&size=500 (Caused by NewConnectionError('<urllib3.connection.HTTPSConnection object at 0xffffa0054590>: Failed to establish a new connection: [Errno -2] Name or service not known'))
[2023-05-01T01:30:32.170+0000] {helpers.py:87} ERROR - Retrying! 5 attempts before skipping!
[2023-05-01T01:30:33.183+0000] {logging_mixin.py:137} INFO - HTTPSConnectionPool(host='api.pushshift.io', port=443): Max retries exceeded with url: /reddit/search/submission/?subreddit=washingtonwizards&sort=created_utc&sort_type=desc&size=500 (Caused by NewConnectionError('<urllib3.connection.HTTPSConnection object at 0xffffa00541d0>: Failed to establish a new connection: [Errno -2] Name or service not known'))
[2023-05-01T01:30:33.185+0000] {helpers.py:86} ERROR - HTTPSConnectionPool(host='api.pushshift.io', port=443): Max retries exceeded with url: /reddit/search/submission/?subreddit=washingtonwizards&sort=created_utc&sort_type=desc&size=500 (Caused by NewConnectionError('<urllib3.connection.HTTPSConnection object at 0xffffa00541d0>: Failed to establish a new connection: [Errno -2] Name or service not known'))
[2023-05-01T01:30:33.187+0000] {helpers.py:87} ERROR - Retrying! 4 attempts before skipping!
[2023-05-01T01:30:34.206+0000] {logging_mixin.py:137} INFO - HTTPSConnectionPool(host='api.pushshift.io', port=443): Max retries exceeded with url: /reddit/search/submission/?subreddit=washingtonwizards&sort=created_utc&sort_type=desc&size=500 (Caused by NewConnectionError('<urllib3.connection.HTTPSConnection object at 0xffffa0054590>: Failed to establish a new connection: [Errno -2] Name or service not known'))
[2023-05-01T01:30:34.213+0000] {helpers.py:86} ERROR - HTTPSConnectionPool(host='api.pushshift.io', port=443): Max retries exceeded with url: /reddit/search/submission/?subreddit=washingtonwizards&sort=created_utc&sort_type=desc&size=500 (Caused by NewConnectionError('<urllib3.connection.HTTPSConnection object at 0xffffa0054590>: Failed to establish a new connection: [Errno -2] Name or service not known'))
[2023-05-01T01:30:34.216+0000] {helpers.py:87} ERROR - Retrying! 3 attempts before skipping!
[2023-05-01T01:30:35.230+0000] {logging_mixin.py:137} INFO - HTTPSConnectionPool(host='api.pushshift.io', port=443): Max retries exceeded with url: /reddit/search/submission/?subreddit=washingtonwizards&sort=created_utc&sort_type=desc&size=500 (Caused by NewConnectionError('<urllib3.connection.HTTPSConnection object at 0xffffa00541d0>: Failed to establish a new connection: [Errno -2] Name or service not known'))
[2023-05-01T01:30:35.232+0000] {helpers.py:86} ERROR - HTTPSConnectionPool(host='api.pushshift.io', port=443): Max retries exceeded with url: /reddit/search/submission/?subreddit=washingtonwizards&sort=created_utc&sort_type=desc&size=500 (Caused by NewConnectionError('<urllib3.connection.HTTPSConnection object at 0xffffa00541d0>: Failed to establish a new connection: [Errno -2] Name or service not known'))
[2023-05-01T01:30:35.235+0000] {helpers.py:87} ERROR - Retrying! 2 attempts before skipping!
[2023-05-01T01:30:36.284+0000] {logging_mixin.py:137} INFO - HTTPSConnectionPool(host='api.pushshift.io', port=443): Max retries exceeded with url: /reddit/search/submission/?subreddit=washingtonwizards&sort=created_utc&sort_type=desc&size=500 (Caused by NewConnectionError('<urllib3.connection.HTTPSConnection object at 0xffffa0054590>: Failed to establish a new connection: [Errno -2] Name or service not known'))
[2023-05-01T01:30:36.290+0000] {helpers.py:86} ERROR - HTTPSConnectionPool(host='api.pushshift.io', port=443): Max retries exceeded with url: /reddit/search/submission/?subreddit=washingtonwizards&sort=created_utc&sort_type=desc&size=500 (Caused by NewConnectionError('<urllib3.connection.HTTPSConnection object at 0xffffa0054590>: Failed to establish a new connection: [Errno -2] Name or service not known'))
[2023-05-01T01:30:36.293+0000] {helpers.py:87} ERROR - Retrying! 1 attempts before skipping!
[2023-05-01T01:30:37.322+0000] {logging_mixin.py:137} INFO - HTTPSConnectionPool(host='api.pushshift.io', port=443): Max retries exceeded with url: /reddit/search/submission/?subreddit=washingtonwizards&sort=created_utc&sort_type=desc&size=500 (Caused by NewConnectionError('<urllib3.connection.HTTPSConnection object at 0xffffa00541d0>: Failed to establish a new connection: [Errno -2] Name or service not known'))
[2023-05-01T01:30:37.326+0000] {helpers.py:86} ERROR - HTTPSConnectionPool(host='api.pushshift.io', port=443): Max retries exceeded with url: /reddit/search/submission/?subreddit=washingtonwizards&sort=created_utc&sort_type=desc&size=500 (Caused by NewConnectionError('<urllib3.connection.HTTPSConnection object at 0xffffa00541d0>: Failed to establish a new connection: [Errno -2] Name or service not known'))
[2023-05-01T01:30:37.329+0000] {helpers.py:87} ERROR - Retrying! 0 attempts before skipping!
[2023-05-01T01:30:38.341+0000] {logging_mixin.py:137} INFO - HTTPSConnectionPool(host='api.pushshift.io', port=443): Max retries exceeded with url: /reddit/search/submission/?subreddit=washingtonwizards&sort=created_utc&sort_type=desc&size=500 (Caused by NewConnectionError('<urllib3.connection.HTTPSConnection object at 0xffffa0054590>: Failed to establish a new connection: [Errno -2] Name or service not known'))
[2023-05-01T01:30:38.343+0000] {helpers.py:86} ERROR - HTTPSConnectionPool(host='api.pushshift.io', port=443): Max retries exceeded with url: /reddit/search/submission/?subreddit=washingtonwizards&sort=created_utc&sort_type=desc&size=500 (Caused by NewConnectionError('<urllib3.connection.HTTPSConnection object at 0xffffa0054590>: Failed to establish a new connection: [Errno -2] Name or service not known'))
[2023-05-01T01:30:38.346+0000] {helpers.py:87} ERROR - Retrying! -1 attempts before skipping!
[2023-05-01T01:30:39.380+0000] {helpers.py:96} INFO - Saved in /opt/***/data/output_scrape_teams_25-30.csv
[2023-05-01T01:30:39.382+0000] {python.py:177} INFO - Done. Returned value was: None
[2023-05-01T01:30:39.411+0000] {taskinstance.py:1332} INFO - Marking task as SUCCESS. dag_id=scrape_and_save_to_csv, task_id=scrape_teams_25-30, execution_date=20230430T223000, start_date=20230430T235145, end_date=20230501T013039
[2023-05-01T01:30:39.453+0000] {local_task_job.py:212} INFO - Task exited with return code 0
[2023-05-01T01:30:39.480+0000] {taskinstance.py:2596} INFO - 0 downstream tasks scheduled from follow-on schedule check
