[2023-05-02T21:30:02.261+0000] {taskinstance.py:1090} INFO - Dependencies all met for dep_context=non-requeueable deps ti=<TaskInstance: scrape_and_save_to_csv.scrape_teams_17-24 scheduled__2023-05-02T20:30:00+00:00 [queued]>
[2023-05-02T21:30:02.276+0000] {taskinstance.py:1090} INFO - Dependencies all met for dep_context=requeueable deps ti=<TaskInstance: scrape_and_save_to_csv.scrape_teams_17-24 scheduled__2023-05-02T20:30:00+00:00 [queued]>
[2023-05-02T21:30:02.279+0000] {taskinstance.py:1288} INFO - 
--------------------------------------------------------------------------------
[2023-05-02T21:30:02.286+0000] {taskinstance.py:1289} INFO - Starting attempt 1 of 1
[2023-05-02T21:30:02.287+0000] {taskinstance.py:1290} INFO - 
--------------------------------------------------------------------------------
[2023-05-02T21:30:02.314+0000] {taskinstance.py:1309} INFO - Executing <Task(PythonOperator): scrape_teams_17-24> on 2023-05-02 20:30:00+00:00
[2023-05-02T21:30:02.320+0000] {standard_task_runner.py:55} INFO - Started process 26779 to run task
[2023-05-02T21:30:02.335+0000] {standard_task_runner.py:82} INFO - Running: ['***', 'tasks', 'run', 'scrape_and_save_to_csv', 'scrape_teams_17-24', 'scheduled__2023-05-02T20:30:00+00:00', '--job-id', '2271', '--raw', '--subdir', 'DAGS_FOLDER/scrape_and_save_csv_dag.py', '--cfg-path', '/tmp/tmpa2005qmn']
[2023-05-02T21:30:02.339+0000] {standard_task_runner.py:83} INFO - Job 2271: Subtask scrape_teams_17-24
[2023-05-02T21:30:02.476+0000] {task_command.py:389} INFO - Running <TaskInstance: scrape_and_save_to_csv.scrape_teams_17-24 scheduled__2023-05-02T20:30:00+00:00 [running]> on host 5d4cd8acb346
[2023-05-02T21:30:02.565+0000] {taskinstance.py:1518} INFO - Exporting the following env vars:
AIRFLOW_CTX_DAG_OWNER=***
AIRFLOW_CTX_DAG_ID=scrape_and_save_to_csv
AIRFLOW_CTX_TASK_ID=scrape_teams_17-24
AIRFLOW_CTX_EXECUTION_DATE=2023-05-02T20:30:00+00:00
AIRFLOW_CTX_TRY_NUMBER=1
AIRFLOW_CTX_DAG_RUN_ID=scheduled__2023-05-02T20:30:00+00:00
[2023-05-02T21:30:05.620+0000] {warnings.py:110} WARNING - /home/***/.local/lib/python3.7/site-packages/***/utils/context.py:313: AirflowContextDeprecationWarning: Accessing 'execution_date' from the template is deprecated and will be removed in a future version. Please use 'data_interval_start' or 'logical_date' instead.
  warnings.warn(_create_deprecation_warning(k, replacements))

[2023-05-02T21:30:06.028+0000] {helpers.py:80} INFO - Milwaukee Bucks: Successfully scraped!
[2023-05-02T21:30:11.483+0000] {helpers.py:80} INFO - Minnesota Timberwolves: Successfully scraped!
[2023-05-02T21:30:16.105+0000] {helpers.py:80} INFO - New Orleans Pelicans: Successfully scraped!
[2023-05-02T21:30:18.844+0000] {helpers.py:80} INFO - New York Knicks: Successfully scraped!
[2023-05-02T21:30:21.866+0000] {helpers.py:80} INFO - Oklahoma City Thunder: Successfully scraped!
[2023-05-02T21:30:24.201+0000] {helpers.py:80} INFO - Orlando Magic: Successfully scraped!
[2023-05-02T21:30:26.658+0000] {helpers.py:80} INFO - Philadelphia 76ers: Successfully scraped!
[2023-05-02T21:30:29.861+0000] {helpers.py:80} INFO - Phoenix Suns: Successfully scraped!
[2023-05-02T21:30:29.912+0000] {helpers.py:96} INFO - Saved in /opt/***/data/output_scrape_teams_17-24.csv
[2023-05-02T21:30:29.916+0000] {python.py:177} INFO - Done. Returned value was: None
[2023-05-02T21:30:29.956+0000] {taskinstance.py:1332} INFO - Marking task as SUCCESS. dag_id=scrape_and_save_to_csv, task_id=scrape_teams_17-24, execution_date=20230502T203000, start_date=20230502T213002, end_date=20230502T213029
[2023-05-02T21:30:30.042+0000] {local_task_job.py:212} INFO - Task exited with return code 0
[2023-05-02T21:30:30.081+0000] {taskinstance.py:2596} INFO - 0 downstream tasks scheduled from follow-on schedule check
