[2023-05-10T02:57:03.172+0000] {taskinstance.py:1090} INFO - Dependencies all met for dep_context=non-requeueable deps ti=<TaskInstance: scrape_and_save_to_csv.join_csv scheduled__2023-05-01T03:00:00+00:00 [queued]>
[2023-05-10T02:57:03.181+0000] {taskinstance.py:1090} INFO - Dependencies all met for dep_context=requeueable deps ti=<TaskInstance: scrape_and_save_to_csv.join_csv scheduled__2023-05-01T03:00:00+00:00 [queued]>
[2023-05-10T02:57:03.182+0000] {taskinstance.py:1288} INFO - 
--------------------------------------------------------------------------------
[2023-05-10T02:57:03.182+0000] {taskinstance.py:1289} INFO - Starting attempt 1 of 1
[2023-05-10T02:57:03.183+0000] {taskinstance.py:1290} INFO - 
--------------------------------------------------------------------------------
[2023-05-10T02:57:03.192+0000] {taskinstance.py:1309} INFO - Executing <Task(PythonOperator): join_csv> on 2023-05-01 03:00:00+00:00
[2023-05-10T02:57:03.198+0000] {standard_task_runner.py:55} INFO - Started process 18351 to run task
[2023-05-10T02:57:03.203+0000] {standard_task_runner.py:82} INFO - Running: ['***', 'tasks', 'run', 'scrape_and_save_to_csv', 'join_csv', 'scheduled__2023-05-01T03:00:00+00:00', '--job-id', '4089', '--raw', '--subdir', 'DAGS_FOLDER/scrape_and_push_dag.py', '--cfg-path', '/tmp/tmpg3oz9uu4']
[2023-05-10T02:57:03.206+0000] {standard_task_runner.py:83} INFO - Job 4089: Subtask join_csv
[2023-05-10T02:57:03.287+0000] {task_command.py:389} INFO - Running <TaskInstance: scrape_and_save_to_csv.join_csv scheduled__2023-05-01T03:00:00+00:00 [running]> on host f41dbfa3d325
[2023-05-10T02:57:03.342+0000] {taskinstance.py:1518} INFO - Exporting the following env vars:
AIRFLOW_CTX_DAG_OWNER=***
AIRFLOW_CTX_DAG_ID=scrape_and_save_to_csv
AIRFLOW_CTX_TASK_ID=join_csv
AIRFLOW_CTX_EXECUTION_DATE=2023-05-01T03:00:00+00:00
AIRFLOW_CTX_TRY_NUMBER=1
AIRFLOW_CTX_DAG_RUN_ID=scheduled__2023-05-01T03:00:00+00:00
[2023-05-10T02:57:03.445+0000] {python.py:177} INFO - Done. Returned value was: None
[2023-05-10T02:57:03.455+0000] {taskinstance.py:1332} INFO - Marking task as SUCCESS. dag_id=scrape_and_save_to_csv, task_id=join_csv, execution_date=20230501T030000, start_date=20230510T025703, end_date=20230510T025703
[2023-05-10T02:57:03.499+0000] {local_task_job.py:212} INFO - Task exited with return code 0
[2023-05-10T02:57:03.517+0000] {taskinstance.py:2596} INFO - 1 downstream tasks scheduled from follow-on schedule check
[2023-05-10T03:29:45.370+0000] {taskinstance.py:1090} INFO - Dependencies all met for dep_context=non-requeueable deps ti=<TaskInstance: scrape_and_save_to_csv.join_csv scheduled__2023-05-01T03:00:00+00:00 [queued]>
[2023-05-10T03:29:45.396+0000] {taskinstance.py:1090} INFO - Dependencies all met for dep_context=requeueable deps ti=<TaskInstance: scrape_and_save_to_csv.join_csv scheduled__2023-05-01T03:00:00+00:00 [queued]>
[2023-05-10T03:29:45.398+0000] {taskinstance.py:1288} INFO - 
--------------------------------------------------------------------------------
[2023-05-10T03:29:45.399+0000] {taskinstance.py:1289} INFO - Starting attempt 1 of 1
[2023-05-10T03:29:45.400+0000] {taskinstance.py:1290} INFO - 
--------------------------------------------------------------------------------
[2023-05-10T03:29:45.421+0000] {taskinstance.py:1309} INFO - Executing <Task(PythonOperator): join_csv> on 2023-05-01 03:00:00+00:00
[2023-05-10T03:29:45.429+0000] {standard_task_runner.py:55} INFO - Started process 18840 to run task
[2023-05-10T03:29:45.451+0000] {standard_task_runner.py:82} INFO - Running: ['***', 'tasks', 'run', 'scrape_and_save_to_csv', 'join_csv', 'scheduled__2023-05-01T03:00:00+00:00', '--job-id', '4117', '--raw', '--subdir', 'DAGS_FOLDER/scrape_and_push_dag.py', '--cfg-path', '/tmp/tmpjwyfijb7']
[2023-05-10T03:29:45.461+0000] {standard_task_runner.py:83} INFO - Job 4117: Subtask join_csv
[2023-05-10T03:29:45.574+0000] {task_command.py:389} INFO - Running <TaskInstance: scrape_and_save_to_csv.join_csv scheduled__2023-05-01T03:00:00+00:00 [running]> on host f41dbfa3d325
[2023-05-10T03:29:45.676+0000] {taskinstance.py:1518} INFO - Exporting the following env vars:
AIRFLOW_CTX_DAG_OWNER=***
AIRFLOW_CTX_DAG_ID=scrape_and_save_to_csv
AIRFLOW_CTX_TASK_ID=join_csv
AIRFLOW_CTX_EXECUTION_DATE=2023-05-01T03:00:00+00:00
AIRFLOW_CTX_TRY_NUMBER=1
AIRFLOW_CTX_DAG_RUN_ID=scheduled__2023-05-01T03:00:00+00:00
[2023-05-10T03:29:45.853+0000] {python.py:177} INFO - Done. Returned value was: None
[2023-05-10T03:29:45.879+0000] {taskinstance.py:1332} INFO - Marking task as SUCCESS. dag_id=scrape_and_save_to_csv, task_id=join_csv, execution_date=20230501T030000, start_date=20230510T032945, end_date=20230510T032945
[2023-05-10T03:29:45.933+0000] {local_task_job.py:212} INFO - Task exited with return code 0
[2023-05-10T03:29:45.968+0000] {taskinstance.py:2596} INFO - 1 downstream tasks scheduled from follow-on schedule check
