[2023-05-10T01:26:11.722+0000] {taskinstance.py:1090} INFO - Dependencies all met for dep_context=non-requeueable deps ti=<TaskInstance: scrape_and_save_to_csv.scrape_teams_9-16 scheduled__2022-05-03T23:00:00+00:00 [queued]>
[2023-05-10T01:26:11.734+0000] {taskinstance.py:1090} INFO - Dependencies all met for dep_context=requeueable deps ti=<TaskInstance: scrape_and_save_to_csv.scrape_teams_9-16 scheduled__2022-05-03T23:00:00+00:00 [queued]>
[2023-05-10T01:26:11.735+0000] {taskinstance.py:1288} INFO - 
--------------------------------------------------------------------------------
[2023-05-10T01:26:11.741+0000] {taskinstance.py:1289} INFO - Starting attempt 1 of 1
[2023-05-10T01:26:11.744+0000] {taskinstance.py:1290} INFO - 
--------------------------------------------------------------------------------
[2023-05-10T01:26:11.771+0000] {taskinstance.py:1309} INFO - Executing <Task(PythonOperator): scrape_teams_9-16> on 2022-05-03 23:00:00+00:00
[2023-05-10T01:26:11.777+0000] {standard_task_runner.py:55} INFO - Started process 15385 to run task
[2023-05-10T01:26:11.792+0000] {standard_task_runner.py:82} INFO - Running: ['***', 'tasks', 'run', 'scrape_and_save_to_csv', 'scrape_teams_9-16', 'scheduled__2022-05-03T23:00:00+00:00', '--job-id', '3714', '--raw', '--subdir', 'DAGS_FOLDER/scrape_and_push_dag.py', '--cfg-path', '/tmp/tmp7eicwep7']
[2023-05-10T01:26:11.803+0000] {standard_task_runner.py:83} INFO - Job 3714: Subtask scrape_teams_9-16
[2023-05-10T01:26:11.949+0000] {task_command.py:389} INFO - Running <TaskInstance: scrape_and_save_to_csv.scrape_teams_9-16 scheduled__2022-05-03T23:00:00+00:00 [running]> on host f41dbfa3d325
[2023-05-10T01:26:12.008+0000] {warnings.py:110} WARNING - /home/***/.local/lib/python3.7/site-packages/***/utils/context.py:205: AirflowContextDeprecationWarning: Accessing 'execution_date' from the template is deprecated and will be removed in a future version. Please use 'data_interval_start' or 'logical_date' instead.
  warnings.warn(_create_deprecation_warning(key, self._deprecation_replacements[key]))

[2023-05-10T01:26:12.052+0000] {taskinstance.py:1518} INFO - Exporting the following env vars:
AIRFLOW_CTX_DAG_OWNER=***
AIRFLOW_CTX_DAG_ID=scrape_and_save_to_csv
AIRFLOW_CTX_TASK_ID=scrape_teams_9-16
AIRFLOW_CTX_EXECUTION_DATE=2022-05-03T23:00:00+00:00
AIRFLOW_CTX_TRY_NUMBER=1
AIRFLOW_CTX_DAG_RUN_ID=scheduled__2022-05-03T23:00:00+00:00
[2023-05-10T01:26:13.127+0000] {helpers.py:94} INFO - Detroit Pistons: Successfully scraped!
[2023-05-10T01:26:17.067+0000] {helpers.py:94} INFO - Golden State Warriors: Successfully scraped!
[2023-05-10T01:26:24.441+0000] {helpers.py:94} INFO - Houston Rockets: Successfully scraped!
[2023-05-10T01:26:28.094+0000] {helpers.py:94} INFO - Indiana Pacers: Successfully scraped!
[2023-05-10T01:26:31.758+0000] {helpers.py:94} INFO - Los Angeles Clippers: Successfully scraped!
[2023-05-10T01:26:39.623+0000] {helpers.py:94} INFO - Los Angeles Lakers: Successfully scraped!
[2023-05-10T01:26:42.771+0000] {helpers.py:94} INFO - Memphis Grizzlies: Successfully scraped!
[2023-05-10T01:26:48.985+0000] {helpers.py:94} INFO - Miami Heat: Successfully scraped!
[2023-05-10T01:26:48.990+0000] {helpers.py:109} INFO - Saved in /opt/***/data/output_scrape_teams_9-16.csv
[2023-05-10T01:26:48.991+0000] {python.py:177} INFO - Done. Returned value was: None
[2023-05-10T01:26:49.018+0000] {taskinstance.py:1332} INFO - Marking task as SUCCESS. dag_id=scrape_and_save_to_csv, task_id=scrape_teams_9-16, execution_date=20220503T230000, start_date=20230510T012611, end_date=20230510T012649
[2023-05-10T01:26:49.059+0000] {local_task_job.py:212} INFO - Task exited with return code 0
[2023-05-10T01:26:49.081+0000] {taskinstance.py:2596} INFO - 1 downstream tasks scheduled from follow-on schedule check
