[2023-05-10T02:43:10.584+0000] {taskinstance.py:1090} INFO - Dependencies all met for dep_context=non-requeueable deps ti=<TaskInstance: scrape_and_save_to_csv.scrape_teams_17-24 manual__2023-05-10T02:43:07.849010+00:00 [queued]>
[2023-05-10T02:43:10.617+0000] {taskinstance.py:1090} INFO - Dependencies all met for dep_context=requeueable deps ti=<TaskInstance: scrape_and_save_to_csv.scrape_teams_17-24 manual__2023-05-10T02:43:07.849010+00:00 [queued]>
[2023-05-10T02:43:10.620+0000] {taskinstance.py:1288} INFO - 
--------------------------------------------------------------------------------
[2023-05-10T02:43:10.647+0000] {taskinstance.py:1289} INFO - Starting attempt 1 of 1
[2023-05-10T02:43:10.648+0000] {taskinstance.py:1290} INFO - 
--------------------------------------------------------------------------------
[2023-05-10T02:43:10.693+0000] {taskinstance.py:1309} INFO - Executing <Task(PythonOperator): scrape_teams_17-24> on 2023-05-10 02:43:07.849010+00:00
[2023-05-10T02:43:10.715+0000] {standard_task_runner.py:55} INFO - Started process 18113 to run task
[2023-05-10T02:43:10.726+0000] {standard_task_runner.py:82} INFO - Running: ['***', 'tasks', 'run', 'scrape_and_save_to_csv', 'scrape_teams_17-24', 'manual__2023-05-10T02:43:07.849010+00:00', '--job-id', '4066', '--raw', '--subdir', 'DAGS_FOLDER/scrape_and_push_dag.py', '--cfg-path', '/tmp/tmph_8zg8tv']
[2023-05-10T02:43:10.734+0000] {standard_task_runner.py:83} INFO - Job 4066: Subtask scrape_teams_17-24
[2023-05-10T02:43:10.959+0000] {task_command.py:389} INFO - Running <TaskInstance: scrape_and_save_to_csv.scrape_teams_17-24 manual__2023-05-10T02:43:07.849010+00:00 [running]> on host f41dbfa3d325
[2023-05-10T02:43:11.015+0000] {warnings.py:110} WARNING - /home/***/.local/lib/python3.7/site-packages/***/utils/context.py:205: AirflowContextDeprecationWarning: Accessing 'execution_date' from the template is deprecated and will be removed in a future version. Please use 'data_interval_start' or 'logical_date' instead.
  warnings.warn(_create_deprecation_warning(key, self._deprecation_replacements[key]))

[2023-05-10T02:43:11.053+0000] {taskinstance.py:1518} INFO - Exporting the following env vars:
AIRFLOW_CTX_DAG_OWNER=***
AIRFLOW_CTX_DAG_ID=scrape_and_save_to_csv
AIRFLOW_CTX_TASK_ID=scrape_teams_17-24
AIRFLOW_CTX_EXECUTION_DATE=2023-05-10T02:43:07.849010+00:00
AIRFLOW_CTX_TRY_NUMBER=1
AIRFLOW_CTX_DAG_RUN_ID=manual__2023-05-10T02:43:07.849010+00:00
[2023-05-10T02:43:12.491+0000] {helpers.py:95} INFO - Milwaukee Bucks: Successfully scraped!
[2023-05-10T02:43:23.227+0000] {helpers.py:95} INFO - Minnesota Timberwolves: Successfully scraped!
[2023-05-10T02:43:33.989+0000] {helpers.py:95} INFO - New Orleans Pelicans: Successfully scraped!
[2023-05-10T02:43:55.543+0000] {helpers.py:95} INFO - New York Knicks: Successfully scraped!
[2023-05-10T02:44:06.344+0000] {helpers.py:95} INFO - Oklahoma City Thunder: Successfully scraped!
[2023-05-10T02:44:17.176+0000] {helpers.py:95} INFO - Orlando Magic: Successfully scraped!
[2023-05-10T02:45:09.288+0000] {helpers.py:95} INFO - Philadelphia 76ers: Successfully scraped!
[2023-05-10T02:45:45.606+0000] {helpers.py:95} INFO - Phoenix Suns: Successfully scraped!
[2023-05-10T02:45:45.613+0000] {helpers.py:110} INFO - Saved in /opt/***/data/output_scrape_teams_17-24.csv
[2023-05-10T02:45:45.614+0000] {python.py:177} INFO - Done. Returned value was: None
[2023-05-10T02:45:45.624+0000] {taskinstance.py:1332} INFO - Marking task as SUCCESS. dag_id=scrape_and_save_to_csv, task_id=scrape_teams_17-24, execution_date=20230510T024307, start_date=20230510T024310, end_date=20230510T024545
[2023-05-10T02:45:45.675+0000] {local_task_job.py:212} INFO - Task exited with return code 0
[2023-05-10T02:45:45.699+0000] {taskinstance.py:2596} INFO - 1 downstream tasks scheduled from follow-on schedule check
