[2023-05-06T23:41:45.616+0000] {taskinstance.py:1090} INFO - Dependencies all met for dep_context=non-requeueable deps ti=<TaskInstance: scrape_and_save_to_csv.scrape_teams_9-16 scheduled__2023-05-06T22:30:00+00:00 [queued]>
[2023-05-06T23:41:45.649+0000] {taskinstance.py:1090} INFO - Dependencies all met for dep_context=requeueable deps ti=<TaskInstance: scrape_and_save_to_csv.scrape_teams_9-16 scheduled__2023-05-06T22:30:00+00:00 [queued]>
[2023-05-06T23:41:45.654+0000] {taskinstance.py:1288} INFO - 
--------------------------------------------------------------------------------
[2023-05-06T23:41:45.661+0000] {taskinstance.py:1289} INFO - Starting attempt 1 of 1
[2023-05-06T23:41:45.663+0000] {taskinstance.py:1290} INFO - 
--------------------------------------------------------------------------------
[2023-05-06T23:41:45.679+0000] {taskinstance.py:1309} INFO - Executing <Task(PythonOperator): scrape_teams_9-16> on 2023-05-06 22:30:00+00:00
[2023-05-06T23:41:45.707+0000] {standard_task_runner.py:55} INFO - Started process 63 to run task
[2023-05-06T23:41:45.712+0000] {standard_task_runner.py:82} INFO - Running: ['***', 'tasks', 'run', 'scrape_and_save_to_csv', 'scrape_teams_9-16', 'scheduled__2023-05-06T22:30:00+00:00', '--job-id', '2627', '--raw', '--subdir', 'DAGS_FOLDER/scrape_and_save_csv_dag.py', '--cfg-path', '/tmp/tmp58u8ggna']
[2023-05-06T23:41:45.727+0000] {standard_task_runner.py:83} INFO - Job 2627: Subtask scrape_teams_9-16
[2023-05-06T23:41:45.974+0000] {task_command.py:389} INFO - Running <TaskInstance: scrape_and_save_to_csv.scrape_teams_9-16 scheduled__2023-05-06T22:30:00+00:00 [running]> on host 6589836e9c08
[2023-05-06T23:41:46.180+0000] {taskinstance.py:1518} INFO - Exporting the following env vars:
AIRFLOW_CTX_DAG_OWNER=***
AIRFLOW_CTX_DAG_ID=scrape_and_save_to_csv
AIRFLOW_CTX_TASK_ID=scrape_teams_9-16
AIRFLOW_CTX_EXECUTION_DATE=2023-05-06T22:30:00+00:00
AIRFLOW_CTX_TRY_NUMBER=1
AIRFLOW_CTX_DAG_RUN_ID=scheduled__2023-05-06T22:30:00+00:00
[2023-05-06T23:41:48.912+0000] {warnings.py:110} WARNING - /home/***/.local/lib/python3.7/site-packages/***/utils/context.py:313: AirflowContextDeprecationWarning: Accessing 'execution_date' from the template is deprecated and will be removed in a future version. Please use 'data_interval_start' or 'logical_date' instead.
  warnings.warn(_create_deprecation_warning(k, replacements))

[2023-05-06T23:41:49.302+0000] {helpers.py:80} INFO - Detroit Pistons: Successfully scraped!
[2023-05-06T23:41:59.052+0000] {helpers.py:80} INFO - Golden State Warriors: Successfully scraped!
[2023-05-06T23:42:02.981+0000] {helpers.py:80} INFO - Houston Rockets: Successfully scraped!
[2023-05-06T23:42:06.183+0000] {helpers.py:80} INFO - Indiana Pacers: Successfully scraped!
[2023-05-06T23:42:10.559+0000] {helpers.py:80} INFO - Los Angeles Clippers: Successfully scraped!
[2023-05-06T23:42:18.976+0000] {helpers.py:80} INFO - Los Angeles Lakers: Successfully scraped!
[2023-05-06T23:42:21.583+0000] {helpers.py:80} INFO - Memphis Grizzlies: Successfully scraped!
[2023-05-06T23:42:24.736+0000] {helpers.py:80} INFO - Miami Heat: Successfully scraped!
[2023-05-06T23:42:24.762+0000] {helpers.py:96} INFO - Saved in /opt/***/data/output_scrape_teams_9-16.csv
[2023-05-06T23:42:24.765+0000] {python.py:177} INFO - Done. Returned value was: None
[2023-05-06T23:42:24.782+0000] {taskinstance.py:1332} INFO - Marking task as SUCCESS. dag_id=scrape_and_save_to_csv, task_id=scrape_teams_9-16, execution_date=20230506T223000, start_date=20230506T234145, end_date=20230506T234224
[2023-05-06T23:42:24.895+0000] {local_task_job.py:212} INFO - Task exited with return code 0
[2023-05-06T23:42:24.922+0000] {taskinstance.py:2596} INFO - 0 downstream tasks scheduled from follow-on schedule check
