[2023-05-06T23:44:05.054+0000] {taskinstance.py:1090} INFO - Dependencies all met for dep_context=non-requeueable deps ti=<TaskInstance: scrape_and_save_to_csv.trigger_push_dag scheduled__2023-05-06T22:30:00+00:00 [queued]>
[2023-05-06T23:44:05.061+0000] {taskinstance.py:1090} INFO - Dependencies all met for dep_context=requeueable deps ti=<TaskInstance: scrape_and_save_to_csv.trigger_push_dag scheduled__2023-05-06T22:30:00+00:00 [queued]>
[2023-05-06T23:44:05.068+0000] {taskinstance.py:1288} INFO - 
--------------------------------------------------------------------------------
[2023-05-06T23:44:05.069+0000] {taskinstance.py:1289} INFO - Starting attempt 1 of 1
[2023-05-06T23:44:05.071+0000] {taskinstance.py:1290} INFO - 
--------------------------------------------------------------------------------
[2023-05-06T23:44:05.080+0000] {taskinstance.py:1309} INFO - Executing <Task(TriggerDagRunOperator): trigger_push_dag> on 2023-05-06 22:30:00+00:00
[2023-05-06T23:44:05.085+0000] {standard_task_runner.py:55} INFO - Started process 119 to run task
[2023-05-06T23:44:05.088+0000] {standard_task_runner.py:82} INFO - Running: ['***', 'tasks', 'run', 'scrape_and_save_to_csv', 'trigger_push_dag', 'scheduled__2023-05-06T22:30:00+00:00', '--job-id', '2630', '--raw', '--subdir', 'DAGS_FOLDER/scrape_and_save_csv_dag.py', '--cfg-path', '/tmp/tmptx9ujntw']
[2023-05-06T23:44:05.091+0000] {standard_task_runner.py:83} INFO - Job 2630: Subtask trigger_push_dag
[2023-05-06T23:44:05.153+0000] {task_command.py:389} INFO - Running <TaskInstance: scrape_and_save_to_csv.trigger_push_dag scheduled__2023-05-06T22:30:00+00:00 [running]> on host 6589836e9c08
[2023-05-06T23:44:05.211+0000] {taskinstance.py:1518} INFO - Exporting the following env vars:
AIRFLOW_CTX_DAG_OWNER=***
AIRFLOW_CTX_DAG_ID=scrape_and_save_to_csv
AIRFLOW_CTX_TASK_ID=trigger_push_dag
AIRFLOW_CTX_EXECUTION_DATE=2023-05-06T22:30:00+00:00
AIRFLOW_CTX_TRY_NUMBER=1
AIRFLOW_CTX_DAG_RUN_ID=scheduled__2023-05-06T22:30:00+00:00
[2023-05-06T23:44:05.293+0000] {taskinstance.py:1332} INFO - Marking task as SUCCESS. dag_id=scrape_and_save_to_csv, task_id=trigger_push_dag, execution_date=20230506T223000, start_date=20230506T234405, end_date=20230506T234405
[2023-05-06T23:44:05.343+0000] {local_task_job.py:212} INFO - Task exited with return code 0
[2023-05-06T23:44:05.403+0000] {taskinstance.py:2596} INFO - 0 downstream tasks scheduled from follow-on schedule check
