[2023-04-29T18:32:06.165+0000] {taskinstance.py:1090} INFO - Dependencies all met for dep_context=non-requeueable deps ti=<TaskInstance: scrape_and_save_to_csv.scrape_teams_25-30 scheduled__2023-04-29T17:30:00+00:00 [queued]>
[2023-04-29T18:32:06.209+0000] {taskinstance.py:1090} INFO - Dependencies all met for dep_context=requeueable deps ti=<TaskInstance: scrape_and_save_to_csv.scrape_teams_25-30 scheduled__2023-04-29T17:30:00+00:00 [queued]>
[2023-04-29T18:32:06.212+0000] {taskinstance.py:1288} INFO - 
--------------------------------------------------------------------------------
[2023-04-29T18:32:06.216+0000] {taskinstance.py:1289} INFO - Starting attempt 1 of 1
[2023-04-29T18:32:06.219+0000] {taskinstance.py:1290} INFO - 
--------------------------------------------------------------------------------
[2023-04-29T18:32:06.284+0000] {taskinstance.py:1309} INFO - Executing <Task(PythonOperator): scrape_teams_25-30> on 2023-04-29 17:30:00+00:00
[2023-04-29T18:32:06.307+0000] {standard_task_runner.py:55} INFO - Started process 1683 to run task
[2023-04-29T18:32:06.316+0000] {standard_task_runner.py:82} INFO - Running: ['***', 'tasks', 'run', 'scrape_and_save_to_csv', 'scrape_teams_25-30', 'scheduled__2023-04-29T17:30:00+00:00', '--job-id', '1810', '--raw', '--subdir', 'DAGS_FOLDER/scrape_and_save_csv_dag.py', '--cfg-path', '/tmp/tmp0wj_kxy_']
[2023-04-29T18:32:06.324+0000] {standard_task_runner.py:83} INFO - Job 1810: Subtask scrape_teams_25-30
[2023-04-29T18:32:06.553+0000] {task_command.py:389} INFO - Running <TaskInstance: scrape_and_save_to_csv.scrape_teams_25-30 scheduled__2023-04-29T17:30:00+00:00 [running]> on host b5cee175690f
[2023-04-29T18:32:06.705+0000] {taskinstance.py:1518} INFO - Exporting the following env vars:
AIRFLOW_CTX_DAG_OWNER=***
AIRFLOW_CTX_DAG_ID=scrape_and_save_to_csv
AIRFLOW_CTX_TASK_ID=scrape_teams_25-30
AIRFLOW_CTX_EXECUTION_DATE=2023-04-29T17:30:00+00:00
AIRFLOW_CTX_TRY_NUMBER=1
AIRFLOW_CTX_DAG_RUN_ID=scheduled__2023-04-29T17:30:00+00:00
[2023-04-29T18:33:47.206+0000] {helpers.py:73} ERROR - Expecting value: line 1 column 1 (char 0)
[2023-04-29T18:33:47.210+0000] {helpers.py:74} ERROR - Retrying! 9 attempts before skipping!
[2023-04-29T18:33:48.673+0000] {warnings.py:110} WARNING - /home/***/.local/lib/python3.7/site-packages/***/utils/context.py:313: AirflowContextDeprecationWarning: Accessing 'execution_date' from the template is deprecated and will be removed in a future version. Please use 'data_interval_start' or 'logical_date' instead.
  warnings.warn(_create_deprecation_warning(k, replacements))

[2023-04-29T18:33:48.687+0000] {helpers.py:69} INFO - Blazers: Successfully scraped!
[2023-04-29T18:33:49.905+0000] {helpers.py:69} INFO - Kings: Successfully scraped!
[2023-04-29T18:33:51.000+0000] {helpers.py:69} INFO - Spurs: Successfully scraped!
[2023-04-29T18:33:51.734+0000] {helpers.py:69} INFO - Raptors: Successfully scraped!
[2023-04-29T18:33:53.078+0000] {helpers.py:69} INFO - Jazz: Successfully scraped!
[2023-04-29T18:33:54.570+0000] {helpers.py:69} INFO - Wizards: Successfully scraped!
[2023-04-29T18:33:54.578+0000] {helpers.py:83} INFO - Saved in /opt/***/data/output_scrape_teams_25-30.csv
[2023-04-29T18:33:54.581+0000] {python.py:177} INFO - Done. Returned value was: None
[2023-04-29T18:33:54.602+0000] {taskinstance.py:1332} INFO - Marking task as SUCCESS. dag_id=scrape_and_save_to_csv, task_id=scrape_teams_25-30, execution_date=20230429T173000, start_date=20230429T183206, end_date=20230429T183354
[2023-04-29T18:33:54.637+0000] {local_task_job.py:212} INFO - Task exited with return code 0
[2023-04-29T18:33:54.680+0000] {taskinstance.py:2596} INFO - 0 downstream tasks scheduled from follow-on schedule check
