[2023-05-10T02:48:18.480+0000] {taskinstance.py:1090} INFO - Dependencies all met for dep_context=non-requeueable deps ti=<TaskInstance: scrape_and_save_to_csv.join_csv scheduled__2023-05-01T00:00:00+00:00 [queued]>
[2023-05-10T02:48:18.488+0000] {taskinstance.py:1090} INFO - Dependencies all met for dep_context=requeueable deps ti=<TaskInstance: scrape_and_save_to_csv.join_csv scheduled__2023-05-01T00:00:00+00:00 [queued]>
[2023-05-10T02:48:18.489+0000] {taskinstance.py:1288} INFO - 
--------------------------------------------------------------------------------
[2023-05-10T02:48:18.489+0000] {taskinstance.py:1289} INFO - Starting attempt 1 of 1
[2023-05-10T02:48:18.490+0000] {taskinstance.py:1290} INFO - 
--------------------------------------------------------------------------------
[2023-05-10T02:48:18.498+0000] {taskinstance.py:1309} INFO - Executing <Task(PythonOperator): join_csv> on 2023-05-01 00:00:00+00:00
[2023-05-10T02:48:18.504+0000] {standard_task_runner.py:55} INFO - Started process 18254 to run task
[2023-05-10T02:48:18.507+0000] {standard_task_runner.py:82} INFO - Running: ['***', 'tasks', 'run', 'scrape_and_save_to_csv', 'join_csv', 'scheduled__2023-05-01T00:00:00+00:00', '--job-id', '4073', '--raw', '--subdir', 'DAGS_FOLDER/scrape_and_push_dag.py', '--cfg-path', '/tmp/tmptbqcief4']
[2023-05-10T02:48:18.510+0000] {standard_task_runner.py:83} INFO - Job 4073: Subtask join_csv
[2023-05-10T02:48:18.578+0000] {task_command.py:389} INFO - Running <TaskInstance: scrape_and_save_to_csv.join_csv scheduled__2023-05-01T00:00:00+00:00 [running]> on host f41dbfa3d325
[2023-05-10T02:48:18.634+0000] {taskinstance.py:1518} INFO - Exporting the following env vars:
AIRFLOW_CTX_DAG_OWNER=***
AIRFLOW_CTX_DAG_ID=scrape_and_save_to_csv
AIRFLOW_CTX_TASK_ID=join_csv
AIRFLOW_CTX_EXECUTION_DATE=2023-05-01T00:00:00+00:00
AIRFLOW_CTX_TRY_NUMBER=1
AIRFLOW_CTX_DAG_RUN_ID=scheduled__2023-05-01T00:00:00+00:00
[2023-05-10T02:48:18.730+0000] {python.py:177} INFO - Done. Returned value was: None
[2023-05-10T02:48:18.741+0000] {taskinstance.py:1332} INFO - Marking task as SUCCESS. dag_id=scrape_and_save_to_csv, task_id=join_csv, execution_date=20230501T000000, start_date=20230510T024818, end_date=20230510T024818
[2023-05-10T02:48:18.806+0000] {local_task_job.py:212} INFO - Task exited with return code 0
[2023-05-10T02:48:18.825+0000] {taskinstance.py:2596} INFO - 1 downstream tasks scheduled from follow-on schedule check
[2023-05-10T03:24:47.968+0000] {taskinstance.py:1090} INFO - Dependencies all met for dep_context=non-requeueable deps ti=<TaskInstance: scrape_and_save_to_csv.join_csv scheduled__2023-05-01T00:00:00+00:00 [queued]>
[2023-05-10T03:24:47.982+0000] {taskinstance.py:1090} INFO - Dependencies all met for dep_context=requeueable deps ti=<TaskInstance: scrape_and_save_to_csv.join_csv scheduled__2023-05-01T00:00:00+00:00 [queued]>
[2023-05-10T03:24:47.983+0000] {taskinstance.py:1288} INFO - 
--------------------------------------------------------------------------------
[2023-05-10T03:24:47.985+0000] {taskinstance.py:1289} INFO - Starting attempt 1 of 1
[2023-05-10T03:24:47.986+0000] {taskinstance.py:1290} INFO - 
--------------------------------------------------------------------------------
[2023-05-10T03:24:47.995+0000] {taskinstance.py:1309} INFO - Executing <Task(PythonOperator): join_csv> on 2023-05-01 00:00:00+00:00
[2023-05-10T03:24:48.001+0000] {standard_task_runner.py:55} INFO - Started process 18680 to run task
[2023-05-10T03:24:48.005+0000] {standard_task_runner.py:82} INFO - Running: ['***', 'tasks', 'run', 'scrape_and_save_to_csv', 'join_csv', 'scheduled__2023-05-01T00:00:00+00:00', '--job-id', '4103', '--raw', '--subdir', 'DAGS_FOLDER/scrape_and_push_dag.py', '--cfg-path', '/tmp/tmptnkokjf0']
[2023-05-10T03:24:48.008+0000] {standard_task_runner.py:83} INFO - Job 4103: Subtask join_csv
[2023-05-10T03:24:48.075+0000] {task_command.py:389} INFO - Running <TaskInstance: scrape_and_save_to_csv.join_csv scheduled__2023-05-01T00:00:00+00:00 [running]> on host f41dbfa3d325
[2023-05-10T03:24:48.135+0000] {taskinstance.py:1518} INFO - Exporting the following env vars:
AIRFLOW_CTX_DAG_OWNER=***
AIRFLOW_CTX_DAG_ID=scrape_and_save_to_csv
AIRFLOW_CTX_TASK_ID=join_csv
AIRFLOW_CTX_EXECUTION_DATE=2023-05-01T00:00:00+00:00
AIRFLOW_CTX_TRY_NUMBER=1
AIRFLOW_CTX_DAG_RUN_ID=scheduled__2023-05-01T00:00:00+00:00
[2023-05-10T03:24:48.238+0000] {python.py:177} INFO - Done. Returned value was: None
[2023-05-10T03:24:48.249+0000] {taskinstance.py:1332} INFO - Marking task as SUCCESS. dag_id=scrape_and_save_to_csv, task_id=join_csv, execution_date=20230501T000000, start_date=20230510T032447, end_date=20230510T032448
[2023-05-10T03:24:48.299+0000] {local_task_job.py:212} INFO - Task exited with return code 0
[2023-05-10T03:24:48.321+0000] {taskinstance.py:2596} INFO - 1 downstream tasks scheduled from follow-on schedule check
