[2023-04-29T17:01:21.313+0000] {taskinstance.py:1090} INFO - Dependencies all met for dep_context=non-requeueable deps ti=<TaskInstance: scrape_and_save_to_csv.trigger_push_dag scheduled__2023-04-29T15:30:00+00:00 [queued]>
[2023-04-29T17:01:21.320+0000] {taskinstance.py:1090} INFO - Dependencies all met for dep_context=requeueable deps ti=<TaskInstance: scrape_and_save_to_csv.trigger_push_dag scheduled__2023-04-29T15:30:00+00:00 [queued]>
[2023-04-29T17:01:21.321+0000] {taskinstance.py:1288} INFO - 
--------------------------------------------------------------------------------
[2023-04-29T17:01:21.322+0000] {taskinstance.py:1289} INFO - Starting attempt 1 of 1
[2023-04-29T17:01:21.323+0000] {taskinstance.py:1290} INFO - 
--------------------------------------------------------------------------------
[2023-04-29T17:01:21.332+0000] {taskinstance.py:1309} INFO - Executing <Task(TriggerDagRunOperator): trigger_push_dag> on 2023-04-29 15:30:00+00:00
[2023-04-29T17:01:21.338+0000] {standard_task_runner.py:55} INFO - Started process 760 to run task
[2023-04-29T17:01:21.342+0000] {standard_task_runner.py:82} INFO - Running: ['***', 'tasks', 'run', 'scrape_and_save_to_csv', 'trigger_push_dag', 'scheduled__2023-04-29T15:30:00+00:00', '--job-id', '1796', '--raw', '--subdir', 'DAGS_FOLDER/scrape_and_save_csv_dag.py', '--cfg-path', '/tmp/tmp5sclku40']
[2023-04-29T17:01:21.345+0000] {standard_task_runner.py:83} INFO - Job 1796: Subtask trigger_push_dag
[2023-04-29T17:01:21.415+0000] {task_command.py:389} INFO - Running <TaskInstance: scrape_and_save_to_csv.trigger_push_dag scheduled__2023-04-29T15:30:00+00:00 [running]> on host b5cee175690f
[2023-04-29T17:01:21.468+0000] {taskinstance.py:1518} INFO - Exporting the following env vars:
AIRFLOW_CTX_DAG_OWNER=***
AIRFLOW_CTX_DAG_ID=scrape_and_save_to_csv
AIRFLOW_CTX_TASK_ID=trigger_push_dag
AIRFLOW_CTX_EXECUTION_DATE=2023-04-29T15:30:00+00:00
AIRFLOW_CTX_TRY_NUMBER=1
AIRFLOW_CTX_DAG_RUN_ID=scheduled__2023-04-29T15:30:00+00:00
[2023-04-29T17:01:21.543+0000] {taskinstance.py:1332} INFO - Marking task as SUCCESS. dag_id=scrape_and_save_to_csv, task_id=trigger_push_dag, execution_date=20230429T153000, start_date=20230429T170121, end_date=20230429T170121
[2023-04-29T17:01:21.593+0000] {local_task_job.py:212} INFO - Task exited with return code 0
[2023-04-29T17:01:21.610+0000] {taskinstance.py:2596} INFO - 0 downstream tasks scheduled from follow-on schedule check
