[2023-05-02T03:46:10.112+0000] {taskinstance.py:1090} INFO - Dependencies all met for dep_context=non-requeueable deps ti=<TaskInstance: scrape_and_save_to_csv.scrape_teams_25-30 scheduled__2023-05-02T02:30:00+00:00 [queued]>
[2023-05-02T03:46:10.151+0000] {taskinstance.py:1090} INFO - Dependencies all met for dep_context=requeueable deps ti=<TaskInstance: scrape_and_save_to_csv.scrape_teams_25-30 scheduled__2023-05-02T02:30:00+00:00 [queued]>
[2023-05-02T03:46:10.156+0000] {taskinstance.py:1288} INFO - 
--------------------------------------------------------------------------------
[2023-05-02T03:46:10.159+0000] {taskinstance.py:1289} INFO - Starting attempt 1 of 1
[2023-05-02T03:46:10.161+0000] {taskinstance.py:1290} INFO - 
--------------------------------------------------------------------------------
[2023-05-02T03:46:10.178+0000] {taskinstance.py:1309} INFO - Executing <Task(PythonOperator): scrape_teams_25-30> on 2023-05-02 02:30:00+00:00
[2023-05-02T03:46:10.210+0000] {standard_task_runner.py:55} INFO - Started process 11368 to run task
[2023-05-02T03:46:10.222+0000] {standard_task_runner.py:82} INFO - Running: ['***', 'tasks', 'run', 'scrape_and_save_to_csv', 'scrape_teams_25-30', 'scheduled__2023-05-02T02:30:00+00:00', '--job-id', '2147', '--raw', '--subdir', 'DAGS_FOLDER/scrape_and_save_csv_dag.py', '--cfg-path', '/tmp/tmp7rz__y1f']
[2023-05-02T03:46:10.250+0000] {standard_task_runner.py:83} INFO - Job 2147: Subtask scrape_teams_25-30
[2023-05-02T03:46:10.401+0000] {task_command.py:389} INFO - Running <TaskInstance: scrape_and_save_to_csv.scrape_teams_25-30 scheduled__2023-05-02T02:30:00+00:00 [running]> on host 5d4cd8acb346
[2023-05-02T03:46:10.510+0000] {taskinstance.py:1518} INFO - Exporting the following env vars:
AIRFLOW_CTX_DAG_OWNER=***
AIRFLOW_CTX_DAG_ID=scrape_and_save_to_csv
AIRFLOW_CTX_TASK_ID=scrape_teams_25-30
AIRFLOW_CTX_EXECUTION_DATE=2023-05-02T02:30:00+00:00
AIRFLOW_CTX_TRY_NUMBER=1
AIRFLOW_CTX_DAG_RUN_ID=scheduled__2023-05-02T02:30:00+00:00
[2023-05-02T03:46:32.443+0000] {warnings.py:110} WARNING - /home/***/.local/lib/python3.7/site-packages/***/utils/context.py:313: AirflowContextDeprecationWarning: Accessing 'execution_date' from the template is deprecated and will be removed in a future version. Please use 'data_interval_start' or 'logical_date' instead.
  warnings.warn(_create_deprecation_warning(k, replacements))

[2023-05-02T03:46:32.827+0000] {helpers.py:80} INFO - Portland Trail Blazers: Successfully scraped!
[2023-05-02T04:19:45.917+0000] {local_task_job.py:277} WARNING - State of this instance has been externally set to failed. Terminating instance.
[2023-05-02T04:19:45.922+0000] {process_utils.py:133} INFO - Sending Signals.SIGTERM to group 11368. PIDs of all processes in the group: [11368]
[2023-05-02T04:19:45.923+0000] {process_utils.py:84} INFO - Sending the signal Signals.SIGTERM to group 11368
[2023-05-02T04:19:45.925+0000] {taskinstance.py:1488} ERROR - Received SIGTERM. Terminating subprocesses.
[2023-05-02T04:19:45.931+0000] {logging_mixin.py:137} INFO - Task received SIGTERM signal
[2023-05-02T04:19:45.932+0000] {helpers.py:86} ERROR - Task received SIGTERM signal
[2023-05-02T04:19:45.933+0000] {helpers.py:87} ERROR - Retrying! 9 attempts before skipping!
[2023-05-02T04:19:49.561+0000] {helpers.py:80} INFO - Sacramento Kings: Successfully scraped!
[2023-05-02T04:19:52.714+0000] {helpers.py:80} INFO - San Antonio Spurs: Successfully scraped!
[2023-05-02T04:19:55.829+0000] {helpers.py:80} INFO - Toronto Raptors: Successfully scraped!
[2023-05-02T04:20:00.534+0000] {helpers.py:80} INFO - Utah Jazz: Successfully scraped!
[2023-05-02T04:20:03.790+0000] {helpers.py:80} INFO - Washington Wizards: Successfully scraped!
[2023-05-02T04:20:03.814+0000] {helpers.py:96} INFO - Saved in /opt/***/data/output_scrape_teams_25-30.csv
[2023-05-02T04:20:03.818+0000] {python.py:177} INFO - Done. Returned value was: None
[2023-05-02T04:20:03.830+0000] {taskinstance.py:1332} INFO - Marking task as SUCCESS. dag_id=scrape_and_save_to_csv, task_id=scrape_teams_25-30, execution_date=20230502T023000, start_date=20230502T034610, end_date=20230502T042003
[2023-05-02T04:20:03.896+0000] {process_utils.py:79} INFO - Process psutil.Process(pid=11368, status='terminated', exitcode=0, started='03:46:09') (11368) terminated with exit code 0
