[2023-05-10T02:07:57.422+0000] {taskinstance.py:1090} INFO - Dependencies all met for dep_context=non-requeueable deps ti=<TaskInstance: scrape_and_save_to_csv.scrape_teams_17-24 scheduled__2022-05-05T23:00:00+00:00 [queued]>
[2023-05-10T02:07:57.437+0000] {taskinstance.py:1090} INFO - Dependencies all met for dep_context=requeueable deps ti=<TaskInstance: scrape_and_save_to_csv.scrape_teams_17-24 scheduled__2022-05-05T23:00:00+00:00 [queued]>
[2023-05-10T02:07:57.442+0000] {taskinstance.py:1288} INFO - 
--------------------------------------------------------------------------------
[2023-05-10T02:07:57.465+0000] {taskinstance.py:1289} INFO - Starting attempt 1 of 1
[2023-05-10T02:07:57.466+0000] {taskinstance.py:1290} INFO - 
--------------------------------------------------------------------------------
[2023-05-10T02:07:57.482+0000] {taskinstance.py:1309} INFO - Executing <Task(PythonOperator): scrape_teams_17-24> on 2022-05-05 23:00:00+00:00
[2023-05-10T02:07:57.492+0000] {standard_task_runner.py:55} INFO - Started process 17153 to run task
[2023-05-10T02:07:57.505+0000] {standard_task_runner.py:82} INFO - Running: ['***', 'tasks', 'run', 'scrape_and_save_to_csv', 'scrape_teams_17-24', 'scheduled__2022-05-05T23:00:00+00:00', '--job-id', '3998', '--raw', '--subdir', 'DAGS_FOLDER/scrape_and_push_dag.py', '--cfg-path', '/tmp/tmplcokioid']
[2023-05-10T02:07:57.514+0000] {standard_task_runner.py:83} INFO - Job 3998: Subtask scrape_teams_17-24
[2023-05-10T02:07:57.623+0000] {task_command.py:389} INFO - Running <TaskInstance: scrape_and_save_to_csv.scrape_teams_17-24 scheduled__2022-05-05T23:00:00+00:00 [running]> on host f41dbfa3d325
[2023-05-10T02:07:57.676+0000] {warnings.py:110} WARNING - /home/***/.local/lib/python3.7/site-packages/***/utils/context.py:205: AirflowContextDeprecationWarning: Accessing 'execution_date' from the template is deprecated and will be removed in a future version. Please use 'data_interval_start' or 'logical_date' instead.
  warnings.warn(_create_deprecation_warning(key, self._deprecation_replacements[key]))

[2023-05-10T02:07:57.720+0000] {taskinstance.py:1518} INFO - Exporting the following env vars:
AIRFLOW_CTX_DAG_OWNER=***
AIRFLOW_CTX_DAG_ID=scrape_and_save_to_csv
AIRFLOW_CTX_TASK_ID=scrape_teams_17-24
AIRFLOW_CTX_EXECUTION_DATE=2022-05-05T23:00:00+00:00
AIRFLOW_CTX_TRY_NUMBER=1
AIRFLOW_CTX_DAG_RUN_ID=scheduled__2022-05-05T23:00:00+00:00
[2023-05-10T02:07:59.253+0000] {helpers.py:97} ERROR - type object 'datetime.datetime' has no attribute 'datetime'
[2023-05-10T02:07:59.254+0000] {helpers.py:98} ERROR - Retrying! 9 attempts before skipping!
[2023-05-10T02:08:01.015+0000] {helpers.py:97} ERROR - type object 'datetime.datetime' has no attribute 'datetime'
[2023-05-10T02:08:01.016+0000] {helpers.py:98} ERROR - Retrying! 8 attempts before skipping!
[2023-05-10T02:08:02.730+0000] {helpers.py:97} ERROR - type object 'datetime.datetime' has no attribute 'datetime'
[2023-05-10T02:08:02.731+0000] {helpers.py:98} ERROR - Retrying! 7 attempts before skipping!
[2023-05-10T02:08:05.447+0000] {helpers.py:97} ERROR - type object 'datetime.datetime' has no attribute 'datetime'
[2023-05-10T02:08:05.451+0000] {helpers.py:98} ERROR - Retrying! 6 attempts before skipping!
[2023-05-10T02:08:09.204+0000] {helpers.py:97} ERROR - type object 'datetime.datetime' has no attribute 'datetime'
[2023-05-10T02:08:09.205+0000] {helpers.py:98} ERROR - Retrying! 5 attempts before skipping!
[2023-05-10T02:08:13.056+0000] {helpers.py:97} ERROR - type object 'datetime.datetime' has no attribute 'datetime'
[2023-05-10T02:08:13.058+0000] {helpers.py:98} ERROR - Retrying! 4 attempts before skipping!
[2023-05-10T02:08:17.126+0000] {helpers.py:97} ERROR - type object 'datetime.datetime' has no attribute 'datetime'
[2023-05-10T02:08:17.130+0000] {helpers.py:98} ERROR - Retrying! 3 attempts before skipping!
[2023-05-10T02:08:20.905+0000] {helpers.py:97} ERROR - type object 'datetime.datetime' has no attribute 'datetime'
[2023-05-10T02:08:20.908+0000] {helpers.py:98} ERROR - Retrying! 2 attempts before skipping!
[2023-05-10T02:08:24.648+0000] {helpers.py:97} ERROR - type object 'datetime.datetime' has no attribute 'datetime'
[2023-05-10T02:08:24.651+0000] {helpers.py:98} ERROR - Retrying! 1 attempts before skipping!
[2023-05-10T02:08:28.951+0000] {helpers.py:97} ERROR - type object 'datetime.datetime' has no attribute 'datetime'
[2023-05-10T02:08:28.955+0000] {helpers.py:98} ERROR - Retrying! 0 attempts before skipping!
[2023-05-10T02:08:32.877+0000] {helpers.py:97} ERROR - type object 'datetime.datetime' has no attribute 'datetime'
[2023-05-10T02:08:32.879+0000] {helpers.py:98} ERROR - Retrying! -1 attempts before skipping!
[2023-05-10T02:08:36.764+0000] {helpers.py:97} ERROR - type object 'datetime.datetime' has no attribute 'datetime'
[2023-05-10T02:08:36.767+0000] {helpers.py:98} ERROR - Retrying! 9 attempts before skipping!
[2023-05-10T02:08:41.006+0000] {helpers.py:97} ERROR - type object 'datetime.datetime' has no attribute 'datetime'
[2023-05-10T02:08:41.010+0000] {helpers.py:98} ERROR - Retrying! 8 attempts before skipping!
[2023-05-10T02:08:44.824+0000] {helpers.py:97} ERROR - type object 'datetime.datetime' has no attribute 'datetime'
[2023-05-10T02:08:44.826+0000] {helpers.py:98} ERROR - Retrying! 7 attempts before skipping!
[2023-05-10T02:08:48.710+0000] {helpers.py:97} ERROR - type object 'datetime.datetime' has no attribute 'datetime'
[2023-05-10T02:08:48.716+0000] {helpers.py:98} ERROR - Retrying! 6 attempts before skipping!
[2023-05-10T02:08:53.264+0000] {helpers.py:97} ERROR - type object 'datetime.datetime' has no attribute 'datetime'
[2023-05-10T02:08:53.266+0000] {helpers.py:98} ERROR - Retrying! 5 attempts before skipping!
[2023-05-10T02:08:56.769+0000] {helpers.py:97} ERROR - type object 'datetime.datetime' has no attribute 'datetime'
[2023-05-10T02:08:56.770+0000] {helpers.py:98} ERROR - Retrying! 4 attempts before skipping!
[2023-05-10T02:09:00.579+0000] {helpers.py:97} ERROR - type object 'datetime.datetime' has no attribute 'datetime'
[2023-05-10T02:09:00.583+0000] {helpers.py:98} ERROR - Retrying! 3 attempts before skipping!
[2023-05-10T02:09:04.959+0000] {helpers.py:97} ERROR - type object 'datetime.datetime' has no attribute 'datetime'
[2023-05-10T02:09:04.961+0000] {helpers.py:98} ERROR - Retrying! 2 attempts before skipping!
[2023-05-10T02:09:08.854+0000] {helpers.py:97} ERROR - type object 'datetime.datetime' has no attribute 'datetime'
[2023-05-10T02:09:08.857+0000] {helpers.py:98} ERROR - Retrying! 1 attempts before skipping!
[2023-05-10T02:09:12.672+0000] {helpers.py:97} ERROR - type object 'datetime.datetime' has no attribute 'datetime'
[2023-05-10T02:09:12.675+0000] {helpers.py:98} ERROR - Retrying! 0 attempts before skipping!
[2023-05-10T02:09:16.940+0000] {helpers.py:97} ERROR - type object 'datetime.datetime' has no attribute 'datetime'
[2023-05-10T02:09:16.941+0000] {helpers.py:98} ERROR - Retrying! -1 attempts before skipping!
[2023-05-10T02:09:20.648+0000] {helpers.py:97} ERROR - type object 'datetime.datetime' has no attribute 'datetime'
[2023-05-10T02:09:20.651+0000] {helpers.py:98} ERROR - Retrying! 9 attempts before skipping!
[2023-05-10T02:09:24.444+0000] {helpers.py:97} ERROR - type object 'datetime.datetime' has no attribute 'datetime'
[2023-05-10T02:09:24.447+0000] {helpers.py:98} ERROR - Retrying! 8 attempts before skipping!
[2023-05-10T02:09:28.628+0000] {helpers.py:97} ERROR - type object 'datetime.datetime' has no attribute 'datetime'
[2023-05-10T02:09:28.629+0000] {helpers.py:98} ERROR - Retrying! 7 attempts before skipping!
[2023-05-10T02:09:32.308+0000] {helpers.py:97} ERROR - type object 'datetime.datetime' has no attribute 'datetime'
[2023-05-10T02:09:32.310+0000] {helpers.py:98} ERROR - Retrying! 6 attempts before skipping!
[2023-05-10T02:09:36.528+0000] {helpers.py:97} ERROR - type object 'datetime.datetime' has no attribute 'datetime'
[2023-05-10T02:09:36.531+0000] {helpers.py:98} ERROR - Retrying! 5 attempts before skipping!
[2023-05-10T02:09:40.744+0000] {helpers.py:97} ERROR - type object 'datetime.datetime' has no attribute 'datetime'
[2023-05-10T02:09:40.747+0000] {helpers.py:98} ERROR - Retrying! 4 attempts before skipping!
[2023-05-10T02:09:44.464+0000] {helpers.py:97} ERROR - type object 'datetime.datetime' has no attribute 'datetime'
[2023-05-10T02:09:44.467+0000] {helpers.py:98} ERROR - Retrying! 3 attempts before skipping!
[2023-05-10T02:09:48.620+0000] {helpers.py:97} ERROR - type object 'datetime.datetime' has no attribute 'datetime'
[2023-05-10T02:09:48.624+0000] {helpers.py:98} ERROR - Retrying! 2 attempts before skipping!
[2023-05-10T02:09:52.307+0000] {helpers.py:97} ERROR - type object 'datetime.datetime' has no attribute 'datetime'
[2023-05-10T02:09:52.309+0000] {helpers.py:98} ERROR - Retrying! 1 attempts before skipping!
[2023-05-10T02:09:56.509+0000] {helpers.py:97} ERROR - type object 'datetime.datetime' has no attribute 'datetime'
[2023-05-10T02:09:56.515+0000] {helpers.py:98} ERROR - Retrying! 0 attempts before skipping!
[2023-05-10T02:10:02.331+0000] {helpers.py:97} ERROR - type object 'datetime.datetime' has no attribute 'datetime'
[2023-05-10T02:10:02.338+0000] {helpers.py:98} ERROR - Retrying! -1 attempts before skipping!
[2023-05-10T02:10:04.602+0000] {helpers.py:97} ERROR - type object 'datetime.datetime' has no attribute 'datetime'
[2023-05-10T02:10:04.603+0000] {helpers.py:98} ERROR - Retrying! 9 attempts before skipping!
[2023-05-10T02:10:07.919+0000] {helpers.py:97} ERROR - type object 'datetime.datetime' has no attribute 'datetime'
[2023-05-10T02:10:07.930+0000] {helpers.py:98} ERROR - Retrying! 8 attempts before skipping!
[2023-05-10T02:10:11.166+0000] {helpers.py:97} ERROR - type object 'datetime.datetime' has no attribute 'datetime'
[2023-05-10T02:10:11.169+0000] {helpers.py:98} ERROR - Retrying! 7 attempts before skipping!
[2023-05-10T02:10:14.996+0000] {helpers.py:97} ERROR - type object 'datetime.datetime' has no attribute 'datetime'
[2023-05-10T02:10:14.999+0000] {helpers.py:98} ERROR - Retrying! 6 attempts before skipping!
[2023-05-10T02:10:18.757+0000] {helpers.py:97} ERROR - type object 'datetime.datetime' has no attribute 'datetime'
[2023-05-10T02:10:18.759+0000] {helpers.py:98} ERROR - Retrying! 5 attempts before skipping!
[2023-05-10T02:10:22.503+0000] {helpers.py:97} ERROR - type object 'datetime.datetime' has no attribute 'datetime'
[2023-05-10T02:10:22.505+0000] {helpers.py:98} ERROR - Retrying! 4 attempts before skipping!
[2023-05-10T02:10:26.722+0000] {helpers.py:97} ERROR - type object 'datetime.datetime' has no attribute 'datetime'
[2023-05-10T02:10:26.726+0000] {helpers.py:98} ERROR - Retrying! 3 attempts before skipping!
[2023-05-10T02:10:30.475+0000] {helpers.py:97} ERROR - type object 'datetime.datetime' has no attribute 'datetime'
[2023-05-10T02:10:30.476+0000] {helpers.py:98} ERROR - Retrying! 2 attempts before skipping!
[2023-05-10T02:10:34.947+0000] {helpers.py:97} ERROR - type object 'datetime.datetime' has no attribute 'datetime'
[2023-05-10T02:10:34.960+0000] {helpers.py:98} ERROR - Retrying! 1 attempts before skipping!
[2023-05-10T02:10:38.822+0000] {helpers.py:97} ERROR - type object 'datetime.datetime' has no attribute 'datetime'
[2023-05-10T02:10:38.824+0000] {helpers.py:98} ERROR - Retrying! 0 attempts before skipping!
[2023-05-10T02:12:23.070+0000] {helpers.py:97} ERROR - type object 'datetime.datetime' has no attribute 'datetime'
[2023-05-10T02:12:23.071+0000] {helpers.py:98} ERROR - Retrying! -1 attempts before skipping!
[2023-05-10T02:12:24.762+0000] {helpers.py:97} ERROR - type object 'datetime.datetime' has no attribute 'datetime'
[2023-05-10T02:12:24.763+0000] {helpers.py:98} ERROR - Retrying! 9 attempts before skipping!
[2023-05-10T02:12:26.462+0000] {helpers.py:97} ERROR - type object 'datetime.datetime' has no attribute 'datetime'
[2023-05-10T02:12:26.470+0000] {helpers.py:98} ERROR - Retrying! 8 attempts before skipping!
[2023-05-10T02:12:28.200+0000] {helpers.py:97} ERROR - type object 'datetime.datetime' has no attribute 'datetime'
[2023-05-10T02:12:28.203+0000] {helpers.py:98} ERROR - Retrying! 7 attempts before skipping!
[2023-05-10T02:12:29.877+0000] {helpers.py:97} ERROR - type object 'datetime.datetime' has no attribute 'datetime'
[2023-05-10T02:12:29.880+0000] {helpers.py:98} ERROR - Retrying! 6 attempts before skipping!
[2023-05-10T02:12:31.582+0000] {helpers.py:97} ERROR - type object 'datetime.datetime' has no attribute 'datetime'
[2023-05-10T02:12:31.584+0000] {helpers.py:98} ERROR - Retrying! 5 attempts before skipping!
[2023-05-10T02:12:33.582+0000] {helpers.py:97} ERROR - type object 'datetime.datetime' has no attribute 'datetime'
[2023-05-10T02:12:33.584+0000] {helpers.py:98} ERROR - Retrying! 4 attempts before skipping!
[2023-05-10T02:12:35.365+0000] {helpers.py:97} ERROR - type object 'datetime.datetime' has no attribute 'datetime'
[2023-05-10T02:12:35.368+0000] {helpers.py:98} ERROR - Retrying! 3 attempts before skipping!
[2023-05-10T02:12:37.169+0000] {helpers.py:97} ERROR - type object 'datetime.datetime' has no attribute 'datetime'
[2023-05-10T02:12:37.173+0000] {helpers.py:98} ERROR - Retrying! 2 attempts before skipping!
[2023-05-10T02:12:38.912+0000] {helpers.py:97} ERROR - type object 'datetime.datetime' has no attribute 'datetime'
[2023-05-10T02:12:38.926+0000] {helpers.py:98} ERROR - Retrying! 1 attempts before skipping!
[2023-05-10T02:12:40.588+0000] {helpers.py:97} ERROR - type object 'datetime.datetime' has no attribute 'datetime'
[2023-05-10T02:12:40.590+0000] {helpers.py:98} ERROR - Retrying! 0 attempts before skipping!
[2023-05-10T02:12:42.282+0000] {helpers.py:97} ERROR - type object 'datetime.datetime' has no attribute 'datetime'
[2023-05-10T02:12:42.285+0000] {helpers.py:98} ERROR - Retrying! -1 attempts before skipping!
[2023-05-10T02:12:44.014+0000] {helpers.py:97} ERROR - type object 'datetime.datetime' has no attribute 'datetime'
[2023-05-10T02:12:44.015+0000] {helpers.py:98} ERROR - Retrying! 9 attempts before skipping!
[2023-05-10T02:12:45.823+0000] {helpers.py:97} ERROR - type object 'datetime.datetime' has no attribute 'datetime'
[2023-05-10T02:12:45.827+0000] {helpers.py:98} ERROR - Retrying! 8 attempts before skipping!
[2023-05-10T02:12:47.586+0000] {helpers.py:97} ERROR - type object 'datetime.datetime' has no attribute 'datetime'
[2023-05-10T02:12:47.587+0000] {helpers.py:98} ERROR - Retrying! 7 attempts before skipping!
[2023-05-10T02:12:49.367+0000] {helpers.py:97} ERROR - type object 'datetime.datetime' has no attribute 'datetime'
[2023-05-10T02:12:49.369+0000] {helpers.py:98} ERROR - Retrying! 6 attempts before skipping!
[2023-05-10T02:12:51.003+0000] {helpers.py:97} ERROR - type object 'datetime.datetime' has no attribute 'datetime'
[2023-05-10T02:12:51.008+0000] {helpers.py:98} ERROR - Retrying! 5 attempts before skipping!
[2023-05-10T02:12:52.694+0000] {helpers.py:97} ERROR - type object 'datetime.datetime' has no attribute 'datetime'
[2023-05-10T02:12:52.702+0000] {helpers.py:98} ERROR - Retrying! 4 attempts before skipping!
[2023-05-10T02:12:54.505+0000] {helpers.py:97} ERROR - type object 'datetime.datetime' has no attribute 'datetime'
[2023-05-10T02:12:54.507+0000] {helpers.py:98} ERROR - Retrying! 3 attempts before skipping!
[2023-05-10T02:12:56.210+0000] {helpers.py:97} ERROR - type object 'datetime.datetime' has no attribute 'datetime'
[2023-05-10T02:12:56.212+0000] {helpers.py:98} ERROR - Retrying! 2 attempts before skipping!
[2023-05-10T02:12:57.986+0000] {helpers.py:97} ERROR - type object 'datetime.datetime' has no attribute 'datetime'
[2023-05-10T02:12:58.005+0000] {helpers.py:98} ERROR - Retrying! 1 attempts before skipping!
[2023-05-10T02:12:59.722+0000] {helpers.py:97} ERROR - type object 'datetime.datetime' has no attribute 'datetime'
[2023-05-10T02:12:59.724+0000] {helpers.py:98} ERROR - Retrying! 0 attempts before skipping!
[2023-05-10T02:13:01.508+0000] {helpers.py:97} ERROR - type object 'datetime.datetime' has no attribute 'datetime'
[2023-05-10T02:13:01.509+0000] {helpers.py:98} ERROR - Retrying! -1 attempts before skipping!
[2023-05-10T02:13:03.284+0000] {helpers.py:97} ERROR - type object 'datetime.datetime' has no attribute 'datetime'
[2023-05-10T02:13:03.286+0000] {helpers.py:98} ERROR - Retrying! 9 attempts before skipping!
[2023-05-10T02:13:05.077+0000] {helpers.py:97} ERROR - type object 'datetime.datetime' has no attribute 'datetime'
[2023-05-10T02:13:05.079+0000] {helpers.py:98} ERROR - Retrying! 8 attempts before skipping!
[2023-05-10T02:13:06.870+0000] {helpers.py:97} ERROR - type object 'datetime.datetime' has no attribute 'datetime'
[2023-05-10T02:13:06.871+0000] {helpers.py:98} ERROR - Retrying! 7 attempts before skipping!
[2023-05-10T02:13:08.887+0000] {helpers.py:97} ERROR - type object 'datetime.datetime' has no attribute 'datetime'
[2023-05-10T02:13:08.890+0000] {helpers.py:98} ERROR - Retrying! 6 attempts before skipping!
[2023-05-10T02:13:10.582+0000] {helpers.py:97} ERROR - type object 'datetime.datetime' has no attribute 'datetime'
[2023-05-10T02:13:10.583+0000] {helpers.py:98} ERROR - Retrying! 5 attempts before skipping!
[2023-05-10T02:13:12.685+0000] {helpers.py:97} ERROR - type object 'datetime.datetime' has no attribute 'datetime'
[2023-05-10T02:13:12.686+0000] {helpers.py:98} ERROR - Retrying! 4 attempts before skipping!
[2023-05-10T02:13:14.479+0000] {helpers.py:97} ERROR - type object 'datetime.datetime' has no attribute 'datetime'
[2023-05-10T02:13:14.484+0000] {helpers.py:98} ERROR - Retrying! 3 attempts before skipping!
[2023-05-10T02:13:16.454+0000] {helpers.py:97} ERROR - type object 'datetime.datetime' has no attribute 'datetime'
[2023-05-10T02:13:16.457+0000] {helpers.py:98} ERROR - Retrying! 2 attempts before skipping!
[2023-05-10T02:13:18.356+0000] {helpers.py:97} ERROR - type object 'datetime.datetime' has no attribute 'datetime'
[2023-05-10T02:13:18.357+0000] {helpers.py:98} ERROR - Retrying! 1 attempts before skipping!
[2023-05-10T02:13:20.178+0000] {helpers.py:97} ERROR - type object 'datetime.datetime' has no attribute 'datetime'
[2023-05-10T02:13:20.179+0000] {helpers.py:98} ERROR - Retrying! 0 attempts before skipping!
[2023-05-10T02:13:22.023+0000] {helpers.py:97} ERROR - type object 'datetime.datetime' has no attribute 'datetime'
[2023-05-10T02:13:22.025+0000] {helpers.py:98} ERROR - Retrying! -1 attempts before skipping!
[2023-05-10T02:13:23.792+0000] {helpers.py:97} ERROR - type object 'datetime.datetime' has no attribute 'datetime'
[2023-05-10T02:13:23.794+0000] {helpers.py:98} ERROR - Retrying! 9 attempts before skipping!
[2023-05-10T02:13:25.533+0000] {helpers.py:97} ERROR - type object 'datetime.datetime' has no attribute 'datetime'
[2023-05-10T02:13:25.534+0000] {helpers.py:98} ERROR - Retrying! 8 attempts before skipping!
[2023-05-10T02:13:27.313+0000] {helpers.py:97} ERROR - type object 'datetime.datetime' has no attribute 'datetime'
[2023-05-10T02:13:27.315+0000] {helpers.py:98} ERROR - Retrying! 7 attempts before skipping!
[2023-05-10T02:13:29.090+0000] {helpers.py:97} ERROR - type object 'datetime.datetime' has no attribute 'datetime'
[2023-05-10T02:13:29.093+0000] {helpers.py:98} ERROR - Retrying! 6 attempts before skipping!
[2023-05-10T02:13:30.745+0000] {helpers.py:97} ERROR - type object 'datetime.datetime' has no attribute 'datetime'
[2023-05-10T02:13:30.748+0000] {helpers.py:98} ERROR - Retrying! 5 attempts before skipping!
[2023-05-10T02:13:32.348+0000] {helpers.py:97} ERROR - type object 'datetime.datetime' has no attribute 'datetime'
[2023-05-10T02:13:32.349+0000] {helpers.py:98} ERROR - Retrying! 4 attempts before skipping!
[2023-05-10T02:13:33.994+0000] {helpers.py:97} ERROR - type object 'datetime.datetime' has no attribute 'datetime'
[2023-05-10T02:13:33.996+0000] {helpers.py:98} ERROR - Retrying! 3 attempts before skipping!
[2023-05-10T02:13:35.669+0000] {helpers.py:97} ERROR - type object 'datetime.datetime' has no attribute 'datetime'
[2023-05-10T02:13:35.673+0000] {helpers.py:98} ERROR - Retrying! 2 attempts before skipping!
[2023-05-10T02:13:37.282+0000] {helpers.py:97} ERROR - type object 'datetime.datetime' has no attribute 'datetime'
[2023-05-10T02:13:37.284+0000] {helpers.py:98} ERROR - Retrying! 1 attempts before skipping!
[2023-05-10T02:13:39.002+0000] {helpers.py:97} ERROR - type object 'datetime.datetime' has no attribute 'datetime'
[2023-05-10T02:13:39.004+0000] {helpers.py:98} ERROR - Retrying! 0 attempts before skipping!
[2023-05-10T02:13:40.695+0000] {helpers.py:97} ERROR - type object 'datetime.datetime' has no attribute 'datetime'
[2023-05-10T02:13:40.697+0000] {helpers.py:98} ERROR - Retrying! -1 attempts before skipping!
[2023-05-10T02:13:41.724+0000] {helpers.py:107} INFO - Saved in /opt/***/data/output_scrape_teams_17-24.csv
[2023-05-10T02:13:41.732+0000] {python.py:177} INFO - Done. Returned value was: None
[2023-05-10T02:13:41.781+0000] {taskinstance.py:1332} INFO - Marking task as SUCCESS. dag_id=scrape_and_save_to_csv, task_id=scrape_teams_17-24, execution_date=20220505T230000, start_date=20230510T020757, end_date=20230510T021341
[2023-05-10T02:13:41.910+0000] {local_task_job.py:212} INFO - Task exited with return code 0
[2023-05-10T02:13:41.955+0000] {taskinstance.py:2596} INFO - 1 downstream tasks scheduled from follow-on schedule check
