[2023-05-03T12:38:32.923+0000] {taskinstance.py:1090} INFO - Dependencies all met for dep_context=non-requeueable deps ti=<TaskInstance: scrape_and_save_to_csv.scrape_teams_17-24 scheduled__2023-05-03T06:30:00+00:00 [queued]>
[2023-05-03T12:38:33.016+0000] {taskinstance.py:1090} INFO - Dependencies all met for dep_context=requeueable deps ti=<TaskInstance: scrape_and_save_to_csv.scrape_teams_17-24 scheduled__2023-05-03T06:30:00+00:00 [queued]>
[2023-05-03T12:38:33.026+0000] {taskinstance.py:1288} INFO - 
--------------------------------------------------------------------------------
[2023-05-03T12:38:33.036+0000] {taskinstance.py:1289} INFO - Starting attempt 1 of 1
[2023-05-03T12:38:33.038+0000] {taskinstance.py:1290} INFO - 
--------------------------------------------------------------------------------
[2023-05-03T12:38:33.148+0000] {taskinstance.py:1309} INFO - Executing <Task(PythonOperator): scrape_teams_17-24> on 2023-05-03 06:30:00+00:00
[2023-05-03T12:38:33.333+0000] {standard_task_runner.py:55} INFO - Started process 31584 to run task
[2023-05-03T12:38:33.413+0000] {standard_task_runner.py:82} INFO - Running: ['***', 'tasks', 'run', 'scrape_and_save_to_csv', 'scrape_teams_17-24', 'scheduled__2023-05-03T06:30:00+00:00', '--job-id', '2336', '--raw', '--subdir', 'DAGS_FOLDER/scrape_and_save_csv_dag.py', '--cfg-path', '/tmp/tmp6jmlei9y']
[2023-05-03T12:38:33.442+0000] {standard_task_runner.py:83} INFO - Job 2336: Subtask scrape_teams_17-24
[2023-05-03T12:38:34.125+0000] {task_command.py:389} INFO - Running <TaskInstance: scrape_and_save_to_csv.scrape_teams_17-24 scheduled__2023-05-03T06:30:00+00:00 [running]> on host 5d4cd8acb346
[2023-05-03T12:38:34.825+0000] {taskinstance.py:1518} INFO - Exporting the following env vars:
AIRFLOW_CTX_DAG_OWNER=***
AIRFLOW_CTX_DAG_ID=scrape_and_save_to_csv
AIRFLOW_CTX_TASK_ID=scrape_teams_17-24
AIRFLOW_CTX_EXECUTION_DATE=2023-05-03T06:30:00+00:00
AIRFLOW_CTX_TRY_NUMBER=1
AIRFLOW_CTX_DAG_RUN_ID=scheduled__2023-05-03T06:30:00+00:00
[2023-05-03T14:17:48.137+0000] {local_task_job.py:277} WARNING - State of this instance has been externally set to failed. Terminating instance.
[2023-05-03T14:17:48.175+0000] {process_utils.py:133} INFO - Sending Signals.SIGTERM to group 31584. PIDs of all processes in the group: [31584]
[2023-05-03T14:17:48.603+0000] {process_utils.py:84} INFO - Sending the signal Signals.SIGTERM to group 31584
[2023-05-03T14:17:48.649+0000] {taskinstance.py:1488} ERROR - Received SIGTERM. Terminating subprocesses.
[2023-05-03T14:17:48.920+0000] {logging_mixin.py:137} INFO - Task received SIGTERM signal
[2023-05-03T14:17:48.971+0000] {helpers.py:86} ERROR - Task received SIGTERM signal
[2023-05-03T14:17:48.991+0000] {helpers.py:87} ERROR - Retrying! 9 attempts before skipping!
[2023-05-03T14:17:53.908+0000] {warnings.py:110} WARNING - /home/***/.local/lib/python3.7/site-packages/***/utils/context.py:313: AirflowContextDeprecationWarning: Accessing 'execution_date' from the template is deprecated and will be removed in a future version. Please use 'data_interval_start' or 'logical_date' instead.
  warnings.warn(_create_deprecation_warning(k, replacements))

[2023-05-03T14:17:55.865+0000] {helpers.py:80} INFO - Milwaukee Bucks: Successfully scraped!
[2023-05-03T14:18:00.892+0000] {helpers.py:80} INFO - Minnesota Timberwolves: Successfully scraped!
[2023-05-03T14:18:01.090+0000] {logging_mixin.py:137} INFO - Expecting value: line 1 column 1 (char 0)
[2023-05-03T14:18:01.094+0000] {helpers.py:86} ERROR - Expecting value: line 1 column 1 (char 0)
[2023-05-03T14:18:01.095+0000] {helpers.py:87} ERROR - Retrying! 9 attempts before skipping!
[2023-05-03T14:52:13.070+0000] {helpers.py:80} INFO - New Orleans Pelicans: Successfully scraped!
[2023-05-03T14:52:19.212+0000] {helpers.py:80} INFO - New York Knicks: Successfully scraped!
[2023-05-03T14:52:24.242+0000] {helpers.py:80} INFO - Oklahoma City Thunder: Successfully scraped!
[2023-05-03T14:52:27.519+0000] {logging_mixin.py:137} INFO - ("Connection broken: InvalidChunkLength(got length b'', 0 bytes read)", InvalidChunkLength(got length b'', 0 bytes read))
[2023-05-03T14:52:27.622+0000] {helpers.py:86} ERROR - ("Connection broken: InvalidChunkLength(got length b'', 0 bytes read)", InvalidChunkLength(got length b'', 0 bytes read))
[2023-05-03T14:52:27.665+0000] {helpers.py:87} ERROR - Retrying! 9 attempts before skipping!
[2023-05-03T16:13:17.838+0000] {process_utils.py:147} WARNING - process psutil.Process(pid=31584, name='airflow task ru', status='sleeping', started='12:38:32') did not respond to SIGTERM. Trying SIGKILL
[2023-05-03T16:13:17.894+0000] {process_utils.py:84} INFO - Sending the signal Signals.SIGKILL to group 31584
[2023-05-03T16:13:18.528+0000] {process_utils.py:79} INFO - Process psutil.Process(pid=31584, name='airflow task ru', status='terminated', exitcode=<Negsignal.SIGKILL: -9>, started='12:38:32') (31584) terminated with exit code Negsignal.SIGKILL
[2023-05-03T16:13:18.538+0000] {standard_task_runner.py:170} ERROR - Job 2336 was killed before it finished (likely due to running out of memory)
