[2023-04-28T05:20:47.988+0000] {taskinstance.py:1090} INFO - Dependencies all met for dep_context=non-requeueable deps ti=<TaskInstance: reddit_scrape.teams_17-24 manual__2023-04-28T05:20:44.015225+00:00 [queued]>
[2023-04-28T05:20:48.014+0000] {taskinstance.py:1090} INFO - Dependencies all met for dep_context=requeueable deps ti=<TaskInstance: reddit_scrape.teams_17-24 manual__2023-04-28T05:20:44.015225+00:00 [queued]>
[2023-04-28T05:20:48.017+0000] {taskinstance.py:1288} INFO - 
--------------------------------------------------------------------------------
[2023-04-28T05:20:48.018+0000] {taskinstance.py:1289} INFO - Starting attempt 1 of 1
[2023-04-28T05:20:48.020+0000] {taskinstance.py:1290} INFO - 
--------------------------------------------------------------------------------
[2023-04-28T05:20:48.042+0000] {taskinstance.py:1309} INFO - Executing <Task(PythonOperator): teams_17-24> on 2023-04-28 05:20:44.015225+00:00
[2023-04-28T05:20:48.049+0000] {standard_task_runner.py:55} INFO - Started process 1443 to run task
[2023-04-28T05:20:48.058+0000] {standard_task_runner.py:82} INFO - Running: ['***', 'tasks', 'run', 'reddit_scrape', 'teams_17-24', 'manual__2023-04-28T05:20:44.015225+00:00', '--job-id', '1678', '--raw', '--subdir', 'DAGS_FOLDER/reddit_scrape.py', '--cfg-path', '/tmp/tmpzchv5043']
[2023-04-28T05:20:48.064+0000] {standard_task_runner.py:83} INFO - Job 1678: Subtask teams_17-24
[2023-04-28T05:20:48.221+0000] {task_command.py:389} INFO - Running <TaskInstance: reddit_scrape.teams_17-24 manual__2023-04-28T05:20:44.015225+00:00 [running]> on host 06bfdeeadc0b
[2023-04-28T05:20:48.330+0000] {taskinstance.py:1518} INFO - Exporting the following env vars:
AIRFLOW_CTX_DAG_OWNER=***
AIRFLOW_CTX_DAG_ID=reddit_scrape
AIRFLOW_CTX_TASK_ID=teams_17-24
AIRFLOW_CTX_EXECUTION_DATE=2023-04-28T05:20:44.015225+00:00
AIRFLOW_CTX_TRY_NUMBER=1
AIRFLOW_CTX_DAG_RUN_ID=manual__2023-04-28T05:20:44.015225+00:00
[2023-04-28T05:20:49.605+0000] {warnings.py:110} WARNING - /home/***/.local/lib/python3.7/site-packages/***/utils/context.py:313: AirflowContextDeprecationWarning: Accessing 'execution_date' from the template is deprecated and will be removed in a future version. Please use 'data_interval_start' or 'logical_date' instead.
  warnings.warn(_create_deprecation_warning(k, replacements))

[2023-04-28T05:20:49.609+0000] {reddit_scrape.py:42} INFO - /opt/***/output_teams_17-24.csv
[2023-04-28T05:20:49.610+0000] {reddit_scrape.py:43} INFO - Success!
[2023-04-28T05:20:50.291+0000] {reddit_scrape.py:42} INFO - /opt/***/output_teams_17-24.csv
[2023-04-28T05:20:50.293+0000] {reddit_scrape.py:43} INFO - Success!
[2023-04-28T05:20:51.225+0000] {reddit_scrape.py:42} INFO - /opt/***/output_teams_17-24.csv
[2023-04-28T05:20:51.228+0000] {reddit_scrape.py:43} INFO - Success!
[2023-04-28T05:20:52.481+0000] {reddit_scrape.py:42} INFO - /opt/***/output_teams_17-24.csv
[2023-04-28T05:20:52.484+0000] {reddit_scrape.py:43} INFO - Success!
[2023-04-28T05:20:53.363+0000] {reddit_scrape.py:42} INFO - /opt/***/output_teams_17-24.csv
[2023-04-28T05:20:53.364+0000] {reddit_scrape.py:43} INFO - Success!
[2023-04-28T05:20:54.505+0000] {reddit_scrape.py:42} INFO - /opt/***/output_teams_17-24.csv
[2023-04-28T05:20:54.506+0000] {reddit_scrape.py:43} INFO - Success!
[2023-04-28T05:20:56.329+0000] {reddit_scrape.py:42} INFO - /opt/***/output_teams_17-24.csv
[2023-04-28T05:20:56.332+0000] {reddit_scrape.py:43} INFO - Success!
[2023-04-28T05:20:57.383+0000] {reddit_scrape.py:42} INFO - /opt/***/output_teams_17-24.csv
[2023-04-28T05:20:57.385+0000] {reddit_scrape.py:43} INFO - Success!
[2023-04-28T05:20:57.396+0000] {python.py:177} INFO - Done. Returned value was: None
[2023-04-28T05:20:57.411+0000] {taskinstance.py:1332} INFO - Marking task as SUCCESS. dag_id=reddit_scrape, task_id=teams_17-24, execution_date=20230428T052044, start_date=20230428T052047, end_date=20230428T052057
[2023-04-28T05:20:57.486+0000] {local_task_job.py:212} INFO - Task exited with return code 0
[2023-04-28T05:20:57.523+0000] {taskinstance.py:2596} INFO - 0 downstream tasks scheduled from follow-on schedule check
