[2023-05-10T02:01:33.092+0000] {taskinstance.py:1090} INFO - Dependencies all met for dep_context=non-requeueable deps ti=<TaskInstance: scrape_and_save_to_csv.scrape_teams_25-30 scheduled__2022-05-05T20:00:00+00:00 [queued]>
[2023-05-10T02:01:33.128+0000] {taskinstance.py:1090} INFO - Dependencies all met for dep_context=requeueable deps ti=<TaskInstance: scrape_and_save_to_csv.scrape_teams_25-30 scheduled__2022-05-05T20:00:00+00:00 [queued]>
[2023-05-10T02:01:33.133+0000] {taskinstance.py:1288} INFO - 
--------------------------------------------------------------------------------
[2023-05-10T02:01:33.135+0000] {taskinstance.py:1289} INFO - Starting attempt 1 of 1
[2023-05-10T02:01:33.138+0000] {taskinstance.py:1290} INFO - 
--------------------------------------------------------------------------------
[2023-05-10T02:01:33.185+0000] {taskinstance.py:1309} INFO - Executing <Task(PythonOperator): scrape_teams_25-30> on 2022-05-05 20:00:00+00:00
[2023-05-10T02:01:33.200+0000] {standard_task_runner.py:55} INFO - Started process 16959 to run task
[2023-05-10T02:01:33.208+0000] {standard_task_runner.py:82} INFO - Running: ['***', 'tasks', 'run', 'scrape_and_save_to_csv', 'scrape_teams_25-30', 'scheduled__2022-05-05T20:00:00+00:00', '--job-id', '3983', '--raw', '--subdir', 'DAGS_FOLDER/scrape_and_push_dag.py', '--cfg-path', '/tmp/tmp2kznpmxg']
[2023-05-10T02:01:33.212+0000] {standard_task_runner.py:83} INFO - Job 3983: Subtask scrape_teams_25-30
[2023-05-10T02:01:33.363+0000] {task_command.py:389} INFO - Running <TaskInstance: scrape_and_save_to_csv.scrape_teams_25-30 scheduled__2022-05-05T20:00:00+00:00 [running]> on host f41dbfa3d325
[2023-05-10T02:01:33.420+0000] {warnings.py:110} WARNING - /home/***/.local/lib/python3.7/site-packages/***/utils/context.py:205: AirflowContextDeprecationWarning: Accessing 'execution_date' from the template is deprecated and will be removed in a future version. Please use 'data_interval_start' or 'logical_date' instead.
  warnings.warn(_create_deprecation_warning(key, self._deprecation_replacements[key]))

[2023-05-10T02:01:33.496+0000] {taskinstance.py:1518} INFO - Exporting the following env vars:
AIRFLOW_CTX_DAG_OWNER=***
AIRFLOW_CTX_DAG_ID=scrape_and_save_to_csv
AIRFLOW_CTX_TASK_ID=scrape_teams_25-30
AIRFLOW_CTX_EXECUTION_DATE=2022-05-05T20:00:00+00:00
AIRFLOW_CTX_TRY_NUMBER=1
AIRFLOW_CTX_DAG_RUN_ID=scheduled__2022-05-05T20:00:00+00:00
[2023-05-10T02:01:34.540+0000] {helpers.py:94} INFO - Portland Trail Blazers: Successfully scraped!
[2023-05-10T02:01:38.399+0000] {helpers.py:94} INFO - Sacramento Kings: Successfully scraped!
[2023-05-10T02:01:45.266+0000] {helpers.py:94} INFO - San Antonio Spurs: Successfully scraped!
[2023-05-10T02:01:48.911+0000] {helpers.py:94} INFO - Toronto Raptors: Successfully scraped!
[2023-05-10T02:01:53.052+0000] {helpers.py:94} INFO - Utah Jazz: Successfully scraped!
[2023-05-10T02:02:00.900+0000] {helpers.py:94} INFO - Washington Wizards: Successfully scraped!
[2023-05-10T02:02:00.907+0000] {helpers.py:109} INFO - Saved in /opt/***/data/output_scrape_teams_25-30.csv
[2023-05-10T02:02:00.908+0000] {python.py:177} INFO - Done. Returned value was: None
[2023-05-10T02:02:00.929+0000] {taskinstance.py:1332} INFO - Marking task as SUCCESS. dag_id=scrape_and_save_to_csv, task_id=scrape_teams_25-30, execution_date=20220505T200000, start_date=20230510T020133, end_date=20230510T020200
[2023-05-10T02:02:00.990+0000] {local_task_job.py:212} INFO - Task exited with return code 0
[2023-05-10T02:02:01.018+0000] {taskinstance.py:2596} INFO - 0 downstream tasks scheduled from follow-on schedule check
