[2023-05-08T23:47:07.563+0000] {taskinstance.py:1090} INFO - Dependencies all met for dep_context=non-requeueable deps ti=<TaskInstance: scrape_and_save_to_csv.scrape_teams_9-16 scheduled__2022-05-02T05:00:00+00:00 [queued]>
[2023-05-08T23:47:07.572+0000] {taskinstance.py:1090} INFO - Dependencies all met for dep_context=requeueable deps ti=<TaskInstance: scrape_and_save_to_csv.scrape_teams_9-16 scheduled__2022-05-02T05:00:00+00:00 [queued]>
[2023-05-08T23:47:07.574+0000] {taskinstance.py:1288} INFO - 
--------------------------------------------------------------------------------
[2023-05-08T23:47:07.575+0000] {taskinstance.py:1289} INFO - Starting attempt 1 of 1
[2023-05-08T23:47:07.576+0000] {taskinstance.py:1290} INFO - 
--------------------------------------------------------------------------------
[2023-05-08T23:47:07.593+0000] {taskinstance.py:1309} INFO - Executing <Task(PythonOperator): scrape_teams_9-16> on 2022-05-02 05:00:00+00:00
[2023-05-08T23:47:07.598+0000] {standard_task_runner.py:55} INFO - Started process 608 to run task
[2023-05-08T23:47:07.604+0000] {standard_task_runner.py:82} INFO - Running: ['***', 'tasks', 'run', 'scrape_and_save_to_csv', 'scrape_teams_9-16', 'scheduled__2022-05-02T05:00:00+00:00', '--job-id', '3221', '--raw', '--subdir', 'DAGS_FOLDER/scrape_and_push_dag.py', '--cfg-path', '/tmp/tmp491k67lr']
[2023-05-08T23:47:07.607+0000] {standard_task_runner.py:83} INFO - Job 3221: Subtask scrape_teams_9-16
[2023-05-08T23:47:07.700+0000] {task_command.py:389} INFO - Running <TaskInstance: scrape_and_save_to_csv.scrape_teams_9-16 scheduled__2022-05-02T05:00:00+00:00 [running]> on host f41dbfa3d325
[2023-05-08T23:47:07.748+0000] {warnings.py:110} WARNING - /home/***/.local/lib/python3.7/site-packages/***/utils/context.py:205: AirflowContextDeprecationWarning: Accessing 'execution_date' from the template is deprecated and will be removed in a future version. Please use 'data_interval_start' or 'logical_date' instead.
  warnings.warn(_create_deprecation_warning(key, self._deprecation_replacements[key]))

[2023-05-08T23:47:07.791+0000] {taskinstance.py:1518} INFO - Exporting the following env vars:
AIRFLOW_CTX_DAG_OWNER=***
AIRFLOW_CTX_DAG_ID=scrape_and_save_to_csv
AIRFLOW_CTX_TASK_ID=scrape_teams_9-16
AIRFLOW_CTX_EXECUTION_DATE=2022-05-02T05:00:00+00:00
AIRFLOW_CTX_TRY_NUMBER=1
AIRFLOW_CTX_DAG_RUN_ID=scheduled__2022-05-02T05:00:00+00:00
[2023-05-08T23:47:07.794+0000] {taskinstance.py:1776} ERROR - Task failed with exception
Traceback (most recent call last):
  File "/home/airflow/.local/lib/python3.7/site-packages/airflow/operators/python.py", line 175, in execute
    return_value = self.execute_callable()
  File "/home/airflow/.local/lib/python3.7/site-packages/airflow/operators/python.py", line 192, in execute_callable
    return self.python_callable(*self.op_args, **self.op_kwargs)
  File "/opt/airflow/dags/helpers.py", line 59, in scrape_and_save
    after = datetime.fromisoformat(f"{{ execution_date }}")
ValueError: Invalid isoformat string: '{ execution_date }'
[2023-05-08T23:47:07.813+0000] {taskinstance.py:1332} INFO - Marking task as FAILED. dag_id=scrape_and_save_to_csv, task_id=scrape_teams_9-16, execution_date=20220502T050000, start_date=20230508T234707, end_date=20230508T234707
[2023-05-08T23:47:07.823+0000] {standard_task_runner.py:105} ERROR - Failed to execute job 3221 for task scrape_teams_9-16 (Invalid isoformat string: '{ execution_date }'; 608)
[2023-05-08T23:47:07.859+0000] {local_task_job.py:212} INFO - Task exited with return code 1
[2023-05-08T23:47:07.896+0000] {taskinstance.py:2596} INFO - 0 downstream tasks scheduled from follow-on schedule check
[2023-05-09T22:02:08.859+0000] {taskinstance.py:1090} INFO - Dependencies all met for dep_context=non-requeueable deps ti=<TaskInstance: scrape_and_save_to_csv.scrape_teams_9-16 scheduled__2022-05-02T05:00:00+00:00 [queued]>
[2023-05-09T22:02:08.876+0000] {taskinstance.py:1090} INFO - Dependencies all met for dep_context=requeueable deps ti=<TaskInstance: scrape_and_save_to_csv.scrape_teams_9-16 scheduled__2022-05-02T05:00:00+00:00 [queued]>
[2023-05-09T22:02:08.880+0000] {taskinstance.py:1288} INFO - 
--------------------------------------------------------------------------------
[2023-05-09T22:02:08.881+0000] {taskinstance.py:1289} INFO - Starting attempt 1 of 1
[2023-05-09T22:02:08.883+0000] {taskinstance.py:1290} INFO - 
--------------------------------------------------------------------------------
[2023-05-09T22:02:08.899+0000] {taskinstance.py:1309} INFO - Executing <Task(PythonOperator): scrape_teams_9-16> on 2022-05-02 05:00:00+00:00
[2023-05-09T22:02:08.911+0000] {standard_task_runner.py:55} INFO - Started process 13261 to run task
[2023-05-09T22:02:08.925+0000] {standard_task_runner.py:82} INFO - Running: ['***', 'tasks', 'run', 'scrape_and_save_to_csv', 'scrape_teams_9-16', 'scheduled__2022-05-02T05:00:00+00:00', '--job-id', '3464', '--raw', '--subdir', 'DAGS_FOLDER/scrape_and_push_dag.py', '--cfg-path', '/tmp/tmpj1j4xc90']
[2023-05-09T22:02:08.931+0000] {standard_task_runner.py:83} INFO - Job 3464: Subtask scrape_teams_9-16
[2023-05-09T22:02:09.058+0000] {task_command.py:389} INFO - Running <TaskInstance: scrape_and_save_to_csv.scrape_teams_9-16 scheduled__2022-05-02T05:00:00+00:00 [running]> on host f41dbfa3d325
[2023-05-09T22:02:09.116+0000] {warnings.py:110} WARNING - /home/***/.local/lib/python3.7/site-packages/***/utils/context.py:205: AirflowContextDeprecationWarning: Accessing 'execution_date' from the template is deprecated and will be removed in a future version. Please use 'data_interval_start' or 'logical_date' instead.
  warnings.warn(_create_deprecation_warning(key, self._deprecation_replacements[key]))

[2023-05-09T22:02:09.174+0000] {taskinstance.py:1518} INFO - Exporting the following env vars:
AIRFLOW_CTX_DAG_OWNER=***
AIRFLOW_CTX_DAG_ID=scrape_and_save_to_csv
AIRFLOW_CTX_TASK_ID=scrape_teams_9-16
AIRFLOW_CTX_EXECUTION_DATE=2022-05-02T05:00:00+00:00
AIRFLOW_CTX_TRY_NUMBER=1
AIRFLOW_CTX_DAG_RUN_ID=scheduled__2022-05-02T05:00:00+00:00
[2023-05-09T22:02:13.733+0000] {helpers.py:94} INFO - Detroit Pistons: Successfully scraped!
[2023-05-09T22:02:26.607+0000] {helpers.py:94} INFO - Golden State Warriors: Successfully scraped!
[2023-05-09T22:02:42.892+0000] {helpers.py:94} INFO - Houston Rockets: Successfully scraped!
[2023-05-09T22:02:58.529+0000] {helpers.py:94} INFO - Indiana Pacers: Successfully scraped!
[2023-05-09T22:03:14.075+0000] {helpers.py:94} INFO - Los Angeles Clippers: Successfully scraped!
[2023-05-09T22:03:30.451+0000] {helpers.py:94} INFO - Los Angeles Lakers: Successfully scraped!
[2023-05-09T22:03:44.500+0000] {helpers.py:94} INFO - Memphis Grizzlies: Successfully scraped!
[2023-05-09T22:03:56.753+0000] {helpers.py:94} INFO - Miami Heat: Successfully scraped!
[2023-05-09T22:03:56.784+0000] {helpers.py:109} INFO - Saved in /opt/***/data/output_scrape_teams_9-16.csv
[2023-05-09T22:03:56.788+0000] {python.py:177} INFO - Done. Returned value was: None
[2023-05-09T22:03:56.814+0000] {taskinstance.py:1332} INFO - Marking task as SUCCESS. dag_id=scrape_and_save_to_csv, task_id=scrape_teams_9-16, execution_date=20220502T050000, start_date=20230509T220208, end_date=20230509T220356
[2023-05-09T22:03:56.944+0000] {local_task_job.py:212} INFO - Task exited with return code 0
[2023-05-09T22:03:56.982+0000] {taskinstance.py:2596} INFO - 0 downstream tasks scheduled from follow-on schedule check
