[2023-05-02T18:02:47.075+0000] {taskinstance.py:1090} INFO - Dependencies all met for dep_context=non-requeueable deps ti=<TaskInstance: scrape_and_save_to_csv.scrape_teams_25-30 scheduled__2023-05-02T16:30:00+00:00 [queued]>
[2023-05-02T18:02:47.090+0000] {taskinstance.py:1090} INFO - Dependencies all met for dep_context=requeueable deps ti=<TaskInstance: scrape_and_save_to_csv.scrape_teams_25-30 scheduled__2023-05-02T16:30:00+00:00 [queued]>
[2023-05-02T18:02:47.091+0000] {taskinstance.py:1288} INFO - 
--------------------------------------------------------------------------------
[2023-05-02T18:02:47.092+0000] {taskinstance.py:1289} INFO - Starting attempt 1 of 1
[2023-05-02T18:02:47.093+0000] {taskinstance.py:1290} INFO - 
--------------------------------------------------------------------------------
[2023-05-02T18:02:47.106+0000] {taskinstance.py:1309} INFO - Executing <Task(PythonOperator): scrape_teams_25-30> on 2023-05-02 16:30:00+00:00
[2023-05-02T18:02:47.116+0000] {standard_task_runner.py:55} INFO - Started process 22736 to run task
[2023-05-02T18:02:47.122+0000] {standard_task_runner.py:82} INFO - Running: ['***', 'tasks', 'run', 'scrape_and_save_to_csv', 'scrape_teams_25-30', 'scheduled__2023-05-02T16:30:00+00:00', '--job-id', '2241', '--raw', '--subdir', 'DAGS_FOLDER/scrape_and_save_csv_dag.py', '--cfg-path', '/tmp/tmpz4gwpow8']
[2023-05-02T18:02:47.128+0000] {standard_task_runner.py:83} INFO - Job 2241: Subtask scrape_teams_25-30
[2023-05-02T18:02:47.223+0000] {task_command.py:389} INFO - Running <TaskInstance: scrape_and_save_to_csv.scrape_teams_25-30 scheduled__2023-05-02T16:30:00+00:00 [running]> on host 5d4cd8acb346
[2023-05-02T18:02:47.308+0000] {taskinstance.py:1518} INFO - Exporting the following env vars:
AIRFLOW_CTX_DAG_OWNER=***
AIRFLOW_CTX_DAG_ID=scrape_and_save_to_csv
AIRFLOW_CTX_TASK_ID=scrape_teams_25-30
AIRFLOW_CTX_EXECUTION_DATE=2023-05-02T16:30:00+00:00
AIRFLOW_CTX_TRY_NUMBER=1
AIRFLOW_CTX_DAG_RUN_ID=scheduled__2023-05-02T16:30:00+00:00
[2023-05-02T18:02:47.322+0000] {logging_mixin.py:137} INFO - HTTPSConnectionPool(host='api.pushshift.io', port=443): Max retries exceeded with url: /reddit/search/submission/?subreddit=ripcity&sort=created_utc&sort_type=desc&size=500 (Caused by NewConnectionError('<urllib3.connection.HTTPSConnection object at 0xffffa0044290>: Failed to establish a new connection: [Errno -2] Name or service not known'))
[2023-05-02T18:02:47.324+0000] {helpers.py:86} ERROR - HTTPSConnectionPool(host='api.pushshift.io', port=443): Max retries exceeded with url: /reddit/search/submission/?subreddit=ripcity&sort=created_utc&sort_type=desc&size=500 (Caused by NewConnectionError('<urllib3.connection.HTTPSConnection object at 0xffffa0044290>: Failed to establish a new connection: [Errno -2] Name or service not known'))
[2023-05-02T18:02:47.325+0000] {helpers.py:87} ERROR - Retrying! 9 attempts before skipping!
[2023-05-02T18:02:48.341+0000] {logging_mixin.py:137} INFO - HTTPSConnectionPool(host='api.pushshift.io', port=443): Max retries exceeded with url: /reddit/search/submission/?subreddit=ripcity&sort=created_utc&sort_type=desc&size=500 (Caused by NewConnectionError('<urllib3.connection.HTTPSConnection object at 0xffffa004d650>: Failed to establish a new connection: [Errno -2] Name or service not known'))
[2023-05-02T18:02:48.343+0000] {helpers.py:86} ERROR - HTTPSConnectionPool(host='api.pushshift.io', port=443): Max retries exceeded with url: /reddit/search/submission/?subreddit=ripcity&sort=created_utc&sort_type=desc&size=500 (Caused by NewConnectionError('<urllib3.connection.HTTPSConnection object at 0xffffa004d650>: Failed to establish a new connection: [Errno -2] Name or service not known'))
[2023-05-02T18:02:48.345+0000] {helpers.py:87} ERROR - Retrying! 8 attempts before skipping!
[2023-05-02T18:02:49.356+0000] {logging_mixin.py:137} INFO - HTTPSConnectionPool(host='api.pushshift.io', port=443): Max retries exceeded with url: /reddit/search/submission/?subreddit=ripcity&sort=created_utc&sort_type=desc&size=500 (Caused by NewConnectionError('<urllib3.connection.HTTPSConnection object at 0xffffa004d110>: Failed to establish a new connection: [Errno -2] Name or service not known'))
[2023-05-02T18:02:49.359+0000] {helpers.py:86} ERROR - HTTPSConnectionPool(host='api.pushshift.io', port=443): Max retries exceeded with url: /reddit/search/submission/?subreddit=ripcity&sort=created_utc&sort_type=desc&size=500 (Caused by NewConnectionError('<urllib3.connection.HTTPSConnection object at 0xffffa004d110>: Failed to establish a new connection: [Errno -2] Name or service not known'))
[2023-05-02T18:02:49.360+0000] {helpers.py:87} ERROR - Retrying! 7 attempts before skipping!
[2023-05-02T18:02:50.376+0000] {logging_mixin.py:137} INFO - HTTPSConnectionPool(host='api.pushshift.io', port=443): Max retries exceeded with url: /reddit/search/submission/?subreddit=ripcity&sort=created_utc&sort_type=desc&size=500 (Caused by NewConnectionError('<urllib3.connection.HTTPSConnection object at 0xffffa004d650>: Failed to establish a new connection: [Errno -2] Name or service not known'))
[2023-05-02T18:02:50.378+0000] {helpers.py:86} ERROR - HTTPSConnectionPool(host='api.pushshift.io', port=443): Max retries exceeded with url: /reddit/search/submission/?subreddit=ripcity&sort=created_utc&sort_type=desc&size=500 (Caused by NewConnectionError('<urllib3.connection.HTTPSConnection object at 0xffffa004d650>: Failed to establish a new connection: [Errno -2] Name or service not known'))
[2023-05-02T18:02:50.379+0000] {helpers.py:87} ERROR - Retrying! 6 attempts before skipping!
[2023-05-02T18:02:51.386+0000] {logging_mixin.py:137} INFO - HTTPSConnectionPool(host='api.pushshift.io', port=443): Max retries exceeded with url: /reddit/search/submission/?subreddit=ripcity&sort=created_utc&sort_type=desc&size=500 (Caused by NewConnectionError('<urllib3.connection.HTTPSConnection object at 0xffffa004d110>: Failed to establish a new connection: [Errno -2] Name or service not known'))
[2023-05-02T18:02:51.387+0000] {helpers.py:86} ERROR - HTTPSConnectionPool(host='api.pushshift.io', port=443): Max retries exceeded with url: /reddit/search/submission/?subreddit=ripcity&sort=created_utc&sort_type=desc&size=500 (Caused by NewConnectionError('<urllib3.connection.HTTPSConnection object at 0xffffa004d110>: Failed to establish a new connection: [Errno -2] Name or service not known'))
[2023-05-02T18:02:51.389+0000] {helpers.py:87} ERROR - Retrying! 5 attempts before skipping!
[2023-05-02T18:02:52.398+0000] {logging_mixin.py:137} INFO - HTTPSConnectionPool(host='api.pushshift.io', port=443): Max retries exceeded with url: /reddit/search/submission/?subreddit=ripcity&sort=created_utc&sort_type=desc&size=500 (Caused by NewConnectionError('<urllib3.connection.HTTPSConnection object at 0xffffa004d650>: Failed to establish a new connection: [Errno -2] Name or service not known'))
[2023-05-02T18:02:52.400+0000] {helpers.py:86} ERROR - HTTPSConnectionPool(host='api.pushshift.io', port=443): Max retries exceeded with url: /reddit/search/submission/?subreddit=ripcity&sort=created_utc&sort_type=desc&size=500 (Caused by NewConnectionError('<urllib3.connection.HTTPSConnection object at 0xffffa004d650>: Failed to establish a new connection: [Errno -2] Name or service not known'))
[2023-05-02T18:02:52.402+0000] {helpers.py:87} ERROR - Retrying! 4 attempts before skipping!
[2023-05-02T18:02:53.408+0000] {logging_mixin.py:137} INFO - HTTPSConnectionPool(host='api.pushshift.io', port=443): Max retries exceeded with url: /reddit/search/submission/?subreddit=ripcity&sort=created_utc&sort_type=desc&size=500 (Caused by NewConnectionError('<urllib3.connection.HTTPSConnection object at 0xffffa004d110>: Failed to establish a new connection: [Errno -2] Name or service not known'))
[2023-05-02T18:02:53.410+0000] {helpers.py:86} ERROR - HTTPSConnectionPool(host='api.pushshift.io', port=443): Max retries exceeded with url: /reddit/search/submission/?subreddit=ripcity&sort=created_utc&sort_type=desc&size=500 (Caused by NewConnectionError('<urllib3.connection.HTTPSConnection object at 0xffffa004d110>: Failed to establish a new connection: [Errno -2] Name or service not known'))
[2023-05-02T18:02:53.415+0000] {helpers.py:87} ERROR - Retrying! 3 attempts before skipping!
[2023-05-02T18:02:54.424+0000] {logging_mixin.py:137} INFO - HTTPSConnectionPool(host='api.pushshift.io', port=443): Max retries exceeded with url: /reddit/search/submission/?subreddit=ripcity&sort=created_utc&sort_type=desc&size=500 (Caused by NewConnectionError('<urllib3.connection.HTTPSConnection object at 0xffffa004d650>: Failed to establish a new connection: [Errno -2] Name or service not known'))
[2023-05-02T18:02:54.425+0000] {helpers.py:86} ERROR - HTTPSConnectionPool(host='api.pushshift.io', port=443): Max retries exceeded with url: /reddit/search/submission/?subreddit=ripcity&sort=created_utc&sort_type=desc&size=500 (Caused by NewConnectionError('<urllib3.connection.HTTPSConnection object at 0xffffa004d650>: Failed to establish a new connection: [Errno -2] Name or service not known'))
[2023-05-02T18:02:54.426+0000] {helpers.py:87} ERROR - Retrying! 2 attempts before skipping!
[2023-05-02T18:02:55.439+0000] {logging_mixin.py:137} INFO - HTTPSConnectionPool(host='api.pushshift.io', port=443): Max retries exceeded with url: /reddit/search/submission/?subreddit=ripcity&sort=created_utc&sort_type=desc&size=500 (Caused by NewConnectionError('<urllib3.connection.HTTPSConnection object at 0xffffa004d110>: Failed to establish a new connection: [Errno -2] Name or service not known'))
[2023-05-02T18:02:55.441+0000] {helpers.py:86} ERROR - HTTPSConnectionPool(host='api.pushshift.io', port=443): Max retries exceeded with url: /reddit/search/submission/?subreddit=ripcity&sort=created_utc&sort_type=desc&size=500 (Caused by NewConnectionError('<urllib3.connection.HTTPSConnection object at 0xffffa004d110>: Failed to establish a new connection: [Errno -2] Name or service not known'))
[2023-05-02T18:02:55.444+0000] {helpers.py:87} ERROR - Retrying! 1 attempts before skipping!
[2023-05-02T18:02:59.291+0000] {warnings.py:110} WARNING - /home/***/.local/lib/python3.7/site-packages/***/utils/context.py:313: AirflowContextDeprecationWarning: Accessing 'execution_date' from the template is deprecated and will be removed in a future version. Please use 'data_interval_start' or 'logical_date' instead.
  warnings.warn(_create_deprecation_warning(k, replacements))

[2023-05-02T18:03:00.251+0000] {helpers.py:80} INFO - Portland Trail Blazers: Successfully scraped!
[2023-05-02T18:03:03.292+0000] {helpers.py:80} INFO - Sacramento Kings: Successfully scraped!
[2023-05-02T18:03:07.544+0000] {helpers.py:80} INFO - San Antonio Spurs: Successfully scraped!
[2023-05-02T18:03:11.596+0000] {helpers.py:80} INFO - Toronto Raptors: Successfully scraped!
[2023-05-02T18:19:52.270+0000] {helpers.py:80} INFO - Utah Jazz: Successfully scraped!
[2023-05-02T18:19:57.222+0000] {helpers.py:80} INFO - Washington Wizards: Successfully scraped!
[2023-05-02T18:19:57.266+0000] {helpers.py:96} INFO - Saved in /opt/***/data/output_scrape_teams_25-30.csv
[2023-05-02T18:19:57.271+0000] {python.py:177} INFO - Done. Returned value was: None
[2023-05-02T18:19:57.315+0000] {taskinstance.py:1332} INFO - Marking task as SUCCESS. dag_id=scrape_and_save_to_csv, task_id=scrape_teams_25-30, execution_date=20230502T163000, start_date=20230502T180247, end_date=20230502T181957
[2023-05-02T18:19:57.500+0000] {local_task_job.py:212} INFO - Task exited with return code 0
[2023-05-02T18:19:57.580+0000] {taskinstance.py:2596} INFO - 0 downstream tasks scheduled from follow-on schedule check
