[2023-05-01T12:11:36.864+0000] {taskinstance.py:1090} INFO - Dependencies all met for dep_context=non-requeueable deps ti=<TaskInstance: push_to_bigquery.push_csv_to_cloud_storage scheduled__2023-05-01T10:30:00+00:00 [queued]>
[2023-05-01T12:11:36.879+0000] {taskinstance.py:1090} INFO - Dependencies all met for dep_context=requeueable deps ti=<TaskInstance: push_to_bigquery.push_csv_to_cloud_storage scheduled__2023-05-01T10:30:00+00:00 [queued]>
[2023-05-01T12:11:36.881+0000] {taskinstance.py:1288} INFO - 
--------------------------------------------------------------------------------
[2023-05-01T12:11:36.886+0000] {taskinstance.py:1289} INFO - Starting attempt 1 of 1
[2023-05-01T12:11:36.887+0000] {taskinstance.py:1290} INFO - 
--------------------------------------------------------------------------------
[2023-05-01T12:11:36.908+0000] {taskinstance.py:1309} INFO - Executing <Task(PythonOperator): push_csv_to_cloud_storage> on 2023-05-01 10:30:00+00:00
[2023-05-01T12:11:36.914+0000] {standard_task_runner.py:55} INFO - Started process 5780 to run task
[2023-05-01T12:11:36.922+0000] {standard_task_runner.py:82} INFO - Running: ['***', 'tasks', 'run', 'push_to_bigquery', 'push_csv_to_cloud_storage', 'scheduled__2023-05-01T10:30:00+00:00', '--job-id', '2040', '--raw', '--subdir', 'DAGS_FOLDER/push_to_bigquery_dag.py', '--cfg-path', '/tmp/tmpnnwlvr91']
[2023-05-01T12:11:36.926+0000] {standard_task_runner.py:83} INFO - Job 2040: Subtask push_csv_to_cloud_storage
[2023-05-01T12:11:37.044+0000] {task_command.py:389} INFO - Running <TaskInstance: push_to_bigquery.push_csv_to_cloud_storage scheduled__2023-05-01T10:30:00+00:00 [running]> on host 5d4cd8acb346
[2023-05-01T12:11:37.099+0000] {warnings.py:110} WARNING - /home/***/.local/lib/python3.7/site-packages/***/utils/context.py:205: AirflowContextDeprecationWarning: Accessing 'execution_date' from the template is deprecated and will be removed in a future version. Please use 'data_interval_start' or 'logical_date' instead.
  warnings.warn(_create_deprecation_warning(key, self._deprecation_replacements[key]))

[2023-05-01T12:11:37.166+0000] {taskinstance.py:1518} INFO - Exporting the following env vars:
AIRFLOW_CTX_DAG_OWNER=***
AIRFLOW_CTX_DAG_ID=push_to_bigquery
AIRFLOW_CTX_TASK_ID=push_csv_to_cloud_storage
AIRFLOW_CTX_EXECUTION_DATE=2023-05-01T10:30:00+00:00
AIRFLOW_CTX_TRY_NUMBER=1
AIRFLOW_CTX_DAG_RUN_ID=scheduled__2023-05-01T10:30:00+00:00
[2023-05-01T12:11:37.242+0000] {connectionpool.py:813} WARNING - Retrying (Retry(total=2, connect=None, read=None, redirect=None, status=None)) after connection broken by 'NewConnectionError('<urllib3.connection.HTTPSConnection object at 0xffff9bfcf7d0>: Failed to establish a new connection: [Errno -2] Name or service not known')': /token
[2023-05-01T12:11:37.246+0000] {connectionpool.py:813} WARNING - Retrying (Retry(total=1, connect=None, read=None, redirect=None, status=None)) after connection broken by 'NewConnectionError('<urllib3.connection.HTTPSConnection object at 0xffff9bfcfcd0>: Failed to establish a new connection: [Errno -2] Name or service not known')': /token
[2023-05-01T12:11:37.252+0000] {connectionpool.py:813} WARNING - Retrying (Retry(total=0, connect=None, read=None, redirect=None, status=None)) after connection broken by 'NewConnectionError('<urllib3.connection.HTTPSConnection object at 0xffff9bf84090>: Failed to establish a new connection: [Errno -2] Name or service not known')': /token
[2023-05-01T12:11:38.696+0000] {connectionpool.py:813} WARNING - Retrying (Retry(total=2, connect=None, read=None, redirect=None, status=None)) after connection broken by 'NewConnectionError('<urllib3.connection.HTTPSConnection object at 0xffff9bf849d0>: Failed to establish a new connection: [Errno -2] Name or service not known')': /token
[2023-05-01T12:11:38.702+0000] {connectionpool.py:813} WARNING - Retrying (Retry(total=1, connect=None, read=None, redirect=None, status=None)) after connection broken by 'NewConnectionError('<urllib3.connection.HTTPSConnection object at 0xffff9bf84fd0>: Failed to establish a new connection: [Errno -2] Name or service not known')': /token
[2023-05-01T12:11:38.710+0000] {connectionpool.py:813} WARNING - Retrying (Retry(total=0, connect=None, read=None, redirect=None, status=None)) after connection broken by 'NewConnectionError('<urllib3.connection.HTTPSConnection object at 0xffff9bf8d3d0>: Failed to establish a new connection: [Errno -2] Name or service not known')': /token
[2023-05-01T12:11:40.023+0000] {connectionpool.py:813} WARNING - Retrying (Retry(total=2, connect=None, read=None, redirect=None, status=None)) after connection broken by 'NewConnectionError('<urllib3.connection.HTTPSConnection object at 0xffff9bf8dd50>: Failed to establish a new connection: [Errno -2] Name or service not known')': /token
[2023-05-01T12:11:40.030+0000] {connectionpool.py:813} WARNING - Retrying (Retry(total=1, connect=None, read=None, redirect=None, status=None)) after connection broken by 'NewConnectionError('<urllib3.connection.HTTPSConnection object at 0xffff9bf993d0>: Failed to establish a new connection: [Errno -2] Name or service not known')': /token
[2023-05-01T12:11:40.043+0000] {connectionpool.py:813} WARNING - Retrying (Retry(total=0, connect=None, read=None, redirect=None, status=None)) after connection broken by 'NewConnectionError('<urllib3.connection.HTTPSConnection object at 0xffff9bf99850>: Failed to establish a new connection: [Errno -2] Name or service not known')': /token
[2023-05-01T12:11:46.040+0000] {connectionpool.py:813} WARNING - Retrying (Retry(total=2, connect=None, read=None, redirect=None, status=None)) after connection broken by 'NewConnectionError('<urllib3.connection.HTTPSConnection object at 0xffff9bfa2290>: Failed to establish a new connection: [Errno -2] Name or service not known')': /token
[2023-05-01T12:11:46.045+0000] {connectionpool.py:813} WARNING - Retrying (Retry(total=1, connect=None, read=None, redirect=None, status=None)) after connection broken by 'NewConnectionError('<urllib3.connection.HTTPSConnection object at 0xffff9bfa2950>: Failed to establish a new connection: [Errno -2] Name or service not known')': /token
[2023-05-01T12:11:46.048+0000] {connectionpool.py:813} WARNING - Retrying (Retry(total=0, connect=None, read=None, redirect=None, status=None)) after connection broken by 'NewConnectionError('<urllib3.connection.HTTPSConnection object at 0xffff9bf8d590>: Failed to establish a new connection: [Errno -2] Name or service not known')': /token
[2023-05-01T12:11:59.927+0000] {connectionpool.py:813} WARNING - Retrying (Retry(total=2, connect=None, read=None, redirect=None, status=None)) after connection broken by 'NewConnectionError('<urllib3.connection.HTTPSConnection object at 0xffff9bf84dd0>: Failed to establish a new connection: [Errno -2] Name or service not known')': /token
[2023-05-01T12:11:59.934+0000] {connectionpool.py:813} WARNING - Retrying (Retry(total=1, connect=None, read=None, redirect=None, status=None)) after connection broken by 'NewConnectionError('<urllib3.connection.HTTPSConnection object at 0xffff9bf84d50>: Failed to establish a new connection: [Errno -2] Name or service not known')': /token
[2023-05-01T12:11:59.942+0000] {connectionpool.py:813} WARNING - Retrying (Retry(total=0, connect=None, read=None, redirect=None, status=None)) after connection broken by 'NewConnectionError('<urllib3.connection.HTTPSConnection object at 0xffff9bfa2dd0>: Failed to establish a new connection: [Errno -2] Name or service not known')': /token
[2023-05-01T13:01:18.515+0000] {logging_mixin.py:137} INFO - File /opt/***/data/all_teams.csv has been uploaded to Google Cloud Storage Bucket trendba-bucket-1
[2023-05-01T13:01:18.524+0000] {python.py:177} INFO - Done. Returned value was: None
[2023-05-01T13:01:18.600+0000] {taskinstance.py:1332} INFO - Marking task as SUCCESS. dag_id=push_to_bigquery, task_id=push_csv_to_cloud_storage, execution_date=20230501T103000, start_date=20230501T121136, end_date=20230501T130118
[2023-05-01T13:01:18.747+0000] {local_task_job.py:212} INFO - Task exited with return code 0
[2023-05-01T13:01:18.829+0000] {taskinstance.py:2596} INFO - 0 downstream tasks scheduled from follow-on schedule check
