[2023-05-10T01:41:18.944+0000] {taskinstance.py:1090} INFO - Dependencies all met for dep_context=non-requeueable deps ti=<TaskInstance: scrape_and_save_to_csv.scrape_teams_1-8 scheduled__2022-05-04T18:00:00+00:00 [queued]>
[2023-05-10T01:41:18.953+0000] {taskinstance.py:1090} INFO - Dependencies all met for dep_context=requeueable deps ti=<TaskInstance: scrape_and_save_to_csv.scrape_teams_1-8 scheduled__2022-05-04T18:00:00+00:00 [queued]>
[2023-05-10T01:41:18.954+0000] {taskinstance.py:1288} INFO - 
--------------------------------------------------------------------------------
[2023-05-10T01:41:18.955+0000] {taskinstance.py:1289} INFO - Starting attempt 1 of 1
[2023-05-10T01:41:18.956+0000] {taskinstance.py:1290} INFO - 
--------------------------------------------------------------------------------
[2023-05-10T01:41:18.972+0000] {taskinstance.py:1309} INFO - Executing <Task(PythonOperator): scrape_teams_1-8> on 2022-05-04 18:00:00+00:00
[2023-05-10T01:41:18.980+0000] {standard_task_runner.py:55} INFO - Started process 16025 to run task
[2023-05-10T01:41:18.987+0000] {standard_task_runner.py:82} INFO - Running: ['***', 'tasks', 'run', 'scrape_and_save_to_csv', 'scrape_teams_1-8', 'scheduled__2022-05-04T18:00:00+00:00', '--job-id', '3825', '--raw', '--subdir', 'DAGS_FOLDER/scrape_and_push_dag.py', '--cfg-path', '/tmp/tmp6dsg3g8o']
[2023-05-10T01:41:18.991+0000] {standard_task_runner.py:83} INFO - Job 3825: Subtask scrape_teams_1-8
[2023-05-10T01:41:19.121+0000] {task_command.py:389} INFO - Running <TaskInstance: scrape_and_save_to_csv.scrape_teams_1-8 scheduled__2022-05-04T18:00:00+00:00 [running]> on host f41dbfa3d325
[2023-05-10T01:41:19.153+0000] {warnings.py:110} WARNING - /home/***/.local/lib/python3.7/site-packages/***/utils/context.py:205: AirflowContextDeprecationWarning: Accessing 'execution_date' from the template is deprecated and will be removed in a future version. Please use 'data_interval_start' or 'logical_date' instead.
  warnings.warn(_create_deprecation_warning(key, self._deprecation_replacements[key]))

[2023-05-10T01:41:19.198+0000] {taskinstance.py:1518} INFO - Exporting the following env vars:
AIRFLOW_CTX_DAG_OWNER=***
AIRFLOW_CTX_DAG_ID=scrape_and_save_to_csv
AIRFLOW_CTX_TASK_ID=scrape_teams_1-8
AIRFLOW_CTX_EXECUTION_DATE=2022-05-04T18:00:00+00:00
AIRFLOW_CTX_TRY_NUMBER=1
AIRFLOW_CTX_DAG_RUN_ID=scheduled__2022-05-04T18:00:00+00:00
[2023-05-10T01:41:20.184+0000] {helpers.py:94} INFO - Atlanta Hawks: Successfully scraped!
[2023-05-10T01:41:23.634+0000] {helpers.py:94} INFO - Boston Celtics: Successfully scraped!
[2023-05-10T01:41:26.749+0000] {helpers.py:94} INFO - Brooklyn Nets: Successfully scraped!
[2023-05-10T01:41:30.428+0000] {helpers.py:94} INFO - Charlotte Hornets: Successfully scraped!
[2023-05-10T01:41:37.769+0000] {helpers.py:94} INFO - Chicago Bulls: Successfully scraped!
[2023-05-10T01:41:41.943+0000] {helpers.py:94} INFO - Cleveland Cavaliers: Successfully scraped!
[2023-05-10T01:41:46.115+0000] {helpers.py:94} INFO - Dallas Mavericks: Successfully scraped!
[2023-05-10T01:41:54.027+0000] {helpers.py:94} INFO - Denver Nuggets: Successfully scraped!
[2023-05-10T01:41:54.041+0000] {helpers.py:109} INFO - Saved in /opt/***/data/output_scrape_teams_1-8.csv
[2023-05-10T01:41:54.043+0000] {python.py:177} INFO - Done. Returned value was: None
[2023-05-10T01:41:54.065+0000] {taskinstance.py:1332} INFO - Marking task as SUCCESS. dag_id=scrape_and_save_to_csv, task_id=scrape_teams_1-8, execution_date=20220504T180000, start_date=20230510T014118, end_date=20230510T014154
[2023-05-10T01:41:54.094+0000] {local_task_job.py:212} INFO - Task exited with return code 0
[2023-05-10T01:41:54.115+0000] {taskinstance.py:2596} INFO - 0 downstream tasks scheduled from follow-on schedule check
