[2023-05-10T06:14:57.613+0000] {taskinstance.py:1090} INFO - Dependencies all met for dep_context=non-requeueable deps ti=<TaskInstance: scrape_and_save_to_csv.scrape_teams_9-16 scheduled__2023-05-10T04:00:00+00:00 [queued]>
[2023-05-10T06:14:57.661+0000] {taskinstance.py:1090} INFO - Dependencies all met for dep_context=requeueable deps ti=<TaskInstance: scrape_and_save_to_csv.scrape_teams_9-16 scheduled__2023-05-10T04:00:00+00:00 [queued]>
[2023-05-10T06:14:57.662+0000] {taskinstance.py:1288} INFO - 
--------------------------------------------------------------------------------
[2023-05-10T06:14:57.665+0000] {taskinstance.py:1289} INFO - Starting attempt 1 of 1
[2023-05-10T06:14:57.666+0000] {taskinstance.py:1290} INFO - 
--------------------------------------------------------------------------------
[2023-05-10T06:14:57.734+0000] {taskinstance.py:1309} INFO - Executing <Task(PythonOperator): scrape_teams_9-16> on 2023-05-10 04:00:00+00:00
[2023-05-10T06:14:57.780+0000] {standard_task_runner.py:55} INFO - Started process 20744 to run task
[2023-05-10T06:14:57.829+0000] {standard_task_runner.py:82} INFO - Running: ['***', 'tasks', 'run', 'scrape_and_save_to_csv', 'scrape_teams_9-16', 'scheduled__2023-05-10T04:00:00+00:00', '--job-id', '4143', '--raw', '--subdir', 'DAGS_FOLDER/scrape_and_push_dag.py', '--cfg-path', '/tmp/tmpw_g_3d4c']
[2023-05-10T06:14:57.872+0000] {standard_task_runner.py:83} INFO - Job 4143: Subtask scrape_teams_9-16
[2023-05-10T06:14:58.391+0000] {task_command.py:389} INFO - Running <TaskInstance: scrape_and_save_to_csv.scrape_teams_9-16 scheduled__2023-05-10T04:00:00+00:00 [running]> on host f41dbfa3d325
[2023-05-10T06:14:58.477+0000] {warnings.py:110} WARNING - /home/***/.local/lib/python3.7/site-packages/***/utils/context.py:205: AirflowContextDeprecationWarning: Accessing 'execution_date' from the template is deprecated and will be removed in a future version. Please use 'data_interval_start' or 'logical_date' instead.
  warnings.warn(_create_deprecation_warning(key, self._deprecation_replacements[key]))

[2023-05-10T06:14:58.576+0000] {taskinstance.py:1518} INFO - Exporting the following env vars:
AIRFLOW_CTX_DAG_OWNER=***
AIRFLOW_CTX_DAG_ID=scrape_and_save_to_csv
AIRFLOW_CTX_TASK_ID=scrape_teams_9-16
AIRFLOW_CTX_EXECUTION_DATE=2023-05-10T04:00:00+00:00
AIRFLOW_CTX_TRY_NUMBER=1
AIRFLOW_CTX_DAG_RUN_ID=scheduled__2023-05-10T04:00:00+00:00
[2023-05-10T06:15:15.443+0000] {sessions.py:161} WARNING - Retrying due to ReadTimeout(ReadTimeoutError("HTTPSConnectionPool(host='oauth.reddit.com', port=443): Read timed out. (read timeout=16.0)")) status: GET https://oauth.reddit.com/r/DetroitPistons/comments/
[2023-05-10T06:15:16.871+0000] {helpers.py:95} INFO - Detroit Pistons: Successfully scraped!
[2023-05-10T06:50:45.436+0000] {helpers.py:95} INFO - Golden State Warriors: Successfully scraped!
[2023-05-10T06:50:46.299+0000] {helpers.py:95} INFO - Houston Rockets: Successfully scraped!
[2023-05-10T06:50:47.821+0000] {helpers.py:95} INFO - Indiana Pacers: Successfully scraped!
[2023-05-10T06:50:51.545+0000] {helpers.py:95} INFO - Los Angeles Clippers: Successfully scraped!
[2023-05-10T06:50:56.009+0000] {sessions.py:161} WARNING - Retrying due to ConnectionError(ProtocolError('Connection aborted.', RemoteDisconnected('Remote end closed connection without response'))) status: GET https://oauth.reddit.com/r/lakers/comments/
[2023-05-10T06:51:02.728+0000] {helpers.py:95} INFO - Los Angeles Lakers: Successfully scraped!
[2023-05-10T06:51:03.517+0000] {helpers.py:95} INFO - Memphis Grizzlies: Successfully scraped!
[2023-05-10T07:16:41.696+0000] {sessions.py:161} WARNING - Retrying due to ReadTimeout(ReadTimeoutError("HTTPSConnectionPool(host='oauth.reddit.com', port=443): Read timed out. (read timeout=16.0)")) status: GET https://oauth.reddit.com/r/heat/comments/
[2023-05-10T07:16:43.729+0000] {helpers.py:95} INFO - Miami Heat: Successfully scraped!
[2023-05-10T07:16:43.746+0000] {helpers.py:110} INFO - Saved in /opt/***/data/output_scrape_teams_9-16.csv
[2023-05-10T07:16:43.751+0000] {python.py:177} INFO - Done. Returned value was: None
[2023-05-10T07:16:43.774+0000] {taskinstance.py:1332} INFO - Marking task as SUCCESS. dag_id=scrape_and_save_to_csv, task_id=scrape_teams_9-16, execution_date=20230510T040000, start_date=20230510T061457, end_date=20230510T071643
[2023-05-10T07:16:43.952+0000] {local_task_job.py:212} INFO - Task exited with return code 0
[2023-05-10T07:16:43.985+0000] {taskinstance.py:2596} INFO - 0 downstream tasks scheduled from follow-on schedule check
