[2023-05-10T02:02:12.946+0000] {taskinstance.py:1090} INFO - Dependencies all met for dep_context=non-requeueable deps ti=<TaskInstance: scrape_and_save_to_csv.join_csv scheduled__2022-05-05T20:00:00+00:00 [queued]>
[2023-05-10T02:02:12.953+0000] {taskinstance.py:1090} INFO - Dependencies all met for dep_context=requeueable deps ti=<TaskInstance: scrape_and_save_to_csv.join_csv scheduled__2022-05-05T20:00:00+00:00 [queued]>
[2023-05-10T02:02:12.955+0000] {taskinstance.py:1288} INFO - 
--------------------------------------------------------------------------------
[2023-05-10T02:02:12.956+0000] {taskinstance.py:1289} INFO - Starting attempt 1 of 1
[2023-05-10T02:02:12.956+0000] {taskinstance.py:1290} INFO - 
--------------------------------------------------------------------------------
[2023-05-10T02:02:12.968+0000] {taskinstance.py:1309} INFO - Executing <Task(PythonOperator): join_csv> on 2022-05-05 20:00:00+00:00
[2023-05-10T02:02:12.975+0000] {standard_task_runner.py:55} INFO - Started process 16979 to run task
[2023-05-10T02:02:12.979+0000] {standard_task_runner.py:82} INFO - Running: ['***', 'tasks', 'run', 'scrape_and_save_to_csv', 'join_csv', 'scheduled__2022-05-05T20:00:00+00:00', '--job-id', '3985', '--raw', '--subdir', 'DAGS_FOLDER/scrape_and_push_dag.py', '--cfg-path', '/tmp/tmpz18spqua']
[2023-05-10T02:02:12.982+0000] {standard_task_runner.py:83} INFO - Job 3985: Subtask join_csv
[2023-05-10T02:02:13.055+0000] {task_command.py:389} INFO - Running <TaskInstance: scrape_and_save_to_csv.join_csv scheduled__2022-05-05T20:00:00+00:00 [running]> on host f41dbfa3d325
[2023-05-10T02:02:13.116+0000] {taskinstance.py:1518} INFO - Exporting the following env vars:
AIRFLOW_CTX_DAG_OWNER=***
AIRFLOW_CTX_DAG_ID=scrape_and_save_to_csv
AIRFLOW_CTX_TASK_ID=join_csv
AIRFLOW_CTX_EXECUTION_DATE=2022-05-05T20:00:00+00:00
AIRFLOW_CTX_TRY_NUMBER=1
AIRFLOW_CTX_DAG_RUN_ID=scheduled__2022-05-05T20:00:00+00:00
[2023-05-10T02:02:13.132+0000] {python.py:177} INFO - Done. Returned value was: None
[2023-05-10T02:02:13.144+0000] {taskinstance.py:1332} INFO - Marking task as SUCCESS. dag_id=scrape_and_save_to_csv, task_id=join_csv, execution_date=20220505T200000, start_date=20230510T020212, end_date=20230510T020213
[2023-05-10T02:02:13.193+0000] {local_task_job.py:212} INFO - Task exited with return code 0
[2023-05-10T02:02:13.213+0000] {taskinstance.py:2596} INFO - 1 downstream tasks scheduled from follow-on schedule check
