[2023-04-28T22:53:54.852+0000] {taskinstance.py:1090} INFO - Dependencies all met for dep_context=non-requeueable deps ti=<TaskInstance: scrape_and_save_to_csv.trigger_push_dag manual__2023-04-28T22:51:54.913882+00:00 [queued]>
[2023-04-28T22:53:54.859+0000] {taskinstance.py:1090} INFO - Dependencies all met for dep_context=requeueable deps ti=<TaskInstance: scrape_and_save_to_csv.trigger_push_dag manual__2023-04-28T22:51:54.913882+00:00 [queued]>
[2023-04-28T22:53:54.860+0000] {taskinstance.py:1288} INFO - 
--------------------------------------------------------------------------------
[2023-04-28T22:53:54.861+0000] {taskinstance.py:1289} INFO - Starting attempt 1 of 1
[2023-04-28T22:53:54.862+0000] {taskinstance.py:1290} INFO - 
--------------------------------------------------------------------------------
[2023-04-28T22:53:54.870+0000] {taskinstance.py:1309} INFO - Executing <Task(TriggerDagRunOperator): trigger_push_dag> on 2023-04-28 22:51:54.913882+00:00
[2023-04-28T22:53:54.875+0000] {standard_task_runner.py:55} INFO - Started process 2162 to run task
[2023-04-28T22:53:54.879+0000] {standard_task_runner.py:82} INFO - Running: ['***', 'tasks', 'run', 'scrape_and_save_to_csv', 'trigger_push_dag', 'manual__2023-04-28T22:51:54.913882+00:00', '--job-id', '1758', '--raw', '--subdir', 'DAGS_FOLDER/scrape_and_save_csv_dag.py', '--cfg-path', '/tmp/tmpfedcydmr']
[2023-04-28T22:53:54.882+0000] {standard_task_runner.py:83} INFO - Job 1758: Subtask trigger_push_dag
[2023-04-28T22:53:54.946+0000] {task_command.py:389} INFO - Running <TaskInstance: scrape_and_save_to_csv.trigger_push_dag manual__2023-04-28T22:51:54.913882+00:00 [running]> on host def38439e216
[2023-04-28T22:53:54.997+0000] {taskinstance.py:1518} INFO - Exporting the following env vars:
AIRFLOW_CTX_DAG_OWNER=***
AIRFLOW_CTX_DAG_ID=scrape_and_save_to_csv
AIRFLOW_CTX_TASK_ID=trigger_push_dag
AIRFLOW_CTX_EXECUTION_DATE=2023-04-28T22:51:54.913882+00:00
AIRFLOW_CTX_TRY_NUMBER=1
AIRFLOW_CTX_DAG_RUN_ID=manual__2023-04-28T22:51:54.913882+00:00
[2023-04-28T22:53:55.069+0000] {taskinstance.py:1332} INFO - Marking task as SUCCESS. dag_id=scrape_and_save_to_csv, task_id=trigger_push_dag, execution_date=20230428T225154, start_date=20230428T225354, end_date=20230428T225355
[2023-04-28T22:53:55.095+0000] {local_task_job.py:212} INFO - Task exited with return code 0
[2023-04-28T22:53:55.112+0000] {taskinstance.py:2596} INFO - 0 downstream tasks scheduled from follow-on schedule check
