[2023-05-04T20:30:01.686+0000] {taskinstance.py:1090} INFO - Dependencies all met for dep_context=non-requeueable deps ti=<TaskInstance: scrape_and_save_to_csv.scrape_teams_1-8 scheduled__2023-05-04T19:30:00+00:00 [queued]>
[2023-05-04T20:30:01.700+0000] {taskinstance.py:1090} INFO - Dependencies all met for dep_context=requeueable deps ti=<TaskInstance: scrape_and_save_to_csv.scrape_teams_1-8 scheduled__2023-05-04T19:30:00+00:00 [queued]>
[2023-05-04T20:30:01.702+0000] {taskinstance.py:1288} INFO - 
--------------------------------------------------------------------------------
[2023-05-04T20:30:01.703+0000] {taskinstance.py:1289} INFO - Starting attempt 1 of 1
[2023-05-04T20:30:01.730+0000] {taskinstance.py:1290} INFO - 
--------------------------------------------------------------------------------
[2023-05-04T20:30:01.749+0000] {taskinstance.py:1309} INFO - Executing <Task(PythonOperator): scrape_teams_1-8> on 2023-05-04 19:30:00+00:00
[2023-05-04T20:30:01.757+0000] {standard_task_runner.py:55} INFO - Started process 44487 to run task
[2023-05-04T20:30:01.767+0000] {standard_task_runner.py:82} INFO - Running: ['***', 'tasks', 'run', 'scrape_and_save_to_csv', 'scrape_teams_1-8', 'scheduled__2023-05-04T19:30:00+00:00', '--job-id', '2578', '--raw', '--subdir', 'DAGS_FOLDER/scrape_and_save_csv_dag.py', '--cfg-path', '/tmp/tmpy0mlraga']
[2023-05-04T20:30:01.773+0000] {standard_task_runner.py:83} INFO - Job 2578: Subtask scrape_teams_1-8
[2023-05-04T20:30:01.940+0000] {task_command.py:389} INFO - Running <TaskInstance: scrape_and_save_to_csv.scrape_teams_1-8 scheduled__2023-05-04T19:30:00+00:00 [running]> on host 5d4cd8acb346
[2023-05-04T20:30:02.136+0000] {taskinstance.py:1518} INFO - Exporting the following env vars:
AIRFLOW_CTX_DAG_OWNER=***
AIRFLOW_CTX_DAG_ID=scrape_and_save_to_csv
AIRFLOW_CTX_TASK_ID=scrape_teams_1-8
AIRFLOW_CTX_EXECUTION_DATE=2023-05-04T19:30:00+00:00
AIRFLOW_CTX_TRY_NUMBER=1
AIRFLOW_CTX_DAG_RUN_ID=scheduled__2023-05-04T19:30:00+00:00
[2023-05-04T20:30:06.368+0000] {warnings.py:110} WARNING - /home/***/.local/lib/python3.7/site-packages/***/utils/context.py:313: AirflowContextDeprecationWarning: Accessing 'execution_date' from the template is deprecated and will be removed in a future version. Please use 'data_interval_start' or 'logical_date' instead.
  warnings.warn(_create_deprecation_warning(k, replacements))

[2023-05-04T20:30:06.725+0000] {helpers.py:80} INFO - Atlanta Hawks: Successfully scraped!
[2023-05-04T20:30:10.710+0000] {helpers.py:80} INFO - Boston Celtics: Successfully scraped!
[2023-05-04T20:30:13.533+0000] {helpers.py:80} INFO - Brooklyn Nets: Successfully scraped!
[2023-05-04T20:30:16.893+0000] {helpers.py:80} INFO - Charlotte Hornets: Successfully scraped!
[2023-05-04T20:30:20.032+0000] {helpers.py:80} INFO - Chicago Bulls: Successfully scraped!
[2023-05-04T20:30:36.992+0000] {helpers.py:80} INFO - Cleveland Cavaliers: Successfully scraped!
[2023-05-04T20:30:39.876+0000] {helpers.py:80} INFO - Dallas Mavericks: Successfully scraped!
[2023-05-04T20:30:44.800+0000] {helpers.py:80} INFO - Denver Nuggets: Successfully scraped!
[2023-05-04T20:30:44.837+0000] {helpers.py:96} INFO - Saved in /opt/***/data/output_scrape_teams_1-8.csv
[2023-05-04T20:30:44.846+0000] {python.py:177} INFO - Done. Returned value was: None
[2023-05-04T20:30:44.863+0000] {taskinstance.py:1332} INFO - Marking task as SUCCESS. dag_id=scrape_and_save_to_csv, task_id=scrape_teams_1-8, execution_date=20230504T193000, start_date=20230504T203001, end_date=20230504T203044
[2023-05-04T20:30:44.978+0000] {local_task_job.py:212} INFO - Task exited with return code 0
[2023-05-04T20:30:45.012+0000] {taskinstance.py:2596} INFO - 1 downstream tasks scheduled from follow-on schedule check
