[2023-05-10T01:47:35.550+0000] {taskinstance.py:1090} INFO - Dependencies all met for dep_context=non-requeueable deps ti=<TaskInstance: scrape_and_save_to_csv.join_csv scheduled__2022-05-05T01:00:00+00:00 [queued]>
[2023-05-10T01:47:35.558+0000] {taskinstance.py:1090} INFO - Dependencies all met for dep_context=requeueable deps ti=<TaskInstance: scrape_and_save_to_csv.join_csv scheduled__2022-05-05T01:00:00+00:00 [queued]>
[2023-05-10T01:47:35.559+0000] {taskinstance.py:1288} INFO - 
--------------------------------------------------------------------------------
[2023-05-10T01:47:35.560+0000] {taskinstance.py:1289} INFO - Starting attempt 1 of 1
[2023-05-10T01:47:35.561+0000] {taskinstance.py:1290} INFO - 
--------------------------------------------------------------------------------
[2023-05-10T01:47:35.569+0000] {taskinstance.py:1309} INFO - Executing <Task(PythonOperator): join_csv> on 2022-05-05 01:00:00+00:00
[2023-05-10T01:47:35.574+0000] {standard_task_runner.py:55} INFO - Started process 16300 to run task
[2023-05-10T01:47:35.577+0000] {standard_task_runner.py:82} INFO - Running: ['***', 'tasks', 'run', 'scrape_and_save_to_csv', 'join_csv', 'scheduled__2022-05-05T01:00:00+00:00', '--job-id', '3871', '--raw', '--subdir', 'DAGS_FOLDER/scrape_and_push_dag.py', '--cfg-path', '/tmp/tmp8y_zrdc8']
[2023-05-10T01:47:35.595+0000] {standard_task_runner.py:83} INFO - Job 3871: Subtask join_csv
[2023-05-10T01:47:35.663+0000] {task_command.py:389} INFO - Running <TaskInstance: scrape_and_save_to_csv.join_csv scheduled__2022-05-05T01:00:00+00:00 [running]> on host f41dbfa3d325
[2023-05-10T01:47:35.723+0000] {taskinstance.py:1518} INFO - Exporting the following env vars:
AIRFLOW_CTX_DAG_OWNER=***
AIRFLOW_CTX_DAG_ID=scrape_and_save_to_csv
AIRFLOW_CTX_TASK_ID=join_csv
AIRFLOW_CTX_EXECUTION_DATE=2022-05-05T01:00:00+00:00
AIRFLOW_CTX_TRY_NUMBER=1
AIRFLOW_CTX_DAG_RUN_ID=scheduled__2022-05-05T01:00:00+00:00
[2023-05-10T01:47:35.740+0000] {python.py:177} INFO - Done. Returned value was: None
[2023-05-10T01:47:35.752+0000] {taskinstance.py:1332} INFO - Marking task as SUCCESS. dag_id=scrape_and_save_to_csv, task_id=join_csv, execution_date=20220505T010000, start_date=20230510T014735, end_date=20230510T014735
[2023-05-10T01:47:35.810+0000] {local_task_job.py:212} INFO - Task exited with return code 0
[2023-05-10T01:47:35.830+0000] {taskinstance.py:2596} INFO - 1 downstream tasks scheduled from follow-on schedule check
