[2023-05-19T22:00:03.526+0000] {taskinstance.py:1090} INFO - Dependencies all met for dep_context=non-requeueable deps ti=<TaskInstance: scrape_and_save_to_csv.scrape_teams_9-16 scheduled__2023-05-19T21:00:00+00:00 [queued]>
[2023-05-19T22:00:03.558+0000] {taskinstance.py:1090} INFO - Dependencies all met for dep_context=requeueable deps ti=<TaskInstance: scrape_and_save_to_csv.scrape_teams_9-16 scheduled__2023-05-19T21:00:00+00:00 [queued]>
[2023-05-19T22:00:03.560+0000] {taskinstance.py:1288} INFO - 
--------------------------------------------------------------------------------
[2023-05-19T22:00:03.562+0000] {taskinstance.py:1289} INFO - Starting attempt 1 of 1
[2023-05-19T22:00:03.563+0000] {taskinstance.py:1290} INFO - 
--------------------------------------------------------------------------------
[2023-05-19T22:00:03.581+0000] {taskinstance.py:1309} INFO - Executing <Task(PythonOperator): scrape_teams_9-16> on 2023-05-19 21:00:00+00:00
[2023-05-19T22:00:03.593+0000] {standard_task_runner.py:55} INFO - Started process 1256 to run task
[2023-05-19T22:00:03.623+0000] {standard_task_runner.py:82} INFO - Running: ['***', 'tasks', 'run', 'scrape_and_save_to_csv', 'scrape_teams_9-16', 'scheduled__2023-05-19T21:00:00+00:00', '--job-id', '4427', '--raw', '--subdir', 'DAGS_FOLDER/scrape_and_push_dag.py', '--cfg-path', '/tmp/tmpmcsclnbd']
[2023-05-19T22:00:03.648+0000] {standard_task_runner.py:83} INFO - Job 4427: Subtask scrape_teams_9-16
[2023-05-19T22:00:05.007+0000] {task_command.py:389} INFO - Running <TaskInstance: scrape_and_save_to_csv.scrape_teams_9-16 scheduled__2023-05-19T21:00:00+00:00 [running]> on host e1b88dc21215
[2023-05-19T22:00:05.490+0000] {warnings.py:110} WARNING - /home/***/.local/lib/python3.7/site-packages/***/utils/context.py:205: AirflowContextDeprecationWarning: Accessing 'execution_date' from the template is deprecated and will be removed in a future version. Please use 'data_interval_start' or 'logical_date' instead.
  warnings.warn(_create_deprecation_warning(key, self._deprecation_replacements[key]))

[2023-05-19T22:00:06.153+0000] {taskinstance.py:1518} INFO - Exporting the following env vars:
AIRFLOW_CTX_DAG_OWNER=***
AIRFLOW_CTX_DAG_ID=scrape_and_save_to_csv
AIRFLOW_CTX_TASK_ID=scrape_teams_9-16
AIRFLOW_CTX_EXECUTION_DATE=2023-05-19T21:00:00+00:00
AIRFLOW_CTX_TRY_NUMBER=1
AIRFLOW_CTX_DAG_RUN_ID=scheduled__2023-05-19T21:00:00+00:00
[2023-05-19T22:00:10.123+0000] {helpers.py:98} INFO - Detroit Pistons: Successfully scraped!
[2023-05-19T22:00:14.947+0000] {helpers.py:98} INFO - Golden State Warriors: Successfully scraped!
[2023-05-19T22:00:35.199+0000] {helpers.py:98} INFO - Houston Rockets: Successfully scraped!
[2023-05-19T22:00:42.483+0000] {helpers.py:98} INFO - Indiana Pacers: Successfully scraped!
[2023-05-19T22:00:50.234+0000] {helpers.py:98} INFO - Los Angeles Clippers: Successfully scraped!
[2023-05-19T22:01:29.979+0000] {helpers.py:98} INFO - Los Angeles Lakers: Successfully scraped!
[2023-05-19T22:01:37.996+0000] {helpers.py:98} INFO - Memphis Grizzlies: Successfully scraped!
[2023-05-19T22:01:56.715+0000] {helpers.py:98} INFO - Miami Heat: Successfully scraped!
[2023-05-19T22:01:56.810+0000] {helpers.py:113} INFO - Saved in /opt/***/data/output_scrape_teams_9-16.csv
[2023-05-19T22:01:56.814+0000] {python.py:177} INFO - Done. Returned value was: None
[2023-05-19T22:01:56.896+0000] {taskinstance.py:1332} INFO - Marking task as SUCCESS. dag_id=scrape_and_save_to_csv, task_id=scrape_teams_9-16, execution_date=20230519T210000, start_date=20230519T220003, end_date=20230519T220156
[2023-05-19T22:01:57.050+0000] {local_task_job.py:212} INFO - Task exited with return code 0
[2023-05-19T22:01:57.106+0000] {taskinstance.py:2596} INFO - 1 downstream tasks scheduled from follow-on schedule check
