[2023-05-10T01:25:25.959+0000] {taskinstance.py:1090} INFO - Dependencies all met for dep_context=non-requeueable deps ti=<TaskInstance: scrape_and_save_to_csv.scrape_teams_25-30 scheduled__2022-05-03T22:00:00+00:00 [queued]>
[2023-05-10T01:25:25.966+0000] {taskinstance.py:1090} INFO - Dependencies all met for dep_context=requeueable deps ti=<TaskInstance: scrape_and_save_to_csv.scrape_teams_25-30 scheduled__2022-05-03T22:00:00+00:00 [queued]>
[2023-05-10T01:25:25.968+0000] {taskinstance.py:1288} INFO - 
--------------------------------------------------------------------------------
[2023-05-10T01:25:25.969+0000] {taskinstance.py:1289} INFO - Starting attempt 1 of 1
[2023-05-10T01:25:25.970+0000] {taskinstance.py:1290} INFO - 
--------------------------------------------------------------------------------
[2023-05-10T01:25:25.981+0000] {taskinstance.py:1309} INFO - Executing <Task(PythonOperator): scrape_teams_25-30> on 2022-05-03 22:00:00+00:00
[2023-05-10T01:25:25.988+0000] {standard_task_runner.py:55} INFO - Started process 15352 to run task
[2023-05-10T01:25:25.997+0000] {standard_task_runner.py:82} INFO - Running: ['***', 'tasks', 'run', 'scrape_and_save_to_csv', 'scrape_teams_25-30', 'scheduled__2022-05-03T22:00:00+00:00', '--job-id', '3706', '--raw', '--subdir', 'DAGS_FOLDER/scrape_and_push_dag.py', '--cfg-path', '/tmp/tmpy7uym966']
[2023-05-10T01:25:26.000+0000] {standard_task_runner.py:83} INFO - Job 3706: Subtask scrape_teams_25-30
[2023-05-10T01:25:26.111+0000] {task_command.py:389} INFO - Running <TaskInstance: scrape_and_save_to_csv.scrape_teams_25-30 scheduled__2022-05-03T22:00:00+00:00 [running]> on host f41dbfa3d325
[2023-05-10T01:25:26.148+0000] {warnings.py:110} WARNING - /home/***/.local/lib/python3.7/site-packages/***/utils/context.py:205: AirflowContextDeprecationWarning: Accessing 'execution_date' from the template is deprecated and will be removed in a future version. Please use 'data_interval_start' or 'logical_date' instead.
  warnings.warn(_create_deprecation_warning(key, self._deprecation_replacements[key]))

[2023-05-10T01:25:26.183+0000] {taskinstance.py:1518} INFO - Exporting the following env vars:
AIRFLOW_CTX_DAG_OWNER=***
AIRFLOW_CTX_DAG_ID=scrape_and_save_to_csv
AIRFLOW_CTX_TASK_ID=scrape_teams_25-30
AIRFLOW_CTX_EXECUTION_DATE=2022-05-03T22:00:00+00:00
AIRFLOW_CTX_TRY_NUMBER=1
AIRFLOW_CTX_DAG_RUN_ID=scheduled__2022-05-03T22:00:00+00:00
[2023-05-10T01:25:27.175+0000] {helpers.py:94} INFO - Portland Trail Blazers: Successfully scraped!
[2023-05-10T01:25:27.478+0000] {helpers.py:94} INFO - Sacramento Kings: Successfully scraped!
[2023-05-10T01:25:32.909+0000] {helpers.py:94} INFO - San Antonio Spurs: Successfully scraped!
[2023-05-10T01:25:36.551+0000] {helpers.py:94} INFO - Toronto Raptors: Successfully scraped!
[2023-05-10T01:25:43.910+0000] {helpers.py:94} INFO - Utah Jazz: Successfully scraped!
[2023-05-10T01:25:48.056+0000] {helpers.py:94} INFO - Washington Wizards: Successfully scraped!
[2023-05-10T01:25:48.064+0000] {helpers.py:109} INFO - Saved in /opt/***/data/output_scrape_teams_25-30.csv
[2023-05-10T01:25:48.066+0000] {python.py:177} INFO - Done. Returned value was: None
[2023-05-10T01:25:48.084+0000] {taskinstance.py:1332} INFO - Marking task as SUCCESS. dag_id=scrape_and_save_to_csv, task_id=scrape_teams_25-30, execution_date=20220503T220000, start_date=20230510T012525, end_date=20230510T012548
[2023-05-10T01:25:48.138+0000] {local_task_job.py:212} INFO - Task exited with return code 0
[2023-05-10T01:25:48.159+0000] {taskinstance.py:2596} INFO - 0 downstream tasks scheduled from follow-on schedule check
