[2023-05-04T03:41:59.466+0000] {taskinstance.py:1090} INFO - Dependencies all met for dep_context=non-requeueable deps ti=<TaskInstance: scrape_and_save_to_csv.scrape_teams_9-16 scheduled__2023-05-04T02:30:00+00:00 [queued]>
[2023-05-04T03:41:59.482+0000] {taskinstance.py:1090} INFO - Dependencies all met for dep_context=requeueable deps ti=<TaskInstance: scrape_and_save_to_csv.scrape_teams_9-16 scheduled__2023-05-04T02:30:00+00:00 [queued]>
[2023-05-04T03:41:59.484+0000] {taskinstance.py:1288} INFO - 
--------------------------------------------------------------------------------
[2023-05-04T03:41:59.485+0000] {taskinstance.py:1289} INFO - Starting attempt 1 of 1
[2023-05-04T03:41:59.487+0000] {taskinstance.py:1290} INFO - 
--------------------------------------------------------------------------------
[2023-05-04T03:41:59.501+0000] {taskinstance.py:1309} INFO - Executing <Task(PythonOperator): scrape_teams_9-16> on 2023-05-04 02:30:00+00:00
[2023-05-04T03:41:59.507+0000] {standard_task_runner.py:55} INFO - Started process 40110 to run task
[2023-05-04T03:41:59.514+0000] {standard_task_runner.py:82} INFO - Running: ['***', 'tasks', 'run', 'scrape_and_save_to_csv', 'scrape_teams_9-16', 'scheduled__2023-05-04T02:30:00+00:00', '--job-id', '2465', '--raw', '--subdir', 'DAGS_FOLDER/scrape_and_save_csv_dag.py', '--cfg-path', '/tmp/tmp3l_2azr6']
[2023-05-04T03:41:59.517+0000] {standard_task_runner.py:83} INFO - Job 2465: Subtask scrape_teams_9-16
[2023-05-04T03:41:59.629+0000] {task_command.py:389} INFO - Running <TaskInstance: scrape_and_save_to_csv.scrape_teams_9-16 scheduled__2023-05-04T02:30:00+00:00 [running]> on host 5d4cd8acb346
[2023-05-04T03:41:59.724+0000] {taskinstance.py:1518} INFO - Exporting the following env vars:
AIRFLOW_CTX_DAG_OWNER=***
AIRFLOW_CTX_DAG_ID=scrape_and_save_to_csv
AIRFLOW_CTX_TASK_ID=scrape_teams_9-16
AIRFLOW_CTX_EXECUTION_DATE=2023-05-04T02:30:00+00:00
AIRFLOW_CTX_TRY_NUMBER=1
AIRFLOW_CTX_DAG_RUN_ID=scheduled__2023-05-04T02:30:00+00:00
[2023-05-04T03:42:06.500+0000] {logging_mixin.py:137} INFO - ("Connection broken: InvalidChunkLength(got length b'', 0 bytes read)", InvalidChunkLength(got length b'', 0 bytes read))
[2023-05-04T03:42:06.505+0000] {helpers.py:86} ERROR - ("Connection broken: InvalidChunkLength(got length b'', 0 bytes read)", InvalidChunkLength(got length b'', 0 bytes read))
[2023-05-04T03:42:06.509+0000] {helpers.py:87} ERROR - Retrying! 9 attempts before skipping!
[2023-05-04T03:42:11.886+0000] {logging_mixin.py:137} INFO - ("Connection broken: InvalidChunkLength(got length b'', 0 bytes read)", InvalidChunkLength(got length b'', 0 bytes read))
[2023-05-04T03:42:11.895+0000] {helpers.py:86} ERROR - ("Connection broken: InvalidChunkLength(got length b'', 0 bytes read)", InvalidChunkLength(got length b'', 0 bytes read))
[2023-05-04T03:42:11.900+0000] {helpers.py:87} ERROR - Retrying! 8 attempts before skipping!
[2023-05-04T03:42:15.188+0000] {warnings.py:110} WARNING - /home/***/.local/lib/python3.7/site-packages/***/utils/context.py:313: AirflowContextDeprecationWarning: Accessing 'execution_date' from the template is deprecated and will be removed in a future version. Please use 'data_interval_start' or 'logical_date' instead.
  warnings.warn(_create_deprecation_warning(k, replacements))

[2023-05-04T03:42:15.626+0000] {helpers.py:80} INFO - Detroit Pistons: Successfully scraped!
[2023-05-04T06:43:04.912+0000] {local_task_job.py:277} WARNING - State of this instance has been externally set to failed. Terminating instance.
[2023-05-04T06:43:04.987+0000] {process_utils.py:133} INFO - Sending Signals.SIGTERM to group 40110. PIDs of all processes in the group: [40110]
[2023-05-04T06:43:05.002+0000] {process_utils.py:84} INFO - Sending the signal Signals.SIGTERM to group 40110
[2023-05-04T06:43:05.019+0000] {taskinstance.py:1488} ERROR - Received SIGTERM. Terminating subprocesses.
[2023-05-04T06:43:05.079+0000] {logging_mixin.py:137} INFO - Task received SIGTERM signal
[2023-05-04T06:43:05.089+0000] {helpers.py:86} ERROR - Task received SIGTERM signal
[2023-05-04T06:43:05.093+0000] {helpers.py:87} ERROR - Retrying! 9 attempts before skipping!
[2023-05-04T06:43:08.750+0000] {helpers.py:80} INFO - Golden State Warriors: Successfully scraped!
[2023-05-04T09:46:06.840+0000] {process_utils.py:147} WARNING - process psutil.Process(pid=40110, name='airflow task ru', status='sleeping', started='03:41:59') did not respond to SIGTERM. Trying SIGKILL
[2023-05-04T09:46:06.849+0000] {process_utils.py:84} INFO - Sending the signal Signals.SIGKILL to group 40110
[2023-05-04T09:46:07.113+0000] {process_utils.py:79} INFO - Process psutil.Process(pid=40110, name='airflow task ru', status='terminated', exitcode=<Negsignal.SIGKILL: -9>, started='03:41:59') (40110) terminated with exit code Negsignal.SIGKILL
[2023-05-04T09:46:07.117+0000] {standard_task_runner.py:170} ERROR - Job 2465 was killed before it finished (likely due to running out of memory)
