[2023-05-02T15:52:37.994+0000] {taskinstance.py:1090} INFO - Dependencies all met for dep_context=non-requeueable deps ti=<TaskInstance: scrape_and_save_to_csv.scrape_teams_25-30 scheduled__2023-05-02T14:30:00+00:00 [queued]>
[2023-05-02T15:52:38.009+0000] {taskinstance.py:1090} INFO - Dependencies all met for dep_context=requeueable deps ti=<TaskInstance: scrape_and_save_to_csv.scrape_teams_25-30 scheduled__2023-05-02T14:30:00+00:00 [queued]>
[2023-05-02T15:52:38.010+0000] {taskinstance.py:1288} INFO - 
--------------------------------------------------------------------------------
[2023-05-02T15:52:38.011+0000] {taskinstance.py:1289} INFO - Starting attempt 1 of 1
[2023-05-02T15:52:38.012+0000] {taskinstance.py:1290} INFO - 
--------------------------------------------------------------------------------
[2023-05-02T15:52:38.024+0000] {taskinstance.py:1309} INFO - Executing <Task(PythonOperator): scrape_teams_25-30> on 2023-05-02 14:30:00+00:00
[2023-05-02T15:52:38.038+0000] {standard_task_runner.py:55} INFO - Started process 22665 to run task
[2023-05-02T15:52:38.044+0000] {standard_task_runner.py:82} INFO - Running: ['***', 'tasks', 'run', 'scrape_and_save_to_csv', 'scrape_teams_25-30', 'scheduled__2023-05-02T14:30:00+00:00', '--job-id', '2230', '--raw', '--subdir', 'DAGS_FOLDER/scrape_and_save_csv_dag.py', '--cfg-path', '/tmp/tmp42lwsiu7']
[2023-05-02T15:52:38.048+0000] {standard_task_runner.py:83} INFO - Job 2230: Subtask scrape_teams_25-30
[2023-05-02T15:52:38.134+0000] {task_command.py:389} INFO - Running <TaskInstance: scrape_and_save_to_csv.scrape_teams_25-30 scheduled__2023-05-02T14:30:00+00:00 [running]> on host 5d4cd8acb346
[2023-05-02T15:52:38.217+0000] {taskinstance.py:1518} INFO - Exporting the following env vars:
AIRFLOW_CTX_DAG_OWNER=***
AIRFLOW_CTX_DAG_ID=scrape_and_save_to_csv
AIRFLOW_CTX_TASK_ID=scrape_teams_25-30
AIRFLOW_CTX_EXECUTION_DATE=2023-05-02T14:30:00+00:00
AIRFLOW_CTX_TRY_NUMBER=1
AIRFLOW_CTX_DAG_RUN_ID=scheduled__2023-05-02T14:30:00+00:00
[2023-05-02T15:52:38.229+0000] {logging_mixin.py:137} INFO - HTTPSConnectionPool(host='api.pushshift.io', port=443): Max retries exceeded with url: /reddit/search/submission/?subreddit=ripcity&sort=created_utc&sort_type=desc&size=500 (Caused by NewConnectionError('<urllib3.connection.HTTPSConnection object at 0xffffa0041510>: Failed to establish a new connection: [Errno -2] Name or service not known'))
[2023-05-02T15:52:38.231+0000] {helpers.py:86} ERROR - HTTPSConnectionPool(host='api.pushshift.io', port=443): Max retries exceeded with url: /reddit/search/submission/?subreddit=ripcity&sort=created_utc&sort_type=desc&size=500 (Caused by NewConnectionError('<urllib3.connection.HTTPSConnection object at 0xffffa0041510>: Failed to establish a new connection: [Errno -2] Name or service not known'))
[2023-05-02T15:52:38.232+0000] {helpers.py:87} ERROR - Retrying! 9 attempts before skipping!
[2023-05-02T15:52:39.239+0000] {logging_mixin.py:137} INFO - HTTPSConnectionPool(host='api.pushshift.io', port=443): Max retries exceeded with url: /reddit/search/submission/?subreddit=ripcity&sort=created_utc&sort_type=desc&size=500 (Caused by NewConnectionError('<urllib3.connection.HTTPSConnection object at 0xffffa00542d0>: Failed to establish a new connection: [Errno -2] Name or service not known'))
[2023-05-02T15:52:39.241+0000] {helpers.py:86} ERROR - HTTPSConnectionPool(host='api.pushshift.io', port=443): Max retries exceeded with url: /reddit/search/submission/?subreddit=ripcity&sort=created_utc&sort_type=desc&size=500 (Caused by NewConnectionError('<urllib3.connection.HTTPSConnection object at 0xffffa00542d0>: Failed to establish a new connection: [Errno -2] Name or service not known'))
[2023-05-02T15:52:39.242+0000] {helpers.py:87} ERROR - Retrying! 8 attempts before skipping!
[2023-05-02T15:52:40.248+0000] {logging_mixin.py:137} INFO - HTTPSConnectionPool(host='api.pushshift.io', port=443): Max retries exceeded with url: /reddit/search/submission/?subreddit=ripcity&sort=created_utc&sort_type=desc&size=500 (Caused by NewConnectionError('<urllib3.connection.HTTPSConnection object at 0xffffa00540d0>: Failed to establish a new connection: [Errno -2] Name or service not known'))
[2023-05-02T15:52:40.250+0000] {helpers.py:86} ERROR - HTTPSConnectionPool(host='api.pushshift.io', port=443): Max retries exceeded with url: /reddit/search/submission/?subreddit=ripcity&sort=created_utc&sort_type=desc&size=500 (Caused by NewConnectionError('<urllib3.connection.HTTPSConnection object at 0xffffa00540d0>: Failed to establish a new connection: [Errno -2] Name or service not known'))
[2023-05-02T15:52:40.255+0000] {helpers.py:87} ERROR - Retrying! 7 attempts before skipping!
[2023-05-02T15:52:41.261+0000] {logging_mixin.py:137} INFO - HTTPSConnectionPool(host='api.pushshift.io', port=443): Max retries exceeded with url: /reddit/search/submission/?subreddit=ripcity&sort=created_utc&sort_type=desc&size=500 (Caused by NewConnectionError('<urllib3.connection.HTTPSConnection object at 0xffffa00542d0>: Failed to establish a new connection: [Errno -2] Name or service not known'))
[2023-05-02T15:52:41.263+0000] {helpers.py:86} ERROR - HTTPSConnectionPool(host='api.pushshift.io', port=443): Max retries exceeded with url: /reddit/search/submission/?subreddit=ripcity&sort=created_utc&sort_type=desc&size=500 (Caused by NewConnectionError('<urllib3.connection.HTTPSConnection object at 0xffffa00542d0>: Failed to establish a new connection: [Errno -2] Name or service not known'))
[2023-05-02T15:52:41.264+0000] {helpers.py:87} ERROR - Retrying! 6 attempts before skipping!
[2023-05-02T15:52:42.281+0000] {logging_mixin.py:137} INFO - HTTPSConnectionPool(host='api.pushshift.io', port=443): Max retries exceeded with url: /reddit/search/submission/?subreddit=ripcity&sort=created_utc&sort_type=desc&size=500 (Caused by NewConnectionError('<urllib3.connection.HTTPSConnection object at 0xffffa00540d0>: Failed to establish a new connection: [Errno -2] Name or service not known'))
[2023-05-02T15:52:42.283+0000] {helpers.py:86} ERROR - HTTPSConnectionPool(host='api.pushshift.io', port=443): Max retries exceeded with url: /reddit/search/submission/?subreddit=ripcity&sort=created_utc&sort_type=desc&size=500 (Caused by NewConnectionError('<urllib3.connection.HTTPSConnection object at 0xffffa00540d0>: Failed to establish a new connection: [Errno -2] Name or service not known'))
[2023-05-02T15:52:42.285+0000] {helpers.py:87} ERROR - Retrying! 5 attempts before skipping!
[2023-05-02T15:52:43.291+0000] {logging_mixin.py:137} INFO - HTTPSConnectionPool(host='api.pushshift.io', port=443): Max retries exceeded with url: /reddit/search/submission/?subreddit=ripcity&sort=created_utc&sort_type=desc&size=500 (Caused by NewConnectionError('<urllib3.connection.HTTPSConnection object at 0xffffa00542d0>: Failed to establish a new connection: [Errno -2] Name or service not known'))
[2023-05-02T15:52:43.293+0000] {helpers.py:86} ERROR - HTTPSConnectionPool(host='api.pushshift.io', port=443): Max retries exceeded with url: /reddit/search/submission/?subreddit=ripcity&sort=created_utc&sort_type=desc&size=500 (Caused by NewConnectionError('<urllib3.connection.HTTPSConnection object at 0xffffa00542d0>: Failed to establish a new connection: [Errno -2] Name or service not known'))
[2023-05-02T15:52:43.295+0000] {helpers.py:87} ERROR - Retrying! 4 attempts before skipping!
[2023-05-02T15:52:44.316+0000] {logging_mixin.py:137} INFO - HTTPSConnectionPool(host='api.pushshift.io', port=443): Max retries exceeded with url: /reddit/search/submission/?subreddit=ripcity&sort=created_utc&sort_type=desc&size=500 (Caused by NewConnectionError('<urllib3.connection.HTTPSConnection object at 0xffffa00540d0>: Failed to establish a new connection: [Errno -2] Name or service not known'))
[2023-05-02T15:52:44.319+0000] {helpers.py:86} ERROR - HTTPSConnectionPool(host='api.pushshift.io', port=443): Max retries exceeded with url: /reddit/search/submission/?subreddit=ripcity&sort=created_utc&sort_type=desc&size=500 (Caused by NewConnectionError('<urllib3.connection.HTTPSConnection object at 0xffffa00540d0>: Failed to establish a new connection: [Errno -2] Name or service not known'))
[2023-05-02T15:52:44.427+0000] {helpers.py:87} ERROR - Retrying! 3 attempts before skipping!
[2023-05-02T15:52:45.444+0000] {logging_mixin.py:137} INFO - HTTPSConnectionPool(host='api.pushshift.io', port=443): Max retries exceeded with url: /reddit/search/submission/?subreddit=ripcity&sort=created_utc&sort_type=desc&size=500 (Caused by NewConnectionError('<urllib3.connection.HTTPSConnection object at 0xffffa00542d0>: Failed to establish a new connection: [Errno -2] Name or service not known'))
[2023-05-02T15:52:45.445+0000] {helpers.py:86} ERROR - HTTPSConnectionPool(host='api.pushshift.io', port=443): Max retries exceeded with url: /reddit/search/submission/?subreddit=ripcity&sort=created_utc&sort_type=desc&size=500 (Caused by NewConnectionError('<urllib3.connection.HTTPSConnection object at 0xffffa00542d0>: Failed to establish a new connection: [Errno -2] Name or service not known'))
[2023-05-02T15:52:45.447+0000] {helpers.py:87} ERROR - Retrying! 2 attempts before skipping!
[2023-05-02T15:52:46.461+0000] {logging_mixin.py:137} INFO - HTTPSConnectionPool(host='api.pushshift.io', port=443): Max retries exceeded with url: /reddit/search/submission/?subreddit=ripcity&sort=created_utc&sort_type=desc&size=500 (Caused by NewConnectionError('<urllib3.connection.HTTPSConnection object at 0xffffa00540d0>: Failed to establish a new connection: [Errno -2] Name or service not known'))
[2023-05-02T15:52:46.465+0000] {helpers.py:86} ERROR - HTTPSConnectionPool(host='api.pushshift.io', port=443): Max retries exceeded with url: /reddit/search/submission/?subreddit=ripcity&sort=created_utc&sort_type=desc&size=500 (Caused by NewConnectionError('<urllib3.connection.HTTPSConnection object at 0xffffa00540d0>: Failed to establish a new connection: [Errno -2] Name or service not known'))
[2023-05-02T15:52:46.470+0000] {helpers.py:87} ERROR - Retrying! 1 attempts before skipping!
[2023-05-02T15:52:47.484+0000] {logging_mixin.py:137} INFO - HTTPSConnectionPool(host='api.pushshift.io', port=443): Max retries exceeded with url: /reddit/search/submission/?subreddit=ripcity&sort=created_utc&sort_type=desc&size=500 (Caused by NewConnectionError('<urllib3.connection.HTTPSConnection object at 0xffffa00542d0>: Failed to establish a new connection: [Errno -2] Name or service not known'))
[2023-05-02T15:52:47.489+0000] {helpers.py:86} ERROR - HTTPSConnectionPool(host='api.pushshift.io', port=443): Max retries exceeded with url: /reddit/search/submission/?subreddit=ripcity&sort=created_utc&sort_type=desc&size=500 (Caused by NewConnectionError('<urllib3.connection.HTTPSConnection object at 0xffffa00542d0>: Failed to establish a new connection: [Errno -2] Name or service not known'))
[2023-05-02T15:52:47.491+0000] {helpers.py:87} ERROR - Retrying! 0 attempts before skipping!
[2023-05-02T15:52:48.506+0000] {logging_mixin.py:137} INFO - HTTPSConnectionPool(host='api.pushshift.io', port=443): Max retries exceeded with url: /reddit/search/submission/?subreddit=ripcity&sort=created_utc&sort_type=desc&size=500 (Caused by NewConnectionError('<urllib3.connection.HTTPSConnection object at 0xffffa00540d0>: Failed to establish a new connection: [Errno -2] Name or service not known'))
[2023-05-02T15:52:48.508+0000] {helpers.py:86} ERROR - HTTPSConnectionPool(host='api.pushshift.io', port=443): Max retries exceeded with url: /reddit/search/submission/?subreddit=ripcity&sort=created_utc&sort_type=desc&size=500 (Caused by NewConnectionError('<urllib3.connection.HTTPSConnection object at 0xffffa00540d0>: Failed to establish a new connection: [Errno -2] Name or service not known'))
[2023-05-02T15:52:48.509+0000] {helpers.py:87} ERROR - Retrying! -1 attempts before skipping!
[2023-05-02T15:52:49.518+0000] {logging_mixin.py:137} INFO - HTTPSConnectionPool(host='api.pushshift.io', port=443): Max retries exceeded with url: /reddit/search/submission/?subreddit=kings&sort=created_utc&sort_type=desc&size=500 (Caused by NewConnectionError('<urllib3.connection.HTTPSConnection object at 0xffffa00540d0>: Failed to establish a new connection: [Errno -2] Name or service not known'))
[2023-05-02T15:52:49.520+0000] {helpers.py:86} ERROR - HTTPSConnectionPool(host='api.pushshift.io', port=443): Max retries exceeded with url: /reddit/search/submission/?subreddit=kings&sort=created_utc&sort_type=desc&size=500 (Caused by NewConnectionError('<urllib3.connection.HTTPSConnection object at 0xffffa00540d0>: Failed to establish a new connection: [Errno -2] Name or service not known'))
[2023-05-02T15:52:49.522+0000] {helpers.py:87} ERROR - Retrying! 9 attempts before skipping!
[2023-05-02T15:52:50.551+0000] {logging_mixin.py:137} INFO - HTTPSConnectionPool(host='api.pushshift.io', port=443): Max retries exceeded with url: /reddit/search/submission/?subreddit=kings&sort=created_utc&sort_type=desc&size=500 (Caused by NewConnectionError('<urllib3.connection.HTTPSConnection object at 0xffffa0054050>: Failed to establish a new connection: [Errno -2] Name or service not known'))
[2023-05-02T15:52:50.559+0000] {helpers.py:86} ERROR - HTTPSConnectionPool(host='api.pushshift.io', port=443): Max retries exceeded with url: /reddit/search/submission/?subreddit=kings&sort=created_utc&sort_type=desc&size=500 (Caused by NewConnectionError('<urllib3.connection.HTTPSConnection object at 0xffffa0054050>: Failed to establish a new connection: [Errno -2] Name or service not known'))
[2023-05-02T15:52:50.560+0000] {helpers.py:87} ERROR - Retrying! 8 attempts before skipping!
[2023-05-02T15:52:51.578+0000] {logging_mixin.py:137} INFO - HTTPSConnectionPool(host='api.pushshift.io', port=443): Max retries exceeded with url: /reddit/search/submission/?subreddit=kings&sort=created_utc&sort_type=desc&size=500 (Caused by NewConnectionError('<urllib3.connection.HTTPSConnection object at 0xffffa00540d0>: Failed to establish a new connection: [Errno -2] Name or service not known'))
[2023-05-02T15:52:51.581+0000] {helpers.py:86} ERROR - HTTPSConnectionPool(host='api.pushshift.io', port=443): Max retries exceeded with url: /reddit/search/submission/?subreddit=kings&sort=created_utc&sort_type=desc&size=500 (Caused by NewConnectionError('<urllib3.connection.HTTPSConnection object at 0xffffa00540d0>: Failed to establish a new connection: [Errno -2] Name or service not known'))
[2023-05-02T15:52:51.589+0000] {helpers.py:87} ERROR - Retrying! 7 attempts before skipping!
[2023-05-02T15:52:52.607+0000] {logging_mixin.py:137} INFO - HTTPSConnectionPool(host='api.pushshift.io', port=443): Max retries exceeded with url: /reddit/search/submission/?subreddit=kings&sort=created_utc&sort_type=desc&size=500 (Caused by NewConnectionError('<urllib3.connection.HTTPSConnection object at 0xffffa0054050>: Failed to establish a new connection: [Errno -2] Name or service not known'))
[2023-05-02T15:52:52.610+0000] {helpers.py:86} ERROR - HTTPSConnectionPool(host='api.pushshift.io', port=443): Max retries exceeded with url: /reddit/search/submission/?subreddit=kings&sort=created_utc&sort_type=desc&size=500 (Caused by NewConnectionError('<urllib3.connection.HTTPSConnection object at 0xffffa0054050>: Failed to establish a new connection: [Errno -2] Name or service not known'))
[2023-05-02T15:52:52.613+0000] {helpers.py:87} ERROR - Retrying! 6 attempts before skipping!
[2023-05-02T15:52:53.623+0000] {logging_mixin.py:137} INFO - HTTPSConnectionPool(host='api.pushshift.io', port=443): Max retries exceeded with url: /reddit/search/submission/?subreddit=kings&sort=created_utc&sort_type=desc&size=500 (Caused by NewConnectionError('<urllib3.connection.HTTPSConnection object at 0xffffa00540d0>: Failed to establish a new connection: [Errno -2] Name or service not known'))
[2023-05-02T15:52:53.626+0000] {helpers.py:86} ERROR - HTTPSConnectionPool(host='api.pushshift.io', port=443): Max retries exceeded with url: /reddit/search/submission/?subreddit=kings&sort=created_utc&sort_type=desc&size=500 (Caused by NewConnectionError('<urllib3.connection.HTTPSConnection object at 0xffffa00540d0>: Failed to establish a new connection: [Errno -2] Name or service not known'))
[2023-05-02T15:52:53.628+0000] {helpers.py:87} ERROR - Retrying! 5 attempts before skipping!
[2023-05-02T15:52:54.639+0000] {logging_mixin.py:137} INFO - HTTPSConnectionPool(host='api.pushshift.io', port=443): Max retries exceeded with url: /reddit/search/submission/?subreddit=kings&sort=created_utc&sort_type=desc&size=500 (Caused by NewConnectionError('<urllib3.connection.HTTPSConnection object at 0xffffa0054050>: Failed to establish a new connection: [Errno -2] Name or service not known'))
[2023-05-02T15:52:54.643+0000] {helpers.py:86} ERROR - HTTPSConnectionPool(host='api.pushshift.io', port=443): Max retries exceeded with url: /reddit/search/submission/?subreddit=kings&sort=created_utc&sort_type=desc&size=500 (Caused by NewConnectionError('<urllib3.connection.HTTPSConnection object at 0xffffa0054050>: Failed to establish a new connection: [Errno -2] Name or service not known'))
[2023-05-02T15:52:54.648+0000] {helpers.py:87} ERROR - Retrying! 4 attempts before skipping!
[2023-05-02T15:52:55.657+0000] {logging_mixin.py:137} INFO - HTTPSConnectionPool(host='api.pushshift.io', port=443): Max retries exceeded with url: /reddit/search/submission/?subreddit=kings&sort=created_utc&sort_type=desc&size=500 (Caused by NewConnectionError('<urllib3.connection.HTTPSConnection object at 0xffffa00540d0>: Failed to establish a new connection: [Errno -2] Name or service not known'))
[2023-05-02T15:52:55.659+0000] {helpers.py:86} ERROR - HTTPSConnectionPool(host='api.pushshift.io', port=443): Max retries exceeded with url: /reddit/search/submission/?subreddit=kings&sort=created_utc&sort_type=desc&size=500 (Caused by NewConnectionError('<urllib3.connection.HTTPSConnection object at 0xffffa00540d0>: Failed to establish a new connection: [Errno -2] Name or service not known'))
[2023-05-02T15:52:55.660+0000] {helpers.py:87} ERROR - Retrying! 3 attempts before skipping!
[2023-05-02T15:52:56.670+0000] {logging_mixin.py:137} INFO - HTTPSConnectionPool(host='api.pushshift.io', port=443): Max retries exceeded with url: /reddit/search/submission/?subreddit=kings&sort=created_utc&sort_type=desc&size=500 (Caused by NewConnectionError('<urllib3.connection.HTTPSConnection object at 0xffffa0054050>: Failed to establish a new connection: [Errno -2] Name or service not known'))
[2023-05-02T15:52:56.671+0000] {helpers.py:86} ERROR - HTTPSConnectionPool(host='api.pushshift.io', port=443): Max retries exceeded with url: /reddit/search/submission/?subreddit=kings&sort=created_utc&sort_type=desc&size=500 (Caused by NewConnectionError('<urllib3.connection.HTTPSConnection object at 0xffffa0054050>: Failed to establish a new connection: [Errno -2] Name or service not known'))
[2023-05-02T15:52:56.672+0000] {helpers.py:87} ERROR - Retrying! 2 attempts before skipping!
[2023-05-02T15:52:57.703+0000] {logging_mixin.py:137} INFO - HTTPSConnectionPool(host='api.pushshift.io', port=443): Max retries exceeded with url: /reddit/search/submission/?subreddit=kings&sort=created_utc&sort_type=desc&size=500 (Caused by NewConnectionError('<urllib3.connection.HTTPSConnection object at 0xffffa00540d0>: Failed to establish a new connection: [Errno -2] Name or service not known'))
[2023-05-02T15:52:57.704+0000] {helpers.py:86} ERROR - HTTPSConnectionPool(host='api.pushshift.io', port=443): Max retries exceeded with url: /reddit/search/submission/?subreddit=kings&sort=created_utc&sort_type=desc&size=500 (Caused by NewConnectionError('<urllib3.connection.HTTPSConnection object at 0xffffa00540d0>: Failed to establish a new connection: [Errno -2] Name or service not known'))
[2023-05-02T15:52:57.706+0000] {helpers.py:87} ERROR - Retrying! 1 attempts before skipping!
[2023-05-02T15:52:58.731+0000] {logging_mixin.py:137} INFO - HTTPSConnectionPool(host='api.pushshift.io', port=443): Max retries exceeded with url: /reddit/search/submission/?subreddit=kings&sort=created_utc&sort_type=desc&size=500 (Caused by NewConnectionError('<urllib3.connection.HTTPSConnection object at 0xffffa0054050>: Failed to establish a new connection: [Errno -2] Name or service not known'))
[2023-05-02T15:52:58.744+0000] {helpers.py:86} ERROR - HTTPSConnectionPool(host='api.pushshift.io', port=443): Max retries exceeded with url: /reddit/search/submission/?subreddit=kings&sort=created_utc&sort_type=desc&size=500 (Caused by NewConnectionError('<urllib3.connection.HTTPSConnection object at 0xffffa0054050>: Failed to establish a new connection: [Errno -2] Name or service not known'))
[2023-05-02T15:52:58.749+0000] {helpers.py:87} ERROR - Retrying! 0 attempts before skipping!
[2023-05-02T15:52:59.764+0000] {logging_mixin.py:137} INFO - HTTPSConnectionPool(host='api.pushshift.io', port=443): Max retries exceeded with url: /reddit/search/submission/?subreddit=kings&sort=created_utc&sort_type=desc&size=500 (Caused by NewConnectionError('<urllib3.connection.HTTPSConnection object at 0xffffa00540d0>: Failed to establish a new connection: [Errno -2] Name or service not known'))
[2023-05-02T15:52:59.766+0000] {helpers.py:86} ERROR - HTTPSConnectionPool(host='api.pushshift.io', port=443): Max retries exceeded with url: /reddit/search/submission/?subreddit=kings&sort=created_utc&sort_type=desc&size=500 (Caused by NewConnectionError('<urllib3.connection.HTTPSConnection object at 0xffffa00540d0>: Failed to establish a new connection: [Errno -2] Name or service not known'))
[2023-05-02T15:52:59.768+0000] {helpers.py:87} ERROR - Retrying! -1 attempts before skipping!
[2023-05-02T15:53:00.776+0000] {logging_mixin.py:137} INFO - HTTPSConnectionPool(host='api.pushshift.io', port=443): Max retries exceeded with url: /reddit/search/submission/?subreddit=NBASpurs&sort=created_utc&sort_type=desc&size=500 (Caused by NewConnectionError('<urllib3.connection.HTTPSConnection object at 0xffffa00540d0>: Failed to establish a new connection: [Errno -2] Name or service not known'))
[2023-05-02T15:53:00.779+0000] {helpers.py:86} ERROR - HTTPSConnectionPool(host='api.pushshift.io', port=443): Max retries exceeded with url: /reddit/search/submission/?subreddit=NBASpurs&sort=created_utc&sort_type=desc&size=500 (Caused by NewConnectionError('<urllib3.connection.HTTPSConnection object at 0xffffa00540d0>: Failed to establish a new connection: [Errno -2] Name or service not known'))
[2023-05-02T15:53:00.781+0000] {helpers.py:87} ERROR - Retrying! 9 attempts before skipping!
[2023-05-02T15:53:01.792+0000] {logging_mixin.py:137} INFO - HTTPSConnectionPool(host='api.pushshift.io', port=443): Max retries exceeded with url: /reddit/search/submission/?subreddit=NBASpurs&sort=created_utc&sort_type=desc&size=500 (Caused by NewConnectionError('<urllib3.connection.HTTPSConnection object at 0xffffa0054210>: Failed to establish a new connection: [Errno -2] Name or service not known'))
[2023-05-02T15:53:01.794+0000] {helpers.py:86} ERROR - HTTPSConnectionPool(host='api.pushshift.io', port=443): Max retries exceeded with url: /reddit/search/submission/?subreddit=NBASpurs&sort=created_utc&sort_type=desc&size=500 (Caused by NewConnectionError('<urllib3.connection.HTTPSConnection object at 0xffffa0054210>: Failed to establish a new connection: [Errno -2] Name or service not known'))
[2023-05-02T15:53:01.795+0000] {helpers.py:87} ERROR - Retrying! 8 attempts before skipping!
[2023-05-02T15:53:02.805+0000] {logging_mixin.py:137} INFO - HTTPSConnectionPool(host='api.pushshift.io', port=443): Max retries exceeded with url: /reddit/search/submission/?subreddit=NBASpurs&sort=created_utc&sort_type=desc&size=500 (Caused by NewConnectionError('<urllib3.connection.HTTPSConnection object at 0xffffa00540d0>: Failed to establish a new connection: [Errno -2] Name or service not known'))
[2023-05-02T15:53:02.807+0000] {helpers.py:86} ERROR - HTTPSConnectionPool(host='api.pushshift.io', port=443): Max retries exceeded with url: /reddit/search/submission/?subreddit=NBASpurs&sort=created_utc&sort_type=desc&size=500 (Caused by NewConnectionError('<urllib3.connection.HTTPSConnection object at 0xffffa00540d0>: Failed to establish a new connection: [Errno -2] Name or service not known'))
[2023-05-02T15:53:02.809+0000] {helpers.py:87} ERROR - Retrying! 7 attempts before skipping!
[2023-05-02T15:53:03.830+0000] {logging_mixin.py:137} INFO - HTTPSConnectionPool(host='api.pushshift.io', port=443): Max retries exceeded with url: /reddit/search/submission/?subreddit=NBASpurs&sort=created_utc&sort_type=desc&size=500 (Caused by NewConnectionError('<urllib3.connection.HTTPSConnection object at 0xffffa0054210>: Failed to establish a new connection: [Errno -2] Name or service not known'))
[2023-05-02T15:53:03.836+0000] {helpers.py:86} ERROR - HTTPSConnectionPool(host='api.pushshift.io', port=443): Max retries exceeded with url: /reddit/search/submission/?subreddit=NBASpurs&sort=created_utc&sort_type=desc&size=500 (Caused by NewConnectionError('<urllib3.connection.HTTPSConnection object at 0xffffa0054210>: Failed to establish a new connection: [Errno -2] Name or service not known'))
[2023-05-02T15:53:03.837+0000] {helpers.py:87} ERROR - Retrying! 6 attempts before skipping!
[2023-05-02T15:53:04.850+0000] {logging_mixin.py:137} INFO - HTTPSConnectionPool(host='api.pushshift.io', port=443): Max retries exceeded with url: /reddit/search/submission/?subreddit=NBASpurs&sort=created_utc&sort_type=desc&size=500 (Caused by NewConnectionError('<urllib3.connection.HTTPSConnection object at 0xffffa00540d0>: Failed to establish a new connection: [Errno -2] Name or service not known'))
[2023-05-02T15:53:04.853+0000] {helpers.py:86} ERROR - HTTPSConnectionPool(host='api.pushshift.io', port=443): Max retries exceeded with url: /reddit/search/submission/?subreddit=NBASpurs&sort=created_utc&sort_type=desc&size=500 (Caused by NewConnectionError('<urllib3.connection.HTTPSConnection object at 0xffffa00540d0>: Failed to establish a new connection: [Errno -2] Name or service not known'))
[2023-05-02T15:53:04.855+0000] {helpers.py:87} ERROR - Retrying! 5 attempts before skipping!
[2023-05-02T16:40:22.977+0000] {logging_mixin.py:137} INFO - HTTPSConnectionPool(host='api.pushshift.io', port=443): Max retries exceeded with url: /reddit/search/submission/?subreddit=NBASpurs&sort=created_utc&sort_type=desc&size=500 (Caused by NewConnectionError('<urllib3.connection.HTTPSConnection object at 0xffffa0054210>: Failed to establish a new connection: [Errno -2] Name or service not known'))
[2023-05-02T16:40:22.980+0000] {helpers.py:86} ERROR - HTTPSConnectionPool(host='api.pushshift.io', port=443): Max retries exceeded with url: /reddit/search/submission/?subreddit=NBASpurs&sort=created_utc&sort_type=desc&size=500 (Caused by NewConnectionError('<urllib3.connection.HTTPSConnection object at 0xffffa0054210>: Failed to establish a new connection: [Errno -2] Name or service not known'))
[2023-05-02T16:40:22.981+0000] {helpers.py:87} ERROR - Retrying! 4 attempts before skipping!
[2023-05-02T16:40:23.989+0000] {logging_mixin.py:137} INFO - HTTPSConnectionPool(host='api.pushshift.io', port=443): Max retries exceeded with url: /reddit/search/submission/?subreddit=NBASpurs&sort=created_utc&sort_type=desc&size=500 (Caused by NewConnectionError('<urllib3.connection.HTTPSConnection object at 0xffffa00540d0>: Failed to establish a new connection: [Errno -2] Name or service not known'))
[2023-05-02T16:40:23.995+0000] {helpers.py:86} ERROR - HTTPSConnectionPool(host='api.pushshift.io', port=443): Max retries exceeded with url: /reddit/search/submission/?subreddit=NBASpurs&sort=created_utc&sort_type=desc&size=500 (Caused by NewConnectionError('<urllib3.connection.HTTPSConnection object at 0xffffa00540d0>: Failed to establish a new connection: [Errno -2] Name or service not known'))
[2023-05-02T16:40:23.998+0000] {helpers.py:87} ERROR - Retrying! 3 attempts before skipping!
[2023-05-02T16:40:25.016+0000] {logging_mixin.py:137} INFO - HTTPSConnectionPool(host='api.pushshift.io', port=443): Max retries exceeded with url: /reddit/search/submission/?subreddit=NBASpurs&sort=created_utc&sort_type=desc&size=500 (Caused by NewConnectionError('<urllib3.connection.HTTPSConnection object at 0xffffa0054210>: Failed to establish a new connection: [Errno -2] Name or service not known'))
[2023-05-02T16:40:25.018+0000] {helpers.py:86} ERROR - HTTPSConnectionPool(host='api.pushshift.io', port=443): Max retries exceeded with url: /reddit/search/submission/?subreddit=NBASpurs&sort=created_utc&sort_type=desc&size=500 (Caused by NewConnectionError('<urllib3.connection.HTTPSConnection object at 0xffffa0054210>: Failed to establish a new connection: [Errno -2] Name or service not known'))
[2023-05-02T16:40:25.022+0000] {helpers.py:87} ERROR - Retrying! 2 attempts before skipping!
[2023-05-02T16:40:26.041+0000] {logging_mixin.py:137} INFO - HTTPSConnectionPool(host='api.pushshift.io', port=443): Max retries exceeded with url: /reddit/search/submission/?subreddit=NBASpurs&sort=created_utc&sort_type=desc&size=500 (Caused by NewConnectionError('<urllib3.connection.HTTPSConnection object at 0xffffa00540d0>: Failed to establish a new connection: [Errno -2] Name or service not known'))
[2023-05-02T16:40:26.043+0000] {helpers.py:86} ERROR - HTTPSConnectionPool(host='api.pushshift.io', port=443): Max retries exceeded with url: /reddit/search/submission/?subreddit=NBASpurs&sort=created_utc&sort_type=desc&size=500 (Caused by NewConnectionError('<urllib3.connection.HTTPSConnection object at 0xffffa00540d0>: Failed to establish a new connection: [Errno -2] Name or service not known'))
[2023-05-02T16:40:26.047+0000] {helpers.py:87} ERROR - Retrying! 1 attempts before skipping!
[2023-05-02T16:40:27.058+0000] {logging_mixin.py:137} INFO - HTTPSConnectionPool(host='api.pushshift.io', port=443): Max retries exceeded with url: /reddit/search/submission/?subreddit=NBASpurs&sort=created_utc&sort_type=desc&size=500 (Caused by NewConnectionError('<urllib3.connection.HTTPSConnection object at 0xffffa0054210>: Failed to establish a new connection: [Errno -2] Name or service not known'))
[2023-05-02T16:40:27.060+0000] {helpers.py:86} ERROR - HTTPSConnectionPool(host='api.pushshift.io', port=443): Max retries exceeded with url: /reddit/search/submission/?subreddit=NBASpurs&sort=created_utc&sort_type=desc&size=500 (Caused by NewConnectionError('<urllib3.connection.HTTPSConnection object at 0xffffa0054210>: Failed to establish a new connection: [Errno -2] Name or service not known'))
[2023-05-02T16:40:27.061+0000] {helpers.py:87} ERROR - Retrying! 0 attempts before skipping!
[2023-05-02T16:40:28.069+0000] {logging_mixin.py:137} INFO - HTTPSConnectionPool(host='api.pushshift.io', port=443): Max retries exceeded with url: /reddit/search/submission/?subreddit=NBASpurs&sort=created_utc&sort_type=desc&size=500 (Caused by NewConnectionError('<urllib3.connection.HTTPSConnection object at 0xffffa00540d0>: Failed to establish a new connection: [Errno -2] Name or service not known'))
[2023-05-02T16:40:28.071+0000] {helpers.py:86} ERROR - HTTPSConnectionPool(host='api.pushshift.io', port=443): Max retries exceeded with url: /reddit/search/submission/?subreddit=NBASpurs&sort=created_utc&sort_type=desc&size=500 (Caused by NewConnectionError('<urllib3.connection.HTTPSConnection object at 0xffffa00540d0>: Failed to establish a new connection: [Errno -2] Name or service not known'))
[2023-05-02T16:40:28.072+0000] {helpers.py:87} ERROR - Retrying! -1 attempts before skipping!
[2023-05-02T16:40:29.079+0000] {logging_mixin.py:137} INFO - HTTPSConnectionPool(host='api.pushshift.io', port=443): Max retries exceeded with url: /reddit/search/submission/?subreddit=torontoraptors&sort=created_utc&sort_type=desc&size=500 (Caused by NewConnectionError('<urllib3.connection.HTTPSConnection object at 0xffffa00540d0>: Failed to establish a new connection: [Errno -2] Name or service not known'))
[2023-05-02T16:40:29.081+0000] {helpers.py:86} ERROR - HTTPSConnectionPool(host='api.pushshift.io', port=443): Max retries exceeded with url: /reddit/search/submission/?subreddit=torontoraptors&sort=created_utc&sort_type=desc&size=500 (Caused by NewConnectionError('<urllib3.connection.HTTPSConnection object at 0xffffa00540d0>: Failed to establish a new connection: [Errno -2] Name or service not known'))
[2023-05-02T16:40:29.083+0000] {helpers.py:87} ERROR - Retrying! 9 attempts before skipping!
[2023-05-02T16:40:30.089+0000] {logging_mixin.py:137} INFO - HTTPSConnectionPool(host='api.pushshift.io', port=443): Max retries exceeded with url: /reddit/search/submission/?subreddit=torontoraptors&sort=created_utc&sort_type=desc&size=500 (Caused by NewConnectionError('<urllib3.connection.HTTPSConnection object at 0xffffa0054510>: Failed to establish a new connection: [Errno -2] Name or service not known'))
[2023-05-02T16:40:30.093+0000] {helpers.py:86} ERROR - HTTPSConnectionPool(host='api.pushshift.io', port=443): Max retries exceeded with url: /reddit/search/submission/?subreddit=torontoraptors&sort=created_utc&sort_type=desc&size=500 (Caused by NewConnectionError('<urllib3.connection.HTTPSConnection object at 0xffffa0054510>: Failed to establish a new connection: [Errno -2] Name or service not known'))
[2023-05-02T16:40:30.097+0000] {helpers.py:87} ERROR - Retrying! 8 attempts before skipping!
[2023-05-02T16:40:31.119+0000] {logging_mixin.py:137} INFO - HTTPSConnectionPool(host='api.pushshift.io', port=443): Max retries exceeded with url: /reddit/search/submission/?subreddit=torontoraptors&sort=created_utc&sort_type=desc&size=500 (Caused by NewConnectionError('<urllib3.connection.HTTPSConnection object at 0xffffa00540d0>: Failed to establish a new connection: [Errno -2] Name or service not known'))
[2023-05-02T16:40:31.136+0000] {helpers.py:86} ERROR - HTTPSConnectionPool(host='api.pushshift.io', port=443): Max retries exceeded with url: /reddit/search/submission/?subreddit=torontoraptors&sort=created_utc&sort_type=desc&size=500 (Caused by NewConnectionError('<urllib3.connection.HTTPSConnection object at 0xffffa00540d0>: Failed to establish a new connection: [Errno -2] Name or service not known'))
[2023-05-02T16:40:31.138+0000] {helpers.py:87} ERROR - Retrying! 7 attempts before skipping!
[2023-05-02T16:40:32.149+0000] {logging_mixin.py:137} INFO - HTTPSConnectionPool(host='api.pushshift.io', port=443): Max retries exceeded with url: /reddit/search/submission/?subreddit=torontoraptors&sort=created_utc&sort_type=desc&size=500 (Caused by NewConnectionError('<urllib3.connection.HTTPSConnection object at 0xffffa0054510>: Failed to establish a new connection: [Errno -2] Name or service not known'))
[2023-05-02T16:40:32.151+0000] {helpers.py:86} ERROR - HTTPSConnectionPool(host='api.pushshift.io', port=443): Max retries exceeded with url: /reddit/search/submission/?subreddit=torontoraptors&sort=created_utc&sort_type=desc&size=500 (Caused by NewConnectionError('<urllib3.connection.HTTPSConnection object at 0xffffa0054510>: Failed to establish a new connection: [Errno -2] Name or service not known'))
[2023-05-02T16:40:32.153+0000] {helpers.py:87} ERROR - Retrying! 6 attempts before skipping!
[2023-05-02T16:40:33.314+0000] {logging_mixin.py:137} INFO - HTTPSConnectionPool(host='api.pushshift.io', port=443): Max retries exceeded with url: /reddit/search/submission/?subreddit=torontoraptors&sort=created_utc&sort_type=desc&size=500 (Caused by NewConnectionError('<urllib3.connection.HTTPSConnection object at 0xffffa00540d0>: Failed to establish a new connection: [Errno -2] Name or service not known'))
[2023-05-02T16:40:33.317+0000] {helpers.py:86} ERROR - HTTPSConnectionPool(host='api.pushshift.io', port=443): Max retries exceeded with url: /reddit/search/submission/?subreddit=torontoraptors&sort=created_utc&sort_type=desc&size=500 (Caused by NewConnectionError('<urllib3.connection.HTTPSConnection object at 0xffffa00540d0>: Failed to establish a new connection: [Errno -2] Name or service not known'))
[2023-05-02T16:40:33.319+0000] {helpers.py:87} ERROR - Retrying! 5 attempts before skipping!
[2023-05-02T16:40:34.354+0000] {logging_mixin.py:137} INFO - HTTPSConnectionPool(host='api.pushshift.io', port=443): Max retries exceeded with url: /reddit/search/submission/?subreddit=torontoraptors&sort=created_utc&sort_type=desc&size=500 (Caused by NewConnectionError('<urllib3.connection.HTTPSConnection object at 0xffffa0054510>: Failed to establish a new connection: [Errno -2] Name or service not known'))
[2023-05-02T16:40:34.358+0000] {helpers.py:86} ERROR - HTTPSConnectionPool(host='api.pushshift.io', port=443): Max retries exceeded with url: /reddit/search/submission/?subreddit=torontoraptors&sort=created_utc&sort_type=desc&size=500 (Caused by NewConnectionError('<urllib3.connection.HTTPSConnection object at 0xffffa0054510>: Failed to establish a new connection: [Errno -2] Name or service not known'))
[2023-05-02T16:40:34.367+0000] {helpers.py:87} ERROR - Retrying! 4 attempts before skipping!
[2023-05-02T16:40:35.376+0000] {logging_mixin.py:137} INFO - HTTPSConnectionPool(host='api.pushshift.io', port=443): Max retries exceeded with url: /reddit/search/submission/?subreddit=torontoraptors&sort=created_utc&sort_type=desc&size=500 (Caused by NewConnectionError('<urllib3.connection.HTTPSConnection object at 0xffffa00540d0>: Failed to establish a new connection: [Errno -2] Name or service not known'))
[2023-05-02T16:40:35.378+0000] {helpers.py:86} ERROR - HTTPSConnectionPool(host='api.pushshift.io', port=443): Max retries exceeded with url: /reddit/search/submission/?subreddit=torontoraptors&sort=created_utc&sort_type=desc&size=500 (Caused by NewConnectionError('<urllib3.connection.HTTPSConnection object at 0xffffa00540d0>: Failed to establish a new connection: [Errno -2] Name or service not known'))
[2023-05-02T16:40:35.390+0000] {helpers.py:87} ERROR - Retrying! 3 attempts before skipping!
[2023-05-02T16:40:36.418+0000] {logging_mixin.py:137} INFO - HTTPSConnectionPool(host='api.pushshift.io', port=443): Max retries exceeded with url: /reddit/search/submission/?subreddit=torontoraptors&sort=created_utc&sort_type=desc&size=500 (Caused by NewConnectionError('<urllib3.connection.HTTPSConnection object at 0xffffa0054510>: Failed to establish a new connection: [Errno -2] Name or service not known'))
[2023-05-02T16:40:36.422+0000] {helpers.py:86} ERROR - HTTPSConnectionPool(host='api.pushshift.io', port=443): Max retries exceeded with url: /reddit/search/submission/?subreddit=torontoraptors&sort=created_utc&sort_type=desc&size=500 (Caused by NewConnectionError('<urllib3.connection.HTTPSConnection object at 0xffffa0054510>: Failed to establish a new connection: [Errno -2] Name or service not known'))
[2023-05-02T16:40:36.426+0000] {helpers.py:87} ERROR - Retrying! 2 attempts before skipping!
[2023-05-02T16:40:37.441+0000] {logging_mixin.py:137} INFO - HTTPSConnectionPool(host='api.pushshift.io', port=443): Max retries exceeded with url: /reddit/search/submission/?subreddit=torontoraptors&sort=created_utc&sort_type=desc&size=500 (Caused by NewConnectionError('<urllib3.connection.HTTPSConnection object at 0xffffa00540d0>: Failed to establish a new connection: [Errno -2] Name or service not known'))
[2023-05-02T16:40:37.444+0000] {helpers.py:86} ERROR - HTTPSConnectionPool(host='api.pushshift.io', port=443): Max retries exceeded with url: /reddit/search/submission/?subreddit=torontoraptors&sort=created_utc&sort_type=desc&size=500 (Caused by NewConnectionError('<urllib3.connection.HTTPSConnection object at 0xffffa00540d0>: Failed to establish a new connection: [Errno -2] Name or service not known'))
[2023-05-02T16:40:37.447+0000] {helpers.py:87} ERROR - Retrying! 1 attempts before skipping!
[2023-05-02T16:40:38.472+0000] {logging_mixin.py:137} INFO - HTTPSConnectionPool(host='api.pushshift.io', port=443): Max retries exceeded with url: /reddit/search/submission/?subreddit=torontoraptors&sort=created_utc&sort_type=desc&size=500 (Caused by NewConnectionError('<urllib3.connection.HTTPSConnection object at 0xffffa0054510>: Failed to establish a new connection: [Errno -2] Name or service not known'))
[2023-05-02T16:40:38.475+0000] {helpers.py:86} ERROR - HTTPSConnectionPool(host='api.pushshift.io', port=443): Max retries exceeded with url: /reddit/search/submission/?subreddit=torontoraptors&sort=created_utc&sort_type=desc&size=500 (Caused by NewConnectionError('<urllib3.connection.HTTPSConnection object at 0xffffa0054510>: Failed to establish a new connection: [Errno -2] Name or service not known'))
[2023-05-02T16:40:38.477+0000] {helpers.py:87} ERROR - Retrying! 0 attempts before skipping!
[2023-05-02T16:40:39.501+0000] {logging_mixin.py:137} INFO - HTTPSConnectionPool(host='api.pushshift.io', port=443): Max retries exceeded with url: /reddit/search/submission/?subreddit=torontoraptors&sort=created_utc&sort_type=desc&size=500 (Caused by NewConnectionError('<urllib3.connection.HTTPSConnection object at 0xffffa00540d0>: Failed to establish a new connection: [Errno -2] Name or service not known'))
[2023-05-02T16:40:39.508+0000] {helpers.py:86} ERROR - HTTPSConnectionPool(host='api.pushshift.io', port=443): Max retries exceeded with url: /reddit/search/submission/?subreddit=torontoraptors&sort=created_utc&sort_type=desc&size=500 (Caused by NewConnectionError('<urllib3.connection.HTTPSConnection object at 0xffffa00540d0>: Failed to establish a new connection: [Errno -2] Name or service not known'))
[2023-05-02T16:40:39.510+0000] {helpers.py:87} ERROR - Retrying! -1 attempts before skipping!
[2023-05-02T16:40:40.526+0000] {logging_mixin.py:137} INFO - HTTPSConnectionPool(host='api.pushshift.io', port=443): Max retries exceeded with url: /reddit/search/submission/?subreddit=UtahJazz&sort=created_utc&sort_type=desc&size=500 (Caused by NewConnectionError('<urllib3.connection.HTTPSConnection object at 0xffffa00540d0>: Failed to establish a new connection: [Errno -2] Name or service not known'))
[2023-05-02T16:40:40.529+0000] {helpers.py:86} ERROR - HTTPSConnectionPool(host='api.pushshift.io', port=443): Max retries exceeded with url: /reddit/search/submission/?subreddit=UtahJazz&sort=created_utc&sort_type=desc&size=500 (Caused by NewConnectionError('<urllib3.connection.HTTPSConnection object at 0xffffa00540d0>: Failed to establish a new connection: [Errno -2] Name or service not known'))
[2023-05-02T16:40:40.530+0000] {helpers.py:87} ERROR - Retrying! 9 attempts before skipping!
[2023-05-02T16:40:41.540+0000] {logging_mixin.py:137} INFO - HTTPSConnectionPool(host='api.pushshift.io', port=443): Max retries exceeded with url: /reddit/search/submission/?subreddit=UtahJazz&sort=created_utc&sort_type=desc&size=500 (Caused by NewConnectionError('<urllib3.connection.HTTPSConnection object at 0xffffa0054310>: Failed to establish a new connection: [Errno -2] Name or service not known'))
[2023-05-02T16:40:41.543+0000] {helpers.py:86} ERROR - HTTPSConnectionPool(host='api.pushshift.io', port=443): Max retries exceeded with url: /reddit/search/submission/?subreddit=UtahJazz&sort=created_utc&sort_type=desc&size=500 (Caused by NewConnectionError('<urllib3.connection.HTTPSConnection object at 0xffffa0054310>: Failed to establish a new connection: [Errno -2] Name or service not known'))
[2023-05-02T16:40:41.547+0000] {helpers.py:87} ERROR - Retrying! 8 attempts before skipping!
[2023-05-02T16:40:42.569+0000] {logging_mixin.py:137} INFO - HTTPSConnectionPool(host='api.pushshift.io', port=443): Max retries exceeded with url: /reddit/search/submission/?subreddit=UtahJazz&sort=created_utc&sort_type=desc&size=500 (Caused by NewConnectionError('<urllib3.connection.HTTPSConnection object at 0xffffa00540d0>: Failed to establish a new connection: [Errno -2] Name or service not known'))
[2023-05-02T16:40:42.572+0000] {helpers.py:86} ERROR - HTTPSConnectionPool(host='api.pushshift.io', port=443): Max retries exceeded with url: /reddit/search/submission/?subreddit=UtahJazz&sort=created_utc&sort_type=desc&size=500 (Caused by NewConnectionError('<urllib3.connection.HTTPSConnection object at 0xffffa00540d0>: Failed to establish a new connection: [Errno -2] Name or service not known'))
[2023-05-02T16:40:42.574+0000] {helpers.py:87} ERROR - Retrying! 7 attempts before skipping!
[2023-05-02T16:40:43.630+0000] {logging_mixin.py:137} INFO - HTTPSConnectionPool(host='api.pushshift.io', port=443): Max retries exceeded with url: /reddit/search/submission/?subreddit=UtahJazz&sort=created_utc&sort_type=desc&size=500 (Caused by NewConnectionError('<urllib3.connection.HTTPSConnection object at 0xffffa0054310>: Failed to establish a new connection: [Errno -2] Name or service not known'))
[2023-05-02T16:40:43.633+0000] {helpers.py:86} ERROR - HTTPSConnectionPool(host='api.pushshift.io', port=443): Max retries exceeded with url: /reddit/search/submission/?subreddit=UtahJazz&sort=created_utc&sort_type=desc&size=500 (Caused by NewConnectionError('<urllib3.connection.HTTPSConnection object at 0xffffa0054310>: Failed to establish a new connection: [Errno -2] Name or service not known'))
[2023-05-02T16:40:43.728+0000] {helpers.py:87} ERROR - Retrying! 6 attempts before skipping!
[2023-05-02T16:40:44.753+0000] {logging_mixin.py:137} INFO - HTTPSConnectionPool(host='api.pushshift.io', port=443): Max retries exceeded with url: /reddit/search/submission/?subreddit=UtahJazz&sort=created_utc&sort_type=desc&size=500 (Caused by NewConnectionError('<urllib3.connection.HTTPSConnection object at 0xffffa00540d0>: Failed to establish a new connection: [Errno -2] Name or service not known'))
[2023-05-02T16:40:44.761+0000] {helpers.py:86} ERROR - HTTPSConnectionPool(host='api.pushshift.io', port=443): Max retries exceeded with url: /reddit/search/submission/?subreddit=UtahJazz&sort=created_utc&sort_type=desc&size=500 (Caused by NewConnectionError('<urllib3.connection.HTTPSConnection object at 0xffffa00540d0>: Failed to establish a new connection: [Errno -2] Name or service not known'))
[2023-05-02T16:40:44.773+0000] {helpers.py:87} ERROR - Retrying! 5 attempts before skipping!
[2023-05-02T16:40:45.783+0000] {logging_mixin.py:137} INFO - HTTPSConnectionPool(host='api.pushshift.io', port=443): Max retries exceeded with url: /reddit/search/submission/?subreddit=UtahJazz&sort=created_utc&sort_type=desc&size=500 (Caused by NewConnectionError('<urllib3.connection.HTTPSConnection object at 0xffffa0054310>: Failed to establish a new connection: [Errno -2] Name or service not known'))
[2023-05-02T16:40:45.785+0000] {helpers.py:86} ERROR - HTTPSConnectionPool(host='api.pushshift.io', port=443): Max retries exceeded with url: /reddit/search/submission/?subreddit=UtahJazz&sort=created_utc&sort_type=desc&size=500 (Caused by NewConnectionError('<urllib3.connection.HTTPSConnection object at 0xffffa0054310>: Failed to establish a new connection: [Errno -2] Name or service not known'))
[2023-05-02T16:40:45.786+0000] {helpers.py:87} ERROR - Retrying! 4 attempts before skipping!
[2023-05-02T16:40:46.800+0000] {logging_mixin.py:137} INFO - HTTPSConnectionPool(host='api.pushshift.io', port=443): Max retries exceeded with url: /reddit/search/submission/?subreddit=UtahJazz&sort=created_utc&sort_type=desc&size=500 (Caused by NewConnectionError('<urllib3.connection.HTTPSConnection object at 0xffffa00540d0>: Failed to establish a new connection: [Errno -2] Name or service not known'))
[2023-05-02T16:40:46.803+0000] {helpers.py:86} ERROR - HTTPSConnectionPool(host='api.pushshift.io', port=443): Max retries exceeded with url: /reddit/search/submission/?subreddit=UtahJazz&sort=created_utc&sort_type=desc&size=500 (Caused by NewConnectionError('<urllib3.connection.HTTPSConnection object at 0xffffa00540d0>: Failed to establish a new connection: [Errno -2] Name or service not known'))
[2023-05-02T16:40:46.804+0000] {helpers.py:87} ERROR - Retrying! 3 attempts before skipping!
[2023-05-02T16:40:47.820+0000] {logging_mixin.py:137} INFO - HTTPSConnectionPool(host='api.pushshift.io', port=443): Max retries exceeded with url: /reddit/search/submission/?subreddit=UtahJazz&sort=created_utc&sort_type=desc&size=500 (Caused by NewConnectionError('<urllib3.connection.HTTPSConnection object at 0xffffa0054310>: Failed to establish a new connection: [Errno -2] Name or service not known'))
[2023-05-02T16:40:47.824+0000] {helpers.py:86} ERROR - HTTPSConnectionPool(host='api.pushshift.io', port=443): Max retries exceeded with url: /reddit/search/submission/?subreddit=UtahJazz&sort=created_utc&sort_type=desc&size=500 (Caused by NewConnectionError('<urllib3.connection.HTTPSConnection object at 0xffffa0054310>: Failed to establish a new connection: [Errno -2] Name or service not known'))
[2023-05-02T16:40:47.842+0000] {helpers.py:87} ERROR - Retrying! 2 attempts before skipping!
[2023-05-02T16:40:48.892+0000] {logging_mixin.py:137} INFO - HTTPSConnectionPool(host='api.pushshift.io', port=443): Max retries exceeded with url: /reddit/search/submission/?subreddit=UtahJazz&sort=created_utc&sort_type=desc&size=500 (Caused by NewConnectionError('<urllib3.connection.HTTPSConnection object at 0xffffa00540d0>: Failed to establish a new connection: [Errno -2] Name or service not known'))
[2023-05-02T16:40:48.905+0000] {helpers.py:86} ERROR - HTTPSConnectionPool(host='api.pushshift.io', port=443): Max retries exceeded with url: /reddit/search/submission/?subreddit=UtahJazz&sort=created_utc&sort_type=desc&size=500 (Caused by NewConnectionError('<urllib3.connection.HTTPSConnection object at 0xffffa00540d0>: Failed to establish a new connection: [Errno -2] Name or service not known'))
[2023-05-02T16:40:48.906+0000] {helpers.py:87} ERROR - Retrying! 1 attempts before skipping!
[2023-05-02T16:40:49.932+0000] {logging_mixin.py:137} INFO - HTTPSConnectionPool(host='api.pushshift.io', port=443): Max retries exceeded with url: /reddit/search/submission/?subreddit=UtahJazz&sort=created_utc&sort_type=desc&size=500 (Caused by NewConnectionError('<urllib3.connection.HTTPSConnection object at 0xffffa0054310>: Failed to establish a new connection: [Errno -2] Name or service not known'))
[2023-05-02T16:40:49.935+0000] {helpers.py:86} ERROR - HTTPSConnectionPool(host='api.pushshift.io', port=443): Max retries exceeded with url: /reddit/search/submission/?subreddit=UtahJazz&sort=created_utc&sort_type=desc&size=500 (Caused by NewConnectionError('<urllib3.connection.HTTPSConnection object at 0xffffa0054310>: Failed to establish a new connection: [Errno -2] Name or service not known'))
[2023-05-02T16:40:49.937+0000] {helpers.py:87} ERROR - Retrying! 0 attempts before skipping!
[2023-05-02T16:40:50.952+0000] {logging_mixin.py:137} INFO - HTTPSConnectionPool(host='api.pushshift.io', port=443): Max retries exceeded with url: /reddit/search/submission/?subreddit=UtahJazz&sort=created_utc&sort_type=desc&size=500 (Caused by NewConnectionError('<urllib3.connection.HTTPSConnection object at 0xffffa00540d0>: Failed to establish a new connection: [Errno -2] Name or service not known'))
[2023-05-02T16:40:50.954+0000] {helpers.py:86} ERROR - HTTPSConnectionPool(host='api.pushshift.io', port=443): Max retries exceeded with url: /reddit/search/submission/?subreddit=UtahJazz&sort=created_utc&sort_type=desc&size=500 (Caused by NewConnectionError('<urllib3.connection.HTTPSConnection object at 0xffffa00540d0>: Failed to establish a new connection: [Errno -2] Name or service not known'))
[2023-05-02T16:40:50.956+0000] {helpers.py:87} ERROR - Retrying! -1 attempts before skipping!
[2023-05-02T16:40:51.990+0000] {logging_mixin.py:137} INFO - HTTPSConnectionPool(host='api.pushshift.io', port=443): Max retries exceeded with url: /reddit/search/submission/?subreddit=washingtonwizards&sort=created_utc&sort_type=desc&size=500 (Caused by NewConnectionError('<urllib3.connection.HTTPSConnection object at 0xffffa00540d0>: Failed to establish a new connection: [Errno -2] Name or service not known'))
[2023-05-02T16:40:51.999+0000] {helpers.py:86} ERROR - HTTPSConnectionPool(host='api.pushshift.io', port=443): Max retries exceeded with url: /reddit/search/submission/?subreddit=washingtonwizards&sort=created_utc&sort_type=desc&size=500 (Caused by NewConnectionError('<urllib3.connection.HTTPSConnection object at 0xffffa00540d0>: Failed to establish a new connection: [Errno -2] Name or service not known'))
[2023-05-02T16:40:52.012+0000] {helpers.py:87} ERROR - Retrying! 9 attempts before skipping!
[2023-05-02T17:12:32.938+0000] {logging_mixin.py:137} INFO - HTTPSConnectionPool(host='api.pushshift.io', port=443): Max retries exceeded with url: /reddit/search/submission/?subreddit=washingtonwizards&sort=created_utc&sort_type=desc&size=500 (Caused by NewConnectionError('<urllib3.connection.HTTPSConnection object at 0xffffa0054410>: Failed to establish a new connection: [Errno -2] Name or service not known'))
[2023-05-02T17:12:32.946+0000] {helpers.py:86} ERROR - HTTPSConnectionPool(host='api.pushshift.io', port=443): Max retries exceeded with url: /reddit/search/submission/?subreddit=washingtonwizards&sort=created_utc&sort_type=desc&size=500 (Caused by NewConnectionError('<urllib3.connection.HTTPSConnection object at 0xffffa0054410>: Failed to establish a new connection: [Errno -2] Name or service not known'))
[2023-05-02T17:12:32.951+0000] {helpers.py:87} ERROR - Retrying! 8 attempts before skipping!
[2023-05-02T17:12:34.010+0000] {logging_mixin.py:137} INFO - HTTPSConnectionPool(host='api.pushshift.io', port=443): Max retries exceeded with url: /reddit/search/submission/?subreddit=washingtonwizards&sort=created_utc&sort_type=desc&size=500 (Caused by NewConnectionError('<urllib3.connection.HTTPSConnection object at 0xffffa00540d0>: Failed to establish a new connection: [Errno -2] Name or service not known'))
[2023-05-02T17:12:34.012+0000] {helpers.py:86} ERROR - HTTPSConnectionPool(host='api.pushshift.io', port=443): Max retries exceeded with url: /reddit/search/submission/?subreddit=washingtonwizards&sort=created_utc&sort_type=desc&size=500 (Caused by NewConnectionError('<urllib3.connection.HTTPSConnection object at 0xffffa00540d0>: Failed to establish a new connection: [Errno -2] Name or service not known'))
[2023-05-02T17:12:34.016+0000] {helpers.py:87} ERROR - Retrying! 7 attempts before skipping!
[2023-05-02T17:12:35.082+0000] {logging_mixin.py:137} INFO - HTTPSConnectionPool(host='api.pushshift.io', port=443): Max retries exceeded with url: /reddit/search/submission/?subreddit=washingtonwizards&sort=created_utc&sort_type=desc&size=500 (Caused by NewConnectionError('<urllib3.connection.HTTPSConnection object at 0xffffa0054410>: Failed to establish a new connection: [Errno -2] Name or service not known'))
[2023-05-02T17:12:35.085+0000] {helpers.py:86} ERROR - HTTPSConnectionPool(host='api.pushshift.io', port=443): Max retries exceeded with url: /reddit/search/submission/?subreddit=washingtonwizards&sort=created_utc&sort_type=desc&size=500 (Caused by NewConnectionError('<urllib3.connection.HTTPSConnection object at 0xffffa0054410>: Failed to establish a new connection: [Errno -2] Name or service not known'))
[2023-05-02T17:12:35.089+0000] {helpers.py:87} ERROR - Retrying! 6 attempts before skipping!
[2023-05-02T17:12:36.118+0000] {logging_mixin.py:137} INFO - HTTPSConnectionPool(host='api.pushshift.io', port=443): Max retries exceeded with url: /reddit/search/submission/?subreddit=washingtonwizards&sort=created_utc&sort_type=desc&size=500 (Caused by NewConnectionError('<urllib3.connection.HTTPSConnection object at 0xffffa00540d0>: Failed to establish a new connection: [Errno -2] Name or service not known'))
[2023-05-02T17:12:36.120+0000] {helpers.py:86} ERROR - HTTPSConnectionPool(host='api.pushshift.io', port=443): Max retries exceeded with url: /reddit/search/submission/?subreddit=washingtonwizards&sort=created_utc&sort_type=desc&size=500 (Caused by NewConnectionError('<urllib3.connection.HTTPSConnection object at 0xffffa00540d0>: Failed to establish a new connection: [Errno -2] Name or service not known'))
[2023-05-02T17:12:36.122+0000] {helpers.py:87} ERROR - Retrying! 5 attempts before skipping!
[2023-05-02T17:12:37.133+0000] {logging_mixin.py:137} INFO - HTTPSConnectionPool(host='api.pushshift.io', port=443): Max retries exceeded with url: /reddit/search/submission/?subreddit=washingtonwizards&sort=created_utc&sort_type=desc&size=500 (Caused by NewConnectionError('<urllib3.connection.HTTPSConnection object at 0xffffa0054410>: Failed to establish a new connection: [Errno -2] Name or service not known'))
[2023-05-02T17:12:37.134+0000] {helpers.py:86} ERROR - HTTPSConnectionPool(host='api.pushshift.io', port=443): Max retries exceeded with url: /reddit/search/submission/?subreddit=washingtonwizards&sort=created_utc&sort_type=desc&size=500 (Caused by NewConnectionError('<urllib3.connection.HTTPSConnection object at 0xffffa0054410>: Failed to establish a new connection: [Errno -2] Name or service not known'))
[2023-05-02T17:12:37.135+0000] {helpers.py:87} ERROR - Retrying! 4 attempts before skipping!
[2023-05-02T17:12:38.156+0000] {logging_mixin.py:137} INFO - HTTPSConnectionPool(host='api.pushshift.io', port=443): Max retries exceeded with url: /reddit/search/submission/?subreddit=washingtonwizards&sort=created_utc&sort_type=desc&size=500 (Caused by NewConnectionError('<urllib3.connection.HTTPSConnection object at 0xffffa00540d0>: Failed to establish a new connection: [Errno -2] Name or service not known'))
[2023-05-02T17:12:38.163+0000] {helpers.py:86} ERROR - HTTPSConnectionPool(host='api.pushshift.io', port=443): Max retries exceeded with url: /reddit/search/submission/?subreddit=washingtonwizards&sort=created_utc&sort_type=desc&size=500 (Caused by NewConnectionError('<urllib3.connection.HTTPSConnection object at 0xffffa00540d0>: Failed to establish a new connection: [Errno -2] Name or service not known'))
[2023-05-02T17:12:38.165+0000] {helpers.py:87} ERROR - Retrying! 3 attempts before skipping!
[2023-05-02T17:12:39.196+0000] {logging_mixin.py:137} INFO - HTTPSConnectionPool(host='api.pushshift.io', port=443): Max retries exceeded with url: /reddit/search/submission/?subreddit=washingtonwizards&sort=created_utc&sort_type=desc&size=500 (Caused by NewConnectionError('<urllib3.connection.HTTPSConnection object at 0xffffa0054410>: Failed to establish a new connection: [Errno -2] Name or service not known'))
[2023-05-02T17:12:39.202+0000] {helpers.py:86} ERROR - HTTPSConnectionPool(host='api.pushshift.io', port=443): Max retries exceeded with url: /reddit/search/submission/?subreddit=washingtonwizards&sort=created_utc&sort_type=desc&size=500 (Caused by NewConnectionError('<urllib3.connection.HTTPSConnection object at 0xffffa0054410>: Failed to establish a new connection: [Errno -2] Name or service not known'))
[2023-05-02T17:12:39.205+0000] {helpers.py:87} ERROR - Retrying! 2 attempts before skipping!
[2023-05-02T17:12:40.235+0000] {logging_mixin.py:137} INFO - HTTPSConnectionPool(host='api.pushshift.io', port=443): Max retries exceeded with url: /reddit/search/submission/?subreddit=washingtonwizards&sort=created_utc&sort_type=desc&size=500 (Caused by NewConnectionError('<urllib3.connection.HTTPSConnection object at 0xffffa00540d0>: Failed to establish a new connection: [Errno -2] Name or service not known'))
[2023-05-02T17:12:40.239+0000] {helpers.py:86} ERROR - HTTPSConnectionPool(host='api.pushshift.io', port=443): Max retries exceeded with url: /reddit/search/submission/?subreddit=washingtonwizards&sort=created_utc&sort_type=desc&size=500 (Caused by NewConnectionError('<urllib3.connection.HTTPSConnection object at 0xffffa00540d0>: Failed to establish a new connection: [Errno -2] Name or service not known'))
[2023-05-02T17:12:40.241+0000] {helpers.py:87} ERROR - Retrying! 1 attempts before skipping!
[2023-05-02T17:12:40.741+0000] {local_task_job.py:277} WARNING - State of this instance has been externally set to failed. Terminating instance.
[2023-05-02T17:12:40.745+0000] {process_utils.py:133} INFO - Sending Signals.SIGTERM to group 22665. PIDs of all processes in the group: [22665]
[2023-05-02T17:12:40.746+0000] {process_utils.py:84} INFO - Sending the signal Signals.SIGTERM to group 22665
[2023-05-02T17:12:40.748+0000] {taskinstance.py:1488} ERROR - Received SIGTERM. Terminating subprocesses.
[2023-05-02T17:12:40.801+0000] {process_utils.py:79} INFO - Process psutil.Process(pid=22665, status='terminated', exitcode=0, started='15:52:37') (22665) terminated with exit code 0
