[2023-05-03T12:38:35.762+0000] {taskinstance.py:1090} INFO - Dependencies all met for dep_context=non-requeueable deps ti=<TaskInstance: scrape_and_save_to_csv.scrape_teams_1-8 scheduled__2023-05-03T05:30:00+00:00 [queued]>
[2023-05-03T12:38:35.805+0000] {taskinstance.py:1090} INFO - Dependencies all met for dep_context=requeueable deps ti=<TaskInstance: scrape_and_save_to_csv.scrape_teams_1-8 scheduled__2023-05-03T05:30:00+00:00 [queued]>
[2023-05-03T12:38:35.807+0000] {taskinstance.py:1288} INFO - 
--------------------------------------------------------------------------------
[2023-05-03T12:38:35.810+0000] {taskinstance.py:1289} INFO - Starting attempt 1 of 1
[2023-05-03T12:38:35.815+0000] {taskinstance.py:1290} INFO - 
--------------------------------------------------------------------------------
[2023-05-03T12:38:35.859+0000] {taskinstance.py:1309} INFO - Executing <Task(PythonOperator): scrape_teams_1-8> on 2023-05-03 05:30:00+00:00
[2023-05-03T12:38:35.872+0000] {standard_task_runner.py:55} INFO - Started process 31596 to run task
[2023-05-03T12:38:35.883+0000] {standard_task_runner.py:82} INFO - Running: ['***', 'tasks', 'run', 'scrape_and_save_to_csv', 'scrape_teams_1-8', 'scheduled__2023-05-03T05:30:00+00:00', '--job-id', '2348', '--raw', '--subdir', 'DAGS_FOLDER/scrape_and_save_csv_dag.py', '--cfg-path', '/tmp/tmpjezz0yup']
[2023-05-03T12:38:35.908+0000] {standard_task_runner.py:83} INFO - Job 2348: Subtask scrape_teams_1-8
[2023-05-03T12:38:36.068+0000] {task_command.py:389} INFO - Running <TaskInstance: scrape_and_save_to_csv.scrape_teams_1-8 scheduled__2023-05-03T05:30:00+00:00 [running]> on host 5d4cd8acb346
[2023-05-03T12:38:36.290+0000] {taskinstance.py:1518} INFO - Exporting the following env vars:
AIRFLOW_CTX_DAG_OWNER=***
AIRFLOW_CTX_DAG_ID=scrape_and_save_to_csv
AIRFLOW_CTX_TASK_ID=scrape_teams_1-8
AIRFLOW_CTX_EXECUTION_DATE=2023-05-03T05:30:00+00:00
AIRFLOW_CTX_TRY_NUMBER=1
AIRFLOW_CTX_DAG_RUN_ID=scheduled__2023-05-03T05:30:00+00:00
[2023-05-03T14:17:50.603+0000] {local_task_job.py:277} WARNING - State of this instance has been externally set to failed. Terminating instance.
[2023-05-03T14:17:50.631+0000] {process_utils.py:133} INFO - Sending Signals.SIGTERM to group 31596. PIDs of all processes in the group: [31596]
[2023-05-03T14:17:50.633+0000] {process_utils.py:84} INFO - Sending the signal Signals.SIGTERM to group 31596
[2023-05-03T14:17:50.648+0000] {taskinstance.py:1488} ERROR - Received SIGTERM. Terminating subprocesses.
[2023-05-03T14:17:50.694+0000] {logging_mixin.py:137} INFO - Task received SIGTERM signal
[2023-05-03T14:17:50.701+0000] {helpers.py:86} ERROR - Task received SIGTERM signal
[2023-05-03T14:17:50.702+0000] {helpers.py:87} ERROR - Retrying! 9 attempts before skipping!
[2023-05-03T14:17:54.188+0000] {warnings.py:110} WARNING - /home/***/.local/lib/python3.7/site-packages/***/utils/context.py:313: AirflowContextDeprecationWarning: Accessing 'execution_date' from the template is deprecated and will be removed in a future version. Please use 'data_interval_start' or 'logical_date' instead.
  warnings.warn(_create_deprecation_warning(k, replacements))

[2023-05-03T14:17:55.763+0000] {helpers.py:80} INFO - Atlanta Hawks: Successfully scraped!
[2023-05-03T14:18:00.861+0000] {helpers.py:80} INFO - Boston Celtics: Successfully scraped!
[2023-05-03T14:18:01.053+0000] {logging_mixin.py:137} INFO - Expecting value: line 1 column 1 (char 0)
[2023-05-03T14:18:01.055+0000] {helpers.py:86} ERROR - Expecting value: line 1 column 1 (char 0)
[2023-05-03T14:18:01.056+0000] {helpers.py:87} ERROR - Retrying! 9 attempts before skipping!
[2023-05-03T14:52:13.619+0000] {helpers.py:80} INFO - Brooklyn Nets: Successfully scraped!
[2023-05-03T14:52:19.512+0000] {helpers.py:80} INFO - Charlotte Hornets: Successfully scraped!
[2023-05-03T14:52:22.039+0000] {logging_mixin.py:137} INFO - ("Connection broken: InvalidChunkLength(got length b'', 0 bytes read)", InvalidChunkLength(got length b'', 0 bytes read))
[2023-05-03T14:52:22.064+0000] {helpers.py:86} ERROR - ("Connection broken: InvalidChunkLength(got length b'', 0 bytes read)", InvalidChunkLength(got length b'', 0 bytes read))
[2023-05-03T14:52:22.130+0000] {helpers.py:87} ERROR - Retrying! 9 attempts before skipping!
[2023-05-03T14:52:29.928+0000] {helpers.py:80} INFO - Chicago Bulls: Successfully scraped!
[2023-05-03T16:13:19.820+0000] {process_utils.py:147} WARNING - process psutil.Process(pid=31596, name='airflow task ru', status='sleeping', started='12:38:35') did not respond to SIGTERM. Trying SIGKILL
[2023-05-03T16:13:19.968+0000] {process_utils.py:84} INFO - Sending the signal Signals.SIGKILL to group 31596
[2023-05-03T16:13:21.902+0000] {process_utils.py:79} INFO - Process psutil.Process(pid=31596, name='airflow task ru', status='terminated', exitcode=<Negsignal.SIGKILL: -9>, started='12:38:35') (31596) terminated with exit code Negsignal.SIGKILL
[2023-05-03T16:13:21.909+0000] {standard_task_runner.py:170} ERROR - Job 2348 was killed before it finished (likely due to running out of memory)
