[2023-05-10T02:56:29.348+0000] {taskinstance.py:1090} INFO - Dependencies all met for dep_context=non-requeueable deps ti=<TaskInstance: scrape_and_save_to_csv.scrape_teams_9-16 scheduled__2023-05-01T04:00:00+00:00 [queued]>
[2023-05-10T02:56:29.360+0000] {taskinstance.py:1090} INFO - Dependencies all met for dep_context=requeueable deps ti=<TaskInstance: scrape_and_save_to_csv.scrape_teams_9-16 scheduled__2023-05-01T04:00:00+00:00 [queued]>
[2023-05-10T02:56:29.362+0000] {taskinstance.py:1288} INFO - 
--------------------------------------------------------------------------------
[2023-05-10T02:56:29.363+0000] {taskinstance.py:1289} INFO - Starting attempt 1 of 1
[2023-05-10T02:56:29.369+0000] {taskinstance.py:1290} INFO - 
--------------------------------------------------------------------------------
[2023-05-10T02:56:29.384+0000] {taskinstance.py:1309} INFO - Executing <Task(PythonOperator): scrape_teams_9-16> on 2023-05-01 04:00:00+00:00
[2023-05-10T02:56:29.391+0000] {standard_task_runner.py:55} INFO - Started process 18335 to run task
[2023-05-10T02:56:29.402+0000] {standard_task_runner.py:82} INFO - Running: ['***', 'tasks', 'run', 'scrape_and_save_to_csv', 'scrape_teams_9-16', 'scheduled__2023-05-01T04:00:00+00:00', '--job-id', '4086', '--raw', '--subdir', 'DAGS_FOLDER/scrape_and_push_dag.py', '--cfg-path', '/tmp/tmpj7m319vo']
[2023-05-10T02:56:29.405+0000] {standard_task_runner.py:83} INFO - Job 4086: Subtask scrape_teams_9-16
[2023-05-10T02:56:29.521+0000] {task_command.py:389} INFO - Running <TaskInstance: scrape_and_save_to_csv.scrape_teams_9-16 scheduled__2023-05-01T04:00:00+00:00 [running]> on host f41dbfa3d325
[2023-05-10T02:56:29.570+0000] {warnings.py:110} WARNING - /home/***/.local/lib/python3.7/site-packages/***/utils/context.py:205: AirflowContextDeprecationWarning: Accessing 'execution_date' from the template is deprecated and will be removed in a future version. Please use 'data_interval_start' or 'logical_date' instead.
  warnings.warn(_create_deprecation_warning(key, self._deprecation_replacements[key]))

[2023-05-10T02:56:29.617+0000] {taskinstance.py:1518} INFO - Exporting the following env vars:
AIRFLOW_CTX_DAG_OWNER=***
AIRFLOW_CTX_DAG_ID=scrape_and_save_to_csv
AIRFLOW_CTX_TASK_ID=scrape_teams_9-16
AIRFLOW_CTX_EXECUTION_DATE=2023-05-01T04:00:00+00:00
AIRFLOW_CTX_TRY_NUMBER=1
AIRFLOW_CTX_DAG_RUN_ID=scheduled__2023-05-01T04:00:00+00:00
[2023-05-10T02:56:34.961+0000] {helpers.py:95} INFO - Detroit Pistons: Successfully scraped!
[2023-05-10T02:56:39.993+0000] {helpers.py:95} INFO - Golden State Warriors: Successfully scraped!
[2023-05-10T02:56:45.105+0000] {helpers.py:95} INFO - Houston Rockets: Successfully scraped!
[2023-05-10T02:56:49.560+0000] {helpers.py:95} INFO - Indiana Pacers: Successfully scraped!
[2023-05-10T02:56:54.880+0000] {helpers.py:95} INFO - Los Angeles Clippers: Successfully scraped!
[2023-05-10T02:57:21.563+0000] {helpers.py:95} INFO - Los Angeles Lakers: Successfully scraped!
[2023-05-10T02:57:30.164+0000] {local_task_job.py:277} WARNING - State of this instance has been externally set to failed. Terminating instance.
[2023-05-10T02:57:30.176+0000] {process_utils.py:133} INFO - Sending Signals.SIGTERM to group 18335. PIDs of all processes in the group: [18335]
[2023-05-10T02:57:30.177+0000] {process_utils.py:84} INFO - Sending the signal Signals.SIGTERM to group 18335
[2023-05-10T02:57:30.178+0000] {taskinstance.py:1488} ERROR - Received SIGTERM. Terminating subprocesses.
[2023-05-10T02:57:30.180+0000] {helpers.py:100} ERROR - Task received SIGTERM signal
[2023-05-10T02:57:30.181+0000] {helpers.py:101} ERROR - Retrying! 9 attempts before skipping!
[2023-05-10T02:58:03.649+0000] {helpers.py:95} INFO - Memphis Grizzlies: Successfully scraped!
[2023-05-10T02:58:30.197+0000] {process_utils.py:147} WARNING - process psutil.Process(pid=18335, name='airflow task ru', status='sleeping', started='02:56:28') did not respond to SIGTERM. Trying SIGKILL
[2023-05-10T02:58:30.228+0000] {process_utils.py:84} INFO - Sending the signal Signals.SIGKILL to group 18335
[2023-05-10T02:58:30.745+0000] {process_utils.py:79} INFO - Process psutil.Process(pid=18335, name='airflow task ru', status='terminated', exitcode=<Negsignal.SIGKILL: -9>, started='02:56:28') (18335) terminated with exit code Negsignal.SIGKILL
[2023-05-10T02:58:30.772+0000] {standard_task_runner.py:170} ERROR - Job 4086 was killed before it finished (likely due to running out of memory)
[2023-05-10T03:29:45.571+0000] {taskinstance.py:1090} INFO - Dependencies all met for dep_context=non-requeueable deps ti=<TaskInstance: scrape_and_save_to_csv.scrape_teams_9-16 scheduled__2023-05-01T04:00:00+00:00 [queued]>
[2023-05-10T03:29:45.597+0000] {taskinstance.py:1090} INFO - Dependencies all met for dep_context=requeueable deps ti=<TaskInstance: scrape_and_save_to_csv.scrape_teams_9-16 scheduled__2023-05-01T04:00:00+00:00 [queued]>
[2023-05-10T03:29:45.599+0000] {taskinstance.py:1288} INFO - 
--------------------------------------------------------------------------------
[2023-05-10T03:29:45.600+0000] {taskinstance.py:1289} INFO - Starting attempt 1 of 1
[2023-05-10T03:29:45.601+0000] {taskinstance.py:1290} INFO - 
--------------------------------------------------------------------------------
[2023-05-10T03:29:45.631+0000] {taskinstance.py:1309} INFO - Executing <Task(PythonOperator): scrape_teams_9-16> on 2023-05-01 04:00:00+00:00
[2023-05-10T03:29:45.641+0000] {standard_task_runner.py:55} INFO - Started process 18843 to run task
[2023-05-10T03:29:45.646+0000] {standard_task_runner.py:82} INFO - Running: ['***', 'tasks', 'run', 'scrape_and_save_to_csv', 'scrape_teams_9-16', 'scheduled__2023-05-01T04:00:00+00:00', '--job-id', '4119', '--raw', '--subdir', 'DAGS_FOLDER/scrape_and_push_dag.py', '--cfg-path', '/tmp/tmp5kbc3lps']
[2023-05-10T03:29:45.679+0000] {standard_task_runner.py:83} INFO - Job 4119: Subtask scrape_teams_9-16
[2023-05-10T03:29:45.841+0000] {task_command.py:389} INFO - Running <TaskInstance: scrape_and_save_to_csv.scrape_teams_9-16 scheduled__2023-05-01T04:00:00+00:00 [running]> on host f41dbfa3d325
[2023-05-10T03:29:45.902+0000] {warnings.py:110} WARNING - /home/***/.local/lib/python3.7/site-packages/***/utils/context.py:205: AirflowContextDeprecationWarning: Accessing 'execution_date' from the template is deprecated and will be removed in a future version. Please use 'data_interval_start' or 'logical_date' instead.
  warnings.warn(_create_deprecation_warning(key, self._deprecation_replacements[key]))

[2023-05-10T03:29:45.944+0000] {taskinstance.py:1518} INFO - Exporting the following env vars:
AIRFLOW_CTX_DAG_OWNER=***
AIRFLOW_CTX_DAG_ID=scrape_and_save_to_csv
AIRFLOW_CTX_TASK_ID=scrape_teams_9-16
AIRFLOW_CTX_EXECUTION_DATE=2023-05-01T04:00:00+00:00
AIRFLOW_CTX_TRY_NUMBER=1
AIRFLOW_CTX_DAG_RUN_ID=scheduled__2023-05-01T04:00:00+00:00
[2023-05-10T03:30:03.947+0000] {helpers.py:95} INFO - Detroit Pistons: Successfully scraped!
[2023-05-10T03:30:38.519+0000] {helpers.py:95} INFO - Golden State Warriors: Successfully scraped!
[2023-05-10T03:31:17.741+0000] {helpers.py:95} INFO - Houston Rockets: Successfully scraped!
[2023-05-10T03:31:57.692+0000] {helpers.py:95} INFO - Indiana Pacers: Successfully scraped!
[2023-05-10T03:32:38.015+0000] {helpers.py:95} INFO - Los Angeles Clippers: Successfully scraped!
[2023-05-10T03:33:17.893+0000] {helpers.py:95} INFO - Los Angeles Lakers: Successfully scraped!
[2023-05-10T03:33:18.861+0000] {local_task_job.py:277} WARNING - State of this instance has been externally set to None. Terminating instance.
[2023-05-10T03:33:18.870+0000] {process_utils.py:133} INFO - Sending Signals.SIGTERM to group 18843. PIDs of all processes in the group: [18843]
[2023-05-10T03:33:18.873+0000] {process_utils.py:84} INFO - Sending the signal Signals.SIGTERM to group 18843
[2023-05-10T03:33:18.874+0000] {taskinstance.py:1488} ERROR - Received SIGTERM. Terminating subprocesses.
[2023-05-10T03:33:18.876+0000] {helpers.py:100} ERROR - Task received SIGTERM signal
[2023-05-10T03:33:18.885+0000] {helpers.py:101} ERROR - Retrying! 9 attempts before skipping!
[2023-05-10T03:33:54.549+0000] {helpers.py:95} INFO - Memphis Grizzlies: Successfully scraped!
[2023-05-10T03:34:18.873+0000] {process_utils.py:147} WARNING - process psutil.Process(pid=18843, name='airflow task ru', status='sleeping', started='03:29:45') did not respond to SIGTERM. Trying SIGKILL
[2023-05-10T03:34:18.884+0000] {process_utils.py:84} INFO - Sending the signal Signals.SIGKILL to group 18843
[2023-05-10T03:34:19.021+0000] {process_utils.py:79} INFO - Process psutil.Process(pid=18843, name='airflow task ru', status='terminated', exitcode=<Negsignal.SIGKILL: -9>, started='03:29:45') (18843) terminated with exit code Negsignal.SIGKILL
[2023-05-10T03:34:19.025+0000] {standard_task_runner.py:170} ERROR - Job 4119 was killed before it finished (likely due to running out of memory)
