[2023-05-10T01:36:48.388+0000] {taskinstance.py:1090} INFO - Dependencies all met for dep_context=non-requeueable deps ti=<TaskInstance: scrape_and_save_to_csv.scrape_teams_1-8 scheduled__2022-05-04T12:00:00+00:00 [queued]>
[2023-05-10T01:36:48.405+0000] {taskinstance.py:1090} INFO - Dependencies all met for dep_context=requeueable deps ti=<TaskInstance: scrape_and_save_to_csv.scrape_teams_1-8 scheduled__2022-05-04T12:00:00+00:00 [queued]>
[2023-05-10T01:36:48.407+0000] {taskinstance.py:1288} INFO - 
--------------------------------------------------------------------------------
[2023-05-10T01:36:48.408+0000] {taskinstance.py:1289} INFO - Starting attempt 1 of 1
[2023-05-10T01:36:48.413+0000] {taskinstance.py:1290} INFO - 
--------------------------------------------------------------------------------
[2023-05-10T01:36:48.433+0000] {taskinstance.py:1309} INFO - Executing <Task(PythonOperator): scrape_teams_1-8> on 2022-05-04 12:00:00+00:00
[2023-05-10T01:36:48.450+0000] {standard_task_runner.py:55} INFO - Started process 15811 to run task
[2023-05-10T01:36:48.451+0000] {standard_task_runner.py:82} INFO - Running: ['***', 'tasks', 'run', 'scrape_and_save_to_csv', 'scrape_teams_1-8', 'scheduled__2022-05-04T12:00:00+00:00', '--job-id', '3791', '--raw', '--subdir', 'DAGS_FOLDER/scrape_and_push_dag.py', '--cfg-path', '/tmp/tmpwx4_5_bv']
[2023-05-10T01:36:48.455+0000] {standard_task_runner.py:83} INFO - Job 3791: Subtask scrape_teams_1-8
[2023-05-10T01:36:48.546+0000] {task_command.py:389} INFO - Running <TaskInstance: scrape_and_save_to_csv.scrape_teams_1-8 scheduled__2022-05-04T12:00:00+00:00 [running]> on host f41dbfa3d325
[2023-05-10T01:36:48.585+0000] {warnings.py:110} WARNING - /home/***/.local/lib/python3.7/site-packages/***/utils/context.py:205: AirflowContextDeprecationWarning: Accessing 'execution_date' from the template is deprecated and will be removed in a future version. Please use 'data_interval_start' or 'logical_date' instead.
  warnings.warn(_create_deprecation_warning(key, self._deprecation_replacements[key]))

[2023-05-10T01:36:48.626+0000] {taskinstance.py:1518} INFO - Exporting the following env vars:
AIRFLOW_CTX_DAG_OWNER=***
AIRFLOW_CTX_DAG_ID=scrape_and_save_to_csv
AIRFLOW_CTX_TASK_ID=scrape_teams_1-8
AIRFLOW_CTX_EXECUTION_DATE=2022-05-04T12:00:00+00:00
AIRFLOW_CTX_TRY_NUMBER=1
AIRFLOW_CTX_DAG_RUN_ID=scheduled__2022-05-04T12:00:00+00:00
[2023-05-10T01:36:49.581+0000] {helpers.py:94} INFO - Atlanta Hawks: Successfully scraped!
[2023-05-10T01:36:52.521+0000] {helpers.py:94} INFO - Boston Celtics: Successfully scraped!
[2023-05-10T01:36:55.658+0000] {helpers.py:94} INFO - Brooklyn Nets: Successfully scraped!
[2023-05-10T01:36:59.310+0000] {helpers.py:94} INFO - Charlotte Hornets: Successfully scraped!
[2023-05-10T01:37:07.185+0000] {helpers.py:94} INFO - Chicago Bulls: Successfully scraped!
[2023-05-10T01:37:10.841+0000] {helpers.py:94} INFO - Cleveland Cavaliers: Successfully scraped!
[2023-05-10T01:37:14.992+0000] {helpers.py:94} INFO - Dallas Mavericks: Successfully scraped!
[2023-05-10T01:37:22.999+0000] {helpers.py:94} INFO - Denver Nuggets: Successfully scraped!
[2023-05-10T01:37:23.025+0000] {helpers.py:109} INFO - Saved in /opt/***/data/output_scrape_teams_1-8.csv
[2023-05-10T01:37:23.027+0000] {python.py:177} INFO - Done. Returned value was: None
[2023-05-10T01:37:23.048+0000] {taskinstance.py:1332} INFO - Marking task as SUCCESS. dag_id=scrape_and_save_to_csv, task_id=scrape_teams_1-8, execution_date=20220504T120000, start_date=20230510T013648, end_date=20230510T013723
[2023-05-10T01:37:23.107+0000] {local_task_job.py:212} INFO - Task exited with return code 0
[2023-05-10T01:37:23.127+0000] {taskinstance.py:2596} INFO - 0 downstream tasks scheduled from follow-on schedule check
