[2023-05-05T00:30:01.611+0000] {taskinstance.py:1090} INFO - Dependencies all met for dep_context=non-requeueable deps ti=<TaskInstance: scrape_and_save_to_csv.scrape_teams_25-30 scheduled__2023-05-04T23:30:00+00:00 [queued]>
[2023-05-05T00:30:01.632+0000] {taskinstance.py:1090} INFO - Dependencies all met for dep_context=requeueable deps ti=<TaskInstance: scrape_and_save_to_csv.scrape_teams_25-30 scheduled__2023-05-04T23:30:00+00:00 [queued]>
[2023-05-05T00:30:01.641+0000] {taskinstance.py:1288} INFO - 
--------------------------------------------------------------------------------
[2023-05-05T00:30:01.650+0000] {taskinstance.py:1289} INFO - Starting attempt 1 of 1
[2023-05-05T00:30:01.653+0000] {taskinstance.py:1290} INFO - 
--------------------------------------------------------------------------------
[2023-05-05T00:30:01.701+0000] {taskinstance.py:1309} INFO - Executing <Task(PythonOperator): scrape_teams_25-30> on 2023-05-04 23:30:00+00:00
[2023-05-05T00:30:01.727+0000] {standard_task_runner.py:55} INFO - Started process 47121 to run task
[2023-05-05T00:30:01.778+0000] {standard_task_runner.py:82} INFO - Running: ['***', 'tasks', 'run', 'scrape_and_save_to_csv', 'scrape_teams_25-30', 'scheduled__2023-05-04T23:30:00+00:00', '--job-id', '2607', '--raw', '--subdir', 'DAGS_FOLDER/scrape_and_save_csv_dag.py', '--cfg-path', '/tmp/tmp37jni5gb']
[2023-05-05T00:30:01.816+0000] {standard_task_runner.py:83} INFO - Job 2607: Subtask scrape_teams_25-30
[2023-05-05T00:30:02.036+0000] {task_command.py:389} INFO - Running <TaskInstance: scrape_and_save_to_csv.scrape_teams_25-30 scheduled__2023-05-04T23:30:00+00:00 [running]> on host 5d4cd8acb346
[2023-05-05T00:30:02.202+0000] {taskinstance.py:1518} INFO - Exporting the following env vars:
AIRFLOW_CTX_DAG_OWNER=***
AIRFLOW_CTX_DAG_ID=scrape_and_save_to_csv
AIRFLOW_CTX_TASK_ID=scrape_teams_25-30
AIRFLOW_CTX_EXECUTION_DATE=2023-05-04T23:30:00+00:00
AIRFLOW_CTX_TRY_NUMBER=1
AIRFLOW_CTX_DAG_RUN_ID=scheduled__2023-05-04T23:30:00+00:00
[2023-05-05T00:30:04.646+0000] {warnings.py:110} WARNING - /home/***/.local/lib/python3.7/site-packages/***/utils/context.py:313: AirflowContextDeprecationWarning: Accessing 'execution_date' from the template is deprecated and will be removed in a future version. Please use 'data_interval_start' or 'logical_date' instead.
  warnings.warn(_create_deprecation_warning(k, replacements))

[2023-05-05T00:30:04.994+0000] {helpers.py:80} INFO - Portland Trail Blazers: Successfully scraped!
[2023-05-05T00:30:08.518+0000] {helpers.py:80} INFO - Sacramento Kings: Successfully scraped!
[2023-05-05T00:30:12.413+0000] {helpers.py:80} INFO - San Antonio Spurs: Successfully scraped!
[2023-05-05T00:30:15.442+0000] {helpers.py:80} INFO - Toronto Raptors: Successfully scraped!
[2023-05-05T00:30:19.830+0000] {helpers.py:80} INFO - Utah Jazz: Successfully scraped!
[2023-05-05T00:30:23.966+0000] {helpers.py:80} INFO - Washington Wizards: Successfully scraped!
[2023-05-05T00:30:23.992+0000] {helpers.py:96} INFO - Saved in /opt/***/data/output_scrape_teams_25-30.csv
[2023-05-05T00:30:23.996+0000] {python.py:177} INFO - Done. Returned value was: None
[2023-05-05T00:30:24.019+0000] {taskinstance.py:1332} INFO - Marking task as SUCCESS. dag_id=scrape_and_save_to_csv, task_id=scrape_teams_25-30, execution_date=20230504T233000, start_date=20230505T003001, end_date=20230505T003024
[2023-05-05T00:30:24.127+0000] {local_task_job.py:212} INFO - Task exited with return code 0
[2023-05-05T00:30:24.155+0000] {taskinstance.py:2596} INFO - 0 downstream tasks scheduled from follow-on schedule check
[2023-05-05T00:54:18.420+0000] {taskinstance.py:1090} INFO - Dependencies all met for dep_context=non-requeueable deps ti=<TaskInstance: scrape_and_save_to_csv.scrape_teams_25-30 scheduled__2023-05-04T23:30:00+00:00 [queued]>
[2023-05-05T00:54:18.444+0000] {taskinstance.py:1090} INFO - Dependencies all met for dep_context=requeueable deps ti=<TaskInstance: scrape_and_save_to_csv.scrape_teams_25-30 scheduled__2023-05-04T23:30:00+00:00 [queued]>
[2023-05-05T00:54:18.446+0000] {taskinstance.py:1288} INFO - 
--------------------------------------------------------------------------------
[2023-05-05T00:54:18.449+0000] {taskinstance.py:1289} INFO - Starting attempt 1 of 1
[2023-05-05T00:54:18.450+0000] {taskinstance.py:1290} INFO - 
--------------------------------------------------------------------------------
[2023-05-05T00:54:18.471+0000] {taskinstance.py:1309} INFO - Executing <Task(PythonOperator): scrape_teams_25-30> on 2023-05-04 23:30:00+00:00
[2023-05-05T00:54:18.481+0000] {standard_task_runner.py:55} INFO - Started process 47579 to run task
[2023-05-05T00:54:18.496+0000] {standard_task_runner.py:82} INFO - Running: ['***', 'tasks', 'run', 'scrape_and_save_to_csv', 'scrape_teams_25-30', 'scheduled__2023-05-04T23:30:00+00:00', '--job-id', '2617', '--raw', '--subdir', 'DAGS_FOLDER/scrape_and_save_csv_dag.py', '--cfg-path', '/tmp/tmpkz2sjxld']
[2023-05-05T00:54:18.502+0000] {standard_task_runner.py:83} INFO - Job 2617: Subtask scrape_teams_25-30
[2023-05-05T00:54:18.786+0000] {task_command.py:389} INFO - Running <TaskInstance: scrape_and_save_to_csv.scrape_teams_25-30 scheduled__2023-05-04T23:30:00+00:00 [running]> on host 5d4cd8acb346
[2023-05-05T00:54:18.903+0000] {taskinstance.py:1518} INFO - Exporting the following env vars:
AIRFLOW_CTX_DAG_OWNER=***
AIRFLOW_CTX_DAG_ID=scrape_and_save_to_csv
AIRFLOW_CTX_TASK_ID=scrape_teams_25-30
AIRFLOW_CTX_EXECUTION_DATE=2023-05-04T23:30:00+00:00
AIRFLOW_CTX_TRY_NUMBER=1
AIRFLOW_CTX_DAG_RUN_ID=scheduled__2023-05-04T23:30:00+00:00
[2023-05-05T00:54:22.001+0000] {warnings.py:110} WARNING - /home/***/.local/lib/python3.7/site-packages/***/utils/context.py:313: AirflowContextDeprecationWarning: Accessing 'execution_date' from the template is deprecated and will be removed in a future version. Please use 'data_interval_start' or 'logical_date' instead.
  warnings.warn(_create_deprecation_warning(k, replacements))

[2023-05-05T00:54:22.483+0000] {helpers.py:80} INFO - Portland Trail Blazers: Successfully scraped!
[2023-05-05T00:54:25.842+0000] {helpers.py:80} INFO - Sacramento Kings: Successfully scraped!
[2023-05-05T00:54:29.817+0000] {helpers.py:80} INFO - San Antonio Spurs: Successfully scraped!
[2023-05-05T00:54:33.800+0000] {helpers.py:80} INFO - Toronto Raptors: Successfully scraped!
[2023-05-05T00:54:36.330+0000] {helpers.py:80} INFO - Utah Jazz: Successfully scraped!
[2023-05-05T00:54:39.930+0000] {helpers.py:80} INFO - Washington Wizards: Successfully scraped!
[2023-05-05T00:54:39.955+0000] {helpers.py:96} INFO - Saved in /opt/***/data/output_scrape_teams_25-30.csv
[2023-05-05T00:54:39.958+0000] {python.py:177} INFO - Done. Returned value was: None
[2023-05-05T00:54:39.970+0000] {taskinstance.py:1332} INFO - Marking task as SUCCESS. dag_id=scrape_and_save_to_csv, task_id=scrape_teams_25-30, execution_date=20230504T233000, start_date=20230505T005418, end_date=20230505T005439
[2023-05-05T00:54:40.040+0000] {local_task_job.py:212} INFO - Task exited with return code 0
[2023-05-05T00:54:40.070+0000] {taskinstance.py:2596} INFO - 0 downstream tasks scheduled from follow-on schedule check
