[2023-04-30T04:31:57.199+0000] {taskinstance.py:1090} INFO - Dependencies all met for dep_context=non-requeueable deps ti=<TaskInstance: push_to_bigquery.push_csv_to_cloud_storage manual__2023-04-30T04:31:56.214536+00:00 [queued]>
[2023-04-30T04:31:57.206+0000] {taskinstance.py:1090} INFO - Dependencies all met for dep_context=requeueable deps ti=<TaskInstance: push_to_bigquery.push_csv_to_cloud_storage manual__2023-04-30T04:31:56.214536+00:00 [queued]>
[2023-04-30T04:31:57.207+0000] {taskinstance.py:1288} INFO - 
--------------------------------------------------------------------------------
[2023-04-30T04:31:57.209+0000] {taskinstance.py:1289} INFO - Starting attempt 1 of 1
[2023-04-30T04:31:57.209+0000] {taskinstance.py:1290} INFO - 
--------------------------------------------------------------------------------
[2023-04-30T04:31:57.218+0000] {taskinstance.py:1309} INFO - Executing <Task(PythonOperator): push_csv_to_cloud_storage> on 2023-04-30 04:31:56.214536+00:00
[2023-04-30T04:31:57.223+0000] {standard_task_runner.py:55} INFO - Started process 5219 to run task
[2023-04-30T04:31:57.227+0000] {standard_task_runner.py:82} INFO - Running: ['***', 'tasks', 'run', 'push_to_bigquery', 'push_csv_to_cloud_storage', 'manual__2023-04-30T04:31:56.214536+00:00', '--job-id', '1874', '--raw', '--subdir', 'DAGS_FOLDER/push_to_bigquery_dag.py', '--cfg-path', '/tmp/tmp12xzz2tw']
[2023-04-30T04:31:57.230+0000] {standard_task_runner.py:83} INFO - Job 1874: Subtask push_csv_to_cloud_storage
[2023-04-30T04:31:57.291+0000] {task_command.py:389} INFO - Running <TaskInstance: push_to_bigquery.push_csv_to_cloud_storage manual__2023-04-30T04:31:56.214536+00:00 [running]> on host b5cee175690f
[2023-04-30T04:31:57.315+0000] {warnings.py:110} WARNING - /home/***/.local/lib/python3.7/site-packages/***/utils/context.py:205: AirflowContextDeprecationWarning: Accessing 'execution_date' from the template is deprecated and will be removed in a future version. Please use 'data_interval_start' or 'logical_date' instead.
  warnings.warn(_create_deprecation_warning(key, self._deprecation_replacements[key]))

[2023-04-30T04:31:57.348+0000] {taskinstance.py:1518} INFO - Exporting the following env vars:
AIRFLOW_CTX_DAG_OWNER=***
AIRFLOW_CTX_DAG_ID=push_to_bigquery
AIRFLOW_CTX_TASK_ID=push_csv_to_cloud_storage
AIRFLOW_CTX_EXECUTION_DATE=2023-04-30T04:31:56.214536+00:00
AIRFLOW_CTX_TRY_NUMBER=1
AIRFLOW_CTX_DAG_RUN_ID=manual__2023-04-30T04:31:56.214536+00:00
[2023-04-30T04:31:57.807+0000] {logging_mixin.py:137} INFO - File /opt/***/data/all_teams.csv has been uploaded to Google Cloud Storage Bucket trendba-bucket-1
[2023-04-30T04:31:57.808+0000] {python.py:177} INFO - Done. Returned value was: None
[2023-04-30T04:31:57.825+0000] {taskinstance.py:1332} INFO - Marking task as SUCCESS. dag_id=push_to_bigquery, task_id=push_csv_to_cloud_storage, execution_date=20230430T043156, start_date=20230430T043157, end_date=20230430T043157
[2023-04-30T04:31:57.867+0000] {local_task_job.py:212} INFO - Task exited with return code 0
[2023-04-30T04:31:57.883+0000] {taskinstance.py:2596} INFO - 0 downstream tasks scheduled from follow-on schedule check
