[2023-05-02T19:30:01.213+0000] {taskinstance.py:1090} INFO - Dependencies all met for dep_context=non-requeueable deps ti=<TaskInstance: scrape_and_save_to_csv.scrape_teams_25-30 scheduled__2023-05-02T18:30:00+00:00 [queued]>
[2023-05-02T19:30:01.227+0000] {taskinstance.py:1090} INFO - Dependencies all met for dep_context=requeueable deps ti=<TaskInstance: scrape_and_save_to_csv.scrape_teams_25-30 scheduled__2023-05-02T18:30:00+00:00 [queued]>
[2023-05-02T19:30:01.229+0000] {taskinstance.py:1288} INFO - 
--------------------------------------------------------------------------------
[2023-05-02T19:30:01.231+0000] {taskinstance.py:1289} INFO - Starting attempt 1 of 1
[2023-05-02T19:30:01.232+0000] {taskinstance.py:1290} INFO - 
--------------------------------------------------------------------------------
[2023-05-02T19:30:01.247+0000] {taskinstance.py:1309} INFO - Executing <Task(PythonOperator): scrape_teams_25-30> on 2023-05-02 18:30:00+00:00
[2023-05-02T19:30:01.255+0000] {standard_task_runner.py:55} INFO - Started process 23990 to run task
[2023-05-02T19:30:01.264+0000] {standard_task_runner.py:82} INFO - Running: ['***', 'tasks', 'run', 'scrape_and_save_to_csv', 'scrape_teams_25-30', 'scheduled__2023-05-02T18:30:00+00:00', '--job-id', '2251', '--raw', '--subdir', 'DAGS_FOLDER/scrape_and_save_csv_dag.py', '--cfg-path', '/tmp/tmpy_77xrtc']
[2023-05-02T19:30:01.269+0000] {standard_task_runner.py:83} INFO - Job 2251: Subtask scrape_teams_25-30
[2023-05-02T19:30:01.433+0000] {task_command.py:389} INFO - Running <TaskInstance: scrape_and_save_to_csv.scrape_teams_25-30 scheduled__2023-05-02T18:30:00+00:00 [running]> on host 5d4cd8acb346
[2023-05-02T19:30:01.587+0000] {taskinstance.py:1518} INFO - Exporting the following env vars:
AIRFLOW_CTX_DAG_OWNER=***
AIRFLOW_CTX_DAG_ID=scrape_and_save_to_csv
AIRFLOW_CTX_TASK_ID=scrape_teams_25-30
AIRFLOW_CTX_EXECUTION_DATE=2023-05-02T18:30:00+00:00
AIRFLOW_CTX_TRY_NUMBER=1
AIRFLOW_CTX_DAG_RUN_ID=scheduled__2023-05-02T18:30:00+00:00
[2023-05-02T19:30:06.521+0000] {warnings.py:110} WARNING - /home/***/.local/lib/python3.7/site-packages/***/utils/context.py:313: AirflowContextDeprecationWarning: Accessing 'execution_date' from the template is deprecated and will be removed in a future version. Please use 'data_interval_start' or 'logical_date' instead.
  warnings.warn(_create_deprecation_warning(k, replacements))

[2023-05-02T19:30:06.885+0000] {helpers.py:80} INFO - Portland Trail Blazers: Successfully scraped!
[2023-05-02T19:30:09.418+0000] {helpers.py:80} INFO - Sacramento Kings: Successfully scraped!
[2023-05-02T19:30:12.351+0000] {helpers.py:80} INFO - San Antonio Spurs: Successfully scraped!
[2023-05-02T19:30:16.788+0000] {helpers.py:80} INFO - Toronto Raptors: Successfully scraped!
[2023-05-02T19:30:20.336+0000] {helpers.py:80} INFO - Utah Jazz: Successfully scraped!
[2023-05-02T19:30:25.494+0000] {helpers.py:80} INFO - Washington Wizards: Successfully scraped!
[2023-05-02T19:30:25.521+0000] {helpers.py:96} INFO - Saved in /opt/***/data/output_scrape_teams_25-30.csv
[2023-05-02T19:30:25.525+0000] {python.py:177} INFO - Done. Returned value was: None
[2023-05-02T19:30:25.545+0000] {taskinstance.py:1332} INFO - Marking task as SUCCESS. dag_id=scrape_and_save_to_csv, task_id=scrape_teams_25-30, execution_date=20230502T183000, start_date=20230502T193001, end_date=20230502T193025
[2023-05-02T19:30:25.610+0000] {local_task_job.py:212} INFO - Task exited with return code 0
[2023-05-02T19:30:25.641+0000] {taskinstance.py:2596} INFO - 0 downstream tasks scheduled from follow-on schedule check
