[2023-05-08T23:47:12.829+0000] {taskinstance.py:1090} INFO - Dependencies all met for dep_context=non-requeueable deps ti=<TaskInstance: scrape_and_save_to_csv.scrape_teams_17-24 scheduled__2022-05-02T07:00:00+00:00 [queued]>
[2023-05-08T23:47:12.838+0000] {taskinstance.py:1090} INFO - Dependencies all met for dep_context=requeueable deps ti=<TaskInstance: scrape_and_save_to_csv.scrape_teams_17-24 scheduled__2022-05-02T07:00:00+00:00 [queued]>
[2023-05-08T23:47:12.839+0000] {taskinstance.py:1288} INFO - 
--------------------------------------------------------------------------------
[2023-05-08T23:47:12.840+0000] {taskinstance.py:1289} INFO - Starting attempt 1 of 1
[2023-05-08T23:47:12.841+0000] {taskinstance.py:1290} INFO - 
--------------------------------------------------------------------------------
[2023-05-08T23:47:12.852+0000] {taskinstance.py:1309} INFO - Executing <Task(PythonOperator): scrape_teams_17-24> on 2022-05-02 07:00:00+00:00
[2023-05-08T23:47:12.860+0000] {standard_task_runner.py:55} INFO - Started process 632 to run task
[2023-05-08T23:47:12.865+0000] {standard_task_runner.py:82} INFO - Running: ['***', 'tasks', 'run', 'scrape_and_save_to_csv', 'scrape_teams_17-24', 'scheduled__2022-05-02T07:00:00+00:00', '--job-id', '3231', '--raw', '--subdir', 'DAGS_FOLDER/scrape_and_push_dag.py', '--cfg-path', '/tmp/tmp8a346b1i']
[2023-05-08T23:47:12.868+0000] {standard_task_runner.py:83} INFO - Job 3231: Subtask scrape_teams_17-24
[2023-05-08T23:47:12.960+0000] {task_command.py:389} INFO - Running <TaskInstance: scrape_and_save_to_csv.scrape_teams_17-24 scheduled__2022-05-02T07:00:00+00:00 [running]> on host f41dbfa3d325
[2023-05-08T23:47:12.995+0000] {warnings.py:110} WARNING - /home/***/.local/lib/python3.7/site-packages/***/utils/context.py:205: AirflowContextDeprecationWarning: Accessing 'execution_date' from the template is deprecated and will be removed in a future version. Please use 'data_interval_start' or 'logical_date' instead.
  warnings.warn(_create_deprecation_warning(key, self._deprecation_replacements[key]))

[2023-05-08T23:47:13.040+0000] {taskinstance.py:1518} INFO - Exporting the following env vars:
AIRFLOW_CTX_DAG_OWNER=***
AIRFLOW_CTX_DAG_ID=scrape_and_save_to_csv
AIRFLOW_CTX_TASK_ID=scrape_teams_17-24
AIRFLOW_CTX_EXECUTION_DATE=2022-05-02T07:00:00+00:00
AIRFLOW_CTX_TRY_NUMBER=1
AIRFLOW_CTX_DAG_RUN_ID=scheduled__2022-05-02T07:00:00+00:00
[2023-05-08T23:47:13.043+0000] {taskinstance.py:1776} ERROR - Task failed with exception
Traceback (most recent call last):
  File "/home/airflow/.local/lib/python3.7/site-packages/airflow/operators/python.py", line 175, in execute
    return_value = self.execute_callable()
  File "/home/airflow/.local/lib/python3.7/site-packages/airflow/operators/python.py", line 192, in execute_callable
    return self.python_callable(*self.op_args, **self.op_kwargs)
  File "/opt/airflow/dags/helpers.py", line 59, in scrape_and_save
    after = datetime.fromisoformat(f"{{ execution_date }}")
ValueError: Invalid isoformat string: '{ execution_date }'
[2023-05-08T23:47:13.059+0000] {taskinstance.py:1332} INFO - Marking task as FAILED. dag_id=scrape_and_save_to_csv, task_id=scrape_teams_17-24, execution_date=20220502T070000, start_date=20230508T234712, end_date=20230508T234713
[2023-05-08T23:47:13.072+0000] {standard_task_runner.py:105} ERROR - Failed to execute job 3231 for task scrape_teams_17-24 (Invalid isoformat string: '{ execution_date }'; 632)
[2023-05-08T23:47:13.118+0000] {local_task_job.py:212} INFO - Task exited with return code 1
[2023-05-08T23:47:13.140+0000] {taskinstance.py:2596} INFO - 0 downstream tasks scheduled from follow-on schedule check
[2023-05-09T22:06:04.954+0000] {taskinstance.py:1090} INFO - Dependencies all met for dep_context=non-requeueable deps ti=<TaskInstance: scrape_and_save_to_csv.scrape_teams_17-24 scheduled__2022-05-02T07:00:00+00:00 [queued]>
[2023-05-09T22:06:04.977+0000] {taskinstance.py:1090} INFO - Dependencies all met for dep_context=requeueable deps ti=<TaskInstance: scrape_and_save_to_csv.scrape_teams_17-24 scheduled__2022-05-02T07:00:00+00:00 [queued]>
[2023-05-09T22:06:04.980+0000] {taskinstance.py:1288} INFO - 
--------------------------------------------------------------------------------
[2023-05-09T22:06:04.983+0000] {taskinstance.py:1289} INFO - Starting attempt 1 of 1
[2023-05-09T22:06:04.984+0000] {taskinstance.py:1290} INFO - 
--------------------------------------------------------------------------------
[2023-05-09T22:06:05.032+0000] {taskinstance.py:1309} INFO - Executing <Task(PythonOperator): scrape_teams_17-24> on 2022-05-02 07:00:00+00:00
[2023-05-09T22:06:05.052+0000] {standard_task_runner.py:55} INFO - Started process 13392 to run task
[2023-05-09T22:06:05.062+0000] {standard_task_runner.py:82} INFO - Running: ['***', 'tasks', 'run', 'scrape_and_save_to_csv', 'scrape_teams_17-24', 'scheduled__2022-05-02T07:00:00+00:00', '--job-id', '3474', '--raw', '--subdir', 'DAGS_FOLDER/scrape_and_push_dag.py', '--cfg-path', '/tmp/tmpml2vk_0f']
[2023-05-09T22:06:05.067+0000] {standard_task_runner.py:83} INFO - Job 3474: Subtask scrape_teams_17-24
[2023-05-09T22:06:05.235+0000] {task_command.py:389} INFO - Running <TaskInstance: scrape_and_save_to_csv.scrape_teams_17-24 scheduled__2022-05-02T07:00:00+00:00 [running]> on host f41dbfa3d325
[2023-05-09T22:06:05.295+0000] {warnings.py:110} WARNING - /home/***/.local/lib/python3.7/site-packages/***/utils/context.py:205: AirflowContextDeprecationWarning: Accessing 'execution_date' from the template is deprecated and will be removed in a future version. Please use 'data_interval_start' or 'logical_date' instead.
  warnings.warn(_create_deprecation_warning(key, self._deprecation_replacements[key]))

[2023-05-09T22:06:05.354+0000] {taskinstance.py:1518} INFO - Exporting the following env vars:
AIRFLOW_CTX_DAG_OWNER=***
AIRFLOW_CTX_DAG_ID=scrape_and_save_to_csv
AIRFLOW_CTX_TASK_ID=scrape_teams_17-24
AIRFLOW_CTX_EXECUTION_DATE=2022-05-02T07:00:00+00:00
AIRFLOW_CTX_TRY_NUMBER=1
AIRFLOW_CTX_DAG_RUN_ID=scheduled__2022-05-02T07:00:00+00:00
[2023-05-09T22:06:12.828+0000] {helpers.py:94} INFO - Milwaukee Bucks: Successfully scraped!
[2023-05-09T22:06:29.138+0000] {helpers.py:94} INFO - Minnesota Timberwolves: Successfully scraped!
[2023-05-09T22:06:44.566+0000] {helpers.py:94} INFO - New Orleans Pelicans: Successfully scraped!
[2023-05-09T22:07:00.359+0000] {helpers.py:94} INFO - New York Knicks: Successfully scraped!
[2023-05-09T22:07:16.551+0000] {helpers.py:94} INFO - Oklahoma City Thunder: Successfully scraped!
[2023-05-09T22:07:32.896+0000] {helpers.py:94} INFO - Orlando Magic: Successfully scraped!
[2023-05-09T22:07:45.859+0000] {helpers.py:94} INFO - Philadelphia 76ers: Successfully scraped!
[2023-05-09T22:07:57.327+0000] {helpers.py:94} INFO - Phoenix Suns: Successfully scraped!
[2023-05-09T22:07:57.348+0000] {helpers.py:109} INFO - Saved in /opt/***/data/output_scrape_teams_17-24.csv
[2023-05-09T22:07:57.351+0000] {python.py:177} INFO - Done. Returned value was: None
[2023-05-09T22:07:57.375+0000] {taskinstance.py:1332} INFO - Marking task as SUCCESS. dag_id=scrape_and_save_to_csv, task_id=scrape_teams_17-24, execution_date=20220502T070000, start_date=20230509T220604, end_date=20230509T220757
[2023-05-09T22:07:57.493+0000] {local_task_job.py:212} INFO - Task exited with return code 0
[2023-05-09T22:07:57.528+0000] {taskinstance.py:2596} INFO - 1 downstream tasks scheduled from follow-on schedule check
