[2023-04-30T20:03:47.353+0000] {taskinstance.py:1090} INFO - Dependencies all met for dep_context=non-requeueable deps ti=<TaskInstance: scrape_and_save_to_csv.scrape_teams_1-8 scheduled__2023-04-30T18:30:00+00:00 [queued]>
[2023-04-30T20:03:47.363+0000] {taskinstance.py:1090} INFO - Dependencies all met for dep_context=requeueable deps ti=<TaskInstance: scrape_and_save_to_csv.scrape_teams_1-8 scheduled__2023-04-30T18:30:00+00:00 [queued]>
[2023-04-30T20:03:47.368+0000] {taskinstance.py:1288} INFO - 
--------------------------------------------------------------------------------
[2023-04-30T20:03:47.369+0000] {taskinstance.py:1289} INFO - Starting attempt 1 of 1
[2023-04-30T20:03:47.371+0000] {taskinstance.py:1290} INFO - 
--------------------------------------------------------------------------------
[2023-04-30T20:03:47.383+0000] {taskinstance.py:1309} INFO - Executing <Task(PythonOperator): scrape_teams_1-8> on 2023-04-30 18:30:00+00:00
[2023-04-30T20:03:47.389+0000] {standard_task_runner.py:55} INFO - Started process 382 to run task
[2023-04-30T20:03:47.397+0000] {standard_task_runner.py:82} INFO - Running: ['***', 'tasks', 'run', 'scrape_and_save_to_csv', 'scrape_teams_1-8', 'scheduled__2023-04-30T18:30:00+00:00', '--job-id', '1942', '--raw', '--subdir', 'DAGS_FOLDER/scrape_and_save_csv_dag.py', '--cfg-path', '/tmp/tmpqoo4brid']
[2023-04-30T20:03:47.401+0000] {standard_task_runner.py:83} INFO - Job 1942: Subtask scrape_teams_1-8
[2023-04-30T20:03:47.502+0000] {task_command.py:389} INFO - Running <TaskInstance: scrape_and_save_to_csv.scrape_teams_1-8 scheduled__2023-04-30T18:30:00+00:00 [running]> on host 5d4cd8acb346
[2023-04-30T20:03:47.633+0000] {taskinstance.py:1518} INFO - Exporting the following env vars:
AIRFLOW_CTX_DAG_OWNER=***
AIRFLOW_CTX_DAG_ID=scrape_and_save_to_csv
AIRFLOW_CTX_TASK_ID=scrape_teams_1-8
AIRFLOW_CTX_EXECUTION_DATE=2023-04-30T18:30:00+00:00
AIRFLOW_CTX_TRY_NUMBER=1
AIRFLOW_CTX_DAG_RUN_ID=scheduled__2023-04-30T18:30:00+00:00
[2023-04-30T20:03:47.653+0000] {logging_mixin.py:137} INFO - HTTPSConnectionPool(host='api.pushshift.io', port=443): Max retries exceeded with url: /reddit/search/submission/?subreddit=AtlantaHawks&sort=created_utc&sort_type=desc&size=500 (Caused by NewConnectionError('<urllib3.connection.HTTPSConnection object at 0xffffa0044410>: Failed to establish a new connection: [Errno -2] Name or service not known'))
[2023-04-30T20:03:47.655+0000] {helpers.py:86} ERROR - HTTPSConnectionPool(host='api.pushshift.io', port=443): Max retries exceeded with url: /reddit/search/submission/?subreddit=AtlantaHawks&sort=created_utc&sort_type=desc&size=500 (Caused by NewConnectionError('<urllib3.connection.HTTPSConnection object at 0xffffa0044410>: Failed to establish a new connection: [Errno -2] Name or service not known'))
[2023-04-30T20:03:47.656+0000] {helpers.py:87} ERROR - Retrying! 9 attempts before skipping!
[2023-04-30T20:03:48.667+0000] {logging_mixin.py:137} INFO - HTTPSConnectionPool(host='api.pushshift.io', port=443): Max retries exceeded with url: /reddit/search/submission/?subreddit=AtlantaHawks&sort=created_utc&sort_type=desc&size=500 (Caused by NewConnectionError('<urllib3.connection.HTTPSConnection object at 0xffffa0044390>: Failed to establish a new connection: [Errno -2] Name or service not known'))
[2023-04-30T20:03:48.669+0000] {helpers.py:86} ERROR - HTTPSConnectionPool(host='api.pushshift.io', port=443): Max retries exceeded with url: /reddit/search/submission/?subreddit=AtlantaHawks&sort=created_utc&sort_type=desc&size=500 (Caused by NewConnectionError('<urllib3.connection.HTTPSConnection object at 0xffffa0044390>: Failed to establish a new connection: [Errno -2] Name or service not known'))
[2023-04-30T20:03:48.671+0000] {helpers.py:87} ERROR - Retrying! 8 attempts before skipping!
[2023-04-30T20:03:49.678+0000] {logging_mixin.py:137} INFO - HTTPSConnectionPool(host='api.pushshift.io', port=443): Max retries exceeded with url: /reddit/search/submission/?subreddit=AtlantaHawks&sort=created_utc&sort_type=desc&size=500 (Caused by NewConnectionError('<urllib3.connection.HTTPSConnection object at 0xffffa0044310>: Failed to establish a new connection: [Errno -2] Name or service not known'))
[2023-04-30T20:03:49.681+0000] {helpers.py:86} ERROR - HTTPSConnectionPool(host='api.pushshift.io', port=443): Max retries exceeded with url: /reddit/search/submission/?subreddit=AtlantaHawks&sort=created_utc&sort_type=desc&size=500 (Caused by NewConnectionError('<urllib3.connection.HTTPSConnection object at 0xffffa0044310>: Failed to establish a new connection: [Errno -2] Name or service not known'))
[2023-04-30T20:03:49.682+0000] {helpers.py:87} ERROR - Retrying! 7 attempts before skipping!
[2023-04-30T20:03:50.698+0000] {logging_mixin.py:137} INFO - HTTPSConnectionPool(host='api.pushshift.io', port=443): Max retries exceeded with url: /reddit/search/submission/?subreddit=AtlantaHawks&sort=created_utc&sort_type=desc&size=500 (Caused by NewConnectionError('<urllib3.connection.HTTPSConnection object at 0xffffa0044090>: Failed to establish a new connection: [Errno -2] Name or service not known'))
[2023-04-30T20:03:50.705+0000] {helpers.py:86} ERROR - HTTPSConnectionPool(host='api.pushshift.io', port=443): Max retries exceeded with url: /reddit/search/submission/?subreddit=AtlantaHawks&sort=created_utc&sort_type=desc&size=500 (Caused by NewConnectionError('<urllib3.connection.HTTPSConnection object at 0xffffa0044090>: Failed to establish a new connection: [Errno -2] Name or service not known'))
[2023-04-30T20:03:50.709+0000] {helpers.py:87} ERROR - Retrying! 6 attempts before skipping!
[2023-04-30T20:03:51.734+0000] {logging_mixin.py:137} INFO - HTTPSConnectionPool(host='api.pushshift.io', port=443): Max retries exceeded with url: /reddit/search/submission/?subreddit=AtlantaHawks&sort=created_utc&sort_type=desc&size=500 (Caused by NewConnectionError('<urllib3.connection.HTTPSConnection object at 0xffffa0044410>: Failed to establish a new connection: [Errno -2] Name or service not known'))
[2023-04-30T20:03:51.741+0000] {helpers.py:86} ERROR - HTTPSConnectionPool(host='api.pushshift.io', port=443): Max retries exceeded with url: /reddit/search/submission/?subreddit=AtlantaHawks&sort=created_utc&sort_type=desc&size=500 (Caused by NewConnectionError('<urllib3.connection.HTTPSConnection object at 0xffffa0044410>: Failed to establish a new connection: [Errno -2] Name or service not known'))
[2023-04-30T20:03:51.743+0000] {helpers.py:87} ERROR - Retrying! 5 attempts before skipping!
[2023-04-30T20:03:52.755+0000] {logging_mixin.py:137} INFO - HTTPSConnectionPool(host='api.pushshift.io', port=443): Max retries exceeded with url: /reddit/search/submission/?subreddit=AtlantaHawks&sort=created_utc&sort_type=desc&size=500 (Caused by NewConnectionError('<urllib3.connection.HTTPSConnection object at 0xffffa00447d0>: Failed to establish a new connection: [Errno -2] Name or service not known'))
[2023-04-30T20:03:52.757+0000] {helpers.py:86} ERROR - HTTPSConnectionPool(host='api.pushshift.io', port=443): Max retries exceeded with url: /reddit/search/submission/?subreddit=AtlantaHawks&sort=created_utc&sort_type=desc&size=500 (Caused by NewConnectionError('<urllib3.connection.HTTPSConnection object at 0xffffa00447d0>: Failed to establish a new connection: [Errno -2] Name or service not known'))
[2023-04-30T20:03:52.758+0000] {helpers.py:87} ERROR - Retrying! 4 attempts before skipping!
[2023-04-30T20:03:53.769+0000] {logging_mixin.py:137} INFO - HTTPSConnectionPool(host='api.pushshift.io', port=443): Max retries exceeded with url: /reddit/search/submission/?subreddit=AtlantaHawks&sort=created_utc&sort_type=desc&size=500 (Caused by NewConnectionError('<urllib3.connection.HTTPSConnection object at 0xffffa0044a90>: Failed to establish a new connection: [Errno -2] Name or service not known'))
[2023-04-30T20:03:53.771+0000] {helpers.py:86} ERROR - HTTPSConnectionPool(host='api.pushshift.io', port=443): Max retries exceeded with url: /reddit/search/submission/?subreddit=AtlantaHawks&sort=created_utc&sort_type=desc&size=500 (Caused by NewConnectionError('<urllib3.connection.HTTPSConnection object at 0xffffa0044a90>: Failed to establish a new connection: [Errno -2] Name or service not known'))
[2023-04-30T20:03:53.773+0000] {helpers.py:87} ERROR - Retrying! 3 attempts before skipping!
[2023-04-30T20:03:54.783+0000] {logging_mixin.py:137} INFO - HTTPSConnectionPool(host='api.pushshift.io', port=443): Max retries exceeded with url: /reddit/search/submission/?subreddit=AtlantaHawks&sort=created_utc&sort_type=desc&size=500 (Caused by NewConnectionError('<urllib3.connection.HTTPSConnection object at 0xffffa0044050>: Failed to establish a new connection: [Errno -2] Name or service not known'))
[2023-04-30T20:03:54.785+0000] {helpers.py:86} ERROR - HTTPSConnectionPool(host='api.pushshift.io', port=443): Max retries exceeded with url: /reddit/search/submission/?subreddit=AtlantaHawks&sort=created_utc&sort_type=desc&size=500 (Caused by NewConnectionError('<urllib3.connection.HTTPSConnection object at 0xffffa0044050>: Failed to establish a new connection: [Errno -2] Name or service not known'))
[2023-04-30T20:03:54.788+0000] {helpers.py:87} ERROR - Retrying! 2 attempts before skipping!
[2023-04-30T20:03:55.796+0000] {logging_mixin.py:137} INFO - HTTPSConnectionPool(host='api.pushshift.io', port=443): Max retries exceeded with url: /reddit/search/submission/?subreddit=AtlantaHawks&sort=created_utc&sort_type=desc&size=500 (Caused by NewConnectionError('<urllib3.connection.HTTPSConnection object at 0xffffa0044450>: Failed to establish a new connection: [Errno -2] Name or service not known'))
[2023-04-30T20:03:55.800+0000] {helpers.py:86} ERROR - HTTPSConnectionPool(host='api.pushshift.io', port=443): Max retries exceeded with url: /reddit/search/submission/?subreddit=AtlantaHawks&sort=created_utc&sort_type=desc&size=500 (Caused by NewConnectionError('<urllib3.connection.HTTPSConnection object at 0xffffa0044450>: Failed to establish a new connection: [Errno -2] Name or service not known'))
[2023-04-30T20:03:55.802+0000] {helpers.py:87} ERROR - Retrying! 1 attempts before skipping!
[2023-04-30T20:03:56.811+0000] {logging_mixin.py:137} INFO - HTTPSConnectionPool(host='api.pushshift.io', port=443): Max retries exceeded with url: /reddit/search/submission/?subreddit=AtlantaHawks&sort=created_utc&sort_type=desc&size=500 (Caused by NewConnectionError('<urllib3.connection.HTTPSConnection object at 0xffffa00445d0>: Failed to establish a new connection: [Errno -2] Name or service not known'))
[2023-04-30T20:03:56.814+0000] {helpers.py:86} ERROR - HTTPSConnectionPool(host='api.pushshift.io', port=443): Max retries exceeded with url: /reddit/search/submission/?subreddit=AtlantaHawks&sort=created_utc&sort_type=desc&size=500 (Caused by NewConnectionError('<urllib3.connection.HTTPSConnection object at 0xffffa00445d0>: Failed to establish a new connection: [Errno -2] Name or service not known'))
[2023-04-30T20:03:56.815+0000] {helpers.py:87} ERROR - Retrying! 0 attempts before skipping!
[2023-04-30T20:03:57.824+0000] {logging_mixin.py:137} INFO - HTTPSConnectionPool(host='api.pushshift.io', port=443): Max retries exceeded with url: /reddit/search/submission/?subreddit=AtlantaHawks&sort=created_utc&sort_type=desc&size=500 (Caused by NewConnectionError('<urllib3.connection.HTTPSConnection object at 0xffffa0044390>: Failed to establish a new connection: [Errno -2] Name or service not known'))
[2023-04-30T20:03:57.826+0000] {helpers.py:86} ERROR - HTTPSConnectionPool(host='api.pushshift.io', port=443): Max retries exceeded with url: /reddit/search/submission/?subreddit=AtlantaHawks&sort=created_utc&sort_type=desc&size=500 (Caused by NewConnectionError('<urllib3.connection.HTTPSConnection object at 0xffffa0044390>: Failed to establish a new connection: [Errno -2] Name or service not known'))
[2023-04-30T20:03:57.829+0000] {helpers.py:87} ERROR - Retrying! -1 attempts before skipping!
[2023-04-30T20:03:58.851+0000] {logging_mixin.py:137} INFO - HTTPSConnectionPool(host='api.pushshift.io', port=443): Max retries exceeded with url: /reddit/search/submission/?subreddit=bostonceltics&sort=created_utc&sort_type=desc&size=500 (Caused by NewConnectionError('<urllib3.connection.HTTPSConnection object at 0xffffa0044490>: Failed to establish a new connection: [Errno -2] Name or service not known'))
[2023-04-30T20:03:58.856+0000] {helpers.py:86} ERROR - HTTPSConnectionPool(host='api.pushshift.io', port=443): Max retries exceeded with url: /reddit/search/submission/?subreddit=bostonceltics&sort=created_utc&sort_type=desc&size=500 (Caused by NewConnectionError('<urllib3.connection.HTTPSConnection object at 0xffffa0044490>: Failed to establish a new connection: [Errno -2] Name or service not known'))
[2023-04-30T20:03:58.861+0000] {helpers.py:87} ERROR - Retrying! 9 attempts before skipping!
[2023-04-30T20:03:59.870+0000] {logging_mixin.py:137} INFO - HTTPSConnectionPool(host='api.pushshift.io', port=443): Max retries exceeded with url: /reddit/search/submission/?subreddit=bostonceltics&sort=created_utc&sort_type=desc&size=500 (Caused by NewConnectionError('<urllib3.connection.HTTPSConnection object at 0xffffa0044090>: Failed to establish a new connection: [Errno -2] Name or service not known'))
[2023-04-30T20:03:59.871+0000] {helpers.py:86} ERROR - HTTPSConnectionPool(host='api.pushshift.io', port=443): Max retries exceeded with url: /reddit/search/submission/?subreddit=bostonceltics&sort=created_utc&sort_type=desc&size=500 (Caused by NewConnectionError('<urllib3.connection.HTTPSConnection object at 0xffffa0044090>: Failed to establish a new connection: [Errno -2] Name or service not known'))
[2023-04-30T20:03:59.872+0000] {helpers.py:87} ERROR - Retrying! 8 attempts before skipping!
[2023-04-30T20:04:00.895+0000] {logging_mixin.py:137} INFO - HTTPSConnectionPool(host='api.pushshift.io', port=443): Max retries exceeded with url: /reddit/search/submission/?subreddit=bostonceltics&sort=created_utc&sort_type=desc&size=500 (Caused by NewConnectionError('<urllib3.connection.HTTPSConnection object at 0xffffa0044410>: Failed to establish a new connection: [Errno -2] Name or service not known'))
[2023-04-30T20:04:00.901+0000] {helpers.py:86} ERROR - HTTPSConnectionPool(host='api.pushshift.io', port=443): Max retries exceeded with url: /reddit/search/submission/?subreddit=bostonceltics&sort=created_utc&sort_type=desc&size=500 (Caused by NewConnectionError('<urllib3.connection.HTTPSConnection object at 0xffffa0044410>: Failed to establish a new connection: [Errno -2] Name or service not known'))
[2023-04-30T20:04:00.907+0000] {helpers.py:87} ERROR - Retrying! 7 attempts before skipping!
[2023-04-30T20:04:01.918+0000] {logging_mixin.py:137} INFO - HTTPSConnectionPool(host='api.pushshift.io', port=443): Max retries exceeded with url: /reddit/search/submission/?subreddit=bostonceltics&sort=created_utc&sort_type=desc&size=500 (Caused by NewConnectionError('<urllib3.connection.HTTPSConnection object at 0xffffa0044890>: Failed to establish a new connection: [Errno -2] Name or service not known'))
[2023-04-30T20:04:01.919+0000] {helpers.py:86} ERROR - HTTPSConnectionPool(host='api.pushshift.io', port=443): Max retries exceeded with url: /reddit/search/submission/?subreddit=bostonceltics&sort=created_utc&sort_type=desc&size=500 (Caused by NewConnectionError('<urllib3.connection.HTTPSConnection object at 0xffffa0044890>: Failed to establish a new connection: [Errno -2] Name or service not known'))
[2023-04-30T20:04:01.921+0000] {helpers.py:87} ERROR - Retrying! 6 attempts before skipping!
[2023-04-30T20:04:02.938+0000] {logging_mixin.py:137} INFO - HTTPSConnectionPool(host='api.pushshift.io', port=443): Max retries exceeded with url: /reddit/search/submission/?subreddit=bostonceltics&sort=created_utc&sort_type=desc&size=500 (Caused by NewConnectionError('<urllib3.connection.HTTPSConnection object at 0xffffa00448d0>: Failed to establish a new connection: [Errno -2] Name or service not known'))
[2023-04-30T20:04:02.940+0000] {helpers.py:86} ERROR - HTTPSConnectionPool(host='api.pushshift.io', port=443): Max retries exceeded with url: /reddit/search/submission/?subreddit=bostonceltics&sort=created_utc&sort_type=desc&size=500 (Caused by NewConnectionError('<urllib3.connection.HTTPSConnection object at 0xffffa00448d0>: Failed to establish a new connection: [Errno -2] Name or service not known'))
[2023-04-30T20:04:02.944+0000] {helpers.py:87} ERROR - Retrying! 5 attempts before skipping!
[2023-04-30T20:04:03.961+0000] {logging_mixin.py:137} INFO - HTTPSConnectionPool(host='api.pushshift.io', port=443): Max retries exceeded with url: /reddit/search/submission/?subreddit=bostonceltics&sort=created_utc&sort_type=desc&size=500 (Caused by NewConnectionError('<urllib3.connection.HTTPSConnection object at 0xffffa0044a50>: Failed to establish a new connection: [Errno -2] Name or service not known'))
[2023-04-30T20:04:03.968+0000] {helpers.py:86} ERROR - HTTPSConnectionPool(host='api.pushshift.io', port=443): Max retries exceeded with url: /reddit/search/submission/?subreddit=bostonceltics&sort=created_utc&sort_type=desc&size=500 (Caused by NewConnectionError('<urllib3.connection.HTTPSConnection object at 0xffffa0044a50>: Failed to establish a new connection: [Errno -2] Name or service not known'))
[2023-04-30T20:04:03.970+0000] {helpers.py:87} ERROR - Retrying! 4 attempts before skipping!
[2023-04-30T20:04:04.991+0000] {logging_mixin.py:137} INFO - HTTPSConnectionPool(host='api.pushshift.io', port=443): Max retries exceeded with url: /reddit/search/submission/?subreddit=bostonceltics&sort=created_utc&sort_type=desc&size=500 (Caused by NewConnectionError('<urllib3.connection.HTTPSConnection object at 0xffffa0044050>: Failed to establish a new connection: [Errno -2] Name or service not known'))
[2023-04-30T20:04:04.997+0000] {helpers.py:86} ERROR - HTTPSConnectionPool(host='api.pushshift.io', port=443): Max retries exceeded with url: /reddit/search/submission/?subreddit=bostonceltics&sort=created_utc&sort_type=desc&size=500 (Caused by NewConnectionError('<urllib3.connection.HTTPSConnection object at 0xffffa0044050>: Failed to establish a new connection: [Errno -2] Name or service not known'))
[2023-04-30T20:04:04.999+0000] {helpers.py:87} ERROR - Retrying! 3 attempts before skipping!
[2023-04-30T20:04:06.020+0000] {logging_mixin.py:137} INFO - HTTPSConnectionPool(host='api.pushshift.io', port=443): Max retries exceeded with url: /reddit/search/submission/?subreddit=bostonceltics&sort=created_utc&sort_type=desc&size=500 (Caused by NewConnectionError('<urllib3.connection.HTTPSConnection object at 0xffffa00445d0>: Failed to establish a new connection: [Errno -2] Name or service not known'))
[2023-04-30T20:04:06.023+0000] {helpers.py:86} ERROR - HTTPSConnectionPool(host='api.pushshift.io', port=443): Max retries exceeded with url: /reddit/search/submission/?subreddit=bostonceltics&sort=created_utc&sort_type=desc&size=500 (Caused by NewConnectionError('<urllib3.connection.HTTPSConnection object at 0xffffa00445d0>: Failed to establish a new connection: [Errno -2] Name or service not known'))
[2023-04-30T20:04:06.024+0000] {helpers.py:87} ERROR - Retrying! 2 attempts before skipping!
[2023-04-30T20:04:07.098+0000] {logging_mixin.py:137} INFO - HTTPSConnectionPool(host='api.pushshift.io', port=443): Max retries exceeded with url: /reddit/search/submission/?subreddit=bostonceltics&sort=created_utc&sort_type=desc&size=500 (Caused by NewConnectionError('<urllib3.connection.HTTPSConnection object at 0xffffa00447d0>: Failed to establish a new connection: [Errno -2] Name or service not known'))
[2023-04-30T20:04:07.175+0000] {helpers.py:86} ERROR - HTTPSConnectionPool(host='api.pushshift.io', port=443): Max retries exceeded with url: /reddit/search/submission/?subreddit=bostonceltics&sort=created_utc&sort_type=desc&size=500 (Caused by NewConnectionError('<urllib3.connection.HTTPSConnection object at 0xffffa00447d0>: Failed to establish a new connection: [Errno -2] Name or service not known'))
[2023-04-30T20:04:07.178+0000] {helpers.py:87} ERROR - Retrying! 1 attempts before skipping!
[2023-04-30T20:04:08.215+0000] {logging_mixin.py:137} INFO - HTTPSConnectionPool(host='api.pushshift.io', port=443): Max retries exceeded with url: /reddit/search/submission/?subreddit=bostonceltics&sort=created_utc&sort_type=desc&size=500 (Caused by NewConnectionError('<urllib3.connection.HTTPSConnection object at 0xffffa0044490>: Failed to establish a new connection: [Errno -2] Name or service not known'))
[2023-04-30T20:04:08.224+0000] {helpers.py:86} ERROR - HTTPSConnectionPool(host='api.pushshift.io', port=443): Max retries exceeded with url: /reddit/search/submission/?subreddit=bostonceltics&sort=created_utc&sort_type=desc&size=500 (Caused by NewConnectionError('<urllib3.connection.HTTPSConnection object at 0xffffa0044490>: Failed to establish a new connection: [Errno -2] Name or service not known'))
[2023-04-30T20:04:08.227+0000] {helpers.py:87} ERROR - Retrying! 0 attempts before skipping!
[2023-04-30T20:04:09.262+0000] {logging_mixin.py:137} INFO - HTTPSConnectionPool(host='api.pushshift.io', port=443): Max retries exceeded with url: /reddit/search/submission/?subreddit=bostonceltics&sort=created_utc&sort_type=desc&size=500 (Caused by NewConnectionError('<urllib3.connection.HTTPSConnection object at 0xffffa0044090>: Failed to establish a new connection: [Errno -2] Name or service not known'))
[2023-04-30T20:04:09.269+0000] {helpers.py:86} ERROR - HTTPSConnectionPool(host='api.pushshift.io', port=443): Max retries exceeded with url: /reddit/search/submission/?subreddit=bostonceltics&sort=created_utc&sort_type=desc&size=500 (Caused by NewConnectionError('<urllib3.connection.HTTPSConnection object at 0xffffa0044090>: Failed to establish a new connection: [Errno -2] Name or service not known'))
[2023-04-30T20:04:09.271+0000] {helpers.py:87} ERROR - Retrying! -1 attempts before skipping!
[2023-04-30T20:04:10.296+0000] {logging_mixin.py:137} INFO - HTTPSConnectionPool(host='api.pushshift.io', port=443): Max retries exceeded with url: /reddit/search/submission/?subreddit=gonets&sort=created_utc&sort_type=desc&size=500 (Caused by NewConnectionError('<urllib3.connection.HTTPSConnection object at 0xffffa0044a90>: Failed to establish a new connection: [Errno -2] Name or service not known'))
[2023-04-30T20:04:10.303+0000] {helpers.py:86} ERROR - HTTPSConnectionPool(host='api.pushshift.io', port=443): Max retries exceeded with url: /reddit/search/submission/?subreddit=gonets&sort=created_utc&sort_type=desc&size=500 (Caused by NewConnectionError('<urllib3.connection.HTTPSConnection object at 0xffffa0044a90>: Failed to establish a new connection: [Errno -2] Name or service not known'))
[2023-04-30T20:04:10.307+0000] {helpers.py:87} ERROR - Retrying! 9 attempts before skipping!
[2023-04-30T20:04:11.338+0000] {logging_mixin.py:137} INFO - HTTPSConnectionPool(host='api.pushshift.io', port=443): Max retries exceeded with url: /reddit/search/submission/?subreddit=gonets&sort=created_utc&sort_type=desc&size=500 (Caused by NewConnectionError('<urllib3.connection.HTTPSConnection object at 0xffffa0044890>: Failed to establish a new connection: [Errno -2] Name or service not known'))
[2023-04-30T20:04:11.346+0000] {helpers.py:86} ERROR - HTTPSConnectionPool(host='api.pushshift.io', port=443): Max retries exceeded with url: /reddit/search/submission/?subreddit=gonets&sort=created_utc&sort_type=desc&size=500 (Caused by NewConnectionError('<urllib3.connection.HTTPSConnection object at 0xffffa0044890>: Failed to establish a new connection: [Errno -2] Name or service not known'))
[2023-04-30T20:04:11.352+0000] {helpers.py:87} ERROR - Retrying! 8 attempts before skipping!
[2023-04-30T20:04:12.368+0000] {logging_mixin.py:137} INFO - HTTPSConnectionPool(host='api.pushshift.io', port=443): Max retries exceeded with url: /reddit/search/submission/?subreddit=gonets&sort=created_utc&sort_type=desc&size=500 (Caused by NewConnectionError('<urllib3.connection.HTTPSConnection object at 0xffffa00448d0>: Failed to establish a new connection: [Errno -2] Name or service not known'))
[2023-04-30T20:04:12.371+0000] {helpers.py:86} ERROR - HTTPSConnectionPool(host='api.pushshift.io', port=443): Max retries exceeded with url: /reddit/search/submission/?subreddit=gonets&sort=created_utc&sort_type=desc&size=500 (Caused by NewConnectionError('<urllib3.connection.HTTPSConnection object at 0xffffa00448d0>: Failed to establish a new connection: [Errno -2] Name or service not known'))
[2023-04-30T20:04:12.376+0000] {helpers.py:87} ERROR - Retrying! 7 attempts before skipping!
[2023-04-30T20:04:13.399+0000] {logging_mixin.py:137} INFO - HTTPSConnectionPool(host='api.pushshift.io', port=443): Max retries exceeded with url: /reddit/search/submission/?subreddit=gonets&sort=created_utc&sort_type=desc&size=500 (Caused by NewConnectionError('<urllib3.connection.HTTPSConnection object at 0xffffa00441d0>: Failed to establish a new connection: [Errno -2] Name or service not known'))
[2023-04-30T20:04:13.403+0000] {helpers.py:86} ERROR - HTTPSConnectionPool(host='api.pushshift.io', port=443): Max retries exceeded with url: /reddit/search/submission/?subreddit=gonets&sort=created_utc&sort_type=desc&size=500 (Caused by NewConnectionError('<urllib3.connection.HTTPSConnection object at 0xffffa00441d0>: Failed to establish a new connection: [Errno -2] Name or service not known'))
[2023-04-30T20:04:13.407+0000] {helpers.py:87} ERROR - Retrying! 6 attempts before skipping!
[2023-04-30T20:04:14.422+0000] {logging_mixin.py:137} INFO - HTTPSConnectionPool(host='api.pushshift.io', port=443): Max retries exceeded with url: /reddit/search/submission/?subreddit=gonets&sort=created_utc&sort_type=desc&size=500 (Caused by NewConnectionError('<urllib3.connection.HTTPSConnection object at 0xffffa0044450>: Failed to establish a new connection: [Errno -2] Name or service not known'))
[2023-04-30T20:04:14.424+0000] {helpers.py:86} ERROR - HTTPSConnectionPool(host='api.pushshift.io', port=443): Max retries exceeded with url: /reddit/search/submission/?subreddit=gonets&sort=created_utc&sort_type=desc&size=500 (Caused by NewConnectionError('<urllib3.connection.HTTPSConnection object at 0xffffa0044450>: Failed to establish a new connection: [Errno -2] Name or service not known'))
[2023-04-30T20:04:14.428+0000] {helpers.py:87} ERROR - Retrying! 5 attempts before skipping!
[2023-04-30T20:38:49.462+0000] {logging_mixin.py:137} INFO - HTTPSConnectionPool(host='api.pushshift.io', port=443): Max retries exceeded with url: /reddit/search/submission/?subreddit=gonets&sort=created_utc&sort_type=desc&size=500 (Caused by NewConnectionError('<urllib3.connection.HTTPSConnection object at 0xffffa0044d50>: Failed to establish a new connection: [Errno -2] Name or service not known'))
[2023-04-30T20:38:49.463+0000] {helpers.py:86} ERROR - HTTPSConnectionPool(host='api.pushshift.io', port=443): Max retries exceeded with url: /reddit/search/submission/?subreddit=gonets&sort=created_utc&sort_type=desc&size=500 (Caused by NewConnectionError('<urllib3.connection.HTTPSConnection object at 0xffffa0044d50>: Failed to establish a new connection: [Errno -2] Name or service not known'))
[2023-04-30T20:38:49.466+0000] {helpers.py:87} ERROR - Retrying! 4 attempts before skipping!
[2023-04-30T20:38:50.480+0000] {logging_mixin.py:137} INFO - HTTPSConnectionPool(host='api.pushshift.io', port=443): Max retries exceeded with url: /reddit/search/submission/?subreddit=gonets&sort=created_utc&sort_type=desc&size=500 (Caused by NewConnectionError('<urllib3.connection.HTTPSConnection object at 0xffffa00445d0>: Failed to establish a new connection: [Errno -2] Name or service not known'))
[2023-04-30T20:38:50.484+0000] {helpers.py:86} ERROR - HTTPSConnectionPool(host='api.pushshift.io', port=443): Max retries exceeded with url: /reddit/search/submission/?subreddit=gonets&sort=created_utc&sort_type=desc&size=500 (Caused by NewConnectionError('<urllib3.connection.HTTPSConnection object at 0xffffa00445d0>: Failed to establish a new connection: [Errno -2] Name or service not known'))
[2023-04-30T20:38:50.485+0000] {helpers.py:87} ERROR - Retrying! 3 attempts before skipping!
[2023-04-30T20:38:51.503+0000] {logging_mixin.py:137} INFO - HTTPSConnectionPool(host='api.pushshift.io', port=443): Max retries exceeded with url: /reddit/search/submission/?subreddit=gonets&sort=created_utc&sort_type=desc&size=500 (Caused by NewConnectionError('<urllib3.connection.HTTPSConnection object at 0xffffa0044490>: Failed to establish a new connection: [Errno -2] Name or service not known'))
[2023-04-30T20:38:51.516+0000] {helpers.py:86} ERROR - HTTPSConnectionPool(host='api.pushshift.io', port=443): Max retries exceeded with url: /reddit/search/submission/?subreddit=gonets&sort=created_utc&sort_type=desc&size=500 (Caused by NewConnectionError('<urllib3.connection.HTTPSConnection object at 0xffffa0044490>: Failed to establish a new connection: [Errno -2] Name or service not known'))
[2023-04-30T20:38:51.517+0000] {helpers.py:87} ERROR - Retrying! 2 attempts before skipping!
[2023-04-30T20:38:52.528+0000] {logging_mixin.py:137} INFO - HTTPSConnectionPool(host='api.pushshift.io', port=443): Max retries exceeded with url: /reddit/search/submission/?subreddit=gonets&sort=created_utc&sort_type=desc&size=500 (Caused by NewConnectionError('<urllib3.connection.HTTPSConnection object at 0xffffa0044a50>: Failed to establish a new connection: [Errno -2] Name or service not known'))
[2023-04-30T20:38:52.530+0000] {helpers.py:86} ERROR - HTTPSConnectionPool(host='api.pushshift.io', port=443): Max retries exceeded with url: /reddit/search/submission/?subreddit=gonets&sort=created_utc&sort_type=desc&size=500 (Caused by NewConnectionError('<urllib3.connection.HTTPSConnection object at 0xffffa0044a50>: Failed to establish a new connection: [Errno -2] Name or service not known'))
[2023-04-30T20:38:52.531+0000] {helpers.py:87} ERROR - Retrying! 1 attempts before skipping!
[2023-04-30T20:38:53.556+0000] {logging_mixin.py:137} INFO - HTTPSConnectionPool(host='api.pushshift.io', port=443): Max retries exceeded with url: /reddit/search/submission/?subreddit=gonets&sort=created_utc&sort_type=desc&size=500 (Caused by NewConnectionError('<urllib3.connection.HTTPSConnection object at 0xffffa0044a90>: Failed to establish a new connection: [Errno -2] Name or service not known'))
[2023-04-30T20:38:53.563+0000] {helpers.py:86} ERROR - HTTPSConnectionPool(host='api.pushshift.io', port=443): Max retries exceeded with url: /reddit/search/submission/?subreddit=gonets&sort=created_utc&sort_type=desc&size=500 (Caused by NewConnectionError('<urllib3.connection.HTTPSConnection object at 0xffffa0044a90>: Failed to establish a new connection: [Errno -2] Name or service not known'))
[2023-04-30T20:38:53.567+0000] {helpers.py:87} ERROR - Retrying! 0 attempts before skipping!
[2023-04-30T20:38:54.592+0000] {logging_mixin.py:137} INFO - HTTPSConnectionPool(host='api.pushshift.io', port=443): Max retries exceeded with url: /reddit/search/submission/?subreddit=gonets&sort=created_utc&sort_type=desc&size=500 (Caused by NewConnectionError('<urllib3.connection.HTTPSConnection object at 0xffffa0044890>: Failed to establish a new connection: [Errno -2] Name or service not known'))
[2023-04-30T20:38:54.599+0000] {helpers.py:86} ERROR - HTTPSConnectionPool(host='api.pushshift.io', port=443): Max retries exceeded with url: /reddit/search/submission/?subreddit=gonets&sort=created_utc&sort_type=desc&size=500 (Caused by NewConnectionError('<urllib3.connection.HTTPSConnection object at 0xffffa0044890>: Failed to establish a new connection: [Errno -2] Name or service not known'))
[2023-04-30T20:38:54.605+0000] {helpers.py:87} ERROR - Retrying! -1 attempts before skipping!
[2023-04-30T20:38:55.630+0000] {logging_mixin.py:137} INFO - HTTPSConnectionPool(host='api.pushshift.io', port=443): Max retries exceeded with url: /reddit/search/submission/?subreddit=CharlotteHornets&sort=created_utc&sort_type=desc&size=500 (Caused by NewConnectionError('<urllib3.connection.HTTPSConnection object at 0xffffa0044050>: Failed to establish a new connection: [Errno -2] Name or service not known'))
[2023-04-30T20:38:55.639+0000] {helpers.py:86} ERROR - HTTPSConnectionPool(host='api.pushshift.io', port=443): Max retries exceeded with url: /reddit/search/submission/?subreddit=CharlotteHornets&sort=created_utc&sort_type=desc&size=500 (Caused by NewConnectionError('<urllib3.connection.HTTPSConnection object at 0xffffa0044050>: Failed to establish a new connection: [Errno -2] Name or service not known'))
[2023-04-30T20:38:55.642+0000] {helpers.py:87} ERROR - Retrying! 9 attempts before skipping!
[2023-04-30T20:38:56.656+0000] {logging_mixin.py:137} INFO - HTTPSConnectionPool(host='api.pushshift.io', port=443): Max retries exceeded with url: /reddit/search/submission/?subreddit=CharlotteHornets&sort=created_utc&sort_type=desc&size=500 (Caused by NewConnectionError('<urllib3.connection.HTTPSConnection object at 0xffffa00441d0>: Failed to establish a new connection: [Errno -2] Name or service not known'))
[2023-04-30T20:38:56.659+0000] {helpers.py:86} ERROR - HTTPSConnectionPool(host='api.pushshift.io', port=443): Max retries exceeded with url: /reddit/search/submission/?subreddit=CharlotteHornets&sort=created_utc&sort_type=desc&size=500 (Caused by NewConnectionError('<urllib3.connection.HTTPSConnection object at 0xffffa00441d0>: Failed to establish a new connection: [Errno -2] Name or service not known'))
[2023-04-30T20:38:56.661+0000] {helpers.py:87} ERROR - Retrying! 8 attempts before skipping!
[2023-04-30T20:38:57.674+0000] {logging_mixin.py:137} INFO - HTTPSConnectionPool(host='api.pushshift.io', port=443): Max retries exceeded with url: /reddit/search/submission/?subreddit=CharlotteHornets&sort=created_utc&sort_type=desc&size=500 (Caused by NewConnectionError('<urllib3.connection.HTTPSConnection object at 0xffffa0044450>: Failed to establish a new connection: [Errno -2] Name or service not known'))
[2023-04-30T20:38:57.677+0000] {helpers.py:86} ERROR - HTTPSConnectionPool(host='api.pushshift.io', port=443): Max retries exceeded with url: /reddit/search/submission/?subreddit=CharlotteHornets&sort=created_utc&sort_type=desc&size=500 (Caused by NewConnectionError('<urllib3.connection.HTTPSConnection object at 0xffffa0044450>: Failed to establish a new connection: [Errno -2] Name or service not known'))
[2023-04-30T20:38:57.678+0000] {helpers.py:87} ERROR - Retrying! 7 attempts before skipping!
[2023-04-30T20:38:58.702+0000] {logging_mixin.py:137} INFO - HTTPSConnectionPool(host='api.pushshift.io', port=443): Max retries exceeded with url: /reddit/search/submission/?subreddit=CharlotteHornets&sort=created_utc&sort_type=desc&size=500 (Caused by NewConnectionError('<urllib3.connection.HTTPSConnection object at 0xffffa00446d0>: Failed to establish a new connection: [Errno -2] Name or service not known'))
[2023-04-30T20:38:58.708+0000] {helpers.py:86} ERROR - HTTPSConnectionPool(host='api.pushshift.io', port=443): Max retries exceeded with url: /reddit/search/submission/?subreddit=CharlotteHornets&sort=created_utc&sort_type=desc&size=500 (Caused by NewConnectionError('<urllib3.connection.HTTPSConnection object at 0xffffa00446d0>: Failed to establish a new connection: [Errno -2] Name or service not known'))
[2023-04-30T20:38:58.711+0000] {helpers.py:87} ERROR - Retrying! 6 attempts before skipping!
[2023-04-30T20:38:59.742+0000] {logging_mixin.py:137} INFO - HTTPSConnectionPool(host='api.pushshift.io', port=443): Max retries exceeded with url: /reddit/search/submission/?subreddit=CharlotteHornets&sort=created_utc&sort_type=desc&size=500 (Caused by NewConnectionError('<urllib3.connection.HTTPSConnection object at 0xffffa00447d0>: Failed to establish a new connection: [Errno -2] Name or service not known'))
[2023-04-30T20:38:59.748+0000] {helpers.py:86} ERROR - HTTPSConnectionPool(host='api.pushshift.io', port=443): Max retries exceeded with url: /reddit/search/submission/?subreddit=CharlotteHornets&sort=created_utc&sort_type=desc&size=500 (Caused by NewConnectionError('<urllib3.connection.HTTPSConnection object at 0xffffa00447d0>: Failed to establish a new connection: [Errno -2] Name or service not known'))
[2023-04-30T20:38:59.750+0000] {helpers.py:87} ERROR - Retrying! 5 attempts before skipping!
[2023-04-30T20:39:00.762+0000] {logging_mixin.py:137} INFO - HTTPSConnectionPool(host='api.pushshift.io', port=443): Max retries exceeded with url: /reddit/search/submission/?subreddit=CharlotteHornets&sort=created_utc&sort_type=desc&size=500 (Caused by NewConnectionError('<urllib3.connection.HTTPSConnection object at 0xffffa0044d90>: Failed to establish a new connection: [Errno -2] Name or service not known'))
[2023-04-30T20:39:00.765+0000] {helpers.py:86} ERROR - HTTPSConnectionPool(host='api.pushshift.io', port=443): Max retries exceeded with url: /reddit/search/submission/?subreddit=CharlotteHornets&sort=created_utc&sort_type=desc&size=500 (Caused by NewConnectionError('<urllib3.connection.HTTPSConnection object at 0xffffa0044d90>: Failed to establish a new connection: [Errno -2] Name or service not known'))
[2023-04-30T20:39:00.766+0000] {helpers.py:87} ERROR - Retrying! 4 attempts before skipping!
[2023-04-30T20:39:01.779+0000] {logging_mixin.py:137} INFO - HTTPSConnectionPool(host='api.pushshift.io', port=443): Max retries exceeded with url: /reddit/search/submission/?subreddit=CharlotteHornets&sort=created_utc&sort_type=desc&size=500 (Caused by NewConnectionError('<urllib3.connection.HTTPSConnection object at 0xffffa0044490>: Failed to establish a new connection: [Errno -2] Name or service not known'))
[2023-04-30T20:39:01.780+0000] {helpers.py:86} ERROR - HTTPSConnectionPool(host='api.pushshift.io', port=443): Max retries exceeded with url: /reddit/search/submission/?subreddit=CharlotteHornets&sort=created_utc&sort_type=desc&size=500 (Caused by NewConnectionError('<urllib3.connection.HTTPSConnection object at 0xffffa0044490>: Failed to establish a new connection: [Errno -2] Name or service not known'))
[2023-04-30T20:39:01.782+0000] {helpers.py:87} ERROR - Retrying! 3 attempts before skipping!
[2023-04-30T20:39:02.793+0000] {logging_mixin.py:137} INFO - HTTPSConnectionPool(host='api.pushshift.io', port=443): Max retries exceeded with url: /reddit/search/submission/?subreddit=CharlotteHornets&sort=created_utc&sort_type=desc&size=500 (Caused by NewConnectionError('<urllib3.connection.HTTPSConnection object at 0xffffa0044a90>: Failed to establish a new connection: [Errno -2] Name or service not known'))
[2023-04-30T20:39:02.796+0000] {helpers.py:86} ERROR - HTTPSConnectionPool(host='api.pushshift.io', port=443): Max retries exceeded with url: /reddit/search/submission/?subreddit=CharlotteHornets&sort=created_utc&sort_type=desc&size=500 (Caused by NewConnectionError('<urllib3.connection.HTTPSConnection object at 0xffffa0044a90>: Failed to establish a new connection: [Errno -2] Name or service not known'))
[2023-04-30T20:39:02.799+0000] {helpers.py:87} ERROR - Retrying! 2 attempts before skipping!
[2023-04-30T20:39:03.812+0000] {logging_mixin.py:137} INFO - HTTPSConnectionPool(host='api.pushshift.io', port=443): Max retries exceeded with url: /reddit/search/submission/?subreddit=CharlotteHornets&sort=created_utc&sort_type=desc&size=500 (Caused by NewConnectionError('<urllib3.connection.HTTPSConnection object at 0xffffa0044d50>: Failed to establish a new connection: [Errno -2] Name or service not known'))
[2023-04-30T20:39:03.814+0000] {helpers.py:86} ERROR - HTTPSConnectionPool(host='api.pushshift.io', port=443): Max retries exceeded with url: /reddit/search/submission/?subreddit=CharlotteHornets&sort=created_utc&sort_type=desc&size=500 (Caused by NewConnectionError('<urllib3.connection.HTTPSConnection object at 0xffffa0044d50>: Failed to establish a new connection: [Errno -2] Name or service not known'))
[2023-04-30T20:39:03.816+0000] {helpers.py:87} ERROR - Retrying! 1 attempts before skipping!
[2023-04-30T20:39:04.836+0000] {logging_mixin.py:137} INFO - HTTPSConnectionPool(host='api.pushshift.io', port=443): Max retries exceeded with url: /reddit/search/submission/?subreddit=CharlotteHornets&sort=created_utc&sort_type=desc&size=500 (Caused by NewConnectionError('<urllib3.connection.HTTPSConnection object at 0xffffa0044050>: Failed to establish a new connection: [Errno -2] Name or service not known'))
[2023-04-30T20:39:04.843+0000] {helpers.py:86} ERROR - HTTPSConnectionPool(host='api.pushshift.io', port=443): Max retries exceeded with url: /reddit/search/submission/?subreddit=CharlotteHornets&sort=created_utc&sort_type=desc&size=500 (Caused by NewConnectionError('<urllib3.connection.HTTPSConnection object at 0xffffa0044050>: Failed to establish a new connection: [Errno -2] Name or service not known'))
[2023-04-30T20:39:04.851+0000] {helpers.py:87} ERROR - Retrying! 0 attempts before skipping!
[2023-04-30T20:39:05.866+0000] {logging_mixin.py:137} INFO - HTTPSConnectionPool(host='api.pushshift.io', port=443): Max retries exceeded with url: /reddit/search/submission/?subreddit=CharlotteHornets&sort=created_utc&sort_type=desc&size=500 (Caused by NewConnectionError('<urllib3.connection.HTTPSConnection object at 0xffffa00441d0>: Failed to establish a new connection: [Errno -2] Name or service not known'))
[2023-04-30T20:39:05.872+0000] {helpers.py:86} ERROR - HTTPSConnectionPool(host='api.pushshift.io', port=443): Max retries exceeded with url: /reddit/search/submission/?subreddit=CharlotteHornets&sort=created_utc&sort_type=desc&size=500 (Caused by NewConnectionError('<urllib3.connection.HTTPSConnection object at 0xffffa00441d0>: Failed to establish a new connection: [Errno -2] Name or service not known'))
[2023-04-30T20:39:05.879+0000] {helpers.py:87} ERROR - Retrying! -1 attempts before skipping!
[2023-04-30T20:39:06.903+0000] {logging_mixin.py:137} INFO - HTTPSConnectionPool(host='api.pushshift.io', port=443): Max retries exceeded with url: /reddit/search/submission/?subreddit=chicagobulls&sort=created_utc&sort_type=desc&size=500 (Caused by NewConnectionError('<urllib3.connection.HTTPSConnection object at 0xffffa00445d0>: Failed to establish a new connection: [Errno -2] Name or service not known'))
[2023-04-30T20:39:06.905+0000] {helpers.py:86} ERROR - HTTPSConnectionPool(host='api.pushshift.io', port=443): Max retries exceeded with url: /reddit/search/submission/?subreddit=chicagobulls&sort=created_utc&sort_type=desc&size=500 (Caused by NewConnectionError('<urllib3.connection.HTTPSConnection object at 0xffffa00445d0>: Failed to establish a new connection: [Errno -2] Name or service not known'))
[2023-04-30T20:39:06.907+0000] {helpers.py:87} ERROR - Retrying! 9 attempts before skipping!
[2023-04-30T20:39:07.920+0000] {logging_mixin.py:137} INFO - HTTPSConnectionPool(host='api.pushshift.io', port=443): Max retries exceeded with url: /reddit/search/submission/?subreddit=chicagobulls&sort=created_utc&sort_type=desc&size=500 (Caused by NewConnectionError('<urllib3.connection.HTTPSConnection object at 0xffffa00446d0>: Failed to establish a new connection: [Errno -2] Name or service not known'))
[2023-04-30T20:39:07.926+0000] {helpers.py:86} ERROR - HTTPSConnectionPool(host='api.pushshift.io', port=443): Max retries exceeded with url: /reddit/search/submission/?subreddit=chicagobulls&sort=created_utc&sort_type=desc&size=500 (Caused by NewConnectionError('<urllib3.connection.HTTPSConnection object at 0xffffa00446d0>: Failed to establish a new connection: [Errno -2] Name or service not known'))
[2023-04-30T20:39:07.929+0000] {helpers.py:87} ERROR - Retrying! 8 attempts before skipping!
[2023-04-30T20:39:08.947+0000] {logging_mixin.py:137} INFO - HTTPSConnectionPool(host='api.pushshift.io', port=443): Max retries exceeded with url: /reddit/search/submission/?subreddit=chicagobulls&sort=created_utc&sort_type=desc&size=500 (Caused by NewConnectionError('<urllib3.connection.HTTPSConnection object at 0xffffa00447d0>: Failed to establish a new connection: [Errno -2] Name or service not known'))
[2023-04-30T20:39:08.950+0000] {helpers.py:86} ERROR - HTTPSConnectionPool(host='api.pushshift.io', port=443): Max retries exceeded with url: /reddit/search/submission/?subreddit=chicagobulls&sort=created_utc&sort_type=desc&size=500 (Caused by NewConnectionError('<urllib3.connection.HTTPSConnection object at 0xffffa00447d0>: Failed to establish a new connection: [Errno -2] Name or service not known'))
[2023-04-30T20:39:08.954+0000] {helpers.py:87} ERROR - Retrying! 7 attempts before skipping!
[2023-04-30T20:39:09.985+0000] {logging_mixin.py:137} INFO - HTTPSConnectionPool(host='api.pushshift.io', port=443): Max retries exceeded with url: /reddit/search/submission/?subreddit=chicagobulls&sort=created_utc&sort_type=desc&size=500 (Caused by NewConnectionError('<urllib3.connection.HTTPSConnection object at 0xffffa0044c90>: Failed to establish a new connection: [Errno -2] Name or service not known'))
[2023-04-30T20:39:09.992+0000] {helpers.py:86} ERROR - HTTPSConnectionPool(host='api.pushshift.io', port=443): Max retries exceeded with url: /reddit/search/submission/?subreddit=chicagobulls&sort=created_utc&sort_type=desc&size=500 (Caused by NewConnectionError('<urllib3.connection.HTTPSConnection object at 0xffffa0044c90>: Failed to establish a new connection: [Errno -2] Name or service not known'))
[2023-04-30T20:39:09.996+0000] {helpers.py:87} ERROR - Retrying! 6 attempts before skipping!
[2023-04-30T20:39:11.035+0000] {logging_mixin.py:137} INFO - HTTPSConnectionPool(host='api.pushshift.io', port=443): Max retries exceeded with url: /reddit/search/submission/?subreddit=chicagobulls&sort=created_utc&sort_type=desc&size=500 (Caused by NewConnectionError('<urllib3.connection.HTTPSConnection object at 0xffffa0044a50>: Failed to establish a new connection: [Errno -2] Name or service not known'))
[2023-04-30T20:39:11.039+0000] {helpers.py:86} ERROR - HTTPSConnectionPool(host='api.pushshift.io', port=443): Max retries exceeded with url: /reddit/search/submission/?subreddit=chicagobulls&sort=created_utc&sort_type=desc&size=500 (Caused by NewConnectionError('<urllib3.connection.HTTPSConnection object at 0xffffa0044a50>: Failed to establish a new connection: [Errno -2] Name or service not known'))
[2023-04-30T20:39:11.042+0000] {helpers.py:87} ERROR - Retrying! 5 attempts before skipping!
[2023-04-30T20:39:12.055+0000] {logging_mixin.py:137} INFO - HTTPSConnectionPool(host='api.pushshift.io', port=443): Max retries exceeded with url: /reddit/search/submission/?subreddit=chicagobulls&sort=created_utc&sort_type=desc&size=500 (Caused by NewConnectionError('<urllib3.connection.HTTPSConnection object at 0xffffa0044dd0>: Failed to establish a new connection: [Errno -2] Name or service not known'))
[2023-04-30T20:39:12.056+0000] {helpers.py:86} ERROR - HTTPSConnectionPool(host='api.pushshift.io', port=443): Max retries exceeded with url: /reddit/search/submission/?subreddit=chicagobulls&sort=created_utc&sort_type=desc&size=500 (Caused by NewConnectionError('<urllib3.connection.HTTPSConnection object at 0xffffa0044dd0>: Failed to establish a new connection: [Errno -2] Name or service not known'))
[2023-04-30T20:39:12.058+0000] {helpers.py:87} ERROR - Retrying! 4 attempts before skipping!
[2023-04-30T20:39:13.074+0000] {logging_mixin.py:137} INFO - HTTPSConnectionPool(host='api.pushshift.io', port=443): Max retries exceeded with url: /reddit/search/submission/?subreddit=chicagobulls&sort=created_utc&sort_type=desc&size=500 (Caused by NewConnectionError('<urllib3.connection.HTTPSConnection object at 0xffffa0044a90>: Failed to establish a new connection: [Errno -2] Name or service not known'))
[2023-04-30T20:39:13.079+0000] {helpers.py:86} ERROR - HTTPSConnectionPool(host='api.pushshift.io', port=443): Max retries exceeded with url: /reddit/search/submission/?subreddit=chicagobulls&sort=created_utc&sort_type=desc&size=500 (Caused by NewConnectionError('<urllib3.connection.HTTPSConnection object at 0xffffa0044a90>: Failed to establish a new connection: [Errno -2] Name or service not known'))
[2023-04-30T20:39:13.083+0000] {helpers.py:87} ERROR - Retrying! 3 attempts before skipping!
[2023-04-30T20:39:14.096+0000] {logging_mixin.py:137} INFO - HTTPSConnectionPool(host='api.pushshift.io', port=443): Max retries exceeded with url: /reddit/search/submission/?subreddit=chicagobulls&sort=created_utc&sort_type=desc&size=500 (Caused by NewConnectionError('<urllib3.connection.HTTPSConnection object at 0xffffa0044050>: Failed to establish a new connection: [Errno -2] Name or service not known'))
[2023-04-30T20:39:14.099+0000] {helpers.py:86} ERROR - HTTPSConnectionPool(host='api.pushshift.io', port=443): Max retries exceeded with url: /reddit/search/submission/?subreddit=chicagobulls&sort=created_utc&sort_type=desc&size=500 (Caused by NewConnectionError('<urllib3.connection.HTTPSConnection object at 0xffffa0044050>: Failed to establish a new connection: [Errno -2] Name or service not known'))
[2023-04-30T20:39:14.101+0000] {helpers.py:87} ERROR - Retrying! 2 attempts before skipping!
[2023-04-30T20:39:15.110+0000] {logging_mixin.py:137} INFO - HTTPSConnectionPool(host='api.pushshift.io', port=443): Max retries exceeded with url: /reddit/search/submission/?subreddit=chicagobulls&sort=created_utc&sort_type=desc&size=500 (Caused by NewConnectionError('<urllib3.connection.HTTPSConnection object at 0xffffa0044d90>: Failed to establish a new connection: [Errno -2] Name or service not known'))
[2023-04-30T20:39:15.113+0000] {helpers.py:86} ERROR - HTTPSConnectionPool(host='api.pushshift.io', port=443): Max retries exceeded with url: /reddit/search/submission/?subreddit=chicagobulls&sort=created_utc&sort_type=desc&size=500 (Caused by NewConnectionError('<urllib3.connection.HTTPSConnection object at 0xffffa0044d90>: Failed to establish a new connection: [Errno -2] Name or service not known'))
[2023-04-30T20:39:15.114+0000] {helpers.py:87} ERROR - Retrying! 1 attempts before skipping!
[2023-04-30T20:39:16.120+0000] {logging_mixin.py:137} INFO - HTTPSConnectionPool(host='api.pushshift.io', port=443): Max retries exceeded with url: /reddit/search/submission/?subreddit=chicagobulls&sort=created_utc&sort_type=desc&size=500 (Caused by NewConnectionError('<urllib3.connection.HTTPSConnection object at 0xffffa00445d0>: Failed to establish a new connection: [Errno -2] Name or service not known'))
[2023-04-30T20:39:16.122+0000] {helpers.py:86} ERROR - HTTPSConnectionPool(host='api.pushshift.io', port=443): Max retries exceeded with url: /reddit/search/submission/?subreddit=chicagobulls&sort=created_utc&sort_type=desc&size=500 (Caused by NewConnectionError('<urllib3.connection.HTTPSConnection object at 0xffffa00445d0>: Failed to establish a new connection: [Errno -2] Name or service not known'))
[2023-04-30T20:39:16.123+0000] {helpers.py:87} ERROR - Retrying! 0 attempts before skipping!
[2023-04-30T20:39:17.131+0000] {logging_mixin.py:137} INFO - HTTPSConnectionPool(host='api.pushshift.io', port=443): Max retries exceeded with url: /reddit/search/submission/?subreddit=chicagobulls&sort=created_utc&sort_type=desc&size=500 (Caused by NewConnectionError('<urllib3.connection.HTTPSConnection object at 0xffffa00446d0>: Failed to establish a new connection: [Errno -2] Name or service not known'))
[2023-04-30T20:39:17.134+0000] {helpers.py:86} ERROR - HTTPSConnectionPool(host='api.pushshift.io', port=443): Max retries exceeded with url: /reddit/search/submission/?subreddit=chicagobulls&sort=created_utc&sort_type=desc&size=500 (Caused by NewConnectionError('<urllib3.connection.HTTPSConnection object at 0xffffa00446d0>: Failed to establish a new connection: [Errno -2] Name or service not known'))
[2023-04-30T20:39:17.136+0000] {helpers.py:87} ERROR - Retrying! -1 attempts before skipping!
[2023-04-30T20:39:18.158+0000] {logging_mixin.py:137} INFO - HTTPSConnectionPool(host='api.pushshift.io', port=443): Max retries exceeded with url: /reddit/search/submission/?subreddit=clevelandcavs&sort=created_utc&sort_type=desc&size=500 (Caused by NewConnectionError('<urllib3.connection.HTTPSConnection object at 0xffffa0044490>: Failed to establish a new connection: [Errno -2] Name or service not known'))
[2023-04-30T20:39:18.166+0000] {helpers.py:86} ERROR - HTTPSConnectionPool(host='api.pushshift.io', port=443): Max retries exceeded with url: /reddit/search/submission/?subreddit=clevelandcavs&sort=created_utc&sort_type=desc&size=500 (Caused by NewConnectionError('<urllib3.connection.HTTPSConnection object at 0xffffa0044490>: Failed to establish a new connection: [Errno -2] Name or service not known'))
[2023-04-30T20:39:18.171+0000] {helpers.py:87} ERROR - Retrying! 9 attempts before skipping!
[2023-04-30T20:39:19.194+0000] {logging_mixin.py:137} INFO - HTTPSConnectionPool(host='api.pushshift.io', port=443): Max retries exceeded with url: /reddit/search/submission/?subreddit=clevelandcavs&sort=created_utc&sort_type=desc&size=500 (Caused by NewConnectionError('<urllib3.connection.HTTPSConnection object at 0xffffa0044c90>: Failed to establish a new connection: [Errno -2] Name or service not known'))
[2023-04-30T20:39:19.210+0000] {helpers.py:86} ERROR - HTTPSConnectionPool(host='api.pushshift.io', port=443): Max retries exceeded with url: /reddit/search/submission/?subreddit=clevelandcavs&sort=created_utc&sort_type=desc&size=500 (Caused by NewConnectionError('<urllib3.connection.HTTPSConnection object at 0xffffa0044c90>: Failed to establish a new connection: [Errno -2] Name or service not known'))
[2023-04-30T20:39:19.216+0000] {helpers.py:87} ERROR - Retrying! 8 attempts before skipping!
[2023-04-30T21:23:09.017+0000] {logging_mixin.py:137} INFO - HTTPSConnectionPool(host='api.pushshift.io', port=443): Max retries exceeded with url: /reddit/search/submission/?subreddit=clevelandcavs&sort=created_utc&sort_type=desc&size=500 (Caused by NewConnectionError('<urllib3.connection.HTTPSConnection object at 0xffffa0044a50>: Failed to establish a new connection: [Errno -2] Name or service not known'))
[2023-04-30T21:23:09.020+0000] {helpers.py:86} ERROR - HTTPSConnectionPool(host='api.pushshift.io', port=443): Max retries exceeded with url: /reddit/search/submission/?subreddit=clevelandcavs&sort=created_utc&sort_type=desc&size=500 (Caused by NewConnectionError('<urllib3.connection.HTTPSConnection object at 0xffffa0044a50>: Failed to establish a new connection: [Errno -2] Name or service not known'))
[2023-04-30T21:23:09.024+0000] {helpers.py:87} ERROR - Retrying! 7 attempts before skipping!
[2023-04-30T21:23:10.037+0000] {logging_mixin.py:137} INFO - HTTPSConnectionPool(host='api.pushshift.io', port=443): Max retries exceeded with url: /reddit/search/submission/?subreddit=clevelandcavs&sort=created_utc&sort_type=desc&size=500 (Caused by NewConnectionError('<urllib3.connection.HTTPSConnection object at 0xffffa0044310>: Failed to establish a new connection: [Errno -2] Name or service not known'))
[2023-04-30T21:23:10.041+0000] {helpers.py:86} ERROR - HTTPSConnectionPool(host='api.pushshift.io', port=443): Max retries exceeded with url: /reddit/search/submission/?subreddit=clevelandcavs&sort=created_utc&sort_type=desc&size=500 (Caused by NewConnectionError('<urllib3.connection.HTTPSConnection object at 0xffffa0044310>: Failed to establish a new connection: [Errno -2] Name or service not known'))
[2023-04-30T21:23:10.043+0000] {helpers.py:87} ERROR - Retrying! 6 attempts before skipping!
[2023-04-30T21:23:11.058+0000] {logging_mixin.py:137} INFO - HTTPSConnectionPool(host='api.pushshift.io', port=443): Max retries exceeded with url: /reddit/search/submission/?subreddit=clevelandcavs&sort=created_utc&sort_type=desc&size=500 (Caused by NewConnectionError('<urllib3.connection.HTTPSConnection object at 0xffffa0044d50>: Failed to establish a new connection: [Errno -2] Name or service not known'))
[2023-04-30T21:23:11.062+0000] {helpers.py:86} ERROR - HTTPSConnectionPool(host='api.pushshift.io', port=443): Max retries exceeded with url: /reddit/search/submission/?subreddit=clevelandcavs&sort=created_utc&sort_type=desc&size=500 (Caused by NewConnectionError('<urllib3.connection.HTTPSConnection object at 0xffffa0044d50>: Failed to establish a new connection: [Errno -2] Name or service not known'))
[2023-04-30T21:23:11.063+0000] {helpers.py:87} ERROR - Retrying! 5 attempts before skipping!
[2023-04-30T21:23:12.079+0000] {logging_mixin.py:137} INFO - HTTPSConnectionPool(host='api.pushshift.io', port=443): Max retries exceeded with url: /reddit/search/submission/?subreddit=clevelandcavs&sort=created_utc&sort_type=desc&size=500 (Caused by NewConnectionError('<urllib3.connection.HTTPSConnection object at 0xffffa0044e10>: Failed to establish a new connection: [Errno -2] Name or service not known'))
[2023-04-30T21:23:12.086+0000] {helpers.py:86} ERROR - HTTPSConnectionPool(host='api.pushshift.io', port=443): Max retries exceeded with url: /reddit/search/submission/?subreddit=clevelandcavs&sort=created_utc&sort_type=desc&size=500 (Caused by NewConnectionError('<urllib3.connection.HTTPSConnection object at 0xffffa0044e10>: Failed to establish a new connection: [Errno -2] Name or service not known'))
[2023-04-30T21:23:12.091+0000] {helpers.py:87} ERROR - Retrying! 4 attempts before skipping!
[2023-04-30T21:23:13.103+0000] {logging_mixin.py:137} INFO - HTTPSConnectionPool(host='api.pushshift.io', port=443): Max retries exceeded with url: /reddit/search/submission/?subreddit=clevelandcavs&sort=created_utc&sort_type=desc&size=500 (Caused by NewConnectionError('<urllib3.connection.HTTPSConnection object at 0xffffa0044050>: Failed to establish a new connection: [Errno -2] Name or service not known'))
[2023-04-30T21:23:13.104+0000] {helpers.py:86} ERROR - HTTPSConnectionPool(host='api.pushshift.io', port=443): Max retries exceeded with url: /reddit/search/submission/?subreddit=clevelandcavs&sort=created_utc&sort_type=desc&size=500 (Caused by NewConnectionError('<urllib3.connection.HTTPSConnection object at 0xffffa0044050>: Failed to establish a new connection: [Errno -2] Name or service not known'))
[2023-04-30T21:23:13.108+0000] {helpers.py:87} ERROR - Retrying! 3 attempts before skipping!
[2023-04-30T21:23:14.118+0000] {logging_mixin.py:137} INFO - HTTPSConnectionPool(host='api.pushshift.io', port=443): Max retries exceeded with url: /reddit/search/submission/?subreddit=clevelandcavs&sort=created_utc&sort_type=desc&size=500 (Caused by NewConnectionError('<urllib3.connection.HTTPSConnection object at 0xffffa00445d0>: Failed to establish a new connection: [Errno -2] Name or service not known'))
[2023-04-30T21:23:14.120+0000] {helpers.py:86} ERROR - HTTPSConnectionPool(host='api.pushshift.io', port=443): Max retries exceeded with url: /reddit/search/submission/?subreddit=clevelandcavs&sort=created_utc&sort_type=desc&size=500 (Caused by NewConnectionError('<urllib3.connection.HTTPSConnection object at 0xffffa00445d0>: Failed to establish a new connection: [Errno -2] Name or service not known'))
[2023-04-30T21:23:14.123+0000] {helpers.py:87} ERROR - Retrying! 2 attempts before skipping!
[2023-04-30T21:23:15.130+0000] {logging_mixin.py:137} INFO - HTTPSConnectionPool(host='api.pushshift.io', port=443): Max retries exceeded with url: /reddit/search/submission/?subreddit=clevelandcavs&sort=created_utc&sort_type=desc&size=500 (Caused by NewConnectionError('<urllib3.connection.HTTPSConnection object at 0xffffa0044dd0>: Failed to establish a new connection: [Errno -2] Name or service not known'))
[2023-04-30T21:23:15.131+0000] {helpers.py:86} ERROR - HTTPSConnectionPool(host='api.pushshift.io', port=443): Max retries exceeded with url: /reddit/search/submission/?subreddit=clevelandcavs&sort=created_utc&sort_type=desc&size=500 (Caused by NewConnectionError('<urllib3.connection.HTTPSConnection object at 0xffffa0044dd0>: Failed to establish a new connection: [Errno -2] Name or service not known'))
[2023-04-30T21:23:15.132+0000] {helpers.py:87} ERROR - Retrying! 1 attempts before skipping!
[2023-04-30T21:23:16.139+0000] {logging_mixin.py:137} INFO - HTTPSConnectionPool(host='api.pushshift.io', port=443): Max retries exceeded with url: /reddit/search/submission/?subreddit=clevelandcavs&sort=created_utc&sort_type=desc&size=500 (Caused by NewConnectionError('<urllib3.connection.HTTPSConnection object at 0xffffa0044490>: Failed to establish a new connection: [Errno -2] Name or service not known'))
[2023-04-30T21:23:16.141+0000] {helpers.py:86} ERROR - HTTPSConnectionPool(host='api.pushshift.io', port=443): Max retries exceeded with url: /reddit/search/submission/?subreddit=clevelandcavs&sort=created_utc&sort_type=desc&size=500 (Caused by NewConnectionError('<urllib3.connection.HTTPSConnection object at 0xffffa0044490>: Failed to establish a new connection: [Errno -2] Name or service not known'))
[2023-04-30T21:23:16.143+0000] {helpers.py:87} ERROR - Retrying! 0 attempts before skipping!
[2023-04-30T21:23:17.155+0000] {logging_mixin.py:137} INFO - HTTPSConnectionPool(host='api.pushshift.io', port=443): Max retries exceeded with url: /reddit/search/submission/?subreddit=clevelandcavs&sort=created_utc&sort_type=desc&size=500 (Caused by NewConnectionError('<urllib3.connection.HTTPSConnection object at 0xffffa0044c90>: Failed to establish a new connection: [Errno -2] Name or service not known'))
[2023-04-30T21:23:17.163+0000] {helpers.py:86} ERROR - HTTPSConnectionPool(host='api.pushshift.io', port=443): Max retries exceeded with url: /reddit/search/submission/?subreddit=clevelandcavs&sort=created_utc&sort_type=desc&size=500 (Caused by NewConnectionError('<urllib3.connection.HTTPSConnection object at 0xffffa0044c90>: Failed to establish a new connection: [Errno -2] Name or service not known'))
[2023-04-30T21:23:17.166+0000] {helpers.py:87} ERROR - Retrying! -1 attempts before skipping!
[2023-04-30T21:23:18.194+0000] {logging_mixin.py:137} INFO - HTTPSConnectionPool(host='api.pushshift.io', port=443): Max retries exceeded with url: /reddit/search/submission/?subreddit=Mavericks&sort=created_utc&sort_type=desc&size=500 (Caused by NewConnectionError('<urllib3.connection.HTTPSConnection object at 0xffffa0044a90>: Failed to establish a new connection: [Errno -2] Name or service not known'))
[2023-04-30T21:23:18.200+0000] {helpers.py:86} ERROR - HTTPSConnectionPool(host='api.pushshift.io', port=443): Max retries exceeded with url: /reddit/search/submission/?subreddit=Mavericks&sort=created_utc&sort_type=desc&size=500 (Caused by NewConnectionError('<urllib3.connection.HTTPSConnection object at 0xffffa0044a90>: Failed to establish a new connection: [Errno -2] Name or service not known'))
[2023-04-30T21:23:18.203+0000] {helpers.py:87} ERROR - Retrying! 9 attempts before skipping!
[2023-04-30T21:23:19.231+0000] {logging_mixin.py:137} INFO - HTTPSConnectionPool(host='api.pushshift.io', port=443): Max retries exceeded with url: /reddit/search/submission/?subreddit=Mavericks&sort=created_utc&sort_type=desc&size=500 (Caused by NewConnectionError('<urllib3.connection.HTTPSConnection object at 0xffffa0044310>: Failed to establish a new connection: [Errno -2] Name or service not known'))
[2023-04-30T21:23:19.239+0000] {helpers.py:86} ERROR - HTTPSConnectionPool(host='api.pushshift.io', port=443): Max retries exceeded with url: /reddit/search/submission/?subreddit=Mavericks&sort=created_utc&sort_type=desc&size=500 (Caused by NewConnectionError('<urllib3.connection.HTTPSConnection object at 0xffffa0044310>: Failed to establish a new connection: [Errno -2] Name or service not known'))
[2023-04-30T21:23:19.244+0000] {helpers.py:87} ERROR - Retrying! 8 attempts before skipping!
[2023-04-30T21:23:20.253+0000] {logging_mixin.py:137} INFO - HTTPSConnectionPool(host='api.pushshift.io', port=443): Max retries exceeded with url: /reddit/search/submission/?subreddit=Mavericks&sort=created_utc&sort_type=desc&size=500 (Caused by NewConnectionError('<urllib3.connection.HTTPSConnection object at 0xffffa0044d50>: Failed to establish a new connection: [Errno -2] Name or service not known'))
[2023-04-30T21:23:20.260+0000] {helpers.py:86} ERROR - HTTPSConnectionPool(host='api.pushshift.io', port=443): Max retries exceeded with url: /reddit/search/submission/?subreddit=Mavericks&sort=created_utc&sort_type=desc&size=500 (Caused by NewConnectionError('<urllib3.connection.HTTPSConnection object at 0xffffa0044d50>: Failed to establish a new connection: [Errno -2] Name or service not known'))
[2023-04-30T21:23:20.261+0000] {helpers.py:87} ERROR - Retrying! 7 attempts before skipping!
[2023-04-30T21:23:21.271+0000] {logging_mixin.py:137} INFO - HTTPSConnectionPool(host='api.pushshift.io', port=443): Max retries exceeded with url: /reddit/search/submission/?subreddit=Mavericks&sort=created_utc&sort_type=desc&size=500 (Caused by NewConnectionError('<urllib3.connection.HTTPSConnection object at 0xffffa0044410>: Failed to establish a new connection: [Errno -2] Name or service not known'))
[2023-04-30T21:23:21.277+0000] {helpers.py:86} ERROR - HTTPSConnectionPool(host='api.pushshift.io', port=443): Max retries exceeded with url: /reddit/search/submission/?subreddit=Mavericks&sort=created_utc&sort_type=desc&size=500 (Caused by NewConnectionError('<urllib3.connection.HTTPSConnection object at 0xffffa0044410>: Failed to establish a new connection: [Errno -2] Name or service not known'))
[2023-04-30T21:23:21.281+0000] {helpers.py:87} ERROR - Retrying! 6 attempts before skipping!
[2023-04-30T21:23:22.297+0000] {logging_mixin.py:137} INFO - HTTPSConnectionPool(host='api.pushshift.io', port=443): Max retries exceeded with url: /reddit/search/submission/?subreddit=Mavericks&sort=created_utc&sort_type=desc&size=500 (Caused by NewConnectionError('<urllib3.connection.HTTPSConnection object at 0xffffa0044d90>: Failed to establish a new connection: [Errno -2] Name or service not known'))
[2023-04-30T21:23:22.298+0000] {helpers.py:86} ERROR - HTTPSConnectionPool(host='api.pushshift.io', port=443): Max retries exceeded with url: /reddit/search/submission/?subreddit=Mavericks&sort=created_utc&sort_type=desc&size=500 (Caused by NewConnectionError('<urllib3.connection.HTTPSConnection object at 0xffffa0044d90>: Failed to establish a new connection: [Errno -2] Name or service not known'))
[2023-04-30T21:23:22.299+0000] {helpers.py:87} ERROR - Retrying! 5 attempts before skipping!
[2023-04-30T21:23:23.309+0000] {logging_mixin.py:137} INFO - HTTPSConnectionPool(host='api.pushshift.io', port=443): Max retries exceeded with url: /reddit/search/submission/?subreddit=Mavericks&sort=created_utc&sort_type=desc&size=500 (Caused by NewConnectionError('<urllib3.connection.HTTPSConnection object at 0xffffa0044e50>: Failed to establish a new connection: [Errno -2] Name or service not known'))
[2023-04-30T21:23:23.311+0000] {helpers.py:86} ERROR - HTTPSConnectionPool(host='api.pushshift.io', port=443): Max retries exceeded with url: /reddit/search/submission/?subreddit=Mavericks&sort=created_utc&sort_type=desc&size=500 (Caused by NewConnectionError('<urllib3.connection.HTTPSConnection object at 0xffffa0044e50>: Failed to establish a new connection: [Errno -2] Name or service not known'))
[2023-04-30T21:23:23.312+0000] {helpers.py:87} ERROR - Retrying! 4 attempts before skipping!
[2023-04-30T21:23:24.345+0000] {logging_mixin.py:137} INFO - HTTPSConnectionPool(host='api.pushshift.io', port=443): Max retries exceeded with url: /reddit/search/submission/?subreddit=Mavericks&sort=created_utc&sort_type=desc&size=500 (Caused by NewConnectionError('<urllib3.connection.HTTPSConnection object at 0xffffa00445d0>: Failed to establish a new connection: [Errno -2] Name or service not known'))
[2023-04-30T21:23:24.348+0000] {helpers.py:86} ERROR - HTTPSConnectionPool(host='api.pushshift.io', port=443): Max retries exceeded with url: /reddit/search/submission/?subreddit=Mavericks&sort=created_utc&sort_type=desc&size=500 (Caused by NewConnectionError('<urllib3.connection.HTTPSConnection object at 0xffffa00445d0>: Failed to establish a new connection: [Errno -2] Name or service not known'))
[2023-04-30T21:23:24.350+0000] {helpers.py:87} ERROR - Retrying! 3 attempts before skipping!
[2023-04-30T21:23:25.374+0000] {logging_mixin.py:137} INFO - HTTPSConnectionPool(host='api.pushshift.io', port=443): Max retries exceeded with url: /reddit/search/submission/?subreddit=Mavericks&sort=created_utc&sort_type=desc&size=500 (Caused by NewConnectionError('<urllib3.connection.HTTPSConnection object at 0xffffa0044490>: Failed to establish a new connection: [Errno -2] Name or service not known'))
[2023-04-30T21:23:25.378+0000] {helpers.py:86} ERROR - HTTPSConnectionPool(host='api.pushshift.io', port=443): Max retries exceeded with url: /reddit/search/submission/?subreddit=Mavericks&sort=created_utc&sort_type=desc&size=500 (Caused by NewConnectionError('<urllib3.connection.HTTPSConnection object at 0xffffa0044490>: Failed to establish a new connection: [Errno -2] Name or service not known'))
[2023-04-30T21:23:25.381+0000] {helpers.py:87} ERROR - Retrying! 2 attempts before skipping!
[2023-04-30T21:23:26.407+0000] {logging_mixin.py:137} INFO - HTTPSConnectionPool(host='api.pushshift.io', port=443): Max retries exceeded with url: /reddit/search/submission/?subreddit=Mavericks&sort=created_utc&sort_type=desc&size=500 (Caused by NewConnectionError('<urllib3.connection.HTTPSConnection object at 0xffffa0044e10>: Failed to establish a new connection: [Errno -2] Name or service not known'))
[2023-04-30T21:23:26.409+0000] {helpers.py:86} ERROR - HTTPSConnectionPool(host='api.pushshift.io', port=443): Max retries exceeded with url: /reddit/search/submission/?subreddit=Mavericks&sort=created_utc&sort_type=desc&size=500 (Caused by NewConnectionError('<urllib3.connection.HTTPSConnection object at 0xffffa0044e10>: Failed to establish a new connection: [Errno -2] Name or service not known'))
[2023-04-30T21:23:26.412+0000] {helpers.py:87} ERROR - Retrying! 1 attempts before skipping!
[2023-04-30T21:23:27.428+0000] {logging_mixin.py:137} INFO - HTTPSConnectionPool(host='api.pushshift.io', port=443): Max retries exceeded with url: /reddit/search/submission/?subreddit=Mavericks&sort=created_utc&sort_type=desc&size=500 (Caused by NewConnectionError('<urllib3.connection.HTTPSConnection object at 0xffffa0044a90>: Failed to establish a new connection: [Errno -2] Name or service not known'))
[2023-04-30T21:23:27.476+0000] {helpers.py:86} ERROR - HTTPSConnectionPool(host='api.pushshift.io', port=443): Max retries exceeded with url: /reddit/search/submission/?subreddit=Mavericks&sort=created_utc&sort_type=desc&size=500 (Caused by NewConnectionError('<urllib3.connection.HTTPSConnection object at 0xffffa0044a90>: Failed to establish a new connection: [Errno -2] Name or service not known'))
[2023-04-30T21:23:27.477+0000] {helpers.py:87} ERROR - Retrying! 0 attempts before skipping!
[2023-04-30T21:23:28.486+0000] {logging_mixin.py:137} INFO - HTTPSConnectionPool(host='api.pushshift.io', port=443): Max retries exceeded with url: /reddit/search/submission/?subreddit=Mavericks&sort=created_utc&sort_type=desc&size=500 (Caused by NewConnectionError('<urllib3.connection.HTTPSConnection object at 0xffffa0044310>: Failed to establish a new connection: [Errno -2] Name or service not known'))
[2023-04-30T21:23:28.487+0000] {helpers.py:86} ERROR - HTTPSConnectionPool(host='api.pushshift.io', port=443): Max retries exceeded with url: /reddit/search/submission/?subreddit=Mavericks&sort=created_utc&sort_type=desc&size=500 (Caused by NewConnectionError('<urllib3.connection.HTTPSConnection object at 0xffffa0044310>: Failed to establish a new connection: [Errno -2] Name or service not known'))
[2023-04-30T21:23:28.488+0000] {helpers.py:87} ERROR - Retrying! -1 attempts before skipping!
[2023-04-30T21:23:29.500+0000] {logging_mixin.py:137} INFO - HTTPSConnectionPool(host='api.pushshift.io', port=443): Max retries exceeded with url: /reddit/search/submission/?subreddit=denvernuggets&sort=created_utc&sort_type=desc&size=500 (Caused by NewConnectionError('<urllib3.connection.HTTPSConnection object at 0xffffa8cfcd90>: Failed to establish a new connection: [Errno -2] Name or service not known'))
[2023-04-30T21:23:29.502+0000] {helpers.py:86} ERROR - HTTPSConnectionPool(host='api.pushshift.io', port=443): Max retries exceeded with url: /reddit/search/submission/?subreddit=denvernuggets&sort=created_utc&sort_type=desc&size=500 (Caused by NewConnectionError('<urllib3.connection.HTTPSConnection object at 0xffffa8cfcd90>: Failed to establish a new connection: [Errno -2] Name or service not known'))
[2023-04-30T21:23:29.503+0000] {helpers.py:87} ERROR - Retrying! 9 attempts before skipping!
[2023-04-30T21:23:30.520+0000] {logging_mixin.py:137} INFO - HTTPSConnectionPool(host='api.pushshift.io', port=443): Max retries exceeded with url: /reddit/search/submission/?subreddit=denvernuggets&sort=created_utc&sort_type=desc&size=500 (Caused by NewConnectionError('<urllib3.connection.HTTPSConnection object at 0xffffa0044510>: Failed to establish a new connection: [Errno -2] Name or service not known'))
[2023-04-30T21:23:30.522+0000] {helpers.py:86} ERROR - HTTPSConnectionPool(host='api.pushshift.io', port=443): Max retries exceeded with url: /reddit/search/submission/?subreddit=denvernuggets&sort=created_utc&sort_type=desc&size=500 (Caused by NewConnectionError('<urllib3.connection.HTTPSConnection object at 0xffffa0044510>: Failed to establish a new connection: [Errno -2] Name or service not known'))
[2023-04-30T21:23:30.524+0000] {helpers.py:87} ERROR - Retrying! 8 attempts before skipping!
[2023-04-30T21:23:31.538+0000] {logging_mixin.py:137} INFO - HTTPSConnectionPool(host='api.pushshift.io', port=443): Max retries exceeded with url: /reddit/search/submission/?subreddit=denvernuggets&sort=created_utc&sort_type=desc&size=500 (Caused by NewConnectionError('<urllib3.connection.HTTPSConnection object at 0xffffa0044590>: Failed to establish a new connection: [Errno -2] Name or service not known'))
[2023-04-30T21:23:31.541+0000] {helpers.py:86} ERROR - HTTPSConnectionPool(host='api.pushshift.io', port=443): Max retries exceeded with url: /reddit/search/submission/?subreddit=denvernuggets&sort=created_utc&sort_type=desc&size=500 (Caused by NewConnectionError('<urllib3.connection.HTTPSConnection object at 0xffffa0044590>: Failed to establish a new connection: [Errno -2] Name or service not known'))
[2023-04-30T21:23:31.543+0000] {helpers.py:87} ERROR - Retrying! 7 attempts before skipping!
[2023-04-30T21:23:32.571+0000] {logging_mixin.py:137} INFO - HTTPSConnectionPool(host='api.pushshift.io', port=443): Max retries exceeded with url: /reddit/search/submission/?subreddit=denvernuggets&sort=created_utc&sort_type=desc&size=500 (Caused by NewConnectionError('<urllib3.connection.HTTPSConnection object at 0xffffa0044510>: Failed to establish a new connection: [Errno -2] Name or service not known'))
[2023-04-30T21:23:32.575+0000] {helpers.py:86} ERROR - HTTPSConnectionPool(host='api.pushshift.io', port=443): Max retries exceeded with url: /reddit/search/submission/?subreddit=denvernuggets&sort=created_utc&sort_type=desc&size=500 (Caused by NewConnectionError('<urllib3.connection.HTTPSConnection object at 0xffffa0044510>: Failed to establish a new connection: [Errno -2] Name or service not known'))
[2023-04-30T21:23:32.578+0000] {helpers.py:87} ERROR - Retrying! 6 attempts before skipping!
[2023-04-30T21:23:33.608+0000] {logging_mixin.py:137} INFO - HTTPSConnectionPool(host='api.pushshift.io', port=443): Max retries exceeded with url: /reddit/search/submission/?subreddit=denvernuggets&sort=created_utc&sort_type=desc&size=500 (Caused by NewConnectionError('<urllib3.connection.HTTPSConnection object at 0xffffa0044590>: Failed to establish a new connection: [Errno -2] Name or service not known'))
[2023-04-30T21:23:33.612+0000] {helpers.py:86} ERROR - HTTPSConnectionPool(host='api.pushshift.io', port=443): Max retries exceeded with url: /reddit/search/submission/?subreddit=denvernuggets&sort=created_utc&sort_type=desc&size=500 (Caused by NewConnectionError('<urllib3.connection.HTTPSConnection object at 0xffffa0044590>: Failed to establish a new connection: [Errno -2] Name or service not known'))
[2023-04-30T21:23:33.618+0000] {helpers.py:87} ERROR - Retrying! 5 attempts before skipping!
[2023-04-30T21:23:34.643+0000] {logging_mixin.py:137} INFO - HTTPSConnectionPool(host='api.pushshift.io', port=443): Max retries exceeded with url: /reddit/search/submission/?subreddit=denvernuggets&sort=created_utc&sort_type=desc&size=500 (Caused by NewConnectionError('<urllib3.connection.HTTPSConnection object at 0xffffa0044510>: Failed to establish a new connection: [Errno -2] Name or service not known'))
[2023-04-30T21:23:34.648+0000] {helpers.py:86} ERROR - HTTPSConnectionPool(host='api.pushshift.io', port=443): Max retries exceeded with url: /reddit/search/submission/?subreddit=denvernuggets&sort=created_utc&sort_type=desc&size=500 (Caused by NewConnectionError('<urllib3.connection.HTTPSConnection object at 0xffffa0044510>: Failed to establish a new connection: [Errno -2] Name or service not known'))
[2023-04-30T21:23:34.652+0000] {helpers.py:87} ERROR - Retrying! 4 attempts before skipping!
[2023-04-30T21:23:35.677+0000] {logging_mixin.py:137} INFO - HTTPSConnectionPool(host='api.pushshift.io', port=443): Max retries exceeded with url: /reddit/search/submission/?subreddit=denvernuggets&sort=created_utc&sort_type=desc&size=500 (Caused by NewConnectionError('<urllib3.connection.HTTPSConnection object at 0xffffa0044590>: Failed to establish a new connection: [Errno -2] Name or service not known'))
[2023-04-30T21:23:35.684+0000] {helpers.py:86} ERROR - HTTPSConnectionPool(host='api.pushshift.io', port=443): Max retries exceeded with url: /reddit/search/submission/?subreddit=denvernuggets&sort=created_utc&sort_type=desc&size=500 (Caused by NewConnectionError('<urllib3.connection.HTTPSConnection object at 0xffffa0044590>: Failed to establish a new connection: [Errno -2] Name or service not known'))
[2023-04-30T21:23:35.687+0000] {helpers.py:87} ERROR - Retrying! 3 attempts before skipping!
[2023-04-30T21:23:36.715+0000] {logging_mixin.py:137} INFO - HTTPSConnectionPool(host='api.pushshift.io', port=443): Max retries exceeded with url: /reddit/search/submission/?subreddit=denvernuggets&sort=created_utc&sort_type=desc&size=500 (Caused by NewConnectionError('<urllib3.connection.HTTPSConnection object at 0xffffa0044510>: Failed to establish a new connection: [Errno -2] Name or service not known'))
[2023-04-30T21:23:36.720+0000] {helpers.py:86} ERROR - HTTPSConnectionPool(host='api.pushshift.io', port=443): Max retries exceeded with url: /reddit/search/submission/?subreddit=denvernuggets&sort=created_utc&sort_type=desc&size=500 (Caused by NewConnectionError('<urllib3.connection.HTTPSConnection object at 0xffffa0044510>: Failed to establish a new connection: [Errno -2] Name or service not known'))
[2023-04-30T21:23:36.723+0000] {helpers.py:87} ERROR - Retrying! 2 attempts before skipping!
[2023-04-30T21:23:37.758+0000] {logging_mixin.py:137} INFO - HTTPSConnectionPool(host='api.pushshift.io', port=443): Max retries exceeded with url: /reddit/search/submission/?subreddit=denvernuggets&sort=created_utc&sort_type=desc&size=500 (Caused by NewConnectionError('<urllib3.connection.HTTPSConnection object at 0xffffa0044590>: Failed to establish a new connection: [Errno -2] Name or service not known'))
[2023-04-30T21:23:37.762+0000] {helpers.py:86} ERROR - HTTPSConnectionPool(host='api.pushshift.io', port=443): Max retries exceeded with url: /reddit/search/submission/?subreddit=denvernuggets&sort=created_utc&sort_type=desc&size=500 (Caused by NewConnectionError('<urllib3.connection.HTTPSConnection object at 0xffffa0044590>: Failed to establish a new connection: [Errno -2] Name or service not known'))
[2023-04-30T21:23:37.765+0000] {helpers.py:87} ERROR - Retrying! 1 attempts before skipping!
[2023-04-30T21:39:22.539+0000] {logging_mixin.py:137} INFO - HTTPSConnectionPool(host='api.pushshift.io', port=443): Max retries exceeded with url: /reddit/search/submission/?subreddit=denvernuggets&sort=created_utc&sort_type=desc&size=500 (Caused by NewConnectionError('<urllib3.connection.HTTPSConnection object at 0xffffa0044510>: Failed to establish a new connection: [Errno -2] Name or service not known'))
[2023-04-30T21:39:22.556+0000] {helpers.py:86} ERROR - HTTPSConnectionPool(host='api.pushshift.io', port=443): Max retries exceeded with url: /reddit/search/submission/?subreddit=denvernuggets&sort=created_utc&sort_type=desc&size=500 (Caused by NewConnectionError('<urllib3.connection.HTTPSConnection object at 0xffffa0044510>: Failed to establish a new connection: [Errno -2] Name or service not known'))
[2023-04-30T21:39:22.558+0000] {helpers.py:87} ERROR - Retrying! 0 attempts before skipping!
[2023-04-30T21:39:23.573+0000] {logging_mixin.py:137} INFO - HTTPSConnectionPool(host='api.pushshift.io', port=443): Max retries exceeded with url: /reddit/search/submission/?subreddit=denvernuggets&sort=created_utc&sort_type=desc&size=500 (Caused by NewConnectionError('<urllib3.connection.HTTPSConnection object at 0xffffa0044590>: Failed to establish a new connection: [Errno -2] Name or service not known'))
[2023-04-30T21:39:23.575+0000] {helpers.py:86} ERROR - HTTPSConnectionPool(host='api.pushshift.io', port=443): Max retries exceeded with url: /reddit/search/submission/?subreddit=denvernuggets&sort=created_utc&sort_type=desc&size=500 (Caused by NewConnectionError('<urllib3.connection.HTTPSConnection object at 0xffffa0044590>: Failed to establish a new connection: [Errno -2] Name or service not known'))
[2023-04-30T21:39:23.577+0000] {helpers.py:87} ERROR - Retrying! -1 attempts before skipping!
[2023-04-30T21:39:24.617+0000] {helpers.py:96} INFO - Saved in /opt/***/data/output_scrape_teams_1-8.csv
[2023-04-30T21:39:24.620+0000] {python.py:177} INFO - Done. Returned value was: None
[2023-04-30T21:39:24.649+0000] {taskinstance.py:1332} INFO - Marking task as SUCCESS. dag_id=scrape_and_save_to_csv, task_id=scrape_teams_1-8, execution_date=20230430T183000, start_date=20230430T200347, end_date=20230430T213924
[2023-04-30T21:39:24.720+0000] {local_task_job.py:212} INFO - Task exited with return code 0
[2023-04-30T21:39:24.771+0000] {taskinstance.py:2596} INFO - 0 downstream tasks scheduled from follow-on schedule check
