[2023-05-10T01:57:04.869+0000] {taskinstance.py:1090} INFO - Dependencies all met for dep_context=non-requeueable deps ti=<TaskInstance: scrape_and_save_to_csv.scrape_teams_1-8 scheduled__2022-05-05T14:00:00+00:00 [queued]>
[2023-05-10T01:57:04.901+0000] {taskinstance.py:1090} INFO - Dependencies all met for dep_context=requeueable deps ti=<TaskInstance: scrape_and_save_to_csv.scrape_teams_1-8 scheduled__2022-05-05T14:00:00+00:00 [queued]>
[2023-05-10T01:57:04.904+0000] {taskinstance.py:1288} INFO - 
--------------------------------------------------------------------------------
[2023-05-10T01:57:04.907+0000] {taskinstance.py:1289} INFO - Starting attempt 1 of 1
[2023-05-10T01:57:04.908+0000] {taskinstance.py:1290} INFO - 
--------------------------------------------------------------------------------
[2023-05-10T01:57:04.930+0000] {taskinstance.py:1309} INFO - Executing <Task(PythonOperator): scrape_teams_1-8> on 2022-05-05 14:00:00+00:00
[2023-05-10T01:57:04.940+0000] {standard_task_runner.py:55} INFO - Started process 16745 to run task
[2023-05-10T01:57:04.948+0000] {standard_task_runner.py:82} INFO - Running: ['***', 'tasks', 'run', 'scrape_and_save_to_csv', 'scrape_teams_1-8', 'scheduled__2022-05-05T14:00:00+00:00', '--job-id', '3945', '--raw', '--subdir', 'DAGS_FOLDER/scrape_and_push_dag.py', '--cfg-path', '/tmp/tmpavzmvnkk']
[2023-05-10T01:57:04.955+0000] {standard_task_runner.py:83} INFO - Job 3945: Subtask scrape_teams_1-8
[2023-05-10T01:57:05.079+0000] {task_command.py:389} INFO - Running <TaskInstance: scrape_and_save_to_csv.scrape_teams_1-8 scheduled__2022-05-05T14:00:00+00:00 [running]> on host f41dbfa3d325
[2023-05-10T01:57:05.162+0000] {warnings.py:110} WARNING - /home/***/.local/lib/python3.7/site-packages/***/utils/context.py:205: AirflowContextDeprecationWarning: Accessing 'execution_date' from the template is deprecated and will be removed in a future version. Please use 'data_interval_start' or 'logical_date' instead.
  warnings.warn(_create_deprecation_warning(key, self._deprecation_replacements[key]))

[2023-05-10T01:57:05.216+0000] {taskinstance.py:1518} INFO - Exporting the following env vars:
AIRFLOW_CTX_DAG_OWNER=***
AIRFLOW_CTX_DAG_ID=scrape_and_save_to_csv
AIRFLOW_CTX_TASK_ID=scrape_teams_1-8
AIRFLOW_CTX_EXECUTION_DATE=2022-05-05T14:00:00+00:00
AIRFLOW_CTX_TRY_NUMBER=1
AIRFLOW_CTX_DAG_RUN_ID=scheduled__2022-05-05T14:00:00+00:00
[2023-05-10T01:57:06.308+0000] {helpers.py:94} INFO - Atlanta Hawks: Successfully scraped!
[2023-05-10T01:57:11.437+0000] {helpers.py:94} INFO - Boston Celtics: Successfully scraped!
[2023-05-10T01:57:14.538+0000] {helpers.py:94} INFO - Brooklyn Nets: Successfully scraped!
[2023-05-10T01:57:18.183+0000] {helpers.py:94} INFO - Charlotte Hornets: Successfully scraped!
[2023-05-10T01:57:21.832+0000] {helpers.py:94} INFO - Chicago Bulls: Successfully scraped!
[2023-05-10T01:57:25.990+0000] {helpers.py:94} INFO - Cleveland Cavaliers: Successfully scraped!
[2023-05-10T01:57:35.354+0000] {helpers.py:94} INFO - Dallas Mavericks: Successfully scraped!
[2023-05-10T01:57:44.820+0000] {helpers.py:94} INFO - Denver Nuggets: Successfully scraped!
[2023-05-10T01:57:44.830+0000] {helpers.py:109} INFO - Saved in /opt/***/data/output_scrape_teams_1-8.csv
[2023-05-10T01:57:44.835+0000] {python.py:177} INFO - Done. Returned value was: None
[2023-05-10T01:57:44.849+0000] {taskinstance.py:1332} INFO - Marking task as SUCCESS. dag_id=scrape_and_save_to_csv, task_id=scrape_teams_1-8, execution_date=20220505T140000, start_date=20230510T015704, end_date=20230510T015744
[2023-05-10T01:57:44.895+0000] {local_task_job.py:212} INFO - Task exited with return code 0
[2023-05-10T01:57:44.929+0000] {taskinstance.py:2596} INFO - 0 downstream tasks scheduled from follow-on schedule check
