[2023-05-10T01:44:27.063+0000] {taskinstance.py:1090} INFO - Dependencies all met for dep_context=non-requeueable deps ti=<TaskInstance: scrape_and_save_to_csv.scrape_teams_25-30 scheduled__2022-05-04T22:00:00+00:00 [queued]>
[2023-05-10T01:44:27.072+0000] {taskinstance.py:1090} INFO - Dependencies all met for dep_context=requeueable deps ti=<TaskInstance: scrape_and_save_to_csv.scrape_teams_25-30 scheduled__2022-05-04T22:00:00+00:00 [queued]>
[2023-05-10T01:44:27.073+0000] {taskinstance.py:1288} INFO - 
--------------------------------------------------------------------------------
[2023-05-10T01:44:27.075+0000] {taskinstance.py:1289} INFO - Starting attempt 1 of 1
[2023-05-10T01:44:27.077+0000] {taskinstance.py:1290} INFO - 
--------------------------------------------------------------------------------
[2023-05-10T01:44:27.092+0000] {taskinstance.py:1309} INFO - Executing <Task(PythonOperator): scrape_teams_25-30> on 2022-05-04 22:00:00+00:00
[2023-05-10T01:44:27.103+0000] {standard_task_runner.py:55} INFO - Started process 16168 to run task
[2023-05-10T01:44:27.107+0000] {standard_task_runner.py:82} INFO - Running: ['***', 'tasks', 'run', 'scrape_and_save_to_csv', 'scrape_teams_25-30', 'scheduled__2022-05-04T22:00:00+00:00', '--job-id', '3851', '--raw', '--subdir', 'DAGS_FOLDER/scrape_and_push_dag.py', '--cfg-path', '/tmp/tmp8rgnou3g']
[2023-05-10T01:44:27.124+0000] {standard_task_runner.py:83} INFO - Job 3851: Subtask scrape_teams_25-30
[2023-05-10T01:44:27.264+0000] {task_command.py:389} INFO - Running <TaskInstance: scrape_and_save_to_csv.scrape_teams_25-30 scheduled__2022-05-04T22:00:00+00:00 [running]> on host f41dbfa3d325
[2023-05-10T01:44:27.318+0000] {warnings.py:110} WARNING - /home/***/.local/lib/python3.7/site-packages/***/utils/context.py:205: AirflowContextDeprecationWarning: Accessing 'execution_date' from the template is deprecated and will be removed in a future version. Please use 'data_interval_start' or 'logical_date' instead.
  warnings.warn(_create_deprecation_warning(key, self._deprecation_replacements[key]))

[2023-05-10T01:44:27.376+0000] {taskinstance.py:1518} INFO - Exporting the following env vars:
AIRFLOW_CTX_DAG_OWNER=***
AIRFLOW_CTX_DAG_ID=scrape_and_save_to_csv
AIRFLOW_CTX_TASK_ID=scrape_teams_25-30
AIRFLOW_CTX_EXECUTION_DATE=2022-05-04T22:00:00+00:00
AIRFLOW_CTX_TRY_NUMBER=1
AIRFLOW_CTX_DAG_RUN_ID=scheduled__2022-05-04T22:00:00+00:00
[2023-05-10T01:44:28.362+0000] {helpers.py:94} INFO - Portland Trail Blazers: Successfully scraped!
[2023-05-10T01:44:31.745+0000] {helpers.py:94} INFO - Sacramento Kings: Successfully scraped!
[2023-05-10T01:44:38.577+0000] {helpers.py:94} INFO - San Antonio Spurs: Successfully scraped!
[2023-05-10T01:44:42.223+0000] {helpers.py:94} INFO - Toronto Raptors: Successfully scraped!
[2023-05-10T01:44:50.058+0000] {helpers.py:94} INFO - Utah Jazz: Successfully scraped!
[2023-05-10T01:44:57.915+0000] {helpers.py:94} INFO - Washington Wizards: Successfully scraped!
[2023-05-10T01:44:57.925+0000] {helpers.py:109} INFO - Saved in /opt/***/data/output_scrape_teams_25-30.csv
[2023-05-10T01:44:57.928+0000] {python.py:177} INFO - Done. Returned value was: None
[2023-05-10T01:44:57.940+0000] {taskinstance.py:1332} INFO - Marking task as SUCCESS. dag_id=scrape_and_save_to_csv, task_id=scrape_teams_25-30, execution_date=20220504T220000, start_date=20230510T014427, end_date=20230510T014457
[2023-05-10T01:44:57.975+0000] {local_task_job.py:212} INFO - Task exited with return code 0
[2023-05-10T01:44:57.996+0000] {taskinstance.py:2596} INFO - 0 downstream tasks scheduled from follow-on schedule check
