[2023-05-03T12:38:33.175+0000] {taskinstance.py:1090} INFO - Dependencies all met for dep_context=non-requeueable deps ti=<TaskInstance: scrape_and_save_to_csv.scrape_teams_17-24 scheduled__2023-05-03T04:30:00+00:00 [queued]>
[2023-05-03T12:38:33.243+0000] {taskinstance.py:1090} INFO - Dependencies all met for dep_context=requeueable deps ti=<TaskInstance: scrape_and_save_to_csv.scrape_teams_17-24 scheduled__2023-05-03T04:30:00+00:00 [queued]>
[2023-05-03T12:38:33.248+0000] {taskinstance.py:1288} INFO - 
--------------------------------------------------------------------------------
[2023-05-03T12:38:33.252+0000] {taskinstance.py:1289} INFO - Starting attempt 1 of 1
[2023-05-03T12:38:33.253+0000] {taskinstance.py:1290} INFO - 
--------------------------------------------------------------------------------
[2023-05-03T12:38:33.360+0000] {taskinstance.py:1309} INFO - Executing <Task(PythonOperator): scrape_teams_17-24> on 2023-05-03 04:30:00+00:00
[2023-05-03T12:38:33.390+0000] {standard_task_runner.py:55} INFO - Started process 31587 to run task
[2023-05-03T12:38:33.418+0000] {standard_task_runner.py:82} INFO - Running: ['***', 'tasks', 'run', 'scrape_and_save_to_csv', 'scrape_teams_17-24', 'scheduled__2023-05-03T04:30:00+00:00', '--job-id', '2343', '--raw', '--subdir', 'DAGS_FOLDER/scrape_and_save_csv_dag.py', '--cfg-path', '/tmp/tmp2pati2ew']
[2023-05-03T12:38:33.459+0000] {standard_task_runner.py:83} INFO - Job 2343: Subtask scrape_teams_17-24
[2023-05-03T12:38:34.264+0000] {task_command.py:389} INFO - Running <TaskInstance: scrape_and_save_to_csv.scrape_teams_17-24 scheduled__2023-05-03T04:30:00+00:00 [running]> on host 5d4cd8acb346
[2023-05-03T12:38:34.864+0000] {taskinstance.py:1518} INFO - Exporting the following env vars:
AIRFLOW_CTX_DAG_OWNER=***
AIRFLOW_CTX_DAG_ID=scrape_and_save_to_csv
AIRFLOW_CTX_TASK_ID=scrape_teams_17-24
AIRFLOW_CTX_EXECUTION_DATE=2023-05-03T04:30:00+00:00
AIRFLOW_CTX_TRY_NUMBER=1
AIRFLOW_CTX_DAG_RUN_ID=scheduled__2023-05-03T04:30:00+00:00
[2023-05-03T14:17:48.774+0000] {local_task_job.py:277} WARNING - State of this instance has been externally set to failed. Terminating instance.
[2023-05-03T14:17:48.911+0000] {process_utils.py:133} INFO - Sending Signals.SIGTERM to group 31587. PIDs of all processes in the group: [31587]
[2023-05-03T14:17:48.915+0000] {process_utils.py:84} INFO - Sending the signal Signals.SIGTERM to group 31587
[2023-05-03T14:17:48.976+0000] {taskinstance.py:1488} ERROR - Received SIGTERM. Terminating subprocesses.
[2023-05-03T14:17:49.084+0000] {logging_mixin.py:137} INFO - Task received SIGTERM signal
[2023-05-03T14:17:49.089+0000] {helpers.py:86} ERROR - Task received SIGTERM signal
[2023-05-03T14:17:49.104+0000] {helpers.py:87} ERROR - Retrying! 9 attempts before skipping!
[2023-05-03T14:17:53.985+0000] {warnings.py:110} WARNING - /home/***/.local/lib/python3.7/site-packages/***/utils/context.py:313: AirflowContextDeprecationWarning: Accessing 'execution_date' from the template is deprecated and will be removed in a future version. Please use 'data_interval_start' or 'logical_date' instead.
  warnings.warn(_create_deprecation_warning(k, replacements))

[2023-05-03T14:17:55.595+0000] {helpers.py:80} INFO - Milwaukee Bucks: Successfully scraped!
[2023-05-03T14:18:00.835+0000] {helpers.py:80} INFO - Minnesota Timberwolves: Successfully scraped!
[2023-05-03T14:18:01.043+0000] {logging_mixin.py:137} INFO - Expecting value: line 1 column 1 (char 0)
[2023-05-03T14:18:01.047+0000] {helpers.py:86} ERROR - Expecting value: line 1 column 1 (char 0)
[2023-05-03T14:18:01.049+0000] {helpers.py:87} ERROR - Retrying! 9 attempts before skipping!
[2023-05-03T14:52:12.347+0000] {helpers.py:80} INFO - New Orleans Pelicans: Successfully scraped!
[2023-05-03T14:52:18.780+0000] {helpers.py:80} INFO - New York Knicks: Successfully scraped!
[2023-05-03T14:52:24.459+0000] {helpers.py:80} INFO - Oklahoma City Thunder: Successfully scraped!
[2023-05-03T14:52:30.096+0000] {helpers.py:80} INFO - Orlando Magic: Successfully scraped!
[2023-05-03T16:13:18.124+0000] {process_utils.py:147} WARNING - process psutil.Process(pid=31587, name='airflow task ru', status='sleeping', started='12:38:32') did not respond to SIGTERM. Trying SIGKILL
[2023-05-03T16:13:18.272+0000] {process_utils.py:84} INFO - Sending the signal Signals.SIGKILL to group 31587
[2023-05-03T16:13:20.460+0000] {process_utils.py:79} INFO - Process psutil.Process(pid=31587, name='airflow task ru', status='terminated', exitcode=<Negsignal.SIGKILL: -9>, started='12:38:32') (31587) terminated with exit code Negsignal.SIGKILL
[2023-05-03T16:13:20.469+0000] {standard_task_runner.py:170} ERROR - Job 2343 was killed before it finished (likely due to running out of memory)
