[2023-05-07T03:19:41.924+0000] {taskinstance.py:1090} INFO - Dependencies all met for dep_context=non-requeueable deps ti=<TaskInstance: scrape_and_save_to_csv.scrape_teams_25-30 scheduled__2022-05-01T13:00:00+00:00 [queued]>
[2023-05-07T03:19:41.935+0000] {taskinstance.py:1090} INFO - Dependencies all met for dep_context=requeueable deps ti=<TaskInstance: scrape_and_save_to_csv.scrape_teams_25-30 scheduled__2022-05-01T13:00:00+00:00 [queued]>
[2023-05-07T03:19:41.936+0000] {taskinstance.py:1288} INFO - 
--------------------------------------------------------------------------------
[2023-05-07T03:19:41.937+0000] {taskinstance.py:1289} INFO - Starting attempt 1 of 1
[2023-05-07T03:19:41.938+0000] {taskinstance.py:1290} INFO - 
--------------------------------------------------------------------------------
[2023-05-07T03:19:41.955+0000] {taskinstance.py:1309} INFO - Executing <Task(PythonOperator): scrape_teams_25-30> on 2022-05-01 13:00:00+00:00
[2023-05-07T03:19:41.964+0000] {standard_task_runner.py:55} INFO - Started process 1210 to run task
[2023-05-07T03:19:41.972+0000] {standard_task_runner.py:82} INFO - Running: ['***', 'tasks', 'run', 'scrape_and_save_to_csv', 'scrape_teams_25-30', 'scheduled__2022-05-01T13:00:00+00:00', '--job-id', '2708', '--raw', '--subdir', 'DAGS_FOLDER/scrape_and_push_dag.py', '--cfg-path', '/tmp/tmpsmzcg0du']
[2023-05-07T03:19:41.975+0000] {standard_task_runner.py:83} INFO - Job 2708: Subtask scrape_teams_25-30
[2023-05-07T03:19:42.117+0000] {task_command.py:389} INFO - Running <TaskInstance: scrape_and_save_to_csv.scrape_teams_25-30 scheduled__2022-05-01T13:00:00+00:00 [running]> on host 6589836e9c08
[2023-05-07T03:19:42.211+0000] {taskinstance.py:1518} INFO - Exporting the following env vars:
AIRFLOW_CTX_DAG_OWNER=***
AIRFLOW_CTX_DAG_ID=scrape_and_save_to_csv
AIRFLOW_CTX_TASK_ID=scrape_teams_25-30
AIRFLOW_CTX_EXECUTION_DATE=2022-05-01T13:00:00+00:00
AIRFLOW_CTX_TRY_NUMBER=1
AIRFLOW_CTX_DAG_RUN_ID=scheduled__2022-05-01T13:00:00+00:00
[2023-05-07T03:19:42.214+0000] {taskinstance.py:1776} ERROR - Task failed with exception
Traceback (most recent call last):
  File "/home/airflow/.local/lib/python3.7/site-packages/airflow/operators/python.py", line 175, in execute
    return_value = self.execute_callable()
  File "/home/airflow/.local/lib/python3.7/site-packages/airflow/operators/python.py", line 192, in execute_callable
    return self.python_callable(*self.op_args, **self.op_kwargs)
TypeError: scrape_and_save() missing 1 required positional argument: 'current_date'
[2023-05-07T03:19:42.227+0000] {taskinstance.py:1332} INFO - Marking task as FAILED. dag_id=scrape_and_save_to_csv, task_id=scrape_teams_25-30, execution_date=20220501T130000, start_date=20230507T031941, end_date=20230507T031942
[2023-05-07T03:19:42.244+0000] {standard_task_runner.py:105} ERROR - Failed to execute job 2708 for task scrape_teams_25-30 (scrape_and_save() missing 1 required positional argument: 'current_date'; 1210)
[2023-05-07T03:19:42.262+0000] {local_task_job.py:212} INFO - Task exited with return code 1
[2023-05-07T03:19:42.315+0000] {taskinstance.py:2596} INFO - 0 downstream tasks scheduled from follow-on schedule check
[2023-05-07T03:26:37.027+0000] {taskinstance.py:1090} INFO - Dependencies all met for dep_context=non-requeueable deps ti=<TaskInstance: scrape_and_save_to_csv.scrape_teams_25-30 scheduled__2022-05-01T13:00:00+00:00 [queued]>
[2023-05-07T03:26:37.047+0000] {taskinstance.py:1084} INFO - Dependencies not met for <TaskInstance: scrape_and_save_to_csv.scrape_teams_25-30 scheduled__2022-05-01T13:00:00+00:00 [queued]>, dependency 'Task Instance Slots Available' FAILED: The maximum number of running tasks (3) for this task's DAG 'scrape_and_save_to_csv' has been reached.
[2023-05-07T03:26:37.049+0000] {taskinstance.py:1273} WARNING - 
--------------------------------------------------------------------------------
[2023-05-07T03:26:37.052+0000] {taskinstance.py:1279} WARNING - Rescheduling due to concurrency limits reached at task runtime. Attempt 1 of 1. State set to NONE.
[2023-05-07T03:26:37.054+0000] {taskinstance.py:1281} WARNING - 
--------------------------------------------------------------------------------
[2023-05-07T03:26:37.077+0000] {local_task_job.py:151} INFO - Task is not able to be run
[2023-05-07T03:27:15.943+0000] {taskinstance.py:1090} INFO - Dependencies all met for dep_context=non-requeueable deps ti=<TaskInstance: scrape_and_save_to_csv.scrape_teams_25-30 scheduled__2022-05-01T13:00:00+00:00 [queued]>
[2023-05-07T03:27:15.952+0000] {taskinstance.py:1090} INFO - Dependencies all met for dep_context=requeueable deps ti=<TaskInstance: scrape_and_save_to_csv.scrape_teams_25-30 scheduled__2022-05-01T13:00:00+00:00 [queued]>
[2023-05-07T03:27:15.953+0000] {taskinstance.py:1288} INFO - 
--------------------------------------------------------------------------------
[2023-05-07T03:27:15.955+0000] {taskinstance.py:1289} INFO - Starting attempt 1 of 1
[2023-05-07T03:27:15.956+0000] {taskinstance.py:1290} INFO - 
--------------------------------------------------------------------------------
[2023-05-07T03:27:15.973+0000] {taskinstance.py:1309} INFO - Executing <Task(PythonOperator): scrape_teams_25-30> on 2022-05-01 13:00:00+00:00
[2023-05-07T03:27:15.979+0000] {standard_task_runner.py:55} INFO - Started process 1701 to run task
[2023-05-07T03:27:15.986+0000] {standard_task_runner.py:82} INFO - Running: ['***', 'tasks', 'run', 'scrape_and_save_to_csv', 'scrape_teams_25-30', 'scheduled__2022-05-01T13:00:00+00:00', '--job-id', '2817', '--raw', '--subdir', 'DAGS_FOLDER/scrape_and_push_dag.py', '--cfg-path', '/tmp/tmpvykh8br9']
[2023-05-07T03:27:15.993+0000] {standard_task_runner.py:83} INFO - Job 2817: Subtask scrape_teams_25-30
[2023-05-07T03:27:16.112+0000] {task_command.py:389} INFO - Running <TaskInstance: scrape_and_save_to_csv.scrape_teams_25-30 scheduled__2022-05-01T13:00:00+00:00 [running]> on host 6589836e9c08
[2023-05-07T03:27:16.156+0000] {warnings.py:110} WARNING - /home/***/.local/lib/python3.7/site-packages/***/utils/context.py:205: AirflowContextDeprecationWarning: Accessing 'execution_date' from the template is deprecated and will be removed in a future version. Please use 'data_interval_start' or 'logical_date' instead.
  warnings.warn(_create_deprecation_warning(key, self._deprecation_replacements[key]))

[2023-05-07T03:27:16.236+0000] {taskinstance.py:1518} INFO - Exporting the following env vars:
AIRFLOW_CTX_DAG_OWNER=***
AIRFLOW_CTX_DAG_ID=scrape_and_save_to_csv
AIRFLOW_CTX_TASK_ID=scrape_teams_25-30
AIRFLOW_CTX_EXECUTION_DATE=2022-05-01T13:00:00+00:00
AIRFLOW_CTX_TRY_NUMBER=1
AIRFLOW_CTX_DAG_RUN_ID=scheduled__2022-05-01T13:00:00+00:00
[2023-05-07T03:27:16.506+0000] {logging_mixin.py:137} INFO - Expecting value: line 1 column 1 (char 0)
[2023-05-07T03:27:16.537+0000] {helpers.py:92} ERROR - Expecting value: line 1 column 1 (char 0)
[2023-05-07T03:27:16.541+0000] {helpers.py:93} ERROR - Retrying! 9 attempts before skipping!
[2023-05-07T03:27:17.718+0000] {logging_mixin.py:137} INFO - Expecting value: line 1 column 1 (char 0)
[2023-05-07T03:27:17.719+0000] {helpers.py:92} ERROR - Expecting value: line 1 column 1 (char 0)
[2023-05-07T03:27:17.721+0000] {helpers.py:93} ERROR - Retrying! 8 attempts before skipping!
[2023-05-07T03:27:18.911+0000] {logging_mixin.py:137} INFO - Expecting value: line 1 column 1 (char 0)
[2023-05-07T03:27:18.912+0000] {helpers.py:92} ERROR - Expecting value: line 1 column 1 (char 0)
[2023-05-07T03:27:18.916+0000] {helpers.py:93} ERROR - Retrying! 7 attempts before skipping!
[2023-05-07T03:27:20.442+0000] {logging_mixin.py:137} INFO - Expecting value: line 1 column 1 (char 0)
[2023-05-07T03:27:20.455+0000] {helpers.py:92} ERROR - Expecting value: line 1 column 1 (char 0)
[2023-05-07T03:27:20.456+0000] {helpers.py:93} ERROR - Retrying! 6 attempts before skipping!
[2023-05-07T03:27:21.736+0000] {logging_mixin.py:137} INFO - Expecting value: line 1 column 1 (char 0)
[2023-05-07T03:27:21.738+0000] {helpers.py:92} ERROR - Expecting value: line 1 column 1 (char 0)
[2023-05-07T03:27:21.739+0000] {helpers.py:93} ERROR - Retrying! 5 attempts before skipping!
[2023-05-07T03:27:22.928+0000] {logging_mixin.py:137} INFO - Expecting value: line 1 column 1 (char 0)
[2023-05-07T03:27:22.938+0000] {helpers.py:92} ERROR - Expecting value: line 1 column 1 (char 0)
[2023-05-07T03:27:22.939+0000] {helpers.py:93} ERROR - Retrying! 4 attempts before skipping!
[2023-05-07T03:27:24.156+0000] {logging_mixin.py:137} INFO - Expecting value: line 1 column 1 (char 0)
[2023-05-07T03:27:24.158+0000] {helpers.py:92} ERROR - Expecting value: line 1 column 1 (char 0)
[2023-05-07T03:27:24.160+0000] {helpers.py:93} ERROR - Retrying! 3 attempts before skipping!
[2023-05-07T03:27:25.618+0000] {logging_mixin.py:137} INFO - Expecting value: line 1 column 1 (char 0)
[2023-05-07T03:27:25.626+0000] {helpers.py:92} ERROR - Expecting value: line 1 column 1 (char 0)
[2023-05-07T03:27:25.631+0000] {helpers.py:93} ERROR - Retrying! 2 attempts before skipping!
[2023-05-07T03:27:26.158+0000] {local_task_job.py:277} WARNING - State of this instance has been externally set to failed. Terminating instance.
[2023-05-07T03:27:26.180+0000] {process_utils.py:133} INFO - Sending Signals.SIGTERM to group 1701. PIDs of all processes in the group: [1701]
[2023-05-07T03:27:26.183+0000] {process_utils.py:84} INFO - Sending the signal Signals.SIGTERM to group 1701
[2023-05-07T03:27:26.196+0000] {taskinstance.py:1488} ERROR - Received SIGTERM. Terminating subprocesses.
[2023-05-07T03:27:26.353+0000] {process_utils.py:79} INFO - Process psutil.Process(pid=1701, status='terminated', exitcode=0, started='03:27:15') (1701) terminated with exit code 0
[2023-05-07T04:18:24.981+0000] {taskinstance.py:1090} INFO - Dependencies all met for dep_context=non-requeueable deps ti=<TaskInstance: scrape_and_save_to_csv.scrape_teams_25-30 scheduled__2022-05-01T13:00:00+00:00 [queued]>
[2023-05-07T04:18:25.019+0000] {taskinstance.py:1090} INFO - Dependencies all met for dep_context=requeueable deps ti=<TaskInstance: scrape_and_save_to_csv.scrape_teams_25-30 scheduled__2022-05-01T13:00:00+00:00 [queued]>
[2023-05-07T04:18:25.020+0000] {taskinstance.py:1288} INFO - 
--------------------------------------------------------------------------------
[2023-05-07T04:18:25.021+0000] {taskinstance.py:1289} INFO - Starting attempt 1 of 1
[2023-05-07T04:18:25.022+0000] {taskinstance.py:1290} INFO - 
--------------------------------------------------------------------------------
[2023-05-07T04:18:25.030+0000] {taskinstance.py:1309} INFO - Executing <Task(PythonOperator): scrape_teams_25-30> on 2022-05-01 13:00:00+00:00
[2023-05-07T04:18:25.035+0000] {standard_task_runner.py:55} INFO - Started process 889 to run task
[2023-05-07T04:18:25.038+0000] {standard_task_runner.py:82} INFO - Running: ['***', 'tasks', 'run', 'scrape_and_save_to_csv', 'scrape_teams_25-30', 'scheduled__2022-05-01T13:00:00+00:00', '--job-id', '2881', '--raw', '--subdir', 'DAGS_FOLDER/scrape_and_push_dag.py', '--cfg-path', '/tmp/tmpyc6mzpcf']
[2023-05-07T04:18:25.041+0000] {standard_task_runner.py:83} INFO - Job 2881: Subtask scrape_teams_25-30
[2023-05-07T04:18:25.100+0000] {task_command.py:389} INFO - Running <TaskInstance: scrape_and_save_to_csv.scrape_teams_25-30 scheduled__2022-05-01T13:00:00+00:00 [running]> on host 6589836e9c08
[2023-05-07T04:18:25.125+0000] {warnings.py:110} WARNING - /home/***/.local/lib/python3.7/site-packages/***/utils/context.py:205: AirflowContextDeprecationWarning: Accessing 'execution_date' from the template is deprecated and will be removed in a future version. Please use 'data_interval_start' or 'logical_date' instead.
  warnings.warn(_create_deprecation_warning(key, self._deprecation_replacements[key]))

[2023-05-07T04:18:25.156+0000] {taskinstance.py:1518} INFO - Exporting the following env vars:
AIRFLOW_CTX_DAG_OWNER=***
AIRFLOW_CTX_DAG_ID=scrape_and_save_to_csv
AIRFLOW_CTX_TASK_ID=scrape_teams_25-30
AIRFLOW_CTX_EXECUTION_DATE=2022-05-01T13:00:00+00:00
AIRFLOW_CTX_TRY_NUMBER=1
AIRFLOW_CTX_DAG_RUN_ID=scheduled__2022-05-01T13:00:00+00:00
[2023-05-07T04:18:25.318+0000] {logging_mixin.py:137} INFO - Expecting value: line 1 column 1 (char 0)
[2023-05-07T04:18:25.319+0000] {helpers.py:92} ERROR - Expecting value: line 1 column 1 (char 0)
[2023-05-07T04:18:25.321+0000] {helpers.py:93} ERROR - Retrying! 9 attempts before skipping!
[2023-05-07T04:18:26.683+0000] {logging_mixin.py:137} INFO - Expecting value: line 1 column 1 (char 0)
[2023-05-07T04:18:26.685+0000] {helpers.py:92} ERROR - Expecting value: line 1 column 1 (char 0)
[2023-05-07T04:18:26.687+0000] {helpers.py:93} ERROR - Retrying! 8 attempts before skipping!
[2023-05-07T04:18:27.873+0000] {logging_mixin.py:137} INFO - Expecting value: line 1 column 1 (char 0)
[2023-05-07T04:18:27.874+0000] {helpers.py:92} ERROR - Expecting value: line 1 column 1 (char 0)
[2023-05-07T04:18:27.875+0000] {helpers.py:93} ERROR - Retrying! 7 attempts before skipping!
[2023-05-07T04:18:29.023+0000] {logging_mixin.py:137} INFO - Expecting value: line 1 column 1 (char 0)
[2023-05-07T04:18:29.024+0000] {helpers.py:92} ERROR - Expecting value: line 1 column 1 (char 0)
[2023-05-07T04:18:29.026+0000] {helpers.py:93} ERROR - Retrying! 6 attempts before skipping!
[2023-05-07T04:18:30.179+0000] {logging_mixin.py:137} INFO - Expecting value: line 1 column 1 (char 0)
[2023-05-07T04:18:30.180+0000] {helpers.py:92} ERROR - Expecting value: line 1 column 1 (char 0)
[2023-05-07T04:18:30.181+0000] {helpers.py:93} ERROR - Retrying! 5 attempts before skipping!
[2023-05-07T04:18:31.507+0000] {logging_mixin.py:137} INFO - Expecting value: line 1 column 1 (char 0)
[2023-05-07T04:18:31.508+0000] {helpers.py:92} ERROR - Expecting value: line 1 column 1 (char 0)
[2023-05-07T04:18:31.509+0000] {helpers.py:93} ERROR - Retrying! 4 attempts before skipping!
[2023-05-07T04:18:32.769+0000] {logging_mixin.py:137} INFO - Expecting value: line 1 column 1 (char 0)
[2023-05-07T04:18:32.770+0000] {helpers.py:92} ERROR - Expecting value: line 1 column 1 (char 0)
[2023-05-07T04:18:32.771+0000] {helpers.py:93} ERROR - Retrying! 3 attempts before skipping!
[2023-05-07T04:18:34.008+0000] {logging_mixin.py:137} INFO - Expecting value: line 1 column 1 (char 0)
[2023-05-07T04:18:34.010+0000] {helpers.py:92} ERROR - Expecting value: line 1 column 1 (char 0)
[2023-05-07T04:18:34.011+0000] {helpers.py:93} ERROR - Retrying! 2 attempts before skipping!
[2023-05-07T04:18:35.161+0000] {logging_mixin.py:137} INFO - Expecting value: line 1 column 1 (char 0)
[2023-05-07T04:18:35.162+0000] {helpers.py:92} ERROR - Expecting value: line 1 column 1 (char 0)
[2023-05-07T04:18:35.165+0000] {helpers.py:93} ERROR - Retrying! 1 attempts before skipping!
[2023-05-07T04:18:36.468+0000] {logging_mixin.py:137} INFO - Expecting value: line 1 column 1 (char 0)
[2023-05-07T04:18:36.469+0000] {helpers.py:92} ERROR - Expecting value: line 1 column 1 (char 0)
[2023-05-07T04:18:36.470+0000] {helpers.py:93} ERROR - Retrying! 0 attempts before skipping!
[2023-05-07T04:18:37.784+0000] {logging_mixin.py:137} INFO - Expecting value: line 1 column 1 (char 0)
[2023-05-07T04:18:37.785+0000] {helpers.py:92} ERROR - Expecting value: line 1 column 1 (char 0)
[2023-05-07T04:18:37.786+0000] {helpers.py:93} ERROR - Retrying! -1 attempts before skipping!
[2023-05-07T04:18:39.161+0000] {logging_mixin.py:137} INFO - Expecting value: line 1 column 1 (char 0)
[2023-05-07T04:18:39.162+0000] {helpers.py:92} ERROR - Expecting value: line 1 column 1 (char 0)
[2023-05-07T04:18:39.163+0000] {helpers.py:93} ERROR - Retrying! 9 attempts before skipping!
[2023-05-07T04:18:40.482+0000] {logging_mixin.py:137} INFO - Expecting value: line 1 column 1 (char 0)
[2023-05-07T04:18:40.484+0000] {helpers.py:92} ERROR - Expecting value: line 1 column 1 (char 0)
[2023-05-07T04:18:40.486+0000] {helpers.py:93} ERROR - Retrying! 8 attempts before skipping!
[2023-05-07T04:18:42.861+0000] {logging_mixin.py:137} INFO - Expecting value: line 1 column 1 (char 0)
[2023-05-07T04:18:42.864+0000] {helpers.py:92} ERROR - Expecting value: line 1 column 1 (char 0)
[2023-05-07T04:18:42.866+0000] {helpers.py:93} ERROR - Retrying! 7 attempts before skipping!
[2023-05-07T04:18:44.044+0000] {logging_mixin.py:137} INFO - Expecting value: line 1 column 1 (char 0)
[2023-05-07T04:18:44.052+0000] {helpers.py:92} ERROR - Expecting value: line 1 column 1 (char 0)
[2023-05-07T04:18:44.104+0000] {helpers.py:93} ERROR - Retrying! 6 attempts before skipping!
[2023-05-07T04:18:45.385+0000] {logging_mixin.py:137} INFO - Expecting value: line 1 column 1 (char 0)
[2023-05-07T04:18:45.406+0000] {helpers.py:92} ERROR - Expecting value: line 1 column 1 (char 0)
[2023-05-07T04:18:45.456+0000] {helpers.py:93} ERROR - Retrying! 5 attempts before skipping!
[2023-05-07T04:18:46.626+0000] {logging_mixin.py:137} INFO - Expecting value: line 1 column 1 (char 0)
[2023-05-07T04:18:46.632+0000] {helpers.py:92} ERROR - Expecting value: line 1 column 1 (char 0)
[2023-05-07T04:18:46.634+0000] {helpers.py:93} ERROR - Retrying! 4 attempts before skipping!
[2023-05-07T04:18:48.026+0000] {logging_mixin.py:137} INFO - Expecting value: line 1 column 1 (char 0)
[2023-05-07T04:18:48.028+0000] {helpers.py:92} ERROR - Expecting value: line 1 column 1 (char 0)
[2023-05-07T04:18:48.033+0000] {helpers.py:93} ERROR - Retrying! 3 attempts before skipping!
[2023-05-07T04:18:49.208+0000] {logging_mixin.py:137} INFO - Expecting value: line 1 column 1 (char 0)
[2023-05-07T04:18:49.222+0000] {helpers.py:92} ERROR - Expecting value: line 1 column 1 (char 0)
[2023-05-07T04:18:49.229+0000] {helpers.py:93} ERROR - Retrying! 2 attempts before skipping!
[2023-05-07T04:18:50.470+0000] {logging_mixin.py:137} INFO - Expecting value: line 1 column 1 (char 0)
[2023-05-07T04:18:50.471+0000] {helpers.py:92} ERROR - Expecting value: line 1 column 1 (char 0)
[2023-05-07T04:18:50.473+0000] {helpers.py:93} ERROR - Retrying! 1 attempts before skipping!
[2023-05-07T04:18:51.645+0000] {logging_mixin.py:137} INFO - Expecting value: line 1 column 1 (char 0)
[2023-05-07T04:18:51.652+0000] {helpers.py:92} ERROR - Expecting value: line 1 column 1 (char 0)
[2023-05-07T04:18:51.668+0000] {helpers.py:93} ERROR - Retrying! 0 attempts before skipping!
[2023-05-07T04:18:52.921+0000] {logging_mixin.py:137} INFO - Expecting value: line 1 column 1 (char 0)
[2023-05-07T04:18:52.923+0000] {helpers.py:92} ERROR - Expecting value: line 1 column 1 (char 0)
[2023-05-07T04:18:52.926+0000] {helpers.py:93} ERROR - Retrying! -1 attempts before skipping!
[2023-05-07T04:18:54.428+0000] {logging_mixin.py:137} INFO - Expecting value: line 1 column 1 (char 0)
[2023-05-07T04:18:54.430+0000] {helpers.py:92} ERROR - Expecting value: line 1 column 1 (char 0)
[2023-05-07T04:18:54.433+0000] {helpers.py:93} ERROR - Retrying! 9 attempts before skipping!
[2023-05-07T04:18:55.724+0000] {logging_mixin.py:137} INFO - Expecting value: line 1 column 1 (char 0)
[2023-05-07T04:18:55.726+0000] {helpers.py:92} ERROR - Expecting value: line 1 column 1 (char 0)
[2023-05-07T04:18:55.727+0000] {helpers.py:93} ERROR - Retrying! 8 attempts before skipping!
[2023-05-07T04:18:57.083+0000] {logging_mixin.py:137} INFO - Expecting value: line 1 column 1 (char 0)
[2023-05-07T04:18:57.086+0000] {helpers.py:92} ERROR - Expecting value: line 1 column 1 (char 0)
[2023-05-07T04:18:57.088+0000] {helpers.py:93} ERROR - Retrying! 7 attempts before skipping!
[2023-05-07T04:18:58.385+0000] {logging_mixin.py:137} INFO - Expecting value: line 1 column 1 (char 0)
[2023-05-07T04:18:58.386+0000] {helpers.py:92} ERROR - Expecting value: line 1 column 1 (char 0)
[2023-05-07T04:18:58.388+0000] {helpers.py:93} ERROR - Retrying! 6 attempts before skipping!
[2023-05-07T04:18:59.734+0000] {logging_mixin.py:137} INFO - Expecting value: line 1 column 1 (char 0)
[2023-05-07T04:18:59.735+0000] {helpers.py:92} ERROR - Expecting value: line 1 column 1 (char 0)
[2023-05-07T04:18:59.744+0000] {helpers.py:93} ERROR - Retrying! 5 attempts before skipping!
[2023-05-07T04:19:00.919+0000] {logging_mixin.py:137} INFO - Expecting value: line 1 column 1 (char 0)
[2023-05-07T04:19:00.920+0000] {helpers.py:92} ERROR - Expecting value: line 1 column 1 (char 0)
[2023-05-07T04:19:00.921+0000] {helpers.py:93} ERROR - Retrying! 4 attempts before skipping!
[2023-05-07T04:19:02.195+0000] {logging_mixin.py:137} INFO - Expecting value: line 1 column 1 (char 0)
[2023-05-07T04:19:02.197+0000] {helpers.py:92} ERROR - Expecting value: line 1 column 1 (char 0)
[2023-05-07T04:19:02.212+0000] {helpers.py:93} ERROR - Retrying! 3 attempts before skipping!
[2023-05-07T04:19:03.618+0000] {logging_mixin.py:137} INFO - Expecting value: line 1 column 1 (char 0)
[2023-05-07T04:19:03.622+0000] {helpers.py:92} ERROR - Expecting value: line 1 column 1 (char 0)
[2023-05-07T04:19:03.626+0000] {helpers.py:93} ERROR - Retrying! 2 attempts before skipping!
[2023-05-07T04:19:05.029+0000] {logging_mixin.py:137} INFO - Expecting value: line 1 column 1 (char 0)
[2023-05-07T04:19:05.031+0000] {helpers.py:92} ERROR - Expecting value: line 1 column 1 (char 0)
[2023-05-07T04:19:05.032+0000] {helpers.py:93} ERROR - Retrying! 1 attempts before skipping!
[2023-05-07T04:19:06.394+0000] {helpers.py:86} INFO - San Antonio Spurs: Successfully scraped!
[2023-05-07T04:19:06.638+0000] {logging_mixin.py:137} INFO - Expecting value: line 1 column 1 (char 0)
[2023-05-07T04:19:06.641+0000] {helpers.py:92} ERROR - Expecting value: line 1 column 1 (char 0)
[2023-05-07T04:19:06.643+0000] {helpers.py:93} ERROR - Retrying! 9 attempts before skipping!
[2023-05-07T04:19:07.809+0000] {logging_mixin.py:137} INFO - Expecting value: line 1 column 1 (char 0)
[2023-05-07T04:19:07.811+0000] {helpers.py:92} ERROR - Expecting value: line 1 column 1 (char 0)
[2023-05-07T04:19:07.813+0000] {helpers.py:93} ERROR - Retrying! 8 attempts before skipping!
[2023-05-07T04:19:09.175+0000] {logging_mixin.py:137} INFO - Expecting value: line 1 column 1 (char 0)
[2023-05-07T04:19:09.176+0000] {helpers.py:92} ERROR - Expecting value: line 1 column 1 (char 0)
[2023-05-07T04:19:09.178+0000] {helpers.py:93} ERROR - Retrying! 7 attempts before skipping!
[2023-05-07T04:19:10.337+0000] {logging_mixin.py:137} INFO - Expecting value: line 1 column 1 (char 0)
[2023-05-07T04:19:10.340+0000] {helpers.py:92} ERROR - Expecting value: line 1 column 1 (char 0)
[2023-05-07T04:19:10.342+0000] {helpers.py:93} ERROR - Retrying! 6 attempts before skipping!
[2023-05-07T04:19:11.817+0000] {logging_mixin.py:137} INFO - Expecting value: line 1 column 1 (char 0)
[2023-05-07T04:19:11.840+0000] {helpers.py:92} ERROR - Expecting value: line 1 column 1 (char 0)
[2023-05-07T04:19:11.842+0000] {helpers.py:93} ERROR - Retrying! 5 attempts before skipping!
[2023-05-07T04:19:13.507+0000] {logging_mixin.py:137} INFO - Expecting value: line 1 column 1 (char 0)
[2023-05-07T04:19:13.524+0000] {helpers.py:92} ERROR - Expecting value: line 1 column 1 (char 0)
[2023-05-07T04:19:13.526+0000] {helpers.py:93} ERROR - Retrying! 4 attempts before skipping!
[2023-05-07T04:19:14.892+0000] {logging_mixin.py:137} INFO - Expecting value: line 1 column 1 (char 0)
[2023-05-07T04:19:14.898+0000] {helpers.py:92} ERROR - Expecting value: line 1 column 1 (char 0)
[2023-05-07T04:19:14.902+0000] {helpers.py:93} ERROR - Retrying! 3 attempts before skipping!
[2023-05-07T04:19:16.159+0000] {logging_mixin.py:137} INFO - Expecting value: line 1 column 1 (char 0)
[2023-05-07T04:19:16.161+0000] {helpers.py:92} ERROR - Expecting value: line 1 column 1 (char 0)
[2023-05-07T04:19:16.163+0000] {helpers.py:93} ERROR - Retrying! 2 attempts before skipping!
[2023-05-07T04:19:17.636+0000] {logging_mixin.py:137} INFO - Expecting value: line 1 column 1 (char 0)
[2023-05-07T04:19:17.640+0000] {helpers.py:92} ERROR - Expecting value: line 1 column 1 (char 0)
[2023-05-07T04:19:17.644+0000] {helpers.py:93} ERROR - Retrying! 1 attempts before skipping!
[2023-05-07T04:19:18.820+0000] {logging_mixin.py:137} INFO - Expecting value: line 1 column 1 (char 0)
[2023-05-07T04:19:18.821+0000] {helpers.py:92} ERROR - Expecting value: line 1 column 1 (char 0)
[2023-05-07T04:19:18.822+0000] {helpers.py:93} ERROR - Retrying! 0 attempts before skipping!
[2023-05-07T04:19:20.091+0000] {logging_mixin.py:137} INFO - Expecting value: line 1 column 1 (char 0)
[2023-05-07T04:19:20.092+0000] {helpers.py:92} ERROR - Expecting value: line 1 column 1 (char 0)
[2023-05-07T04:19:20.093+0000] {helpers.py:93} ERROR - Retrying! -1 attempts before skipping!
[2023-05-07T04:19:21.483+0000] {logging_mixin.py:137} INFO - Expecting value: line 1 column 1 (char 0)
[2023-05-07T04:19:21.485+0000] {helpers.py:92} ERROR - Expecting value: line 1 column 1 (char 0)
[2023-05-07T04:19:21.486+0000] {helpers.py:93} ERROR - Retrying! 9 attempts before skipping!
[2023-05-07T04:19:22.766+0000] {logging_mixin.py:137} INFO - Expecting value: line 1 column 1 (char 0)
[2023-05-07T04:19:22.768+0000] {helpers.py:92} ERROR - Expecting value: line 1 column 1 (char 0)
[2023-05-07T04:19:22.769+0000] {helpers.py:93} ERROR - Retrying! 8 attempts before skipping!
[2023-05-07T04:19:24.242+0000] {logging_mixin.py:137} INFO - Expecting value: line 1 column 1 (char 0)
[2023-05-07T04:19:24.446+0000] {helpers.py:92} ERROR - Expecting value: line 1 column 1 (char 0)
[2023-05-07T04:19:24.448+0000] {helpers.py:93} ERROR - Retrying! 7 attempts before skipping!
[2023-05-07T04:19:25.624+0000] {logging_mixin.py:137} INFO - Expecting value: line 1 column 1 (char 0)
[2023-05-07T04:19:25.625+0000] {helpers.py:92} ERROR - Expecting value: line 1 column 1 (char 0)
[2023-05-07T04:19:25.627+0000] {helpers.py:93} ERROR - Retrying! 6 attempts before skipping!
[2023-05-07T04:19:26.965+0000] {logging_mixin.py:137} INFO - Expecting value: line 1 column 1 (char 0)
[2023-05-07T04:19:26.971+0000] {helpers.py:92} ERROR - Expecting value: line 1 column 1 (char 0)
[2023-05-07T04:19:26.975+0000] {helpers.py:93} ERROR - Retrying! 5 attempts before skipping!
[2023-05-07T04:19:28.141+0000] {logging_mixin.py:137} INFO - Expecting value: line 1 column 1 (char 0)
[2023-05-07T04:19:28.143+0000] {helpers.py:92} ERROR - Expecting value: line 1 column 1 (char 0)
[2023-05-07T04:19:28.144+0000] {helpers.py:93} ERROR - Retrying! 4 attempts before skipping!
[2023-05-07T04:19:29.630+0000] {logging_mixin.py:137} INFO - Expecting value: line 1 column 1 (char 0)
[2023-05-07T04:19:29.647+0000] {helpers.py:92} ERROR - Expecting value: line 1 column 1 (char 0)
[2023-05-07T04:19:29.648+0000] {helpers.py:93} ERROR - Retrying! 3 attempts before skipping!
[2023-05-07T04:19:30.830+0000] {logging_mixin.py:137} INFO - Expecting value: line 1 column 1 (char 0)
[2023-05-07T04:19:30.831+0000] {helpers.py:92} ERROR - Expecting value: line 1 column 1 (char 0)
[2023-05-07T04:19:30.832+0000] {helpers.py:93} ERROR - Retrying! 2 attempts before skipping!
[2023-05-07T04:19:31.998+0000] {logging_mixin.py:137} INFO - Expecting value: line 1 column 1 (char 0)
[2023-05-07T04:19:32.000+0000] {helpers.py:92} ERROR - Expecting value: line 1 column 1 (char 0)
[2023-05-07T04:19:32.014+0000] {helpers.py:93} ERROR - Retrying! 1 attempts before skipping!
[2023-05-07T04:19:33.454+0000] {logging_mixin.py:137} INFO - Expecting value: line 1 column 1 (char 0)
[2023-05-07T04:19:33.455+0000] {helpers.py:92} ERROR - Expecting value: line 1 column 1 (char 0)
[2023-05-07T04:19:33.456+0000] {helpers.py:93} ERROR - Retrying! 0 attempts before skipping!
[2023-05-07T04:19:34.692+0000] {logging_mixin.py:137} INFO - Expecting value: line 1 column 1 (char 0)
[2023-05-07T04:19:34.694+0000] {helpers.py:92} ERROR - Expecting value: line 1 column 1 (char 0)
[2023-05-07T04:19:34.695+0000] {helpers.py:93} ERROR - Retrying! -1 attempts before skipping!
[2023-05-07T04:19:36.082+0000] {logging_mixin.py:137} INFO - Expecting value: line 1 column 1 (char 0)
[2023-05-07T04:19:36.083+0000] {helpers.py:92} ERROR - Expecting value: line 1 column 1 (char 0)
[2023-05-07T04:19:36.084+0000] {helpers.py:93} ERROR - Retrying! 9 attempts before skipping!
[2023-05-07T04:19:37.242+0000] {logging_mixin.py:137} INFO - Expecting value: line 1 column 1 (char 0)
[2023-05-07T04:19:37.243+0000] {helpers.py:92} ERROR - Expecting value: line 1 column 1 (char 0)
[2023-05-07T04:19:37.244+0000] {helpers.py:93} ERROR - Retrying! 8 attempts before skipping!
[2023-05-07T04:19:38.704+0000] {logging_mixin.py:137} INFO - Expecting value: line 1 column 1 (char 0)
[2023-05-07T04:19:38.717+0000] {helpers.py:92} ERROR - Expecting value: line 1 column 1 (char 0)
[2023-05-07T04:19:38.718+0000] {helpers.py:93} ERROR - Retrying! 7 attempts before skipping!
[2023-05-07T04:19:39.874+0000] {logging_mixin.py:137} INFO - Expecting value: line 1 column 1 (char 0)
[2023-05-07T04:19:39.880+0000] {helpers.py:92} ERROR - Expecting value: line 1 column 1 (char 0)
[2023-05-07T04:19:39.881+0000] {helpers.py:93} ERROR - Retrying! 6 attempts before skipping!
[2023-05-07T04:19:41.048+0000] {logging_mixin.py:137} INFO - Expecting value: line 1 column 1 (char 0)
[2023-05-07T04:19:41.050+0000] {helpers.py:92} ERROR - Expecting value: line 1 column 1 (char 0)
[2023-05-07T04:19:41.053+0000] {helpers.py:93} ERROR - Retrying! 5 attempts before skipping!
[2023-05-07T04:19:42.352+0000] {logging_mixin.py:137} INFO - Expecting value: line 1 column 1 (char 0)
[2023-05-07T04:19:42.353+0000] {helpers.py:92} ERROR - Expecting value: line 1 column 1 (char 0)
[2023-05-07T04:19:42.354+0000] {helpers.py:93} ERROR - Retrying! 4 attempts before skipping!
[2023-05-07T04:19:43.669+0000] {logging_mixin.py:137} INFO - Expecting value: line 1 column 1 (char 0)
[2023-05-07T04:19:43.670+0000] {helpers.py:92} ERROR - Expecting value: line 1 column 1 (char 0)
[2023-05-07T04:19:43.671+0000] {helpers.py:93} ERROR - Retrying! 3 attempts before skipping!
[2023-05-07T04:19:45.634+0000] {logging_mixin.py:137} INFO - Expecting value: line 1 column 1 (char 0)
[2023-05-07T04:19:45.637+0000] {helpers.py:92} ERROR - Expecting value: line 1 column 1 (char 0)
[2023-05-07T04:19:45.640+0000] {helpers.py:93} ERROR - Retrying! 2 attempts before skipping!
[2023-05-07T04:19:47.058+0000] {logging_mixin.py:137} INFO - Expecting value: line 1 column 1 (char 0)
[2023-05-07T04:19:47.060+0000] {helpers.py:92} ERROR - Expecting value: line 1 column 1 (char 0)
[2023-05-07T04:19:47.061+0000] {helpers.py:93} ERROR - Retrying! 1 attempts before skipping!
[2023-05-07T04:19:48.750+0000] {logging_mixin.py:137} INFO - Expecting value: line 1 column 1 (char 0)
[2023-05-07T04:19:48.811+0000] {helpers.py:92} ERROR - Expecting value: line 1 column 1 (char 0)
[2023-05-07T04:19:48.812+0000] {helpers.py:93} ERROR - Retrying! 0 attempts before skipping!
[2023-05-07T04:19:49.966+0000] {logging_mixin.py:137} INFO - Expecting value: line 1 column 1 (char 0)
[2023-05-07T04:19:50.036+0000] {helpers.py:92} ERROR - Expecting value: line 1 column 1 (char 0)
[2023-05-07T04:19:50.037+0000] {helpers.py:93} ERROR - Retrying! -1 attempts before skipping!
[2023-05-07T04:19:51.054+0000] {helpers.py:102} INFO - Saved in /opt/***/data/output_scrape_teams_25-30.csv
[2023-05-07T04:19:51.055+0000] {python.py:177} INFO - Done. Returned value was: None
[2023-05-07T04:19:51.074+0000] {taskinstance.py:1332} INFO - Marking task as SUCCESS. dag_id=scrape_and_save_to_csv, task_id=scrape_teams_25-30, execution_date=20220501T130000, start_date=20230507T041825, end_date=20230507T041951
[2023-05-07T04:19:51.197+0000] {local_task_job.py:212} INFO - Task exited with return code 0
[2023-05-07T04:19:51.231+0000] {taskinstance.py:2596} INFO - 0 downstream tasks scheduled from follow-on schedule check
[2023-05-07T06:38:53.087+0000] {taskinstance.py:1090} INFO - Dependencies all met for dep_context=non-requeueable deps ti=<TaskInstance: scrape_and_save_to_csv.scrape_teams_25-30 scheduled__2022-05-01T13:00:00+00:00 [queued]>
[2023-05-07T06:38:53.099+0000] {taskinstance.py:1090} INFO - Dependencies all met for dep_context=requeueable deps ti=<TaskInstance: scrape_and_save_to_csv.scrape_teams_25-30 scheduled__2022-05-01T13:00:00+00:00 [queued]>
[2023-05-07T06:38:53.101+0000] {taskinstance.py:1288} INFO - 
--------------------------------------------------------------------------------
[2023-05-07T06:38:53.102+0000] {taskinstance.py:1289} INFO - Starting attempt 1 of 1
[2023-05-07T06:38:53.105+0000] {taskinstance.py:1290} INFO - 
--------------------------------------------------------------------------------
[2023-05-07T06:38:53.115+0000] {taskinstance.py:1309} INFO - Executing <Task(PythonOperator): scrape_teams_25-30> on 2022-05-01 13:00:00+00:00
[2023-05-07T06:38:53.124+0000] {standard_task_runner.py:55} INFO - Started process 2777 to run task
[2023-05-07T06:38:53.130+0000] {standard_task_runner.py:82} INFO - Running: ['***', 'tasks', 'run', 'scrape_and_save_to_csv', 'scrape_teams_25-30', 'scheduled__2022-05-01T13:00:00+00:00', '--job-id', '2961', '--raw', '--subdir', 'DAGS_FOLDER/scrape_and_push_dag.py', '--cfg-path', '/tmp/tmphcdgjtph']
[2023-05-07T06:38:53.135+0000] {standard_task_runner.py:83} INFO - Job 2961: Subtask scrape_teams_25-30
[2023-05-07T06:38:53.262+0000] {task_command.py:389} INFO - Running <TaskInstance: scrape_and_save_to_csv.scrape_teams_25-30 scheduled__2022-05-01T13:00:00+00:00 [running]> on host 6589836e9c08
[2023-05-07T06:38:53.293+0000] {warnings.py:110} WARNING - /home/***/.local/lib/python3.7/site-packages/***/utils/context.py:205: AirflowContextDeprecationWarning: Accessing 'execution_date' from the template is deprecated and will be removed in a future version. Please use 'data_interval_start' or 'logical_date' instead.
  warnings.warn(_create_deprecation_warning(key, self._deprecation_replacements[key]))

[2023-05-07T06:38:53.330+0000] {taskinstance.py:1518} INFO - Exporting the following env vars:
AIRFLOW_CTX_DAG_OWNER=***
AIRFLOW_CTX_DAG_ID=scrape_and_save_to_csv
AIRFLOW_CTX_TASK_ID=scrape_teams_25-30
AIRFLOW_CTX_EXECUTION_DATE=2022-05-01T13:00:00+00:00
AIRFLOW_CTX_TRY_NUMBER=1
AIRFLOW_CTX_DAG_RUN_ID=scheduled__2022-05-01T13:00:00+00:00
[2023-05-07T06:38:54.031+0000] {helpers.py:86} INFO - Portland Trail Blazers: Successfully scraped!
[2023-05-07T06:38:54.567+0000] {helpers.py:86} INFO - Sacramento Kings: Successfully scraped!
[2023-05-07T06:38:55.180+0000] {helpers.py:86} INFO - San Antonio Spurs: Successfully scraped!
[2023-05-07T06:38:55.849+0000] {warnings.py:110} WARNING - /home/***/.local/lib/python3.7/site-packages/***/utils/context.py:313: AirflowContextDeprecationWarning: Accessing 'execution_date' from the template is deprecated and will be removed in a future version. Please use 'data_interval_start' or 'logical_date' instead.
  warnings.warn(_create_deprecation_warning(k, replacements))

[2023-05-07T06:38:55.868+0000] {helpers.py:86} INFO - Toronto Raptors: Successfully scraped!
[2023-05-07T06:38:56.583+0000] {helpers.py:86} INFO - Utah Jazz: Successfully scraped!
[2023-05-07T06:38:57.363+0000] {helpers.py:86} INFO - Washington Wizards: Successfully scraped!
[2023-05-07T06:38:57.369+0000] {helpers.py:102} INFO - Saved in /opt/***/data/output_scrape_teams_25-30.csv
[2023-05-07T06:38:57.371+0000] {python.py:177} INFO - Done. Returned value was: None
[2023-05-07T06:38:57.387+0000] {taskinstance.py:1332} INFO - Marking task as SUCCESS. dag_id=scrape_and_save_to_csv, task_id=scrape_teams_25-30, execution_date=20220501T130000, start_date=20230507T063853, end_date=20230507T063857
[2023-05-07T06:38:57.441+0000] {local_task_job.py:212} INFO - Task exited with return code 0
[2023-05-07T06:38:57.466+0000] {taskinstance.py:2596} INFO - 0 downstream tasks scheduled from follow-on schedule check
[2023-05-07T15:48:57.091+0000] {taskinstance.py:1090} INFO - Dependencies all met for dep_context=non-requeueable deps ti=<TaskInstance: scrape_and_save_to_csv.scrape_teams_25-30 scheduled__2022-05-01T13:00:00+00:00 [queued]>
[2023-05-07T15:48:57.107+0000] {taskinstance.py:1090} INFO - Dependencies all met for dep_context=requeueable deps ti=<TaskInstance: scrape_and_save_to_csv.scrape_teams_25-30 scheduled__2022-05-01T13:00:00+00:00 [queued]>
[2023-05-07T15:48:57.108+0000] {taskinstance.py:1288} INFO - 
--------------------------------------------------------------------------------
[2023-05-07T15:48:57.109+0000] {taskinstance.py:1289} INFO - Starting attempt 1 of 1
[2023-05-07T15:48:57.110+0000] {taskinstance.py:1290} INFO - 
--------------------------------------------------------------------------------
[2023-05-07T15:48:57.122+0000] {taskinstance.py:1309} INFO - Executing <Task(PythonOperator): scrape_teams_25-30> on 2022-05-01 13:00:00+00:00
[2023-05-07T15:48:57.131+0000] {standard_task_runner.py:55} INFO - Started process 4166 to run task
[2023-05-07T15:48:57.150+0000] {standard_task_runner.py:82} INFO - Running: ['***', 'tasks', 'run', 'scrape_and_save_to_csv', 'scrape_teams_25-30', 'scheduled__2022-05-01T13:00:00+00:00', '--job-id', '3042', '--raw', '--subdir', 'DAGS_FOLDER/scrape_and_push_dag.py', '--cfg-path', '/tmp/tmpk38qehc1']
[2023-05-07T15:48:57.162+0000] {standard_task_runner.py:83} INFO - Job 3042: Subtask scrape_teams_25-30
[2023-05-07T15:48:57.281+0000] {task_command.py:389} INFO - Running <TaskInstance: scrape_and_save_to_csv.scrape_teams_25-30 scheduled__2022-05-01T13:00:00+00:00 [running]> on host 6589836e9c08
[2023-05-07T15:48:57.351+0000] {warnings.py:110} WARNING - /home/***/.local/lib/python3.7/site-packages/***/utils/context.py:205: AirflowContextDeprecationWarning: Accessing 'execution_date' from the template is deprecated and will be removed in a future version. Please use 'data_interval_start' or 'logical_date' instead.
  warnings.warn(_create_deprecation_warning(key, self._deprecation_replacements[key]))

[2023-05-07T15:48:57.401+0000] {taskinstance.py:1518} INFO - Exporting the following env vars:
AIRFLOW_CTX_DAG_OWNER=***
AIRFLOW_CTX_DAG_ID=scrape_and_save_to_csv
AIRFLOW_CTX_TASK_ID=scrape_teams_25-30
AIRFLOW_CTX_EXECUTION_DATE=2022-05-01T13:00:00+00:00
AIRFLOW_CTX_TRY_NUMBER=1
AIRFLOW_CTX_DAG_RUN_ID=scheduled__2022-05-01T13:00:00+00:00
[2023-05-07T15:48:57.717+0000] {logging_mixin.py:137} INFO - Expecting value: line 1 column 1 (char 0)
[2023-05-07T15:48:57.718+0000] {helpers.py:93} ERROR - Expecting value: line 1 column 1 (char 0)
[2023-05-07T15:48:57.718+0000] {helpers.py:94} ERROR - Retrying! 9 attempts before skipping!
[2023-05-07T15:48:59.067+0000] {logging_mixin.py:137} INFO - Expecting value: line 1 column 1 (char 0)
[2023-05-07T15:48:59.069+0000] {helpers.py:93} ERROR - Expecting value: line 1 column 1 (char 0)
[2023-05-07T15:48:59.070+0000] {helpers.py:94} ERROR - Retrying! 8 attempts before skipping!
[2023-05-07T15:49:00.258+0000] {logging_mixin.py:137} INFO - Expecting value: line 1 column 1 (char 0)
[2023-05-07T15:49:00.259+0000] {helpers.py:93} ERROR - Expecting value: line 1 column 1 (char 0)
[2023-05-07T15:49:00.261+0000] {helpers.py:94} ERROR - Retrying! 7 attempts before skipping!
[2023-05-07T15:49:01.408+0000] {logging_mixin.py:137} INFO - Expecting value: line 1 column 1 (char 0)
[2023-05-07T15:49:01.409+0000] {helpers.py:93} ERROR - Expecting value: line 1 column 1 (char 0)
[2023-05-07T15:49:01.410+0000] {helpers.py:94} ERROR - Retrying! 6 attempts before skipping!
[2023-05-07T15:49:02.565+0000] {logging_mixin.py:137} INFO - Expecting value: line 1 column 1 (char 0)
[2023-05-07T15:49:02.566+0000] {helpers.py:93} ERROR - Expecting value: line 1 column 1 (char 0)
[2023-05-07T15:49:02.572+0000] {helpers.py:94} ERROR - Retrying! 5 attempts before skipping!
[2023-05-07T15:49:03.873+0000] {logging_mixin.py:137} INFO - Expecting value: line 1 column 1 (char 0)
[2023-05-07T15:49:03.874+0000] {helpers.py:93} ERROR - Expecting value: line 1 column 1 (char 0)
[2023-05-07T15:49:03.875+0000] {helpers.py:94} ERROR - Retrying! 4 attempts before skipping!
[2023-05-07T15:49:05.038+0000] {logging_mixin.py:137} INFO - Expecting value: line 1 column 1 (char 0)
[2023-05-07T15:49:05.040+0000] {helpers.py:93} ERROR - Expecting value: line 1 column 1 (char 0)
[2023-05-07T15:49:05.041+0000] {helpers.py:94} ERROR - Retrying! 3 attempts before skipping!
[2023-05-07T15:49:06.192+0000] {logging_mixin.py:137} INFO - Expecting value: line 1 column 1 (char 0)
[2023-05-07T15:49:06.194+0000] {helpers.py:93} ERROR - Expecting value: line 1 column 1 (char 0)
[2023-05-07T15:49:06.196+0000] {helpers.py:94} ERROR - Retrying! 2 attempts before skipping!
[2023-05-07T15:49:07.527+0000] {logging_mixin.py:137} INFO - Expecting value: line 1 column 1 (char 0)
[2023-05-07T15:49:07.528+0000] {helpers.py:93} ERROR - Expecting value: line 1 column 1 (char 0)
[2023-05-07T15:49:07.529+0000] {helpers.py:94} ERROR - Retrying! 1 attempts before skipping!
[2023-05-07T15:49:08.732+0000] {logging_mixin.py:137} INFO - Expecting value: line 1 column 1 (char 0)
[2023-05-07T15:49:08.745+0000] {helpers.py:93} ERROR - Expecting value: line 1 column 1 (char 0)
[2023-05-07T15:49:08.749+0000] {helpers.py:94} ERROR - Retrying! 0 attempts before skipping!
[2023-05-07T15:49:10.410+0000] {logging_mixin.py:137} INFO - Expecting value: line 1 column 1 (char 0)
[2023-05-07T15:49:10.413+0000] {helpers.py:93} ERROR - Expecting value: line 1 column 1 (char 0)
[2023-05-07T15:49:10.417+0000] {helpers.py:94} ERROR - Retrying! -1 attempts before skipping!
[2023-05-07T15:49:12.006+0000] {logging_mixin.py:137} INFO - Expecting value: line 1 column 1 (char 0)
[2023-05-07T15:49:12.008+0000] {helpers.py:93} ERROR - Expecting value: line 1 column 1 (char 0)
[2023-05-07T15:49:12.027+0000] {helpers.py:94} ERROR - Retrying! 9 attempts before skipping!
[2023-05-07T15:49:13.385+0000] {logging_mixin.py:137} INFO - Expecting value: line 1 column 1 (char 0)
[2023-05-07T15:49:13.386+0000] {helpers.py:93} ERROR - Expecting value: line 1 column 1 (char 0)
[2023-05-07T15:49:13.387+0000] {helpers.py:94} ERROR - Retrying! 8 attempts before skipping!
[2023-05-07T15:49:14.542+0000] {logging_mixin.py:137} INFO - Expecting value: line 1 column 1 (char 0)
[2023-05-07T15:49:14.545+0000] {helpers.py:93} ERROR - Expecting value: line 1 column 1 (char 0)
[2023-05-07T15:49:14.547+0000] {helpers.py:94} ERROR - Retrying! 7 attempts before skipping!
[2023-05-07T15:49:16.010+0000] {logging_mixin.py:137} INFO - Expecting value: line 1 column 1 (char 0)
[2023-05-07T15:49:16.012+0000] {helpers.py:93} ERROR - Expecting value: line 1 column 1 (char 0)
[2023-05-07T15:49:16.013+0000] {helpers.py:94} ERROR - Retrying! 6 attempts before skipping!
[2023-05-07T15:49:17.206+0000] {logging_mixin.py:137} INFO - Expecting value: line 1 column 1 (char 0)
[2023-05-07T15:49:17.208+0000] {helpers.py:93} ERROR - Expecting value: line 1 column 1 (char 0)
[2023-05-07T15:49:17.209+0000] {helpers.py:94} ERROR - Retrying! 5 attempts before skipping!
[2023-05-07T15:49:18.371+0000] {logging_mixin.py:137} INFO - Expecting value: line 1 column 1 (char 0)
[2023-05-07T15:49:18.372+0000] {helpers.py:93} ERROR - Expecting value: line 1 column 1 (char 0)
[2023-05-07T15:49:18.373+0000] {helpers.py:94} ERROR - Retrying! 4 attempts before skipping!
[2023-05-07T15:49:19.537+0000] {logging_mixin.py:137} INFO - Expecting value: line 1 column 1 (char 0)
[2023-05-07T15:49:19.540+0000] {helpers.py:93} ERROR - Expecting value: line 1 column 1 (char 0)
[2023-05-07T15:49:19.545+0000] {helpers.py:94} ERROR - Retrying! 3 attempts before skipping!
[2023-05-07T15:49:20.911+0000] {logging_mixin.py:137} INFO - Expecting value: line 1 column 1 (char 0)
[2023-05-07T15:49:20.913+0000] {helpers.py:93} ERROR - Expecting value: line 1 column 1 (char 0)
[2023-05-07T15:49:20.914+0000] {helpers.py:94} ERROR - Retrying! 2 attempts before skipping!
[2023-05-07T15:49:22.077+0000] {logging_mixin.py:137} INFO - Expecting value: line 1 column 1 (char 0)
[2023-05-07T15:49:22.079+0000] {helpers.py:93} ERROR - Expecting value: line 1 column 1 (char 0)
[2023-05-07T15:49:22.080+0000] {helpers.py:94} ERROR - Retrying! 1 attempts before skipping!
[2023-05-07T15:49:23.235+0000] {logging_mixin.py:137} INFO - Expecting value: line 1 column 1 (char 0)
[2023-05-07T15:49:23.237+0000] {helpers.py:93} ERROR - Expecting value: line 1 column 1 (char 0)
[2023-05-07T15:49:23.245+0000] {helpers.py:94} ERROR - Retrying! 0 attempts before skipping!
[2023-05-07T15:49:24.403+0000] {logging_mixin.py:137} INFO - Expecting value: line 1 column 1 (char 0)
[2023-05-07T15:49:24.405+0000] {helpers.py:93} ERROR - Expecting value: line 1 column 1 (char 0)
[2023-05-07T15:49:24.406+0000] {helpers.py:94} ERROR - Retrying! -1 attempts before skipping!
[2023-05-07T15:49:25.655+0000] {logging_mixin.py:137} INFO - Expecting value: line 1 column 1 (char 0)
[2023-05-07T15:49:25.670+0000] {helpers.py:93} ERROR - Expecting value: line 1 column 1 (char 0)
[2023-05-07T15:49:25.687+0000] {helpers.py:94} ERROR - Retrying! 9 attempts before skipping!
[2023-05-07T15:49:27.047+0000] {logging_mixin.py:137} INFO - Expecting value: line 1 column 1 (char 0)
[2023-05-07T15:49:27.048+0000] {helpers.py:93} ERROR - Expecting value: line 1 column 1 (char 0)
[2023-05-07T15:49:27.050+0000] {helpers.py:94} ERROR - Retrying! 8 attempts before skipping!
[2023-05-07T15:49:28.238+0000] {logging_mixin.py:137} INFO - Expecting value: line 1 column 1 (char 0)
[2023-05-07T15:49:28.239+0000] {helpers.py:93} ERROR - Expecting value: line 1 column 1 (char 0)
[2023-05-07T15:49:28.240+0000] {helpers.py:94} ERROR - Retrying! 7 attempts before skipping!
[2023-05-07T15:49:29.865+0000] {helpers.py:87} INFO - San Antonio Spurs: Successfully scraped!
[2023-05-07T15:49:30.283+0000] {logging_mixin.py:137} INFO - Expecting value: line 1 column 1 (char 0)
[2023-05-07T15:49:30.285+0000] {helpers.py:93} ERROR - Expecting value: line 1 column 1 (char 0)
[2023-05-07T15:49:30.287+0000] {helpers.py:94} ERROR - Retrying! 9 attempts before skipping!
[2023-05-07T15:49:31.817+0000] {logging_mixin.py:137} INFO - Expecting value: line 1 column 1 (char 0)
[2023-05-07T15:49:31.818+0000] {helpers.py:93} ERROR - Expecting value: line 1 column 1 (char 0)
[2023-05-07T15:49:31.819+0000] {helpers.py:94} ERROR - Retrying! 8 attempts before skipping!
[2023-05-07T15:49:33.017+0000] {logging_mixin.py:137} INFO - Expecting value: line 1 column 1 (char 0)
[2023-05-07T15:49:33.018+0000] {helpers.py:93} ERROR - Expecting value: line 1 column 1 (char 0)
[2023-05-07T15:49:33.029+0000] {helpers.py:94} ERROR - Retrying! 7 attempts before skipping!
[2023-05-07T15:49:34.384+0000] {logging_mixin.py:137} INFO - Expecting value: line 1 column 1 (char 0)
[2023-05-07T15:49:34.386+0000] {helpers.py:93} ERROR - Expecting value: line 1 column 1 (char 0)
[2023-05-07T15:49:34.397+0000] {helpers.py:94} ERROR - Retrying! 6 attempts before skipping!
[2023-05-07T15:49:35.742+0000] {logging_mixin.py:137} INFO - Expecting value: line 1 column 1 (char 0)
[2023-05-07T15:49:35.744+0000] {helpers.py:93} ERROR - Expecting value: line 1 column 1 (char 0)
[2023-05-07T15:49:35.745+0000] {helpers.py:94} ERROR - Retrying! 5 attempts before skipping!
[2023-05-07T15:49:36.903+0000] {logging_mixin.py:137} INFO - Expecting value: line 1 column 1 (char 0)
[2023-05-07T15:49:36.904+0000] {helpers.py:93} ERROR - Expecting value: line 1 column 1 (char 0)
[2023-05-07T15:49:36.905+0000] {helpers.py:94} ERROR - Retrying! 4 attempts before skipping!
[2023-05-07T15:49:38.097+0000] {logging_mixin.py:137} INFO - Expecting value: line 1 column 1 (char 0)
[2023-05-07T15:49:38.098+0000] {helpers.py:93} ERROR - Expecting value: line 1 column 1 (char 0)
[2023-05-07T15:49:38.099+0000] {helpers.py:94} ERROR - Retrying! 3 attempts before skipping!
[2023-05-07T15:49:39.250+0000] {logging_mixin.py:137} INFO - Expecting value: line 1 column 1 (char 0)
[2023-05-07T15:49:39.252+0000] {helpers.py:93} ERROR - Expecting value: line 1 column 1 (char 0)
[2023-05-07T15:49:39.257+0000] {helpers.py:94} ERROR - Retrying! 2 attempts before skipping!
[2023-05-07T15:49:40.501+0000] {logging_mixin.py:137} INFO - Expecting value: line 1 column 1 (char 0)
[2023-05-07T15:49:40.503+0000] {helpers.py:93} ERROR - Expecting value: line 1 column 1 (char 0)
[2023-05-07T15:49:40.504+0000] {helpers.py:94} ERROR - Retrying! 1 attempts before skipping!
[2023-05-07T15:49:41.820+0000] {logging_mixin.py:137} INFO - Expecting value: line 1 column 1 (char 0)
[2023-05-07T15:49:41.822+0000] {helpers.py:93} ERROR - Expecting value: line 1 column 1 (char 0)
[2023-05-07T15:49:41.825+0000] {helpers.py:94} ERROR - Retrying! 0 attempts before skipping!
[2023-05-07T15:49:42.987+0000] {logging_mixin.py:137} INFO - Expecting value: line 1 column 1 (char 0)
[2023-05-07T15:49:42.988+0000] {helpers.py:93} ERROR - Expecting value: line 1 column 1 (char 0)
[2023-05-07T15:49:42.989+0000] {helpers.py:94} ERROR - Retrying! -1 attempts before skipping!
[2023-05-07T15:49:44.318+0000] {logging_mixin.py:137} INFO - Expecting value: line 1 column 1 (char 0)
[2023-05-07T15:49:44.319+0000] {helpers.py:93} ERROR - Expecting value: line 1 column 1 (char 0)
[2023-05-07T15:49:44.321+0000] {helpers.py:94} ERROR - Retrying! 9 attempts before skipping!
[2023-05-07T15:49:45.773+0000] {logging_mixin.py:137} INFO - Expecting value: line 1 column 1 (char 0)
[2023-05-07T15:49:45.779+0000] {helpers.py:93} ERROR - Expecting value: line 1 column 1 (char 0)
[2023-05-07T15:49:45.786+0000] {helpers.py:94} ERROR - Retrying! 8 attempts before skipping!
[2023-05-07T15:49:46.959+0000] {logging_mixin.py:137} INFO - Expecting value: line 1 column 1 (char 0)
[2023-05-07T15:49:46.961+0000] {helpers.py:93} ERROR - Expecting value: line 1 column 1 (char 0)
[2023-05-07T15:49:46.963+0000] {helpers.py:94} ERROR - Retrying! 7 attempts before skipping!
[2023-05-07T15:49:48.121+0000] {logging_mixin.py:137} INFO - Expecting value: line 1 column 1 (char 0)
[2023-05-07T15:49:48.123+0000] {helpers.py:93} ERROR - Expecting value: line 1 column 1 (char 0)
[2023-05-07T15:49:48.124+0000] {helpers.py:94} ERROR - Retrying! 6 attempts before skipping!
[2023-05-07T15:49:49.282+0000] {logging_mixin.py:137} INFO - Expecting value: line 1 column 1 (char 0)
[2023-05-07T15:49:49.283+0000] {helpers.py:93} ERROR - Expecting value: line 1 column 1 (char 0)
[2023-05-07T15:49:49.320+0000] {helpers.py:94} ERROR - Retrying! 5 attempts before skipping!
[2023-05-07T15:49:50.477+0000] {logging_mixin.py:137} INFO - Expecting value: line 1 column 1 (char 0)
[2023-05-07T15:49:50.480+0000] {helpers.py:93} ERROR - Expecting value: line 1 column 1 (char 0)
[2023-05-07T15:49:50.482+0000] {helpers.py:94} ERROR - Retrying! 4 attempts before skipping!
[2023-05-07T15:49:51.958+0000] {logging_mixin.py:137} INFO - Expecting value: line 1 column 1 (char 0)
[2023-05-07T15:49:51.963+0000] {helpers.py:93} ERROR - Expecting value: line 1 column 1 (char 0)
[2023-05-07T15:49:51.966+0000] {helpers.py:94} ERROR - Retrying! 3 attempts before skipping!
[2023-05-07T15:49:53.116+0000] {logging_mixin.py:137} INFO - Expecting value: line 1 column 1 (char 0)
[2023-05-07T15:49:53.117+0000] {helpers.py:93} ERROR - Expecting value: line 1 column 1 (char 0)
[2023-05-07T15:49:53.119+0000] {helpers.py:94} ERROR - Retrying! 2 attempts before skipping!
[2023-05-07T15:49:54.284+0000] {logging_mixin.py:137} INFO - Expecting value: line 1 column 1 (char 0)
[2023-05-07T15:49:54.285+0000] {helpers.py:93} ERROR - Expecting value: line 1 column 1 (char 0)
[2023-05-07T15:49:54.298+0000] {helpers.py:94} ERROR - Retrying! 1 attempts before skipping!
[2023-05-07T15:49:55.465+0000] {logging_mixin.py:137} INFO - Expecting value: line 1 column 1 (char 0)
[2023-05-07T15:49:55.503+0000] {helpers.py:93} ERROR - Expecting value: line 1 column 1 (char 0)
[2023-05-07T15:49:55.504+0000] {helpers.py:94} ERROR - Retrying! 0 attempts before skipping!
[2023-05-07T15:49:56.665+0000] {logging_mixin.py:137} INFO - Expecting value: line 1 column 1 (char 0)
[2023-05-07T15:49:56.666+0000] {helpers.py:93} ERROR - Expecting value: line 1 column 1 (char 0)
[2023-05-07T15:49:56.667+0000] {helpers.py:94} ERROR - Retrying! -1 attempts before skipping!
[2023-05-07T15:49:58.012+0000] {logging_mixin.py:137} INFO - Expecting value: line 1 column 1 (char 0)
[2023-05-07T15:49:58.034+0000] {helpers.py:93} ERROR - Expecting value: line 1 column 1 (char 0)
[2023-05-07T15:49:58.036+0000] {helpers.py:94} ERROR - Retrying! 9 attempts before skipping!
[2023-05-07T15:49:59.437+0000] {logging_mixin.py:137} INFO - Expecting value: line 1 column 1 (char 0)
[2023-05-07T15:49:59.440+0000] {helpers.py:93} ERROR - Expecting value: line 1 column 1 (char 0)
[2023-05-07T15:49:59.442+0000] {helpers.py:94} ERROR - Retrying! 8 attempts before skipping!
[2023-05-07T15:50:00.698+0000] {logging_mixin.py:137} INFO - Expecting value: line 1 column 1 (char 0)
[2023-05-07T15:50:00.748+0000] {helpers.py:93} ERROR - Expecting value: line 1 column 1 (char 0)
[2023-05-07T15:50:00.749+0000] {helpers.py:94} ERROR - Retrying! 7 attempts before skipping!
[2023-05-07T15:50:01.942+0000] {logging_mixin.py:137} INFO - Expecting value: line 1 column 1 (char 0)
[2023-05-07T15:50:01.949+0000] {helpers.py:93} ERROR - Expecting value: line 1 column 1 (char 0)
[2023-05-07T15:50:01.952+0000] {helpers.py:94} ERROR - Retrying! 6 attempts before skipping!
[2023-05-07T15:50:03.123+0000] {logging_mixin.py:137} INFO - Expecting value: line 1 column 1 (char 0)
[2023-05-07T15:50:03.125+0000] {helpers.py:93} ERROR - Expecting value: line 1 column 1 (char 0)
[2023-05-07T15:50:03.127+0000] {helpers.py:94} ERROR - Retrying! 5 attempts before skipping!
[2023-05-07T15:50:04.285+0000] {logging_mixin.py:137} INFO - Expecting value: line 1 column 1 (char 0)
[2023-05-07T15:50:04.287+0000] {helpers.py:93} ERROR - Expecting value: line 1 column 1 (char 0)
[2023-05-07T15:50:04.289+0000] {helpers.py:94} ERROR - Retrying! 4 attempts before skipping!
[2023-05-07T15:50:05.447+0000] {logging_mixin.py:137} INFO - Expecting value: line 1 column 1 (char 0)
[2023-05-07T15:50:05.448+0000] {helpers.py:93} ERROR - Expecting value: line 1 column 1 (char 0)
[2023-05-07T15:50:05.449+0000] {helpers.py:94} ERROR - Retrying! 3 attempts before skipping!
[2023-05-07T15:50:06.758+0000] {logging_mixin.py:137} INFO - Expecting value: line 1 column 1 (char 0)
[2023-05-07T15:50:06.760+0000] {helpers.py:93} ERROR - Expecting value: line 1 column 1 (char 0)
[2023-05-07T15:50:06.760+0000] {helpers.py:94} ERROR - Retrying! 2 attempts before skipping!
[2023-05-07T15:50:07.933+0000] {logging_mixin.py:137} INFO - Expecting value: line 1 column 1 (char 0)
[2023-05-07T15:50:07.983+0000] {helpers.py:93} ERROR - Expecting value: line 1 column 1 (char 0)
[2023-05-07T15:50:07.984+0000] {helpers.py:94} ERROR - Retrying! 1 attempts before skipping!
[2023-05-07T15:50:09.383+0000] {logging_mixin.py:137} INFO - Expecting value: line 1 column 1 (char 0)
[2023-05-07T15:50:09.387+0000] {helpers.py:93} ERROR - Expecting value: line 1 column 1 (char 0)
[2023-05-07T15:50:09.392+0000] {helpers.py:94} ERROR - Retrying! 0 attempts before skipping!
[2023-05-07T15:50:10.640+0000] {logging_mixin.py:137} INFO - Expecting value: line 1 column 1 (char 0)
[2023-05-07T15:50:10.642+0000] {helpers.py:93} ERROR - Expecting value: line 1 column 1 (char 0)
[2023-05-07T15:50:10.643+0000] {helpers.py:94} ERROR - Retrying! -1 attempts before skipping!
[2023-05-07T15:50:11.671+0000] {helpers.py:103} INFO - Saved in /opt/***/data/output_scrape_teams_25-30.csv
[2023-05-07T15:50:11.673+0000] {python.py:177} INFO - Done. Returned value was: Empty DataFrame
Columns: []
Index: []
[2023-05-07T15:50:11.693+0000] {xcom.py:635} ERROR - Object of type DataFrame is not JSON serializable. If you are using pickle instead of JSON for XCom, then you need to enable pickle support for XCom in your *** config or make sure to decorate your object with attr.
[2023-05-07T15:50:11.696+0000] {taskinstance.py:1776} ERROR - Task failed with exception
Traceback (most recent call last):
  File "/home/airflow/.local/lib/python3.7/site-packages/airflow/utils/session.py", line 72, in wrapper
    return func(*args, **kwargs)
  File "/home/airflow/.local/lib/python3.7/site-packages/airflow/models/taskinstance.py", line 2305, in xcom_push
    session=session,
  File "/home/airflow/.local/lib/python3.7/site-packages/airflow/utils/session.py", line 72, in wrapper
    return func(*args, **kwargs)
  File "/home/airflow/.local/lib/python3.7/site-packages/airflow/models/xcom.py", line 240, in set
    map_index=map_index,
  File "/home/airflow/.local/lib/python3.7/site-packages/airflow/models/xcom.py", line 627, in serialize_value
    return json.dumps(value, cls=XComEncoder).encode("UTF-8")
  File "/usr/local/lib/python3.7/json/__init__.py", line 238, in dumps
    **kw).encode(obj)
  File "/home/airflow/.local/lib/python3.7/site-packages/airflow/utils/json.py", line 176, in encode
    return super().encode(o)
  File "/usr/local/lib/python3.7/json/encoder.py", line 199, in encode
    chunks = self.iterencode(o, _one_shot=True)
  File "/usr/local/lib/python3.7/json/encoder.py", line 257, in iterencode
    return _iterencode(o, 0)
  File "/home/airflow/.local/lib/python3.7/site-packages/airflow/utils/json.py", line 170, in default
    return super().default(o)
  File "/usr/local/lib/python3.7/json/encoder.py", line 179, in default
    raise TypeError(f'Object of type {o.__class__.__name__} '
TypeError: Object of type DataFrame is not JSON serializable
[2023-05-07T15:50:11.710+0000] {taskinstance.py:1332} INFO - Marking task as FAILED. dag_id=scrape_and_save_to_csv, task_id=scrape_teams_25-30, execution_date=20220501T130000, start_date=20230507T154857, end_date=20230507T155011
[2023-05-07T15:50:11.725+0000] {standard_task_runner.py:105} ERROR - Failed to execute job 3042 for task scrape_teams_25-30 (Object of type DataFrame is not JSON serializable; 4166)
[2023-05-07T15:50:11.758+0000] {local_task_job.py:212} INFO - Task exited with return code 1
[2023-05-07T15:50:11.786+0000] {taskinstance.py:2596} INFO - 0 downstream tasks scheduled from follow-on schedule check
[2023-05-08T23:46:30.513+0000] {taskinstance.py:1090} INFO - Dependencies all met for dep_context=non-requeueable deps ti=<TaskInstance: scrape_and_save_to_csv.scrape_teams_25-30 scheduled__2022-05-01T13:00:00+00:00 [queued]>
[2023-05-08T23:46:30.522+0000] {taskinstance.py:1090} INFO - Dependencies all met for dep_context=requeueable deps ti=<TaskInstance: scrape_and_save_to_csv.scrape_teams_25-30 scheduled__2022-05-01T13:00:00+00:00 [queued]>
[2023-05-08T23:46:30.523+0000] {taskinstance.py:1288} INFO - 
--------------------------------------------------------------------------------
[2023-05-08T23:46:30.525+0000] {taskinstance.py:1289} INFO - Starting attempt 1 of 1
[2023-05-08T23:46:30.525+0000] {taskinstance.py:1290} INFO - 
--------------------------------------------------------------------------------
[2023-05-08T23:46:30.536+0000] {taskinstance.py:1309} INFO - Executing <Task(PythonOperator): scrape_teams_25-30> on 2022-05-01 13:00:00+00:00
[2023-05-08T23:46:30.544+0000] {standard_task_runner.py:55} INFO - Started process 403 to run task
[2023-05-08T23:46:30.551+0000] {standard_task_runner.py:82} INFO - Running: ['***', 'tasks', 'run', 'scrape_and_save_to_csv', 'scrape_teams_25-30', 'scheduled__2022-05-01T13:00:00+00:00', '--job-id', '3157', '--raw', '--subdir', 'DAGS_FOLDER/scrape_and_push_dag.py', '--cfg-path', '/tmp/tmpxh_90r__']
[2023-05-08T23:46:30.554+0000] {standard_task_runner.py:83} INFO - Job 3157: Subtask scrape_teams_25-30
[2023-05-08T23:46:30.639+0000] {task_command.py:389} INFO - Running <TaskInstance: scrape_and_save_to_csv.scrape_teams_25-30 scheduled__2022-05-01T13:00:00+00:00 [running]> on host f41dbfa3d325
[2023-05-08T23:46:30.676+0000] {warnings.py:110} WARNING - /home/***/.local/lib/python3.7/site-packages/***/utils/context.py:205: AirflowContextDeprecationWarning: Accessing 'execution_date' from the template is deprecated and will be removed in a future version. Please use 'data_interval_start' or 'logical_date' instead.
  warnings.warn(_create_deprecation_warning(key, self._deprecation_replacements[key]))

[2023-05-08T23:46:30.728+0000] {taskinstance.py:1518} INFO - Exporting the following env vars:
AIRFLOW_CTX_DAG_OWNER=***
AIRFLOW_CTX_DAG_ID=scrape_and_save_to_csv
AIRFLOW_CTX_TASK_ID=scrape_teams_25-30
AIRFLOW_CTX_EXECUTION_DATE=2022-05-01T13:00:00+00:00
AIRFLOW_CTX_TRY_NUMBER=1
AIRFLOW_CTX_DAG_RUN_ID=scheduled__2022-05-01T13:00:00+00:00
[2023-05-08T23:46:30.731+0000] {taskinstance.py:1776} ERROR - Task failed with exception
Traceback (most recent call last):
  File "/home/airflow/.local/lib/python3.7/site-packages/airflow/operators/python.py", line 175, in execute
    return_value = self.execute_callable()
  File "/home/airflow/.local/lib/python3.7/site-packages/airflow/operators/python.py", line 192, in execute_callable
    return self.python_callable(*self.op_args, **self.op_kwargs)
  File "/opt/airflow/dags/helpers.py", line 59, in scrape_and_save
    after = datetime.fromisoformat(f"{{ execution_date }}")
ValueError: Invalid isoformat string: '{ execution_date }'
[2023-05-08T23:46:30.743+0000] {taskinstance.py:1332} INFO - Marking task as FAILED. dag_id=scrape_and_save_to_csv, task_id=scrape_teams_25-30, execution_date=20220501T130000, start_date=20230508T234630, end_date=20230508T234630
[2023-05-08T23:46:30.755+0000] {standard_task_runner.py:105} ERROR - Failed to execute job 3157 for task scrape_teams_25-30 (Invalid isoformat string: '{ execution_date }'; 403)
[2023-05-08T23:46:30.803+0000] {local_task_job.py:212} INFO - Task exited with return code 1
[2023-05-08T23:46:30.825+0000] {taskinstance.py:2596} INFO - 0 downstream tasks scheduled from follow-on schedule check
[2023-05-09T21:30:06.297+0000] {taskinstance.py:1090} INFO - Dependencies all met for dep_context=non-requeueable deps ti=<TaskInstance: scrape_and_save_to_csv.scrape_teams_25-30 scheduled__2022-05-01T13:00:00+00:00 [queued]>
[2023-05-09T21:30:06.309+0000] {taskinstance.py:1090} INFO - Dependencies all met for dep_context=requeueable deps ti=<TaskInstance: scrape_and_save_to_csv.scrape_teams_25-30 scheduled__2022-05-01T13:00:00+00:00 [queued]>
[2023-05-09T21:30:06.310+0000] {taskinstance.py:1288} INFO - 
--------------------------------------------------------------------------------
[2023-05-09T21:30:06.311+0000] {taskinstance.py:1289} INFO - Starting attempt 1 of 1
[2023-05-09T21:30:06.329+0000] {taskinstance.py:1290} INFO - 
--------------------------------------------------------------------------------
[2023-05-09T21:30:06.348+0000] {taskinstance.py:1309} INFO - Executing <Task(PythonOperator): scrape_teams_25-30> on 2022-05-01 13:00:00+00:00
[2023-05-09T21:30:06.360+0000] {standard_task_runner.py:55} INFO - Started process 12245 to run task
[2023-05-09T21:30:06.369+0000] {standard_task_runner.py:82} INFO - Running: ['***', 'tasks', 'run', 'scrape_and_save_to_csv', 'scrape_teams_25-30', 'scheduled__2022-05-01T13:00:00+00:00', '--job-id', '3366', '--raw', '--subdir', 'DAGS_FOLDER/scrape_and_push_dag.py', '--cfg-path', '/tmp/tmpxa2x9jvj']
[2023-05-09T21:30:06.376+0000] {standard_task_runner.py:83} INFO - Job 3366: Subtask scrape_teams_25-30
[2023-05-09T21:30:06.571+0000] {task_command.py:389} INFO - Running <TaskInstance: scrape_and_save_to_csv.scrape_teams_25-30 scheduled__2022-05-01T13:00:00+00:00 [running]> on host f41dbfa3d325
[2023-05-09T21:30:06.629+0000] {warnings.py:110} WARNING - /home/***/.local/lib/python3.7/site-packages/***/utils/context.py:205: AirflowContextDeprecationWarning: Accessing 'execution_date' from the template is deprecated and will be removed in a future version. Please use 'data_interval_start' or 'logical_date' instead.
  warnings.warn(_create_deprecation_warning(key, self._deprecation_replacements[key]))

[2023-05-09T21:30:06.687+0000] {taskinstance.py:1518} INFO - Exporting the following env vars:
AIRFLOW_CTX_DAG_OWNER=***
AIRFLOW_CTX_DAG_ID=scrape_and_save_to_csv
AIRFLOW_CTX_TASK_ID=scrape_teams_25-30
AIRFLOW_CTX_EXECUTION_DATE=2022-05-01T13:00:00+00:00
AIRFLOW_CTX_TRY_NUMBER=1
AIRFLOW_CTX_DAG_RUN_ID=scheduled__2022-05-01T13:00:00+00:00
[2023-05-09T21:30:10.807+0000] {helpers.py:94} INFO - Portland Trail Blazers: Successfully scraped!
[2023-05-09T21:30:22.863+0000] {helpers.py:94} INFO - Sacramento Kings: Successfully scraped!
[2023-05-09T21:30:39.242+0000] {helpers.py:94} INFO - San Antonio Spurs: Successfully scraped!
[2023-05-09T21:30:55.038+0000] {helpers.py:94} INFO - Toronto Raptors: Successfully scraped!
[2023-05-09T21:31:11.014+0000] {helpers.py:94} INFO - Utah Jazz: Successfully scraped!
[2023-05-09T21:31:27.926+0000] {helpers.py:94} INFO - Washington Wizards: Successfully scraped!
[2023-05-09T21:31:27.944+0000] {helpers.py:109} INFO - Saved in /opt/***/data/output_scrape_teams_25-30.csv
[2023-05-09T21:31:27.946+0000] {python.py:177} INFO - Done. Returned value was: None
[2023-05-09T21:31:27.969+0000] {taskinstance.py:1332} INFO - Marking task as SUCCESS. dag_id=scrape_and_save_to_csv, task_id=scrape_teams_25-30, execution_date=20220501T130000, start_date=20230509T213006, end_date=20230509T213127
[2023-05-09T21:31:28.089+0000] {local_task_job.py:212} INFO - Task exited with return code 0
[2023-05-09T21:31:28.118+0000] {taskinstance.py:2596} INFO - 0 downstream tasks scheduled from follow-on schedule check
