[2023-05-04T15:30:35.809+0000] {taskinstance.py:1090} INFO - Dependencies all met for dep_context=non-requeueable deps ti=<TaskInstance: scrape_and_save_to_csv.trigger_push_dag scheduled__2023-05-04T14:30:00+00:00 [queued]>
[2023-05-04T15:30:35.817+0000] {taskinstance.py:1090} INFO - Dependencies all met for dep_context=requeueable deps ti=<TaskInstance: scrape_and_save_to_csv.trigger_push_dag scheduled__2023-05-04T14:30:00+00:00 [queued]>
[2023-05-04T15:30:35.818+0000] {taskinstance.py:1288} INFO - 
--------------------------------------------------------------------------------
[2023-05-04T15:30:35.819+0000] {taskinstance.py:1289} INFO - Starting attempt 1 of 1
[2023-05-04T15:30:35.820+0000] {taskinstance.py:1290} INFO - 
--------------------------------------------------------------------------------
[2023-05-04T15:30:35.830+0000] {taskinstance.py:1309} INFO - Executing <Task(TriggerDagRunOperator): trigger_push_dag> on 2023-05-04 14:30:00+00:00
[2023-05-04T15:30:35.835+0000] {standard_task_runner.py:55} INFO - Started process 40656 to run task
[2023-05-04T15:30:35.839+0000] {standard_task_runner.py:82} INFO - Running: ['***', 'tasks', 'run', 'scrape_and_save_to_csv', 'trigger_push_dag', 'scheduled__2023-05-04T14:30:00+00:00', '--job-id', '2546', '--raw', '--subdir', 'DAGS_FOLDER/scrape_and_save_csv_dag.py', '--cfg-path', '/tmp/tmpuplzxbne']
[2023-05-04T15:30:35.843+0000] {standard_task_runner.py:83} INFO - Job 2546: Subtask trigger_push_dag
[2023-05-04T15:30:35.914+0000] {task_command.py:389} INFO - Running <TaskInstance: scrape_and_save_to_csv.trigger_push_dag scheduled__2023-05-04T14:30:00+00:00 [running]> on host 5d4cd8acb346
[2023-05-04T15:30:35.972+0000] {taskinstance.py:1518} INFO - Exporting the following env vars:
AIRFLOW_CTX_DAG_OWNER=***
AIRFLOW_CTX_DAG_ID=scrape_and_save_to_csv
AIRFLOW_CTX_TASK_ID=trigger_push_dag
AIRFLOW_CTX_EXECUTION_DATE=2023-05-04T14:30:00+00:00
AIRFLOW_CTX_TRY_NUMBER=1
AIRFLOW_CTX_DAG_RUN_ID=scheduled__2023-05-04T14:30:00+00:00
[2023-05-04T15:30:36.050+0000] {taskinstance.py:1332} INFO - Marking task as SUCCESS. dag_id=scrape_and_save_to_csv, task_id=trigger_push_dag, execution_date=20230504T143000, start_date=20230504T153035, end_date=20230504T153036
[2023-05-04T15:30:36.093+0000] {local_task_job.py:212} INFO - Task exited with return code 0
[2023-05-04T15:30:36.112+0000] {taskinstance.py:2596} INFO - 0 downstream tasks scheduled from follow-on schedule check
