[2023-05-01T15:48:43.015+0000] {taskinstance.py:1090} INFO - Dependencies all met for dep_context=non-requeueable deps ti=<TaskInstance: scrape_and_save_to_csv.scrape_teams_1-8 scheduled__2023-05-01T14:30:00+00:00 [queued]>
[2023-05-01T15:48:43.028+0000] {taskinstance.py:1090} INFO - Dependencies all met for dep_context=requeueable deps ti=<TaskInstance: scrape_and_save_to_csv.scrape_teams_1-8 scheduled__2023-05-01T14:30:00+00:00 [queued]>
[2023-05-01T15:48:43.029+0000] {taskinstance.py:1288} INFO - 
--------------------------------------------------------------------------------
[2023-05-01T15:48:43.030+0000] {taskinstance.py:1289} INFO - Starting attempt 1 of 1
[2023-05-01T15:48:43.033+0000] {taskinstance.py:1290} INFO - 
--------------------------------------------------------------------------------
[2023-05-01T15:48:43.059+0000] {taskinstance.py:1309} INFO - Executing <Task(PythonOperator): scrape_teams_1-8> on 2023-05-01 14:30:00+00:00
[2023-05-01T15:48:43.066+0000] {standard_task_runner.py:55} INFO - Started process 5917 to run task
[2023-05-01T15:48:43.073+0000] {standard_task_runner.py:82} INFO - Running: ['***', 'tasks', 'run', 'scrape_and_save_to_csv', 'scrape_teams_1-8', 'scheduled__2023-05-01T14:30:00+00:00', '--job-id', '2063', '--raw', '--subdir', 'DAGS_FOLDER/scrape_and_save_csv_dag.py', '--cfg-path', '/tmp/tmpglz_m2y_']
[2023-05-01T15:48:43.082+0000] {standard_task_runner.py:83} INFO - Job 2063: Subtask scrape_teams_1-8
[2023-05-01T15:48:43.190+0000] {task_command.py:389} INFO - Running <TaskInstance: scrape_and_save_to_csv.scrape_teams_1-8 scheduled__2023-05-01T14:30:00+00:00 [running]> on host 5d4cd8acb346
[2023-05-01T15:48:43.303+0000] {taskinstance.py:1518} INFO - Exporting the following env vars:
AIRFLOW_CTX_DAG_OWNER=***
AIRFLOW_CTX_DAG_ID=scrape_and_save_to_csv
AIRFLOW_CTX_TASK_ID=scrape_teams_1-8
AIRFLOW_CTX_EXECUTION_DATE=2023-05-01T14:30:00+00:00
AIRFLOW_CTX_TRY_NUMBER=1
AIRFLOW_CTX_DAG_RUN_ID=scheduled__2023-05-01T14:30:00+00:00
[2023-05-01T15:48:43.321+0000] {logging_mixin.py:137} INFO - HTTPSConnectionPool(host='api.pushshift.io', port=443): Max retries exceeded with url: /reddit/search/submission/?subreddit=AtlantaHawks&sort=created_utc&sort_type=desc&size=500 (Caused by NewConnectionError('<urllib3.connection.HTTPSConnection object at 0xffffa0052a50>: Failed to establish a new connection: [Errno -2] Name or service not known'))
[2023-05-01T15:48:43.322+0000] {helpers.py:86} ERROR - HTTPSConnectionPool(host='api.pushshift.io', port=443): Max retries exceeded with url: /reddit/search/submission/?subreddit=AtlantaHawks&sort=created_utc&sort_type=desc&size=500 (Caused by NewConnectionError('<urllib3.connection.HTTPSConnection object at 0xffffa0052a50>: Failed to establish a new connection: [Errno -2] Name or service not known'))
[2023-05-01T15:48:43.324+0000] {helpers.py:87} ERROR - Retrying! 9 attempts before skipping!
[2023-05-01T15:48:44.336+0000] {logging_mixin.py:137} INFO - HTTPSConnectionPool(host='api.pushshift.io', port=443): Max retries exceeded with url: /reddit/search/submission/?subreddit=AtlantaHawks&sort=created_utc&sort_type=desc&size=500 (Caused by NewConnectionError('<urllib3.connection.HTTPSConnection object at 0xffffa0052c50>: Failed to establish a new connection: [Errno -2] Name or service not known'))
[2023-05-01T15:48:44.337+0000] {helpers.py:86} ERROR - HTTPSConnectionPool(host='api.pushshift.io', port=443): Max retries exceeded with url: /reddit/search/submission/?subreddit=AtlantaHawks&sort=created_utc&sort_type=desc&size=500 (Caused by NewConnectionError('<urllib3.connection.HTTPSConnection object at 0xffffa0052c50>: Failed to establish a new connection: [Errno -2] Name or service not known'))
[2023-05-01T15:48:44.338+0000] {helpers.py:87} ERROR - Retrying! 8 attempts before skipping!
[2023-05-01T15:48:45.354+0000] {logging_mixin.py:137} INFO - HTTPSConnectionPool(host='api.pushshift.io', port=443): Max retries exceeded with url: /reddit/search/submission/?subreddit=AtlantaHawks&sort=created_utc&sort_type=desc&size=500 (Caused by NewConnectionError('<urllib3.connection.HTTPSConnection object at 0xffffa0052a90>: Failed to establish a new connection: [Errno -2] Name or service not known'))
[2023-05-01T15:48:45.356+0000] {helpers.py:86} ERROR - HTTPSConnectionPool(host='api.pushshift.io', port=443): Max retries exceeded with url: /reddit/search/submission/?subreddit=AtlantaHawks&sort=created_utc&sort_type=desc&size=500 (Caused by NewConnectionError('<urllib3.connection.HTTPSConnection object at 0xffffa0052a90>: Failed to establish a new connection: [Errno -2] Name or service not known'))
[2023-05-01T15:48:45.358+0000] {helpers.py:87} ERROR - Retrying! 7 attempts before skipping!
[2023-05-01T15:48:46.377+0000] {logging_mixin.py:137} INFO - HTTPSConnectionPool(host='api.pushshift.io', port=443): Max retries exceeded with url: /reddit/search/submission/?subreddit=AtlantaHawks&sort=created_utc&sort_type=desc&size=500 (Caused by NewConnectionError('<urllib3.connection.HTTPSConnection object at 0xffffa0052990>: Failed to establish a new connection: [Errno -2] Name or service not known'))
[2023-05-01T15:48:46.379+0000] {helpers.py:86} ERROR - HTTPSConnectionPool(host='api.pushshift.io', port=443): Max retries exceeded with url: /reddit/search/submission/?subreddit=AtlantaHawks&sort=created_utc&sort_type=desc&size=500 (Caused by NewConnectionError('<urllib3.connection.HTTPSConnection object at 0xffffa0052990>: Failed to establish a new connection: [Errno -2] Name or service not known'))
[2023-05-01T15:48:46.381+0000] {helpers.py:87} ERROR - Retrying! 6 attempts before skipping!
[2023-05-01T15:48:47.410+0000] {logging_mixin.py:137} INFO - HTTPSConnectionPool(host='api.pushshift.io', port=443): Max retries exceeded with url: /reddit/search/submission/?subreddit=AtlantaHawks&sort=created_utc&sort_type=desc&size=500 (Caused by NewConnectionError('<urllib3.connection.HTTPSConnection object at 0xffffa0052d90>: Failed to establish a new connection: [Errno -2] Name or service not known'))
[2023-05-01T15:48:47.414+0000] {helpers.py:86} ERROR - HTTPSConnectionPool(host='api.pushshift.io', port=443): Max retries exceeded with url: /reddit/search/submission/?subreddit=AtlantaHawks&sort=created_utc&sort_type=desc&size=500 (Caused by NewConnectionError('<urllib3.connection.HTTPSConnection object at 0xffffa0052d90>: Failed to establish a new connection: [Errno -2] Name or service not known'))
[2023-05-01T15:48:47.415+0000] {helpers.py:87} ERROR - Retrying! 5 attempts before skipping!
[2023-05-01T15:48:48.428+0000] {logging_mixin.py:137} INFO - HTTPSConnectionPool(host='api.pushshift.io', port=443): Max retries exceeded with url: /reddit/search/submission/?subreddit=AtlantaHawks&sort=created_utc&sort_type=desc&size=500 (Caused by NewConnectionError('<urllib3.connection.HTTPSConnection object at 0xffffa0052c90>: Failed to establish a new connection: [Errno -2] Name or service not known'))
[2023-05-01T15:48:48.429+0000] {helpers.py:86} ERROR - HTTPSConnectionPool(host='api.pushshift.io', port=443): Max retries exceeded with url: /reddit/search/submission/?subreddit=AtlantaHawks&sort=created_utc&sort_type=desc&size=500 (Caused by NewConnectionError('<urllib3.connection.HTTPSConnection object at 0xffffa0052c90>: Failed to establish a new connection: [Errno -2] Name or service not known'))
[2023-05-01T15:48:48.430+0000] {helpers.py:87} ERROR - Retrying! 4 attempts before skipping!
[2023-05-01T15:48:49.457+0000] {logging_mixin.py:137} INFO - HTTPSConnectionPool(host='api.pushshift.io', port=443): Max retries exceeded with url: /reddit/search/submission/?subreddit=AtlantaHawks&sort=created_utc&sort_type=desc&size=500 (Caused by NewConnectionError('<urllib3.connection.HTTPSConnection object at 0xffffa0052c50>: Failed to establish a new connection: [Errno -2] Name or service not known'))
[2023-05-01T15:48:49.461+0000] {helpers.py:86} ERROR - HTTPSConnectionPool(host='api.pushshift.io', port=443): Max retries exceeded with url: /reddit/search/submission/?subreddit=AtlantaHawks&sort=created_utc&sort_type=desc&size=500 (Caused by NewConnectionError('<urllib3.connection.HTTPSConnection object at 0xffffa0052c50>: Failed to establish a new connection: [Errno -2] Name or service not known'))
[2023-05-01T15:48:49.468+0000] {helpers.py:87} ERROR - Retrying! 3 attempts before skipping!
[2023-05-01T15:48:50.491+0000] {logging_mixin.py:137} INFO - HTTPSConnectionPool(host='api.pushshift.io', port=443): Max retries exceeded with url: /reddit/search/submission/?subreddit=AtlantaHawks&sort=created_utc&sort_type=desc&size=500 (Caused by NewConnectionError('<urllib3.connection.HTTPSConnection object at 0xffffa0052a90>: Failed to establish a new connection: [Errno -2] Name or service not known'))
[2023-05-01T15:48:50.496+0000] {helpers.py:86} ERROR - HTTPSConnectionPool(host='api.pushshift.io', port=443): Max retries exceeded with url: /reddit/search/submission/?subreddit=AtlantaHawks&sort=created_utc&sort_type=desc&size=500 (Caused by NewConnectionError('<urllib3.connection.HTTPSConnection object at 0xffffa0052a90>: Failed to establish a new connection: [Errno -2] Name or service not known'))
[2023-05-01T15:48:50.497+0000] {helpers.py:87} ERROR - Retrying! 2 attempts before skipping!
[2023-05-01T15:48:51.525+0000] {logging_mixin.py:137} INFO - HTTPSConnectionPool(host='api.pushshift.io', port=443): Max retries exceeded with url: /reddit/search/submission/?subreddit=AtlantaHawks&sort=created_utc&sort_type=desc&size=500 (Caused by NewConnectionError('<urllib3.connection.HTTPSConnection object at 0xffffa0052990>: Failed to establish a new connection: [Errno -2] Name or service not known'))
[2023-05-01T15:48:51.526+0000] {helpers.py:86} ERROR - HTTPSConnectionPool(host='api.pushshift.io', port=443): Max retries exceeded with url: /reddit/search/submission/?subreddit=AtlantaHawks&sort=created_utc&sort_type=desc&size=500 (Caused by NewConnectionError('<urllib3.connection.HTTPSConnection object at 0xffffa0052990>: Failed to establish a new connection: [Errno -2] Name or service not known'))
[2023-05-01T15:48:51.536+0000] {helpers.py:87} ERROR - Retrying! 1 attempts before skipping!
[2023-05-01T15:48:52.564+0000] {logging_mixin.py:137} INFO - HTTPSConnectionPool(host='api.pushshift.io', port=443): Max retries exceeded with url: /reddit/search/submission/?subreddit=AtlantaHawks&sort=created_utc&sort_type=desc&size=500 (Caused by NewConnectionError('<urllib3.connection.HTTPSConnection object at 0xffffa0052d90>: Failed to establish a new connection: [Errno -2] Name or service not known'))
[2023-05-01T15:48:52.566+0000] {helpers.py:86} ERROR - HTTPSConnectionPool(host='api.pushshift.io', port=443): Max retries exceeded with url: /reddit/search/submission/?subreddit=AtlantaHawks&sort=created_utc&sort_type=desc&size=500 (Caused by NewConnectionError('<urllib3.connection.HTTPSConnection object at 0xffffa0052d90>: Failed to establish a new connection: [Errno -2] Name or service not known'))
[2023-05-01T15:48:52.567+0000] {helpers.py:87} ERROR - Retrying! 0 attempts before skipping!
[2023-05-01T15:48:53.597+0000] {logging_mixin.py:137} INFO - HTTPSConnectionPool(host='api.pushshift.io', port=443): Max retries exceeded with url: /reddit/search/submission/?subreddit=AtlantaHawks&sort=created_utc&sort_type=desc&size=500 (Caused by NewConnectionError('<urllib3.connection.HTTPSConnection object at 0xffffa0052c90>: Failed to establish a new connection: [Errno -2] Name or service not known'))
[2023-05-01T15:48:53.602+0000] {helpers.py:86} ERROR - HTTPSConnectionPool(host='api.pushshift.io', port=443): Max retries exceeded with url: /reddit/search/submission/?subreddit=AtlantaHawks&sort=created_utc&sort_type=desc&size=500 (Caused by NewConnectionError('<urllib3.connection.HTTPSConnection object at 0xffffa0052c90>: Failed to establish a new connection: [Errno -2] Name or service not known'))
[2023-05-01T15:48:53.605+0000] {helpers.py:87} ERROR - Retrying! -1 attempts before skipping!
[2023-05-01T15:48:54.630+0000] {logging_mixin.py:137} INFO - HTTPSConnectionPool(host='api.pushshift.io', port=443): Max retries exceeded with url: /reddit/search/submission/?subreddit=bostonceltics&sort=created_utc&sort_type=desc&size=500 (Caused by NewConnectionError('<urllib3.connection.HTTPSConnection object at 0xffffa0052890>: Failed to establish a new connection: [Errno -2] Name or service not known'))
[2023-05-01T15:48:54.637+0000] {helpers.py:86} ERROR - HTTPSConnectionPool(host='api.pushshift.io', port=443): Max retries exceeded with url: /reddit/search/submission/?subreddit=bostonceltics&sort=created_utc&sort_type=desc&size=500 (Caused by NewConnectionError('<urllib3.connection.HTTPSConnection object at 0xffffa0052890>: Failed to establish a new connection: [Errno -2] Name or service not known'))
[2023-05-01T15:48:54.642+0000] {helpers.py:87} ERROR - Retrying! 9 attempts before skipping!
[2023-05-01T15:48:55.668+0000] {logging_mixin.py:137} INFO - HTTPSConnectionPool(host='api.pushshift.io', port=443): Max retries exceeded with url: /reddit/search/submission/?subreddit=bostonceltics&sort=created_utc&sort_type=desc&size=500 (Caused by NewConnectionError('<urllib3.connection.HTTPSConnection object at 0xffffa0052b50>: Failed to establish a new connection: [Errno -2] Name or service not known'))
[2023-05-01T15:48:55.674+0000] {helpers.py:86} ERROR - HTTPSConnectionPool(host='api.pushshift.io', port=443): Max retries exceeded with url: /reddit/search/submission/?subreddit=bostonceltics&sort=created_utc&sort_type=desc&size=500 (Caused by NewConnectionError('<urllib3.connection.HTTPSConnection object at 0xffffa0052b50>: Failed to establish a new connection: [Errno -2] Name or service not known'))
[2023-05-01T15:48:55.677+0000] {helpers.py:87} ERROR - Retrying! 8 attempts before skipping!
[2023-05-01T15:48:56.689+0000] {logging_mixin.py:137} INFO - HTTPSConnectionPool(host='api.pushshift.io', port=443): Max retries exceeded with url: /reddit/search/submission/?subreddit=bostonceltics&sort=created_utc&sort_type=desc&size=500 (Caused by NewConnectionError('<urllib3.connection.HTTPSConnection object at 0xffffa0052fd0>: Failed to establish a new connection: [Errno -2] Name or service not known'))
[2023-05-01T15:48:56.691+0000] {helpers.py:86} ERROR - HTTPSConnectionPool(host='api.pushshift.io', port=443): Max retries exceeded with url: /reddit/search/submission/?subreddit=bostonceltics&sort=created_utc&sort_type=desc&size=500 (Caused by NewConnectionError('<urllib3.connection.HTTPSConnection object at 0xffffa0052fd0>: Failed to establish a new connection: [Errno -2] Name or service not known'))
[2023-05-01T15:48:56.693+0000] {helpers.py:87} ERROR - Retrying! 7 attempts before skipping!
[2023-05-01T15:49:01.510+0000] {warnings.py:110} WARNING - /home/***/.local/lib/python3.7/site-packages/***/utils/context.py:313: AirflowContextDeprecationWarning: Accessing 'execution_date' from the template is deprecated and will be removed in a future version. Please use 'data_interval_start' or 'logical_date' instead.
  warnings.warn(_create_deprecation_warning(k, replacements))

[2023-05-01T15:49:02.361+0000] {helpers.py:80} INFO - Boston Celtics: Successfully scraped!
[2023-05-01T15:49:08.117+0000] {helpers.py:80} INFO - Brooklyn Nets: Successfully scraped!
[2023-05-01T15:49:12.956+0000] {helpers.py:80} INFO - Charlotte Hornets: Successfully scraped!
[2023-05-01T15:49:18.098+0000] {helpers.py:80} INFO - Chicago Bulls: Successfully scraped!
[2023-05-01T15:49:22.076+0000] {helpers.py:80} INFO - Cleveland Cavaliers: Successfully scraped!
[2023-05-01T15:49:25.592+0000] {helpers.py:80} INFO - Dallas Mavericks: Successfully scraped!
[2023-05-01T15:49:30.327+0000] {helpers.py:80} INFO - Denver Nuggets: Successfully scraped!
[2023-05-01T15:49:30.352+0000] {helpers.py:96} INFO - Saved in /opt/***/data/output_scrape_teams_1-8.csv
[2023-05-01T15:49:30.355+0000] {python.py:177} INFO - Done. Returned value was: None
[2023-05-01T15:49:30.367+0000] {taskinstance.py:1332} INFO - Marking task as SUCCESS. dag_id=scrape_and_save_to_csv, task_id=scrape_teams_1-8, execution_date=20230501T143000, start_date=20230501T154843, end_date=20230501T154930
[2023-05-01T15:49:30.415+0000] {local_task_job.py:212} INFO - Task exited with return code 0
[2023-05-01T15:49:30.437+0000] {taskinstance.py:2596} INFO - 1 downstream tasks scheduled from follow-on schedule check
