[2023-05-01T07:48:14.288+0000] {taskinstance.py:1090} INFO - Dependencies all met for dep_context=non-requeueable deps ti=<TaskInstance: scrape_and_save_to_csv.scrape_teams_25-30 scheduled__2023-05-01T06:30:00+00:00 [queued]>
[2023-05-01T07:48:14.741+0000] {taskinstance.py:1090} INFO - Dependencies all met for dep_context=requeueable deps ti=<TaskInstance: scrape_and_save_to_csv.scrape_teams_25-30 scheduled__2023-05-01T06:30:00+00:00 [queued]>
[2023-05-01T07:48:14.803+0000] {taskinstance.py:1288} INFO - 
--------------------------------------------------------------------------------
[2023-05-01T07:48:14.807+0000] {taskinstance.py:1289} INFO - Starting attempt 1 of 1
[2023-05-01T07:48:14.817+0000] {taskinstance.py:1290} INFO - 
--------------------------------------------------------------------------------
[2023-05-01T07:48:14.907+0000] {taskinstance.py:1309} INFO - Executing <Task(PythonOperator): scrape_teams_25-30> on 2023-05-01 06:30:00+00:00
[2023-05-01T07:48:14.947+0000] {standard_task_runner.py:55} INFO - Started process 5683 to run task
[2023-05-01T07:48:14.953+0000] {standard_task_runner.py:82} INFO - Running: ['***', 'tasks', 'run', 'scrape_and_save_to_csv', 'scrape_teams_25-30', 'scheduled__2023-05-01T06:30:00+00:00', '--job-id', '2019', '--raw', '--subdir', 'DAGS_FOLDER/scrape_and_save_csv_dag.py', '--cfg-path', '/tmp/tmp9issv278']
[2023-05-01T07:48:14.961+0000] {standard_task_runner.py:83} INFO - Job 2019: Subtask scrape_teams_25-30
[2023-05-01T07:48:15.183+0000] {task_command.py:389} INFO - Running <TaskInstance: scrape_and_save_to_csv.scrape_teams_25-30 scheduled__2023-05-01T06:30:00+00:00 [running]> on host 5d4cd8acb346
[2023-05-01T07:48:15.353+0000] {taskinstance.py:1518} INFO - Exporting the following env vars:
AIRFLOW_CTX_DAG_OWNER=***
AIRFLOW_CTX_DAG_ID=scrape_and_save_to_csv
AIRFLOW_CTX_TASK_ID=scrape_teams_25-30
AIRFLOW_CTX_EXECUTION_DATE=2023-05-01T06:30:00+00:00
AIRFLOW_CTX_TRY_NUMBER=1
AIRFLOW_CTX_DAG_RUN_ID=scheduled__2023-05-01T06:30:00+00:00
[2023-05-01T07:48:15.368+0000] {logging_mixin.py:137} INFO - HTTPSConnectionPool(host='api.pushshift.io', port=443): Max retries exceeded with url: /reddit/search/submission/?subreddit=ripcity&sort=created_utc&sort_type=desc&size=500 (Caused by NewConnectionError('<urllib3.connection.HTTPSConnection object at 0xffffa0048150>: Failed to establish a new connection: [Errno -2] Name or service not known'))
[2023-05-01T07:48:15.379+0000] {helpers.py:86} ERROR - HTTPSConnectionPool(host='api.pushshift.io', port=443): Max retries exceeded with url: /reddit/search/submission/?subreddit=ripcity&sort=created_utc&sort_type=desc&size=500 (Caused by NewConnectionError('<urllib3.connection.HTTPSConnection object at 0xffffa0048150>: Failed to establish a new connection: [Errno -2] Name or service not known'))
[2023-05-01T07:48:15.382+0000] {helpers.py:87} ERROR - Retrying! 9 attempts before skipping!
[2023-05-01T07:48:16.400+0000] {logging_mixin.py:137} INFO - HTTPSConnectionPool(host='api.pushshift.io', port=443): Max retries exceeded with url: /reddit/search/submission/?subreddit=ripcity&sort=created_utc&sort_type=desc&size=500 (Caused by NewConnectionError('<urllib3.connection.HTTPSConnection object at 0xffffa0053650>: Failed to establish a new connection: [Errno -2] Name or service not known'))
[2023-05-01T07:48:16.404+0000] {helpers.py:86} ERROR - HTTPSConnectionPool(host='api.pushshift.io', port=443): Max retries exceeded with url: /reddit/search/submission/?subreddit=ripcity&sort=created_utc&sort_type=desc&size=500 (Caused by NewConnectionError('<urllib3.connection.HTTPSConnection object at 0xffffa0053650>: Failed to establish a new connection: [Errno -2] Name or service not known'))
[2023-05-01T07:48:16.407+0000] {helpers.py:87} ERROR - Retrying! 8 attempts before skipping!
[2023-05-01T07:48:17.417+0000] {logging_mixin.py:137} INFO - HTTPSConnectionPool(host='api.pushshift.io', port=443): Max retries exceeded with url: /reddit/search/submission/?subreddit=ripcity&sort=created_utc&sort_type=desc&size=500 (Caused by NewConnectionError('<urllib3.connection.HTTPSConnection object at 0xffffa0053110>: Failed to establish a new connection: [Errno -2] Name or service not known'))
[2023-05-01T07:48:17.420+0000] {helpers.py:86} ERROR - HTTPSConnectionPool(host='api.pushshift.io', port=443): Max retries exceeded with url: /reddit/search/submission/?subreddit=ripcity&sort=created_utc&sort_type=desc&size=500 (Caused by NewConnectionError('<urllib3.connection.HTTPSConnection object at 0xffffa0053110>: Failed to establish a new connection: [Errno -2] Name or service not known'))
[2023-05-01T07:48:17.422+0000] {helpers.py:87} ERROR - Retrying! 7 attempts before skipping!
[2023-05-01T07:48:18.434+0000] {logging_mixin.py:137} INFO - HTTPSConnectionPool(host='api.pushshift.io', port=443): Max retries exceeded with url: /reddit/search/submission/?subreddit=ripcity&sort=created_utc&sort_type=desc&size=500 (Caused by NewConnectionError('<urllib3.connection.HTTPSConnection object at 0xffffa0053650>: Failed to establish a new connection: [Errno -2] Name or service not known'))
[2023-05-01T07:48:18.436+0000] {helpers.py:86} ERROR - HTTPSConnectionPool(host='api.pushshift.io', port=443): Max retries exceeded with url: /reddit/search/submission/?subreddit=ripcity&sort=created_utc&sort_type=desc&size=500 (Caused by NewConnectionError('<urllib3.connection.HTTPSConnection object at 0xffffa0053650>: Failed to establish a new connection: [Errno -2] Name or service not known'))
[2023-05-01T07:48:18.440+0000] {helpers.py:87} ERROR - Retrying! 6 attempts before skipping!
[2023-05-01T07:48:19.455+0000] {logging_mixin.py:137} INFO - HTTPSConnectionPool(host='api.pushshift.io', port=443): Max retries exceeded with url: /reddit/search/submission/?subreddit=ripcity&sort=created_utc&sort_type=desc&size=500 (Caused by NewConnectionError('<urllib3.connection.HTTPSConnection object at 0xffffa0053110>: Failed to establish a new connection: [Errno -2] Name or service not known'))
[2023-05-01T07:48:19.457+0000] {helpers.py:86} ERROR - HTTPSConnectionPool(host='api.pushshift.io', port=443): Max retries exceeded with url: /reddit/search/submission/?subreddit=ripcity&sort=created_utc&sort_type=desc&size=500 (Caused by NewConnectionError('<urllib3.connection.HTTPSConnection object at 0xffffa0053110>: Failed to establish a new connection: [Errno -2] Name or service not known'))
[2023-05-01T07:48:19.459+0000] {helpers.py:87} ERROR - Retrying! 5 attempts before skipping!
[2023-05-01T07:48:20.478+0000] {logging_mixin.py:137} INFO - HTTPSConnectionPool(host='api.pushshift.io', port=443): Max retries exceeded with url: /reddit/search/submission/?subreddit=ripcity&sort=created_utc&sort_type=desc&size=500 (Caused by NewConnectionError('<urllib3.connection.HTTPSConnection object at 0xffffa0053650>: Failed to establish a new connection: [Errno -2] Name or service not known'))
[2023-05-01T07:48:20.481+0000] {helpers.py:86} ERROR - HTTPSConnectionPool(host='api.pushshift.io', port=443): Max retries exceeded with url: /reddit/search/submission/?subreddit=ripcity&sort=created_utc&sort_type=desc&size=500 (Caused by NewConnectionError('<urllib3.connection.HTTPSConnection object at 0xffffa0053650>: Failed to establish a new connection: [Errno -2] Name or service not known'))
[2023-05-01T07:48:20.483+0000] {helpers.py:87} ERROR - Retrying! 4 attempts before skipping!
[2023-05-01T07:48:21.491+0000] {logging_mixin.py:137} INFO - HTTPSConnectionPool(host='api.pushshift.io', port=443): Max retries exceeded with url: /reddit/search/submission/?subreddit=ripcity&sort=created_utc&sort_type=desc&size=500 (Caused by NewConnectionError('<urllib3.connection.HTTPSConnection object at 0xffffa0053110>: Failed to establish a new connection: [Errno -2] Name or service not known'))
[2023-05-01T07:48:21.493+0000] {helpers.py:86} ERROR - HTTPSConnectionPool(host='api.pushshift.io', port=443): Max retries exceeded with url: /reddit/search/submission/?subreddit=ripcity&sort=created_utc&sort_type=desc&size=500 (Caused by NewConnectionError('<urllib3.connection.HTTPSConnection object at 0xffffa0053110>: Failed to establish a new connection: [Errno -2] Name or service not known'))
[2023-05-01T07:48:21.498+0000] {helpers.py:87} ERROR - Retrying! 3 attempts before skipping!
[2023-05-01T07:48:22.516+0000] {logging_mixin.py:137} INFO - HTTPSConnectionPool(host='api.pushshift.io', port=443): Max retries exceeded with url: /reddit/search/submission/?subreddit=ripcity&sort=created_utc&sort_type=desc&size=500 (Caused by NewConnectionError('<urllib3.connection.HTTPSConnection object at 0xffffa0053650>: Failed to establish a new connection: [Errno -2] Name or service not known'))
[2023-05-01T07:48:22.520+0000] {helpers.py:86} ERROR - HTTPSConnectionPool(host='api.pushshift.io', port=443): Max retries exceeded with url: /reddit/search/submission/?subreddit=ripcity&sort=created_utc&sort_type=desc&size=500 (Caused by NewConnectionError('<urllib3.connection.HTTPSConnection object at 0xffffa0053650>: Failed to establish a new connection: [Errno -2] Name or service not known'))
[2023-05-01T07:48:22.524+0000] {helpers.py:87} ERROR - Retrying! 2 attempts before skipping!
[2023-05-01T07:48:23.533+0000] {logging_mixin.py:137} INFO - HTTPSConnectionPool(host='api.pushshift.io', port=443): Max retries exceeded with url: /reddit/search/submission/?subreddit=ripcity&sort=created_utc&sort_type=desc&size=500 (Caused by NewConnectionError('<urllib3.connection.HTTPSConnection object at 0xffffa0053110>: Failed to establish a new connection: [Errno -2] Name or service not known'))
[2023-05-01T07:48:23.535+0000] {helpers.py:86} ERROR - HTTPSConnectionPool(host='api.pushshift.io', port=443): Max retries exceeded with url: /reddit/search/submission/?subreddit=ripcity&sort=created_utc&sort_type=desc&size=500 (Caused by NewConnectionError('<urllib3.connection.HTTPSConnection object at 0xffffa0053110>: Failed to establish a new connection: [Errno -2] Name or service not known'))
[2023-05-01T07:48:23.536+0000] {helpers.py:87} ERROR - Retrying! 1 attempts before skipping!
[2023-05-01T07:48:24.550+0000] {logging_mixin.py:137} INFO - HTTPSConnectionPool(host='api.pushshift.io', port=443): Max retries exceeded with url: /reddit/search/submission/?subreddit=ripcity&sort=created_utc&sort_type=desc&size=500 (Caused by NewConnectionError('<urllib3.connection.HTTPSConnection object at 0xffffa0053650>: Failed to establish a new connection: [Errno -2] Name or service not known'))
[2023-05-01T07:48:24.552+0000] {helpers.py:86} ERROR - HTTPSConnectionPool(host='api.pushshift.io', port=443): Max retries exceeded with url: /reddit/search/submission/?subreddit=ripcity&sort=created_utc&sort_type=desc&size=500 (Caused by NewConnectionError('<urllib3.connection.HTTPSConnection object at 0xffffa0053650>: Failed to establish a new connection: [Errno -2] Name or service not known'))
[2023-05-01T07:48:24.553+0000] {helpers.py:87} ERROR - Retrying! 0 attempts before skipping!
[2023-05-01T07:48:25.565+0000] {logging_mixin.py:137} INFO - HTTPSConnectionPool(host='api.pushshift.io', port=443): Max retries exceeded with url: /reddit/search/submission/?subreddit=ripcity&sort=created_utc&sort_type=desc&size=500 (Caused by NewConnectionError('<urllib3.connection.HTTPSConnection object at 0xffffa0053110>: Failed to establish a new connection: [Errno -2] Name or service not known'))
[2023-05-01T07:48:25.566+0000] {helpers.py:86} ERROR - HTTPSConnectionPool(host='api.pushshift.io', port=443): Max retries exceeded with url: /reddit/search/submission/?subreddit=ripcity&sort=created_utc&sort_type=desc&size=500 (Caused by NewConnectionError('<urllib3.connection.HTTPSConnection object at 0xffffa0053110>: Failed to establish a new connection: [Errno -2] Name or service not known'))
[2023-05-01T07:48:25.568+0000] {helpers.py:87} ERROR - Retrying! -1 attempts before skipping!
[2023-05-01T07:48:26.577+0000] {logging_mixin.py:137} INFO - HTTPSConnectionPool(host='api.pushshift.io', port=443): Max retries exceeded with url: /reddit/search/submission/?subreddit=kings&sort=created_utc&sort_type=desc&size=500 (Caused by NewConnectionError('<urllib3.connection.HTTPSConnection object at 0xffffa0053110>: Failed to establish a new connection: [Errno -2] Name or service not known'))
[2023-05-01T07:48:26.586+0000] {helpers.py:86} ERROR - HTTPSConnectionPool(host='api.pushshift.io', port=443): Max retries exceeded with url: /reddit/search/submission/?subreddit=kings&sort=created_utc&sort_type=desc&size=500 (Caused by NewConnectionError('<urllib3.connection.HTTPSConnection object at 0xffffa0053110>: Failed to establish a new connection: [Errno -2] Name or service not known'))
[2023-05-01T07:48:26.588+0000] {helpers.py:87} ERROR - Retrying! 9 attempts before skipping!
[2023-05-01T07:48:27.598+0000] {logging_mixin.py:137} INFO - HTTPSConnectionPool(host='api.pushshift.io', port=443): Max retries exceeded with url: /reddit/search/submission/?subreddit=kings&sort=created_utc&sort_type=desc&size=500 (Caused by NewConnectionError('<urllib3.connection.HTTPSConnection object at 0xffffa0053050>: Failed to establish a new connection: [Errno -2] Name or service not known'))
[2023-05-01T07:48:27.600+0000] {helpers.py:86} ERROR - HTTPSConnectionPool(host='api.pushshift.io', port=443): Max retries exceeded with url: /reddit/search/submission/?subreddit=kings&sort=created_utc&sort_type=desc&size=500 (Caused by NewConnectionError('<urllib3.connection.HTTPSConnection object at 0xffffa0053050>: Failed to establish a new connection: [Errno -2] Name or service not known'))
[2023-05-01T07:48:27.602+0000] {helpers.py:87} ERROR - Retrying! 8 attempts before skipping!
[2023-05-01T07:48:28.623+0000] {logging_mixin.py:137} INFO - HTTPSConnectionPool(host='api.pushshift.io', port=443): Max retries exceeded with url: /reddit/search/submission/?subreddit=kings&sort=created_utc&sort_type=desc&size=500 (Caused by NewConnectionError('<urllib3.connection.HTTPSConnection object at 0xffffa0053110>: Failed to establish a new connection: [Errno -2] Name or service not known'))
[2023-05-01T07:48:28.629+0000] {helpers.py:86} ERROR - HTTPSConnectionPool(host='api.pushshift.io', port=443): Max retries exceeded with url: /reddit/search/submission/?subreddit=kings&sort=created_utc&sort_type=desc&size=500 (Caused by NewConnectionError('<urllib3.connection.HTTPSConnection object at 0xffffa0053110>: Failed to establish a new connection: [Errno -2] Name or service not known'))
[2023-05-01T07:48:28.633+0000] {helpers.py:87} ERROR - Retrying! 7 attempts before skipping!
[2023-05-01T07:48:29.652+0000] {logging_mixin.py:137} INFO - HTTPSConnectionPool(host='api.pushshift.io', port=443): Max retries exceeded with url: /reddit/search/submission/?subreddit=kings&sort=created_utc&sort_type=desc&size=500 (Caused by NewConnectionError('<urllib3.connection.HTTPSConnection object at 0xffffa0053050>: Failed to establish a new connection: [Errno -2] Name or service not known'))
[2023-05-01T07:48:29.658+0000] {helpers.py:86} ERROR - HTTPSConnectionPool(host='api.pushshift.io', port=443): Max retries exceeded with url: /reddit/search/submission/?subreddit=kings&sort=created_utc&sort_type=desc&size=500 (Caused by NewConnectionError('<urllib3.connection.HTTPSConnection object at 0xffffa0053050>: Failed to establish a new connection: [Errno -2] Name or service not known'))
[2023-05-01T07:48:29.660+0000] {helpers.py:87} ERROR - Retrying! 6 attempts before skipping!
[2023-05-01T07:48:30.677+0000] {logging_mixin.py:137} INFO - HTTPSConnectionPool(host='api.pushshift.io', port=443): Max retries exceeded with url: /reddit/search/submission/?subreddit=kings&sort=created_utc&sort_type=desc&size=500 (Caused by NewConnectionError('<urllib3.connection.HTTPSConnection object at 0xffffa0053110>: Failed to establish a new connection: [Errno -2] Name or service not known'))
[2023-05-01T07:48:30.678+0000] {helpers.py:86} ERROR - HTTPSConnectionPool(host='api.pushshift.io', port=443): Max retries exceeded with url: /reddit/search/submission/?subreddit=kings&sort=created_utc&sort_type=desc&size=500 (Caused by NewConnectionError('<urllib3.connection.HTTPSConnection object at 0xffffa0053110>: Failed to establish a new connection: [Errno -2] Name or service not known'))
[2023-05-01T07:48:30.680+0000] {helpers.py:87} ERROR - Retrying! 5 attempts before skipping!
[2023-05-01T07:48:31.704+0000] {logging_mixin.py:137} INFO - HTTPSConnectionPool(host='api.pushshift.io', port=443): Max retries exceeded with url: /reddit/search/submission/?subreddit=kings&sort=created_utc&sort_type=desc&size=500 (Caused by NewConnectionError('<urllib3.connection.HTTPSConnection object at 0xffffa0053050>: Failed to establish a new connection: [Errno -2] Name or service not known'))
[2023-05-01T07:48:31.709+0000] {helpers.py:86} ERROR - HTTPSConnectionPool(host='api.pushshift.io', port=443): Max retries exceeded with url: /reddit/search/submission/?subreddit=kings&sort=created_utc&sort_type=desc&size=500 (Caused by NewConnectionError('<urllib3.connection.HTTPSConnection object at 0xffffa0053050>: Failed to establish a new connection: [Errno -2] Name or service not known'))
[2023-05-01T07:48:31.712+0000] {helpers.py:87} ERROR - Retrying! 4 attempts before skipping!
[2023-05-01T07:48:32.731+0000] {logging_mixin.py:137} INFO - HTTPSConnectionPool(host='api.pushshift.io', port=443): Max retries exceeded with url: /reddit/search/submission/?subreddit=kings&sort=created_utc&sort_type=desc&size=500 (Caused by NewConnectionError('<urllib3.connection.HTTPSConnection object at 0xffffa0053110>: Failed to establish a new connection: [Errno -2] Name or service not known'))
[2023-05-01T07:48:32.737+0000] {helpers.py:86} ERROR - HTTPSConnectionPool(host='api.pushshift.io', port=443): Max retries exceeded with url: /reddit/search/submission/?subreddit=kings&sort=created_utc&sort_type=desc&size=500 (Caused by NewConnectionError('<urllib3.connection.HTTPSConnection object at 0xffffa0053110>: Failed to establish a new connection: [Errno -2] Name or service not known'))
[2023-05-01T07:48:32.744+0000] {helpers.py:87} ERROR - Retrying! 3 attempts before skipping!
[2023-05-01T07:48:33.771+0000] {logging_mixin.py:137} INFO - HTTPSConnectionPool(host='api.pushshift.io', port=443): Max retries exceeded with url: /reddit/search/submission/?subreddit=kings&sort=created_utc&sort_type=desc&size=500 (Caused by NewConnectionError('<urllib3.connection.HTTPSConnection object at 0xffffa0053050>: Failed to establish a new connection: [Errno -2] Name or service not known'))
[2023-05-01T07:48:33.775+0000] {helpers.py:86} ERROR - HTTPSConnectionPool(host='api.pushshift.io', port=443): Max retries exceeded with url: /reddit/search/submission/?subreddit=kings&sort=created_utc&sort_type=desc&size=500 (Caused by NewConnectionError('<urllib3.connection.HTTPSConnection object at 0xffffa0053050>: Failed to establish a new connection: [Errno -2] Name or service not known'))
[2023-05-01T07:48:33.781+0000] {helpers.py:87} ERROR - Retrying! 2 attempts before skipping!
[2023-05-01T07:48:34.806+0000] {logging_mixin.py:137} INFO - HTTPSConnectionPool(host='api.pushshift.io', port=443): Max retries exceeded with url: /reddit/search/submission/?subreddit=kings&sort=created_utc&sort_type=desc&size=500 (Caused by NewConnectionError('<urllib3.connection.HTTPSConnection object at 0xffffa0053110>: Failed to establish a new connection: [Errno -2] Name or service not known'))
[2023-05-01T07:48:34.810+0000] {helpers.py:86} ERROR - HTTPSConnectionPool(host='api.pushshift.io', port=443): Max retries exceeded with url: /reddit/search/submission/?subreddit=kings&sort=created_utc&sort_type=desc&size=500 (Caused by NewConnectionError('<urllib3.connection.HTTPSConnection object at 0xffffa0053110>: Failed to establish a new connection: [Errno -2] Name or service not known'))
[2023-05-01T07:48:34.812+0000] {helpers.py:87} ERROR - Retrying! 1 attempts before skipping!
[2023-05-01T07:48:35.834+0000] {logging_mixin.py:137} INFO - HTTPSConnectionPool(host='api.pushshift.io', port=443): Max retries exceeded with url: /reddit/search/submission/?subreddit=kings&sort=created_utc&sort_type=desc&size=500 (Caused by NewConnectionError('<urllib3.connection.HTTPSConnection object at 0xffffa0053050>: Failed to establish a new connection: [Errno -2] Name or service not known'))
[2023-05-01T07:48:35.838+0000] {helpers.py:86} ERROR - HTTPSConnectionPool(host='api.pushshift.io', port=443): Max retries exceeded with url: /reddit/search/submission/?subreddit=kings&sort=created_utc&sort_type=desc&size=500 (Caused by NewConnectionError('<urllib3.connection.HTTPSConnection object at 0xffffa0053050>: Failed to establish a new connection: [Errno -2] Name or service not known'))
[2023-05-01T07:48:35.841+0000] {helpers.py:87} ERROR - Retrying! 0 attempts before skipping!
[2023-05-01T07:48:36.858+0000] {logging_mixin.py:137} INFO - HTTPSConnectionPool(host='api.pushshift.io', port=443): Max retries exceeded with url: /reddit/search/submission/?subreddit=kings&sort=created_utc&sort_type=desc&size=500 (Caused by NewConnectionError('<urllib3.connection.HTTPSConnection object at 0xffffa0053110>: Failed to establish a new connection: [Errno -2] Name or service not known'))
[2023-05-01T07:48:36.861+0000] {helpers.py:86} ERROR - HTTPSConnectionPool(host='api.pushshift.io', port=443): Max retries exceeded with url: /reddit/search/submission/?subreddit=kings&sort=created_utc&sort_type=desc&size=500 (Caused by NewConnectionError('<urllib3.connection.HTTPSConnection object at 0xffffa0053110>: Failed to establish a new connection: [Errno -2] Name or service not known'))
[2023-05-01T07:48:36.863+0000] {helpers.py:87} ERROR - Retrying! -1 attempts before skipping!
[2023-05-01T07:48:37.883+0000] {logging_mixin.py:137} INFO - HTTPSConnectionPool(host='api.pushshift.io', port=443): Max retries exceeded with url: /reddit/search/submission/?subreddit=NBASpurs&sort=created_utc&sort_type=desc&size=500 (Caused by NewConnectionError('<urllib3.connection.HTTPSConnection object at 0xffffa0053110>: Failed to establish a new connection: [Errno -2] Name or service not known'))
[2023-05-01T07:48:37.888+0000] {helpers.py:86} ERROR - HTTPSConnectionPool(host='api.pushshift.io', port=443): Max retries exceeded with url: /reddit/search/submission/?subreddit=NBASpurs&sort=created_utc&sort_type=desc&size=500 (Caused by NewConnectionError('<urllib3.connection.HTTPSConnection object at 0xffffa0053110>: Failed to establish a new connection: [Errno -2] Name or service not known'))
[2023-05-01T07:48:37.890+0000] {helpers.py:87} ERROR - Retrying! 9 attempts before skipping!
[2023-05-01T07:48:38.909+0000] {logging_mixin.py:137} INFO - HTTPSConnectionPool(host='api.pushshift.io', port=443): Max retries exceeded with url: /reddit/search/submission/?subreddit=NBASpurs&sort=created_utc&sort_type=desc&size=500 (Caused by NewConnectionError('<urllib3.connection.HTTPSConnection object at 0xffffa0053250>: Failed to establish a new connection: [Errno -2] Name or service not known'))
[2023-05-01T07:48:38.914+0000] {helpers.py:86} ERROR - HTTPSConnectionPool(host='api.pushshift.io', port=443): Max retries exceeded with url: /reddit/search/submission/?subreddit=NBASpurs&sort=created_utc&sort_type=desc&size=500 (Caused by NewConnectionError('<urllib3.connection.HTTPSConnection object at 0xffffa0053250>: Failed to establish a new connection: [Errno -2] Name or service not known'))
[2023-05-01T07:48:38.920+0000] {helpers.py:87} ERROR - Retrying! 8 attempts before skipping!
[2023-05-01T07:48:39.953+0000] {logging_mixin.py:137} INFO - HTTPSConnectionPool(host='api.pushshift.io', port=443): Max retries exceeded with url: /reddit/search/submission/?subreddit=NBASpurs&sort=created_utc&sort_type=desc&size=500 (Caused by NewConnectionError('<urllib3.connection.HTTPSConnection object at 0xffffa0053110>: Failed to establish a new connection: [Errno -2] Name or service not known'))
[2023-05-01T07:48:39.957+0000] {helpers.py:86} ERROR - HTTPSConnectionPool(host='api.pushshift.io', port=443): Max retries exceeded with url: /reddit/search/submission/?subreddit=NBASpurs&sort=created_utc&sort_type=desc&size=500 (Caused by NewConnectionError('<urllib3.connection.HTTPSConnection object at 0xffffa0053110>: Failed to establish a new connection: [Errno -2] Name or service not known'))
[2023-05-01T07:48:39.967+0000] {helpers.py:87} ERROR - Retrying! 7 attempts before skipping!
[2023-05-01T08:37:07.014+0000] {logging_mixin.py:137} INFO - HTTPSConnectionPool(host='api.pushshift.io', port=443): Max retries exceeded with url: /reddit/search/submission/?subreddit=NBASpurs&sort=created_utc&sort_type=desc&size=500 (Caused by NewConnectionError('<urllib3.connection.HTTPSConnection object at 0xffffa0053250>: Failed to establish a new connection: [Errno -2] Name or service not known'))
[2023-05-01T08:37:07.018+0000] {helpers.py:86} ERROR - HTTPSConnectionPool(host='api.pushshift.io', port=443): Max retries exceeded with url: /reddit/search/submission/?subreddit=NBASpurs&sort=created_utc&sort_type=desc&size=500 (Caused by NewConnectionError('<urllib3.connection.HTTPSConnection object at 0xffffa0053250>: Failed to establish a new connection: [Errno -2] Name or service not known'))
[2023-05-01T08:37:07.020+0000] {helpers.py:87} ERROR - Retrying! 6 attempts before skipping!
[2023-05-01T08:37:08.046+0000] {logging_mixin.py:137} INFO - HTTPSConnectionPool(host='api.pushshift.io', port=443): Max retries exceeded with url: /reddit/search/submission/?subreddit=NBASpurs&sort=created_utc&sort_type=desc&size=500 (Caused by NewConnectionError('<urllib3.connection.HTTPSConnection object at 0xffffa0053110>: Failed to establish a new connection: [Errno -2] Name or service not known'))
[2023-05-01T08:37:08.054+0000] {helpers.py:86} ERROR - HTTPSConnectionPool(host='api.pushshift.io', port=443): Max retries exceeded with url: /reddit/search/submission/?subreddit=NBASpurs&sort=created_utc&sort_type=desc&size=500 (Caused by NewConnectionError('<urllib3.connection.HTTPSConnection object at 0xffffa0053110>: Failed to establish a new connection: [Errno -2] Name or service not known'))
[2023-05-01T08:37:08.056+0000] {helpers.py:87} ERROR - Retrying! 5 attempts before skipping!
[2023-05-01T08:37:09.083+0000] {logging_mixin.py:137} INFO - HTTPSConnectionPool(host='api.pushshift.io', port=443): Max retries exceeded with url: /reddit/search/submission/?subreddit=NBASpurs&sort=created_utc&sort_type=desc&size=500 (Caused by NewConnectionError('<urllib3.connection.HTTPSConnection object at 0xffffa0053250>: Failed to establish a new connection: [Errno -2] Name or service not known'))
[2023-05-01T08:37:09.085+0000] {helpers.py:86} ERROR - HTTPSConnectionPool(host='api.pushshift.io', port=443): Max retries exceeded with url: /reddit/search/submission/?subreddit=NBASpurs&sort=created_utc&sort_type=desc&size=500 (Caused by NewConnectionError('<urllib3.connection.HTTPSConnection object at 0xffffa0053250>: Failed to establish a new connection: [Errno -2] Name or service not known'))
[2023-05-01T08:37:09.087+0000] {helpers.py:87} ERROR - Retrying! 4 attempts before skipping!
[2023-05-01T08:37:10.102+0000] {logging_mixin.py:137} INFO - HTTPSConnectionPool(host='api.pushshift.io', port=443): Max retries exceeded with url: /reddit/search/submission/?subreddit=NBASpurs&sort=created_utc&sort_type=desc&size=500 (Caused by NewConnectionError('<urllib3.connection.HTTPSConnection object at 0xffffa0053110>: Failed to establish a new connection: [Errno -2] Name or service not known'))
[2023-05-01T08:37:10.105+0000] {helpers.py:86} ERROR - HTTPSConnectionPool(host='api.pushshift.io', port=443): Max retries exceeded with url: /reddit/search/submission/?subreddit=NBASpurs&sort=created_utc&sort_type=desc&size=500 (Caused by NewConnectionError('<urllib3.connection.HTTPSConnection object at 0xffffa0053110>: Failed to establish a new connection: [Errno -2] Name or service not known'))
[2023-05-01T08:37:10.106+0000] {helpers.py:87} ERROR - Retrying! 3 attempts before skipping!
[2023-05-01T08:37:11.117+0000] {logging_mixin.py:137} INFO - HTTPSConnectionPool(host='api.pushshift.io', port=443): Max retries exceeded with url: /reddit/search/submission/?subreddit=NBASpurs&sort=created_utc&sort_type=desc&size=500 (Caused by NewConnectionError('<urllib3.connection.HTTPSConnection object at 0xffffa0053250>: Failed to establish a new connection: [Errno -2] Name or service not known'))
[2023-05-01T08:37:11.121+0000] {helpers.py:86} ERROR - HTTPSConnectionPool(host='api.pushshift.io', port=443): Max retries exceeded with url: /reddit/search/submission/?subreddit=NBASpurs&sort=created_utc&sort_type=desc&size=500 (Caused by NewConnectionError('<urllib3.connection.HTTPSConnection object at 0xffffa0053250>: Failed to establish a new connection: [Errno -2] Name or service not known'))
[2023-05-01T08:37:11.126+0000] {helpers.py:87} ERROR - Retrying! 2 attempts before skipping!
[2023-05-01T08:37:12.136+0000] {logging_mixin.py:137} INFO - HTTPSConnectionPool(host='api.pushshift.io', port=443): Max retries exceeded with url: /reddit/search/submission/?subreddit=NBASpurs&sort=created_utc&sort_type=desc&size=500 (Caused by NewConnectionError('<urllib3.connection.HTTPSConnection object at 0xffffa0053110>: Failed to establish a new connection: [Errno -2] Name or service not known'))
[2023-05-01T08:37:12.138+0000] {helpers.py:86} ERROR - HTTPSConnectionPool(host='api.pushshift.io', port=443): Max retries exceeded with url: /reddit/search/submission/?subreddit=NBASpurs&sort=created_utc&sort_type=desc&size=500 (Caused by NewConnectionError('<urllib3.connection.HTTPSConnection object at 0xffffa0053110>: Failed to establish a new connection: [Errno -2] Name or service not known'))
[2023-05-01T08:37:12.139+0000] {helpers.py:87} ERROR - Retrying! 1 attempts before skipping!
[2023-05-01T08:37:13.151+0000] {logging_mixin.py:137} INFO - HTTPSConnectionPool(host='api.pushshift.io', port=443): Max retries exceeded with url: /reddit/search/submission/?subreddit=NBASpurs&sort=created_utc&sort_type=desc&size=500 (Caused by NewConnectionError('<urllib3.connection.HTTPSConnection object at 0xffffa0053250>: Failed to establish a new connection: [Errno -2] Name or service not known'))
[2023-05-01T08:37:13.153+0000] {helpers.py:86} ERROR - HTTPSConnectionPool(host='api.pushshift.io', port=443): Max retries exceeded with url: /reddit/search/submission/?subreddit=NBASpurs&sort=created_utc&sort_type=desc&size=500 (Caused by NewConnectionError('<urllib3.connection.HTTPSConnection object at 0xffffa0053250>: Failed to establish a new connection: [Errno -2] Name or service not known'))
[2023-05-01T08:37:13.155+0000] {helpers.py:87} ERROR - Retrying! 0 attempts before skipping!
[2023-05-01T08:37:14.164+0000] {logging_mixin.py:137} INFO - HTTPSConnectionPool(host='api.pushshift.io', port=443): Max retries exceeded with url: /reddit/search/submission/?subreddit=NBASpurs&sort=created_utc&sort_type=desc&size=500 (Caused by NewConnectionError('<urllib3.connection.HTTPSConnection object at 0xffffa0053110>: Failed to establish a new connection: [Errno -2] Name or service not known'))
[2023-05-01T08:37:14.166+0000] {helpers.py:86} ERROR - HTTPSConnectionPool(host='api.pushshift.io', port=443): Max retries exceeded with url: /reddit/search/submission/?subreddit=NBASpurs&sort=created_utc&sort_type=desc&size=500 (Caused by NewConnectionError('<urllib3.connection.HTTPSConnection object at 0xffffa0053110>: Failed to establish a new connection: [Errno -2] Name or service not known'))
[2023-05-01T08:37:14.167+0000] {helpers.py:87} ERROR - Retrying! -1 attempts before skipping!
[2023-05-01T08:37:15.174+0000] {logging_mixin.py:137} INFO - HTTPSConnectionPool(host='api.pushshift.io', port=443): Max retries exceeded with url: /reddit/search/submission/?subreddit=torontoraptors&sort=created_utc&sort_type=desc&size=500 (Caused by NewConnectionError('<urllib3.connection.HTTPSConnection object at 0xffffa0053110>: Failed to establish a new connection: [Errno -2] Name or service not known'))
[2023-05-01T08:37:15.178+0000] {helpers.py:86} ERROR - HTTPSConnectionPool(host='api.pushshift.io', port=443): Max retries exceeded with url: /reddit/search/submission/?subreddit=torontoraptors&sort=created_utc&sort_type=desc&size=500 (Caused by NewConnectionError('<urllib3.connection.HTTPSConnection object at 0xffffa0053110>: Failed to establish a new connection: [Errno -2] Name or service not known'))
[2023-05-01T08:37:15.178+0000] {helpers.py:87} ERROR - Retrying! 9 attempts before skipping!
[2023-05-01T08:37:16.193+0000] {logging_mixin.py:137} INFO - HTTPSConnectionPool(host='api.pushshift.io', port=443): Max retries exceeded with url: /reddit/search/submission/?subreddit=torontoraptors&sort=created_utc&sort_type=desc&size=500 (Caused by NewConnectionError('<urllib3.connection.HTTPSConnection object at 0xffffa0053390>: Failed to establish a new connection: [Errno -2] Name or service not known'))
[2023-05-01T08:37:16.198+0000] {helpers.py:86} ERROR - HTTPSConnectionPool(host='api.pushshift.io', port=443): Max retries exceeded with url: /reddit/search/submission/?subreddit=torontoraptors&sort=created_utc&sort_type=desc&size=500 (Caused by NewConnectionError('<urllib3.connection.HTTPSConnection object at 0xffffa0053390>: Failed to establish a new connection: [Errno -2] Name or service not known'))
[2023-05-01T08:37:16.199+0000] {helpers.py:87} ERROR - Retrying! 8 attempts before skipping!
[2023-05-01T08:37:17.205+0000] {logging_mixin.py:137} INFO - HTTPSConnectionPool(host='api.pushshift.io', port=443): Max retries exceeded with url: /reddit/search/submission/?subreddit=torontoraptors&sort=created_utc&sort_type=desc&size=500 (Caused by NewConnectionError('<urllib3.connection.HTTPSConnection object at 0xffffa0053110>: Failed to establish a new connection: [Errno -2] Name or service not known'))
[2023-05-01T08:37:17.206+0000] {helpers.py:86} ERROR - HTTPSConnectionPool(host='api.pushshift.io', port=443): Max retries exceeded with url: /reddit/search/submission/?subreddit=torontoraptors&sort=created_utc&sort_type=desc&size=500 (Caused by NewConnectionError('<urllib3.connection.HTTPSConnection object at 0xffffa0053110>: Failed to establish a new connection: [Errno -2] Name or service not known'))
[2023-05-01T08:37:17.207+0000] {helpers.py:87} ERROR - Retrying! 7 attempts before skipping!
[2023-05-01T08:37:18.215+0000] {logging_mixin.py:137} INFO - HTTPSConnectionPool(host='api.pushshift.io', port=443): Max retries exceeded with url: /reddit/search/submission/?subreddit=torontoraptors&sort=created_utc&sort_type=desc&size=500 (Caused by NewConnectionError('<urllib3.connection.HTTPSConnection object at 0xffffa0053390>: Failed to establish a new connection: [Errno -2] Name or service not known'))
[2023-05-01T08:37:18.216+0000] {helpers.py:86} ERROR - HTTPSConnectionPool(host='api.pushshift.io', port=443): Max retries exceeded with url: /reddit/search/submission/?subreddit=torontoraptors&sort=created_utc&sort_type=desc&size=500 (Caused by NewConnectionError('<urllib3.connection.HTTPSConnection object at 0xffffa0053390>: Failed to establish a new connection: [Errno -2] Name or service not known'))
[2023-05-01T08:37:18.218+0000] {helpers.py:87} ERROR - Retrying! 6 attempts before skipping!
[2023-05-01T08:37:19.225+0000] {logging_mixin.py:137} INFO - HTTPSConnectionPool(host='api.pushshift.io', port=443): Max retries exceeded with url: /reddit/search/submission/?subreddit=torontoraptors&sort=created_utc&sort_type=desc&size=500 (Caused by NewConnectionError('<urllib3.connection.HTTPSConnection object at 0xffffa0053110>: Failed to establish a new connection: [Errno -2] Name or service not known'))
[2023-05-01T08:37:19.228+0000] {helpers.py:86} ERROR - HTTPSConnectionPool(host='api.pushshift.io', port=443): Max retries exceeded with url: /reddit/search/submission/?subreddit=torontoraptors&sort=created_utc&sort_type=desc&size=500 (Caused by NewConnectionError('<urllib3.connection.HTTPSConnection object at 0xffffa0053110>: Failed to establish a new connection: [Errno -2] Name or service not known'))
[2023-05-01T08:37:19.231+0000] {helpers.py:87} ERROR - Retrying! 5 attempts before skipping!
[2023-05-01T08:37:20.242+0000] {logging_mixin.py:137} INFO - HTTPSConnectionPool(host='api.pushshift.io', port=443): Max retries exceeded with url: /reddit/search/submission/?subreddit=torontoraptors&sort=created_utc&sort_type=desc&size=500 (Caused by NewConnectionError('<urllib3.connection.HTTPSConnection object at 0xffffa0053390>: Failed to establish a new connection: [Errno -2] Name or service not known'))
[2023-05-01T08:37:20.245+0000] {helpers.py:86} ERROR - HTTPSConnectionPool(host='api.pushshift.io', port=443): Max retries exceeded with url: /reddit/search/submission/?subreddit=torontoraptors&sort=created_utc&sort_type=desc&size=500 (Caused by NewConnectionError('<urllib3.connection.HTTPSConnection object at 0xffffa0053390>: Failed to establish a new connection: [Errno -2] Name or service not known'))
[2023-05-01T08:37:20.248+0000] {helpers.py:87} ERROR - Retrying! 4 attempts before skipping!
[2023-05-01T08:37:21.265+0000] {logging_mixin.py:137} INFO - HTTPSConnectionPool(host='api.pushshift.io', port=443): Max retries exceeded with url: /reddit/search/submission/?subreddit=torontoraptors&sort=created_utc&sort_type=desc&size=500 (Caused by NewConnectionError('<urllib3.connection.HTTPSConnection object at 0xffffa0053110>: Failed to establish a new connection: [Errno -2] Name or service not known'))
[2023-05-01T08:37:21.266+0000] {helpers.py:86} ERROR - HTTPSConnectionPool(host='api.pushshift.io', port=443): Max retries exceeded with url: /reddit/search/submission/?subreddit=torontoraptors&sort=created_utc&sort_type=desc&size=500 (Caused by NewConnectionError('<urllib3.connection.HTTPSConnection object at 0xffffa0053110>: Failed to establish a new connection: [Errno -2] Name or service not known'))
[2023-05-01T08:37:21.267+0000] {helpers.py:87} ERROR - Retrying! 3 attempts before skipping!
[2023-05-01T08:37:22.278+0000] {logging_mixin.py:137} INFO - HTTPSConnectionPool(host='api.pushshift.io', port=443): Max retries exceeded with url: /reddit/search/submission/?subreddit=torontoraptors&sort=created_utc&sort_type=desc&size=500 (Caused by NewConnectionError('<urllib3.connection.HTTPSConnection object at 0xffffa0053390>: Failed to establish a new connection: [Errno -2] Name or service not known'))
[2023-05-01T08:37:22.280+0000] {helpers.py:86} ERROR - HTTPSConnectionPool(host='api.pushshift.io', port=443): Max retries exceeded with url: /reddit/search/submission/?subreddit=torontoraptors&sort=created_utc&sort_type=desc&size=500 (Caused by NewConnectionError('<urllib3.connection.HTTPSConnection object at 0xffffa0053390>: Failed to establish a new connection: [Errno -2] Name or service not known'))
[2023-05-01T08:37:22.281+0000] {helpers.py:87} ERROR - Retrying! 2 attempts before skipping!
[2023-05-01T08:37:23.298+0000] {logging_mixin.py:137} INFO - HTTPSConnectionPool(host='api.pushshift.io', port=443): Max retries exceeded with url: /reddit/search/submission/?subreddit=torontoraptors&sort=created_utc&sort_type=desc&size=500 (Caused by NewConnectionError('<urllib3.connection.HTTPSConnection object at 0xffffa0053110>: Failed to establish a new connection: [Errno -2] Name or service not known'))
[2023-05-01T08:37:23.303+0000] {helpers.py:86} ERROR - HTTPSConnectionPool(host='api.pushshift.io', port=443): Max retries exceeded with url: /reddit/search/submission/?subreddit=torontoraptors&sort=created_utc&sort_type=desc&size=500 (Caused by NewConnectionError('<urllib3.connection.HTTPSConnection object at 0xffffa0053110>: Failed to establish a new connection: [Errno -2] Name or service not known'))
[2023-05-01T08:37:23.304+0000] {helpers.py:87} ERROR - Retrying! 1 attempts before skipping!
[2023-05-01T08:37:24.312+0000] {logging_mixin.py:137} INFO - HTTPSConnectionPool(host='api.pushshift.io', port=443): Max retries exceeded with url: /reddit/search/submission/?subreddit=torontoraptors&sort=created_utc&sort_type=desc&size=500 (Caused by NewConnectionError('<urllib3.connection.HTTPSConnection object at 0xffffa0053390>: Failed to establish a new connection: [Errno -2] Name or service not known'))
[2023-05-01T08:37:24.314+0000] {helpers.py:86} ERROR - HTTPSConnectionPool(host='api.pushshift.io', port=443): Max retries exceeded with url: /reddit/search/submission/?subreddit=torontoraptors&sort=created_utc&sort_type=desc&size=500 (Caused by NewConnectionError('<urllib3.connection.HTTPSConnection object at 0xffffa0053390>: Failed to establish a new connection: [Errno -2] Name or service not known'))
[2023-05-01T08:37:24.315+0000] {helpers.py:87} ERROR - Retrying! 0 attempts before skipping!
[2023-05-01T08:37:25.328+0000] {logging_mixin.py:137} INFO - HTTPSConnectionPool(host='api.pushshift.io', port=443): Max retries exceeded with url: /reddit/search/submission/?subreddit=torontoraptors&sort=created_utc&sort_type=desc&size=500 (Caused by NewConnectionError('<urllib3.connection.HTTPSConnection object at 0xffffa0053110>: Failed to establish a new connection: [Errno -2] Name or service not known'))
[2023-05-01T08:37:25.335+0000] {helpers.py:86} ERROR - HTTPSConnectionPool(host='api.pushshift.io', port=443): Max retries exceeded with url: /reddit/search/submission/?subreddit=torontoraptors&sort=created_utc&sort_type=desc&size=500 (Caused by NewConnectionError('<urllib3.connection.HTTPSConnection object at 0xffffa0053110>: Failed to establish a new connection: [Errno -2] Name or service not known'))
[2023-05-01T08:37:25.336+0000] {helpers.py:87} ERROR - Retrying! -1 attempts before skipping!
[2023-05-01T08:37:26.353+0000] {logging_mixin.py:137} INFO - HTTPSConnectionPool(host='api.pushshift.io', port=443): Max retries exceeded with url: /reddit/search/submission/?subreddit=UtahJazz&sort=created_utc&sort_type=desc&size=500 (Caused by NewConnectionError('<urllib3.connection.HTTPSConnection object at 0xffffa0053110>: Failed to establish a new connection: [Errno -2] Name or service not known'))
[2023-05-01T08:37:26.355+0000] {helpers.py:86} ERROR - HTTPSConnectionPool(host='api.pushshift.io', port=443): Max retries exceeded with url: /reddit/search/submission/?subreddit=UtahJazz&sort=created_utc&sort_type=desc&size=500 (Caused by NewConnectionError('<urllib3.connection.HTTPSConnection object at 0xffffa0053110>: Failed to establish a new connection: [Errno -2] Name or service not known'))
[2023-05-01T08:37:26.358+0000] {helpers.py:87} ERROR - Retrying! 9 attempts before skipping!
[2023-05-01T08:37:27.374+0000] {logging_mixin.py:137} INFO - HTTPSConnectionPool(host='api.pushshift.io', port=443): Max retries exceeded with url: /reddit/search/submission/?subreddit=UtahJazz&sort=created_utc&sort_type=desc&size=500 (Caused by NewConnectionError('<urllib3.connection.HTTPSConnection object at 0xffffa0053090>: Failed to establish a new connection: [Errno -2] Name or service not known'))
[2023-05-01T08:37:27.378+0000] {helpers.py:86} ERROR - HTTPSConnectionPool(host='api.pushshift.io', port=443): Max retries exceeded with url: /reddit/search/submission/?subreddit=UtahJazz&sort=created_utc&sort_type=desc&size=500 (Caused by NewConnectionError('<urllib3.connection.HTTPSConnection object at 0xffffa0053090>: Failed to establish a new connection: [Errno -2] Name or service not known'))
[2023-05-01T08:37:27.379+0000] {helpers.py:87} ERROR - Retrying! 8 attempts before skipping!
[2023-05-01T08:37:28.397+0000] {logging_mixin.py:137} INFO - HTTPSConnectionPool(host='api.pushshift.io', port=443): Max retries exceeded with url: /reddit/search/submission/?subreddit=UtahJazz&sort=created_utc&sort_type=desc&size=500 (Caused by NewConnectionError('<urllib3.connection.HTTPSConnection object at 0xffffa0053110>: Failed to establish a new connection: [Errno -2] Name or service not known'))
[2023-05-01T08:37:28.400+0000] {helpers.py:86} ERROR - HTTPSConnectionPool(host='api.pushshift.io', port=443): Max retries exceeded with url: /reddit/search/submission/?subreddit=UtahJazz&sort=created_utc&sort_type=desc&size=500 (Caused by NewConnectionError('<urllib3.connection.HTTPSConnection object at 0xffffa0053110>: Failed to establish a new connection: [Errno -2] Name or service not known'))
[2023-05-01T08:37:28.402+0000] {helpers.py:87} ERROR - Retrying! 7 attempts before skipping!
[2023-05-01T08:37:29.413+0000] {logging_mixin.py:137} INFO - HTTPSConnectionPool(host='api.pushshift.io', port=443): Max retries exceeded with url: /reddit/search/submission/?subreddit=UtahJazz&sort=created_utc&sort_type=desc&size=500 (Caused by NewConnectionError('<urllib3.connection.HTTPSConnection object at 0xffffa0053090>: Failed to establish a new connection: [Errno -2] Name or service not known'))
[2023-05-01T08:37:29.416+0000] {helpers.py:86} ERROR - HTTPSConnectionPool(host='api.pushshift.io', port=443): Max retries exceeded with url: /reddit/search/submission/?subreddit=UtahJazz&sort=created_utc&sort_type=desc&size=500 (Caused by NewConnectionError('<urllib3.connection.HTTPSConnection object at 0xffffa0053090>: Failed to establish a new connection: [Errno -2] Name or service not known'))
[2023-05-01T08:37:29.423+0000] {helpers.py:87} ERROR - Retrying! 6 attempts before skipping!
[2023-05-01T08:37:30.439+0000] {logging_mixin.py:137} INFO - HTTPSConnectionPool(host='api.pushshift.io', port=443): Max retries exceeded with url: /reddit/search/submission/?subreddit=UtahJazz&sort=created_utc&sort_type=desc&size=500 (Caused by NewConnectionError('<urllib3.connection.HTTPSConnection object at 0xffffa0053110>: Failed to establish a new connection: [Errno -2] Name or service not known'))
[2023-05-01T08:37:30.442+0000] {helpers.py:86} ERROR - HTTPSConnectionPool(host='api.pushshift.io', port=443): Max retries exceeded with url: /reddit/search/submission/?subreddit=UtahJazz&sort=created_utc&sort_type=desc&size=500 (Caused by NewConnectionError('<urllib3.connection.HTTPSConnection object at 0xffffa0053110>: Failed to establish a new connection: [Errno -2] Name or service not known'))
[2023-05-01T08:37:30.443+0000] {helpers.py:87} ERROR - Retrying! 5 attempts before skipping!
[2023-05-01T08:37:31.457+0000] {logging_mixin.py:137} INFO - HTTPSConnectionPool(host='api.pushshift.io', port=443): Max retries exceeded with url: /reddit/search/submission/?subreddit=UtahJazz&sort=created_utc&sort_type=desc&size=500 (Caused by NewConnectionError('<urllib3.connection.HTTPSConnection object at 0xffffa0053090>: Failed to establish a new connection: [Errno -2] Name or service not known'))
[2023-05-01T08:37:31.458+0000] {helpers.py:86} ERROR - HTTPSConnectionPool(host='api.pushshift.io', port=443): Max retries exceeded with url: /reddit/search/submission/?subreddit=UtahJazz&sort=created_utc&sort_type=desc&size=500 (Caused by NewConnectionError('<urllib3.connection.HTTPSConnection object at 0xffffa0053090>: Failed to establish a new connection: [Errno -2] Name or service not known'))
[2023-05-01T08:37:31.461+0000] {helpers.py:87} ERROR - Retrying! 4 attempts before skipping!
[2023-05-01T08:37:32.594+0000] {logging_mixin.py:137} INFO - HTTPSConnectionPool(host='api.pushshift.io', port=443): Max retries exceeded with url: /reddit/search/submission/?subreddit=UtahJazz&sort=created_utc&sort_type=desc&size=500 (Caused by NewConnectionError('<urllib3.connection.HTTPSConnection object at 0xffffa0053110>: Failed to establish a new connection: [Errno -2] Name or service not known'))
[2023-05-01T08:37:32.597+0000] {helpers.py:86} ERROR - HTTPSConnectionPool(host='api.pushshift.io', port=443): Max retries exceeded with url: /reddit/search/submission/?subreddit=UtahJazz&sort=created_utc&sort_type=desc&size=500 (Caused by NewConnectionError('<urllib3.connection.HTTPSConnection object at 0xffffa0053110>: Failed to establish a new connection: [Errno -2] Name or service not known'))
[2023-05-01T08:37:32.602+0000] {helpers.py:87} ERROR - Retrying! 3 attempts before skipping!
[2023-05-01T08:37:33.630+0000] {logging_mixin.py:137} INFO - HTTPSConnectionPool(host='api.pushshift.io', port=443): Max retries exceeded with url: /reddit/search/submission/?subreddit=UtahJazz&sort=created_utc&sort_type=desc&size=500 (Caused by NewConnectionError('<urllib3.connection.HTTPSConnection object at 0xffffa0053090>: Failed to establish a new connection: [Errno -2] Name or service not known'))
[2023-05-01T08:37:33.633+0000] {helpers.py:86} ERROR - HTTPSConnectionPool(host='api.pushshift.io', port=443): Max retries exceeded with url: /reddit/search/submission/?subreddit=UtahJazz&sort=created_utc&sort_type=desc&size=500 (Caused by NewConnectionError('<urllib3.connection.HTTPSConnection object at 0xffffa0053090>: Failed to establish a new connection: [Errno -2] Name or service not known'))
[2023-05-01T08:37:33.636+0000] {helpers.py:87} ERROR - Retrying! 2 attempts before skipping!
[2023-05-01T08:37:34.656+0000] {logging_mixin.py:137} INFO - HTTPSConnectionPool(host='api.pushshift.io', port=443): Max retries exceeded with url: /reddit/search/submission/?subreddit=UtahJazz&sort=created_utc&sort_type=desc&size=500 (Caused by NewConnectionError('<urllib3.connection.HTTPSConnection object at 0xffffa0053110>: Failed to establish a new connection: [Errno -2] Name or service not known'))
[2023-05-01T08:37:34.660+0000] {helpers.py:86} ERROR - HTTPSConnectionPool(host='api.pushshift.io', port=443): Max retries exceeded with url: /reddit/search/submission/?subreddit=UtahJazz&sort=created_utc&sort_type=desc&size=500 (Caused by NewConnectionError('<urllib3.connection.HTTPSConnection object at 0xffffa0053110>: Failed to establish a new connection: [Errno -2] Name or service not known'))
[2023-05-01T08:37:34.662+0000] {helpers.py:87} ERROR - Retrying! 1 attempts before skipping!
[2023-05-01T08:37:35.680+0000] {logging_mixin.py:137} INFO - HTTPSConnectionPool(host='api.pushshift.io', port=443): Max retries exceeded with url: /reddit/search/submission/?subreddit=UtahJazz&sort=created_utc&sort_type=desc&size=500 (Caused by NewConnectionError('<urllib3.connection.HTTPSConnection object at 0xffffa0053090>: Failed to establish a new connection: [Errno -2] Name or service not known'))
[2023-05-01T08:37:35.683+0000] {helpers.py:86} ERROR - HTTPSConnectionPool(host='api.pushshift.io', port=443): Max retries exceeded with url: /reddit/search/submission/?subreddit=UtahJazz&sort=created_utc&sort_type=desc&size=500 (Caused by NewConnectionError('<urllib3.connection.HTTPSConnection object at 0xffffa0053090>: Failed to establish a new connection: [Errno -2] Name or service not known'))
[2023-05-01T08:37:35.687+0000] {helpers.py:87} ERROR - Retrying! 0 attempts before skipping!
[2023-05-01T08:37:36.701+0000] {logging_mixin.py:137} INFO - HTTPSConnectionPool(host='api.pushshift.io', port=443): Max retries exceeded with url: /reddit/search/submission/?subreddit=UtahJazz&sort=created_utc&sort_type=desc&size=500 (Caused by NewConnectionError('<urllib3.connection.HTTPSConnection object at 0xffffa0053110>: Failed to establish a new connection: [Errno -2] Name or service not known'))
[2023-05-01T08:37:36.705+0000] {helpers.py:86} ERROR - HTTPSConnectionPool(host='api.pushshift.io', port=443): Max retries exceeded with url: /reddit/search/submission/?subreddit=UtahJazz&sort=created_utc&sort_type=desc&size=500 (Caused by NewConnectionError('<urllib3.connection.HTTPSConnection object at 0xffffa0053110>: Failed to establish a new connection: [Errno -2] Name or service not known'))
[2023-05-01T08:37:36.707+0000] {helpers.py:87} ERROR - Retrying! -1 attempts before skipping!
[2023-05-01T09:42:21.856+0000] {logging_mixin.py:137} INFO - HTTPSConnectionPool(host='api.pushshift.io', port=443): Max retries exceeded with url: /reddit/search/submission/?subreddit=washingtonwizards&sort=created_utc&sort_type=desc&size=500 (Caused by NewConnectionError('<urllib3.connection.HTTPSConnection object at 0xffffa0053110>: Failed to establish a new connection: [Errno -2] Name or service not known'))
[2023-05-01T09:42:21.862+0000] {helpers.py:86} ERROR - HTTPSConnectionPool(host='api.pushshift.io', port=443): Max retries exceeded with url: /reddit/search/submission/?subreddit=washingtonwizards&sort=created_utc&sort_type=desc&size=500 (Caused by NewConnectionError('<urllib3.connection.HTTPSConnection object at 0xffffa0053110>: Failed to establish a new connection: [Errno -2] Name or service not known'))
[2023-05-01T09:42:21.865+0000] {helpers.py:87} ERROR - Retrying! 9 attempts before skipping!
[2023-05-01T09:42:22.885+0000] {logging_mixin.py:137} INFO - HTTPSConnectionPool(host='api.pushshift.io', port=443): Max retries exceeded with url: /reddit/search/submission/?subreddit=washingtonwizards&sort=created_utc&sort_type=desc&size=500 (Caused by NewConnectionError('<urllib3.connection.HTTPSConnection object at 0xffffa0053190>: Failed to establish a new connection: [Errno -2] Name or service not known'))
[2023-05-01T09:42:22.888+0000] {helpers.py:86} ERROR - HTTPSConnectionPool(host='api.pushshift.io', port=443): Max retries exceeded with url: /reddit/search/submission/?subreddit=washingtonwizards&sort=created_utc&sort_type=desc&size=500 (Caused by NewConnectionError('<urllib3.connection.HTTPSConnection object at 0xffffa0053190>: Failed to establish a new connection: [Errno -2] Name or service not known'))
[2023-05-01T09:42:22.891+0000] {helpers.py:87} ERROR - Retrying! 8 attempts before skipping!
[2023-05-01T09:42:23.916+0000] {logging_mixin.py:137} INFO - HTTPSConnectionPool(host='api.pushshift.io', port=443): Max retries exceeded with url: /reddit/search/submission/?subreddit=washingtonwizards&sort=created_utc&sort_type=desc&size=500 (Caused by NewConnectionError('<urllib3.connection.HTTPSConnection object at 0xffffa0053110>: Failed to establish a new connection: [Errno -2] Name or service not known'))
[2023-05-01T09:42:23.921+0000] {helpers.py:86} ERROR - HTTPSConnectionPool(host='api.pushshift.io', port=443): Max retries exceeded with url: /reddit/search/submission/?subreddit=washingtonwizards&sort=created_utc&sort_type=desc&size=500 (Caused by NewConnectionError('<urllib3.connection.HTTPSConnection object at 0xffffa0053110>: Failed to establish a new connection: [Errno -2] Name or service not known'))
[2023-05-01T09:42:23.924+0000] {helpers.py:87} ERROR - Retrying! 7 attempts before skipping!
[2023-05-01T09:42:24.939+0000] {logging_mixin.py:137} INFO - HTTPSConnectionPool(host='api.pushshift.io', port=443): Max retries exceeded with url: /reddit/search/submission/?subreddit=washingtonwizards&sort=created_utc&sort_type=desc&size=500 (Caused by NewConnectionError('<urllib3.connection.HTTPSConnection object at 0xffffa0053190>: Failed to establish a new connection: [Errno -2] Name or service not known'))
[2023-05-01T09:42:24.940+0000] {helpers.py:86} ERROR - HTTPSConnectionPool(host='api.pushshift.io', port=443): Max retries exceeded with url: /reddit/search/submission/?subreddit=washingtonwizards&sort=created_utc&sort_type=desc&size=500 (Caused by NewConnectionError('<urllib3.connection.HTTPSConnection object at 0xffffa0053190>: Failed to establish a new connection: [Errno -2] Name or service not known'))
[2023-05-01T09:42:24.942+0000] {helpers.py:87} ERROR - Retrying! 6 attempts before skipping!
[2023-05-01T09:42:25.952+0000] {logging_mixin.py:137} INFO - HTTPSConnectionPool(host='api.pushshift.io', port=443): Max retries exceeded with url: /reddit/search/submission/?subreddit=washingtonwizards&sort=created_utc&sort_type=desc&size=500 (Caused by NewConnectionError('<urllib3.connection.HTTPSConnection object at 0xffffa0053110>: Failed to establish a new connection: [Errno -2] Name or service not known'))
[2023-05-01T09:42:25.956+0000] {helpers.py:86} ERROR - HTTPSConnectionPool(host='api.pushshift.io', port=443): Max retries exceeded with url: /reddit/search/submission/?subreddit=washingtonwizards&sort=created_utc&sort_type=desc&size=500 (Caused by NewConnectionError('<urllib3.connection.HTTPSConnection object at 0xffffa0053110>: Failed to establish a new connection: [Errno -2] Name or service not known'))
[2023-05-01T09:42:25.958+0000] {helpers.py:87} ERROR - Retrying! 5 attempts before skipping!
[2023-05-01T09:42:26.968+0000] {logging_mixin.py:137} INFO - HTTPSConnectionPool(host='api.pushshift.io', port=443): Max retries exceeded with url: /reddit/search/submission/?subreddit=washingtonwizards&sort=created_utc&sort_type=desc&size=500 (Caused by NewConnectionError('<urllib3.connection.HTTPSConnection object at 0xffffa0053190>: Failed to establish a new connection: [Errno -2] Name or service not known'))
[2023-05-01T09:42:26.970+0000] {helpers.py:86} ERROR - HTTPSConnectionPool(host='api.pushshift.io', port=443): Max retries exceeded with url: /reddit/search/submission/?subreddit=washingtonwizards&sort=created_utc&sort_type=desc&size=500 (Caused by NewConnectionError('<urllib3.connection.HTTPSConnection object at 0xffffa0053190>: Failed to establish a new connection: [Errno -2] Name or service not known'))
[2023-05-01T09:42:26.971+0000] {helpers.py:87} ERROR - Retrying! 4 attempts before skipping!
[2023-05-01T09:42:27.994+0000] {logging_mixin.py:137} INFO - HTTPSConnectionPool(host='api.pushshift.io', port=443): Max retries exceeded with url: /reddit/search/submission/?subreddit=washingtonwizards&sort=created_utc&sort_type=desc&size=500 (Caused by NewConnectionError('<urllib3.connection.HTTPSConnection object at 0xffffa0053110>: Failed to establish a new connection: [Errno -2] Name or service not known'))
[2023-05-01T09:42:28.000+0000] {helpers.py:86} ERROR - HTTPSConnectionPool(host='api.pushshift.io', port=443): Max retries exceeded with url: /reddit/search/submission/?subreddit=washingtonwizards&sort=created_utc&sort_type=desc&size=500 (Caused by NewConnectionError('<urllib3.connection.HTTPSConnection object at 0xffffa0053110>: Failed to establish a new connection: [Errno -2] Name or service not known'))
[2023-05-01T09:42:28.002+0000] {helpers.py:87} ERROR - Retrying! 3 attempts before skipping!
[2023-05-01T09:42:29.013+0000] {logging_mixin.py:137} INFO - HTTPSConnectionPool(host='api.pushshift.io', port=443): Max retries exceeded with url: /reddit/search/submission/?subreddit=washingtonwizards&sort=created_utc&sort_type=desc&size=500 (Caused by NewConnectionError('<urllib3.connection.HTTPSConnection object at 0xffffa0053190>: Failed to establish a new connection: [Errno -2] Name or service not known'))
[2023-05-01T09:42:29.017+0000] {helpers.py:86} ERROR - HTTPSConnectionPool(host='api.pushshift.io', port=443): Max retries exceeded with url: /reddit/search/submission/?subreddit=washingtonwizards&sort=created_utc&sort_type=desc&size=500 (Caused by NewConnectionError('<urllib3.connection.HTTPSConnection object at 0xffffa0053190>: Failed to establish a new connection: [Errno -2] Name or service not known'))
[2023-05-01T09:42:29.019+0000] {helpers.py:87} ERROR - Retrying! 2 attempts before skipping!
[2023-05-01T09:42:30.032+0000] {logging_mixin.py:137} INFO - HTTPSConnectionPool(host='api.pushshift.io', port=443): Max retries exceeded with url: /reddit/search/submission/?subreddit=washingtonwizards&sort=created_utc&sort_type=desc&size=500 (Caused by NewConnectionError('<urllib3.connection.HTTPSConnection object at 0xffffa0053110>: Failed to establish a new connection: [Errno -2] Name or service not known'))
[2023-05-01T09:42:30.033+0000] {helpers.py:86} ERROR - HTTPSConnectionPool(host='api.pushshift.io', port=443): Max retries exceeded with url: /reddit/search/submission/?subreddit=washingtonwizards&sort=created_utc&sort_type=desc&size=500 (Caused by NewConnectionError('<urllib3.connection.HTTPSConnection object at 0xffffa0053110>: Failed to establish a new connection: [Errno -2] Name or service not known'))
[2023-05-01T09:42:30.035+0000] {helpers.py:87} ERROR - Retrying! 1 attempts before skipping!
[2023-05-01T09:42:30.887+0000] {local_task_job.py:277} WARNING - State of this instance has been externally set to failed. Terminating instance.
[2023-05-01T09:42:30.930+0000] {process_utils.py:133} INFO - Sending Signals.SIGTERM to group 5683. PIDs of all processes in the group: [5683]
[2023-05-01T09:42:30.933+0000] {process_utils.py:84} INFO - Sending the signal Signals.SIGTERM to group 5683
[2023-05-01T09:42:30.936+0000] {taskinstance.py:1488} ERROR - Received SIGTERM. Terminating subprocesses.
[2023-05-01T09:42:31.113+0000] {process_utils.py:79} INFO - Process psutil.Process(pid=5683, status='terminated', exitcode=0, started='07:48:14') (5683) terminated with exit code 0
