[2023-04-28T22:51:21.200+0000] {taskinstance.py:1090} INFO - Dependencies all met for dep_context=non-requeueable deps ti=<TaskInstance: push_to_bigquery.push_csv_to_cloud_storage scheduled__2023-04-27T02:30:00+00:00 [queued]>
[2023-04-28T22:51:21.266+0000] {taskinstance.py:1090} INFO - Dependencies all met for dep_context=requeueable deps ti=<TaskInstance: push_to_bigquery.push_csv_to_cloud_storage scheduled__2023-04-27T02:30:00+00:00 [queued]>
[2023-04-28T22:51:21.268+0000] {taskinstance.py:1288} INFO - 
--------------------------------------------------------------------------------
[2023-04-28T22:51:21.270+0000] {taskinstance.py:1289} INFO - Starting attempt 1 of 1
[2023-04-28T22:51:21.271+0000] {taskinstance.py:1290} INFO - 
--------------------------------------------------------------------------------
[2023-04-28T22:51:21.346+0000] {taskinstance.py:1309} INFO - Executing <Task(PythonOperator): push_csv_to_cloud_storage> on 2023-04-27 02:30:00+00:00
[2023-04-28T22:51:21.386+0000] {standard_task_runner.py:55} INFO - Started process 1971 to run task
[2023-04-28T22:51:21.444+0000] {standard_task_runner.py:82} INFO - Running: ['***', 'tasks', 'run', 'push_to_bigquery', 'push_csv_to_cloud_storage', 'scheduled__2023-04-27T02:30:00+00:00', '--job-id', '1708', '--raw', '--subdir', 'DAGS_FOLDER/push_to_bigquery_dag.py', '--cfg-path', '/tmp/tmpg2odaqpj']
[2023-04-28T22:51:21.498+0000] {standard_task_runner.py:83} INFO - Job 1708: Subtask push_csv_to_cloud_storage
[2023-04-28T22:51:21.926+0000] {task_command.py:389} INFO - Running <TaskInstance: push_to_bigquery.push_csv_to_cloud_storage scheduled__2023-04-27T02:30:00+00:00 [running]> on host def38439e216
[2023-04-28T22:51:22.293+0000] {taskinstance.py:1518} INFO - Exporting the following env vars:
AIRFLOW_CTX_DAG_OWNER=***
AIRFLOW_CTX_DAG_ID=push_to_bigquery
AIRFLOW_CTX_TASK_ID=push_csv_to_cloud_storage
AIRFLOW_CTX_EXECUTION_DATE=2023-04-27T02:30:00+00:00
AIRFLOW_CTX_TRY_NUMBER=1
AIRFLOW_CTX_DAG_RUN_ID=scheduled__2023-04-27T02:30:00+00:00
[2023-04-28T22:51:22.302+0000] {logging_mixin.py:137} INFO - hello world
[2023-04-28T22:51:22.305+0000] {python.py:177} INFO - Done. Returned value was: None
[2023-04-28T22:51:22.340+0000] {taskinstance.py:1332} INFO - Marking task as SUCCESS. dag_id=push_to_bigquery, task_id=push_csv_to_cloud_storage, execution_date=20230427T023000, start_date=20230428T225121, end_date=20230428T225122
[2023-04-28T22:51:22.478+0000] {local_task_job.py:212} INFO - Task exited with return code 0
[2023-04-28T22:51:22.509+0000] {taskinstance.py:2596} INFO - 0 downstream tasks scheduled from follow-on schedule check
