[2023-05-03T17:39:22.753+0000] {taskinstance.py:1090} INFO - Dependencies all met for dep_context=non-requeueable deps ti=<TaskInstance: scrape_and_save_to_csv.scrape_teams_25-30 scheduled__2023-05-03T12:30:00+00:00 [queued]>
[2023-05-03T17:39:22.760+0000] {taskinstance.py:1090} INFO - Dependencies all met for dep_context=requeueable deps ti=<TaskInstance: scrape_and_save_to_csv.scrape_teams_25-30 scheduled__2023-05-03T12:30:00+00:00 [queued]>
[2023-05-03T17:39:22.761+0000] {taskinstance.py:1288} INFO - 
--------------------------------------------------------------------------------
[2023-05-03T17:39:22.762+0000] {taskinstance.py:1289} INFO - Starting attempt 1 of 1
[2023-05-03T17:39:22.764+0000] {taskinstance.py:1290} INFO - 
--------------------------------------------------------------------------------
[2023-05-03T17:39:22.775+0000] {taskinstance.py:1309} INFO - Executing <Task(PythonOperator): scrape_teams_25-30> on 2023-05-03 12:30:00+00:00
[2023-05-03T17:39:22.780+0000] {standard_task_runner.py:55} INFO - Started process 31735 to run task
[2023-05-03T17:39:22.785+0000] {standard_task_runner.py:82} INFO - Running: ['***', 'tasks', 'run', 'scrape_and_save_to_csv', 'scrape_teams_25-30', 'scheduled__2023-05-03T12:30:00+00:00', '--job-id', '2376', '--raw', '--subdir', 'DAGS_FOLDER/scrape_and_save_csv_dag.py', '--cfg-path', '/tmp/tmp9j0jnvzk']
[2023-05-03T17:39:22.788+0000] {standard_task_runner.py:83} INFO - Job 2376: Subtask scrape_teams_25-30
[2023-05-03T17:39:22.849+0000] {task_command.py:389} INFO - Running <TaskInstance: scrape_and_save_to_csv.scrape_teams_25-30 scheduled__2023-05-03T12:30:00+00:00 [running]> on host 5d4cd8acb346
[2023-05-03T17:39:22.905+0000] {taskinstance.py:1518} INFO - Exporting the following env vars:
AIRFLOW_CTX_DAG_OWNER=***
AIRFLOW_CTX_DAG_ID=scrape_and_save_to_csv
AIRFLOW_CTX_TASK_ID=scrape_teams_25-30
AIRFLOW_CTX_EXECUTION_DATE=2023-05-03T12:30:00+00:00
AIRFLOW_CTX_TRY_NUMBER=1
AIRFLOW_CTX_DAG_RUN_ID=scheduled__2023-05-03T12:30:00+00:00
[2023-05-03T17:39:23.056+0000] {logging_mixin.py:137} INFO - Expecting value: line 1 column 1 (char 0)
[2023-05-03T17:39:23.057+0000] {helpers.py:86} ERROR - Expecting value: line 1 column 1 (char 0)
[2023-05-03T17:39:23.058+0000] {helpers.py:87} ERROR - Retrying! 9 attempts before skipping!
[2023-05-03T17:39:24.299+0000] {logging_mixin.py:137} INFO - Expecting value: line 1 column 1 (char 0)
[2023-05-03T17:39:24.300+0000] {helpers.py:86} ERROR - Expecting value: line 1 column 1 (char 0)
[2023-05-03T17:39:24.304+0000] {helpers.py:87} ERROR - Retrying! 8 attempts before skipping!
[2023-05-03T17:39:25.457+0000] {logging_mixin.py:137} INFO - Expecting value: line 1 column 1 (char 0)
[2023-05-03T17:39:25.458+0000] {helpers.py:86} ERROR - Expecting value: line 1 column 1 (char 0)
[2023-05-03T17:39:25.459+0000] {helpers.py:87} ERROR - Retrying! 7 attempts before skipping!
[2023-05-03T17:39:26.628+0000] {logging_mixin.py:137} INFO - Expecting value: line 1 column 1 (char 0)
[2023-05-03T17:39:26.629+0000] {helpers.py:86} ERROR - Expecting value: line 1 column 1 (char 0)
[2023-05-03T17:39:26.630+0000] {helpers.py:87} ERROR - Retrying! 6 attempts before skipping!
[2023-05-03T17:39:27.788+0000] {logging_mixin.py:137} INFO - Expecting value: line 1 column 1 (char 0)
[2023-05-03T17:39:27.792+0000] {helpers.py:86} ERROR - Expecting value: line 1 column 1 (char 0)
[2023-05-03T17:39:27.793+0000] {helpers.py:87} ERROR - Retrying! 5 attempts before skipping!
[2023-05-03T17:39:28.940+0000] {logging_mixin.py:137} INFO - Expecting value: line 1 column 1 (char 0)
[2023-05-03T17:39:28.957+0000] {helpers.py:86} ERROR - Expecting value: line 1 column 1 (char 0)
[2023-05-03T17:39:28.958+0000] {helpers.py:87} ERROR - Retrying! 4 attempts before skipping!
[2023-05-03T17:39:30.109+0000] {logging_mixin.py:137} INFO - Expecting value: line 1 column 1 (char 0)
[2023-05-03T17:39:30.110+0000] {helpers.py:86} ERROR - Expecting value: line 1 column 1 (char 0)
[2023-05-03T17:39:30.111+0000] {helpers.py:87} ERROR - Retrying! 3 attempts before skipping!
[2023-05-03T17:39:31.369+0000] {logging_mixin.py:137} INFO - Expecting value: line 1 column 1 (char 0)
[2023-05-03T17:39:31.374+0000] {helpers.py:86} ERROR - Expecting value: line 1 column 1 (char 0)
[2023-05-03T17:39:31.376+0000] {helpers.py:87} ERROR - Retrying! 2 attempts before skipping!
[2023-05-03T17:39:32.541+0000] {logging_mixin.py:137} INFO - Expecting value: line 1 column 1 (char 0)
[2023-05-03T17:39:32.544+0000] {helpers.py:86} ERROR - Expecting value: line 1 column 1 (char 0)
[2023-05-03T17:39:32.546+0000] {helpers.py:87} ERROR - Retrying! 1 attempts before skipping!
[2023-05-03T17:39:33.728+0000] {logging_mixin.py:137} INFO - Expecting value: line 1 column 1 (char 0)
[2023-05-03T17:39:33.731+0000] {helpers.py:86} ERROR - Expecting value: line 1 column 1 (char 0)
[2023-05-03T17:39:33.733+0000] {helpers.py:87} ERROR - Retrying! 0 attempts before skipping!
[2023-05-03T17:39:34.901+0000] {logging_mixin.py:137} INFO - Expecting value: line 1 column 1 (char 0)
[2023-05-03T17:39:34.903+0000] {helpers.py:86} ERROR - Expecting value: line 1 column 1 (char 0)
[2023-05-03T17:39:34.904+0000] {helpers.py:87} ERROR - Retrying! -1 attempts before skipping!
[2023-05-03T17:39:36.419+0000] {logging_mixin.py:137} INFO - Expecting value: line 1 column 1 (char 0)
[2023-05-03T17:39:36.421+0000] {helpers.py:86} ERROR - Expecting value: line 1 column 1 (char 0)
[2023-05-03T17:39:36.422+0000] {helpers.py:87} ERROR - Retrying! 9 attempts before skipping!
[2023-05-03T17:39:37.581+0000] {logging_mixin.py:137} INFO - Expecting value: line 1 column 1 (char 0)
[2023-05-03T17:39:37.582+0000] {helpers.py:86} ERROR - Expecting value: line 1 column 1 (char 0)
[2023-05-03T17:39:37.583+0000] {helpers.py:87} ERROR - Retrying! 8 attempts before skipping!
[2023-05-03T17:39:38.739+0000] {logging_mixin.py:137} INFO - Expecting value: line 1 column 1 (char 0)
[2023-05-03T17:39:38.740+0000] {helpers.py:86} ERROR - Expecting value: line 1 column 1 (char 0)
[2023-05-03T17:39:38.741+0000] {helpers.py:87} ERROR - Retrying! 7 attempts before skipping!
[2023-05-03T17:39:39.908+0000] {logging_mixin.py:137} INFO - Expecting value: line 1 column 1 (char 0)
[2023-05-03T17:39:39.921+0000] {helpers.py:86} ERROR - Expecting value: line 1 column 1 (char 0)
[2023-05-03T17:39:39.924+0000] {helpers.py:87} ERROR - Retrying! 6 attempts before skipping!
[2023-05-03T17:39:41.256+0000] {logging_mixin.py:137} INFO - Expecting value: line 1 column 1 (char 0)
[2023-05-03T17:39:41.321+0000] {helpers.py:86} ERROR - Expecting value: line 1 column 1 (char 0)
[2023-05-03T17:39:41.371+0000] {helpers.py:87} ERROR - Retrying! 5 attempts before skipping!
[2023-05-03T17:39:42.806+0000] {logging_mixin.py:137} INFO - Expecting value: line 1 column 1 (char 0)
[2023-05-03T17:39:42.808+0000] {helpers.py:86} ERROR - Expecting value: line 1 column 1 (char 0)
[2023-05-03T17:39:42.810+0000] {helpers.py:87} ERROR - Retrying! 4 attempts before skipping!
[2023-05-03T17:39:44.015+0000] {logging_mixin.py:137} INFO - Expecting value: line 1 column 1 (char 0)
[2023-05-03T17:39:44.017+0000] {helpers.py:86} ERROR - Expecting value: line 1 column 1 (char 0)
[2023-05-03T17:39:44.018+0000] {helpers.py:87} ERROR - Retrying! 3 attempts before skipping!
[2023-05-03T17:39:45.201+0000] {logging_mixin.py:137} INFO - Expecting value: line 1 column 1 (char 0)
[2023-05-03T17:39:45.203+0000] {helpers.py:86} ERROR - Expecting value: line 1 column 1 (char 0)
[2023-05-03T17:39:45.204+0000] {helpers.py:87} ERROR - Retrying! 2 attempts before skipping!
[2023-05-03T17:39:46.356+0000] {logging_mixin.py:137} INFO - Expecting value: line 1 column 1 (char 0)
[2023-05-03T17:39:46.372+0000] {helpers.py:86} ERROR - Expecting value: line 1 column 1 (char 0)
[2023-05-03T17:39:46.387+0000] {helpers.py:87} ERROR - Retrying! 1 attempts before skipping!
[2023-05-03T17:39:47.580+0000] {logging_mixin.py:137} INFO - Expecting value: line 1 column 1 (char 0)
[2023-05-03T17:39:47.597+0000] {helpers.py:86} ERROR - Expecting value: line 1 column 1 (char 0)
[2023-05-03T17:39:47.616+0000] {helpers.py:87} ERROR - Retrying! 0 attempts before skipping!
[2023-05-03T17:39:48.989+0000] {logging_mixin.py:137} INFO - Expecting value: line 1 column 1 (char 0)
[2023-05-03T17:39:48.991+0000] {helpers.py:86} ERROR - Expecting value: line 1 column 1 (char 0)
[2023-05-03T17:39:48.992+0000] {helpers.py:87} ERROR - Retrying! -1 attempts before skipping!
[2023-05-03T17:39:50.143+0000] {logging_mixin.py:137} INFO - Expecting value: line 1 column 1 (char 0)
[2023-05-03T17:39:50.144+0000] {helpers.py:86} ERROR - Expecting value: line 1 column 1 (char 0)
[2023-05-03T17:39:50.146+0000] {helpers.py:87} ERROR - Retrying! 9 attempts before skipping!
[2023-05-03T17:39:51.289+0000] {logging_mixin.py:137} INFO - Expecting value: line 1 column 1 (char 0)
[2023-05-03T17:39:51.290+0000] {helpers.py:86} ERROR - Expecting value: line 1 column 1 (char 0)
[2023-05-03T17:39:51.310+0000] {helpers.py:87} ERROR - Retrying! 8 attempts before skipping!
[2023-05-03T17:39:52.461+0000] {logging_mixin.py:137} INFO - Expecting value: line 1 column 1 (char 0)
[2023-05-03T17:39:52.462+0000] {helpers.py:86} ERROR - Expecting value: line 1 column 1 (char 0)
[2023-05-03T17:39:52.463+0000] {helpers.py:87} ERROR - Retrying! 7 attempts before skipping!
[2023-05-03T17:39:53.630+0000] {logging_mixin.py:137} INFO - Expecting value: line 1 column 1 (char 0)
[2023-05-03T17:39:53.632+0000] {helpers.py:86} ERROR - Expecting value: line 1 column 1 (char 0)
[2023-05-03T17:39:53.633+0000] {helpers.py:87} ERROR - Retrying! 6 attempts before skipping!
[2023-05-03T17:39:54.795+0000] {logging_mixin.py:137} INFO - Expecting value: line 1 column 1 (char 0)
[2023-05-03T17:39:54.797+0000] {helpers.py:86} ERROR - Expecting value: line 1 column 1 (char 0)
[2023-05-03T17:39:54.798+0000] {helpers.py:87} ERROR - Retrying! 5 attempts before skipping!
[2023-05-03T17:39:56.006+0000] {logging_mixin.py:137} INFO - Expecting value: line 1 column 1 (char 0)
[2023-05-03T17:39:56.008+0000] {helpers.py:86} ERROR - Expecting value: line 1 column 1 (char 0)
[2023-05-03T17:39:56.010+0000] {helpers.py:87} ERROR - Retrying! 4 attempts before skipping!
[2023-05-03T17:39:57.785+0000] {logging_mixin.py:137} INFO - Expecting value: line 1 column 1 (char 0)
[2023-05-03T17:39:57.788+0000] {helpers.py:86} ERROR - Expecting value: line 1 column 1 (char 0)
[2023-05-03T17:39:57.790+0000] {helpers.py:87} ERROR - Retrying! 3 attempts before skipping!
[2023-05-03T17:39:59.427+0000] {logging_mixin.py:137} INFO - Expecting value: line 1 column 1 (char 0)
[2023-05-03T17:39:59.428+0000] {helpers.py:86} ERROR - Expecting value: line 1 column 1 (char 0)
[2023-05-03T17:39:59.428+0000] {helpers.py:87} ERROR - Retrying! 2 attempts before skipping!
[2023-05-03T17:40:00.574+0000] {logging_mixin.py:137} INFO - Expecting value: line 1 column 1 (char 0)
[2023-05-03T17:40:00.578+0000] {helpers.py:86} ERROR - Expecting value: line 1 column 1 (char 0)
[2023-05-03T17:40:00.608+0000] {helpers.py:87} ERROR - Retrying! 1 attempts before skipping!
[2023-05-03T17:40:01.777+0000] {logging_mixin.py:137} INFO - Expecting value: line 1 column 1 (char 0)
[2023-05-03T17:40:01.779+0000] {helpers.py:86} ERROR - Expecting value: line 1 column 1 (char 0)
[2023-05-03T17:40:01.784+0000] {helpers.py:87} ERROR - Retrying! 0 attempts before skipping!
[2023-05-03T17:40:02.946+0000] {logging_mixin.py:137} INFO - Expecting value: line 1 column 1 (char 0)
[2023-05-03T17:40:02.947+0000] {helpers.py:86} ERROR - Expecting value: line 1 column 1 (char 0)
[2023-05-03T17:40:02.948+0000] {helpers.py:87} ERROR - Retrying! -1 attempts before skipping!
[2023-05-03T17:40:04.101+0000] {logging_mixin.py:137} INFO - Expecting value: line 1 column 1 (char 0)
[2023-05-03T17:40:04.102+0000] {helpers.py:86} ERROR - Expecting value: line 1 column 1 (char 0)
[2023-05-03T17:40:04.103+0000] {helpers.py:87} ERROR - Retrying! 9 attempts before skipping!
[2023-05-03T17:40:05.267+0000] {logging_mixin.py:137} INFO - Expecting value: line 1 column 1 (char 0)
[2023-05-03T17:40:05.268+0000] {helpers.py:86} ERROR - Expecting value: line 1 column 1 (char 0)
[2023-05-03T17:40:05.269+0000] {helpers.py:87} ERROR - Retrying! 8 attempts before skipping!
[2023-05-03T17:40:06.415+0000] {logging_mixin.py:137} INFO - Expecting value: line 1 column 1 (char 0)
[2023-05-03T17:40:06.418+0000] {helpers.py:86} ERROR - Expecting value: line 1 column 1 (char 0)
[2023-05-03T17:40:06.419+0000] {helpers.py:87} ERROR - Retrying! 7 attempts before skipping!
[2023-05-03T17:40:07.574+0000] {logging_mixin.py:137} INFO - Expecting value: line 1 column 1 (char 0)
[2023-05-03T17:40:07.581+0000] {helpers.py:86} ERROR - Expecting value: line 1 column 1 (char 0)
[2023-05-03T17:40:07.582+0000] {helpers.py:87} ERROR - Retrying! 6 attempts before skipping!
[2023-05-03T17:40:08.734+0000] {logging_mixin.py:137} INFO - Expecting value: line 1 column 1 (char 0)
[2023-05-03T17:40:08.735+0000] {helpers.py:86} ERROR - Expecting value: line 1 column 1 (char 0)
[2023-05-03T17:40:08.737+0000] {helpers.py:87} ERROR - Retrying! 5 attempts before skipping!
[2023-05-03T17:40:09.890+0000] {logging_mixin.py:137} INFO - Expecting value: line 1 column 1 (char 0)
[2023-05-03T17:40:09.891+0000] {helpers.py:86} ERROR - Expecting value: line 1 column 1 (char 0)
[2023-05-03T17:40:09.892+0000] {helpers.py:87} ERROR - Retrying! 4 attempts before skipping!
[2023-05-03T17:40:11.045+0000] {logging_mixin.py:137} INFO - Expecting value: line 1 column 1 (char 0)
[2023-05-03T17:40:11.046+0000] {helpers.py:86} ERROR - Expecting value: line 1 column 1 (char 0)
[2023-05-03T17:40:11.047+0000] {helpers.py:87} ERROR - Retrying! 3 attempts before skipping!
[2023-05-03T17:40:12.206+0000] {logging_mixin.py:137} INFO - Expecting value: line 1 column 1 (char 0)
[2023-05-03T17:40:12.207+0000] {helpers.py:86} ERROR - Expecting value: line 1 column 1 (char 0)
[2023-05-03T17:40:12.208+0000] {helpers.py:87} ERROR - Retrying! 2 attempts before skipping!
[2023-05-03T17:40:13.375+0000] {logging_mixin.py:137} INFO - Expecting value: line 1 column 1 (char 0)
[2023-05-03T17:40:13.376+0000] {helpers.py:86} ERROR - Expecting value: line 1 column 1 (char 0)
[2023-05-03T17:40:13.382+0000] {helpers.py:87} ERROR - Retrying! 1 attempts before skipping!
[2023-05-03T17:40:14.540+0000] {logging_mixin.py:137} INFO - Expecting value: line 1 column 1 (char 0)
[2023-05-03T17:40:14.541+0000] {helpers.py:86} ERROR - Expecting value: line 1 column 1 (char 0)
[2023-05-03T17:40:14.542+0000] {helpers.py:87} ERROR - Retrying! 0 attempts before skipping!
[2023-05-03T17:40:15.878+0000] {logging_mixin.py:137} INFO - Expecting value: line 1 column 1 (char 0)
[2023-05-03T17:40:15.879+0000] {helpers.py:86} ERROR - Expecting value: line 1 column 1 (char 0)
[2023-05-03T17:40:15.880+0000] {helpers.py:87} ERROR - Retrying! -1 attempts before skipping!
[2023-05-03T17:40:17.042+0000] {logging_mixin.py:137} INFO - Expecting value: line 1 column 1 (char 0)
[2023-05-03T17:40:17.044+0000] {helpers.py:86} ERROR - Expecting value: line 1 column 1 (char 0)
[2023-05-03T17:40:17.045+0000] {helpers.py:87} ERROR - Retrying! 9 attempts before skipping!
[2023-05-03T17:40:18.196+0000] {logging_mixin.py:137} INFO - Expecting value: line 1 column 1 (char 0)
[2023-05-03T17:40:18.198+0000] {helpers.py:86} ERROR - Expecting value: line 1 column 1 (char 0)
[2023-05-03T17:40:18.206+0000] {helpers.py:87} ERROR - Retrying! 8 attempts before skipping!
[2023-05-03T17:40:19.360+0000] {logging_mixin.py:137} INFO - Expecting value: line 1 column 1 (char 0)
[2023-05-03T17:40:19.361+0000] {helpers.py:86} ERROR - Expecting value: line 1 column 1 (char 0)
[2023-05-03T17:40:19.373+0000] {helpers.py:87} ERROR - Retrying! 7 attempts before skipping!
[2023-05-03T17:40:20.538+0000] {logging_mixin.py:137} INFO - Expecting value: line 1 column 1 (char 0)
[2023-05-03T17:40:20.539+0000] {helpers.py:86} ERROR - Expecting value: line 1 column 1 (char 0)
[2023-05-03T17:40:20.540+0000] {helpers.py:87} ERROR - Retrying! 6 attempts before skipping!
[2023-05-03T17:40:21.682+0000] {logging_mixin.py:137} INFO - Expecting value: line 1 column 1 (char 0)
[2023-05-03T17:40:21.683+0000] {helpers.py:86} ERROR - Expecting value: line 1 column 1 (char 0)
[2023-05-03T17:40:21.684+0000] {helpers.py:87} ERROR - Retrying! 5 attempts before skipping!
[2023-05-03T17:40:22.827+0000] {logging_mixin.py:137} INFO - Expecting value: line 1 column 1 (char 0)
[2023-05-03T17:40:22.830+0000] {helpers.py:86} ERROR - Expecting value: line 1 column 1 (char 0)
[2023-05-03T17:40:22.831+0000] {helpers.py:87} ERROR - Retrying! 4 attempts before skipping!
[2023-05-03T17:40:23.991+0000] {logging_mixin.py:137} INFO - Expecting value: line 1 column 1 (char 0)
[2023-05-03T17:40:23.993+0000] {helpers.py:86} ERROR - Expecting value: line 1 column 1 (char 0)
[2023-05-03T17:40:23.994+0000] {helpers.py:87} ERROR - Retrying! 3 attempts before skipping!
[2023-05-03T17:40:25.152+0000] {logging_mixin.py:137} INFO - Expecting value: line 1 column 1 (char 0)
[2023-05-03T17:40:25.153+0000] {helpers.py:86} ERROR - Expecting value: line 1 column 1 (char 0)
[2023-05-03T17:40:25.155+0000] {helpers.py:87} ERROR - Retrying! 2 attempts before skipping!
[2023-05-03T17:40:26.304+0000] {logging_mixin.py:137} INFO - Expecting value: line 1 column 1 (char 0)
[2023-05-03T17:40:26.305+0000] {helpers.py:86} ERROR - Expecting value: line 1 column 1 (char 0)
[2023-05-03T17:40:26.306+0000] {helpers.py:87} ERROR - Retrying! 1 attempts before skipping!
[2023-05-03T17:40:27.474+0000] {logging_mixin.py:137} INFO - Expecting value: line 1 column 1 (char 0)
[2023-05-03T17:40:27.474+0000] {helpers.py:86} ERROR - Expecting value: line 1 column 1 (char 0)
[2023-05-03T17:40:27.475+0000] {helpers.py:87} ERROR - Retrying! 0 attempts before skipping!
[2023-05-03T17:40:28.630+0000] {logging_mixin.py:137} INFO - Expecting value: line 1 column 1 (char 0)
[2023-05-03T17:40:28.631+0000] {helpers.py:86} ERROR - Expecting value: line 1 column 1 (char 0)
[2023-05-03T17:40:28.633+0000] {helpers.py:87} ERROR - Retrying! -1 attempts before skipping!
[2023-05-03T17:40:29.797+0000] {logging_mixin.py:137} INFO - Expecting value: line 1 column 1 (char 0)
[2023-05-03T17:40:29.798+0000] {helpers.py:86} ERROR - Expecting value: line 1 column 1 (char 0)
[2023-05-03T17:40:29.799+0000] {helpers.py:87} ERROR - Retrying! 9 attempts before skipping!
[2023-05-03T17:40:30.995+0000] {logging_mixin.py:137} INFO - Expecting value: line 1 column 1 (char 0)
[2023-05-03T17:40:30.998+0000] {helpers.py:86} ERROR - Expecting value: line 1 column 1 (char 0)
[2023-05-03T17:40:31.003+0000] {helpers.py:87} ERROR - Retrying! 8 attempts before skipping!
[2023-05-03T17:40:32.169+0000] {logging_mixin.py:137} INFO - Expecting value: line 1 column 1 (char 0)
[2023-05-03T17:40:32.171+0000] {helpers.py:86} ERROR - Expecting value: line 1 column 1 (char 0)
[2023-05-03T17:40:32.173+0000] {helpers.py:87} ERROR - Retrying! 7 attempts before skipping!
[2023-05-03T17:40:33.333+0000] {logging_mixin.py:137} INFO - Expecting value: line 1 column 1 (char 0)
[2023-05-03T17:40:33.334+0000] {helpers.py:86} ERROR - Expecting value: line 1 column 1 (char 0)
[2023-05-03T17:40:33.335+0000] {helpers.py:87} ERROR - Retrying! 6 attempts before skipping!
[2023-05-03T17:40:34.527+0000] {logging_mixin.py:137} INFO - Expecting value: line 1 column 1 (char 0)
[2023-05-03T17:40:34.528+0000] {helpers.py:86} ERROR - Expecting value: line 1 column 1 (char 0)
[2023-05-03T17:40:34.529+0000] {helpers.py:87} ERROR - Retrying! 5 attempts before skipping!
[2023-05-03T17:40:35.680+0000] {logging_mixin.py:137} INFO - Expecting value: line 1 column 1 (char 0)
[2023-05-03T17:40:35.681+0000] {helpers.py:86} ERROR - Expecting value: line 1 column 1 (char 0)
[2023-05-03T17:40:35.683+0000] {helpers.py:87} ERROR - Retrying! 4 attempts before skipping!
[2023-05-03T17:40:36.857+0000] {logging_mixin.py:137} INFO - Expecting value: line 1 column 1 (char 0)
[2023-05-03T17:40:36.862+0000] {helpers.py:86} ERROR - Expecting value: line 1 column 1 (char 0)
[2023-05-03T17:40:36.863+0000] {helpers.py:87} ERROR - Retrying! 3 attempts before skipping!
[2023-05-03T17:40:38.007+0000] {logging_mixin.py:137} INFO - Expecting value: line 1 column 1 (char 0)
[2023-05-03T17:40:38.012+0000] {helpers.py:86} ERROR - Expecting value: line 1 column 1 (char 0)
[2023-05-03T17:40:38.015+0000] {helpers.py:87} ERROR - Retrying! 2 attempts before skipping!
[2023-05-03T17:40:39.164+0000] {logging_mixin.py:137} INFO - Expecting value: line 1 column 1 (char 0)
[2023-05-03T17:40:39.166+0000] {helpers.py:86} ERROR - Expecting value: line 1 column 1 (char 0)
[2023-05-03T17:40:39.168+0000] {helpers.py:87} ERROR - Retrying! 1 attempts before skipping!
[2023-05-03T17:40:40.326+0000] {logging_mixin.py:137} INFO - Expecting value: line 1 column 1 (char 0)
[2023-05-03T17:40:40.329+0000] {helpers.py:86} ERROR - Expecting value: line 1 column 1 (char 0)
[2023-05-03T17:40:40.330+0000] {helpers.py:87} ERROR - Retrying! 0 attempts before skipping!
[2023-05-03T17:40:41.506+0000] {logging_mixin.py:137} INFO - Expecting value: line 1 column 1 (char 0)
[2023-05-03T17:40:41.507+0000] {helpers.py:86} ERROR - Expecting value: line 1 column 1 (char 0)
[2023-05-03T17:40:41.508+0000] {helpers.py:87} ERROR - Retrying! -1 attempts before skipping!
[2023-05-03T17:40:42.520+0000] {helpers.py:96} INFO - Saved in /opt/***/data/output_scrape_teams_25-30.csv
[2023-05-03T17:40:42.521+0000] {python.py:177} INFO - Done. Returned value was: None
[2023-05-03T17:40:42.540+0000] {taskinstance.py:1332} INFO - Marking task as SUCCESS. dag_id=scrape_and_save_to_csv, task_id=scrape_teams_25-30, execution_date=20230503T123000, start_date=20230503T173922, end_date=20230503T174042
[2023-05-03T17:40:42.594+0000] {local_task_job.py:212} INFO - Task exited with return code 0
[2023-05-03T17:40:42.626+0000] {taskinstance.py:2596} INFO - 0 downstream tasks scheduled from follow-on schedule check
