[2023-05-03T05:11:04.430+0000] {taskinstance.py:1090} INFO - Dependencies all met for dep_context=non-requeueable deps ti=<TaskInstance: scrape_and_save_to_csv.scrape_teams_25-30 scheduled__2023-05-03T03:30:00+00:00 [queued]>
[2023-05-03T05:11:04.444+0000] {taskinstance.py:1090} INFO - Dependencies all met for dep_context=requeueable deps ti=<TaskInstance: scrape_and_save_to_csv.scrape_teams_25-30 scheduled__2023-05-03T03:30:00+00:00 [queued]>
[2023-05-03T05:11:04.447+0000] {taskinstance.py:1288} INFO - 
--------------------------------------------------------------------------------
[2023-05-03T05:11:04.449+0000] {taskinstance.py:1289} INFO - Starting attempt 1 of 1
[2023-05-03T05:11:04.451+0000] {taskinstance.py:1290} INFO - 
--------------------------------------------------------------------------------
[2023-05-03T05:11:04.469+0000] {taskinstance.py:1309} INFO - Executing <Task(PythonOperator): scrape_teams_25-30> on 2023-05-03 03:30:00+00:00
[2023-05-03T05:11:04.479+0000] {standard_task_runner.py:55} INFO - Started process 31461 to run task
[2023-05-03T05:11:04.484+0000] {standard_task_runner.py:82} INFO - Running: ['***', 'tasks', 'run', 'scrape_and_save_to_csv', 'scrape_teams_25-30', 'scheduled__2023-05-03T03:30:00+00:00', '--job-id', '2318', '--raw', '--subdir', 'DAGS_FOLDER/scrape_and_save_csv_dag.py', '--cfg-path', '/tmp/tmpv5mb9wzc']
[2023-05-03T05:11:04.489+0000] {standard_task_runner.py:83} INFO - Job 2318: Subtask scrape_teams_25-30
[2023-05-03T05:11:04.567+0000] {task_command.py:389} INFO - Running <TaskInstance: scrape_and_save_to_csv.scrape_teams_25-30 scheduled__2023-05-03T03:30:00+00:00 [running]> on host 5d4cd8acb346
[2023-05-03T05:11:04.632+0000] {taskinstance.py:1518} INFO - Exporting the following env vars:
AIRFLOW_CTX_DAG_OWNER=***
AIRFLOW_CTX_DAG_ID=scrape_and_save_to_csv
AIRFLOW_CTX_TASK_ID=scrape_teams_25-30
AIRFLOW_CTX_EXECUTION_DATE=2023-05-03T03:30:00+00:00
AIRFLOW_CTX_TRY_NUMBER=1
AIRFLOW_CTX_DAG_RUN_ID=scheduled__2023-05-03T03:30:00+00:00
[2023-05-03T06:32:32.419+0000] {warnings.py:110} WARNING - /home/***/.local/lib/python3.7/site-packages/***/utils/context.py:313: AirflowContextDeprecationWarning: Accessing 'execution_date' from the template is deprecated and will be removed in a future version. Please use 'data_interval_start' or 'logical_date' instead.
  warnings.warn(_create_deprecation_warning(k, replacements))

[2023-05-03T06:32:33.776+0000] {helpers.py:80} INFO - Portland Trail Blazers: Successfully scraped!
[2023-05-03T06:32:36.493+0000] {helpers.py:80} INFO - Sacramento Kings: Successfully scraped!
[2023-05-03T06:32:40.300+0000] {helpers.py:80} INFO - San Antonio Spurs: Successfully scraped!
[2023-05-03T06:32:45.553+0000] {helpers.py:80} INFO - Toronto Raptors: Successfully scraped!
[2023-05-03T06:32:49.784+0000] {helpers.py:80} INFO - Utah Jazz: Successfully scraped!
[2023-05-03T09:34:34.274+0000] {local_task_job.py:277} WARNING - State of this instance has been externally set to failed. Terminating instance.
[2023-05-03T09:34:34.440+0000] {process_utils.py:133} INFO - Sending Signals.SIGTERM to group 31461. PIDs of all processes in the group: [31461]
[2023-05-03T09:34:34.448+0000] {process_utils.py:84} INFO - Sending the signal Signals.SIGTERM to group 31461
[2023-05-03T09:34:34.457+0000] {taskinstance.py:1488} ERROR - Received SIGTERM. Terminating subprocesses.
[2023-05-03T09:34:34.500+0000] {logging_mixin.py:137} INFO - Task received SIGTERM signal
[2023-05-03T09:34:34.524+0000] {helpers.py:86} ERROR - Task received SIGTERM signal
[2023-05-03T09:34:34.555+0000] {helpers.py:87} ERROR - Retrying! 9 attempts before skipping!
[2023-05-03T09:34:39.378+0000] {logging_mixin.py:137} INFO - ('Connection broken: IncompleteRead(9450 bytes read, 790 more expected)', IncompleteRead(9450 bytes read, 790 more expected))
[2023-05-03T09:34:39.381+0000] {helpers.py:86} ERROR - ('Connection broken: IncompleteRead(9450 bytes read, 790 more expected)', IncompleteRead(9450 bytes read, 790 more expected))
[2023-05-03T09:34:39.382+0000] {helpers.py:87} ERROR - Retrying! 8 attempts before skipping!
[2023-05-03T09:34:44.764+0000] {helpers.py:80} INFO - Washington Wizards: Successfully scraped!
[2023-05-03T09:34:44.809+0000] {helpers.py:96} INFO - Saved in /opt/***/data/output_scrape_teams_25-30.csv
[2023-05-03T09:34:44.814+0000] {python.py:177} INFO - Done. Returned value was: None
[2023-05-03T09:34:44.895+0000] {taskinstance.py:1332} INFO - Marking task as SUCCESS. dag_id=scrape_and_save_to_csv, task_id=scrape_teams_25-30, execution_date=20230503T033000, start_date=20230503T051104, end_date=20230503T093444
[2023-05-03T09:34:45.125+0000] {process_utils.py:79} INFO - Process psutil.Process(pid=31461, status='terminated', exitcode=0, started='05:11:04') (31461) terminated with exit code 0
