[2023-05-01T08:37:09.760+0000] {taskinstance.py:1090} INFO - Dependencies all met for dep_context=non-requeueable deps ti=<TaskInstance: scrape_and_save_to_csv.scrape_teams_1-8 scheduled__2023-05-01T07:30:00+00:00 [queued]>
[2023-05-01T08:37:09.809+0000] {taskinstance.py:1090} INFO - Dependencies all met for dep_context=requeueable deps ti=<TaskInstance: scrape_and_save_to_csv.scrape_teams_1-8 scheduled__2023-05-01T07:30:00+00:00 [queued]>
[2023-05-01T08:37:09.811+0000] {taskinstance.py:1288} INFO - 
--------------------------------------------------------------------------------
[2023-05-01T08:37:09.813+0000] {taskinstance.py:1289} INFO - Starting attempt 1 of 1
[2023-05-01T08:37:09.815+0000] {taskinstance.py:1290} INFO - 
--------------------------------------------------------------------------------
[2023-05-01T08:37:09.845+0000] {taskinstance.py:1309} INFO - Executing <Task(PythonOperator): scrape_teams_1-8> on 2023-05-01 07:30:00+00:00
[2023-05-01T08:37:09.856+0000] {standard_task_runner.py:55} INFO - Started process 5711 to run task
[2023-05-01T08:37:09.862+0000] {standard_task_runner.py:82} INFO - Running: ['***', 'tasks', 'run', 'scrape_and_save_to_csv', 'scrape_teams_1-8', 'scheduled__2023-05-01T07:30:00+00:00', '--job-id', '2028', '--raw', '--subdir', 'DAGS_FOLDER/scrape_and_save_csv_dag.py', '--cfg-path', '/tmp/tmpvl3zeudu']
[2023-05-01T08:37:09.866+0000] {standard_task_runner.py:83} INFO - Job 2028: Subtask scrape_teams_1-8
[2023-05-01T08:37:10.022+0000] {task_command.py:389} INFO - Running <TaskInstance: scrape_and_save_to_csv.scrape_teams_1-8 scheduled__2023-05-01T07:30:00+00:00 [running]> on host 5d4cd8acb346
[2023-05-01T08:37:10.133+0000] {taskinstance.py:1518} INFO - Exporting the following env vars:
AIRFLOW_CTX_DAG_OWNER=***
AIRFLOW_CTX_DAG_ID=scrape_and_save_to_csv
AIRFLOW_CTX_TASK_ID=scrape_teams_1-8
AIRFLOW_CTX_EXECUTION_DATE=2023-05-01T07:30:00+00:00
AIRFLOW_CTX_TRY_NUMBER=1
AIRFLOW_CTX_DAG_RUN_ID=scheduled__2023-05-01T07:30:00+00:00
[2023-05-01T08:37:10.150+0000] {logging_mixin.py:137} INFO - HTTPSConnectionPool(host='api.pushshift.io', port=443): Max retries exceeded with url: /reddit/search/submission/?subreddit=AtlantaHawks&sort=created_utc&sort_type=desc&size=500 (Caused by NewConnectionError('<urllib3.connection.HTTPSConnection object at 0xffffa0052a50>: Failed to establish a new connection: [Errno -2] Name or service not known'))
[2023-05-01T08:37:10.151+0000] {helpers.py:86} ERROR - HTTPSConnectionPool(host='api.pushshift.io', port=443): Max retries exceeded with url: /reddit/search/submission/?subreddit=AtlantaHawks&sort=created_utc&sort_type=desc&size=500 (Caused by NewConnectionError('<urllib3.connection.HTTPSConnection object at 0xffffa0052a50>: Failed to establish a new connection: [Errno -2] Name or service not known'))
[2023-05-01T08:37:10.152+0000] {helpers.py:87} ERROR - Retrying! 9 attempts before skipping!
[2023-05-01T08:37:11.166+0000] {logging_mixin.py:137} INFO - HTTPSConnectionPool(host='api.pushshift.io', port=443): Max retries exceeded with url: /reddit/search/submission/?subreddit=AtlantaHawks&sort=created_utc&sort_type=desc&size=500 (Caused by NewConnectionError('<urllib3.connection.HTTPSConnection object at 0xffffa0052c50>: Failed to establish a new connection: [Errno -2] Name or service not known'))
[2023-05-01T08:37:11.168+0000] {helpers.py:86} ERROR - HTTPSConnectionPool(host='api.pushshift.io', port=443): Max retries exceeded with url: /reddit/search/submission/?subreddit=AtlantaHawks&sort=created_utc&sort_type=desc&size=500 (Caused by NewConnectionError('<urllib3.connection.HTTPSConnection object at 0xffffa0052c50>: Failed to establish a new connection: [Errno -2] Name or service not known'))
[2023-05-01T08:37:11.170+0000] {helpers.py:87} ERROR - Retrying! 8 attempts before skipping!
[2023-05-01T08:37:12.180+0000] {logging_mixin.py:137} INFO - HTTPSConnectionPool(host='api.pushshift.io', port=443): Max retries exceeded with url: /reddit/search/submission/?subreddit=AtlantaHawks&sort=created_utc&sort_type=desc&size=500 (Caused by NewConnectionError('<urllib3.connection.HTTPSConnection object at 0xffffa0052a90>: Failed to establish a new connection: [Errno -2] Name or service not known'))
[2023-05-01T08:37:12.183+0000] {helpers.py:86} ERROR - HTTPSConnectionPool(host='api.pushshift.io', port=443): Max retries exceeded with url: /reddit/search/submission/?subreddit=AtlantaHawks&sort=created_utc&sort_type=desc&size=500 (Caused by NewConnectionError('<urllib3.connection.HTTPSConnection object at 0xffffa0052a90>: Failed to establish a new connection: [Errno -2] Name or service not known'))
[2023-05-01T08:37:12.184+0000] {helpers.py:87} ERROR - Retrying! 7 attempts before skipping!
[2023-05-01T08:37:13.192+0000] {logging_mixin.py:137} INFO - HTTPSConnectionPool(host='api.pushshift.io', port=443): Max retries exceeded with url: /reddit/search/submission/?subreddit=AtlantaHawks&sort=created_utc&sort_type=desc&size=500 (Caused by NewConnectionError('<urllib3.connection.HTTPSConnection object at 0xffffa0052990>: Failed to establish a new connection: [Errno -2] Name or service not known'))
[2023-05-01T08:37:13.193+0000] {helpers.py:86} ERROR - HTTPSConnectionPool(host='api.pushshift.io', port=443): Max retries exceeded with url: /reddit/search/submission/?subreddit=AtlantaHawks&sort=created_utc&sort_type=desc&size=500 (Caused by NewConnectionError('<urllib3.connection.HTTPSConnection object at 0xffffa0052990>: Failed to establish a new connection: [Errno -2] Name or service not known'))
[2023-05-01T08:37:13.195+0000] {helpers.py:87} ERROR - Retrying! 6 attempts before skipping!
[2023-05-01T08:37:14.204+0000] {logging_mixin.py:137} INFO - HTTPSConnectionPool(host='api.pushshift.io', port=443): Max retries exceeded with url: /reddit/search/submission/?subreddit=AtlantaHawks&sort=created_utc&sort_type=desc&size=500 (Caused by NewConnectionError('<urllib3.connection.HTTPSConnection object at 0xffffa0052d90>: Failed to establish a new connection: [Errno -2] Name or service not known'))
[2023-05-01T08:37:14.206+0000] {helpers.py:86} ERROR - HTTPSConnectionPool(host='api.pushshift.io', port=443): Max retries exceeded with url: /reddit/search/submission/?subreddit=AtlantaHawks&sort=created_utc&sort_type=desc&size=500 (Caused by NewConnectionError('<urllib3.connection.HTTPSConnection object at 0xffffa0052d90>: Failed to establish a new connection: [Errno -2] Name or service not known'))
[2023-05-01T08:37:14.207+0000] {helpers.py:87} ERROR - Retrying! 5 attempts before skipping!
[2023-05-01T08:37:15.215+0000] {logging_mixin.py:137} INFO - HTTPSConnectionPool(host='api.pushshift.io', port=443): Max retries exceeded with url: /reddit/search/submission/?subreddit=AtlantaHawks&sort=created_utc&sort_type=desc&size=500 (Caused by NewConnectionError('<urllib3.connection.HTTPSConnection object at 0xffffa0052c90>: Failed to establish a new connection: [Errno -2] Name or service not known'))
[2023-05-01T08:37:15.217+0000] {helpers.py:86} ERROR - HTTPSConnectionPool(host='api.pushshift.io', port=443): Max retries exceeded with url: /reddit/search/submission/?subreddit=AtlantaHawks&sort=created_utc&sort_type=desc&size=500 (Caused by NewConnectionError('<urllib3.connection.HTTPSConnection object at 0xffffa0052c90>: Failed to establish a new connection: [Errno -2] Name or service not known'))
[2023-05-01T08:37:15.218+0000] {helpers.py:87} ERROR - Retrying! 4 attempts before skipping!
[2023-05-01T08:37:16.228+0000] {logging_mixin.py:137} INFO - HTTPSConnectionPool(host='api.pushshift.io', port=443): Max retries exceeded with url: /reddit/search/submission/?subreddit=AtlantaHawks&sort=created_utc&sort_type=desc&size=500 (Caused by NewConnectionError('<urllib3.connection.HTTPSConnection object at 0xffffa0052c50>: Failed to establish a new connection: [Errno -2] Name or service not known'))
[2023-05-01T08:37:16.230+0000] {helpers.py:86} ERROR - HTTPSConnectionPool(host='api.pushshift.io', port=443): Max retries exceeded with url: /reddit/search/submission/?subreddit=AtlantaHawks&sort=created_utc&sort_type=desc&size=500 (Caused by NewConnectionError('<urllib3.connection.HTTPSConnection object at 0xffffa0052c50>: Failed to establish a new connection: [Errno -2] Name or service not known'))
[2023-05-01T08:37:16.232+0000] {helpers.py:87} ERROR - Retrying! 3 attempts before skipping!
[2023-05-01T08:37:17.243+0000] {logging_mixin.py:137} INFO - HTTPSConnectionPool(host='api.pushshift.io', port=443): Max retries exceeded with url: /reddit/search/submission/?subreddit=AtlantaHawks&sort=created_utc&sort_type=desc&size=500 (Caused by NewConnectionError('<urllib3.connection.HTTPSConnection object at 0xffffa0052a90>: Failed to establish a new connection: [Errno -2] Name or service not known'))
[2023-05-01T08:37:17.248+0000] {helpers.py:86} ERROR - HTTPSConnectionPool(host='api.pushshift.io', port=443): Max retries exceeded with url: /reddit/search/submission/?subreddit=AtlantaHawks&sort=created_utc&sort_type=desc&size=500 (Caused by NewConnectionError('<urllib3.connection.HTTPSConnection object at 0xffffa0052a90>: Failed to establish a new connection: [Errno -2] Name or service not known'))
[2023-05-01T08:37:17.250+0000] {helpers.py:87} ERROR - Retrying! 2 attempts before skipping!
[2023-05-01T08:37:18.261+0000] {logging_mixin.py:137} INFO - HTTPSConnectionPool(host='api.pushshift.io', port=443): Max retries exceeded with url: /reddit/search/submission/?subreddit=AtlantaHawks&sort=created_utc&sort_type=desc&size=500 (Caused by NewConnectionError('<urllib3.connection.HTTPSConnection object at 0xffffa0052990>: Failed to establish a new connection: [Errno -2] Name or service not known'))
[2023-05-01T08:37:18.262+0000] {helpers.py:86} ERROR - HTTPSConnectionPool(host='api.pushshift.io', port=443): Max retries exceeded with url: /reddit/search/submission/?subreddit=AtlantaHawks&sort=created_utc&sort_type=desc&size=500 (Caused by NewConnectionError('<urllib3.connection.HTTPSConnection object at 0xffffa0052990>: Failed to establish a new connection: [Errno -2] Name or service not known'))
[2023-05-01T08:37:18.264+0000] {helpers.py:87} ERROR - Retrying! 1 attempts before skipping!
[2023-05-01T08:37:19.273+0000] {logging_mixin.py:137} INFO - HTTPSConnectionPool(host='api.pushshift.io', port=443): Max retries exceeded with url: /reddit/search/submission/?subreddit=AtlantaHawks&sort=created_utc&sort_type=desc&size=500 (Caused by NewConnectionError('<urllib3.connection.HTTPSConnection object at 0xffffa0052d90>: Failed to establish a new connection: [Errno -2] Name or service not known'))
[2023-05-01T08:37:19.275+0000] {helpers.py:86} ERROR - HTTPSConnectionPool(host='api.pushshift.io', port=443): Max retries exceeded with url: /reddit/search/submission/?subreddit=AtlantaHawks&sort=created_utc&sort_type=desc&size=500 (Caused by NewConnectionError('<urllib3.connection.HTTPSConnection object at 0xffffa0052d90>: Failed to establish a new connection: [Errno -2] Name or service not known'))
[2023-05-01T08:37:19.276+0000] {helpers.py:87} ERROR - Retrying! 0 attempts before skipping!
[2023-05-01T08:37:20.284+0000] {logging_mixin.py:137} INFO - HTTPSConnectionPool(host='api.pushshift.io', port=443): Max retries exceeded with url: /reddit/search/submission/?subreddit=AtlantaHawks&sort=created_utc&sort_type=desc&size=500 (Caused by NewConnectionError('<urllib3.connection.HTTPSConnection object at 0xffffa0052c90>: Failed to establish a new connection: [Errno -2] Name or service not known'))
[2023-05-01T08:37:20.287+0000] {helpers.py:86} ERROR - HTTPSConnectionPool(host='api.pushshift.io', port=443): Max retries exceeded with url: /reddit/search/submission/?subreddit=AtlantaHawks&sort=created_utc&sort_type=desc&size=500 (Caused by NewConnectionError('<urllib3.connection.HTTPSConnection object at 0xffffa0052c90>: Failed to establish a new connection: [Errno -2] Name or service not known'))
[2023-05-01T08:37:20.288+0000] {helpers.py:87} ERROR - Retrying! -1 attempts before skipping!
[2023-05-01T08:37:21.297+0000] {logging_mixin.py:137} INFO - HTTPSConnectionPool(host='api.pushshift.io', port=443): Max retries exceeded with url: /reddit/search/submission/?subreddit=bostonceltics&sort=created_utc&sort_type=desc&size=500 (Caused by NewConnectionError('<urllib3.connection.HTTPSConnection object at 0xffffa0052890>: Failed to establish a new connection: [Errno -2] Name or service not known'))
[2023-05-01T08:37:21.301+0000] {helpers.py:86} ERROR - HTTPSConnectionPool(host='api.pushshift.io', port=443): Max retries exceeded with url: /reddit/search/submission/?subreddit=bostonceltics&sort=created_utc&sort_type=desc&size=500 (Caused by NewConnectionError('<urllib3.connection.HTTPSConnection object at 0xffffa0052890>: Failed to establish a new connection: [Errno -2] Name or service not known'))
[2023-05-01T08:37:21.303+0000] {helpers.py:87} ERROR - Retrying! 9 attempts before skipping!
[2023-05-01T08:37:22.322+0000] {logging_mixin.py:137} INFO - HTTPSConnectionPool(host='api.pushshift.io', port=443): Max retries exceeded with url: /reddit/search/submission/?subreddit=bostonceltics&sort=created_utc&sort_type=desc&size=500 (Caused by NewConnectionError('<urllib3.connection.HTTPSConnection object at 0xffffa0052b50>: Failed to establish a new connection: [Errno -2] Name or service not known'))
[2023-05-01T08:37:22.324+0000] {helpers.py:86} ERROR - HTTPSConnectionPool(host='api.pushshift.io', port=443): Max retries exceeded with url: /reddit/search/submission/?subreddit=bostonceltics&sort=created_utc&sort_type=desc&size=500 (Caused by NewConnectionError('<urllib3.connection.HTTPSConnection object at 0xffffa0052b50>: Failed to establish a new connection: [Errno -2] Name or service not known'))
[2023-05-01T08:37:22.325+0000] {helpers.py:87} ERROR - Retrying! 8 attempts before skipping!
[2023-05-01T08:37:23.333+0000] {logging_mixin.py:137} INFO - HTTPSConnectionPool(host='api.pushshift.io', port=443): Max retries exceeded with url: /reddit/search/submission/?subreddit=bostonceltics&sort=created_utc&sort_type=desc&size=500 (Caused by NewConnectionError('<urllib3.connection.HTTPSConnection object at 0xffffa0052fd0>: Failed to establish a new connection: [Errno -2] Name or service not known'))
[2023-05-01T08:37:23.334+0000] {helpers.py:86} ERROR - HTTPSConnectionPool(host='api.pushshift.io', port=443): Max retries exceeded with url: /reddit/search/submission/?subreddit=bostonceltics&sort=created_utc&sort_type=desc&size=500 (Caused by NewConnectionError('<urllib3.connection.HTTPSConnection object at 0xffffa0052fd0>: Failed to establish a new connection: [Errno -2] Name or service not known'))
[2023-05-01T08:37:23.335+0000] {helpers.py:87} ERROR - Retrying! 7 attempts before skipping!
[2023-05-01T08:37:24.342+0000] {logging_mixin.py:137} INFO - HTTPSConnectionPool(host='api.pushshift.io', port=443): Max retries exceeded with url: /reddit/search/submission/?subreddit=bostonceltics&sort=created_utc&sort_type=desc&size=500 (Caused by NewConnectionError('<urllib3.connection.HTTPSConnection object at 0xffffa0052c50>: Failed to establish a new connection: [Errno -2] Name or service not known'))
[2023-05-01T08:37:24.343+0000] {helpers.py:86} ERROR - HTTPSConnectionPool(host='api.pushshift.io', port=443): Max retries exceeded with url: /reddit/search/submission/?subreddit=bostonceltics&sort=created_utc&sort_type=desc&size=500 (Caused by NewConnectionError('<urllib3.connection.HTTPSConnection object at 0xffffa0052c50>: Failed to establish a new connection: [Errno -2] Name or service not known'))
[2023-05-01T08:37:24.344+0000] {helpers.py:87} ERROR - Retrying! 6 attempts before skipping!
[2023-05-01T08:37:25.351+0000] {logging_mixin.py:137} INFO - HTTPSConnectionPool(host='api.pushshift.io', port=443): Max retries exceeded with url: /reddit/search/submission/?subreddit=bostonceltics&sort=created_utc&sort_type=desc&size=500 (Caused by NewConnectionError('<urllib3.connection.HTTPSConnection object at 0xffffa0052a90>: Failed to establish a new connection: [Errno -2] Name or service not known'))
[2023-05-01T08:37:25.352+0000] {helpers.py:86} ERROR - HTTPSConnectionPool(host='api.pushshift.io', port=443): Max retries exceeded with url: /reddit/search/submission/?subreddit=bostonceltics&sort=created_utc&sort_type=desc&size=500 (Caused by NewConnectionError('<urllib3.connection.HTTPSConnection object at 0xffffa0052a90>: Failed to establish a new connection: [Errno -2] Name or service not known'))
[2023-05-01T08:37:25.354+0000] {helpers.py:87} ERROR - Retrying! 5 attempts before skipping!
[2023-05-01T08:37:26.363+0000] {logging_mixin.py:137} INFO - HTTPSConnectionPool(host='api.pushshift.io', port=443): Max retries exceeded with url: /reddit/search/submission/?subreddit=bostonceltics&sort=created_utc&sort_type=desc&size=500 (Caused by NewConnectionError('<urllib3.connection.HTTPSConnection object at 0xffffa0052990>: Failed to establish a new connection: [Errno -2] Name or service not known'))
[2023-05-01T08:37:26.365+0000] {helpers.py:86} ERROR - HTTPSConnectionPool(host='api.pushshift.io', port=443): Max retries exceeded with url: /reddit/search/submission/?subreddit=bostonceltics&sort=created_utc&sort_type=desc&size=500 (Caused by NewConnectionError('<urllib3.connection.HTTPSConnection object at 0xffffa0052990>: Failed to establish a new connection: [Errno -2] Name or service not known'))
[2023-05-01T08:37:26.366+0000] {helpers.py:87} ERROR - Retrying! 4 attempts before skipping!
[2023-05-01T08:37:27.378+0000] {logging_mixin.py:137} INFO - HTTPSConnectionPool(host='api.pushshift.io', port=443): Max retries exceeded with url: /reddit/search/submission/?subreddit=bostonceltics&sort=created_utc&sort_type=desc&size=500 (Caused by NewConnectionError('<urllib3.connection.HTTPSConnection object at 0xffffa0052d90>: Failed to establish a new connection: [Errno -2] Name or service not known'))
[2023-05-01T08:37:27.385+0000] {helpers.py:86} ERROR - HTTPSConnectionPool(host='api.pushshift.io', port=443): Max retries exceeded with url: /reddit/search/submission/?subreddit=bostonceltics&sort=created_utc&sort_type=desc&size=500 (Caused by NewConnectionError('<urllib3.connection.HTTPSConnection object at 0xffffa0052d90>: Failed to establish a new connection: [Errno -2] Name or service not known'))
[2023-05-01T08:37:27.386+0000] {helpers.py:87} ERROR - Retrying! 3 attempts before skipping!
[2023-05-01T08:37:28.397+0000] {logging_mixin.py:137} INFO - HTTPSConnectionPool(host='api.pushshift.io', port=443): Max retries exceeded with url: /reddit/search/submission/?subreddit=bostonceltics&sort=created_utc&sort_type=desc&size=500 (Caused by NewConnectionError('<urllib3.connection.HTTPSConnection object at 0xffffa0052210>: Failed to establish a new connection: [Errno -2] Name or service not known'))
[2023-05-01T08:37:28.400+0000] {helpers.py:86} ERROR - HTTPSConnectionPool(host='api.pushshift.io', port=443): Max retries exceeded with url: /reddit/search/submission/?subreddit=bostonceltics&sort=created_utc&sort_type=desc&size=500 (Caused by NewConnectionError('<urllib3.connection.HTTPSConnection object at 0xffffa0052210>: Failed to establish a new connection: [Errno -2] Name or service not known'))
[2023-05-01T08:37:28.402+0000] {helpers.py:87} ERROR - Retrying! 2 attempts before skipping!
[2023-05-01T08:37:29.415+0000] {logging_mixin.py:137} INFO - HTTPSConnectionPool(host='api.pushshift.io', port=443): Max retries exceeded with url: /reddit/search/submission/?subreddit=bostonceltics&sort=created_utc&sort_type=desc&size=500 (Caused by NewConnectionError('<urllib3.connection.HTTPSConnection object at 0xffffa0052890>: Failed to establish a new connection: [Errno -2] Name or service not known'))
[2023-05-01T08:37:29.419+0000] {helpers.py:86} ERROR - HTTPSConnectionPool(host='api.pushshift.io', port=443): Max retries exceeded with url: /reddit/search/submission/?subreddit=bostonceltics&sort=created_utc&sort_type=desc&size=500 (Caused by NewConnectionError('<urllib3.connection.HTTPSConnection object at 0xffffa0052890>: Failed to establish a new connection: [Errno -2] Name or service not known'))
[2023-05-01T08:37:29.421+0000] {helpers.py:87} ERROR - Retrying! 1 attempts before skipping!
[2023-05-01T08:37:30.439+0000] {logging_mixin.py:137} INFO - HTTPSConnectionPool(host='api.pushshift.io', port=443): Max retries exceeded with url: /reddit/search/submission/?subreddit=bostonceltics&sort=created_utc&sort_type=desc&size=500 (Caused by NewConnectionError('<urllib3.connection.HTTPSConnection object at 0xffffa0052b50>: Failed to establish a new connection: [Errno -2] Name or service not known'))
[2023-05-01T08:37:30.443+0000] {helpers.py:86} ERROR - HTTPSConnectionPool(host='api.pushshift.io', port=443): Max retries exceeded with url: /reddit/search/submission/?subreddit=bostonceltics&sort=created_utc&sort_type=desc&size=500 (Caused by NewConnectionError('<urllib3.connection.HTTPSConnection object at 0xffffa0052b50>: Failed to establish a new connection: [Errno -2] Name or service not known'))
[2023-05-01T08:37:30.447+0000] {helpers.py:87} ERROR - Retrying! 0 attempts before skipping!
[2023-05-01T08:37:31.457+0000] {logging_mixin.py:137} INFO - HTTPSConnectionPool(host='api.pushshift.io', port=443): Max retries exceeded with url: /reddit/search/submission/?subreddit=bostonceltics&sort=created_utc&sort_type=desc&size=500 (Caused by NewConnectionError('<urllib3.connection.HTTPSConnection object at 0xffffa0052fd0>: Failed to establish a new connection: [Errno -2] Name or service not known'))
[2023-05-01T08:37:31.460+0000] {helpers.py:86} ERROR - HTTPSConnectionPool(host='api.pushshift.io', port=443): Max retries exceeded with url: /reddit/search/submission/?subreddit=bostonceltics&sort=created_utc&sort_type=desc&size=500 (Caused by NewConnectionError('<urllib3.connection.HTTPSConnection object at 0xffffa0052fd0>: Failed to establish a new connection: [Errno -2] Name or service not known'))
[2023-05-01T08:37:31.461+0000] {helpers.py:87} ERROR - Retrying! -1 attempts before skipping!
[2023-05-01T08:37:32.599+0000] {logging_mixin.py:137} INFO - HTTPSConnectionPool(host='api.pushshift.io', port=443): Max retries exceeded with url: /reddit/search/submission/?subreddit=gonets&sort=created_utc&sort_type=desc&size=500 (Caused by NewConnectionError('<urllib3.connection.HTTPSConnection object at 0xffffa0052c90>: Failed to establish a new connection: [Errno -2] Name or service not known'))
[2023-05-01T08:37:32.603+0000] {helpers.py:86} ERROR - HTTPSConnectionPool(host='api.pushshift.io', port=443): Max retries exceeded with url: /reddit/search/submission/?subreddit=gonets&sort=created_utc&sort_type=desc&size=500 (Caused by NewConnectionError('<urllib3.connection.HTTPSConnection object at 0xffffa0052c90>: Failed to establish a new connection: [Errno -2] Name or service not known'))
[2023-05-01T08:37:32.605+0000] {helpers.py:87} ERROR - Retrying! 9 attempts before skipping!
[2023-05-01T08:37:33.636+0000] {logging_mixin.py:137} INFO - HTTPSConnectionPool(host='api.pushshift.io', port=443): Max retries exceeded with url: /reddit/search/submission/?subreddit=gonets&sort=created_utc&sort_type=desc&size=500 (Caused by NewConnectionError('<urllib3.connection.HTTPSConnection object at 0xffffa0052ed0>: Failed to establish a new connection: [Errno -2] Name or service not known'))
[2023-05-01T08:37:33.638+0000] {helpers.py:86} ERROR - HTTPSConnectionPool(host='api.pushshift.io', port=443): Max retries exceeded with url: /reddit/search/submission/?subreddit=gonets&sort=created_utc&sort_type=desc&size=500 (Caused by NewConnectionError('<urllib3.connection.HTTPSConnection object at 0xffffa0052ed0>: Failed to establish a new connection: [Errno -2] Name or service not known'))
[2023-05-01T08:37:33.641+0000] {helpers.py:87} ERROR - Retrying! 8 attempts before skipping!
[2023-05-01T08:37:34.656+0000] {logging_mixin.py:137} INFO - HTTPSConnectionPool(host='api.pushshift.io', port=443): Max retries exceeded with url: /reddit/search/submission/?subreddit=gonets&sort=created_utc&sort_type=desc&size=500 (Caused by NewConnectionError('<urllib3.connection.HTTPSConnection object at 0xffffa0052b90>: Failed to establish a new connection: [Errno -2] Name or service not known'))
[2023-05-01T08:37:34.659+0000] {helpers.py:86} ERROR - HTTPSConnectionPool(host='api.pushshift.io', port=443): Max retries exceeded with url: /reddit/search/submission/?subreddit=gonets&sort=created_utc&sort_type=desc&size=500 (Caused by NewConnectionError('<urllib3.connection.HTTPSConnection object at 0xffffa0052b90>: Failed to establish a new connection: [Errno -2] Name or service not known'))
[2023-05-01T08:37:34.663+0000] {helpers.py:87} ERROR - Retrying! 7 attempts before skipping!
[2023-05-01T08:37:35.683+0000] {logging_mixin.py:137} INFO - HTTPSConnectionPool(host='api.pushshift.io', port=443): Max retries exceeded with url: /reddit/search/submission/?subreddit=gonets&sort=created_utc&sort_type=desc&size=500 (Caused by NewConnectionError('<urllib3.connection.HTTPSConnection object at 0xffffa0052fd0>: Failed to establish a new connection: [Errno -2] Name or service not known'))
[2023-05-01T08:37:35.685+0000] {helpers.py:86} ERROR - HTTPSConnectionPool(host='api.pushshift.io', port=443): Max retries exceeded with url: /reddit/search/submission/?subreddit=gonets&sort=created_utc&sort_type=desc&size=500 (Caused by NewConnectionError('<urllib3.connection.HTTPSConnection object at 0xffffa0052fd0>: Failed to establish a new connection: [Errno -2] Name or service not known'))
[2023-05-01T08:37:35.687+0000] {helpers.py:87} ERROR - Retrying! 6 attempts before skipping!
[2023-05-01T08:37:36.699+0000] {logging_mixin.py:137} INFO - HTTPSConnectionPool(host='api.pushshift.io', port=443): Max retries exceeded with url: /reddit/search/submission/?subreddit=gonets&sort=created_utc&sort_type=desc&size=500 (Caused by NewConnectionError('<urllib3.connection.HTTPSConnection object at 0xffffa0052c90>: Failed to establish a new connection: [Errno -2] Name or service not known'))
[2023-05-01T08:37:36.702+0000] {helpers.py:86} ERROR - HTTPSConnectionPool(host='api.pushshift.io', port=443): Max retries exceeded with url: /reddit/search/submission/?subreddit=gonets&sort=created_utc&sort_type=desc&size=500 (Caused by NewConnectionError('<urllib3.connection.HTTPSConnection object at 0xffffa0052c90>: Failed to establish a new connection: [Errno -2] Name or service not known'))
[2023-05-01T08:37:36.707+0000] {helpers.py:87} ERROR - Retrying! 5 attempts before skipping!
[2023-05-01T09:42:21.859+0000] {logging_mixin.py:137} INFO - HTTPSConnectionPool(host='api.pushshift.io', port=443): Max retries exceeded with url: /reddit/search/submission/?subreddit=gonets&sort=created_utc&sort_type=desc&size=500 (Caused by NewConnectionError('<urllib3.connection.HTTPSConnection object at 0xffffa0052ed0>: Failed to establish a new connection: [Errno -2] Name or service not known'))
[2023-05-01T09:42:21.866+0000] {helpers.py:86} ERROR - HTTPSConnectionPool(host='api.pushshift.io', port=443): Max retries exceeded with url: /reddit/search/submission/?subreddit=gonets&sort=created_utc&sort_type=desc&size=500 (Caused by NewConnectionError('<urllib3.connection.HTTPSConnection object at 0xffffa0052ed0>: Failed to establish a new connection: [Errno -2] Name or service not known'))
[2023-05-01T09:42:21.868+0000] {helpers.py:87} ERROR - Retrying! 4 attempts before skipping!
[2023-05-01T09:42:22.881+0000] {logging_mixin.py:137} INFO - HTTPSConnectionPool(host='api.pushshift.io', port=443): Max retries exceeded with url: /reddit/search/submission/?subreddit=gonets&sort=created_utc&sort_type=desc&size=500 (Caused by NewConnectionError('<urllib3.connection.HTTPSConnection object at 0xffffa0052b90>: Failed to establish a new connection: [Errno -2] Name or service not known'))
[2023-05-01T09:42:22.883+0000] {helpers.py:86} ERROR - HTTPSConnectionPool(host='api.pushshift.io', port=443): Max retries exceeded with url: /reddit/search/submission/?subreddit=gonets&sort=created_utc&sort_type=desc&size=500 (Caused by NewConnectionError('<urllib3.connection.HTTPSConnection object at 0xffffa0052b90>: Failed to establish a new connection: [Errno -2] Name or service not known'))
[2023-05-01T09:42:22.886+0000] {helpers.py:87} ERROR - Retrying! 3 attempts before skipping!
[2023-05-01T09:42:23.896+0000] {logging_mixin.py:137} INFO - HTTPSConnectionPool(host='api.pushshift.io', port=443): Max retries exceeded with url: /reddit/search/submission/?subreddit=gonets&sort=created_utc&sort_type=desc&size=500 (Caused by NewConnectionError('<urllib3.connection.HTTPSConnection object at 0xffffa0052fd0>: Failed to establish a new connection: [Errno -2] Name or service not known'))
[2023-05-01T09:42:23.912+0000] {helpers.py:86} ERROR - HTTPSConnectionPool(host='api.pushshift.io', port=443): Max retries exceeded with url: /reddit/search/submission/?subreddit=gonets&sort=created_utc&sort_type=desc&size=500 (Caused by NewConnectionError('<urllib3.connection.HTTPSConnection object at 0xffffa0052fd0>: Failed to establish a new connection: [Errno -2] Name or service not known'))
[2023-05-01T09:42:23.915+0000] {helpers.py:87} ERROR - Retrying! 2 attempts before skipping!
[2023-05-01T09:42:24.926+0000] {logging_mixin.py:137} INFO - HTTPSConnectionPool(host='api.pushshift.io', port=443): Max retries exceeded with url: /reddit/search/submission/?subreddit=gonets&sort=created_utc&sort_type=desc&size=500 (Caused by NewConnectionError('<urllib3.connection.HTTPSConnection object at 0xffffa0052c90>: Failed to establish a new connection: [Errno -2] Name or service not known'))
[2023-05-01T09:42:24.928+0000] {helpers.py:86} ERROR - HTTPSConnectionPool(host='api.pushshift.io', port=443): Max retries exceeded with url: /reddit/search/submission/?subreddit=gonets&sort=created_utc&sort_type=desc&size=500 (Caused by NewConnectionError('<urllib3.connection.HTTPSConnection object at 0xffffa0052c90>: Failed to establish a new connection: [Errno -2] Name or service not known'))
[2023-05-01T09:42:24.931+0000] {helpers.py:87} ERROR - Retrying! 1 attempts before skipping!
[2023-05-01T09:42:25.938+0000] {logging_mixin.py:137} INFO - HTTPSConnectionPool(host='api.pushshift.io', port=443): Max retries exceeded with url: /reddit/search/submission/?subreddit=gonets&sort=created_utc&sort_type=desc&size=500 (Caused by NewConnectionError('<urllib3.connection.HTTPSConnection object at 0xffffa0052ed0>: Failed to establish a new connection: [Errno -2] Name or service not known'))
[2023-05-01T09:42:25.940+0000] {helpers.py:86} ERROR - HTTPSConnectionPool(host='api.pushshift.io', port=443): Max retries exceeded with url: /reddit/search/submission/?subreddit=gonets&sort=created_utc&sort_type=desc&size=500 (Caused by NewConnectionError('<urllib3.connection.HTTPSConnection object at 0xffffa0052ed0>: Failed to establish a new connection: [Errno -2] Name or service not known'))
[2023-05-01T09:42:25.941+0000] {helpers.py:87} ERROR - Retrying! 0 attempts before skipping!
[2023-05-01T09:42:26.949+0000] {logging_mixin.py:137} INFO - HTTPSConnectionPool(host='api.pushshift.io', port=443): Max retries exceeded with url: /reddit/search/submission/?subreddit=gonets&sort=created_utc&sort_type=desc&size=500 (Caused by NewConnectionError('<urllib3.connection.HTTPSConnection object at 0xffffa0052b90>: Failed to establish a new connection: [Errno -2] Name or service not known'))
[2023-05-01T09:42:26.951+0000] {helpers.py:86} ERROR - HTTPSConnectionPool(host='api.pushshift.io', port=443): Max retries exceeded with url: /reddit/search/submission/?subreddit=gonets&sort=created_utc&sort_type=desc&size=500 (Caused by NewConnectionError('<urllib3.connection.HTTPSConnection object at 0xffffa0052b90>: Failed to establish a new connection: [Errno -2] Name or service not known'))
[2023-05-01T09:42:26.953+0000] {helpers.py:87} ERROR - Retrying! -1 attempts before skipping!
[2023-05-01T09:42:27.971+0000] {logging_mixin.py:137} INFO - HTTPSConnectionPool(host='api.pushshift.io', port=443): Max retries exceeded with url: /reddit/search/submission/?subreddit=CharlotteHornets&sort=created_utc&sort_type=desc&size=500 (Caused by NewConnectionError('<urllib3.connection.HTTPSConnection object at 0xffffa005d4d0>: Failed to establish a new connection: [Errno -2] Name or service not known'))
[2023-05-01T09:42:27.976+0000] {helpers.py:86} ERROR - HTTPSConnectionPool(host='api.pushshift.io', port=443): Max retries exceeded with url: /reddit/search/submission/?subreddit=CharlotteHornets&sort=created_utc&sort_type=desc&size=500 (Caused by NewConnectionError('<urllib3.connection.HTTPSConnection object at 0xffffa005d4d0>: Failed to establish a new connection: [Errno -2] Name or service not known'))
[2023-05-01T09:42:27.983+0000] {helpers.py:87} ERROR - Retrying! 9 attempts before skipping!
[2023-05-01T09:42:29.004+0000] {logging_mixin.py:137} INFO - HTTPSConnectionPool(host='api.pushshift.io', port=443): Max retries exceeded with url: /reddit/search/submission/?subreddit=CharlotteHornets&sort=created_utc&sort_type=desc&size=500 (Caused by NewConnectionError('<urllib3.connection.HTTPSConnection object at 0xffffa005d390>: Failed to establish a new connection: [Errno -2] Name or service not known'))
[2023-05-01T09:42:29.006+0000] {helpers.py:86} ERROR - HTTPSConnectionPool(host='api.pushshift.io', port=443): Max retries exceeded with url: /reddit/search/submission/?subreddit=CharlotteHornets&sort=created_utc&sort_type=desc&size=500 (Caused by NewConnectionError('<urllib3.connection.HTTPSConnection object at 0xffffa005d390>: Failed to establish a new connection: [Errno -2] Name or service not known'))
[2023-05-01T09:42:29.008+0000] {helpers.py:87} ERROR - Retrying! 8 attempts before skipping!
[2023-05-01T09:42:30.016+0000] {logging_mixin.py:137} INFO - HTTPSConnectionPool(host='api.pushshift.io', port=443): Max retries exceeded with url: /reddit/search/submission/?subreddit=CharlotteHornets&sort=created_utc&sort_type=desc&size=500 (Caused by NewConnectionError('<urllib3.connection.HTTPSConnection object at 0xffffa005d4d0>: Failed to establish a new connection: [Errno -2] Name or service not known'))
[2023-05-01T09:42:30.020+0000] {helpers.py:86} ERROR - HTTPSConnectionPool(host='api.pushshift.io', port=443): Max retries exceeded with url: /reddit/search/submission/?subreddit=CharlotteHornets&sort=created_utc&sort_type=desc&size=500 (Caused by NewConnectionError('<urllib3.connection.HTTPSConnection object at 0xffffa005d4d0>: Failed to establish a new connection: [Errno -2] Name or service not known'))
[2023-05-01T09:42:30.021+0000] {helpers.py:87} ERROR - Retrying! 7 attempts before skipping!
[2023-05-01T09:42:31.058+0000] {logging_mixin.py:137} INFO - HTTPSConnectionPool(host='api.pushshift.io', port=443): Max retries exceeded with url: /reddit/search/submission/?subreddit=CharlotteHornets&sort=created_utc&sort_type=desc&size=500 (Caused by NewConnectionError('<urllib3.connection.HTTPSConnection object at 0xffffa005d390>: Failed to establish a new connection: [Errno -2] Name or service not known'))
[2023-05-01T09:42:31.061+0000] {helpers.py:86} ERROR - HTTPSConnectionPool(host='api.pushshift.io', port=443): Max retries exceeded with url: /reddit/search/submission/?subreddit=CharlotteHornets&sort=created_utc&sort_type=desc&size=500 (Caused by NewConnectionError('<urllib3.connection.HTTPSConnection object at 0xffffa005d390>: Failed to establish a new connection: [Errno -2] Name or service not known'))
[2023-05-01T09:42:31.063+0000] {helpers.py:87} ERROR - Retrying! 6 attempts before skipping!
[2023-05-01T09:42:32.090+0000] {logging_mixin.py:137} INFO - HTTPSConnectionPool(host='api.pushshift.io', port=443): Max retries exceeded with url: /reddit/search/submission/?subreddit=CharlotteHornets&sort=created_utc&sort_type=desc&size=500 (Caused by NewConnectionError('<urllib3.connection.HTTPSConnection object at 0xffffa005d4d0>: Failed to establish a new connection: [Errno -2] Name or service not known'))
[2023-05-01T09:42:32.093+0000] {helpers.py:86} ERROR - HTTPSConnectionPool(host='api.pushshift.io', port=443): Max retries exceeded with url: /reddit/search/submission/?subreddit=CharlotteHornets&sort=created_utc&sort_type=desc&size=500 (Caused by NewConnectionError('<urllib3.connection.HTTPSConnection object at 0xffffa005d4d0>: Failed to establish a new connection: [Errno -2] Name or service not known'))
[2023-05-01T09:42:32.094+0000] {helpers.py:87} ERROR - Retrying! 5 attempts before skipping!
[2023-05-01T09:42:33.119+0000] {logging_mixin.py:137} INFO - HTTPSConnectionPool(host='api.pushshift.io', port=443): Max retries exceeded with url: /reddit/search/submission/?subreddit=CharlotteHornets&sort=created_utc&sort_type=desc&size=500 (Caused by NewConnectionError('<urllib3.connection.HTTPSConnection object at 0xffffa005d390>: Failed to establish a new connection: [Errno -2] Name or service not known'))
[2023-05-01T09:42:33.129+0000] {helpers.py:86} ERROR - HTTPSConnectionPool(host='api.pushshift.io', port=443): Max retries exceeded with url: /reddit/search/submission/?subreddit=CharlotteHornets&sort=created_utc&sort_type=desc&size=500 (Caused by NewConnectionError('<urllib3.connection.HTTPSConnection object at 0xffffa005d390>: Failed to establish a new connection: [Errno -2] Name or service not known'))
[2023-05-01T09:42:33.131+0000] {helpers.py:87} ERROR - Retrying! 4 attempts before skipping!
[2023-05-01T09:42:34.143+0000] {logging_mixin.py:137} INFO - HTTPSConnectionPool(host='api.pushshift.io', port=443): Max retries exceeded with url: /reddit/search/submission/?subreddit=CharlotteHornets&sort=created_utc&sort_type=desc&size=500 (Caused by NewConnectionError('<urllib3.connection.HTTPSConnection object at 0xffffa005d4d0>: Failed to establish a new connection: [Errno -2] Name or service not known'))
[2023-05-01T09:42:34.146+0000] {helpers.py:86} ERROR - HTTPSConnectionPool(host='api.pushshift.io', port=443): Max retries exceeded with url: /reddit/search/submission/?subreddit=CharlotteHornets&sort=created_utc&sort_type=desc&size=500 (Caused by NewConnectionError('<urllib3.connection.HTTPSConnection object at 0xffffa005d4d0>: Failed to establish a new connection: [Errno -2] Name or service not known'))
[2023-05-01T09:42:34.148+0000] {helpers.py:87} ERROR - Retrying! 3 attempts before skipping!
[2023-05-01T09:42:34.405+0000] {local_task_job.py:277} WARNING - State of this instance has been externally set to failed. Terminating instance.
[2023-05-01T09:42:34.436+0000] {process_utils.py:133} INFO - Sending Signals.SIGTERM to group 5711. PIDs of all processes in the group: [5711]
[2023-05-01T09:42:34.439+0000] {process_utils.py:84} INFO - Sending the signal Signals.SIGTERM to group 5711
[2023-05-01T09:42:34.446+0000] {taskinstance.py:1488} ERROR - Received SIGTERM. Terminating subprocesses.
[2023-05-01T09:42:34.578+0000] {process_utils.py:79} INFO - Process psutil.Process(pid=5711, status='terminated', exitcode=0, started='08:37:09') (5711) terminated with exit code 0
