[2023-05-02T15:02:25.845+0000] {taskinstance.py:1090} INFO - Dependencies all met for dep_context=non-requeueable deps ti=<TaskInstance: scrape_and_save_to_csv.scrape_teams_17-24 scheduled__2023-05-02T13:30:00+00:00 [queued]>
[2023-05-02T15:02:25.858+0000] {taskinstance.py:1090} INFO - Dependencies all met for dep_context=requeueable deps ti=<TaskInstance: scrape_and_save_to_csv.scrape_teams_17-24 scheduled__2023-05-02T13:30:00+00:00 [queued]>
[2023-05-02T15:02:25.859+0000] {taskinstance.py:1288} INFO - 
--------------------------------------------------------------------------------
[2023-05-02T15:02:25.861+0000] {taskinstance.py:1289} INFO - Starting attempt 1 of 1
[2023-05-02T15:02:25.863+0000] {taskinstance.py:1290} INFO - 
--------------------------------------------------------------------------------
[2023-05-02T15:02:25.880+0000] {taskinstance.py:1309} INFO - Executing <Task(PythonOperator): scrape_teams_17-24> on 2023-05-02 13:30:00+00:00
[2023-05-02T15:02:25.894+0000] {standard_task_runner.py:55} INFO - Started process 22640 to run task
[2023-05-02T15:02:25.899+0000] {standard_task_runner.py:82} INFO - Running: ['***', 'tasks', 'run', 'scrape_and_save_to_csv', 'scrape_teams_17-24', 'scheduled__2023-05-02T13:30:00+00:00', '--job-id', '2226', '--raw', '--subdir', 'DAGS_FOLDER/scrape_and_save_csv_dag.py', '--cfg-path', '/tmp/tmphun3hdl5']
[2023-05-02T15:02:25.902+0000] {standard_task_runner.py:83} INFO - Job 2226: Subtask scrape_teams_17-24
[2023-05-02T15:02:26.017+0000] {task_command.py:389} INFO - Running <TaskInstance: scrape_and_save_to_csv.scrape_teams_17-24 scheduled__2023-05-02T13:30:00+00:00 [running]> on host 5d4cd8acb346
[2023-05-02T15:02:26.123+0000] {taskinstance.py:1518} INFO - Exporting the following env vars:
AIRFLOW_CTX_DAG_OWNER=***
AIRFLOW_CTX_DAG_ID=scrape_and_save_to_csv
AIRFLOW_CTX_TASK_ID=scrape_teams_17-24
AIRFLOW_CTX_EXECUTION_DATE=2023-05-02T13:30:00+00:00
AIRFLOW_CTX_TRY_NUMBER=1
AIRFLOW_CTX_DAG_RUN_ID=scheduled__2023-05-02T13:30:00+00:00
[2023-05-02T15:02:26.134+0000] {logging_mixin.py:137} INFO - HTTPSConnectionPool(host='api.pushshift.io', port=443): Max retries exceeded with url: /reddit/search/submission/?subreddit=MkeBucks&sort=created_utc&sort_type=desc&size=500 (Caused by NewConnectionError('<urllib3.connection.HTTPSConnection object at 0xffffa004d750>: Failed to establish a new connection: [Errno -2] Name or service not known'))
[2023-05-02T15:02:26.136+0000] {helpers.py:86} ERROR - HTTPSConnectionPool(host='api.pushshift.io', port=443): Max retries exceeded with url: /reddit/search/submission/?subreddit=MkeBucks&sort=created_utc&sort_type=desc&size=500 (Caused by NewConnectionError('<urllib3.connection.HTTPSConnection object at 0xffffa004d750>: Failed to establish a new connection: [Errno -2] Name or service not known'))
[2023-05-02T15:02:26.137+0000] {helpers.py:87} ERROR - Retrying! 9 attempts before skipping!
[2023-05-02T15:02:27.145+0000] {logging_mixin.py:137} INFO - HTTPSConnectionPool(host='api.pushshift.io', port=443): Max retries exceeded with url: /reddit/search/submission/?subreddit=MkeBucks&sort=created_utc&sort_type=desc&size=500 (Caused by NewConnectionError('<urllib3.connection.HTTPSConnection object at 0xffffa005e290>: Failed to establish a new connection: [Errno -2] Name or service not known'))
[2023-05-02T15:02:27.146+0000] {helpers.py:86} ERROR - HTTPSConnectionPool(host='api.pushshift.io', port=443): Max retries exceeded with url: /reddit/search/submission/?subreddit=MkeBucks&sort=created_utc&sort_type=desc&size=500 (Caused by NewConnectionError('<urllib3.connection.HTTPSConnection object at 0xffffa005e290>: Failed to establish a new connection: [Errno -2] Name or service not known'))
[2023-05-02T15:02:27.147+0000] {helpers.py:87} ERROR - Retrying! 8 attempts before skipping!
[2023-05-02T15:02:28.160+0000] {logging_mixin.py:137} INFO - HTTPSConnectionPool(host='api.pushshift.io', port=443): Max retries exceeded with url: /reddit/search/submission/?subreddit=MkeBucks&sort=created_utc&sort_type=desc&size=500 (Caused by NewConnectionError('<urllib3.connection.HTTPSConnection object at 0xffffa005e110>: Failed to establish a new connection: [Errno -2] Name or service not known'))
[2023-05-02T15:02:28.171+0000] {helpers.py:86} ERROR - HTTPSConnectionPool(host='api.pushshift.io', port=443): Max retries exceeded with url: /reddit/search/submission/?subreddit=MkeBucks&sort=created_utc&sort_type=desc&size=500 (Caused by NewConnectionError('<urllib3.connection.HTTPSConnection object at 0xffffa005e110>: Failed to establish a new connection: [Errno -2] Name or service not known'))
[2023-05-02T15:02:28.172+0000] {helpers.py:87} ERROR - Retrying! 7 attempts before skipping!
[2023-05-02T15:02:29.200+0000] {logging_mixin.py:137} INFO - HTTPSConnectionPool(host='api.pushshift.io', port=443): Max retries exceeded with url: /reddit/search/submission/?subreddit=MkeBucks&sort=created_utc&sort_type=desc&size=500 (Caused by NewConnectionError('<urllib3.connection.HTTPSConnection object at 0xffffa005e090>: Failed to establish a new connection: [Errno -2] Name or service not known'))
[2023-05-02T15:02:29.209+0000] {helpers.py:86} ERROR - HTTPSConnectionPool(host='api.pushshift.io', port=443): Max retries exceeded with url: /reddit/search/submission/?subreddit=MkeBucks&sort=created_utc&sort_type=desc&size=500 (Caused by NewConnectionError('<urllib3.connection.HTTPSConnection object at 0xffffa005e090>: Failed to establish a new connection: [Errno -2] Name or service not known'))
[2023-05-02T15:02:29.214+0000] {helpers.py:87} ERROR - Retrying! 6 attempts before skipping!
[2023-05-02T15:02:30.241+0000] {logging_mixin.py:137} INFO - HTTPSConnectionPool(host='api.pushshift.io', port=443): Max retries exceeded with url: /reddit/search/submission/?subreddit=MkeBucks&sort=created_utc&sort_type=desc&size=500 (Caused by NewConnectionError('<urllib3.connection.HTTPSConnection object at 0xffffa005e710>: Failed to establish a new connection: [Errno -2] Name or service not known'))
[2023-05-02T15:02:30.243+0000] {helpers.py:86} ERROR - HTTPSConnectionPool(host='api.pushshift.io', port=443): Max retries exceeded with url: /reddit/search/submission/?subreddit=MkeBucks&sort=created_utc&sort_type=desc&size=500 (Caused by NewConnectionError('<urllib3.connection.HTTPSConnection object at 0xffffa005e710>: Failed to establish a new connection: [Errno -2] Name or service not known'))
[2023-05-02T15:02:30.247+0000] {helpers.py:87} ERROR - Retrying! 5 attempts before skipping!
[2023-05-02T15:02:31.312+0000] {logging_mixin.py:137} INFO - HTTPSConnectionPool(host='api.pushshift.io', port=443): Max retries exceeded with url: /reddit/search/submission/?subreddit=MkeBucks&sort=created_utc&sort_type=desc&size=500 (Caused by NewConnectionError('<urllib3.connection.HTTPSConnection object at 0xffffa005e310>: Failed to establish a new connection: [Errno -2] Name or service not known'))
[2023-05-02T15:02:31.323+0000] {helpers.py:86} ERROR - HTTPSConnectionPool(host='api.pushshift.io', port=443): Max retries exceeded with url: /reddit/search/submission/?subreddit=MkeBucks&sort=created_utc&sort_type=desc&size=500 (Caused by NewConnectionError('<urllib3.connection.HTTPSConnection object at 0xffffa005e310>: Failed to establish a new connection: [Errno -2] Name or service not known'))
[2023-05-02T15:02:31.325+0000] {helpers.py:87} ERROR - Retrying! 4 attempts before skipping!
[2023-05-02T15:02:32.354+0000] {logging_mixin.py:137} INFO - HTTPSConnectionPool(host='api.pushshift.io', port=443): Max retries exceeded with url: /reddit/search/submission/?subreddit=MkeBucks&sort=created_utc&sort_type=desc&size=500 (Caused by NewConnectionError('<urllib3.connection.HTTPSConnection object at 0xffffa005e350>: Failed to establish a new connection: [Errno -2] Name or service not known'))
[2023-05-02T15:02:32.356+0000] {helpers.py:86} ERROR - HTTPSConnectionPool(host='api.pushshift.io', port=443): Max retries exceeded with url: /reddit/search/submission/?subreddit=MkeBucks&sort=created_utc&sort_type=desc&size=500 (Caused by NewConnectionError('<urllib3.connection.HTTPSConnection object at 0xffffa005e350>: Failed to establish a new connection: [Errno -2] Name or service not known'))
[2023-05-02T15:02:32.360+0000] {helpers.py:87} ERROR - Retrying! 3 attempts before skipping!
[2023-05-02T15:02:33.371+0000] {logging_mixin.py:137} INFO - HTTPSConnectionPool(host='api.pushshift.io', port=443): Max retries exceeded with url: /reddit/search/submission/?subreddit=MkeBucks&sort=created_utc&sort_type=desc&size=500 (Caused by NewConnectionError('<urllib3.connection.HTTPSConnection object at 0xffffa005e150>: Failed to establish a new connection: [Errno -2] Name or service not known'))
[2023-05-02T15:02:33.374+0000] {helpers.py:86} ERROR - HTTPSConnectionPool(host='api.pushshift.io', port=443): Max retries exceeded with url: /reddit/search/submission/?subreddit=MkeBucks&sort=created_utc&sort_type=desc&size=500 (Caused by NewConnectionError('<urllib3.connection.HTTPSConnection object at 0xffffa005e150>: Failed to establish a new connection: [Errno -2] Name or service not known'))
[2023-05-02T15:02:33.375+0000] {helpers.py:87} ERROR - Retrying! 2 attempts before skipping!
[2023-05-02T15:02:34.385+0000] {logging_mixin.py:137} INFO - HTTPSConnectionPool(host='api.pushshift.io', port=443): Max retries exceeded with url: /reddit/search/submission/?subreddit=MkeBucks&sort=created_utc&sort_type=desc&size=500 (Caused by NewConnectionError('<urllib3.connection.HTTPSConnection object at 0xffffa005e0d0>: Failed to establish a new connection: [Errno -2] Name or service not known'))
[2023-05-02T15:02:34.388+0000] {helpers.py:86} ERROR - HTTPSConnectionPool(host='api.pushshift.io', port=443): Max retries exceeded with url: /reddit/search/submission/?subreddit=MkeBucks&sort=created_utc&sort_type=desc&size=500 (Caused by NewConnectionError('<urllib3.connection.HTTPSConnection object at 0xffffa005e0d0>: Failed to establish a new connection: [Errno -2] Name or service not known'))
[2023-05-02T15:02:34.390+0000] {helpers.py:87} ERROR - Retrying! 1 attempts before skipping!
[2023-05-02T15:02:35.406+0000] {logging_mixin.py:137} INFO - HTTPSConnectionPool(host='api.pushshift.io', port=443): Max retries exceeded with url: /reddit/search/submission/?subreddit=MkeBucks&sort=created_utc&sort_type=desc&size=500 (Caused by NewConnectionError('<urllib3.connection.HTTPSConnection object at 0xffffa005e750>: Failed to establish a new connection: [Errno -2] Name or service not known'))
[2023-05-02T15:02:35.408+0000] {helpers.py:86} ERROR - HTTPSConnectionPool(host='api.pushshift.io', port=443): Max retries exceeded with url: /reddit/search/submission/?subreddit=MkeBucks&sort=created_utc&sort_type=desc&size=500 (Caused by NewConnectionError('<urllib3.connection.HTTPSConnection object at 0xffffa005e750>: Failed to establish a new connection: [Errno -2] Name or service not known'))
[2023-05-02T15:02:35.412+0000] {helpers.py:87} ERROR - Retrying! 0 attempts before skipping!
[2023-05-02T15:02:36.420+0000] {logging_mixin.py:137} INFO - HTTPSConnectionPool(host='api.pushshift.io', port=443): Max retries exceeded with url: /reddit/search/submission/?subreddit=MkeBucks&sort=created_utc&sort_type=desc&size=500 (Caused by NewConnectionError('<urllib3.connection.HTTPSConnection object at 0xffffa005e210>: Failed to establish a new connection: [Errno -2] Name or service not known'))
[2023-05-02T15:02:36.422+0000] {helpers.py:86} ERROR - HTTPSConnectionPool(host='api.pushshift.io', port=443): Max retries exceeded with url: /reddit/search/submission/?subreddit=MkeBucks&sort=created_utc&sort_type=desc&size=500 (Caused by NewConnectionError('<urllib3.connection.HTTPSConnection object at 0xffffa005e210>: Failed to establish a new connection: [Errno -2] Name or service not known'))
[2023-05-02T15:02:36.435+0000] {helpers.py:87} ERROR - Retrying! -1 attempts before skipping!
[2023-05-02T15:02:37.445+0000] {logging_mixin.py:137} INFO - HTTPSConnectionPool(host='api.pushshift.io', port=443): Max retries exceeded with url: /reddit/search/submission/?subreddit=timberwolves&sort=created_utc&sort_type=desc&size=500 (Caused by NewConnectionError('<urllib3.connection.HTTPSConnection object at 0xffffa005e290>: Failed to establish a new connection: [Errno -2] Name or service not known'))
[2023-05-02T15:02:37.447+0000] {helpers.py:86} ERROR - HTTPSConnectionPool(host='api.pushshift.io', port=443): Max retries exceeded with url: /reddit/search/submission/?subreddit=timberwolves&sort=created_utc&sort_type=desc&size=500 (Caused by NewConnectionError('<urllib3.connection.HTTPSConnection object at 0xffffa005e290>: Failed to establish a new connection: [Errno -2] Name or service not known'))
[2023-05-02T15:02:37.448+0000] {helpers.py:87} ERROR - Retrying! 9 attempts before skipping!
[2023-05-02T15:02:38.456+0000] {logging_mixin.py:137} INFO - HTTPSConnectionPool(host='api.pushshift.io', port=443): Max retries exceeded with url: /reddit/search/submission/?subreddit=timberwolves&sort=created_utc&sort_type=desc&size=500 (Caused by NewConnectionError('<urllib3.connection.HTTPSConnection object at 0xffffa005e110>: Failed to establish a new connection: [Errno -2] Name or service not known'))
[2023-05-02T15:02:38.459+0000] {helpers.py:86} ERROR - HTTPSConnectionPool(host='api.pushshift.io', port=443): Max retries exceeded with url: /reddit/search/submission/?subreddit=timberwolves&sort=created_utc&sort_type=desc&size=500 (Caused by NewConnectionError('<urllib3.connection.HTTPSConnection object at 0xffffa005e110>: Failed to establish a new connection: [Errno -2] Name or service not known'))
[2023-05-02T15:02:38.460+0000] {helpers.py:87} ERROR - Retrying! 8 attempts before skipping!
[2023-05-02T15:02:39.468+0000] {logging_mixin.py:137} INFO - HTTPSConnectionPool(host='api.pushshift.io', port=443): Max retries exceeded with url: /reddit/search/submission/?subreddit=timberwolves&sort=created_utc&sort_type=desc&size=500 (Caused by NewConnectionError('<urllib3.connection.HTTPSConnection object at 0xffffa005e1d0>: Failed to establish a new connection: [Errno -2] Name or service not known'))
[2023-05-02T15:02:39.470+0000] {helpers.py:86} ERROR - HTTPSConnectionPool(host='api.pushshift.io', port=443): Max retries exceeded with url: /reddit/search/submission/?subreddit=timberwolves&sort=created_utc&sort_type=desc&size=500 (Caused by NewConnectionError('<urllib3.connection.HTTPSConnection object at 0xffffa005e1d0>: Failed to establish a new connection: [Errno -2] Name or service not known'))
[2023-05-02T15:02:39.471+0000] {helpers.py:87} ERROR - Retrying! 7 attempts before skipping!
[2023-05-02T15:02:40.481+0000] {logging_mixin.py:137} INFO - HTTPSConnectionPool(host='api.pushshift.io', port=443): Max retries exceeded with url: /reddit/search/submission/?subreddit=timberwolves&sort=created_utc&sort_type=desc&size=500 (Caused by NewConnectionError('<urllib3.connection.HTTPSConnection object at 0xffffa005e390>: Failed to establish a new connection: [Errno -2] Name or service not known'))
[2023-05-02T15:02:40.487+0000] {helpers.py:86} ERROR - HTTPSConnectionPool(host='api.pushshift.io', port=443): Max retries exceeded with url: /reddit/search/submission/?subreddit=timberwolves&sort=created_utc&sort_type=desc&size=500 (Caused by NewConnectionError('<urllib3.connection.HTTPSConnection object at 0xffffa005e390>: Failed to establish a new connection: [Errno -2] Name or service not known'))
[2023-05-02T15:02:40.489+0000] {helpers.py:87} ERROR - Retrying! 6 attempts before skipping!
[2023-05-02T15:02:41.605+0000] {logging_mixin.py:137} INFO - HTTPSConnectionPool(host='api.pushshift.io', port=443): Max retries exceeded with url: /reddit/search/submission/?subreddit=timberwolves&sort=created_utc&sort_type=desc&size=500 (Caused by NewConnectionError('<urllib3.connection.HTTPSConnection object at 0xffffa005e610>: Failed to establish a new connection: [Errno -2] Name or service not known'))
[2023-05-02T15:02:41.701+0000] {helpers.py:86} ERROR - HTTPSConnectionPool(host='api.pushshift.io', port=443): Max retries exceeded with url: /reddit/search/submission/?subreddit=timberwolves&sort=created_utc&sort_type=desc&size=500 (Caused by NewConnectionError('<urllib3.connection.HTTPSConnection object at 0xffffa005e610>: Failed to establish a new connection: [Errno -2] Name or service not known'))
[2023-05-02T15:02:41.704+0000] {helpers.py:87} ERROR - Retrying! 5 attempts before skipping!
[2023-05-02T15:02:42.726+0000] {logging_mixin.py:137} INFO - HTTPSConnectionPool(host='api.pushshift.io', port=443): Max retries exceeded with url: /reddit/search/submission/?subreddit=timberwolves&sort=created_utc&sort_type=desc&size=500 (Caused by NewConnectionError('<urllib3.connection.HTTPSConnection object at 0xffffa005e210>: Failed to establish a new connection: [Errno -2] Name or service not known'))
[2023-05-02T15:02:42.729+0000] {helpers.py:86} ERROR - HTTPSConnectionPool(host='api.pushshift.io', port=443): Max retries exceeded with url: /reddit/search/submission/?subreddit=timberwolves&sort=created_utc&sort_type=desc&size=500 (Caused by NewConnectionError('<urllib3.connection.HTTPSConnection object at 0xffffa005e210>: Failed to establish a new connection: [Errno -2] Name or service not known'))
[2023-05-02T15:02:42.730+0000] {helpers.py:87} ERROR - Retrying! 4 attempts before skipping!
[2023-05-02T15:02:43.768+0000] {logging_mixin.py:137} INFO - HTTPSConnectionPool(host='api.pushshift.io', port=443): Max retries exceeded with url: /reddit/search/submission/?subreddit=timberwolves&sort=created_utc&sort_type=desc&size=500 (Caused by NewConnectionError('<urllib3.connection.HTTPSConnection object at 0xffffa005e3d0>: Failed to establish a new connection: [Errno -2] Name or service not known'))
[2023-05-02T15:02:43.775+0000] {helpers.py:86} ERROR - HTTPSConnectionPool(host='api.pushshift.io', port=443): Max retries exceeded with url: /reddit/search/submission/?subreddit=timberwolves&sort=created_utc&sort_type=desc&size=500 (Caused by NewConnectionError('<urllib3.connection.HTTPSConnection object at 0xffffa005e3d0>: Failed to establish a new connection: [Errno -2] Name or service not known'))
[2023-05-02T15:02:43.777+0000] {helpers.py:87} ERROR - Retrying! 3 attempts before skipping!
[2023-05-02T15:02:44.798+0000] {logging_mixin.py:137} INFO - HTTPSConnectionPool(host='api.pushshift.io', port=443): Max retries exceeded with url: /reddit/search/submission/?subreddit=timberwolves&sort=created_utc&sort_type=desc&size=500 (Caused by NewConnectionError('<urllib3.connection.HTTPSConnection object at 0xffffa005e710>: Failed to establish a new connection: [Errno -2] Name or service not known'))
[2023-05-02T15:02:44.803+0000] {helpers.py:86} ERROR - HTTPSConnectionPool(host='api.pushshift.io', port=443): Max retries exceeded with url: /reddit/search/submission/?subreddit=timberwolves&sort=created_utc&sort_type=desc&size=500 (Caused by NewConnectionError('<urllib3.connection.HTTPSConnection object at 0xffffa005e710>: Failed to establish a new connection: [Errno -2] Name or service not known'))
[2023-05-02T15:02:44.808+0000] {helpers.py:87} ERROR - Retrying! 2 attempts before skipping!
[2023-05-02T15:02:45.828+0000] {logging_mixin.py:137} INFO - HTTPSConnectionPool(host='api.pushshift.io', port=443): Max retries exceeded with url: /reddit/search/submission/?subreddit=timberwolves&sort=created_utc&sort_type=desc&size=500 (Caused by NewConnectionError('<urllib3.connection.HTTPSConnection object at 0xffffa005e450>: Failed to establish a new connection: [Errno -2] Name or service not known'))
[2023-05-02T15:02:45.832+0000] {helpers.py:86} ERROR - HTTPSConnectionPool(host='api.pushshift.io', port=443): Max retries exceeded with url: /reddit/search/submission/?subreddit=timberwolves&sort=created_utc&sort_type=desc&size=500 (Caused by NewConnectionError('<urllib3.connection.HTTPSConnection object at 0xffffa005e450>: Failed to establish a new connection: [Errno -2] Name or service not known'))
[2023-05-02T15:02:45.835+0000] {helpers.py:87} ERROR - Retrying! 1 attempts before skipping!
[2023-05-02T15:02:46.851+0000] {logging_mixin.py:137} INFO - HTTPSConnectionPool(host='api.pushshift.io', port=443): Max retries exceeded with url: /reddit/search/submission/?subreddit=timberwolves&sort=created_utc&sort_type=desc&size=500 (Caused by NewConnectionError('<urllib3.connection.HTTPSConnection object at 0xffffa005e090>: Failed to establish a new connection: [Errno -2] Name or service not known'))
[2023-05-02T15:02:46.856+0000] {helpers.py:86} ERROR - HTTPSConnectionPool(host='api.pushshift.io', port=443): Max retries exceeded with url: /reddit/search/submission/?subreddit=timberwolves&sort=created_utc&sort_type=desc&size=500 (Caused by NewConnectionError('<urllib3.connection.HTTPSConnection object at 0xffffa005e090>: Failed to establish a new connection: [Errno -2] Name or service not known'))
[2023-05-02T15:02:46.858+0000] {helpers.py:87} ERROR - Retrying! 0 attempts before skipping!
[2023-05-02T15:02:47.884+0000] {logging_mixin.py:137} INFO - HTTPSConnectionPool(host='api.pushshift.io', port=443): Max retries exceeded with url: /reddit/search/submission/?subreddit=timberwolves&sort=created_utc&sort_type=desc&size=500 (Caused by NewConnectionError('<urllib3.connection.HTTPSConnection object at 0xffffa005e310>: Failed to establish a new connection: [Errno -2] Name or service not known'))
[2023-05-02T15:02:47.891+0000] {helpers.py:86} ERROR - HTTPSConnectionPool(host='api.pushshift.io', port=443): Max retries exceeded with url: /reddit/search/submission/?subreddit=timberwolves&sort=created_utc&sort_type=desc&size=500 (Caused by NewConnectionError('<urllib3.connection.HTTPSConnection object at 0xffffa005e310>: Failed to establish a new connection: [Errno -2] Name or service not known'))
[2023-05-02T15:02:47.894+0000] {helpers.py:87} ERROR - Retrying! -1 attempts before skipping!
[2023-05-02T15:02:48.926+0000] {logging_mixin.py:137} INFO - HTTPSConnectionPool(host='api.pushshift.io', port=443): Max retries exceeded with url: /reddit/search/submission/?subreddit=NOLAPelicans&sort=created_utc&sort_type=desc&size=500 (Caused by NewConnectionError('<urllib3.connection.HTTPSConnection object at 0xffffa005e110>: Failed to establish a new connection: [Errno -2] Name or service not known'))
[2023-05-02T15:02:48.928+0000] {helpers.py:86} ERROR - HTTPSConnectionPool(host='api.pushshift.io', port=443): Max retries exceeded with url: /reddit/search/submission/?subreddit=NOLAPelicans&sort=created_utc&sort_type=desc&size=500 (Caused by NewConnectionError('<urllib3.connection.HTTPSConnection object at 0xffffa005e110>: Failed to establish a new connection: [Errno -2] Name or service not known'))
[2023-05-02T15:02:48.934+0000] {helpers.py:87} ERROR - Retrying! 9 attempts before skipping!
[2023-05-02T15:02:49.954+0000] {logging_mixin.py:137} INFO - HTTPSConnectionPool(host='api.pushshift.io', port=443): Max retries exceeded with url: /reddit/search/submission/?subreddit=NOLAPelicans&sort=created_utc&sort_type=desc&size=500 (Caused by NewConnectionError('<urllib3.connection.HTTPSConnection object at 0xffffa005e1d0>: Failed to establish a new connection: [Errno -2] Name or service not known'))
[2023-05-02T15:02:49.960+0000] {helpers.py:86} ERROR - HTTPSConnectionPool(host='api.pushshift.io', port=443): Max retries exceeded with url: /reddit/search/submission/?subreddit=NOLAPelicans&sort=created_utc&sort_type=desc&size=500 (Caused by NewConnectionError('<urllib3.connection.HTTPSConnection object at 0xffffa005e1d0>: Failed to establish a new connection: [Errno -2] Name or service not known'))
[2023-05-02T15:02:49.963+0000] {helpers.py:87} ERROR - Retrying! 8 attempts before skipping!
[2023-05-02T15:02:50.980+0000] {logging_mixin.py:137} INFO - HTTPSConnectionPool(host='api.pushshift.io', port=443): Max retries exceeded with url: /reddit/search/submission/?subreddit=NOLAPelicans&sort=created_utc&sort_type=desc&size=500 (Caused by NewConnectionError('<urllib3.connection.HTTPSConnection object at 0xffffa005e0d0>: Failed to establish a new connection: [Errno -2] Name or service not known'))
[2023-05-02T15:02:50.983+0000] {helpers.py:86} ERROR - HTTPSConnectionPool(host='api.pushshift.io', port=443): Max retries exceeded with url: /reddit/search/submission/?subreddit=NOLAPelicans&sort=created_utc&sort_type=desc&size=500 (Caused by NewConnectionError('<urllib3.connection.HTTPSConnection object at 0xffffa005e0d0>: Failed to establish a new connection: [Errno -2] Name or service not known'))
[2023-05-02T15:02:50.985+0000] {helpers.py:87} ERROR - Retrying! 7 attempts before skipping!
[2023-05-02T15:02:52.041+0000] {logging_mixin.py:137} INFO - HTTPSConnectionPool(host='api.pushshift.io', port=443): Max retries exceeded with url: /reddit/search/submission/?subreddit=NOLAPelicans&sort=created_utc&sort_type=desc&size=500 (Caused by NewConnectionError('<urllib3.connection.HTTPSConnection object at 0xffffa005e5d0>: Failed to establish a new connection: [Errno -2] Name or service not known'))
[2023-05-02T15:02:52.043+0000] {helpers.py:86} ERROR - HTTPSConnectionPool(host='api.pushshift.io', port=443): Max retries exceeded with url: /reddit/search/submission/?subreddit=NOLAPelicans&sort=created_utc&sort_type=desc&size=500 (Caused by NewConnectionError('<urllib3.connection.HTTPSConnection object at 0xffffa005e5d0>: Failed to establish a new connection: [Errno -2] Name or service not known'))
[2023-05-02T15:02:52.045+0000] {helpers.py:87} ERROR - Retrying! 6 attempts before skipping!
[2023-05-02T15:02:53.065+0000] {logging_mixin.py:137} INFO - HTTPSConnectionPool(host='api.pushshift.io', port=443): Max retries exceeded with url: /reddit/search/submission/?subreddit=NOLAPelicans&sort=created_utc&sort_type=desc&size=500 (Caused by NewConnectionError('<urllib3.connection.HTTPSConnection object at 0xffffa005e190>: Failed to establish a new connection: [Errno -2] Name or service not known'))
[2023-05-02T15:02:53.069+0000] {helpers.py:86} ERROR - HTTPSConnectionPool(host='api.pushshift.io', port=443): Max retries exceeded with url: /reddit/search/submission/?subreddit=NOLAPelicans&sort=created_utc&sort_type=desc&size=500 (Caused by NewConnectionError('<urllib3.connection.HTTPSConnection object at 0xffffa005e190>: Failed to establish a new connection: [Errno -2] Name or service not known'))
[2023-05-02T15:02:53.072+0000] {helpers.py:87} ERROR - Retrying! 5 attempts before skipping!
[2023-05-02T15:52:35.893+0000] {logging_mixin.py:137} INFO - HTTPSConnectionPool(host='api.pushshift.io', port=443): Max retries exceeded with url: /reddit/search/submission/?subreddit=NOLAPelicans&sort=created_utc&sort_type=desc&size=500 (Caused by NewConnectionError('<urllib3.connection.HTTPSConnection object at 0xffffa005e310>: Failed to establish a new connection: [Errno -2] Name or service not known'))
[2023-05-02T15:52:35.896+0000] {helpers.py:86} ERROR - HTTPSConnectionPool(host='api.pushshift.io', port=443): Max retries exceeded with url: /reddit/search/submission/?subreddit=NOLAPelicans&sort=created_utc&sort_type=desc&size=500 (Caused by NewConnectionError('<urllib3.connection.HTTPSConnection object at 0xffffa005e310>: Failed to establish a new connection: [Errno -2] Name or service not known'))
[2023-05-02T15:52:35.898+0000] {helpers.py:87} ERROR - Retrying! 4 attempts before skipping!
[2023-05-02T15:52:36.907+0000] {logging_mixin.py:137} INFO - HTTPSConnectionPool(host='api.pushshift.io', port=443): Max retries exceeded with url: /reddit/search/submission/?subreddit=NOLAPelicans&sort=created_utc&sort_type=desc&size=500 (Caused by NewConnectionError('<urllib3.connection.HTTPSConnection object at 0xffffa005e150>: Failed to establish a new connection: [Errno -2] Name or service not known'))
[2023-05-02T15:52:36.910+0000] {helpers.py:86} ERROR - HTTPSConnectionPool(host='api.pushshift.io', port=443): Max retries exceeded with url: /reddit/search/submission/?subreddit=NOLAPelicans&sort=created_utc&sort_type=desc&size=500 (Caused by NewConnectionError('<urllib3.connection.HTTPSConnection object at 0xffffa005e150>: Failed to establish a new connection: [Errno -2] Name or service not known'))
[2023-05-02T15:52:36.913+0000] {helpers.py:87} ERROR - Retrying! 3 attempts before skipping!
[2023-05-02T15:52:37.926+0000] {logging_mixin.py:137} INFO - HTTPSConnectionPool(host='api.pushshift.io', port=443): Max retries exceeded with url: /reddit/search/submission/?subreddit=NOLAPelicans&sort=created_utc&sort_type=desc&size=500 (Caused by NewConnectionError('<urllib3.connection.HTTPSConnection object at 0xffffa005e610>: Failed to establish a new connection: [Errno -2] Name or service not known'))
[2023-05-02T15:52:37.939+0000] {helpers.py:86} ERROR - HTTPSConnectionPool(host='api.pushshift.io', port=443): Max retries exceeded with url: /reddit/search/submission/?subreddit=NOLAPelicans&sort=created_utc&sort_type=desc&size=500 (Caused by NewConnectionError('<urllib3.connection.HTTPSConnection object at 0xffffa005e610>: Failed to establish a new connection: [Errno -2] Name or service not known'))
[2023-05-02T15:52:37.940+0000] {helpers.py:87} ERROR - Retrying! 2 attempts before skipping!
[2023-05-02T15:52:38.967+0000] {logging_mixin.py:137} INFO - HTTPSConnectionPool(host='api.pushshift.io', port=443): Max retries exceeded with url: /reddit/search/submission/?subreddit=NOLAPelicans&sort=created_utc&sort_type=desc&size=500 (Caused by NewConnectionError('<urllib3.connection.HTTPSConnection object at 0xffffa005e550>: Failed to establish a new connection: [Errno -2] Name or service not known'))
[2023-05-02T15:52:38.972+0000] {helpers.py:86} ERROR - HTTPSConnectionPool(host='api.pushshift.io', port=443): Max retries exceeded with url: /reddit/search/submission/?subreddit=NOLAPelicans&sort=created_utc&sort_type=desc&size=500 (Caused by NewConnectionError('<urllib3.connection.HTTPSConnection object at 0xffffa005e550>: Failed to establish a new connection: [Errno -2] Name or service not known'))
[2023-05-02T15:52:38.974+0000] {helpers.py:87} ERROR - Retrying! 1 attempts before skipping!
[2023-05-02T15:52:39.990+0000] {logging_mixin.py:137} INFO - HTTPSConnectionPool(host='api.pushshift.io', port=443): Max retries exceeded with url: /reddit/search/submission/?subreddit=NOLAPelicans&sort=created_utc&sort_type=desc&size=500 (Caused by NewConnectionError('<urllib3.connection.HTTPSConnection object at 0xffffa005e390>: Failed to establish a new connection: [Errno -2] Name or service not known'))
[2023-05-02T15:52:39.992+0000] {helpers.py:86} ERROR - HTTPSConnectionPool(host='api.pushshift.io', port=443): Max retries exceeded with url: /reddit/search/submission/?subreddit=NOLAPelicans&sort=created_utc&sort_type=desc&size=500 (Caused by NewConnectionError('<urllib3.connection.HTTPSConnection object at 0xffffa005e390>: Failed to establish a new connection: [Errno -2] Name or service not known'))
[2023-05-02T15:52:39.993+0000] {helpers.py:87} ERROR - Retrying! 0 attempts before skipping!
[2023-05-02T15:52:41.030+0000] {logging_mixin.py:137} INFO - HTTPSConnectionPool(host='api.pushshift.io', port=443): Max retries exceeded with url: /reddit/search/submission/?subreddit=NOLAPelicans&sort=created_utc&sort_type=desc&size=500 (Caused by NewConnectionError('<urllib3.connection.HTTPSConnection object at 0xffffa005e210>: Failed to establish a new connection: [Errno -2] Name or service not known'))
[2023-05-02T15:52:41.033+0000] {helpers.py:86} ERROR - HTTPSConnectionPool(host='api.pushshift.io', port=443): Max retries exceeded with url: /reddit/search/submission/?subreddit=NOLAPelicans&sort=created_utc&sort_type=desc&size=500 (Caused by NewConnectionError('<urllib3.connection.HTTPSConnection object at 0xffffa005e210>: Failed to establish a new connection: [Errno -2] Name or service not known'))
[2023-05-02T15:52:41.036+0000] {helpers.py:87} ERROR - Retrying! -1 attempts before skipping!
[2023-05-02T15:52:42.058+0000] {logging_mixin.py:137} INFO - HTTPSConnectionPool(host='api.pushshift.io', port=443): Max retries exceeded with url: /reddit/search/submission/?subreddit=nyknicks&sort=created_utc&sort_type=desc&size=500 (Caused by NewConnectionError('<urllib3.connection.HTTPSConnection object at 0xffffa005e1d0>: Failed to establish a new connection: [Errno -2] Name or service not known'))
[2023-05-02T15:52:42.063+0000] {helpers.py:86} ERROR - HTTPSConnectionPool(host='api.pushshift.io', port=443): Max retries exceeded with url: /reddit/search/submission/?subreddit=nyknicks&sort=created_utc&sort_type=desc&size=500 (Caused by NewConnectionError('<urllib3.connection.HTTPSConnection object at 0xffffa005e1d0>: Failed to establish a new connection: [Errno -2] Name or service not known'))
[2023-05-02T15:52:42.068+0000] {helpers.py:87} ERROR - Retrying! 9 attempts before skipping!
[2023-05-02T15:52:43.079+0000] {logging_mixin.py:137} INFO - HTTPSConnectionPool(host='api.pushshift.io', port=443): Max retries exceeded with url: /reddit/search/submission/?subreddit=nyknicks&sort=created_utc&sort_type=desc&size=500 (Caused by NewConnectionError('<urllib3.connection.HTTPSConnection object at 0xffffa005e0d0>: Failed to establish a new connection: [Errno -2] Name or service not known'))
[2023-05-02T15:52:43.081+0000] {helpers.py:86} ERROR - HTTPSConnectionPool(host='api.pushshift.io', port=443): Max retries exceeded with url: /reddit/search/submission/?subreddit=nyknicks&sort=created_utc&sort_type=desc&size=500 (Caused by NewConnectionError('<urllib3.connection.HTTPSConnection object at 0xffffa005e0d0>: Failed to establish a new connection: [Errno -2] Name or service not known'))
[2023-05-02T15:52:43.082+0000] {helpers.py:87} ERROR - Retrying! 8 attempts before skipping!
[2023-05-02T15:52:44.108+0000] {logging_mixin.py:137} INFO - HTTPSConnectionPool(host='api.pushshift.io', port=443): Max retries exceeded with url: /reddit/search/submission/?subreddit=nyknicks&sort=created_utc&sort_type=desc&size=500 (Caused by NewConnectionError('<urllib3.connection.HTTPSConnection object at 0xffffa005e450>: Failed to establish a new connection: [Errno -2] Name or service not known'))
[2023-05-02T15:52:44.113+0000] {helpers.py:86} ERROR - HTTPSConnectionPool(host='api.pushshift.io', port=443): Max retries exceeded with url: /reddit/search/submission/?subreddit=nyknicks&sort=created_utc&sort_type=desc&size=500 (Caused by NewConnectionError('<urllib3.connection.HTTPSConnection object at 0xffffa005e450>: Failed to establish a new connection: [Errno -2] Name or service not known'))
[2023-05-02T15:52:44.115+0000] {helpers.py:87} ERROR - Retrying! 7 attempts before skipping!
[2023-05-02T15:52:45.138+0000] {logging_mixin.py:137} INFO - HTTPSConnectionPool(host='api.pushshift.io', port=443): Max retries exceeded with url: /reddit/search/submission/?subreddit=nyknicks&sort=created_utc&sort_type=desc&size=500 (Caused by NewConnectionError('<urllib3.connection.HTTPSConnection object at 0xffffa005e350>: Failed to establish a new connection: [Errno -2] Name or service not known'))
[2023-05-02T15:52:45.140+0000] {helpers.py:86} ERROR - HTTPSConnectionPool(host='api.pushshift.io', port=443): Max retries exceeded with url: /reddit/search/submission/?subreddit=nyknicks&sort=created_utc&sort_type=desc&size=500 (Caused by NewConnectionError('<urllib3.connection.HTTPSConnection object at 0xffffa005e350>: Failed to establish a new connection: [Errno -2] Name or service not known'))
[2023-05-02T15:52:45.141+0000] {helpers.py:87} ERROR - Retrying! 6 attempts before skipping!
[2023-05-02T15:52:46.164+0000] {logging_mixin.py:137} INFO - HTTPSConnectionPool(host='api.pushshift.io', port=443): Max retries exceeded with url: /reddit/search/submission/?subreddit=nyknicks&sort=created_utc&sort_type=desc&size=500 (Caused by NewConnectionError('<urllib3.connection.HTTPSConnection object at 0xffffa005e750>: Failed to establish a new connection: [Errno -2] Name or service not known'))
[2023-05-02T15:52:46.167+0000] {helpers.py:86} ERROR - HTTPSConnectionPool(host='api.pushshift.io', port=443): Max retries exceeded with url: /reddit/search/submission/?subreddit=nyknicks&sort=created_utc&sort_type=desc&size=500 (Caused by NewConnectionError('<urllib3.connection.HTTPSConnection object at 0xffffa005e750>: Failed to establish a new connection: [Errno -2] Name or service not known'))
[2023-05-02T15:52:46.168+0000] {helpers.py:87} ERROR - Retrying! 5 attempts before skipping!
[2023-05-02T15:52:47.191+0000] {logging_mixin.py:137} INFO - HTTPSConnectionPool(host='api.pushshift.io', port=443): Max retries exceeded with url: /reddit/search/submission/?subreddit=nyknicks&sort=created_utc&sort_type=desc&size=500 (Caused by NewConnectionError('<urllib3.connection.HTTPSConnection object at 0xffffa005e210>: Failed to establish a new connection: [Errno -2] Name or service not known'))
[2023-05-02T15:52:47.214+0000] {helpers.py:86} ERROR - HTTPSConnectionPool(host='api.pushshift.io', port=443): Max retries exceeded with url: /reddit/search/submission/?subreddit=nyknicks&sort=created_utc&sort_type=desc&size=500 (Caused by NewConnectionError('<urllib3.connection.HTTPSConnection object at 0xffffa005e210>: Failed to establish a new connection: [Errno -2] Name or service not known'))
[2023-05-02T15:52:47.218+0000] {helpers.py:87} ERROR - Retrying! 4 attempts before skipping!
[2023-05-02T15:52:48.225+0000] {logging_mixin.py:137} INFO - HTTPSConnectionPool(host='api.pushshift.io', port=443): Max retries exceeded with url: /reddit/search/submission/?subreddit=nyknicks&sort=created_utc&sort_type=desc&size=500 (Caused by NewConnectionError('<urllib3.connection.HTTPSConnection object at 0xffffa005e710>: Failed to establish a new connection: [Errno -2] Name or service not known'))
[2023-05-02T15:52:48.229+0000] {helpers.py:86} ERROR - HTTPSConnectionPool(host='api.pushshift.io', port=443): Max retries exceeded with url: /reddit/search/submission/?subreddit=nyknicks&sort=created_utc&sort_type=desc&size=500 (Caused by NewConnectionError('<urllib3.connection.HTTPSConnection object at 0xffffa005e710>: Failed to establish a new connection: [Errno -2] Name or service not known'))
[2023-05-02T15:52:48.231+0000] {helpers.py:87} ERROR - Retrying! 3 attempts before skipping!
[2023-05-02T15:52:49.239+0000] {logging_mixin.py:137} INFO - HTTPSConnectionPool(host='api.pushshift.io', port=443): Max retries exceeded with url: /reddit/search/submission/?subreddit=nyknicks&sort=created_utc&sort_type=desc&size=500 (Caused by NewConnectionError('<urllib3.connection.HTTPSConnection object at 0xffffa005e190>: Failed to establish a new connection: [Errno -2] Name or service not known'))
[2023-05-02T15:52:49.241+0000] {helpers.py:86} ERROR - HTTPSConnectionPool(host='api.pushshift.io', port=443): Max retries exceeded with url: /reddit/search/submission/?subreddit=nyknicks&sort=created_utc&sort_type=desc&size=500 (Caused by NewConnectionError('<urllib3.connection.HTTPSConnection object at 0xffffa005e190>: Failed to establish a new connection: [Errno -2] Name or service not known'))
[2023-05-02T15:52:49.242+0000] {helpers.py:87} ERROR - Retrying! 2 attempts before skipping!
[2023-05-02T15:52:50.261+0000] {logging_mixin.py:137} INFO - HTTPSConnectionPool(host='api.pushshift.io', port=443): Max retries exceeded with url: /reddit/search/submission/?subreddit=nyknicks&sort=created_utc&sort_type=desc&size=500 (Caused by NewConnectionError('<urllib3.connection.HTTPSConnection object at 0xffffa005e910>: Failed to establish a new connection: [Errno -2] Name or service not known'))
[2023-05-02T15:52:50.264+0000] {helpers.py:86} ERROR - HTTPSConnectionPool(host='api.pushshift.io', port=443): Max retries exceeded with url: /reddit/search/submission/?subreddit=nyknicks&sort=created_utc&sort_type=desc&size=500 (Caused by NewConnectionError('<urllib3.connection.HTTPSConnection object at 0xffffa005e910>: Failed to establish a new connection: [Errno -2] Name or service not known'))
[2023-05-02T15:52:50.283+0000] {helpers.py:87} ERROR - Retrying! 1 attempts before skipping!
[2023-05-02T15:52:51.309+0000] {logging_mixin.py:137} INFO - HTTPSConnectionPool(host='api.pushshift.io', port=443): Max retries exceeded with url: /reddit/search/submission/?subreddit=nyknicks&sort=created_utc&sort_type=desc&size=500 (Caused by NewConnectionError('<urllib3.connection.HTTPSConnection object at 0xffffa005e5d0>: Failed to establish a new connection: [Errno -2] Name or service not known'))
[2023-05-02T15:52:51.313+0000] {helpers.py:86} ERROR - HTTPSConnectionPool(host='api.pushshift.io', port=443): Max retries exceeded with url: /reddit/search/submission/?subreddit=nyknicks&sort=created_utc&sort_type=desc&size=500 (Caused by NewConnectionError('<urllib3.connection.HTTPSConnection object at 0xffffa005e5d0>: Failed to establish a new connection: [Errno -2] Name or service not known'))
[2023-05-02T15:52:51.318+0000] {helpers.py:87} ERROR - Retrying! 0 attempts before skipping!
[2023-05-02T15:52:52.351+0000] {logging_mixin.py:137} INFO - HTTPSConnectionPool(host='api.pushshift.io', port=443): Max retries exceeded with url: /reddit/search/submission/?subreddit=nyknicks&sort=created_utc&sort_type=desc&size=500 (Caused by NewConnectionError('<urllib3.connection.HTTPSConnection object at 0xffffa005e310>: Failed to establish a new connection: [Errno -2] Name or service not known'))
[2023-05-02T15:52:52.355+0000] {helpers.py:86} ERROR - HTTPSConnectionPool(host='api.pushshift.io', port=443): Max retries exceeded with url: /reddit/search/submission/?subreddit=nyknicks&sort=created_utc&sort_type=desc&size=500 (Caused by NewConnectionError('<urllib3.connection.HTTPSConnection object at 0xffffa005e310>: Failed to establish a new connection: [Errno -2] Name or service not known'))
[2023-05-02T15:52:52.357+0000] {helpers.py:87} ERROR - Retrying! -1 attempts before skipping!
[2023-05-02T15:52:53.371+0000] {logging_mixin.py:137} INFO - HTTPSConnectionPool(host='api.pushshift.io', port=443): Max retries exceeded with url: /reddit/search/submission/?subreddit=Thunder&sort=created_utc&sort_type=desc&size=500 (Caused by NewConnectionError('<urllib3.connection.HTTPSConnection object at 0xffffa005e0d0>: Failed to establish a new connection: [Errno -2] Name or service not known'))
[2023-05-02T15:52:53.374+0000] {helpers.py:86} ERROR - HTTPSConnectionPool(host='api.pushshift.io', port=443): Max retries exceeded with url: /reddit/search/submission/?subreddit=Thunder&sort=created_utc&sort_type=desc&size=500 (Caused by NewConnectionError('<urllib3.connection.HTTPSConnection object at 0xffffa005e0d0>: Failed to establish a new connection: [Errno -2] Name or service not known'))
[2023-05-02T15:52:53.376+0000] {helpers.py:87} ERROR - Retrying! 9 attempts before skipping!
[2023-05-02T15:52:54.385+0000] {logging_mixin.py:137} INFO - HTTPSConnectionPool(host='api.pushshift.io', port=443): Max retries exceeded with url: /reddit/search/submission/?subreddit=Thunder&sort=created_utc&sort_type=desc&size=500 (Caused by NewConnectionError('<urllib3.connection.HTTPSConnection object at 0xffffa005e450>: Failed to establish a new connection: [Errno -2] Name or service not known'))
[2023-05-02T15:52:54.388+0000] {helpers.py:86} ERROR - HTTPSConnectionPool(host='api.pushshift.io', port=443): Max retries exceeded with url: /reddit/search/submission/?subreddit=Thunder&sort=created_utc&sort_type=desc&size=500 (Caused by NewConnectionError('<urllib3.connection.HTTPSConnection object at 0xffffa005e450>: Failed to establish a new connection: [Errno -2] Name or service not known'))
[2023-05-02T15:52:54.389+0000] {helpers.py:87} ERROR - Retrying! 8 attempts before skipping!
[2023-05-02T15:52:55.430+0000] {logging_mixin.py:137} INFO - HTTPSConnectionPool(host='api.pushshift.io', port=443): Max retries exceeded with url: /reddit/search/submission/?subreddit=Thunder&sort=created_utc&sort_type=desc&size=500 (Caused by NewConnectionError('<urllib3.connection.HTTPSConnection object at 0xffffa005e550>: Failed to establish a new connection: [Errno -2] Name or service not known'))
[2023-05-02T15:52:55.433+0000] {helpers.py:86} ERROR - HTTPSConnectionPool(host='api.pushshift.io', port=443): Max retries exceeded with url: /reddit/search/submission/?subreddit=Thunder&sort=created_utc&sort_type=desc&size=500 (Caused by NewConnectionError('<urllib3.connection.HTTPSConnection object at 0xffffa005e550>: Failed to establish a new connection: [Errno -2] Name or service not known'))
[2023-05-02T15:52:55.435+0000] {helpers.py:87} ERROR - Retrying! 7 attempts before skipping!
[2023-05-02T15:52:56.468+0000] {logging_mixin.py:137} INFO - HTTPSConnectionPool(host='api.pushshift.io', port=443): Max retries exceeded with url: /reddit/search/submission/?subreddit=Thunder&sort=created_utc&sort_type=desc&size=500 (Caused by NewConnectionError('<urllib3.connection.HTTPSConnection object at 0xffffa005e3d0>: Failed to establish a new connection: [Errno -2] Name or service not known'))
[2023-05-02T15:52:56.470+0000] {helpers.py:86} ERROR - HTTPSConnectionPool(host='api.pushshift.io', port=443): Max retries exceeded with url: /reddit/search/submission/?subreddit=Thunder&sort=created_utc&sort_type=desc&size=500 (Caused by NewConnectionError('<urllib3.connection.HTTPSConnection object at 0xffffa005e3d0>: Failed to establish a new connection: [Errno -2] Name or service not known'))
[2023-05-02T15:52:56.476+0000] {helpers.py:87} ERROR - Retrying! 6 attempts before skipping!
[2023-05-02T15:52:57.496+0000] {logging_mixin.py:137} INFO - HTTPSConnectionPool(host='api.pushshift.io', port=443): Max retries exceeded with url: /reddit/search/submission/?subreddit=Thunder&sort=created_utc&sort_type=desc&size=500 (Caused by NewConnectionError('<urllib3.connection.HTTPSConnection object at 0xffffa005e090>: Failed to establish a new connection: [Errno -2] Name or service not known'))
[2023-05-02T15:52:57.503+0000] {helpers.py:86} ERROR - HTTPSConnectionPool(host='api.pushshift.io', port=443): Max retries exceeded with url: /reddit/search/submission/?subreddit=Thunder&sort=created_utc&sort_type=desc&size=500 (Caused by NewConnectionError('<urllib3.connection.HTTPSConnection object at 0xffffa005e090>: Failed to establish a new connection: [Errno -2] Name or service not known'))
[2023-05-02T15:52:57.505+0000] {helpers.py:87} ERROR - Retrying! 5 attempts before skipping!
[2023-05-02T15:52:58.531+0000] {logging_mixin.py:137} INFO - HTTPSConnectionPool(host='api.pushshift.io', port=443): Max retries exceeded with url: /reddit/search/submission/?subreddit=Thunder&sort=created_utc&sort_type=desc&size=500 (Caused by NewConnectionError('<urllib3.connection.HTTPSConnection object at 0xffffa005e310>: Failed to establish a new connection: [Errno -2] Name or service not known'))
[2023-05-02T15:52:58.536+0000] {helpers.py:86} ERROR - HTTPSConnectionPool(host='api.pushshift.io', port=443): Max retries exceeded with url: /reddit/search/submission/?subreddit=Thunder&sort=created_utc&sort_type=desc&size=500 (Caused by NewConnectionError('<urllib3.connection.HTTPSConnection object at 0xffffa005e310>: Failed to establish a new connection: [Errno -2] Name or service not known'))
[2023-05-02T15:52:58.538+0000] {helpers.py:87} ERROR - Retrying! 4 attempts before skipping!
[2023-05-02T15:52:59.563+0000] {logging_mixin.py:137} INFO - HTTPSConnectionPool(host='api.pushshift.io', port=443): Max retries exceeded with url: /reddit/search/submission/?subreddit=Thunder&sort=created_utc&sort_type=desc&size=500 (Caused by NewConnectionError('<urllib3.connection.HTTPSConnection object at 0xffffa005e610>: Failed to establish a new connection: [Errno -2] Name or service not known'))
[2023-05-02T15:52:59.565+0000] {helpers.py:86} ERROR - HTTPSConnectionPool(host='api.pushshift.io', port=443): Max retries exceeded with url: /reddit/search/submission/?subreddit=Thunder&sort=created_utc&sort_type=desc&size=500 (Caused by NewConnectionError('<urllib3.connection.HTTPSConnection object at 0xffffa005e610>: Failed to establish a new connection: [Errno -2] Name or service not known'))
[2023-05-02T15:52:59.571+0000] {helpers.py:87} ERROR - Retrying! 3 attempts before skipping!
[2023-05-02T15:53:00.604+0000] {logging_mixin.py:137} INFO - HTTPSConnectionPool(host='api.pushshift.io', port=443): Max retries exceeded with url: /reddit/search/submission/?subreddit=Thunder&sort=created_utc&sort_type=desc&size=500 (Caused by NewConnectionError('<urllib3.connection.HTTPSConnection object at 0xffffa005e750>: Failed to establish a new connection: [Errno -2] Name or service not known'))
[2023-05-02T15:53:00.614+0000] {helpers.py:86} ERROR - HTTPSConnectionPool(host='api.pushshift.io', port=443): Max retries exceeded with url: /reddit/search/submission/?subreddit=Thunder&sort=created_utc&sort_type=desc&size=500 (Caused by NewConnectionError('<urllib3.connection.HTTPSConnection object at 0xffffa005e750>: Failed to establish a new connection: [Errno -2] Name or service not known'))
[2023-05-02T15:53:00.618+0000] {helpers.py:87} ERROR - Retrying! 2 attempts before skipping!
[2023-05-02T15:53:01.627+0000] {logging_mixin.py:137} INFO - HTTPSConnectionPool(host='api.pushshift.io', port=443): Max retries exceeded with url: /reddit/search/submission/?subreddit=Thunder&sort=created_utc&sort_type=desc&size=500 (Caused by NewConnectionError('<urllib3.connection.HTTPSConnection object at 0xffffa005e650>: Failed to establish a new connection: [Errno -2] Name or service not known'))
[2023-05-02T15:53:01.632+0000] {helpers.py:86} ERROR - HTTPSConnectionPool(host='api.pushshift.io', port=443): Max retries exceeded with url: /reddit/search/submission/?subreddit=Thunder&sort=created_utc&sort_type=desc&size=500 (Caused by NewConnectionError('<urllib3.connection.HTTPSConnection object at 0xffffa005e650>: Failed to establish a new connection: [Errno -2] Name or service not known'))
[2023-05-02T15:53:01.636+0000] {helpers.py:87} ERROR - Retrying! 1 attempts before skipping!
[2023-05-02T15:53:02.651+0000] {logging_mixin.py:137} INFO - HTTPSConnectionPool(host='api.pushshift.io', port=443): Max retries exceeded with url: /reddit/search/submission/?subreddit=Thunder&sort=created_utc&sort_type=desc&size=500 (Caused by NewConnectionError('<urllib3.connection.HTTPSConnection object at 0xffffa005e350>: Failed to establish a new connection: [Errno -2] Name or service not known'))
[2023-05-02T15:53:02.652+0000] {helpers.py:86} ERROR - HTTPSConnectionPool(host='api.pushshift.io', port=443): Max retries exceeded with url: /reddit/search/submission/?subreddit=Thunder&sort=created_utc&sort_type=desc&size=500 (Caused by NewConnectionError('<urllib3.connection.HTTPSConnection object at 0xffffa005e350>: Failed to establish a new connection: [Errno -2] Name or service not known'))
[2023-05-02T15:53:02.655+0000] {helpers.py:87} ERROR - Retrying! 0 attempts before skipping!
[2023-05-02T15:53:03.663+0000] {logging_mixin.py:137} INFO - HTTPSConnectionPool(host='api.pushshift.io', port=443): Max retries exceeded with url: /reddit/search/submission/?subreddit=Thunder&sort=created_utc&sort_type=desc&size=500 (Caused by NewConnectionError('<urllib3.connection.HTTPSConnection object at 0xffffa005e210>: Failed to establish a new connection: [Errno -2] Name or service not known'))
[2023-05-02T15:53:03.665+0000] {helpers.py:86} ERROR - HTTPSConnectionPool(host='api.pushshift.io', port=443): Max retries exceeded with url: /reddit/search/submission/?subreddit=Thunder&sort=created_utc&sort_type=desc&size=500 (Caused by NewConnectionError('<urllib3.connection.HTTPSConnection object at 0xffffa005e210>: Failed to establish a new connection: [Errno -2] Name or service not known'))
[2023-05-02T15:53:03.666+0000] {helpers.py:87} ERROR - Retrying! -1 attempts before skipping!
[2023-05-02T15:53:04.674+0000] {logging_mixin.py:137} INFO - HTTPSConnectionPool(host='api.pushshift.io', port=443): Max retries exceeded with url: /reddit/search/submission/?subreddit=OrlandoMagic&sort=created_utc&sort_type=desc&size=500 (Caused by NewConnectionError('<urllib3.connection.HTTPSConnection object at 0xffffa005e450>: Failed to establish a new connection: [Errno -2] Name or service not known'))
[2023-05-02T15:53:04.676+0000] {helpers.py:86} ERROR - HTTPSConnectionPool(host='api.pushshift.io', port=443): Max retries exceeded with url: /reddit/search/submission/?subreddit=OrlandoMagic&sort=created_utc&sort_type=desc&size=500 (Caused by NewConnectionError('<urllib3.connection.HTTPSConnection object at 0xffffa005e450>: Failed to establish a new connection: [Errno -2] Name or service not known'))
[2023-05-02T15:53:04.677+0000] {helpers.py:87} ERROR - Retrying! 9 attempts before skipping!
[2023-05-02T15:53:05.694+0000] {logging_mixin.py:137} INFO - HTTPSConnectionPool(host='api.pushshift.io', port=443): Max retries exceeded with url: /reddit/search/submission/?subreddit=OrlandoMagic&sort=created_utc&sort_type=desc&size=500 (Caused by NewConnectionError('<urllib3.connection.HTTPSConnection object at 0xffffa005e550>: Failed to establish a new connection: [Errno -2] Name or service not known'))
[2023-05-02T15:53:05.696+0000] {helpers.py:86} ERROR - HTTPSConnectionPool(host='api.pushshift.io', port=443): Max retries exceeded with url: /reddit/search/submission/?subreddit=OrlandoMagic&sort=created_utc&sort_type=desc&size=500 (Caused by NewConnectionError('<urllib3.connection.HTTPSConnection object at 0xffffa005e550>: Failed to establish a new connection: [Errno -2] Name or service not known'))
[2023-05-02T15:53:05.698+0000] {helpers.py:87} ERROR - Retrying! 8 attempts before skipping!
[2023-05-02T16:40:23.806+0000] {logging_mixin.py:137} INFO - HTTPSConnectionPool(host='api.pushshift.io', port=443): Max retries exceeded with url: /reddit/search/submission/?subreddit=OrlandoMagic&sort=created_utc&sort_type=desc&size=500 (Caused by NewConnectionError('<urllib3.connection.HTTPSConnection object at 0xffffa005e910>: Failed to establish a new connection: [Errno -2] Name or service not known'))
[2023-05-02T16:40:23.809+0000] {helpers.py:86} ERROR - HTTPSConnectionPool(host='api.pushshift.io', port=443): Max retries exceeded with url: /reddit/search/submission/?subreddit=OrlandoMagic&sort=created_utc&sort_type=desc&size=500 (Caused by NewConnectionError('<urllib3.connection.HTTPSConnection object at 0xffffa005e910>: Failed to establish a new connection: [Errno -2] Name or service not known'))
[2023-05-02T16:40:23.811+0000] {helpers.py:87} ERROR - Retrying! 7 attempts before skipping!
[2023-05-02T16:40:24.821+0000] {logging_mixin.py:137} INFO - HTTPSConnectionPool(host='api.pushshift.io', port=443): Max retries exceeded with url: /reddit/search/submission/?subreddit=OrlandoMagic&sort=created_utc&sort_type=desc&size=500 (Caused by NewConnectionError('<urllib3.connection.HTTPSConnection object at 0xffffa005e150>: Failed to establish a new connection: [Errno -2] Name or service not known'))
[2023-05-02T16:40:24.823+0000] {helpers.py:86} ERROR - HTTPSConnectionPool(host='api.pushshift.io', port=443): Max retries exceeded with url: /reddit/search/submission/?subreddit=OrlandoMagic&sort=created_utc&sort_type=desc&size=500 (Caused by NewConnectionError('<urllib3.connection.HTTPSConnection object at 0xffffa005e150>: Failed to establish a new connection: [Errno -2] Name or service not known'))
[2023-05-02T16:40:24.824+0000] {helpers.py:87} ERROR - Retrying! 6 attempts before skipping!
[2023-05-02T16:40:25.832+0000] {logging_mixin.py:137} INFO - HTTPSConnectionPool(host='api.pushshift.io', port=443): Max retries exceeded with url: /reddit/search/submission/?subreddit=OrlandoMagic&sort=created_utc&sort_type=desc&size=500 (Caused by NewConnectionError('<urllib3.connection.HTTPSConnection object at 0xffffa005e390>: Failed to establish a new connection: [Errno -2] Name or service not known'))
[2023-05-02T16:40:25.839+0000] {helpers.py:86} ERROR - HTTPSConnectionPool(host='api.pushshift.io', port=443): Max retries exceeded with url: /reddit/search/submission/?subreddit=OrlandoMagic&sort=created_utc&sort_type=desc&size=500 (Caused by NewConnectionError('<urllib3.connection.HTTPSConnection object at 0xffffa005e390>: Failed to establish a new connection: [Errno -2] Name or service not known'))
[2023-05-02T16:40:25.843+0000] {helpers.py:87} ERROR - Retrying! 5 attempts before skipping!
[2023-05-02T16:40:26.852+0000] {logging_mixin.py:137} INFO - HTTPSConnectionPool(host='api.pushshift.io', port=443): Max retries exceeded with url: /reddit/search/submission/?subreddit=OrlandoMagic&sort=created_utc&sort_type=desc&size=500 (Caused by NewConnectionError('<urllib3.connection.HTTPSConnection object at 0xffffa005e210>: Failed to establish a new connection: [Errno -2] Name or service not known'))
[2023-05-02T16:40:26.858+0000] {helpers.py:86} ERROR - HTTPSConnectionPool(host='api.pushshift.io', port=443): Max retries exceeded with url: /reddit/search/submission/?subreddit=OrlandoMagic&sort=created_utc&sort_type=desc&size=500 (Caused by NewConnectionError('<urllib3.connection.HTTPSConnection object at 0xffffa005e210>: Failed to establish a new connection: [Errno -2] Name or service not known'))
[2023-05-02T16:40:26.859+0000] {helpers.py:87} ERROR - Retrying! 4 attempts before skipping!
[2023-05-02T16:40:27.882+0000] {logging_mixin.py:137} INFO - HTTPSConnectionPool(host='api.pushshift.io', port=443): Max retries exceeded with url: /reddit/search/submission/?subreddit=OrlandoMagic&sort=created_utc&sort_type=desc&size=500 (Caused by NewConnectionError('<urllib3.connection.HTTPSConnection object at 0xffffa005e190>: Failed to establish a new connection: [Errno -2] Name or service not known'))
[2023-05-02T16:40:27.888+0000] {helpers.py:86} ERROR - HTTPSConnectionPool(host='api.pushshift.io', port=443): Max retries exceeded with url: /reddit/search/submission/?subreddit=OrlandoMagic&sort=created_utc&sort_type=desc&size=500 (Caused by NewConnectionError('<urllib3.connection.HTTPSConnection object at 0xffffa005e190>: Failed to establish a new connection: [Errno -2] Name or service not known'))
[2023-05-02T16:40:27.897+0000] {helpers.py:87} ERROR - Retrying! 3 attempts before skipping!
[2023-05-02T16:40:28.926+0000] {logging_mixin.py:137} INFO - HTTPSConnectionPool(host='api.pushshift.io', port=443): Max retries exceeded with url: /reddit/search/submission/?subreddit=OrlandoMagic&sort=created_utc&sort_type=desc&size=500 (Caused by NewConnectionError('<urllib3.connection.HTTPSConnection object at 0xffffa005e090>: Failed to establish a new connection: [Errno -2] Name or service not known'))
[2023-05-02T16:40:28.932+0000] {helpers.py:86} ERROR - HTTPSConnectionPool(host='api.pushshift.io', port=443): Max retries exceeded with url: /reddit/search/submission/?subreddit=OrlandoMagic&sort=created_utc&sort_type=desc&size=500 (Caused by NewConnectionError('<urllib3.connection.HTTPSConnection object at 0xffffa005e090>: Failed to establish a new connection: [Errno -2] Name or service not known'))
[2023-05-02T16:40:28.934+0000] {helpers.py:87} ERROR - Retrying! 2 attempts before skipping!
[2023-05-02T16:40:29.957+0000] {logging_mixin.py:137} INFO - HTTPSConnectionPool(host='api.pushshift.io', port=443): Max retries exceeded with url: /reddit/search/submission/?subreddit=OrlandoMagic&sort=created_utc&sort_type=desc&size=500 (Caused by NewConnectionError('<urllib3.connection.HTTPSConnection object at 0xffffa005e8d0>: Failed to establish a new connection: [Errno -2] Name or service not known'))
[2023-05-02T16:40:29.962+0000] {helpers.py:86} ERROR - HTTPSConnectionPool(host='api.pushshift.io', port=443): Max retries exceeded with url: /reddit/search/submission/?subreddit=OrlandoMagic&sort=created_utc&sort_type=desc&size=500 (Caused by NewConnectionError('<urllib3.connection.HTTPSConnection object at 0xffffa005e8d0>: Failed to establish a new connection: [Errno -2] Name or service not known'))
[2023-05-02T16:40:29.969+0000] {helpers.py:87} ERROR - Retrying! 1 attempts before skipping!
[2023-05-02T16:40:30.495+0000] {local_task_job.py:277} WARNING - State of this instance has been externally set to failed. Terminating instance.
[2023-05-02T16:40:30.500+0000] {process_utils.py:133} INFO - Sending Signals.SIGTERM to group 22640. PIDs of all processes in the group: [22640]
[2023-05-02T16:40:30.501+0000] {process_utils.py:84} INFO - Sending the signal Signals.SIGTERM to group 22640
[2023-05-02T16:40:30.503+0000] {taskinstance.py:1488} ERROR - Received SIGTERM. Terminating subprocesses.
[2023-05-02T16:40:30.597+0000] {process_utils.py:79} INFO - Process psutil.Process(pid=22640, status='terminated', exitcode=0, started='15:02:24') (22640) terminated with exit code 0
