[2023-05-03T11:15:19.316+0000] {taskinstance.py:1090} INFO - Dependencies all met for dep_context=non-requeueable deps ti=<TaskInstance: scrape_and_save_to_csv.scrape_teams_1-8 scheduled__2023-05-03T04:30:00+00:00 [queued]>
[2023-05-03T11:15:19.324+0000] {taskinstance.py:1090} INFO - Dependencies all met for dep_context=requeueable deps ti=<TaskInstance: scrape_and_save_to_csv.scrape_teams_1-8 scheduled__2023-05-03T04:30:00+00:00 [queued]>
[2023-05-03T11:15:19.325+0000] {taskinstance.py:1288} INFO - 
--------------------------------------------------------------------------------
[2023-05-03T11:15:19.326+0000] {taskinstance.py:1289} INFO - Starting attempt 1 of 1
[2023-05-03T11:15:19.326+0000] {taskinstance.py:1290} INFO - 
--------------------------------------------------------------------------------
[2023-05-03T11:15:19.335+0000] {taskinstance.py:1309} INFO - Executing <Task(PythonOperator): scrape_teams_1-8> on 2023-05-03 04:30:00+00:00
[2023-05-03T11:15:19.340+0000] {standard_task_runner.py:55} INFO - Started process 31535 to run task
[2023-05-03T11:15:19.343+0000] {standard_task_runner.py:82} INFO - Running: ['***', 'tasks', 'run', 'scrape_and_save_to_csv', 'scrape_teams_1-8', 'scheduled__2023-05-03T04:30:00+00:00', '--job-id', '2334', '--raw', '--subdir', 'DAGS_FOLDER/scrape_and_save_csv_dag.py', '--cfg-path', '/tmp/tmpdhktjy13']
[2023-05-03T11:15:19.347+0000] {standard_task_runner.py:83} INFO - Job 2334: Subtask scrape_teams_1-8
[2023-05-03T11:15:19.407+0000] {task_command.py:389} INFO - Running <TaskInstance: scrape_and_save_to_csv.scrape_teams_1-8 scheduled__2023-05-03T04:30:00+00:00 [running]> on host 5d4cd8acb346
[2023-05-03T11:15:19.465+0000] {taskinstance.py:1518} INFO - Exporting the following env vars:
AIRFLOW_CTX_DAG_OWNER=***
AIRFLOW_CTX_DAG_ID=scrape_and_save_to_csv
AIRFLOW_CTX_TASK_ID=scrape_teams_1-8
AIRFLOW_CTX_EXECUTION_DATE=2023-05-03T04:30:00+00:00
AIRFLOW_CTX_TRY_NUMBER=1
AIRFLOW_CTX_DAG_RUN_ID=scheduled__2023-05-03T04:30:00+00:00
[2023-05-03T11:15:22.838+0000] {warnings.py:110} WARNING - /home/***/.local/lib/python3.7/site-packages/***/utils/context.py:313: AirflowContextDeprecationWarning: Accessing 'execution_date' from the template is deprecated and will be removed in a future version. Please use 'data_interval_start' or 'logical_date' instead.
  warnings.warn(_create_deprecation_warning(k, replacements))

[2023-05-03T11:15:23.198+0000] {helpers.py:80} INFO - Atlanta Hawks: Successfully scraped!
[2023-05-03T11:15:25.646+0000] {helpers.py:80} INFO - Boston Celtics: Successfully scraped!
[2023-05-03T14:17:48.807+0000] {local_task_job.py:277} WARNING - State of this instance has been externally set to failed. Terminating instance.
[2023-05-03T14:17:48.918+0000] {process_utils.py:133} INFO - Sending Signals.SIGTERM to group 31535. PIDs of all processes in the group: [31535]
[2023-05-03T14:17:48.964+0000] {process_utils.py:84} INFO - Sending the signal Signals.SIGTERM to group 31535
[2023-05-03T14:17:48.982+0000] {taskinstance.py:1488} ERROR - Received SIGTERM. Terminating subprocesses.
[2023-05-03T14:17:49.094+0000] {logging_mixin.py:137} INFO - Task received SIGTERM signal
[2023-05-03T14:17:49.132+0000] {helpers.py:86} ERROR - Task received SIGTERM signal
[2023-05-03T14:17:49.133+0000] {helpers.py:87} ERROR - Retrying! 9 attempts before skipping!
[2023-05-03T14:17:56.751+0000] {helpers.py:80} INFO - Brooklyn Nets: Successfully scraped!
[2023-05-03T14:17:56.925+0000] {logging_mixin.py:137} INFO - Expecting value: line 1 column 1 (char 0)
[2023-05-03T14:17:56.927+0000] {helpers.py:86} ERROR - Expecting value: line 1 column 1 (char 0)
[2023-05-03T14:17:56.929+0000] {helpers.py:87} ERROR - Retrying! 9 attempts before skipping!
[2023-05-03T14:17:58.737+0000] {logging_mixin.py:137} INFO - Expecting value: line 1 column 1 (char 0)
[2023-05-03T14:17:58.747+0000] {helpers.py:86} ERROR - Expecting value: line 1 column 1 (char 0)
[2023-05-03T14:17:58.750+0000] {helpers.py:87} ERROR - Retrying! 8 attempts before skipping!
[2023-05-03T14:17:59.911+0000] {logging_mixin.py:137} INFO - Expecting value: line 1 column 1 (char 0)
[2023-05-03T14:17:59.918+0000] {helpers.py:86} ERROR - Expecting value: line 1 column 1 (char 0)
[2023-05-03T14:17:59.921+0000] {helpers.py:87} ERROR - Retrying! 7 attempts before skipping!
[2023-05-03T14:18:01.082+0000] {logging_mixin.py:137} INFO - Expecting value: line 1 column 1 (char 0)
[2023-05-03T14:18:01.084+0000] {helpers.py:86} ERROR - Expecting value: line 1 column 1 (char 0)
[2023-05-03T14:18:01.085+0000] {helpers.py:87} ERROR - Retrying! 6 attempts before skipping!
[2023-05-03T14:52:12.404+0000] {helpers.py:80} INFO - Charlotte Hornets: Successfully scraped!
[2023-05-03T14:52:17.907+0000] {helpers.py:80} INFO - Chicago Bulls: Successfully scraped!
[2023-05-03T14:52:21.994+0000] {helpers.py:80} INFO - Cleveland Cavaliers: Successfully scraped!
[2023-05-03T14:52:26.550+0000] {helpers.py:80} INFO - Dallas Mavericks: Successfully scraped!
[2023-05-03T14:52:27.503+0000] {logging_mixin.py:137} INFO - ('Connection aborted.', RemoteDisconnected('Remote end closed connection without response'))
[2023-05-03T14:52:27.575+0000] {helpers.py:86} ERROR - ('Connection aborted.', RemoteDisconnected('Remote end closed connection without response'))
[2023-05-03T14:52:27.629+0000] {helpers.py:87} ERROR - Retrying! 9 attempts before skipping!
[2023-05-03T14:52:34.234+0000] {helpers.py:80} INFO - Denver Nuggets: Successfully scraped!
[2023-05-03T14:52:34.324+0000] {helpers.py:96} INFO - Saved in /opt/***/data/output_scrape_teams_1-8.csv
[2023-05-03T14:52:34.348+0000] {python.py:177} INFO - Done. Returned value was: None
[2023-05-03T14:52:34.429+0000] {taskinstance.py:1332} INFO - Marking task as SUCCESS. dag_id=scrape_and_save_to_csv, task_id=scrape_teams_1-8, execution_date=20230503T043000, start_date=20230503T111519, end_date=20230503T145234
[2023-05-03T14:52:34.681+0000] {process_utils.py:79} INFO - Process psutil.Process(pid=31535, status='terminated', exitcode=0, started='11:15:18') (31535) terminated with exit code 0
