[2023-05-07T03:19:30.169+0000] {taskinstance.py:1090} INFO - Dependencies all met for dep_context=non-requeueable deps ti=<TaskInstance: scrape_and_save_to_csv.scrape_teams_25-30 scheduled__2022-05-01T06:00:00+00:00 [queued]>
[2023-05-07T03:19:30.215+0000] {taskinstance.py:1090} INFO - Dependencies all met for dep_context=requeueable deps ti=<TaskInstance: scrape_and_save_to_csv.scrape_teams_25-30 scheduled__2022-05-01T06:00:00+00:00 [queued]>
[2023-05-07T03:19:30.217+0000] {taskinstance.py:1288} INFO - 
--------------------------------------------------------------------------------
[2023-05-07T03:19:30.219+0000] {taskinstance.py:1289} INFO - Starting attempt 1 of 1
[2023-05-07T03:19:30.222+0000] {taskinstance.py:1290} INFO - 
--------------------------------------------------------------------------------
[2023-05-07T03:19:30.245+0000] {taskinstance.py:1309} INFO - Executing <Task(PythonOperator): scrape_teams_25-30> on 2022-05-01 06:00:00+00:00
[2023-05-07T03:19:30.269+0000] {standard_task_runner.py:55} INFO - Started process 1130 to run task
[2023-05-07T03:19:30.321+0000] {standard_task_runner.py:82} INFO - Running: ['***', 'tasks', 'run', 'scrape_and_save_to_csv', 'scrape_teams_25-30', 'scheduled__2022-05-01T06:00:00+00:00', '--job-id', '2681', '--raw', '--subdir', 'DAGS_FOLDER/scrape_and_push_dag.py', '--cfg-path', '/tmp/tmpolp3n1tj']
[2023-05-07T03:19:30.336+0000] {standard_task_runner.py:83} INFO - Job 2681: Subtask scrape_teams_25-30
[2023-05-07T03:19:30.579+0000] {task_command.py:389} INFO - Running <TaskInstance: scrape_and_save_to_csv.scrape_teams_25-30 scheduled__2022-05-01T06:00:00+00:00 [running]> on host 6589836e9c08
[2023-05-07T03:19:30.761+0000] {taskinstance.py:1518} INFO - Exporting the following env vars:
AIRFLOW_CTX_DAG_OWNER=***
AIRFLOW_CTX_DAG_ID=scrape_and_save_to_csv
AIRFLOW_CTX_TASK_ID=scrape_teams_25-30
AIRFLOW_CTX_EXECUTION_DATE=2022-05-01T06:00:00+00:00
AIRFLOW_CTX_TRY_NUMBER=1
AIRFLOW_CTX_DAG_RUN_ID=scheduled__2022-05-01T06:00:00+00:00
[2023-05-07T03:19:30.764+0000] {taskinstance.py:1776} ERROR - Task failed with exception
Traceback (most recent call last):
  File "/home/airflow/.local/lib/python3.7/site-packages/airflow/operators/python.py", line 175, in execute
    return_value = self.execute_callable()
  File "/home/airflow/.local/lib/python3.7/site-packages/airflow/operators/python.py", line 192, in execute_callable
    return self.python_callable(*self.op_args, **self.op_kwargs)
TypeError: scrape_and_save() missing 1 required positional argument: 'current_date'
[2023-05-07T03:19:30.789+0000] {taskinstance.py:1332} INFO - Marking task as FAILED. dag_id=scrape_and_save_to_csv, task_id=scrape_teams_25-30, execution_date=20220501T060000, start_date=20230507T031930, end_date=20230507T031930
[2023-05-07T03:19:30.819+0000] {standard_task_runner.py:105} ERROR - Failed to execute job 2681 for task scrape_teams_25-30 (scrape_and_save() missing 1 required positional argument: 'current_date'; 1130)
[2023-05-07T03:19:30.940+0000] {local_task_job.py:212} INFO - Task exited with return code 1
[2023-05-07T03:19:31.053+0000] {taskinstance.py:2596} INFO - 0 downstream tasks scheduled from follow-on schedule check
[2023-05-07T03:23:26.353+0000] {taskinstance.py:1090} INFO - Dependencies all met for dep_context=non-requeueable deps ti=<TaskInstance: scrape_and_save_to_csv.scrape_teams_25-30 scheduled__2022-05-01T06:00:00+00:00 [queued]>
[2023-05-07T03:23:26.360+0000] {taskinstance.py:1090} INFO - Dependencies all met for dep_context=requeueable deps ti=<TaskInstance: scrape_and_save_to_csv.scrape_teams_25-30 scheduled__2022-05-01T06:00:00+00:00 [queued]>
[2023-05-07T03:23:26.360+0000] {taskinstance.py:1288} INFO - 
--------------------------------------------------------------------------------
[2023-05-07T03:23:26.361+0000] {taskinstance.py:1289} INFO - Starting attempt 1 of 1
[2023-05-07T03:23:26.363+0000] {taskinstance.py:1290} INFO - 
--------------------------------------------------------------------------------
[2023-05-07T03:23:26.372+0000] {taskinstance.py:1309} INFO - Executing <Task(PythonOperator): scrape_teams_25-30> on 2022-05-01 06:00:00+00:00
[2023-05-07T03:23:26.380+0000] {standard_task_runner.py:55} INFO - Started process 1534 to run task
[2023-05-07T03:23:26.384+0000] {standard_task_runner.py:82} INFO - Running: ['***', 'tasks', 'run', 'scrape_and_save_to_csv', 'scrape_teams_25-30', 'scheduled__2022-05-01T06:00:00+00:00', '--job-id', '2790', '--raw', '--subdir', 'DAGS_FOLDER/scrape_and_push_dag.py', '--cfg-path', '/tmp/tmpf1a1defh']
[2023-05-07T03:23:26.387+0000] {standard_task_runner.py:83} INFO - Job 2790: Subtask scrape_teams_25-30
[2023-05-07T03:23:26.507+0000] {task_command.py:389} INFO - Running <TaskInstance: scrape_and_save_to_csv.scrape_teams_25-30 scheduled__2022-05-01T06:00:00+00:00 [running]> on host 6589836e9c08
[2023-05-07T03:23:26.539+0000] {warnings.py:110} WARNING - /home/***/.local/lib/python3.7/site-packages/***/utils/context.py:205: AirflowContextDeprecationWarning: Accessing 'execution_date' from the template is deprecated and will be removed in a future version. Please use 'data_interval_start' or 'logical_date' instead.
  warnings.warn(_create_deprecation_warning(key, self._deprecation_replacements[key]))

[2023-05-07T03:23:26.582+0000] {taskinstance.py:1518} INFO - Exporting the following env vars:
AIRFLOW_CTX_DAG_OWNER=***
AIRFLOW_CTX_DAG_ID=scrape_and_save_to_csv
AIRFLOW_CTX_TASK_ID=scrape_teams_25-30
AIRFLOW_CTX_EXECUTION_DATE=2022-05-01T06:00:00+00:00
AIRFLOW_CTX_TRY_NUMBER=1
AIRFLOW_CTX_DAG_RUN_ID=scheduled__2022-05-01T06:00:00+00:00
[2023-05-07T03:23:26.747+0000] {logging_mixin.py:137} INFO - Expecting value: line 1 column 1 (char 0)
[2023-05-07T03:23:26.748+0000] {helpers.py:92} ERROR - Expecting value: line 1 column 1 (char 0)
[2023-05-07T03:23:26.750+0000] {helpers.py:93} ERROR - Retrying! 9 attempts before skipping!
[2023-05-07T03:23:27.987+0000] {logging_mixin.py:137} INFO - Expecting value: line 1 column 1 (char 0)
[2023-05-07T03:23:27.988+0000] {helpers.py:92} ERROR - Expecting value: line 1 column 1 (char 0)
[2023-05-07T03:23:27.997+0000] {helpers.py:93} ERROR - Retrying! 8 attempts before skipping!
[2023-05-07T03:23:29.186+0000] {logging_mixin.py:137} INFO - Expecting value: line 1 column 1 (char 0)
[2023-05-07T03:23:29.187+0000] {helpers.py:92} ERROR - Expecting value: line 1 column 1 (char 0)
[2023-05-07T03:23:29.188+0000] {helpers.py:93} ERROR - Retrying! 7 attempts before skipping!
[2023-05-07T03:23:30.335+0000] {logging_mixin.py:137} INFO - Expecting value: line 1 column 1 (char 0)
[2023-05-07T03:23:30.337+0000] {helpers.py:92} ERROR - Expecting value: line 1 column 1 (char 0)
[2023-05-07T03:23:30.338+0000] {helpers.py:93} ERROR - Retrying! 6 attempts before skipping!
[2023-05-07T03:23:31.508+0000] {logging_mixin.py:137} INFO - Expecting value: line 1 column 1 (char 0)
[2023-05-07T03:23:31.510+0000] {helpers.py:92} ERROR - Expecting value: line 1 column 1 (char 0)
[2023-05-07T03:23:31.511+0000] {helpers.py:93} ERROR - Retrying! 5 attempts before skipping!
[2023-05-07T03:23:32.661+0000] {logging_mixin.py:137} INFO - Expecting value: line 1 column 1 (char 0)
[2023-05-07T03:23:32.663+0000] {helpers.py:92} ERROR - Expecting value: line 1 column 1 (char 0)
[2023-05-07T03:23:32.664+0000] {helpers.py:93} ERROR - Retrying! 4 attempts before skipping!
[2023-05-07T03:23:34.228+0000] {logging_mixin.py:137} INFO - Expecting value: line 1 column 1 (char 0)
[2023-05-07T03:23:34.229+0000] {helpers.py:92} ERROR - Expecting value: line 1 column 1 (char 0)
[2023-05-07T03:23:34.230+0000] {helpers.py:93} ERROR - Retrying! 3 attempts before skipping!
[2023-05-07T03:23:35.397+0000] {logging_mixin.py:137} INFO - Expecting value: line 1 column 1 (char 0)
[2023-05-07T03:23:35.398+0000] {helpers.py:92} ERROR - Expecting value: line 1 column 1 (char 0)
[2023-05-07T03:23:35.399+0000] {helpers.py:93} ERROR - Retrying! 2 attempts before skipping!
[2023-05-07T03:23:36.566+0000] {logging_mixin.py:137} INFO - Expecting value: line 1 column 1 (char 0)
[2023-05-07T03:23:36.567+0000] {helpers.py:92} ERROR - Expecting value: line 1 column 1 (char 0)
[2023-05-07T03:23:36.568+0000] {helpers.py:93} ERROR - Retrying! 1 attempts before skipping!
[2023-05-07T03:23:37.752+0000] {logging_mixin.py:137} INFO - Expecting value: line 1 column 1 (char 0)
[2023-05-07T03:23:37.753+0000] {helpers.py:92} ERROR - Expecting value: line 1 column 1 (char 0)
[2023-05-07T03:23:37.754+0000] {helpers.py:93} ERROR - Retrying! 0 attempts before skipping!
[2023-05-07T03:23:39.017+0000] {logging_mixin.py:137} INFO - Expecting value: line 1 column 1 (char 0)
[2023-05-07T03:23:39.019+0000] {helpers.py:92} ERROR - Expecting value: line 1 column 1 (char 0)
[2023-05-07T03:23:39.020+0000] {helpers.py:93} ERROR - Retrying! -1 attempts before skipping!
[2023-05-07T03:23:40.374+0000] {logging_mixin.py:137} INFO - Expecting value: line 1 column 1 (char 0)
[2023-05-07T03:23:40.376+0000] {helpers.py:92} ERROR - Expecting value: line 1 column 1 (char 0)
[2023-05-07T03:23:40.378+0000] {helpers.py:93} ERROR - Retrying! 9 attempts before skipping!
[2023-05-07T03:23:41.555+0000] {logging_mixin.py:137} INFO - Expecting value: line 1 column 1 (char 0)
[2023-05-07T03:23:41.562+0000] {helpers.py:92} ERROR - Expecting value: line 1 column 1 (char 0)
[2023-05-07T03:23:41.564+0000] {helpers.py:93} ERROR - Retrying! 8 attempts before skipping!
[2023-05-07T03:23:43.002+0000] {logging_mixin.py:137} INFO - Expecting value: line 1 column 1 (char 0)
[2023-05-07T03:23:43.003+0000] {helpers.py:92} ERROR - Expecting value: line 1 column 1 (char 0)
[2023-05-07T03:23:43.004+0000] {helpers.py:93} ERROR - Retrying! 7 attempts before skipping!
[2023-05-07T03:23:44.176+0000] {logging_mixin.py:137} INFO - Expecting value: line 1 column 1 (char 0)
[2023-05-07T03:23:44.178+0000] {helpers.py:92} ERROR - Expecting value: line 1 column 1 (char 0)
[2023-05-07T03:23:44.179+0000] {helpers.py:93} ERROR - Retrying! 6 attempts before skipping!
[2023-05-07T03:23:45.335+0000] {logging_mixin.py:137} INFO - Expecting value: line 1 column 1 (char 0)
[2023-05-07T03:23:45.338+0000] {helpers.py:92} ERROR - Expecting value: line 1 column 1 (char 0)
[2023-05-07T03:23:45.341+0000] {helpers.py:93} ERROR - Retrying! 5 attempts before skipping!
[2023-05-07T03:23:46.493+0000] {logging_mixin.py:137} INFO - Expecting value: line 1 column 1 (char 0)
[2023-05-07T03:23:46.518+0000] {helpers.py:92} ERROR - Expecting value: line 1 column 1 (char 0)
[2023-05-07T03:23:46.519+0000] {helpers.py:93} ERROR - Retrying! 4 attempts before skipping!
[2023-05-07T03:23:47.674+0000] {logging_mixin.py:137} INFO - Expecting value: line 1 column 1 (char 0)
[2023-05-07T03:23:47.675+0000] {helpers.py:92} ERROR - Expecting value: line 1 column 1 (char 0)
[2023-05-07T03:23:47.676+0000] {helpers.py:93} ERROR - Retrying! 3 attempts before skipping!
[2023-05-07T03:23:49.046+0000] {logging_mixin.py:137} INFO - Expecting value: line 1 column 1 (char 0)
[2023-05-07T03:23:49.048+0000] {helpers.py:92} ERROR - Expecting value: line 1 column 1 (char 0)
[2023-05-07T03:23:49.074+0000] {helpers.py:93} ERROR - Retrying! 2 attempts before skipping!
[2023-05-07T03:23:50.232+0000] {logging_mixin.py:137} INFO - Expecting value: line 1 column 1 (char 0)
[2023-05-07T03:23:50.233+0000] {helpers.py:92} ERROR - Expecting value: line 1 column 1 (char 0)
[2023-05-07T03:23:50.234+0000] {helpers.py:93} ERROR - Retrying! 1 attempts before skipping!
[2023-05-07T03:23:51.378+0000] {logging_mixin.py:137} INFO - Expecting value: line 1 column 1 (char 0)
[2023-05-07T03:23:51.379+0000] {helpers.py:92} ERROR - Expecting value: line 1 column 1 (char 0)
[2023-05-07T03:23:51.381+0000] {helpers.py:93} ERROR - Retrying! 0 attempts before skipping!
[2023-05-07T03:23:52.556+0000] {logging_mixin.py:137} INFO - Expecting value: line 1 column 1 (char 0)
[2023-05-07T03:23:52.558+0000] {helpers.py:92} ERROR - Expecting value: line 1 column 1 (char 0)
[2023-05-07T03:23:52.559+0000] {helpers.py:93} ERROR - Retrying! -1 attempts before skipping!
[2023-05-07T03:23:53.735+0000] {logging_mixin.py:137} INFO - Expecting value: line 1 column 1 (char 0)
[2023-05-07T03:23:53.736+0000] {helpers.py:92} ERROR - Expecting value: line 1 column 1 (char 0)
[2023-05-07T03:23:53.737+0000] {helpers.py:93} ERROR - Retrying! 9 attempts before skipping!
[2023-05-07T03:23:55.111+0000] {logging_mixin.py:137} INFO - Expecting value: line 1 column 1 (char 0)
[2023-05-07T03:23:55.114+0000] {helpers.py:92} ERROR - Expecting value: line 1 column 1 (char 0)
[2023-05-07T03:23:55.116+0000] {helpers.py:93} ERROR - Retrying! 8 attempts before skipping!
[2023-05-07T03:23:56.278+0000] {logging_mixin.py:137} INFO - Expecting value: line 1 column 1 (char 0)
[2023-05-07T03:23:56.280+0000] {helpers.py:92} ERROR - Expecting value: line 1 column 1 (char 0)
[2023-05-07T03:23:56.281+0000] {helpers.py:93} ERROR - Retrying! 7 attempts before skipping!
[2023-05-07T03:23:57.433+0000] {logging_mixin.py:137} INFO - Expecting value: line 1 column 1 (char 0)
[2023-05-07T03:23:57.434+0000] {helpers.py:92} ERROR - Expecting value: line 1 column 1 (char 0)
[2023-05-07T03:23:57.436+0000] {helpers.py:93} ERROR - Retrying! 6 attempts before skipping!
[2023-05-07T03:23:58.598+0000] {logging_mixin.py:137} INFO - Expecting value: line 1 column 1 (char 0)
[2023-05-07T03:23:58.599+0000] {helpers.py:92} ERROR - Expecting value: line 1 column 1 (char 0)
[2023-05-07T03:23:58.600+0000] {helpers.py:93} ERROR - Retrying! 5 attempts before skipping!
[2023-05-07T03:23:59.749+0000] {logging_mixin.py:137} INFO - Expecting value: line 1 column 1 (char 0)
[2023-05-07T03:23:59.756+0000] {helpers.py:92} ERROR - Expecting value: line 1 column 1 (char 0)
[2023-05-07T03:23:59.757+0000] {helpers.py:93} ERROR - Retrying! 4 attempts before skipping!
[2023-05-07T03:24:00.914+0000] {logging_mixin.py:137} INFO - Expecting value: line 1 column 1 (char 0)
[2023-05-07T03:24:00.915+0000] {helpers.py:92} ERROR - Expecting value: line 1 column 1 (char 0)
[2023-05-07T03:24:00.916+0000] {helpers.py:93} ERROR - Retrying! 3 attempts before skipping!
[2023-05-07T03:24:02.072+0000] {logging_mixin.py:137} INFO - Expecting value: line 1 column 1 (char 0)
[2023-05-07T03:24:02.074+0000] {helpers.py:92} ERROR - Expecting value: line 1 column 1 (char 0)
[2023-05-07T03:24:02.075+0000] {helpers.py:93} ERROR - Retrying! 2 attempts before skipping!
[2023-05-07T03:24:03.246+0000] {logging_mixin.py:137} INFO - Expecting value: line 1 column 1 (char 0)
[2023-05-07T03:24:03.247+0000] {helpers.py:92} ERROR - Expecting value: line 1 column 1 (char 0)
[2023-05-07T03:24:03.249+0000] {helpers.py:93} ERROR - Retrying! 1 attempts before skipping!
[2023-05-07T03:24:04.459+0000] {logging_mixin.py:137} INFO - Expecting value: line 1 column 1 (char 0)
[2023-05-07T03:24:04.464+0000] {helpers.py:92} ERROR - Expecting value: line 1 column 1 (char 0)
[2023-05-07T03:24:04.465+0000] {helpers.py:93} ERROR - Retrying! 0 attempts before skipping!
[2023-05-07T03:24:05.625+0000] {logging_mixin.py:137} INFO - Expecting value: line 1 column 1 (char 0)
[2023-05-07T03:24:05.626+0000] {helpers.py:92} ERROR - Expecting value: line 1 column 1 (char 0)
[2023-05-07T03:24:05.627+0000] {helpers.py:93} ERROR - Retrying! -1 attempts before skipping!
[2023-05-07T03:24:06.971+0000] {logging_mixin.py:137} INFO - Expecting value: line 1 column 1 (char 0)
[2023-05-07T03:24:06.972+0000] {helpers.py:92} ERROR - Expecting value: line 1 column 1 (char 0)
[2023-05-07T03:24:06.973+0000] {helpers.py:93} ERROR - Retrying! 9 attempts before skipping!
[2023-05-07T03:24:08.117+0000] {logging_mixin.py:137} INFO - Expecting value: line 1 column 1 (char 0)
[2023-05-07T03:24:08.119+0000] {helpers.py:92} ERROR - Expecting value: line 1 column 1 (char 0)
[2023-05-07T03:24:08.120+0000] {helpers.py:93} ERROR - Retrying! 8 attempts before skipping!
[2023-05-07T03:24:09.299+0000] {logging_mixin.py:137} INFO - Expecting value: line 1 column 1 (char 0)
[2023-05-07T03:24:09.300+0000] {helpers.py:92} ERROR - Expecting value: line 1 column 1 (char 0)
[2023-05-07T03:24:09.301+0000] {helpers.py:93} ERROR - Retrying! 7 attempts before skipping!
[2023-05-07T03:24:10.444+0000] {logging_mixin.py:137} INFO - Expecting value: line 1 column 1 (char 0)
[2023-05-07T03:24:10.446+0000] {helpers.py:92} ERROR - Expecting value: line 1 column 1 (char 0)
[2023-05-07T03:24:10.447+0000] {helpers.py:93} ERROR - Retrying! 6 attempts before skipping!
[2023-05-07T03:24:11.785+0000] {logging_mixin.py:137} INFO - Expecting value: line 1 column 1 (char 0)
[2023-05-07T03:24:11.786+0000] {helpers.py:92} ERROR - Expecting value: line 1 column 1 (char 0)
[2023-05-07T03:24:11.787+0000] {helpers.py:93} ERROR - Retrying! 5 attempts before skipping!
[2023-05-07T03:24:12.939+0000] {logging_mixin.py:137} INFO - Expecting value: line 1 column 1 (char 0)
[2023-05-07T03:24:12.940+0000] {helpers.py:92} ERROR - Expecting value: line 1 column 1 (char 0)
[2023-05-07T03:24:12.941+0000] {helpers.py:93} ERROR - Retrying! 4 attempts before skipping!
[2023-05-07T03:24:14.089+0000] {logging_mixin.py:137} INFO - Expecting value: line 1 column 1 (char 0)
[2023-05-07T03:24:14.090+0000] {helpers.py:92} ERROR - Expecting value: line 1 column 1 (char 0)
[2023-05-07T03:24:14.091+0000] {helpers.py:93} ERROR - Retrying! 3 attempts before skipping!
[2023-05-07T03:24:15.254+0000] {logging_mixin.py:137} INFO - Expecting value: line 1 column 1 (char 0)
[2023-05-07T03:24:15.255+0000] {helpers.py:92} ERROR - Expecting value: line 1 column 1 (char 0)
[2023-05-07T03:24:15.255+0000] {helpers.py:93} ERROR - Retrying! 2 attempts before skipping!
[2023-05-07T03:24:16.435+0000] {logging_mixin.py:137} INFO - Expecting value: line 1 column 1 (char 0)
[2023-05-07T03:24:16.466+0000] {helpers.py:92} ERROR - Expecting value: line 1 column 1 (char 0)
[2023-05-07T03:24:16.471+0000] {helpers.py:93} ERROR - Retrying! 1 attempts before skipping!
[2023-05-07T03:24:17.626+0000] {logging_mixin.py:137} INFO - Expecting value: line 1 column 1 (char 0)
[2023-05-07T03:24:17.627+0000] {helpers.py:92} ERROR - Expecting value: line 1 column 1 (char 0)
[2023-05-07T03:24:17.628+0000] {helpers.py:93} ERROR - Retrying! 0 attempts before skipping!
[2023-05-07T03:24:18.775+0000] {logging_mixin.py:137} INFO - Expecting value: line 1 column 1 (char 0)
[2023-05-07T03:24:18.777+0000] {helpers.py:92} ERROR - Expecting value: line 1 column 1 (char 0)
[2023-05-07T03:24:18.778+0000] {helpers.py:93} ERROR - Retrying! -1 attempts before skipping!
[2023-05-07T03:24:20.141+0000] {logging_mixin.py:137} INFO - Expecting value: line 1 column 1 (char 0)
[2023-05-07T03:24:20.143+0000] {helpers.py:92} ERROR - Expecting value: line 1 column 1 (char 0)
[2023-05-07T03:24:20.144+0000] {helpers.py:93} ERROR - Retrying! 9 attempts before skipping!
[2023-05-07T03:24:21.317+0000] {logging_mixin.py:137} INFO - Expecting value: line 1 column 1 (char 0)
[2023-05-07T03:24:21.318+0000] {helpers.py:92} ERROR - Expecting value: line 1 column 1 (char 0)
[2023-05-07T03:24:21.319+0000] {helpers.py:93} ERROR - Retrying! 8 attempts before skipping!
[2023-05-07T03:24:22.681+0000] {logging_mixin.py:137} INFO - Expecting value: line 1 column 1 (char 0)
[2023-05-07T03:24:22.682+0000] {helpers.py:92} ERROR - Expecting value: line 1 column 1 (char 0)
[2023-05-07T03:24:22.684+0000] {helpers.py:93} ERROR - Retrying! 7 attempts before skipping!
[2023-05-07T03:24:23.947+0000] {logging_mixin.py:137} INFO - Expecting value: line 1 column 1 (char 0)
[2023-05-07T03:24:23.949+0000] {helpers.py:92} ERROR - Expecting value: line 1 column 1 (char 0)
[2023-05-07T03:24:23.950+0000] {helpers.py:93} ERROR - Retrying! 6 attempts before skipping!
[2023-05-07T03:24:25.168+0000] {logging_mixin.py:137} INFO - Expecting value: line 1 column 1 (char 0)
[2023-05-07T03:24:25.179+0000] {helpers.py:92} ERROR - Expecting value: line 1 column 1 (char 0)
[2023-05-07T03:24:25.214+0000] {helpers.py:93} ERROR - Retrying! 5 attempts before skipping!
[2023-05-07T03:24:26.360+0000] {logging_mixin.py:137} INFO - Expecting value: line 1 column 1 (char 0)
[2023-05-07T03:24:26.361+0000] {helpers.py:92} ERROR - Expecting value: line 1 column 1 (char 0)
[2023-05-07T03:24:26.363+0000] {helpers.py:93} ERROR - Retrying! 4 attempts before skipping!
[2023-05-07T03:24:27.528+0000] {logging_mixin.py:137} INFO - Expecting value: line 1 column 1 (char 0)
[2023-05-07T03:24:27.529+0000] {helpers.py:92} ERROR - Expecting value: line 1 column 1 (char 0)
[2023-05-07T03:24:27.530+0000] {helpers.py:93} ERROR - Retrying! 3 attempts before skipping!
[2023-05-07T03:24:28.690+0000] {logging_mixin.py:137} INFO - Expecting value: line 1 column 1 (char 0)
[2023-05-07T03:24:28.692+0000] {helpers.py:92} ERROR - Expecting value: line 1 column 1 (char 0)
[2023-05-07T03:24:28.693+0000] {helpers.py:93} ERROR - Retrying! 2 attempts before skipping!
[2023-05-07T03:24:29.935+0000] {logging_mixin.py:137} INFO - Expecting value: line 1 column 1 (char 0)
[2023-05-07T03:24:29.936+0000] {helpers.py:92} ERROR - Expecting value: line 1 column 1 (char 0)
[2023-05-07T03:24:29.963+0000] {helpers.py:93} ERROR - Retrying! 1 attempts before skipping!
[2023-05-07T03:24:31.137+0000] {logging_mixin.py:137} INFO - Expecting value: line 1 column 1 (char 0)
[2023-05-07T03:24:31.138+0000] {helpers.py:92} ERROR - Expecting value: line 1 column 1 (char 0)
[2023-05-07T03:24:31.139+0000] {helpers.py:93} ERROR - Retrying! 0 attempts before skipping!
[2023-05-07T03:24:32.311+0000] {logging_mixin.py:137} INFO - Expecting value: line 1 column 1 (char 0)
[2023-05-07T03:24:32.312+0000] {helpers.py:92} ERROR - Expecting value: line 1 column 1 (char 0)
[2023-05-07T03:24:32.315+0000] {helpers.py:93} ERROR - Retrying! -1 attempts before skipping!
[2023-05-07T03:24:33.485+0000] {logging_mixin.py:137} INFO - Expecting value: line 1 column 1 (char 0)
[2023-05-07T03:24:33.486+0000] {helpers.py:92} ERROR - Expecting value: line 1 column 1 (char 0)
[2023-05-07T03:24:33.493+0000] {helpers.py:93} ERROR - Retrying! 9 attempts before skipping!
[2023-05-07T03:24:34.831+0000] {logging_mixin.py:137} INFO - Expecting value: line 1 column 1 (char 0)
[2023-05-07T03:24:34.832+0000] {helpers.py:92} ERROR - Expecting value: line 1 column 1 (char 0)
[2023-05-07T03:24:34.840+0000] {helpers.py:93} ERROR - Retrying! 8 attempts before skipping!
[2023-05-07T03:24:35.984+0000] {logging_mixin.py:137} INFO - Expecting value: line 1 column 1 (char 0)
[2023-05-07T03:24:35.991+0000] {helpers.py:92} ERROR - Expecting value: line 1 column 1 (char 0)
[2023-05-07T03:24:35.992+0000] {helpers.py:93} ERROR - Retrying! 7 attempts before skipping!
[2023-05-07T03:24:37.164+0000] {logging_mixin.py:137} INFO - Expecting value: line 1 column 1 (char 0)
[2023-05-07T03:24:37.166+0000] {helpers.py:92} ERROR - Expecting value: line 1 column 1 (char 0)
[2023-05-07T03:24:37.167+0000] {helpers.py:93} ERROR - Retrying! 6 attempts before skipping!
[2023-05-07T03:24:38.337+0000] {logging_mixin.py:137} INFO - Expecting value: line 1 column 1 (char 0)
[2023-05-07T03:24:38.338+0000] {helpers.py:92} ERROR - Expecting value: line 1 column 1 (char 0)
[2023-05-07T03:24:38.338+0000] {helpers.py:93} ERROR - Retrying! 5 attempts before skipping!
[2023-05-07T03:24:39.500+0000] {logging_mixin.py:137} INFO - Expecting value: line 1 column 1 (char 0)
[2023-05-07T03:24:39.502+0000] {helpers.py:92} ERROR - Expecting value: line 1 column 1 (char 0)
[2023-05-07T03:24:39.503+0000] {helpers.py:93} ERROR - Retrying! 4 attempts before skipping!
[2023-05-07T03:24:40.656+0000] {logging_mixin.py:137} INFO - Expecting value: line 1 column 1 (char 0)
[2023-05-07T03:24:40.658+0000] {helpers.py:92} ERROR - Expecting value: line 1 column 1 (char 0)
[2023-05-07T03:24:40.662+0000] {helpers.py:93} ERROR - Retrying! 3 attempts before skipping!
[2023-05-07T03:24:41.813+0000] {logging_mixin.py:137} INFO - Expecting value: line 1 column 1 (char 0)
[2023-05-07T03:24:41.814+0000] {helpers.py:92} ERROR - Expecting value: line 1 column 1 (char 0)
[2023-05-07T03:24:41.815+0000] {helpers.py:93} ERROR - Retrying! 2 attempts before skipping!
[2023-05-07T03:24:42.968+0000] {logging_mixin.py:137} INFO - Expecting value: line 1 column 1 (char 0)
[2023-05-07T03:24:42.969+0000] {helpers.py:92} ERROR - Expecting value: line 1 column 1 (char 0)
[2023-05-07T03:24:42.969+0000] {helpers.py:93} ERROR - Retrying! 1 attempts before skipping!
[2023-05-07T03:24:44.133+0000] {logging_mixin.py:137} INFO - Expecting value: line 1 column 1 (char 0)
[2023-05-07T03:24:44.134+0000] {helpers.py:92} ERROR - Expecting value: line 1 column 1 (char 0)
[2023-05-07T03:24:44.142+0000] {helpers.py:93} ERROR - Retrying! 0 attempts before skipping!
[2023-05-07T03:24:45.296+0000] {logging_mixin.py:137} INFO - Expecting value: line 1 column 1 (char 0)
[2023-05-07T03:24:45.322+0000] {helpers.py:92} ERROR - Expecting value: line 1 column 1 (char 0)
[2023-05-07T03:24:45.323+0000] {helpers.py:93} ERROR - Retrying! -1 attempts before skipping!
[2023-05-07T03:24:46.338+0000] {helpers.py:102} INFO - Saved in /opt/***/data/output_scrape_teams_25-30.csv
[2023-05-07T03:24:46.340+0000] {python.py:177} INFO - Done. Returned value was: None
[2023-05-07T03:24:46.357+0000] {taskinstance.py:1332} INFO - Marking task as SUCCESS. dag_id=scrape_and_save_to_csv, task_id=scrape_teams_25-30, execution_date=20220501T060000, start_date=20230507T032326, end_date=20230507T032446
[2023-05-07T03:24:46.402+0000] {local_task_job.py:212} INFO - Task exited with return code 0
[2023-05-07T03:24:46.435+0000] {taskinstance.py:2596} INFO - 0 downstream tasks scheduled from follow-on schedule check
[2023-05-07T03:50:38.694+0000] {taskinstance.py:1090} INFO - Dependencies all met for dep_context=non-requeueable deps ti=<TaskInstance: scrape_and_save_to_csv.scrape_teams_25-30 scheduled__2022-05-01T06:00:00+00:00 [queued]>
[2023-05-07T03:50:38.712+0000] {taskinstance.py:1090} INFO - Dependencies all met for dep_context=requeueable deps ti=<TaskInstance: scrape_and_save_to_csv.scrape_teams_25-30 scheduled__2022-05-01T06:00:00+00:00 [queued]>
[2023-05-07T03:50:38.743+0000] {taskinstance.py:1288} INFO - 
--------------------------------------------------------------------------------
[2023-05-07T03:50:38.745+0000] {taskinstance.py:1289} INFO - Starting attempt 1 of 1
[2023-05-07T03:50:38.747+0000] {taskinstance.py:1290} INFO - 
--------------------------------------------------------------------------------
[2023-05-07T03:50:38.758+0000] {taskinstance.py:1309} INFO - Executing <Task(PythonOperator): scrape_teams_25-30> on 2022-05-01 06:00:00+00:00
[2023-05-07T03:50:38.765+0000] {standard_task_runner.py:55} INFO - Started process 539 to run task
[2023-05-07T03:50:38.769+0000] {standard_task_runner.py:82} INFO - Running: ['***', 'tasks', 'run', 'scrape_and_save_to_csv', 'scrape_teams_25-30', 'scheduled__2022-05-01T06:00:00+00:00', '--job-id', '2854', '--raw', '--subdir', 'DAGS_FOLDER/scrape_and_push_dag.py', '--cfg-path', '/tmp/tmpivxios_2']
[2023-05-07T03:50:38.772+0000] {standard_task_runner.py:83} INFO - Job 2854: Subtask scrape_teams_25-30
[2023-05-07T03:50:38.864+0000] {task_command.py:389} INFO - Running <TaskInstance: scrape_and_save_to_csv.scrape_teams_25-30 scheduled__2022-05-01T06:00:00+00:00 [running]> on host 6589836e9c08
[2023-05-07T03:50:38.904+0000] {warnings.py:110} WARNING - /home/***/.local/lib/python3.7/site-packages/***/utils/context.py:205: AirflowContextDeprecationWarning: Accessing 'execution_date' from the template is deprecated and will be removed in a future version. Please use 'data_interval_start' or 'logical_date' instead.
  warnings.warn(_create_deprecation_warning(key, self._deprecation_replacements[key]))

[2023-05-07T03:50:38.942+0000] {taskinstance.py:1518} INFO - Exporting the following env vars:
AIRFLOW_CTX_DAG_OWNER=***
AIRFLOW_CTX_DAG_ID=scrape_and_save_to_csv
AIRFLOW_CTX_TASK_ID=scrape_teams_25-30
AIRFLOW_CTX_EXECUTION_DATE=2022-05-01T06:00:00+00:00
AIRFLOW_CTX_TRY_NUMBER=1
AIRFLOW_CTX_DAG_RUN_ID=scheduled__2022-05-01T06:00:00+00:00
[2023-05-07T03:50:39.306+0000] {logging_mixin.py:137} INFO - Expecting value: line 1 column 1 (char 0)
[2023-05-07T03:50:39.311+0000] {helpers.py:92} ERROR - Expecting value: line 1 column 1 (char 0)
[2023-05-07T03:50:39.313+0000] {helpers.py:93} ERROR - Retrying! 9 attempts before skipping!
[2023-05-07T03:50:40.713+0000] {logging_mixin.py:137} INFO - Expecting value: line 1 column 1 (char 0)
[2023-05-07T03:50:40.714+0000] {helpers.py:92} ERROR - Expecting value: line 1 column 1 (char 0)
[2023-05-07T03:50:40.715+0000] {helpers.py:93} ERROR - Retrying! 8 attempts before skipping!
[2023-05-07T03:50:42.126+0000] {logging_mixin.py:137} INFO - Expecting value: line 1 column 1 (char 0)
[2023-05-07T03:50:42.135+0000] {helpers.py:92} ERROR - Expecting value: line 1 column 1 (char 0)
[2023-05-07T03:50:42.137+0000] {helpers.py:93} ERROR - Retrying! 7 attempts before skipping!
[2023-05-07T03:50:43.407+0000] {logging_mixin.py:137} INFO - Expecting value: line 1 column 1 (char 0)
[2023-05-07T03:50:43.733+0000] {helpers.py:92} ERROR - Expecting value: line 1 column 1 (char 0)
[2023-05-07T03:50:43.781+0000] {helpers.py:93} ERROR - Retrying! 6 attempts before skipping!
[2023-05-07T03:50:44.967+0000] {logging_mixin.py:137} INFO - Expecting value: line 1 column 1 (char 0)
[2023-05-07T03:50:44.969+0000] {helpers.py:92} ERROR - Expecting value: line 1 column 1 (char 0)
[2023-05-07T03:50:44.970+0000] {helpers.py:93} ERROR - Retrying! 5 attempts before skipping!
[2023-05-07T03:50:46.345+0000] {logging_mixin.py:137} INFO - Expecting value: line 1 column 1 (char 0)
[2023-05-07T03:50:46.346+0000] {helpers.py:92} ERROR - Expecting value: line 1 column 1 (char 0)
[2023-05-07T03:50:46.348+0000] {helpers.py:93} ERROR - Retrying! 4 attempts before skipping!
[2023-05-07T03:50:47.828+0000] {logging_mixin.py:137} INFO - Expecting value: line 1 column 1 (char 0)
[2023-05-07T03:50:47.833+0000] {helpers.py:92} ERROR - Expecting value: line 1 column 1 (char 0)
[2023-05-07T03:50:47.848+0000] {helpers.py:93} ERROR - Retrying! 3 attempts before skipping!
[2023-05-07T03:50:49.045+0000] {logging_mixin.py:137} INFO - Expecting value: line 1 column 1 (char 0)
[2023-05-07T03:50:49.048+0000] {helpers.py:92} ERROR - Expecting value: line 1 column 1 (char 0)
[2023-05-07T03:50:49.051+0000] {helpers.py:93} ERROR - Retrying! 2 attempts before skipping!
[2023-05-07T03:50:50.259+0000] {logging_mixin.py:137} INFO - Expecting value: line 1 column 1 (char 0)
[2023-05-07T03:50:50.263+0000] {helpers.py:92} ERROR - Expecting value: line 1 column 1 (char 0)
[2023-05-07T03:50:50.266+0000] {helpers.py:93} ERROR - Retrying! 1 attempts before skipping!
[2023-05-07T03:50:51.714+0000] {logging_mixin.py:137} INFO - Expecting value: line 1 column 1 (char 0)
[2023-05-07T03:50:51.723+0000] {helpers.py:92} ERROR - Expecting value: line 1 column 1 (char 0)
[2023-05-07T03:50:51.724+0000] {helpers.py:93} ERROR - Retrying! 0 attempts before skipping!
[2023-05-07T03:50:52.934+0000] {logging_mixin.py:137} INFO - Expecting value: line 1 column 1 (char 0)
[2023-05-07T03:50:52.942+0000] {helpers.py:92} ERROR - Expecting value: line 1 column 1 (char 0)
[2023-05-07T03:50:52.944+0000] {helpers.py:93} ERROR - Retrying! -1 attempts before skipping!
[2023-05-07T03:50:54.319+0000] {logging_mixin.py:137} INFO - Expecting value: line 1 column 1 (char 0)
[2023-05-07T03:50:54.321+0000] {helpers.py:92} ERROR - Expecting value: line 1 column 1 (char 0)
[2023-05-07T03:50:54.323+0000] {helpers.py:93} ERROR - Retrying! 9 attempts before skipping!
[2023-05-07T03:50:55.496+0000] {logging_mixin.py:137} INFO - Expecting value: line 1 column 1 (char 0)
[2023-05-07T03:50:55.505+0000] {helpers.py:92} ERROR - Expecting value: line 1 column 1 (char 0)
[2023-05-07T03:50:55.506+0000] {helpers.py:93} ERROR - Retrying! 8 attempts before skipping!
[2023-05-07T03:50:56.887+0000] {logging_mixin.py:137} INFO - Expecting value: line 1 column 1 (char 0)
[2023-05-07T03:50:56.889+0000] {helpers.py:92} ERROR - Expecting value: line 1 column 1 (char 0)
[2023-05-07T03:50:56.890+0000] {helpers.py:93} ERROR - Retrying! 7 attempts before skipping!
[2023-05-07T03:50:58.311+0000] {logging_mixin.py:137} INFO - Expecting value: line 1 column 1 (char 0)
[2023-05-07T03:50:58.314+0000] {helpers.py:92} ERROR - Expecting value: line 1 column 1 (char 0)
[2023-05-07T03:50:58.317+0000] {helpers.py:93} ERROR - Retrying! 6 attempts before skipping!
[2023-05-07T03:50:59.694+0000] {logging_mixin.py:137} INFO - Expecting value: line 1 column 1 (char 0)
[2023-05-07T03:50:59.697+0000] {helpers.py:92} ERROR - Expecting value: line 1 column 1 (char 0)
[2023-05-07T03:50:59.698+0000] {helpers.py:93} ERROR - Retrying! 5 attempts before skipping!
[2023-05-07T03:51:00.859+0000] {logging_mixin.py:137} INFO - Expecting value: line 1 column 1 (char 0)
[2023-05-07T03:51:00.862+0000] {helpers.py:92} ERROR - Expecting value: line 1 column 1 (char 0)
[2023-05-07T03:51:00.865+0000] {helpers.py:93} ERROR - Retrying! 4 attempts before skipping!
[2023-05-07T03:51:02.215+0000] {logging_mixin.py:137} INFO - Expecting value: line 1 column 1 (char 0)
[2023-05-07T03:51:02.217+0000] {helpers.py:92} ERROR - Expecting value: line 1 column 1 (char 0)
[2023-05-07T03:51:02.218+0000] {helpers.py:93} ERROR - Retrying! 3 attempts before skipping!
[2023-05-07T03:51:03.366+0000] {logging_mixin.py:137} INFO - Expecting value: line 1 column 1 (char 0)
[2023-05-07T03:51:03.370+0000] {helpers.py:92} ERROR - Expecting value: line 1 column 1 (char 0)
[2023-05-07T03:51:03.372+0000] {helpers.py:93} ERROR - Retrying! 2 attempts before skipping!
[2023-05-07T03:51:04.628+0000] {logging_mixin.py:137} INFO - Expecting value: line 1 column 1 (char 0)
[2023-05-07T03:51:04.629+0000] {helpers.py:92} ERROR - Expecting value: line 1 column 1 (char 0)
[2023-05-07T03:51:04.640+0000] {helpers.py:93} ERROR - Retrying! 1 attempts before skipping!
[2023-05-07T03:51:05.997+0000] {logging_mixin.py:137} INFO - Expecting value: line 1 column 1 (char 0)
[2023-05-07T03:51:05.999+0000] {helpers.py:92} ERROR - Expecting value: line 1 column 1 (char 0)
[2023-05-07T03:51:06.002+0000] {helpers.py:93} ERROR - Retrying! 0 attempts before skipping!
[2023-05-07T03:51:07.168+0000] {logging_mixin.py:137} INFO - Expecting value: line 1 column 1 (char 0)
[2023-05-07T03:51:07.169+0000] {helpers.py:92} ERROR - Expecting value: line 1 column 1 (char 0)
[2023-05-07T03:51:07.171+0000] {helpers.py:93} ERROR - Retrying! -1 attempts before skipping!
[2023-05-07T03:51:08.516+0000] {logging_mixin.py:137} INFO - Expecting value: line 1 column 1 (char 0)
[2023-05-07T03:51:08.522+0000] {helpers.py:92} ERROR - Expecting value: line 1 column 1 (char 0)
[2023-05-07T03:51:08.527+0000] {helpers.py:93} ERROR - Retrying! 9 attempts before skipping!
[2023-05-07T03:51:10.077+0000] {logging_mixin.py:137} INFO - Expecting value: line 1 column 1 (char 0)
[2023-05-07T03:51:10.078+0000] {helpers.py:92} ERROR - Expecting value: line 1 column 1 (char 0)
[2023-05-07T03:51:10.079+0000] {helpers.py:93} ERROR - Retrying! 8 attempts before skipping!
[2023-05-07T03:51:11.232+0000] {logging_mixin.py:137} INFO - Expecting value: line 1 column 1 (char 0)
[2023-05-07T03:51:11.233+0000] {helpers.py:92} ERROR - Expecting value: line 1 column 1 (char 0)
[2023-05-07T03:51:11.233+0000] {helpers.py:93} ERROR - Retrying! 7 attempts before skipping!
[2023-05-07T03:51:12.601+0000] {logging_mixin.py:137} INFO - Expecting value: line 1 column 1 (char 0)
[2023-05-07T03:51:12.603+0000] {helpers.py:92} ERROR - Expecting value: line 1 column 1 (char 0)
[2023-05-07T03:51:12.605+0000] {helpers.py:93} ERROR - Retrying! 6 attempts before skipping!
[2023-05-07T03:51:14.039+0000] {logging_mixin.py:137} INFO - Expecting value: line 1 column 1 (char 0)
[2023-05-07T03:51:14.041+0000] {helpers.py:92} ERROR - Expecting value: line 1 column 1 (char 0)
[2023-05-07T03:51:14.043+0000] {helpers.py:93} ERROR - Retrying! 5 attempts before skipping!
[2023-05-07T03:51:15.259+0000] {logging_mixin.py:137} INFO - Expecting value: line 1 column 1 (char 0)
[2023-05-07T03:51:15.261+0000] {helpers.py:92} ERROR - Expecting value: line 1 column 1 (char 0)
[2023-05-07T03:51:15.263+0000] {helpers.py:93} ERROR - Retrying! 4 attempts before skipping!
[2023-05-07T03:51:16.902+0000] {helpers.py:86} INFO - San Antonio Spurs: Successfully scraped!
[2023-05-07T03:51:17.315+0000] {logging_mixin.py:137} INFO - Expecting value: line 1 column 1 (char 0)
[2023-05-07T03:51:17.318+0000] {helpers.py:92} ERROR - Expecting value: line 1 column 1 (char 0)
[2023-05-07T03:51:17.321+0000] {helpers.py:93} ERROR - Retrying! 9 attempts before skipping!
[2023-05-07T03:51:18.759+0000] {logging_mixin.py:137} INFO - Expecting value: line 1 column 1 (char 0)
[2023-05-07T03:51:18.764+0000] {helpers.py:92} ERROR - Expecting value: line 1 column 1 (char 0)
[2023-05-07T03:51:18.768+0000] {helpers.py:93} ERROR - Retrying! 8 attempts before skipping!
[2023-05-07T03:51:20.195+0000] {logging_mixin.py:137} INFO - Expecting value: line 1 column 1 (char 0)
[2023-05-07T03:51:20.197+0000] {helpers.py:92} ERROR - Expecting value: line 1 column 1 (char 0)
[2023-05-07T03:51:20.199+0000] {helpers.py:93} ERROR - Retrying! 7 attempts before skipping!
[2023-05-07T03:51:21.404+0000] {logging_mixin.py:137} INFO - Expecting value: line 1 column 1 (char 0)
[2023-05-07T03:51:21.406+0000] {helpers.py:92} ERROR - Expecting value: line 1 column 1 (char 0)
[2023-05-07T03:51:21.407+0000] {helpers.py:93} ERROR - Retrying! 6 attempts before skipping!
[2023-05-07T03:51:22.795+0000] {logging_mixin.py:137} INFO - Expecting value: line 1 column 1 (char 0)
[2023-05-07T03:51:22.798+0000] {helpers.py:92} ERROR - Expecting value: line 1 column 1 (char 0)
[2023-05-07T03:51:22.843+0000] {helpers.py:93} ERROR - Retrying! 5 attempts before skipping!
[2023-05-07T03:51:24.183+0000] {logging_mixin.py:137} INFO - Expecting value: line 1 column 1 (char 0)
[2023-05-07T03:51:24.189+0000] {helpers.py:92} ERROR - Expecting value: line 1 column 1 (char 0)
[2023-05-07T03:51:24.194+0000] {helpers.py:93} ERROR - Retrying! 4 attempts before skipping!
[2023-05-07T03:51:25.439+0000] {logging_mixin.py:137} INFO - Expecting value: line 1 column 1 (char 0)
[2023-05-07T03:51:25.450+0000] {helpers.py:92} ERROR - Expecting value: line 1 column 1 (char 0)
[2023-05-07T03:51:25.451+0000] {helpers.py:93} ERROR - Retrying! 3 attempts before skipping!
[2023-05-07T03:51:26.729+0000] {logging_mixin.py:137} INFO - Expecting value: line 1 column 1 (char 0)
[2023-05-07T03:51:26.730+0000] {helpers.py:92} ERROR - Expecting value: line 1 column 1 (char 0)
[2023-05-07T03:51:26.732+0000] {helpers.py:93} ERROR - Retrying! 2 attempts before skipping!
[2023-05-07T03:51:27.959+0000] {logging_mixin.py:137} INFO - Expecting value: line 1 column 1 (char 0)
[2023-05-07T03:51:27.965+0000] {helpers.py:92} ERROR - Expecting value: line 1 column 1 (char 0)
[2023-05-07T03:51:27.966+0000] {helpers.py:93} ERROR - Retrying! 1 attempts before skipping!
[2023-05-07T03:51:29.312+0000] {logging_mixin.py:137} INFO - Expecting value: line 1 column 1 (char 0)
[2023-05-07T03:51:29.314+0000] {helpers.py:92} ERROR - Expecting value: line 1 column 1 (char 0)
[2023-05-07T03:51:29.315+0000] {helpers.py:93} ERROR - Retrying! 0 attempts before skipping!
[2023-05-07T03:51:30.684+0000] {helpers.py:86} INFO - Toronto Raptors: Successfully scraped!
[2023-05-07T03:51:31.072+0000] {logging_mixin.py:137} INFO - Expecting value: line 1 column 1 (char 0)
[2023-05-07T03:51:31.073+0000] {helpers.py:92} ERROR - Expecting value: line 1 column 1 (char 0)
[2023-05-07T03:51:31.074+0000] {helpers.py:93} ERROR - Retrying! 9 attempts before skipping!
[2023-05-07T03:51:32.488+0000] {logging_mixin.py:137} INFO - Expecting value: line 1 column 1 (char 0)
[2023-05-07T03:51:32.492+0000] {helpers.py:92} ERROR - Expecting value: line 1 column 1 (char 0)
[2023-05-07T03:51:32.543+0000] {helpers.py:93} ERROR - Retrying! 8 attempts before skipping!
[2023-05-07T03:51:33.971+0000] {logging_mixin.py:137} INFO - Expecting value: line 1 column 1 (char 0)
[2023-05-07T03:51:33.974+0000] {helpers.py:92} ERROR - Expecting value: line 1 column 1 (char 0)
[2023-05-07T03:51:33.978+0000] {helpers.py:93} ERROR - Retrying! 7 attempts before skipping!
[2023-05-07T03:51:35.190+0000] {logging_mixin.py:137} INFO - Expecting value: line 1 column 1 (char 0)
[2023-05-07T03:51:35.196+0000] {helpers.py:92} ERROR - Expecting value: line 1 column 1 (char 0)
[2023-05-07T03:51:35.225+0000] {helpers.py:93} ERROR - Retrying! 6 attempts before skipping!
[2023-05-07T03:51:36.764+0000] {logging_mixin.py:137} INFO - Expecting value: line 1 column 1 (char 0)
[2023-05-07T03:51:36.765+0000] {helpers.py:92} ERROR - Expecting value: line 1 column 1 (char 0)
[2023-05-07T03:51:36.766+0000] {helpers.py:93} ERROR - Retrying! 5 attempts before skipping!
[2023-05-07T03:51:38.202+0000] {logging_mixin.py:137} INFO - Expecting value: line 1 column 1 (char 0)
[2023-05-07T03:51:38.205+0000] {helpers.py:92} ERROR - Expecting value: line 1 column 1 (char 0)
[2023-05-07T03:51:38.217+0000] {helpers.py:93} ERROR - Retrying! 4 attempts before skipping!
[2023-05-07T03:51:39.909+0000] {helpers.py:86} INFO - Utah Jazz: Successfully scraped!
[2023-05-07T03:51:40.384+0000] {logging_mixin.py:137} INFO - Expecting value: line 1 column 1 (char 0)
[2023-05-07T03:51:40.386+0000] {helpers.py:92} ERROR - Expecting value: line 1 column 1 (char 0)
[2023-05-07T03:51:40.388+0000] {helpers.py:93} ERROR - Retrying! 9 attempts before skipping!
[2023-05-07T03:51:41.831+0000] {logging_mixin.py:137} INFO - Expecting value: line 1 column 1 (char 0)
[2023-05-07T03:51:41.840+0000] {helpers.py:92} ERROR - Expecting value: line 1 column 1 (char 0)
[2023-05-07T03:51:41.842+0000] {helpers.py:93} ERROR - Retrying! 8 attempts before skipping!
[2023-05-07T03:51:43.269+0000] {logging_mixin.py:137} INFO - Expecting value: line 1 column 1 (char 0)
[2023-05-07T03:51:43.271+0000] {helpers.py:92} ERROR - Expecting value: line 1 column 1 (char 0)
[2023-05-07T03:51:43.274+0000] {helpers.py:93} ERROR - Retrying! 7 attempts before skipping!
[2023-05-07T03:51:44.481+0000] {logging_mixin.py:137} INFO - Expecting value: line 1 column 1 (char 0)
[2023-05-07T03:51:44.487+0000] {helpers.py:92} ERROR - Expecting value: line 1 column 1 (char 0)
[2023-05-07T03:51:44.490+0000] {helpers.py:93} ERROR - Retrying! 6 attempts before skipping!
[2023-05-07T03:51:45.781+0000] {logging_mixin.py:137} INFO - Expecting value: line 1 column 1 (char 0)
[2023-05-07T03:51:45.783+0000] {helpers.py:92} ERROR - Expecting value: line 1 column 1 (char 0)
[2023-05-07T03:51:45.785+0000] {helpers.py:93} ERROR - Retrying! 5 attempts before skipping!
[2023-05-07T03:51:47.067+0000] {logging_mixin.py:137} INFO - Expecting value: line 1 column 1 (char 0)
[2023-05-07T03:51:47.069+0000] {helpers.py:92} ERROR - Expecting value: line 1 column 1 (char 0)
[2023-05-07T03:51:47.075+0000] {helpers.py:93} ERROR - Retrying! 4 attempts before skipping!
[2023-05-07T03:51:48.340+0000] {logging_mixin.py:137} INFO - Expecting value: line 1 column 1 (char 0)
[2023-05-07T03:51:48.344+0000] {helpers.py:92} ERROR - Expecting value: line 1 column 1 (char 0)
[2023-05-07T03:51:48.348+0000] {helpers.py:93} ERROR - Retrying! 3 attempts before skipping!
[2023-05-07T03:51:49.862+0000] {logging_mixin.py:137} INFO - Expecting value: line 1 column 1 (char 0)
[2023-05-07T03:51:49.863+0000] {helpers.py:92} ERROR - Expecting value: line 1 column 1 (char 0)
[2023-05-07T03:51:49.864+0000] {helpers.py:93} ERROR - Retrying! 2 attempts before skipping!
[2023-05-07T03:51:51.038+0000] {logging_mixin.py:137} INFO - Expecting value: line 1 column 1 (char 0)
[2023-05-07T03:51:51.039+0000] {helpers.py:92} ERROR - Expecting value: line 1 column 1 (char 0)
[2023-05-07T03:51:51.042+0000] {helpers.py:93} ERROR - Retrying! 1 attempts before skipping!
[2023-05-07T03:51:52.309+0000] {logging_mixin.py:137} INFO - Expecting value: line 1 column 1 (char 0)
[2023-05-07T03:51:52.311+0000] {helpers.py:92} ERROR - Expecting value: line 1 column 1 (char 0)
[2023-05-07T03:51:52.313+0000] {helpers.py:93} ERROR - Retrying! 0 attempts before skipping!
[2023-05-07T03:51:53.884+0000] {logging_mixin.py:137} INFO - Expecting value: line 1 column 1 (char 0)
[2023-05-07T03:51:53.886+0000] {helpers.py:92} ERROR - Expecting value: line 1 column 1 (char 0)
[2023-05-07T03:51:53.888+0000] {helpers.py:93} ERROR - Retrying! -1 attempts before skipping!
[2023-05-07T03:51:54.906+0000] {helpers.py:102} INFO - Saved in /opt/***/data/output_scrape_teams_25-30.csv
[2023-05-07T03:51:54.907+0000] {python.py:177} INFO - Done. Returned value was: None
[2023-05-07T03:51:54.930+0000] {taskinstance.py:1332} INFO - Marking task as SUCCESS. dag_id=scrape_and_save_to_csv, task_id=scrape_teams_25-30, execution_date=20220501T060000, start_date=20230507T035038, end_date=20230507T035154
[2023-05-07T03:51:55.005+0000] {local_task_job.py:212} INFO - Task exited with return code 0
[2023-05-07T03:51:55.028+0000] {taskinstance.py:2596} INFO - 0 downstream tasks scheduled from follow-on schedule check
[2023-05-07T05:25:18.375+0000] {taskinstance.py:1090} INFO - Dependencies all met for dep_context=non-requeueable deps ti=<TaskInstance: scrape_and_save_to_csv.scrape_teams_25-30 scheduled__2022-05-01T06:00:00+00:00 [queued]>
[2023-05-07T05:25:18.386+0000] {taskinstance.py:1090} INFO - Dependencies all met for dep_context=requeueable deps ti=<TaskInstance: scrape_and_save_to_csv.scrape_teams_25-30 scheduled__2022-05-01T06:00:00+00:00 [queued]>
[2023-05-07T05:25:18.389+0000] {taskinstance.py:1288} INFO - 
--------------------------------------------------------------------------------
[2023-05-07T05:25:18.390+0000] {taskinstance.py:1289} INFO - Starting attempt 1 of 1
[2023-05-07T05:25:18.392+0000] {taskinstance.py:1290} INFO - 
--------------------------------------------------------------------------------
[2023-05-07T05:25:18.403+0000] {taskinstance.py:1309} INFO - Executing <Task(PythonOperator): scrape_teams_25-30> on 2022-05-01 06:00:00+00:00
[2023-05-07T05:25:18.411+0000] {standard_task_runner.py:55} INFO - Started process 2522 to run task
[2023-05-07T05:25:18.415+0000] {standard_task_runner.py:82} INFO - Running: ['***', 'tasks', 'run', 'scrape_and_save_to_csv', 'scrape_teams_25-30', 'scheduled__2022-05-01T06:00:00+00:00', '--job-id', '2926', '--raw', '--subdir', 'DAGS_FOLDER/scrape_and_push_dag.py', '--cfg-path', '/tmp/tmpex5ky725']
[2023-05-07T05:25:18.419+0000] {standard_task_runner.py:83} INFO - Job 2926: Subtask scrape_teams_25-30
[2023-05-07T05:25:18.540+0000] {task_command.py:389} INFO - Running <TaskInstance: scrape_and_save_to_csv.scrape_teams_25-30 scheduled__2022-05-01T06:00:00+00:00 [running]> on host 6589836e9c08
[2023-05-07T05:25:18.578+0000] {warnings.py:110} WARNING - /home/***/.local/lib/python3.7/site-packages/***/utils/context.py:205: AirflowContextDeprecationWarning: Accessing 'execution_date' from the template is deprecated and will be removed in a future version. Please use 'data_interval_start' or 'logical_date' instead.
  warnings.warn(_create_deprecation_warning(key, self._deprecation_replacements[key]))

[2023-05-07T05:25:18.627+0000] {taskinstance.py:1518} INFO - Exporting the following env vars:
AIRFLOW_CTX_DAG_OWNER=***
AIRFLOW_CTX_DAG_ID=scrape_and_save_to_csv
AIRFLOW_CTX_TASK_ID=scrape_teams_25-30
AIRFLOW_CTX_EXECUTION_DATE=2022-05-01T06:00:00+00:00
AIRFLOW_CTX_TRY_NUMBER=1
AIRFLOW_CTX_DAG_RUN_ID=scheduled__2022-05-01T06:00:00+00:00
[2023-05-07T05:25:23.800+0000] {helpers.py:86} INFO - Portland Trail Blazers: Successfully scraped!
[2023-05-07T05:25:24.155+0000] {logging_mixin.py:137} INFO - Expecting value: line 1 column 1 (char 0)
[2023-05-07T05:25:24.161+0000] {helpers.py:92} ERROR - Expecting value: line 1 column 1 (char 0)
[2023-05-07T05:25:24.165+0000] {helpers.py:93} ERROR - Retrying! 9 attempts before skipping!
[2023-05-07T05:25:25.318+0000] {logging_mixin.py:137} INFO - Expecting value: line 1 column 1 (char 0)
[2023-05-07T05:25:25.327+0000] {helpers.py:92} ERROR - Expecting value: line 1 column 1 (char 0)
[2023-05-07T05:25:25.329+0000] {helpers.py:93} ERROR - Retrying! 8 attempts before skipping!
[2023-05-07T05:25:53.379+0000] {logging_mixin.py:137} INFO - Expecting value: line 1 column 1 (char 0)
[2023-05-07T05:25:53.381+0000] {helpers.py:92} ERROR - Expecting value: line 1 column 1 (char 0)
[2023-05-07T05:25:53.382+0000] {helpers.py:93} ERROR - Retrying! 7 attempts before skipping!
[2023-05-07T05:25:54.698+0000] {logging_mixin.py:137} INFO - Expecting value: line 1 column 1 (char 0)
[2023-05-07T05:25:54.699+0000] {helpers.py:92} ERROR - Expecting value: line 1 column 1 (char 0)
[2023-05-07T05:25:54.700+0000] {helpers.py:93} ERROR - Retrying! 6 attempts before skipping!
[2023-05-07T05:25:55.939+0000] {logging_mixin.py:137} INFO - Expecting value: line 1 column 1 (char 0)
[2023-05-07T05:25:55.941+0000] {helpers.py:92} ERROR - Expecting value: line 1 column 1 (char 0)
[2023-05-07T05:25:55.943+0000] {helpers.py:93} ERROR - Retrying! 5 attempts before skipping!
[2023-05-07T05:25:57.178+0000] {logging_mixin.py:137} INFO - Expecting value: line 1 column 1 (char 0)
[2023-05-07T05:25:57.180+0000] {helpers.py:92} ERROR - Expecting value: line 1 column 1 (char 0)
[2023-05-07T05:25:57.184+0000] {helpers.py:93} ERROR - Retrying! 4 attempts before skipping!
[2023-05-07T05:25:58.385+0000] {logging_mixin.py:137} INFO - Expecting value: line 1 column 1 (char 0)
[2023-05-07T05:25:58.389+0000] {helpers.py:92} ERROR - Expecting value: line 1 column 1 (char 0)
[2023-05-07T05:25:58.392+0000] {helpers.py:93} ERROR - Retrying! 3 attempts before skipping!
[2023-05-07T05:25:59.725+0000] {logging_mixin.py:137} INFO - Expecting value: line 1 column 1 (char 0)
[2023-05-07T05:25:59.726+0000] {helpers.py:92} ERROR - Expecting value: line 1 column 1 (char 0)
[2023-05-07T05:25:59.728+0000] {helpers.py:93} ERROR - Retrying! 2 attempts before skipping!
[2023-05-07T05:26:01.014+0000] {logging_mixin.py:137} INFO - Expecting value: line 1 column 1 (char 0)
[2023-05-07T05:26:01.026+0000] {helpers.py:92} ERROR - Expecting value: line 1 column 1 (char 0)
[2023-05-07T05:26:01.027+0000] {helpers.py:93} ERROR - Retrying! 1 attempts before skipping!
[2023-05-07T05:26:02.185+0000] {logging_mixin.py:137} INFO - Expecting value: line 1 column 1 (char 0)
[2023-05-07T05:26:02.186+0000] {helpers.py:92} ERROR - Expecting value: line 1 column 1 (char 0)
[2023-05-07T05:26:02.188+0000] {helpers.py:93} ERROR - Retrying! 0 attempts before skipping!
[2023-05-07T05:26:03.352+0000] {logging_mixin.py:137} INFO - Expecting value: line 1 column 1 (char 0)
[2023-05-07T05:26:03.355+0000] {helpers.py:92} ERROR - Expecting value: line 1 column 1 (char 0)
[2023-05-07T05:26:03.359+0000] {helpers.py:93} ERROR - Retrying! -1 attempts before skipping!
[2023-05-07T05:26:04.884+0000] {logging_mixin.py:137} INFO - Expecting value: line 1 column 1 (char 0)
[2023-05-07T05:26:04.885+0000] {helpers.py:92} ERROR - Expecting value: line 1 column 1 (char 0)
[2023-05-07T05:26:04.886+0000] {helpers.py:93} ERROR - Retrying! 9 attempts before skipping!
[2023-05-07T05:26:06.731+0000] {logging_mixin.py:137} INFO - Expecting value: line 1 column 1 (char 0)
[2023-05-07T05:26:06.735+0000] {helpers.py:92} ERROR - Expecting value: line 1 column 1 (char 0)
[2023-05-07T05:26:06.739+0000] {helpers.py:93} ERROR - Retrying! 8 attempts before skipping!
[2023-05-07T05:26:08.063+0000] {logging_mixin.py:137} INFO - Expecting value: line 1 column 1 (char 0)
[2023-05-07T05:26:08.065+0000] {helpers.py:92} ERROR - Expecting value: line 1 column 1 (char 0)
[2023-05-07T05:26:08.066+0000] {helpers.py:93} ERROR - Retrying! 7 attempts before skipping!
[2023-05-07T05:26:09.426+0000] {logging_mixin.py:137} INFO - Expecting value: line 1 column 1 (char 0)
[2023-05-07T05:26:09.436+0000] {helpers.py:92} ERROR - Expecting value: line 1 column 1 (char 0)
[2023-05-07T05:26:09.438+0000] {helpers.py:93} ERROR - Retrying! 6 attempts before skipping!
[2023-05-07T05:26:12.690+0000] {logging_mixin.py:137} INFO - Expecting value: line 1 column 1 (char 0)
[2023-05-07T05:26:12.708+0000] {helpers.py:92} ERROR - Expecting value: line 1 column 1 (char 0)
[2023-05-07T05:26:12.768+0000] {helpers.py:93} ERROR - Retrying! 5 attempts before skipping!
[2023-05-07T05:26:13.948+0000] {logging_mixin.py:137} INFO - Expecting value: line 1 column 1 (char 0)
[2023-05-07T05:26:13.950+0000] {helpers.py:92} ERROR - Expecting value: line 1 column 1 (char 0)
[2023-05-07T05:26:13.953+0000] {helpers.py:93} ERROR - Retrying! 4 attempts before skipping!
[2023-05-07T05:26:15.211+0000] {logging_mixin.py:137} INFO - Expecting value: line 1 column 1 (char 0)
[2023-05-07T05:26:15.212+0000] {helpers.py:92} ERROR - Expecting value: line 1 column 1 (char 0)
[2023-05-07T05:26:15.213+0000] {helpers.py:93} ERROR - Retrying! 3 attempts before skipping!
[2023-05-07T05:26:16.381+0000] {logging_mixin.py:137} INFO - Expecting value: line 1 column 1 (char 0)
[2023-05-07T05:26:16.416+0000] {helpers.py:92} ERROR - Expecting value: line 1 column 1 (char 0)
[2023-05-07T05:26:16.420+0000] {helpers.py:93} ERROR - Retrying! 2 attempts before skipping!
[2023-05-07T05:26:17.576+0000] {logging_mixin.py:137} INFO - Expecting value: line 1 column 1 (char 0)
[2023-05-07T05:26:17.584+0000] {helpers.py:92} ERROR - Expecting value: line 1 column 1 (char 0)
[2023-05-07T05:26:17.622+0000] {helpers.py:93} ERROR - Retrying! 1 attempts before skipping!
[2023-05-07T05:26:18.798+0000] {logging_mixin.py:137} INFO - Expecting value: line 1 column 1 (char 0)
[2023-05-07T05:26:18.801+0000] {helpers.py:92} ERROR - Expecting value: line 1 column 1 (char 0)
[2023-05-07T05:26:18.816+0000] {helpers.py:93} ERROR - Retrying! 0 attempts before skipping!
[2023-05-07T05:26:20.104+0000] {logging_mixin.py:137} INFO - Expecting value: line 1 column 1 (char 0)
[2023-05-07T05:26:20.105+0000] {helpers.py:92} ERROR - Expecting value: line 1 column 1 (char 0)
[2023-05-07T05:26:20.106+0000] {helpers.py:93} ERROR - Retrying! -1 attempts before skipping!
[2023-05-07T05:26:21.547+0000] {logging_mixin.py:137} INFO - Expecting value: line 1 column 1 (char 0)
[2023-05-07T05:26:21.548+0000] {helpers.py:92} ERROR - Expecting value: line 1 column 1 (char 0)
[2023-05-07T05:26:21.549+0000] {helpers.py:93} ERROR - Retrying! 9 attempts before skipping!
[2023-05-07T05:26:22.880+0000] {logging_mixin.py:137} INFO - Expecting value: line 1 column 1 (char 0)
[2023-05-07T05:26:22.881+0000] {helpers.py:92} ERROR - Expecting value: line 1 column 1 (char 0)
[2023-05-07T05:26:22.883+0000] {helpers.py:93} ERROR - Retrying! 8 attempts before skipping!
[2023-05-07T05:26:24.036+0000] {logging_mixin.py:137} INFO - Expecting value: line 1 column 1 (char 0)
[2023-05-07T05:26:24.037+0000] {helpers.py:92} ERROR - Expecting value: line 1 column 1 (char 0)
[2023-05-07T05:26:24.039+0000] {helpers.py:93} ERROR - Retrying! 7 attempts before skipping!
[2023-05-07T05:26:25.373+0000] {logging_mixin.py:137} INFO - Expecting value: line 1 column 1 (char 0)
[2023-05-07T05:26:25.374+0000] {helpers.py:92} ERROR - Expecting value: line 1 column 1 (char 0)
[2023-05-07T05:26:25.376+0000] {helpers.py:93} ERROR - Retrying! 6 attempts before skipping!
[2023-05-07T05:26:26.529+0000] {logging_mixin.py:137} INFO - Expecting value: line 1 column 1 (char 0)
[2023-05-07T05:26:26.531+0000] {helpers.py:92} ERROR - Expecting value: line 1 column 1 (char 0)
[2023-05-07T05:26:26.532+0000] {helpers.py:93} ERROR - Retrying! 5 attempts before skipping!
[2023-05-07T05:26:27.684+0000] {logging_mixin.py:137} INFO - Expecting value: line 1 column 1 (char 0)
[2023-05-07T05:26:27.686+0000] {helpers.py:92} ERROR - Expecting value: line 1 column 1 (char 0)
[2023-05-07T05:26:27.688+0000] {helpers.py:93} ERROR - Retrying! 4 attempts before skipping!
[2023-05-07T05:26:28.842+0000] {logging_mixin.py:137} INFO - Expecting value: line 1 column 1 (char 0)
[2023-05-07T05:26:28.845+0000] {helpers.py:92} ERROR - Expecting value: line 1 column 1 (char 0)
[2023-05-07T05:26:28.846+0000] {helpers.py:93} ERROR - Retrying! 3 attempts before skipping!
[2023-05-07T05:26:30.003+0000] {logging_mixin.py:137} INFO - Expecting value: line 1 column 1 (char 0)
[2023-05-07T05:26:30.011+0000] {helpers.py:92} ERROR - Expecting value: line 1 column 1 (char 0)
[2023-05-07T05:26:30.012+0000] {helpers.py:93} ERROR - Retrying! 2 attempts before skipping!
[2023-05-07T05:26:31.163+0000] {logging_mixin.py:137} INFO - Expecting value: line 1 column 1 (char 0)
[2023-05-07T05:26:31.165+0000] {helpers.py:92} ERROR - Expecting value: line 1 column 1 (char 0)
[2023-05-07T05:26:31.172+0000] {helpers.py:93} ERROR - Retrying! 1 attempts before skipping!
[2023-05-07T05:26:32.697+0000] {helpers.py:86} INFO - Toronto Raptors: Successfully scraped!
[2023-05-07T05:26:32.860+0000] {logging_mixin.py:137} INFO - Expecting value: line 1 column 1 (char 0)
[2023-05-07T05:26:32.862+0000] {helpers.py:92} ERROR - Expecting value: line 1 column 1 (char 0)
[2023-05-07T05:26:32.864+0000] {helpers.py:93} ERROR - Retrying! 9 attempts before skipping!
[2023-05-07T05:26:34.033+0000] {logging_mixin.py:137} INFO - Expecting value: line 1 column 1 (char 0)
[2023-05-07T05:26:34.058+0000] {helpers.py:92} ERROR - Expecting value: line 1 column 1 (char 0)
[2023-05-07T05:26:34.061+0000] {helpers.py:93} ERROR - Retrying! 8 attempts before skipping!
[2023-05-07T05:26:35.250+0000] {logging_mixin.py:137} INFO - Expecting value: line 1 column 1 (char 0)
[2023-05-07T05:26:35.253+0000] {helpers.py:92} ERROR - Expecting value: line 1 column 1 (char 0)
[2023-05-07T05:26:35.255+0000] {helpers.py:93} ERROR - Retrying! 7 attempts before skipping!
[2023-05-07T05:26:36.581+0000] {logging_mixin.py:137} INFO - Expecting value: line 1 column 1 (char 0)
[2023-05-07T05:26:36.583+0000] {helpers.py:92} ERROR - Expecting value: line 1 column 1 (char 0)
[2023-05-07T05:26:36.584+0000] {helpers.py:93} ERROR - Retrying! 6 attempts before skipping!
[2023-05-07T05:26:37.735+0000] {logging_mixin.py:137} INFO - Expecting value: line 1 column 1 (char 0)
[2023-05-07T05:26:37.736+0000] {helpers.py:92} ERROR - Expecting value: line 1 column 1 (char 0)
[2023-05-07T05:26:37.737+0000] {helpers.py:93} ERROR - Retrying! 5 attempts before skipping!
[2023-05-07T05:26:38.883+0000] {logging_mixin.py:137} INFO - Expecting value: line 1 column 1 (char 0)
[2023-05-07T05:26:38.885+0000] {helpers.py:92} ERROR - Expecting value: line 1 column 1 (char 0)
[2023-05-07T05:26:38.886+0000] {helpers.py:93} ERROR - Retrying! 4 attempts before skipping!
[2023-05-07T05:26:40.040+0000] {logging_mixin.py:137} INFO - Expecting value: line 1 column 1 (char 0)
[2023-05-07T05:26:40.041+0000] {helpers.py:92} ERROR - Expecting value: line 1 column 1 (char 0)
[2023-05-07T05:26:40.042+0000] {helpers.py:93} ERROR - Retrying! 3 attempts before skipping!
[2023-05-07T05:26:41.192+0000] {logging_mixin.py:137} INFO - Expecting value: line 1 column 1 (char 0)
[2023-05-07T05:26:41.194+0000] {helpers.py:92} ERROR - Expecting value: line 1 column 1 (char 0)
[2023-05-07T05:26:41.195+0000] {helpers.py:93} ERROR - Retrying! 2 attempts before skipping!
[2023-05-07T05:26:42.385+0000] {logging_mixin.py:137} INFO - Expecting value: line 1 column 1 (char 0)
[2023-05-07T05:26:42.386+0000] {helpers.py:92} ERROR - Expecting value: line 1 column 1 (char 0)
[2023-05-07T05:26:42.387+0000] {helpers.py:93} ERROR - Retrying! 1 attempts before skipping!
[2023-05-07T05:26:43.626+0000] {logging_mixin.py:137} INFO - Expecting value: line 1 column 1 (char 0)
[2023-05-07T05:26:43.627+0000] {helpers.py:92} ERROR - Expecting value: line 1 column 1 (char 0)
[2023-05-07T05:26:43.628+0000] {helpers.py:93} ERROR - Retrying! 0 attempts before skipping!
[2023-05-07T05:26:45.005+0000] {logging_mixin.py:137} INFO - Expecting value: line 1 column 1 (char 0)
[2023-05-07T05:26:45.007+0000] {helpers.py:92} ERROR - Expecting value: line 1 column 1 (char 0)
[2023-05-07T05:26:45.008+0000] {helpers.py:93} ERROR - Retrying! -1 attempts before skipping!
[2023-05-07T05:26:46.360+0000] {logging_mixin.py:137} INFO - Expecting value: line 1 column 1 (char 0)
[2023-05-07T05:26:46.361+0000] {helpers.py:92} ERROR - Expecting value: line 1 column 1 (char 0)
[2023-05-07T05:26:46.363+0000] {helpers.py:93} ERROR - Retrying! 9 attempts before skipping!
[2023-05-07T05:26:47.816+0000] {logging_mixin.py:137} INFO - Expecting value: line 1 column 1 (char 0)
[2023-05-07T05:26:47.817+0000] {helpers.py:92} ERROR - Expecting value: line 1 column 1 (char 0)
[2023-05-07T05:26:47.818+0000] {helpers.py:93} ERROR - Retrying! 8 attempts before skipping!
[2023-05-07T05:26:48.966+0000] {logging_mixin.py:137} INFO - Expecting value: line 1 column 1 (char 0)
[2023-05-07T05:26:48.975+0000] {helpers.py:92} ERROR - Expecting value: line 1 column 1 (char 0)
[2023-05-07T05:26:48.975+0000] {helpers.py:93} ERROR - Retrying! 7 attempts before skipping!
[2023-05-07T05:26:50.126+0000] {logging_mixin.py:137} INFO - Expecting value: line 1 column 1 (char 0)
[2023-05-07T05:26:50.128+0000] {helpers.py:92} ERROR - Expecting value: line 1 column 1 (char 0)
[2023-05-07T05:26:50.130+0000] {helpers.py:93} ERROR - Retrying! 6 attempts before skipping!
[2023-05-07T05:26:51.321+0000] {logging_mixin.py:137} INFO - Expecting value: line 1 column 1 (char 0)
[2023-05-07T05:26:51.323+0000] {helpers.py:92} ERROR - Expecting value: line 1 column 1 (char 0)
[2023-05-07T05:26:51.325+0000] {helpers.py:93} ERROR - Retrying! 5 attempts before skipping!
[2023-05-07T05:26:52.660+0000] {logging_mixin.py:137} INFO - Expecting value: line 1 column 1 (char 0)
[2023-05-07T05:26:52.662+0000] {helpers.py:92} ERROR - Expecting value: line 1 column 1 (char 0)
[2023-05-07T05:26:52.665+0000] {helpers.py:93} ERROR - Retrying! 4 attempts before skipping!
[2023-05-07T05:26:53.899+0000] {logging_mixin.py:137} INFO - Expecting value: line 1 column 1 (char 0)
[2023-05-07T05:26:53.908+0000] {helpers.py:92} ERROR - Expecting value: line 1 column 1 (char 0)
[2023-05-07T05:26:53.909+0000] {helpers.py:93} ERROR - Retrying! 3 attempts before skipping!
[2023-05-07T05:26:55.075+0000] {logging_mixin.py:137} INFO - Expecting value: line 1 column 1 (char 0)
[2023-05-07T05:26:55.086+0000] {helpers.py:92} ERROR - Expecting value: line 1 column 1 (char 0)
[2023-05-07T05:26:55.087+0000] {helpers.py:93} ERROR - Retrying! 2 attempts before skipping!
[2023-05-07T05:26:56.271+0000] {logging_mixin.py:137} INFO - Expecting value: line 1 column 1 (char 0)
[2023-05-07T05:26:56.272+0000] {helpers.py:92} ERROR - Expecting value: line 1 column 1 (char 0)
[2023-05-07T05:26:56.273+0000] {helpers.py:93} ERROR - Retrying! 1 attempts before skipping!
[2023-05-07T05:26:57.711+0000] {logging_mixin.py:137} INFO - Expecting value: line 1 column 1 (char 0)
[2023-05-07T05:26:57.712+0000] {helpers.py:92} ERROR - Expecting value: line 1 column 1 (char 0)
[2023-05-07T05:26:57.713+0000] {helpers.py:93} ERROR - Retrying! 0 attempts before skipping!
[2023-05-07T05:26:59.078+0000] {logging_mixin.py:137} INFO - Expecting value: line 1 column 1 (char 0)
[2023-05-07T05:26:59.086+0000] {helpers.py:92} ERROR - Expecting value: line 1 column 1 (char 0)
[2023-05-07T05:26:59.088+0000] {helpers.py:93} ERROR - Retrying! -1 attempts before skipping!
[2023-05-07T05:27:00.093+0000] {helpers.py:102} INFO - Saved in /opt/***/data/output_scrape_teams_25-30.csv
[2023-05-07T05:27:00.094+0000] {python.py:177} INFO - Done. Returned value was: None
[2023-05-07T05:27:00.104+0000] {taskinstance.py:1332} INFO - Marking task as SUCCESS. dag_id=scrape_and_save_to_csv, task_id=scrape_teams_25-30, execution_date=20220501T060000, start_date=20230507T052518, end_date=20230507T052700
[2023-05-07T05:27:00.144+0000] {local_task_job.py:212} INFO - Task exited with return code 0
[2023-05-07T05:27:00.166+0000] {taskinstance.py:2596} INFO - 1 downstream tasks scheduled from follow-on schedule check
[2023-05-07T15:36:12.173+0000] {taskinstance.py:1090} INFO - Dependencies all met for dep_context=non-requeueable deps ti=<TaskInstance: scrape_and_save_to_csv.scrape_teams_25-30 scheduled__2022-05-01T06:00:00+00:00 [queued]>
[2023-05-07T15:36:12.192+0000] {taskinstance.py:1090} INFO - Dependencies all met for dep_context=requeueable deps ti=<TaskInstance: scrape_and_save_to_csv.scrape_teams_25-30 scheduled__2022-05-01T06:00:00+00:00 [queued]>
[2023-05-07T15:36:12.208+0000] {taskinstance.py:1288} INFO - 
--------------------------------------------------------------------------------
[2023-05-07T15:36:12.215+0000] {taskinstance.py:1289} INFO - Starting attempt 1 of 1
[2023-05-07T15:36:12.220+0000] {taskinstance.py:1290} INFO - 
--------------------------------------------------------------------------------
[2023-05-07T15:36:12.250+0000] {taskinstance.py:1309} INFO - Executing <Task(PythonOperator): scrape_teams_25-30> on 2022-05-01 06:00:00+00:00
[2023-05-07T15:36:12.263+0000] {standard_task_runner.py:55} INFO - Started process 3793 to run task
[2023-05-07T15:36:12.269+0000] {standard_task_runner.py:82} INFO - Running: ['***', 'tasks', 'run', 'scrape_and_save_to_csv', 'scrape_teams_25-30', 'scheduled__2022-05-01T06:00:00+00:00', '--job-id', '3011', '--raw', '--subdir', 'DAGS_FOLDER/scrape_and_push_dag.py', '--cfg-path', '/tmp/tmpkxmbegd2']
[2023-05-07T15:36:12.277+0000] {standard_task_runner.py:83} INFO - Job 3011: Subtask scrape_teams_25-30
[2023-05-07T15:36:12.368+0000] {task_command.py:389} INFO - Running <TaskInstance: scrape_and_save_to_csv.scrape_teams_25-30 scheduled__2022-05-01T06:00:00+00:00 [running]> on host 6589836e9c08
[2023-05-07T15:36:12.400+0000] {warnings.py:110} WARNING - /home/***/.local/lib/python3.7/site-packages/***/utils/context.py:205: AirflowContextDeprecationWarning: Accessing 'execution_date' from the template is deprecated and will be removed in a future version. Please use 'data_interval_start' or 'logical_date' instead.
  warnings.warn(_create_deprecation_warning(key, self._deprecation_replacements[key]))

[2023-05-07T15:36:12.474+0000] {taskinstance.py:1518} INFO - Exporting the following env vars:
AIRFLOW_CTX_DAG_OWNER=***
AIRFLOW_CTX_DAG_ID=scrape_and_save_to_csv
AIRFLOW_CTX_TASK_ID=scrape_teams_25-30
AIRFLOW_CTX_EXECUTION_DATE=2022-05-01T06:00:00+00:00
AIRFLOW_CTX_TRY_NUMBER=1
AIRFLOW_CTX_DAG_RUN_ID=scheduled__2022-05-01T06:00:00+00:00
[2023-05-07T15:36:12.991+0000] {logging_mixin.py:137} INFO - Expecting value: line 1 column 1 (char 0)
[2023-05-07T15:36:12.993+0000] {helpers.py:93} ERROR - Expecting value: line 1 column 1 (char 0)
[2023-05-07T15:36:12.994+0000] {helpers.py:94} ERROR - Retrying! 9 attempts before skipping!
[2023-05-07T15:36:14.159+0000] {logging_mixin.py:137} INFO - Expecting value: line 1 column 1 (char 0)
[2023-05-07T15:36:14.163+0000] {helpers.py:93} ERROR - Expecting value: line 1 column 1 (char 0)
[2023-05-07T15:36:14.165+0000] {helpers.py:94} ERROR - Retrying! 8 attempts before skipping!
[2023-05-07T15:36:15.316+0000] {logging_mixin.py:137} INFO - Expecting value: line 1 column 1 (char 0)
[2023-05-07T15:36:15.319+0000] {helpers.py:93} ERROR - Expecting value: line 1 column 1 (char 0)
[2023-05-07T15:36:15.320+0000] {helpers.py:94} ERROR - Retrying! 7 attempts before skipping!
[2023-05-07T15:36:16.822+0000] {logging_mixin.py:137} INFO - Expecting value: line 1 column 1 (char 0)
[2023-05-07T15:36:16.823+0000] {helpers.py:93} ERROR - Expecting value: line 1 column 1 (char 0)
[2023-05-07T15:36:16.824+0000] {helpers.py:94} ERROR - Retrying! 6 attempts before skipping!
[2023-05-07T15:36:17.981+0000] {logging_mixin.py:137} INFO - Expecting value: line 1 column 1 (char 0)
[2023-05-07T15:36:17.989+0000] {helpers.py:93} ERROR - Expecting value: line 1 column 1 (char 0)
[2023-05-07T15:36:17.990+0000] {helpers.py:94} ERROR - Retrying! 5 attempts before skipping!
[2023-05-07T15:36:19.159+0000] {logging_mixin.py:137} INFO - Expecting value: line 1 column 1 (char 0)
[2023-05-07T15:36:19.160+0000] {helpers.py:93} ERROR - Expecting value: line 1 column 1 (char 0)
[2023-05-07T15:36:19.162+0000] {helpers.py:94} ERROR - Retrying! 4 attempts before skipping!
[2023-05-07T15:36:20.310+0000] {logging_mixin.py:137} INFO - Expecting value: line 1 column 1 (char 0)
[2023-05-07T15:36:20.311+0000] {helpers.py:93} ERROR - Expecting value: line 1 column 1 (char 0)
[2023-05-07T15:36:20.313+0000] {helpers.py:94} ERROR - Retrying! 3 attempts before skipping!
[2023-05-07T15:36:21.485+0000] {logging_mixin.py:137} INFO - Expecting value: line 1 column 1 (char 0)
[2023-05-07T15:36:21.486+0000] {helpers.py:93} ERROR - Expecting value: line 1 column 1 (char 0)
[2023-05-07T15:36:21.487+0000] {helpers.py:94} ERROR - Retrying! 2 attempts before skipping!
[2023-05-07T15:36:22.669+0000] {logging_mixin.py:137} INFO - Expecting value: line 1 column 1 (char 0)
[2023-05-07T15:36:22.670+0000] {helpers.py:93} ERROR - Expecting value: line 1 column 1 (char 0)
[2023-05-07T15:36:22.672+0000] {helpers.py:94} ERROR - Retrying! 1 attempts before skipping!
[2023-05-07T15:36:23.967+0000] {logging_mixin.py:137} INFO - Expecting value: line 1 column 1 (char 0)
[2023-05-07T15:36:23.968+0000] {helpers.py:93} ERROR - Expecting value: line 1 column 1 (char 0)
[2023-05-07T15:36:23.969+0000] {helpers.py:94} ERROR - Retrying! 0 attempts before skipping!
[2023-05-07T15:36:25.324+0000] {logging_mixin.py:137} INFO - Expecting value: line 1 column 1 (char 0)
[2023-05-07T15:36:25.341+0000] {helpers.py:93} ERROR - Expecting value: line 1 column 1 (char 0)
[2023-05-07T15:36:25.342+0000] {helpers.py:94} ERROR - Retrying! -1 attempts before skipping!
[2023-05-07T15:36:26.512+0000] {logging_mixin.py:137} INFO - Expecting value: line 1 column 1 (char 0)
[2023-05-07T15:36:26.550+0000] {helpers.py:93} ERROR - Expecting value: line 1 column 1 (char 0)
[2023-05-07T15:36:26.553+0000] {helpers.py:94} ERROR - Retrying! 9 attempts before skipping!
[2023-05-07T15:36:27.911+0000] {logging_mixin.py:137} INFO - Expecting value: line 1 column 1 (char 0)
[2023-05-07T15:36:27.917+0000] {helpers.py:93} ERROR - Expecting value: line 1 column 1 (char 0)
[2023-05-07T15:36:27.918+0000] {helpers.py:94} ERROR - Retrying! 8 attempts before skipping!
[2023-05-07T15:36:29.341+0000] {logging_mixin.py:137} INFO - Expecting value: line 1 column 1 (char 0)
[2023-05-07T15:36:29.343+0000] {helpers.py:93} ERROR - Expecting value: line 1 column 1 (char 0)
[2023-05-07T15:36:29.344+0000] {helpers.py:94} ERROR - Retrying! 7 attempts before skipping!
[2023-05-07T15:36:30.494+0000] {logging_mixin.py:137} INFO - Expecting value: line 1 column 1 (char 0)
[2023-05-07T15:36:30.496+0000] {helpers.py:93} ERROR - Expecting value: line 1 column 1 (char 0)
[2023-05-07T15:36:30.497+0000] {helpers.py:94} ERROR - Retrying! 6 attempts before skipping!
[2023-05-07T15:36:31.829+0000] {logging_mixin.py:137} INFO - Expecting value: line 1 column 1 (char 0)
[2023-05-07T15:36:31.830+0000] {helpers.py:93} ERROR - Expecting value: line 1 column 1 (char 0)
[2023-05-07T15:36:31.831+0000] {helpers.py:94} ERROR - Retrying! 5 attempts before skipping!
[2023-05-07T15:36:32.981+0000] {logging_mixin.py:137} INFO - Expecting value: line 1 column 1 (char 0)
[2023-05-07T15:36:32.982+0000] {helpers.py:93} ERROR - Expecting value: line 1 column 1 (char 0)
[2023-05-07T15:36:32.984+0000] {helpers.py:94} ERROR - Retrying! 4 attempts before skipping!
[2023-05-07T15:36:34.151+0000] {logging_mixin.py:137} INFO - Expecting value: line 1 column 1 (char 0)
[2023-05-07T15:36:34.152+0000] {helpers.py:93} ERROR - Expecting value: line 1 column 1 (char 0)
[2023-05-07T15:36:34.154+0000] {helpers.py:94} ERROR - Retrying! 3 attempts before skipping!
[2023-05-07T15:36:35.310+0000] {logging_mixin.py:137} INFO - Expecting value: line 1 column 1 (char 0)
[2023-05-07T15:36:35.312+0000] {helpers.py:93} ERROR - Expecting value: line 1 column 1 (char 0)
[2023-05-07T15:36:35.313+0000] {helpers.py:94} ERROR - Retrying! 2 attempts before skipping!
[2023-05-07T15:36:36.849+0000] {logging_mixin.py:137} INFO - Expecting value: line 1 column 1 (char 0)
[2023-05-07T15:36:36.851+0000] {helpers.py:93} ERROR - Expecting value: line 1 column 1 (char 0)
[2023-05-07T15:36:36.853+0000] {helpers.py:94} ERROR - Retrying! 1 attempts before skipping!
[2023-05-07T15:36:38.003+0000] {logging_mixin.py:137} INFO - Expecting value: line 1 column 1 (char 0)
[2023-05-07T15:36:38.004+0000] {helpers.py:93} ERROR - Expecting value: line 1 column 1 (char 0)
[2023-05-07T15:36:38.005+0000] {helpers.py:94} ERROR - Retrying! 0 attempts before skipping!
[2023-05-07T15:36:39.186+0000] {logging_mixin.py:137} INFO - Expecting value: line 1 column 1 (char 0)
[2023-05-07T15:36:39.195+0000] {helpers.py:93} ERROR - Expecting value: line 1 column 1 (char 0)
[2023-05-07T15:36:39.197+0000] {helpers.py:94} ERROR - Retrying! -1 attempts before skipping!
[2023-05-07T15:36:40.746+0000] {logging_mixin.py:137} INFO - Expecting value: line 1 column 1 (char 0)
[2023-05-07T15:36:40.749+0000] {helpers.py:93} ERROR - Expecting value: line 1 column 1 (char 0)
[2023-05-07T15:36:40.809+0000] {helpers.py:94} ERROR - Retrying! 9 attempts before skipping!
[2023-05-07T15:36:42.167+0000] {logging_mixin.py:137} INFO - Expecting value: line 1 column 1 (char 0)
[2023-05-07T15:36:42.170+0000] {helpers.py:93} ERROR - Expecting value: line 1 column 1 (char 0)
[2023-05-07T15:36:42.174+0000] {helpers.py:94} ERROR - Retrying! 8 attempts before skipping!
[2023-05-07T15:36:43.364+0000] {logging_mixin.py:137} INFO - Expecting value: line 1 column 1 (char 0)
[2023-05-07T15:36:43.370+0000] {helpers.py:93} ERROR - Expecting value: line 1 column 1 (char 0)
[2023-05-07T15:36:43.373+0000] {helpers.py:94} ERROR - Retrying! 7 attempts before skipping!
[2023-05-07T15:36:44.555+0000] {logging_mixin.py:137} INFO - Expecting value: line 1 column 1 (char 0)
[2023-05-07T15:36:44.563+0000] {helpers.py:93} ERROR - Expecting value: line 1 column 1 (char 0)
[2023-05-07T15:36:44.572+0000] {helpers.py:94} ERROR - Retrying! 6 attempts before skipping!
[2023-05-07T15:36:45.882+0000] {logging_mixin.py:137} INFO - Expecting value: line 1 column 1 (char 0)
[2023-05-07T15:36:45.884+0000] {helpers.py:93} ERROR - Expecting value: line 1 column 1 (char 0)
[2023-05-07T15:36:45.894+0000] {helpers.py:94} ERROR - Retrying! 5 attempts before skipping!
[2023-05-07T15:36:47.064+0000] {logging_mixin.py:137} INFO - Expecting value: line 1 column 1 (char 0)
[2023-05-07T15:36:47.066+0000] {helpers.py:93} ERROR - Expecting value: line 1 column 1 (char 0)
[2023-05-07T15:36:47.067+0000] {helpers.py:94} ERROR - Retrying! 4 attempts before skipping!
[2023-05-07T15:36:48.427+0000] {logging_mixin.py:137} INFO - Expecting value: line 1 column 1 (char 0)
[2023-05-07T15:36:48.430+0000] {helpers.py:93} ERROR - Expecting value: line 1 column 1 (char 0)
[2023-05-07T15:36:48.459+0000] {helpers.py:94} ERROR - Retrying! 3 attempts before skipping!
[2023-05-07T15:36:49.779+0000] {logging_mixin.py:137} INFO - Expecting value: line 1 column 1 (char 0)
[2023-05-07T15:36:49.784+0000] {helpers.py:93} ERROR - Expecting value: line 1 column 1 (char 0)
[2023-05-07T15:36:49.787+0000] {helpers.py:94} ERROR - Retrying! 2 attempts before skipping!
[2023-05-07T15:36:51.060+0000] {logging_mixin.py:137} INFO - Expecting value: line 1 column 1 (char 0)
[2023-05-07T15:36:51.061+0000] {helpers.py:93} ERROR - Expecting value: line 1 column 1 (char 0)
[2023-05-07T15:36:51.062+0000] {helpers.py:94} ERROR - Retrying! 1 attempts before skipping!
[2023-05-07T15:36:52.337+0000] {logging_mixin.py:137} INFO - Expecting value: line 1 column 1 (char 0)
[2023-05-07T15:36:52.360+0000] {helpers.py:93} ERROR - Expecting value: line 1 column 1 (char 0)
[2023-05-07T15:36:52.364+0000] {helpers.py:94} ERROR - Retrying! 0 attempts before skipping!
[2023-05-07T15:36:53.560+0000] {logging_mixin.py:137} INFO - Expecting value: line 1 column 1 (char 0)
[2023-05-07T15:36:53.565+0000] {helpers.py:93} ERROR - Expecting value: line 1 column 1 (char 0)
[2023-05-07T15:36:53.572+0000] {helpers.py:94} ERROR - Retrying! -1 attempts before skipping!
[2023-05-07T15:36:55.134+0000] {logging_mixin.py:137} INFO - Expecting value: line 1 column 1 (char 0)
[2023-05-07T15:36:55.135+0000] {helpers.py:93} ERROR - Expecting value: line 1 column 1 (char 0)
[2023-05-07T15:36:55.137+0000] {helpers.py:94} ERROR - Retrying! 9 attempts before skipping!
[2023-05-07T15:36:56.294+0000] {logging_mixin.py:137} INFO - Expecting value: line 1 column 1 (char 0)
[2023-05-07T15:36:56.327+0000] {helpers.py:93} ERROR - Expecting value: line 1 column 1 (char 0)
[2023-05-07T15:36:56.328+0000] {helpers.py:94} ERROR - Retrying! 8 attempts before skipping!
[2023-05-07T15:36:57.507+0000] {logging_mixin.py:137} INFO - Expecting value: line 1 column 1 (char 0)
[2023-05-07T15:36:57.508+0000] {helpers.py:93} ERROR - Expecting value: line 1 column 1 (char 0)
[2023-05-07T15:36:57.509+0000] {helpers.py:94} ERROR - Retrying! 7 attempts before skipping!
[2023-05-07T15:36:58.823+0000] {logging_mixin.py:137} INFO - Expecting value: line 1 column 1 (char 0)
[2023-05-07T15:36:58.824+0000] {helpers.py:93} ERROR - Expecting value: line 1 column 1 (char 0)
[2023-05-07T15:36:58.826+0000] {helpers.py:94} ERROR - Retrying! 6 attempts before skipping!
[2023-05-07T15:36:59.988+0000] {logging_mixin.py:137} INFO - Expecting value: line 1 column 1 (char 0)
[2023-05-07T15:36:59.990+0000] {helpers.py:93} ERROR - Expecting value: line 1 column 1 (char 0)
[2023-05-07T15:37:00.001+0000] {helpers.py:94} ERROR - Retrying! 5 attempts before skipping!
[2023-05-07T15:37:01.355+0000] {logging_mixin.py:137} INFO - Expecting value: line 1 column 1 (char 0)
[2023-05-07T15:37:01.356+0000] {helpers.py:93} ERROR - Expecting value: line 1 column 1 (char 0)
[2023-05-07T15:37:01.358+0000] {helpers.py:94} ERROR - Retrying! 4 attempts before skipping!
[2023-05-07T15:37:02.808+0000] {logging_mixin.py:137} INFO - Expecting value: line 1 column 1 (char 0)
[2023-05-07T15:37:02.809+0000] {helpers.py:93} ERROR - Expecting value: line 1 column 1 (char 0)
[2023-05-07T15:37:02.812+0000] {helpers.py:94} ERROR - Retrying! 3 attempts before skipping!
[2023-05-07T15:37:03.991+0000] {logging_mixin.py:137} INFO - Expecting value: line 1 column 1 (char 0)
[2023-05-07T15:37:03.992+0000] {helpers.py:93} ERROR - Expecting value: line 1 column 1 (char 0)
[2023-05-07T15:37:03.993+0000] {helpers.py:94} ERROR - Retrying! 2 attempts before skipping!
[2023-05-07T15:37:05.164+0000] {logging_mixin.py:137} INFO - Expecting value: line 1 column 1 (char 0)
[2023-05-07T15:37:05.166+0000] {helpers.py:93} ERROR - Expecting value: line 1 column 1 (char 0)
[2023-05-07T15:37:05.167+0000] {helpers.py:94} ERROR - Retrying! 1 attempts before skipping!
[2023-05-07T15:37:06.324+0000] {logging_mixin.py:137} INFO - Expecting value: line 1 column 1 (char 0)
[2023-05-07T15:37:06.325+0000] {helpers.py:93} ERROR - Expecting value: line 1 column 1 (char 0)
[2023-05-07T15:37:06.326+0000] {helpers.py:94} ERROR - Retrying! 0 attempts before skipping!
[2023-05-07T15:37:07.512+0000] {logging_mixin.py:137} INFO - Expecting value: line 1 column 1 (char 0)
[2023-05-07T15:37:07.518+0000] {helpers.py:93} ERROR - Expecting value: line 1 column 1 (char 0)
[2023-05-07T15:37:07.520+0000] {helpers.py:94} ERROR - Retrying! -1 attempts before skipping!
[2023-05-07T15:37:09.045+0000] {logging_mixin.py:137} INFO - Expecting value: line 1 column 1 (char 0)
[2023-05-07T15:37:09.047+0000] {helpers.py:93} ERROR - Expecting value: line 1 column 1 (char 0)
[2023-05-07T15:37:09.049+0000] {helpers.py:94} ERROR - Retrying! 9 attempts before skipping!
[2023-05-07T15:37:10.204+0000] {logging_mixin.py:137} INFO - Expecting value: line 1 column 1 (char 0)
[2023-05-07T15:37:10.206+0000] {helpers.py:93} ERROR - Expecting value: line 1 column 1 (char 0)
[2023-05-07T15:37:10.256+0000] {helpers.py:94} ERROR - Retrying! 8 attempts before skipping!
[2023-05-07T15:37:11.737+0000] {logging_mixin.py:137} INFO - Expecting value: line 1 column 1 (char 0)
[2023-05-07T15:37:11.741+0000] {helpers.py:93} ERROR - Expecting value: line 1 column 1 (char 0)
[2023-05-07T15:37:11.743+0000] {helpers.py:94} ERROR - Retrying! 7 attempts before skipping!
[2023-05-07T15:37:13.096+0000] {logging_mixin.py:137} INFO - Expecting value: line 1 column 1 (char 0)
[2023-05-07T15:37:13.098+0000] {helpers.py:93} ERROR - Expecting value: line 1 column 1 (char 0)
[2023-05-07T15:37:13.099+0000] {helpers.py:94} ERROR - Retrying! 6 attempts before skipping!
[2023-05-07T15:37:14.262+0000] {logging_mixin.py:137} INFO - Expecting value: line 1 column 1 (char 0)
[2023-05-07T15:37:14.263+0000] {helpers.py:93} ERROR - Expecting value: line 1 column 1 (char 0)
[2023-05-07T15:37:14.264+0000] {helpers.py:94} ERROR - Retrying! 5 attempts before skipping!
[2023-05-07T15:37:15.423+0000] {logging_mixin.py:137} INFO - Expecting value: line 1 column 1 (char 0)
[2023-05-07T15:37:15.426+0000] {helpers.py:93} ERROR - Expecting value: line 1 column 1 (char 0)
[2023-05-07T15:37:15.463+0000] {helpers.py:94} ERROR - Retrying! 4 attempts before skipping!
[2023-05-07T15:37:16.631+0000] {logging_mixin.py:137} INFO - Expecting value: line 1 column 1 (char 0)
[2023-05-07T15:37:16.644+0000] {helpers.py:93} ERROR - Expecting value: line 1 column 1 (char 0)
[2023-05-07T15:37:16.646+0000] {helpers.py:94} ERROR - Retrying! 3 attempts before skipping!
[2023-05-07T15:37:17.814+0000] {logging_mixin.py:137} INFO - Expecting value: line 1 column 1 (char 0)
[2023-05-07T15:37:17.815+0000] {helpers.py:93} ERROR - Expecting value: line 1 column 1 (char 0)
[2023-05-07T15:37:17.816+0000] {helpers.py:94} ERROR - Retrying! 2 attempts before skipping!
[2023-05-07T15:37:19.048+0000] {logging_mixin.py:137} INFO - Expecting value: line 1 column 1 (char 0)
[2023-05-07T15:37:19.050+0000] {helpers.py:93} ERROR - Expecting value: line 1 column 1 (char 0)
[2023-05-07T15:37:19.052+0000] {helpers.py:94} ERROR - Retrying! 1 attempts before skipping!
[2023-05-07T15:37:20.315+0000] {logging_mixin.py:137} INFO - Expecting value: line 1 column 1 (char 0)
[2023-05-07T15:37:20.316+0000] {helpers.py:93} ERROR - Expecting value: line 1 column 1 (char 0)
[2023-05-07T15:37:20.318+0000] {helpers.py:94} ERROR - Retrying! 0 attempts before skipping!
[2023-05-07T15:37:21.478+0000] {logging_mixin.py:137} INFO - Expecting value: line 1 column 1 (char 0)
[2023-05-07T15:37:21.479+0000] {helpers.py:93} ERROR - Expecting value: line 1 column 1 (char 0)
[2023-05-07T15:37:21.480+0000] {helpers.py:94} ERROR - Retrying! -1 attempts before skipping!
[2023-05-07T15:37:22.835+0000] {logging_mixin.py:137} INFO - Expecting value: line 1 column 1 (char 0)
[2023-05-07T15:37:22.837+0000] {helpers.py:93} ERROR - Expecting value: line 1 column 1 (char 0)
[2023-05-07T15:37:22.839+0000] {helpers.py:94} ERROR - Retrying! 9 attempts before skipping!
[2023-05-07T15:37:24.192+0000] {logging_mixin.py:137} INFO - Expecting value: line 1 column 1 (char 0)
[2023-05-07T15:37:24.251+0000] {helpers.py:93} ERROR - Expecting value: line 1 column 1 (char 0)
[2023-05-07T15:37:24.253+0000] {helpers.py:94} ERROR - Retrying! 8 attempts before skipping!
[2023-05-07T15:37:25.706+0000] {logging_mixin.py:137} INFO - Expecting value: line 1 column 1 (char 0)
[2023-05-07T15:37:25.708+0000] {helpers.py:93} ERROR - Expecting value: line 1 column 1 (char 0)
[2023-05-07T15:37:25.712+0000] {helpers.py:94} ERROR - Retrying! 7 attempts before skipping!
[2023-05-07T15:37:26.868+0000] {logging_mixin.py:137} INFO - Expecting value: line 1 column 1 (char 0)
[2023-05-07T15:37:26.870+0000] {helpers.py:93} ERROR - Expecting value: line 1 column 1 (char 0)
[2023-05-07T15:37:26.871+0000] {helpers.py:94} ERROR - Retrying! 6 attempts before skipping!
[2023-05-07T15:37:28.049+0000] {logging_mixin.py:137} INFO - Expecting value: line 1 column 1 (char 0)
[2023-05-07T15:37:28.054+0000] {helpers.py:93} ERROR - Expecting value: line 1 column 1 (char 0)
[2023-05-07T15:37:28.056+0000] {helpers.py:94} ERROR - Retrying! 5 attempts before skipping!
[2023-05-07T15:37:29.215+0000] {logging_mixin.py:137} INFO - Expecting value: line 1 column 1 (char 0)
[2023-05-07T15:37:29.218+0000] {helpers.py:93} ERROR - Expecting value: line 1 column 1 (char 0)
[2023-05-07T15:37:29.220+0000] {helpers.py:94} ERROR - Retrying! 4 attempts before skipping!
[2023-05-07T15:37:30.739+0000] {logging_mixin.py:137} INFO - Expecting value: line 1 column 1 (char 0)
[2023-05-07T15:37:30.741+0000] {helpers.py:93} ERROR - Expecting value: line 1 column 1 (char 0)
[2023-05-07T15:37:30.743+0000] {helpers.py:94} ERROR - Retrying! 3 attempts before skipping!
[2023-05-07T15:37:32.047+0000] {logging_mixin.py:137} INFO - Expecting value: line 1 column 1 (char 0)
[2023-05-07T15:37:32.049+0000] {helpers.py:93} ERROR - Expecting value: line 1 column 1 (char 0)
[2023-05-07T15:37:32.052+0000] {helpers.py:94} ERROR - Retrying! 2 attempts before skipping!
[2023-05-07T15:37:33.224+0000] {logging_mixin.py:137} INFO - Expecting value: line 1 column 1 (char 0)
[2023-05-07T15:37:33.228+0000] {helpers.py:93} ERROR - Expecting value: line 1 column 1 (char 0)
[2023-05-07T15:37:33.230+0000] {helpers.py:94} ERROR - Retrying! 1 attempts before skipping!
[2023-05-07T15:37:34.399+0000] {logging_mixin.py:137} INFO - Expecting value: line 1 column 1 (char 0)
[2023-05-07T15:37:34.401+0000] {helpers.py:93} ERROR - Expecting value: line 1 column 1 (char 0)
[2023-05-07T15:37:34.402+0000] {helpers.py:94} ERROR - Retrying! 0 attempts before skipping!
[2023-05-07T15:37:35.710+0000] {logging_mixin.py:137} INFO - Expecting value: line 1 column 1 (char 0)
[2023-05-07T15:37:35.713+0000] {helpers.py:93} ERROR - Expecting value: line 1 column 1 (char 0)
[2023-05-07T15:37:35.716+0000] {helpers.py:94} ERROR - Retrying! -1 attempts before skipping!
[2023-05-07T15:37:36.730+0000] {helpers.py:103} INFO - Saved in /opt/***/data/output_scrape_teams_25-30.csv
[2023-05-07T15:37:36.733+0000] {python.py:177} INFO - Done. Returned value was: Empty DataFrame
Columns: []
Index: []
[2023-05-07T15:37:36.754+0000] {xcom.py:635} ERROR - Object of type DataFrame is not JSON serializable. If you are using pickle instead of JSON for XCom, then you need to enable pickle support for XCom in your *** config or make sure to decorate your object with attr.
[2023-05-07T15:37:36.757+0000] {taskinstance.py:1776} ERROR - Task failed with exception
Traceback (most recent call last):
  File "/home/airflow/.local/lib/python3.7/site-packages/airflow/utils/session.py", line 72, in wrapper
    return func(*args, **kwargs)
  File "/home/airflow/.local/lib/python3.7/site-packages/airflow/models/taskinstance.py", line 2305, in xcom_push
    session=session,
  File "/home/airflow/.local/lib/python3.7/site-packages/airflow/utils/session.py", line 72, in wrapper
    return func(*args, **kwargs)
  File "/home/airflow/.local/lib/python3.7/site-packages/airflow/models/xcom.py", line 240, in set
    map_index=map_index,
  File "/home/airflow/.local/lib/python3.7/site-packages/airflow/models/xcom.py", line 627, in serialize_value
    return json.dumps(value, cls=XComEncoder).encode("UTF-8")
  File "/usr/local/lib/python3.7/json/__init__.py", line 238, in dumps
    **kw).encode(obj)
  File "/home/airflow/.local/lib/python3.7/site-packages/airflow/utils/json.py", line 176, in encode
    return super().encode(o)
  File "/usr/local/lib/python3.7/json/encoder.py", line 199, in encode
    chunks = self.iterencode(o, _one_shot=True)
  File "/usr/local/lib/python3.7/json/encoder.py", line 257, in iterencode
    return _iterencode(o, 0)
  File "/home/airflow/.local/lib/python3.7/site-packages/airflow/utils/json.py", line 170, in default
    return super().default(o)
  File "/usr/local/lib/python3.7/json/encoder.py", line 179, in default
    raise TypeError(f'Object of type {o.__class__.__name__} '
TypeError: Object of type DataFrame is not JSON serializable
[2023-05-07T15:37:36.775+0000] {taskinstance.py:1332} INFO - Marking task as FAILED. dag_id=scrape_and_save_to_csv, task_id=scrape_teams_25-30, execution_date=20220501T060000, start_date=20230507T153612, end_date=20230507T153736
[2023-05-07T15:37:36.790+0000] {standard_task_runner.py:105} ERROR - Failed to execute job 3011 for task scrape_teams_25-30 (Object of type DataFrame is not JSON serializable; 3793)
[2023-05-07T15:37:36.840+0000] {local_task_job.py:212} INFO - Task exited with return code 1
[2023-05-07T15:37:36.863+0000] {taskinstance.py:2596} INFO - 0 downstream tasks scheduled from follow-on schedule check
[2023-05-08T23:46:12.632+0000] {taskinstance.py:1090} INFO - Dependencies all met for dep_context=non-requeueable deps ti=<TaskInstance: scrape_and_save_to_csv.scrape_teams_25-30 scheduled__2022-05-01T06:00:00+00:00 [queued]>
[2023-05-08T23:46:12.642+0000] {taskinstance.py:1090} INFO - Dependencies all met for dep_context=requeueable deps ti=<TaskInstance: scrape_and_save_to_csv.scrape_teams_25-30 scheduled__2022-05-01T06:00:00+00:00 [queued]>
[2023-05-08T23:46:12.644+0000] {taskinstance.py:1288} INFO - 
--------------------------------------------------------------------------------
[2023-05-08T23:46:12.645+0000] {taskinstance.py:1289} INFO - Starting attempt 1 of 1
[2023-05-08T23:46:12.646+0000] {taskinstance.py:1290} INFO - 
--------------------------------------------------------------------------------
[2023-05-08T23:46:12.660+0000] {taskinstance.py:1309} INFO - Executing <Task(PythonOperator): scrape_teams_25-30> on 2022-05-01 06:00:00+00:00
[2023-05-08T23:46:12.666+0000] {standard_task_runner.py:55} INFO - Started process 308 to run task
[2023-05-08T23:46:12.675+0000] {standard_task_runner.py:82} INFO - Running: ['***', 'tasks', 'run', 'scrape_and_save_to_csv', 'scrape_teams_25-30', 'scheduled__2022-05-01T06:00:00+00:00', '--job-id', '3129', '--raw', '--subdir', 'DAGS_FOLDER/scrape_and_push_dag.py', '--cfg-path', '/tmp/tmpqr_caay1']
[2023-05-08T23:46:12.679+0000] {standard_task_runner.py:83} INFO - Job 3129: Subtask scrape_teams_25-30
[2023-05-08T23:46:12.785+0000] {task_command.py:389} INFO - Running <TaskInstance: scrape_and_save_to_csv.scrape_teams_25-30 scheduled__2022-05-01T06:00:00+00:00 [running]> on host f41dbfa3d325
[2023-05-08T23:46:12.819+0000] {warnings.py:110} WARNING - /home/***/.local/lib/python3.7/site-packages/***/utils/context.py:205: AirflowContextDeprecationWarning: Accessing 'execution_date' from the template is deprecated and will be removed in a future version. Please use 'data_interval_start' or 'logical_date' instead.
  warnings.warn(_create_deprecation_warning(key, self._deprecation_replacements[key]))

[2023-05-08T23:46:12.864+0000] {taskinstance.py:1518} INFO - Exporting the following env vars:
AIRFLOW_CTX_DAG_OWNER=***
AIRFLOW_CTX_DAG_ID=scrape_and_save_to_csv
AIRFLOW_CTX_TASK_ID=scrape_teams_25-30
AIRFLOW_CTX_EXECUTION_DATE=2022-05-01T06:00:00+00:00
AIRFLOW_CTX_TRY_NUMBER=1
AIRFLOW_CTX_DAG_RUN_ID=scheduled__2022-05-01T06:00:00+00:00
[2023-05-08T23:46:12.868+0000] {taskinstance.py:1776} ERROR - Task failed with exception
Traceback (most recent call last):
  File "/home/airflow/.local/lib/python3.7/site-packages/airflow/operators/python.py", line 175, in execute
    return_value = self.execute_callable()
  File "/home/airflow/.local/lib/python3.7/site-packages/airflow/operators/python.py", line 192, in execute_callable
    return self.python_callable(*self.op_args, **self.op_kwargs)
  File "/opt/airflow/dags/helpers.py", line 59, in scrape_and_save
    after = datetime.fromisoformat(f"{{ execution_date }}")
ValueError: Invalid isoformat string: '{ execution_date }'
[2023-05-08T23:46:12.887+0000] {taskinstance.py:1332} INFO - Marking task as FAILED. dag_id=scrape_and_save_to_csv, task_id=scrape_teams_25-30, execution_date=20220501T060000, start_date=20230508T234612, end_date=20230508T234612
[2023-05-08T23:46:12.898+0000] {standard_task_runner.py:105} ERROR - Failed to execute job 3129 for task scrape_teams_25-30 (Invalid isoformat string: '{ execution_date }'; 308)
[2023-05-08T23:46:12.925+0000] {local_task_job.py:212} INFO - Task exited with return code 1
[2023-05-08T23:46:12.963+0000] {taskinstance.py:2596} INFO - 0 downstream tasks scheduled from follow-on schedule check
[2023-05-08T23:48:46.511+0000] {taskinstance.py:1090} INFO - Dependencies all met for dep_context=non-requeueable deps ti=<TaskInstance: scrape_and_save_to_csv.scrape_teams_25-30 scheduled__2022-05-01T06:00:00+00:00 [queued]>
[2023-05-08T23:48:46.521+0000] {taskinstance.py:1090} INFO - Dependencies all met for dep_context=requeueable deps ti=<TaskInstance: scrape_and_save_to_csv.scrape_teams_25-30 scheduled__2022-05-01T06:00:00+00:00 [queued]>
[2023-05-08T23:48:46.522+0000] {taskinstance.py:1288} INFO - 
--------------------------------------------------------------------------------
[2023-05-08T23:48:46.523+0000] {taskinstance.py:1289} INFO - Starting attempt 1 of 1
[2023-05-08T23:48:46.524+0000] {taskinstance.py:1290} INFO - 
--------------------------------------------------------------------------------
[2023-05-08T23:48:46.535+0000] {taskinstance.py:1309} INFO - Executing <Task(PythonOperator): scrape_teams_25-30> on 2022-05-01 06:00:00+00:00
[2023-05-08T23:48:46.543+0000] {standard_task_runner.py:55} INFO - Started process 788 to run task
[2023-05-08T23:48:46.553+0000] {standard_task_runner.py:82} INFO - Running: ['***', 'tasks', 'run', 'scrape_and_save_to_csv', 'scrape_teams_25-30', 'scheduled__2022-05-01T06:00:00+00:00', '--job-id', '3270', '--raw', '--subdir', 'DAGS_FOLDER/scrape_and_push_dag.py', '--cfg-path', '/tmp/tmpon2l13tk']
[2023-05-08T23:48:46.560+0000] {standard_task_runner.py:83} INFO - Job 3270: Subtask scrape_teams_25-30
[2023-05-08T23:48:46.651+0000] {task_command.py:389} INFO - Running <TaskInstance: scrape_and_save_to_csv.scrape_teams_25-30 scheduled__2022-05-01T06:00:00+00:00 [running]> on host f41dbfa3d325
[2023-05-08T23:48:46.687+0000] {warnings.py:110} WARNING - /home/***/.local/lib/python3.7/site-packages/***/utils/context.py:205: AirflowContextDeprecationWarning: Accessing 'execution_date' from the template is deprecated and will be removed in a future version. Please use 'data_interval_start' or 'logical_date' instead.
  warnings.warn(_create_deprecation_warning(key, self._deprecation_replacements[key]))

[2023-05-08T23:48:46.731+0000] {taskinstance.py:1518} INFO - Exporting the following env vars:
AIRFLOW_CTX_DAG_OWNER=***
AIRFLOW_CTX_DAG_ID=scrape_and_save_to_csv
AIRFLOW_CTX_TASK_ID=scrape_teams_25-30
AIRFLOW_CTX_EXECUTION_DATE=2022-05-01T06:00:00+00:00
AIRFLOW_CTX_TRY_NUMBER=1
AIRFLOW_CTX_DAG_RUN_ID=scheduled__2022-05-01T06:00:00+00:00
[2023-05-08T23:48:46.736+0000] {taskinstance.py:1776} ERROR - Task failed with exception
Traceback (most recent call last):
  File "/home/airflow/.local/lib/python3.7/site-packages/airflow/operators/python.py", line 175, in execute
    return_value = self.execute_callable()
  File "/home/airflow/.local/lib/python3.7/site-packages/airflow/operators/python.py", line 192, in execute_callable
    return self.python_callable(*self.op_args, **self.op_kwargs)
  File "/opt/airflow/dags/helpers.py", line 59, in scrape_and_save
    after = datetime.fromisoformat("{{ execution_date }}")
ValueError: Invalid isoformat string: '{{ execution_date }}'
[2023-05-08T23:48:46.763+0000] {taskinstance.py:1332} INFO - Marking task as FAILED. dag_id=scrape_and_save_to_csv, task_id=scrape_teams_25-30, execution_date=20220501T060000, start_date=20230508T234846, end_date=20230508T234846
[2023-05-08T23:48:46.776+0000] {standard_task_runner.py:105} ERROR - Failed to execute job 3270 for task scrape_teams_25-30 (Invalid isoformat string: '{{ execution_date }}'; 788)
[2023-05-08T23:48:46.800+0000] {local_task_job.py:212} INFO - Task exited with return code 1
[2023-05-08T23:48:46.853+0000] {taskinstance.py:2596} INFO - 0 downstream tasks scheduled from follow-on schedule check
[2023-05-09T21:16:05.385+0000] {taskinstance.py:1090} INFO - Dependencies all met for dep_context=non-requeueable deps ti=<TaskInstance: scrape_and_save_to_csv.scrape_teams_25-30 scheduled__2022-05-01T06:00:00+00:00 [queued]>
[2023-05-09T21:16:05.425+0000] {taskinstance.py:1090} INFO - Dependencies all met for dep_context=requeueable deps ti=<TaskInstance: scrape_and_save_to_csv.scrape_teams_25-30 scheduled__2022-05-01T06:00:00+00:00 [queued]>
[2023-05-09T21:16:05.437+0000] {taskinstance.py:1288} INFO - 
--------------------------------------------------------------------------------
[2023-05-09T21:16:05.456+0000] {taskinstance.py:1289} INFO - Starting attempt 1 of 1
[2023-05-09T21:16:05.457+0000] {taskinstance.py:1290} INFO - 
--------------------------------------------------------------------------------
[2023-05-09T21:16:05.480+0000] {taskinstance.py:1309} INFO - Executing <Task(PythonOperator): scrape_teams_25-30> on 2022-05-01 06:00:00+00:00
[2023-05-09T21:16:05.490+0000] {standard_task_runner.py:55} INFO - Started process 11797 to run task
[2023-05-09T21:16:05.496+0000] {standard_task_runner.py:82} INFO - Running: ['***', 'tasks', 'run', 'scrape_and_save_to_csv', 'scrape_teams_25-30', 'scheduled__2022-05-01T06:00:00+00:00', '--job-id', '3326', '--raw', '--subdir', 'DAGS_FOLDER/scrape_and_push_dag.py', '--cfg-path', '/tmp/tmpjl3l5fd7']
[2023-05-09T21:16:05.501+0000] {standard_task_runner.py:83} INFO - Job 3326: Subtask scrape_teams_25-30
[2023-05-09T21:16:05.632+0000] {task_command.py:389} INFO - Running <TaskInstance: scrape_and_save_to_csv.scrape_teams_25-30 scheduled__2022-05-01T06:00:00+00:00 [running]> on host f41dbfa3d325
[2023-05-09T21:16:05.687+0000] {warnings.py:110} WARNING - /home/***/.local/lib/python3.7/site-packages/***/utils/context.py:205: AirflowContextDeprecationWarning: Accessing 'execution_date' from the template is deprecated and will be removed in a future version. Please use 'data_interval_start' or 'logical_date' instead.
  warnings.warn(_create_deprecation_warning(key, self._deprecation_replacements[key]))

[2023-05-09T21:16:05.741+0000] {taskinstance.py:1518} INFO - Exporting the following env vars:
AIRFLOW_CTX_DAG_OWNER=***
AIRFLOW_CTX_DAG_ID=scrape_and_save_to_csv
AIRFLOW_CTX_TASK_ID=scrape_teams_25-30
AIRFLOW_CTX_EXECUTION_DATE=2022-05-01T06:00:00+00:00
AIRFLOW_CTX_TRY_NUMBER=1
AIRFLOW_CTX_DAG_RUN_ID=scheduled__2022-05-01T06:00:00+00:00
[2023-05-09T21:16:10.185+0000] {helpers.py:94} INFO - Portland Trail Blazers: Successfully scraped!
[2023-05-09T21:16:22.975+0000] {helpers.py:94} INFO - Sacramento Kings: Successfully scraped!
[2023-05-09T21:16:39.022+0000] {helpers.py:94} INFO - San Antonio Spurs: Successfully scraped!
[2023-05-09T21:16:54.977+0000] {helpers.py:94} INFO - Toronto Raptors: Successfully scraped!
[2023-05-09T21:17:10.548+0000] {helpers.py:94} INFO - Utah Jazz: Successfully scraped!
[2023-05-09T21:17:26.837+0000] {helpers.py:94} INFO - Washington Wizards: Successfully scraped!
[2023-05-09T21:17:26.853+0000] {helpers.py:109} INFO - Saved in /opt/***/data/output_scrape_teams_25-30.csv
[2023-05-09T21:17:26.855+0000] {python.py:177} INFO - Done. Returned value was: None
[2023-05-09T21:17:26.870+0000] {taskinstance.py:1332} INFO - Marking task as SUCCESS. dag_id=scrape_and_save_to_csv, task_id=scrape_teams_25-30, execution_date=20220501T060000, start_date=20230509T211605, end_date=20230509T211726
[2023-05-09T21:17:26.954+0000] {local_task_job.py:212} INFO - Task exited with return code 0
[2023-05-09T21:17:26.978+0000] {taskinstance.py:2596} INFO - 0 downstream tasks scheduled from follow-on schedule check
