[2023-04-30T05:30:01.277+0000] {taskinstance.py:1090} INFO - Dependencies all met for dep_context=non-requeueable deps ti=<TaskInstance: scrape_and_save_to_csv.scrape_teams_1-8 scheduled__2023-04-30T04:30:00+00:00 [queued]>
[2023-04-30T05:30:01.292+0000] {taskinstance.py:1090} INFO - Dependencies all met for dep_context=requeueable deps ti=<TaskInstance: scrape_and_save_to_csv.scrape_teams_1-8 scheduled__2023-04-30T04:30:00+00:00 [queued]>
[2023-04-30T05:30:01.294+0000] {taskinstance.py:1288} INFO - 
--------------------------------------------------------------------------------
[2023-04-30T05:30:01.295+0000] {taskinstance.py:1289} INFO - Starting attempt 1 of 1
[2023-04-30T05:30:01.296+0000] {taskinstance.py:1290} INFO - 
--------------------------------------------------------------------------------
[2023-04-30T05:30:01.314+0000] {taskinstance.py:1309} INFO - Executing <Task(PythonOperator): scrape_teams_1-8> on 2023-04-30 04:30:00+00:00
[2023-04-30T05:30:01.325+0000] {standard_task_runner.py:55} INFO - Started process 6568 to run task
[2023-04-30T05:30:01.336+0000] {standard_task_runner.py:82} INFO - Running: ['***', 'tasks', 'run', 'scrape_and_save_to_csv', 'scrape_teams_1-8', 'scheduled__2023-04-30T04:30:00+00:00', '--job-id', '1879', '--raw', '--subdir', 'DAGS_FOLDER/scrape_and_save_csv_dag.py', '--cfg-path', '/tmp/tmp9jymt_qy']
[2023-04-30T05:30:01.342+0000] {standard_task_runner.py:83} INFO - Job 1879: Subtask scrape_teams_1-8
[2023-04-30T05:30:01.463+0000] {task_command.py:389} INFO - Running <TaskInstance: scrape_and_save_to_csv.scrape_teams_1-8 scheduled__2023-04-30T04:30:00+00:00 [running]> on host b5cee175690f
[2023-04-30T05:30:01.572+0000] {taskinstance.py:1518} INFO - Exporting the following env vars:
AIRFLOW_CTX_DAG_OWNER=***
AIRFLOW_CTX_DAG_ID=scrape_and_save_to_csv
AIRFLOW_CTX_TASK_ID=scrape_teams_1-8
AIRFLOW_CTX_EXECUTION_DATE=2023-04-30T04:30:00+00:00
AIRFLOW_CTX_TRY_NUMBER=1
AIRFLOW_CTX_DAG_RUN_ID=scheduled__2023-04-30T04:30:00+00:00
[2023-04-30T05:30:03.521+0000] {warnings.py:110} WARNING - /home/***/.local/lib/python3.7/site-packages/***/utils/context.py:313: AirflowContextDeprecationWarning: Accessing 'execution_date' from the template is deprecated and will be removed in a future version. Please use 'data_interval_start' or 'logical_date' instead.
  warnings.warn(_create_deprecation_warning(k, replacements))

[2023-04-30T05:30:03.525+0000] {helpers.py:69} INFO - Hawks: Successfully scraped!
[2023-04-30T05:30:04.433+0000] {helpers.py:69} INFO - Nets: Successfully scraped!
[2023-04-30T05:30:05.400+0000] {helpers.py:69} INFO - Celtics: Successfully scraped!
[2023-04-30T05:30:06.072+0000] {helpers.py:69} INFO - Hornets: Successfully scraped!
[2023-04-30T05:30:07.299+0000] {helpers.py:69} INFO - Bulls: Successfully scraped!
[2023-04-30T05:30:07.865+0000] {helpers.py:69} INFO - Cavaliers: Successfully scraped!
[2023-04-30T05:30:09.035+0000] {helpers.py:69} INFO - Mavs: Successfully scraped!
[2023-04-30T05:30:09.709+0000] {helpers.py:69} INFO - Nuggets: Successfully scraped!
[2023-04-30T05:30:09.724+0000] {helpers.py:83} INFO - Saved in /opt/***/data/output_scrape_teams_1-8.csv
[2023-04-30T05:30:09.736+0000] {python.py:177} INFO - Done. Returned value was: None
[2023-04-30T05:30:09.755+0000] {taskinstance.py:1332} INFO - Marking task as SUCCESS. dag_id=scrape_and_save_to_csv, task_id=scrape_teams_1-8, execution_date=20230430T043000, start_date=20230430T053001, end_date=20230430T053009
[2023-04-30T05:30:09.809+0000] {local_task_job.py:212} INFO - Task exited with return code 0
[2023-04-30T05:30:09.829+0000] {taskinstance.py:2596} INFO - 0 downstream tasks scheduled from follow-on schedule check
