[2023-05-19T22:06:58.917+0000] {taskinstance.py:1090} INFO - Dependencies all met for dep_context=non-requeueable deps ti=<TaskInstance: scrape_and_save_to_csv.push_csv_to_cloud_storage manual__2023-05-19T22:06:41.778398+00:00 [queued]>
[2023-05-19T22:06:58.924+0000] {taskinstance.py:1090} INFO - Dependencies all met for dep_context=requeueable deps ti=<TaskInstance: scrape_and_save_to_csv.push_csv_to_cloud_storage manual__2023-05-19T22:06:41.778398+00:00 [queued]>
[2023-05-19T22:06:58.926+0000] {taskinstance.py:1288} INFO - 
--------------------------------------------------------------------------------
[2023-05-19T22:06:58.927+0000] {taskinstance.py:1289} INFO - Starting attempt 1 of 1
[2023-05-19T22:06:58.927+0000] {taskinstance.py:1290} INFO - 
--------------------------------------------------------------------------------
[2023-05-19T22:06:58.936+0000] {taskinstance.py:1309} INFO - Executing <Task(PythonOperator): push_csv_to_cloud_storage> on 2023-05-19 22:06:41.778398+00:00
[2023-05-19T22:06:58.941+0000] {standard_task_runner.py:55} INFO - Started process 1450 to run task
[2023-05-19T22:06:58.944+0000] {standard_task_runner.py:82} INFO - Running: ['***', 'tasks', 'run', 'scrape_and_save_to_csv', 'push_csv_to_cloud_storage', 'manual__2023-05-19T22:06:41.778398+00:00', '--job-id', '4442', '--raw', '--subdir', 'DAGS_FOLDER/scrape_and_push_dag.py', '--cfg-path', '/tmp/tmpiqjbuo_d']
[2023-05-19T22:06:58.947+0000] {standard_task_runner.py:83} INFO - Job 4442: Subtask push_csv_to_cloud_storage
[2023-05-19T22:06:59.008+0000] {task_command.py:389} INFO - Running <TaskInstance: scrape_and_save_to_csv.push_csv_to_cloud_storage manual__2023-05-19T22:06:41.778398+00:00 [running]> on host e1b88dc21215
[2023-05-19T22:06:59.034+0000] {warnings.py:110} WARNING - /home/***/.local/lib/python3.7/site-packages/***/utils/context.py:205: AirflowContextDeprecationWarning: Accessing 'execution_date' from the template is deprecated and will be removed in a future version. Please use 'data_interval_start' or 'logical_date' instead.
  warnings.warn(_create_deprecation_warning(key, self._deprecation_replacements[key]))

[2023-05-19T22:06:59.066+0000] {taskinstance.py:1518} INFO - Exporting the following env vars:
AIRFLOW_CTX_DAG_OWNER=***
AIRFLOW_CTX_DAG_ID=scrape_and_save_to_csv
AIRFLOW_CTX_TASK_ID=push_csv_to_cloud_storage
AIRFLOW_CTX_EXECUTION_DATE=2023-05-19T22:06:41.778398+00:00
AIRFLOW_CTX_TRY_NUMBER=1
AIRFLOW_CTX_DAG_RUN_ID=manual__2023-05-19T22:06:41.778398+00:00
[2023-05-19T22:06:59.511+0000] {logging_mixin.py:137} INFO - File /opt/***/data/all_teams.csv has been uploaded to Google Cloud Storage Bucket trendba-bucket-1
[2023-05-19T22:06:59.513+0000] {python.py:177} INFO - Done. Returned value was: None
[2023-05-19T22:06:59.525+0000] {taskinstance.py:1332} INFO - Marking task as SUCCESS. dag_id=scrape_and_save_to_csv, task_id=push_csv_to_cloud_storage, execution_date=20230519T220641, start_date=20230519T220658, end_date=20230519T220659
[2023-05-19T22:06:59.569+0000] {local_task_job.py:212} INFO - Task exited with return code 0
[2023-05-19T22:06:59.589+0000] {taskinstance.py:2596} INFO - 1 downstream tasks scheduled from follow-on schedule check
