[2023-05-02T06:30:01.536+0000] {taskinstance.py:1090} INFO - Dependencies all met for dep_context=non-requeueable deps ti=<TaskInstance: scrape_and_save_to_csv.scrape_teams_1-8 scheduled__2023-05-02T05:30:00+00:00 [queued]>
[2023-05-02T06:30:01.562+0000] {taskinstance.py:1090} INFO - Dependencies all met for dep_context=requeueable deps ti=<TaskInstance: scrape_and_save_to_csv.scrape_teams_1-8 scheduled__2023-05-02T05:30:00+00:00 [queued]>
[2023-05-02T06:30:01.565+0000] {taskinstance.py:1288} INFO - 
--------------------------------------------------------------------------------
[2023-05-02T06:30:01.567+0000] {taskinstance.py:1289} INFO - Starting attempt 1 of 1
[2023-05-02T06:30:01.568+0000] {taskinstance.py:1290} INFO - 
--------------------------------------------------------------------------------
[2023-05-02T06:30:01.583+0000] {taskinstance.py:1309} INFO - Executing <Task(PythonOperator): scrape_teams_1-8> on 2023-05-02 05:30:00+00:00
[2023-05-02T06:30:01.592+0000] {standard_task_runner.py:55} INFO - Started process 14465 to run task
[2023-05-02T06:30:01.604+0000] {standard_task_runner.py:82} INFO - Running: ['***', 'tasks', 'run', 'scrape_and_save_to_csv', 'scrape_teams_1-8', 'scheduled__2023-05-02T05:30:00+00:00', '--job-id', '2168', '--raw', '--subdir', 'DAGS_FOLDER/scrape_and_save_csv_dag.py', '--cfg-path', '/tmp/tmp519bp5on']
[2023-05-02T06:30:01.609+0000] {standard_task_runner.py:83} INFO - Job 2168: Subtask scrape_teams_1-8
[2023-05-02T06:30:01.722+0000] {task_command.py:389} INFO - Running <TaskInstance: scrape_and_save_to_csv.scrape_teams_1-8 scheduled__2023-05-02T05:30:00+00:00 [running]> on host 5d4cd8acb346
[2023-05-02T06:30:01.824+0000] {taskinstance.py:1518} INFO - Exporting the following env vars:
AIRFLOW_CTX_DAG_OWNER=***
AIRFLOW_CTX_DAG_ID=scrape_and_save_to_csv
AIRFLOW_CTX_TASK_ID=scrape_teams_1-8
AIRFLOW_CTX_EXECUTION_DATE=2023-05-02T05:30:00+00:00
AIRFLOW_CTX_TRY_NUMBER=1
AIRFLOW_CTX_DAG_RUN_ID=scheduled__2023-05-02T05:30:00+00:00
[2023-05-02T06:30:09.225+0000] {warnings.py:110} WARNING - /home/***/.local/lib/python3.7/site-packages/***/utils/context.py:313: AirflowContextDeprecationWarning: Accessing 'execution_date' from the template is deprecated and will be removed in a future version. Please use 'data_interval_start' or 'logical_date' instead.
  warnings.warn(_create_deprecation_warning(k, replacements))

[2023-05-02T06:30:09.623+0000] {helpers.py:80} INFO - Atlanta Hawks: Successfully scraped!
[2023-05-02T06:30:13.434+0000] {helpers.py:80} INFO - Boston Celtics: Successfully scraped!
[2023-05-02T06:30:18.417+0000] {helpers.py:80} INFO - Brooklyn Nets: Successfully scraped!
[2023-05-02T06:30:22.208+0000] {helpers.py:80} INFO - Charlotte Hornets: Successfully scraped!
[2023-05-02T06:30:25.705+0000] {helpers.py:80} INFO - Chicago Bulls: Successfully scraped!
[2023-05-02T06:30:28.886+0000] {helpers.py:80} INFO - Cleveland Cavaliers: Successfully scraped!
[2023-05-02T06:30:31.789+0000] {helpers.py:80} INFO - Dallas Mavericks: Successfully scraped!
[2023-05-02T06:30:35.810+0000] {helpers.py:80} INFO - Denver Nuggets: Successfully scraped!
[2023-05-02T06:30:35.837+0000] {helpers.py:96} INFO - Saved in /opt/***/data/output_scrape_teams_1-8.csv
[2023-05-02T06:30:35.840+0000] {python.py:177} INFO - Done. Returned value was: None
[2023-05-02T06:30:35.850+0000] {taskinstance.py:1332} INFO - Marking task as SUCCESS. dag_id=scrape_and_save_to_csv, task_id=scrape_teams_1-8, execution_date=20230502T053000, start_date=20230502T063001, end_date=20230502T063035
[2023-05-02T06:30:35.923+0000] {local_task_job.py:212} INFO - Task exited with return code 0
[2023-05-02T06:30:35.945+0000] {taskinstance.py:2596} INFO - 1 downstream tasks scheduled from follow-on schedule check
