[2023-05-02T18:30:01.714+0000] {taskinstance.py:1090} INFO - Dependencies all met for dep_context=non-requeueable deps ti=<TaskInstance: scrape_and_save_to_csv.scrape_teams_25-30 scheduled__2023-05-02T17:30:00+00:00 [queued]>
[2023-05-02T18:30:01.735+0000] {taskinstance.py:1090} INFO - Dependencies all met for dep_context=requeueable deps ti=<TaskInstance: scrape_and_save_to_csv.scrape_teams_25-30 scheduled__2023-05-02T17:30:00+00:00 [queued]>
[2023-05-02T18:30:01.736+0000] {taskinstance.py:1288} INFO - 
--------------------------------------------------------------------------------
[2023-05-02T18:30:01.738+0000] {taskinstance.py:1289} INFO - Starting attempt 1 of 1
[2023-05-02T18:30:01.739+0000] {taskinstance.py:1290} INFO - 
--------------------------------------------------------------------------------
[2023-05-02T18:30:01.766+0000] {taskinstance.py:1309} INFO - Executing <Task(PythonOperator): scrape_teams_25-30> on 2023-05-02 17:30:00+00:00
[2023-05-02T18:30:01.776+0000] {standard_task_runner.py:55} INFO - Started process 22986 to run task
[2023-05-02T18:30:01.789+0000] {standard_task_runner.py:82} INFO - Running: ['***', 'tasks', 'run', 'scrape_and_save_to_csv', 'scrape_teams_25-30', 'scheduled__2023-05-02T17:30:00+00:00', '--job-id', '2243', '--raw', '--subdir', 'DAGS_FOLDER/scrape_and_save_csv_dag.py', '--cfg-path', '/tmp/tmphgcb3di7']
[2023-05-02T18:30:01.799+0000] {standard_task_runner.py:83} INFO - Job 2243: Subtask scrape_teams_25-30
[2023-05-02T18:30:01.986+0000] {task_command.py:389} INFO - Running <TaskInstance: scrape_and_save_to_csv.scrape_teams_25-30 scheduled__2023-05-02T17:30:00+00:00 [running]> on host 5d4cd8acb346
[2023-05-02T18:30:02.170+0000] {taskinstance.py:1518} INFO - Exporting the following env vars:
AIRFLOW_CTX_DAG_OWNER=***
AIRFLOW_CTX_DAG_ID=scrape_and_save_to_csv
AIRFLOW_CTX_TASK_ID=scrape_teams_25-30
AIRFLOW_CTX_EXECUTION_DATE=2023-05-02T17:30:00+00:00
AIRFLOW_CTX_TRY_NUMBER=1
AIRFLOW_CTX_DAG_RUN_ID=scheduled__2023-05-02T17:30:00+00:00
[2023-05-02T18:30:08.708+0000] {warnings.py:110} WARNING - /home/***/.local/lib/python3.7/site-packages/***/utils/context.py:313: AirflowContextDeprecationWarning: Accessing 'execution_date' from the template is deprecated and will be removed in a future version. Please use 'data_interval_start' or 'logical_date' instead.
  warnings.warn(_create_deprecation_warning(k, replacements))

[2023-05-02T18:30:09.047+0000] {helpers.py:80} INFO - Portland Trail Blazers: Successfully scraped!
[2023-05-02T18:30:12.290+0000] {helpers.py:80} INFO - Sacramento Kings: Successfully scraped!
[2023-05-02T18:30:17.604+0000] {helpers.py:80} INFO - San Antonio Spurs: Successfully scraped!
[2023-05-02T18:30:22.375+0000] {helpers.py:80} INFO - Toronto Raptors: Successfully scraped!
[2023-05-02T18:30:25.894+0000] {helpers.py:80} INFO - Utah Jazz: Successfully scraped!
[2023-05-02T18:30:30.502+0000] {helpers.py:80} INFO - Washington Wizards: Successfully scraped!
[2023-05-02T18:30:30.528+0000] {helpers.py:96} INFO - Saved in /opt/***/data/output_scrape_teams_25-30.csv
[2023-05-02T18:30:30.532+0000] {python.py:177} INFO - Done. Returned value was: None
[2023-05-02T18:30:30.556+0000] {taskinstance.py:1332} INFO - Marking task as SUCCESS. dag_id=scrape_and_save_to_csv, task_id=scrape_teams_25-30, execution_date=20230502T173000, start_date=20230502T183001, end_date=20230502T183030
[2023-05-02T18:30:30.645+0000] {local_task_job.py:212} INFO - Task exited with return code 0
[2023-05-02T18:30:30.670+0000] {taskinstance.py:2596} INFO - 0 downstream tasks scheduled from follow-on schedule check
