[2023-05-10T01:42:57.180+0000] {taskinstance.py:1090} INFO - Dependencies all met for dep_context=non-requeueable deps ti=<TaskInstance: scrape_and_save_to_csv.scrape_teams_1-8 scheduled__2022-05-04T20:00:00+00:00 [queued]>
[2023-05-10T01:42:57.198+0000] {taskinstance.py:1090} INFO - Dependencies all met for dep_context=requeueable deps ti=<TaskInstance: scrape_and_save_to_csv.scrape_teams_1-8 scheduled__2022-05-04T20:00:00+00:00 [queued]>
[2023-05-10T01:42:57.200+0000] {taskinstance.py:1288} INFO - 
--------------------------------------------------------------------------------
[2023-05-10T01:42:57.202+0000] {taskinstance.py:1289} INFO - Starting attempt 1 of 1
[2023-05-10T01:42:57.203+0000] {taskinstance.py:1290} INFO - 
--------------------------------------------------------------------------------
[2023-05-10T01:42:57.220+0000] {taskinstance.py:1309} INFO - Executing <Task(PythonOperator): scrape_teams_1-8> on 2022-05-04 20:00:00+00:00
[2023-05-10T01:42:57.244+0000] {standard_task_runner.py:55} INFO - Started process 16097 to run task
[2023-05-10T01:42:57.252+0000] {standard_task_runner.py:82} INFO - Running: ['***', 'tasks', 'run', 'scrape_and_save_to_csv', 'scrape_teams_1-8', 'scheduled__2022-05-04T20:00:00+00:00', '--job-id', '3837', '--raw', '--subdir', 'DAGS_FOLDER/scrape_and_push_dag.py', '--cfg-path', '/tmp/tmp8kq3tcrx']
[2023-05-10T01:42:57.258+0000] {standard_task_runner.py:83} INFO - Job 3837: Subtask scrape_teams_1-8
[2023-05-10T01:42:57.421+0000] {task_command.py:389} INFO - Running <TaskInstance: scrape_and_save_to_csv.scrape_teams_1-8 scheduled__2022-05-04T20:00:00+00:00 [running]> on host f41dbfa3d325
[2023-05-10T01:42:57.482+0000] {warnings.py:110} WARNING - /home/***/.local/lib/python3.7/site-packages/***/utils/context.py:205: AirflowContextDeprecationWarning: Accessing 'execution_date' from the template is deprecated and will be removed in a future version. Please use 'data_interval_start' or 'logical_date' instead.
  warnings.warn(_create_deprecation_warning(key, self._deprecation_replacements[key]))

[2023-05-10T01:42:57.558+0000] {taskinstance.py:1518} INFO - Exporting the following env vars:
AIRFLOW_CTX_DAG_OWNER=***
AIRFLOW_CTX_DAG_ID=scrape_and_save_to_csv
AIRFLOW_CTX_TASK_ID=scrape_teams_1-8
AIRFLOW_CTX_EXECUTION_DATE=2022-05-04T20:00:00+00:00
AIRFLOW_CTX_TRY_NUMBER=1
AIRFLOW_CTX_DAG_RUN_ID=scheduled__2022-05-04T20:00:00+00:00
[2023-05-10T01:42:58.515+0000] {helpers.py:94} INFO - Atlanta Hawks: Successfully scraped!
[2023-05-10T01:43:00.494+0000] {helpers.py:94} INFO - Boston Celtics: Successfully scraped!
[2023-05-10T01:43:03.138+0000] {helpers.py:94} INFO - Brooklyn Nets: Successfully scraped!
[2023-05-10T01:43:06.278+0000] {helpers.py:94} INFO - Charlotte Hornets: Successfully scraped!
[2023-05-10T01:43:14.132+0000] {helpers.py:94} INFO - Chicago Bulls: Successfully scraped!
[2023-05-10T01:43:17.776+0000] {helpers.py:94} INFO - Cleveland Cavaliers: Successfully scraped!
[2023-05-10T01:43:21.921+0000] {helpers.py:94} INFO - Dallas Mavericks: Successfully scraped!
[2023-05-10T01:43:29.846+0000] {helpers.py:94} INFO - Denver Nuggets: Successfully scraped!
[2023-05-10T01:43:29.860+0000] {helpers.py:109} INFO - Saved in /opt/***/data/output_scrape_teams_1-8.csv
[2023-05-10T01:43:29.862+0000] {python.py:177} INFO - Done. Returned value was: None
[2023-05-10T01:43:29.886+0000] {taskinstance.py:1332} INFO - Marking task as SUCCESS. dag_id=scrape_and_save_to_csv, task_id=scrape_teams_1-8, execution_date=20220504T200000, start_date=20230510T014257, end_date=20230510T014329
[2023-05-10T01:43:29.947+0000] {local_task_job.py:212} INFO - Task exited with return code 0
[2023-05-10T01:43:29.970+0000] {taskinstance.py:2596} INFO - 0 downstream tasks scheduled from follow-on schedule check
