[2023-05-01T09:42:24.215+0000] {taskinstance.py:1090} INFO - Dependencies all met for dep_context=non-requeueable deps ti=<TaskInstance: scrape_and_save_to_csv.scrape_teams_1-8 scheduled__2023-05-01T08:30:00+00:00 [queued]>
[2023-05-01T09:42:24.243+0000] {taskinstance.py:1090} INFO - Dependencies all met for dep_context=requeueable deps ti=<TaskInstance: scrape_and_save_to_csv.scrape_teams_1-8 scheduled__2023-05-01T08:30:00+00:00 [queued]>
[2023-05-01T09:42:24.246+0000] {taskinstance.py:1288} INFO - 
--------------------------------------------------------------------------------
[2023-05-01T09:42:24.247+0000] {taskinstance.py:1289} INFO - Starting attempt 1 of 1
[2023-05-01T09:42:24.248+0000] {taskinstance.py:1290} INFO - 
--------------------------------------------------------------------------------
[2023-05-01T09:42:24.286+0000] {taskinstance.py:1309} INFO - Executing <Task(PythonOperator): scrape_teams_1-8> on 2023-05-01 08:30:00+00:00
[2023-05-01T09:42:24.303+0000] {standard_task_runner.py:55} INFO - Started process 5728 to run task
[2023-05-01T09:42:24.314+0000] {standard_task_runner.py:82} INFO - Running: ['***', 'tasks', 'run', 'scrape_and_save_to_csv', 'scrape_teams_1-8', 'scheduled__2023-05-01T08:30:00+00:00', '--job-id', '2032', '--raw', '--subdir', 'DAGS_FOLDER/scrape_and_save_csv_dag.py', '--cfg-path', '/tmp/tmp6sfgbe7d']
[2023-05-01T09:42:24.326+0000] {standard_task_runner.py:83} INFO - Job 2032: Subtask scrape_teams_1-8
[2023-05-01T09:42:24.452+0000] {task_command.py:389} INFO - Running <TaskInstance: scrape_and_save_to_csv.scrape_teams_1-8 scheduled__2023-05-01T08:30:00+00:00 [running]> on host 5d4cd8acb346
[2023-05-01T09:42:24.539+0000] {taskinstance.py:1518} INFO - Exporting the following env vars:
AIRFLOW_CTX_DAG_OWNER=***
AIRFLOW_CTX_DAG_ID=scrape_and_save_to_csv
AIRFLOW_CTX_TASK_ID=scrape_teams_1-8
AIRFLOW_CTX_EXECUTION_DATE=2023-05-01T08:30:00+00:00
AIRFLOW_CTX_TRY_NUMBER=1
AIRFLOW_CTX_DAG_RUN_ID=scheduled__2023-05-01T08:30:00+00:00
[2023-05-01T09:42:24.552+0000] {logging_mixin.py:137} INFO - HTTPSConnectionPool(host='api.pushshift.io', port=443): Max retries exceeded with url: /reddit/search/submission/?subreddit=AtlantaHawks&sort=created_utc&sort_type=desc&size=500 (Caused by NewConnectionError('<urllib3.connection.HTTPSConnection object at 0xffffa003c950>: Failed to establish a new connection: [Errno -2] Name or service not known'))
[2023-05-01T09:42:24.555+0000] {helpers.py:86} ERROR - HTTPSConnectionPool(host='api.pushshift.io', port=443): Max retries exceeded with url: /reddit/search/submission/?subreddit=AtlantaHawks&sort=created_utc&sort_type=desc&size=500 (Caused by NewConnectionError('<urllib3.connection.HTTPSConnection object at 0xffffa003c950>: Failed to establish a new connection: [Errno -2] Name or service not known'))
[2023-05-01T09:42:24.557+0000] {helpers.py:87} ERROR - Retrying! 9 attempts before skipping!
[2023-05-01T09:42:25.564+0000] {logging_mixin.py:137} INFO - HTTPSConnectionPool(host='api.pushshift.io', port=443): Max retries exceeded with url: /reddit/search/submission/?subreddit=AtlantaHawks&sort=created_utc&sort_type=desc&size=500 (Caused by NewConnectionError('<urllib3.connection.HTTPSConnection object at 0xffffa0049a90>: Failed to establish a new connection: [Errno -2] Name or service not known'))
[2023-05-01T09:42:25.566+0000] {helpers.py:86} ERROR - HTTPSConnectionPool(host='api.pushshift.io', port=443): Max retries exceeded with url: /reddit/search/submission/?subreddit=AtlantaHawks&sort=created_utc&sort_type=desc&size=500 (Caused by NewConnectionError('<urllib3.connection.HTTPSConnection object at 0xffffa0049a90>: Failed to establish a new connection: [Errno -2] Name or service not known'))
[2023-05-01T09:42:25.568+0000] {helpers.py:87} ERROR - Retrying! 8 attempts before skipping!
[2023-05-01T09:42:26.577+0000] {logging_mixin.py:137} INFO - HTTPSConnectionPool(host='api.pushshift.io', port=443): Max retries exceeded with url: /reddit/search/submission/?subreddit=AtlantaHawks&sort=created_utc&sort_type=desc&size=500 (Caused by NewConnectionError('<urllib3.connection.HTTPSConnection object at 0xffffa0049710>: Failed to establish a new connection: [Errno -2] Name or service not known'))
[2023-05-01T09:42:26.581+0000] {helpers.py:86} ERROR - HTTPSConnectionPool(host='api.pushshift.io', port=443): Max retries exceeded with url: /reddit/search/submission/?subreddit=AtlantaHawks&sort=created_utc&sort_type=desc&size=500 (Caused by NewConnectionError('<urllib3.connection.HTTPSConnection object at 0xffffa0049710>: Failed to establish a new connection: [Errno -2] Name or service not known'))
[2023-05-01T09:42:26.582+0000] {helpers.py:87} ERROR - Retrying! 7 attempts before skipping!
[2023-05-01T09:42:27.593+0000] {logging_mixin.py:137} INFO - HTTPSConnectionPool(host='api.pushshift.io', port=443): Max retries exceeded with url: /reddit/search/submission/?subreddit=AtlantaHawks&sort=created_utc&sort_type=desc&size=500 (Caused by NewConnectionError('<urllib3.connection.HTTPSConnection object at 0xffffa0049910>: Failed to establish a new connection: [Errno -2] Name or service not known'))
[2023-05-01T09:42:27.595+0000] {helpers.py:86} ERROR - HTTPSConnectionPool(host='api.pushshift.io', port=443): Max retries exceeded with url: /reddit/search/submission/?subreddit=AtlantaHawks&sort=created_utc&sort_type=desc&size=500 (Caused by NewConnectionError('<urllib3.connection.HTTPSConnection object at 0xffffa0049910>: Failed to establish a new connection: [Errno -2] Name or service not known'))
[2023-05-01T09:42:27.596+0000] {helpers.py:87} ERROR - Retrying! 6 attempts before skipping!
[2023-05-01T09:42:28.601+0000] {logging_mixin.py:137} INFO - HTTPSConnectionPool(host='api.pushshift.io', port=443): Max retries exceeded with url: /reddit/search/submission/?subreddit=AtlantaHawks&sort=created_utc&sort_type=desc&size=500 (Caused by NewConnectionError('<urllib3.connection.HTTPSConnection object at 0xffffa0049690>: Failed to establish a new connection: [Errno -2] Name or service not known'))
[2023-05-01T09:42:28.604+0000] {helpers.py:86} ERROR - HTTPSConnectionPool(host='api.pushshift.io', port=443): Max retries exceeded with url: /reddit/search/submission/?subreddit=AtlantaHawks&sort=created_utc&sort_type=desc&size=500 (Caused by NewConnectionError('<urllib3.connection.HTTPSConnection object at 0xffffa0049690>: Failed to establish a new connection: [Errno -2] Name or service not known'))
[2023-05-01T09:42:28.605+0000] {helpers.py:87} ERROR - Retrying! 5 attempts before skipping!
[2023-05-01T09:42:29.612+0000] {logging_mixin.py:137} INFO - HTTPSConnectionPool(host='api.pushshift.io', port=443): Max retries exceeded with url: /reddit/search/submission/?subreddit=AtlantaHawks&sort=created_utc&sort_type=desc&size=500 (Caused by NewConnectionError('<urllib3.connection.HTTPSConnection object at 0xffffa0049490>: Failed to establish a new connection: [Errno -2] Name or service not known'))
[2023-05-01T09:42:29.613+0000] {helpers.py:86} ERROR - HTTPSConnectionPool(host='api.pushshift.io', port=443): Max retries exceeded with url: /reddit/search/submission/?subreddit=AtlantaHawks&sort=created_utc&sort_type=desc&size=500 (Caused by NewConnectionError('<urllib3.connection.HTTPSConnection object at 0xffffa0049490>: Failed to establish a new connection: [Errno -2] Name or service not known'))
[2023-05-01T09:42:29.615+0000] {helpers.py:87} ERROR - Retrying! 4 attempts before skipping!
[2023-05-01T09:42:30.661+0000] {logging_mixin.py:137} INFO - HTTPSConnectionPool(host='api.pushshift.io', port=443): Max retries exceeded with url: /reddit/search/submission/?subreddit=AtlantaHawks&sort=created_utc&sort_type=desc&size=500 (Caused by NewConnectionError('<urllib3.connection.HTTPSConnection object at 0xffffa0049310>: Failed to establish a new connection: [Errno -2] Name or service not known'))
[2023-05-01T09:42:30.723+0000] {helpers.py:86} ERROR - HTTPSConnectionPool(host='api.pushshift.io', port=443): Max retries exceeded with url: /reddit/search/submission/?subreddit=AtlantaHawks&sort=created_utc&sort_type=desc&size=500 (Caused by NewConnectionError('<urllib3.connection.HTTPSConnection object at 0xffffa0049310>: Failed to establish a new connection: [Errno -2] Name or service not known'))
[2023-05-01T09:42:30.726+0000] {helpers.py:87} ERROR - Retrying! 3 attempts before skipping!
[2023-05-01T09:42:31.743+0000] {logging_mixin.py:137} INFO - HTTPSConnectionPool(host='api.pushshift.io', port=443): Max retries exceeded with url: /reddit/search/submission/?subreddit=AtlantaHawks&sort=created_utc&sort_type=desc&size=500 (Caused by NewConnectionError('<urllib3.connection.HTTPSConnection object at 0xffffa0049850>: Failed to establish a new connection: [Errno -2] Name or service not known'))
[2023-05-01T09:42:31.748+0000] {helpers.py:86} ERROR - HTTPSConnectionPool(host='api.pushshift.io', port=443): Max retries exceeded with url: /reddit/search/submission/?subreddit=AtlantaHawks&sort=created_utc&sort_type=desc&size=500 (Caused by NewConnectionError('<urllib3.connection.HTTPSConnection object at 0xffffa0049850>: Failed to establish a new connection: [Errno -2] Name or service not known'))
[2023-05-01T09:42:31.750+0000] {helpers.py:87} ERROR - Retrying! 2 attempts before skipping!
[2023-05-01T09:42:32.771+0000] {logging_mixin.py:137} INFO - HTTPSConnectionPool(host='api.pushshift.io', port=443): Max retries exceeded with url: /reddit/search/submission/?subreddit=AtlantaHawks&sort=created_utc&sort_type=desc&size=500 (Caused by NewConnectionError('<urllib3.connection.HTTPSConnection object at 0xffffa0049a90>: Failed to establish a new connection: [Errno -2] Name or service not known'))
[2023-05-01T09:42:32.774+0000] {helpers.py:86} ERROR - HTTPSConnectionPool(host='api.pushshift.io', port=443): Max retries exceeded with url: /reddit/search/submission/?subreddit=AtlantaHawks&sort=created_utc&sort_type=desc&size=500 (Caused by NewConnectionError('<urllib3.connection.HTTPSConnection object at 0xffffa0049a90>: Failed to establish a new connection: [Errno -2] Name or service not known'))
[2023-05-01T09:42:32.775+0000] {helpers.py:87} ERROR - Retrying! 1 attempts before skipping!
[2023-05-01T09:42:33.795+0000] {logging_mixin.py:137} INFO - HTTPSConnectionPool(host='api.pushshift.io', port=443): Max retries exceeded with url: /reddit/search/submission/?subreddit=AtlantaHawks&sort=created_utc&sort_type=desc&size=500 (Caused by NewConnectionError('<urllib3.connection.HTTPSConnection object at 0xffffa0049710>: Failed to establish a new connection: [Errno -2] Name or service not known'))
[2023-05-01T09:42:33.799+0000] {helpers.py:86} ERROR - HTTPSConnectionPool(host='api.pushshift.io', port=443): Max retries exceeded with url: /reddit/search/submission/?subreddit=AtlantaHawks&sort=created_utc&sort_type=desc&size=500 (Caused by NewConnectionError('<urllib3.connection.HTTPSConnection object at 0xffffa0049710>: Failed to establish a new connection: [Errno -2] Name or service not known'))
[2023-05-01T09:42:33.808+0000] {helpers.py:87} ERROR - Retrying! 0 attempts before skipping!
[2023-05-01T09:42:34.820+0000] {logging_mixin.py:137} INFO - HTTPSConnectionPool(host='api.pushshift.io', port=443): Max retries exceeded with url: /reddit/search/submission/?subreddit=AtlantaHawks&sort=created_utc&sort_type=desc&size=500 (Caused by NewConnectionError('<urllib3.connection.HTTPSConnection object at 0xffffa0049910>: Failed to establish a new connection: [Errno -2] Name or service not known'))
[2023-05-01T09:42:34.823+0000] {helpers.py:86} ERROR - HTTPSConnectionPool(host='api.pushshift.io', port=443): Max retries exceeded with url: /reddit/search/submission/?subreddit=AtlantaHawks&sort=created_utc&sort_type=desc&size=500 (Caused by NewConnectionError('<urllib3.connection.HTTPSConnection object at 0xffffa0049910>: Failed to establish a new connection: [Errno -2] Name or service not known'))
[2023-05-01T09:42:34.825+0000] {helpers.py:87} ERROR - Retrying! -1 attempts before skipping!
[2023-05-01T09:42:35.841+0000] {logging_mixin.py:137} INFO - HTTPSConnectionPool(host='api.pushshift.io', port=443): Max retries exceeded with url: /reddit/search/submission/?subreddit=bostonceltics&sort=created_utc&sort_type=desc&size=500 (Caused by NewConnectionError('<urllib3.connection.HTTPSConnection object at 0xffffa0049a90>: Failed to establish a new connection: [Errno -2] Name or service not known'))
[2023-05-01T09:42:35.847+0000] {helpers.py:86} ERROR - HTTPSConnectionPool(host='api.pushshift.io', port=443): Max retries exceeded with url: /reddit/search/submission/?subreddit=bostonceltics&sort=created_utc&sort_type=desc&size=500 (Caused by NewConnectionError('<urllib3.connection.HTTPSConnection object at 0xffffa0049a90>: Failed to establish a new connection: [Errno -2] Name or service not known'))
[2023-05-01T09:42:35.850+0000] {helpers.py:87} ERROR - Retrying! 9 attempts before skipping!
[2023-05-01T09:42:36.862+0000] {logging_mixin.py:137} INFO - HTTPSConnectionPool(host='api.pushshift.io', port=443): Max retries exceeded with url: /reddit/search/submission/?subreddit=bostonceltics&sort=created_utc&sort_type=desc&size=500 (Caused by NewConnectionError('<urllib3.connection.HTTPSConnection object at 0xffffa0049490>: Failed to establish a new connection: [Errno -2] Name or service not known'))
[2023-05-01T09:42:36.865+0000] {helpers.py:86} ERROR - HTTPSConnectionPool(host='api.pushshift.io', port=443): Max retries exceeded with url: /reddit/search/submission/?subreddit=bostonceltics&sort=created_utc&sort_type=desc&size=500 (Caused by NewConnectionError('<urllib3.connection.HTTPSConnection object at 0xffffa0049490>: Failed to establish a new connection: [Errno -2] Name or service not known'))
[2023-05-01T09:42:36.866+0000] {helpers.py:87} ERROR - Retrying! 8 attempts before skipping!
[2023-05-01T09:42:37.878+0000] {logging_mixin.py:137} INFO - HTTPSConnectionPool(host='api.pushshift.io', port=443): Max retries exceeded with url: /reddit/search/submission/?subreddit=bostonceltics&sort=created_utc&sort_type=desc&size=500 (Caused by NewConnectionError('<urllib3.connection.HTTPSConnection object at 0xffffa0049310>: Failed to establish a new connection: [Errno -2] Name or service not known'))
[2023-05-01T09:42:37.880+0000] {helpers.py:86} ERROR - HTTPSConnectionPool(host='api.pushshift.io', port=443): Max retries exceeded with url: /reddit/search/submission/?subreddit=bostonceltics&sort=created_utc&sort_type=desc&size=500 (Caused by NewConnectionError('<urllib3.connection.HTTPSConnection object at 0xffffa0049310>: Failed to establish a new connection: [Errno -2] Name or service not known'))
[2023-05-01T09:42:37.881+0000] {helpers.py:87} ERROR - Retrying! 7 attempts before skipping!
[2023-05-01T09:42:38.927+0000] {logging_mixin.py:137} INFO - HTTPSConnectionPool(host='api.pushshift.io', port=443): Max retries exceeded with url: /reddit/search/submission/?subreddit=bostonceltics&sort=created_utc&sort_type=desc&size=500 (Caused by NewConnectionError('<urllib3.connection.HTTPSConnection object at 0xffffa0049910>: Failed to establish a new connection: [Errno -2] Name or service not known'))
[2023-05-01T09:42:38.936+0000] {helpers.py:86} ERROR - HTTPSConnectionPool(host='api.pushshift.io', port=443): Max retries exceeded with url: /reddit/search/submission/?subreddit=bostonceltics&sort=created_utc&sort_type=desc&size=500 (Caused by NewConnectionError('<urllib3.connection.HTTPSConnection object at 0xffffa0049910>: Failed to establish a new connection: [Errno -2] Name or service not known'))
[2023-05-01T09:42:38.944+0000] {helpers.py:87} ERROR - Retrying! 6 attempts before skipping!
[2023-05-01T09:42:39.959+0000] {logging_mixin.py:137} INFO - HTTPSConnectionPool(host='api.pushshift.io', port=443): Max retries exceeded with url: /reddit/search/submission/?subreddit=bostonceltics&sort=created_utc&sort_type=desc&size=500 (Caused by NewConnectionError('<urllib3.connection.HTTPSConnection object at 0xffffa0049550>: Failed to establish a new connection: [Errno -2] Name or service not known'))
[2023-05-01T09:42:39.965+0000] {helpers.py:86} ERROR - HTTPSConnectionPool(host='api.pushshift.io', port=443): Max retries exceeded with url: /reddit/search/submission/?subreddit=bostonceltics&sort=created_utc&sort_type=desc&size=500 (Caused by NewConnectionError('<urllib3.connection.HTTPSConnection object at 0xffffa0049550>: Failed to establish a new connection: [Errno -2] Name or service not known'))
[2023-05-01T09:42:39.967+0000] {helpers.py:87} ERROR - Retrying! 5 attempts before skipping!
[2023-05-01T09:42:40.979+0000] {logging_mixin.py:137} INFO - HTTPSConnectionPool(host='api.pushshift.io', port=443): Max retries exceeded with url: /reddit/search/submission/?subreddit=bostonceltics&sort=created_utc&sort_type=desc&size=500 (Caused by NewConnectionError('<urllib3.connection.HTTPSConnection object at 0xffffa0049710>: Failed to establish a new connection: [Errno -2] Name or service not known'))
[2023-05-01T09:42:40.981+0000] {helpers.py:86} ERROR - HTTPSConnectionPool(host='api.pushshift.io', port=443): Max retries exceeded with url: /reddit/search/submission/?subreddit=bostonceltics&sort=created_utc&sort_type=desc&size=500 (Caused by NewConnectionError('<urllib3.connection.HTTPSConnection object at 0xffffa0049710>: Failed to establish a new connection: [Errno -2] Name or service not known'))
[2023-05-01T09:42:40.983+0000] {helpers.py:87} ERROR - Retrying! 4 attempts before skipping!
[2023-05-01T09:42:42.006+0000] {logging_mixin.py:137} INFO - HTTPSConnectionPool(host='api.pushshift.io', port=443): Max retries exceeded with url: /reddit/search/submission/?subreddit=bostonceltics&sort=created_utc&sort_type=desc&size=500 (Caused by NewConnectionError('<urllib3.connection.HTTPSConnection object at 0xffffa00495d0>: Failed to establish a new connection: [Errno -2] Name or service not known'))
[2023-05-01T09:42:42.012+0000] {helpers.py:86} ERROR - HTTPSConnectionPool(host='api.pushshift.io', port=443): Max retries exceeded with url: /reddit/search/submission/?subreddit=bostonceltics&sort=created_utc&sort_type=desc&size=500 (Caused by NewConnectionError('<urllib3.connection.HTTPSConnection object at 0xffffa00495d0>: Failed to establish a new connection: [Errno -2] Name or service not known'))
[2023-05-01T09:42:42.023+0000] {helpers.py:87} ERROR - Retrying! 3 attempts before skipping!
[2023-05-01T09:42:43.037+0000] {logging_mixin.py:137} INFO - HTTPSConnectionPool(host='api.pushshift.io', port=443): Max retries exceeded with url: /reddit/search/submission/?subreddit=bostonceltics&sort=created_utc&sort_type=desc&size=500 (Caused by NewConnectionError('<urllib3.connection.HTTPSConnection object at 0xffffa0049a90>: Failed to establish a new connection: [Errno -2] Name or service not known'))
[2023-05-01T09:42:43.040+0000] {helpers.py:86} ERROR - HTTPSConnectionPool(host='api.pushshift.io', port=443): Max retries exceeded with url: /reddit/search/submission/?subreddit=bostonceltics&sort=created_utc&sort_type=desc&size=500 (Caused by NewConnectionError('<urllib3.connection.HTTPSConnection object at 0xffffa0049a90>: Failed to establish a new connection: [Errno -2] Name or service not known'))
[2023-05-01T09:42:43.042+0000] {helpers.py:87} ERROR - Retrying! 2 attempts before skipping!
[2023-05-01T09:42:44.077+0000] {logging_mixin.py:137} INFO - HTTPSConnectionPool(host='api.pushshift.io', port=443): Max retries exceeded with url: /reddit/search/submission/?subreddit=bostonceltics&sort=created_utc&sort_type=desc&size=500 (Caused by NewConnectionError('<urllib3.connection.HTTPSConnection object at 0xffffa0049490>: Failed to establish a new connection: [Errno -2] Name or service not known'))
[2023-05-01T09:42:44.080+0000] {helpers.py:86} ERROR - HTTPSConnectionPool(host='api.pushshift.io', port=443): Max retries exceeded with url: /reddit/search/submission/?subreddit=bostonceltics&sort=created_utc&sort_type=desc&size=500 (Caused by NewConnectionError('<urllib3.connection.HTTPSConnection object at 0xffffa0049490>: Failed to establish a new connection: [Errno -2] Name or service not known'))
[2023-05-01T09:42:44.082+0000] {helpers.py:87} ERROR - Retrying! 1 attempts before skipping!
[2023-05-01T09:42:45.117+0000] {logging_mixin.py:137} INFO - HTTPSConnectionPool(host='api.pushshift.io', port=443): Max retries exceeded with url: /reddit/search/submission/?subreddit=bostonceltics&sort=created_utc&sort_type=desc&size=500 (Caused by NewConnectionError('<urllib3.connection.HTTPSConnection object at 0xffffa0049310>: Failed to establish a new connection: [Errno -2] Name or service not known'))
[2023-05-01T09:42:45.126+0000] {helpers.py:86} ERROR - HTTPSConnectionPool(host='api.pushshift.io', port=443): Max retries exceeded with url: /reddit/search/submission/?subreddit=bostonceltics&sort=created_utc&sort_type=desc&size=500 (Caused by NewConnectionError('<urllib3.connection.HTTPSConnection object at 0xffffa0049310>: Failed to establish a new connection: [Errno -2] Name or service not known'))
[2023-05-01T09:42:45.128+0000] {helpers.py:87} ERROR - Retrying! 0 attempts before skipping!
[2023-05-01T09:42:46.161+0000] {logging_mixin.py:137} INFO - HTTPSConnectionPool(host='api.pushshift.io', port=443): Max retries exceeded with url: /reddit/search/submission/?subreddit=bostonceltics&sort=created_utc&sort_type=desc&size=500 (Caused by NewConnectionError('<urllib3.connection.HTTPSConnection object at 0xffffa0049910>: Failed to establish a new connection: [Errno -2] Name or service not known'))
[2023-05-01T09:42:46.166+0000] {helpers.py:86} ERROR - HTTPSConnectionPool(host='api.pushshift.io', port=443): Max retries exceeded with url: /reddit/search/submission/?subreddit=bostonceltics&sort=created_utc&sort_type=desc&size=500 (Caused by NewConnectionError('<urllib3.connection.HTTPSConnection object at 0xffffa0049910>: Failed to establish a new connection: [Errno -2] Name or service not known'))
[2023-05-01T09:42:46.169+0000] {helpers.py:87} ERROR - Retrying! -1 attempts before skipping!
[2023-05-01T09:42:47.205+0000] {logging_mixin.py:137} INFO - HTTPSConnectionPool(host='api.pushshift.io', port=443): Max retries exceeded with url: /reddit/search/submission/?subreddit=gonets&sort=created_utc&sort_type=desc&size=500 (Caused by NewConnectionError('<urllib3.connection.HTTPSConnection object at 0xffffa0049490>: Failed to establish a new connection: [Errno -2] Name or service not known'))
[2023-05-01T09:42:47.208+0000] {helpers.py:86} ERROR - HTTPSConnectionPool(host='api.pushshift.io', port=443): Max retries exceeded with url: /reddit/search/submission/?subreddit=gonets&sort=created_utc&sort_type=desc&size=500 (Caused by NewConnectionError('<urllib3.connection.HTTPSConnection object at 0xffffa0049490>: Failed to establish a new connection: [Errno -2] Name or service not known'))
[2023-05-01T09:42:47.210+0000] {helpers.py:87} ERROR - Retrying! 9 attempts before skipping!
[2023-05-01T09:42:48.249+0000] {logging_mixin.py:137} INFO - HTTPSConnectionPool(host='api.pushshift.io', port=443): Max retries exceeded with url: /reddit/search/submission/?subreddit=gonets&sort=created_utc&sort_type=desc&size=500 (Caused by NewConnectionError('<urllib3.connection.HTTPSConnection object at 0xffffa0049710>: Failed to establish a new connection: [Errno -2] Name or service not known'))
[2023-05-01T09:42:48.253+0000] {helpers.py:86} ERROR - HTTPSConnectionPool(host='api.pushshift.io', port=443): Max retries exceeded with url: /reddit/search/submission/?subreddit=gonets&sort=created_utc&sort_type=desc&size=500 (Caused by NewConnectionError('<urllib3.connection.HTTPSConnection object at 0xffffa0049710>: Failed to establish a new connection: [Errno -2] Name or service not known'))
[2023-05-01T09:42:48.255+0000] {helpers.py:87} ERROR - Retrying! 8 attempts before skipping!
[2023-05-01T09:42:49.278+0000] {logging_mixin.py:137} INFO - HTTPSConnectionPool(host='api.pushshift.io', port=443): Max retries exceeded with url: /reddit/search/submission/?subreddit=gonets&sort=created_utc&sort_type=desc&size=500 (Caused by NewConnectionError('<urllib3.connection.HTTPSConnection object at 0xffffa00495d0>: Failed to establish a new connection: [Errno -2] Name or service not known'))
[2023-05-01T09:42:49.282+0000] {helpers.py:86} ERROR - HTTPSConnectionPool(host='api.pushshift.io', port=443): Max retries exceeded with url: /reddit/search/submission/?subreddit=gonets&sort=created_utc&sort_type=desc&size=500 (Caused by NewConnectionError('<urllib3.connection.HTTPSConnection object at 0xffffa00495d0>: Failed to establish a new connection: [Errno -2] Name or service not known'))
[2023-05-01T09:42:49.287+0000] {helpers.py:87} ERROR - Retrying! 7 attempts before skipping!
[2023-05-01T09:42:50.304+0000] {logging_mixin.py:137} INFO - HTTPSConnectionPool(host='api.pushshift.io', port=443): Max retries exceeded with url: /reddit/search/submission/?subreddit=gonets&sort=created_utc&sort_type=desc&size=500 (Caused by NewConnectionError('<urllib3.connection.HTTPSConnection object at 0xffffa0049910>: Failed to establish a new connection: [Errno -2] Name or service not known'))
[2023-05-01T09:42:50.309+0000] {helpers.py:86} ERROR - HTTPSConnectionPool(host='api.pushshift.io', port=443): Max retries exceeded with url: /reddit/search/submission/?subreddit=gonets&sort=created_utc&sort_type=desc&size=500 (Caused by NewConnectionError('<urllib3.connection.HTTPSConnection object at 0xffffa0049910>: Failed to establish a new connection: [Errno -2] Name or service not known'))
[2023-05-01T09:42:50.314+0000] {helpers.py:87} ERROR - Retrying! 6 attempts before skipping!
[2023-05-01T10:48:53.453+0000] {logging_mixin.py:137} INFO - HTTPSConnectionPool(host='api.pushshift.io', port=443): Max retries exceeded with url: /reddit/search/submission/?subreddit=gonets&sort=created_utc&sort_type=desc&size=500 (Caused by NewConnectionError('<urllib3.connection.HTTPSConnection object at 0xffffa0049750>: Failed to establish a new connection: [Errno -2] Name or service not known'))
[2023-05-01T10:48:53.456+0000] {helpers.py:86} ERROR - HTTPSConnectionPool(host='api.pushshift.io', port=443): Max retries exceeded with url: /reddit/search/submission/?subreddit=gonets&sort=created_utc&sort_type=desc&size=500 (Caused by NewConnectionError('<urllib3.connection.HTTPSConnection object at 0xffffa0049750>: Failed to establish a new connection: [Errno -2] Name or service not known'))
[2023-05-01T10:48:53.461+0000] {helpers.py:87} ERROR - Retrying! 5 attempts before skipping!
[2023-05-01T10:48:54.478+0000] {logging_mixin.py:137} INFO - HTTPSConnectionPool(host='api.pushshift.io', port=443): Max retries exceeded with url: /reddit/search/submission/?subreddit=gonets&sort=created_utc&sort_type=desc&size=500 (Caused by NewConnectionError('<urllib3.connection.HTTPSConnection object at 0xffffa0049310>: Failed to establish a new connection: [Errno -2] Name or service not known'))
[2023-05-01T10:48:54.482+0000] {helpers.py:86} ERROR - HTTPSConnectionPool(host='api.pushshift.io', port=443): Max retries exceeded with url: /reddit/search/submission/?subreddit=gonets&sort=created_utc&sort_type=desc&size=500 (Caused by NewConnectionError('<urllib3.connection.HTTPSConnection object at 0xffffa0049310>: Failed to establish a new connection: [Errno -2] Name or service not known'))
[2023-05-01T10:48:54.494+0000] {helpers.py:87} ERROR - Retrying! 4 attempts before skipping!
[2023-05-01T10:48:55.520+0000] {logging_mixin.py:137} INFO - HTTPSConnectionPool(host='api.pushshift.io', port=443): Max retries exceeded with url: /reddit/search/submission/?subreddit=gonets&sort=created_utc&sort_type=desc&size=500 (Caused by NewConnectionError('<urllib3.connection.HTTPSConnection object at 0xffffa0049510>: Failed to establish a new connection: [Errno -2] Name or service not known'))
[2023-05-01T10:48:55.528+0000] {helpers.py:86} ERROR - HTTPSConnectionPool(host='api.pushshift.io', port=443): Max retries exceeded with url: /reddit/search/submission/?subreddit=gonets&sort=created_utc&sort_type=desc&size=500 (Caused by NewConnectionError('<urllib3.connection.HTTPSConnection object at 0xffffa0049510>: Failed to establish a new connection: [Errno -2] Name or service not known'))
[2023-05-01T10:48:55.530+0000] {helpers.py:87} ERROR - Retrying! 3 attempts before skipping!
[2023-05-01T10:48:56.553+0000] {logging_mixin.py:137} INFO - HTTPSConnectionPool(host='api.pushshift.io', port=443): Max retries exceeded with url: /reddit/search/submission/?subreddit=gonets&sort=created_utc&sort_type=desc&size=500 (Caused by NewConnectionError('<urllib3.connection.HTTPSConnection object at 0xffffa0049490>: Failed to establish a new connection: [Errno -2] Name or service not known'))
[2023-05-01T10:48:56.571+0000] {helpers.py:86} ERROR - HTTPSConnectionPool(host='api.pushshift.io', port=443): Max retries exceeded with url: /reddit/search/submission/?subreddit=gonets&sort=created_utc&sort_type=desc&size=500 (Caused by NewConnectionError('<urllib3.connection.HTTPSConnection object at 0xffffa0049490>: Failed to establish a new connection: [Errno -2] Name or service not known'))
[2023-05-01T10:48:56.572+0000] {helpers.py:87} ERROR - Retrying! 2 attempts before skipping!
[2023-05-01T10:48:57.600+0000] {logging_mixin.py:137} INFO - HTTPSConnectionPool(host='api.pushshift.io', port=443): Max retries exceeded with url: /reddit/search/submission/?subreddit=gonets&sort=created_utc&sort_type=desc&size=500 (Caused by NewConnectionError('<urllib3.connection.HTTPSConnection object at 0xffffa0049710>: Failed to establish a new connection: [Errno -2] Name or service not known'))
[2023-05-01T10:48:57.606+0000] {helpers.py:86} ERROR - HTTPSConnectionPool(host='api.pushshift.io', port=443): Max retries exceeded with url: /reddit/search/submission/?subreddit=gonets&sort=created_utc&sort_type=desc&size=500 (Caused by NewConnectionError('<urllib3.connection.HTTPSConnection object at 0xffffa0049710>: Failed to establish a new connection: [Errno -2] Name or service not known'))
[2023-05-01T10:48:57.608+0000] {helpers.py:87} ERROR - Retrying! 1 attempts before skipping!
[2023-05-01T10:48:58.618+0000] {logging_mixin.py:137} INFO - HTTPSConnectionPool(host='api.pushshift.io', port=443): Max retries exceeded with url: /reddit/search/submission/?subreddit=gonets&sort=created_utc&sort_type=desc&size=500 (Caused by NewConnectionError('<urllib3.connection.HTTPSConnection object at 0xffffa00495d0>: Failed to establish a new connection: [Errno -2] Name or service not known'))
[2023-05-01T10:48:58.620+0000] {helpers.py:86} ERROR - HTTPSConnectionPool(host='api.pushshift.io', port=443): Max retries exceeded with url: /reddit/search/submission/?subreddit=gonets&sort=created_utc&sort_type=desc&size=500 (Caused by NewConnectionError('<urllib3.connection.HTTPSConnection object at 0xffffa00495d0>: Failed to establish a new connection: [Errno -2] Name or service not known'))
[2023-05-01T10:48:58.621+0000] {helpers.py:87} ERROR - Retrying! 0 attempts before skipping!
[2023-05-01T10:48:59.630+0000] {logging_mixin.py:137} INFO - HTTPSConnectionPool(host='api.pushshift.io', port=443): Max retries exceeded with url: /reddit/search/submission/?subreddit=gonets&sort=created_utc&sort_type=desc&size=500 (Caused by NewConnectionError('<urllib3.connection.HTTPSConnection object at 0xffffa0049910>: Failed to establish a new connection: [Errno -2] Name or service not known'))
[2023-05-01T10:48:59.632+0000] {helpers.py:86} ERROR - HTTPSConnectionPool(host='api.pushshift.io', port=443): Max retries exceeded with url: /reddit/search/submission/?subreddit=gonets&sort=created_utc&sort_type=desc&size=500 (Caused by NewConnectionError('<urllib3.connection.HTTPSConnection object at 0xffffa0049910>: Failed to establish a new connection: [Errno -2] Name or service not known'))
[2023-05-01T10:48:59.634+0000] {helpers.py:87} ERROR - Retrying! -1 attempts before skipping!
[2023-05-01T10:49:00.642+0000] {logging_mixin.py:137} INFO - HTTPSConnectionPool(host='api.pushshift.io', port=443): Max retries exceeded with url: /reddit/search/submission/?subreddit=CharlotteHornets&sort=created_utc&sort_type=desc&size=500 (Caused by NewConnectionError('<urllib3.connection.HTTPSConnection object at 0xffffa0049710>: Failed to establish a new connection: [Errno -2] Name or service not known'))
[2023-05-01T10:49:00.645+0000] {helpers.py:86} ERROR - HTTPSConnectionPool(host='api.pushshift.io', port=443): Max retries exceeded with url: /reddit/search/submission/?subreddit=CharlotteHornets&sort=created_utc&sort_type=desc&size=500 (Caused by NewConnectionError('<urllib3.connection.HTTPSConnection object at 0xffffa0049710>: Failed to establish a new connection: [Errno -2] Name or service not known'))
[2023-05-01T10:49:00.645+0000] {helpers.py:87} ERROR - Retrying! 9 attempts before skipping!
[2023-05-01T10:49:01.660+0000] {logging_mixin.py:137} INFO - HTTPSConnectionPool(host='api.pushshift.io', port=443): Max retries exceeded with url: /reddit/search/submission/?subreddit=CharlotteHornets&sort=created_utc&sort_type=desc&size=500 (Caused by NewConnectionError('<urllib3.connection.HTTPSConnection object at 0xffffa0049310>: Failed to establish a new connection: [Errno -2] Name or service not known'))
[2023-05-01T10:49:01.662+0000] {helpers.py:86} ERROR - HTTPSConnectionPool(host='api.pushshift.io', port=443): Max retries exceeded with url: /reddit/search/submission/?subreddit=CharlotteHornets&sort=created_utc&sort_type=desc&size=500 (Caused by NewConnectionError('<urllib3.connection.HTTPSConnection object at 0xffffa0049310>: Failed to establish a new connection: [Errno -2] Name or service not known'))
[2023-05-01T10:49:01.664+0000] {helpers.py:87} ERROR - Retrying! 8 attempts before skipping!
[2023-05-01T10:49:02.680+0000] {logging_mixin.py:137} INFO - HTTPSConnectionPool(host='api.pushshift.io', port=443): Max retries exceeded with url: /reddit/search/submission/?subreddit=CharlotteHornets&sort=created_utc&sort_type=desc&size=500 (Caused by NewConnectionError('<urllib3.connection.HTTPSConnection object at 0xffffa0049510>: Failed to establish a new connection: [Errno -2] Name or service not known'))
[2023-05-01T10:49:02.682+0000] {helpers.py:86} ERROR - HTTPSConnectionPool(host='api.pushshift.io', port=443): Max retries exceeded with url: /reddit/search/submission/?subreddit=CharlotteHornets&sort=created_utc&sort_type=desc&size=500 (Caused by NewConnectionError('<urllib3.connection.HTTPSConnection object at 0xffffa0049510>: Failed to establish a new connection: [Errno -2] Name or service not known'))
[2023-05-01T10:49:02.683+0000] {helpers.py:87} ERROR - Retrying! 7 attempts before skipping!
[2023-05-01T10:49:03.711+0000] {logging_mixin.py:137} INFO - HTTPSConnectionPool(host='api.pushshift.io', port=443): Max retries exceeded with url: /reddit/search/submission/?subreddit=CharlotteHornets&sort=created_utc&sort_type=desc&size=500 (Caused by NewConnectionError('<urllib3.connection.HTTPSConnection object at 0xffffa0049910>: Failed to establish a new connection: [Errno -2] Name or service not known'))
[2023-05-01T10:49:03.714+0000] {helpers.py:86} ERROR - HTTPSConnectionPool(host='api.pushshift.io', port=443): Max retries exceeded with url: /reddit/search/submission/?subreddit=CharlotteHornets&sort=created_utc&sort_type=desc&size=500 (Caused by NewConnectionError('<urllib3.connection.HTTPSConnection object at 0xffffa0049910>: Failed to establish a new connection: [Errno -2] Name or service not known'))
[2023-05-01T10:49:03.718+0000] {helpers.py:87} ERROR - Retrying! 6 attempts before skipping!
[2023-05-01T10:49:04.751+0000] {logging_mixin.py:137} INFO - HTTPSConnectionPool(host='api.pushshift.io', port=443): Max retries exceeded with url: /reddit/search/submission/?subreddit=CharlotteHornets&sort=created_utc&sort_type=desc&size=500 (Caused by NewConnectionError('<urllib3.connection.HTTPSConnection object at 0xffffa0049190>: Failed to establish a new connection: [Errno -2] Name or service not known'))
[2023-05-01T10:49:04.758+0000] {helpers.py:86} ERROR - HTTPSConnectionPool(host='api.pushshift.io', port=443): Max retries exceeded with url: /reddit/search/submission/?subreddit=CharlotteHornets&sort=created_utc&sort_type=desc&size=500 (Caused by NewConnectionError('<urllib3.connection.HTTPSConnection object at 0xffffa0049190>: Failed to establish a new connection: [Errno -2] Name or service not known'))
[2023-05-01T10:49:04.768+0000] {helpers.py:87} ERROR - Retrying! 5 attempts before skipping!
[2023-05-01T10:49:05.786+0000] {logging_mixin.py:137} INFO - HTTPSConnectionPool(host='api.pushshift.io', port=443): Max retries exceeded with url: /reddit/search/submission/?subreddit=CharlotteHornets&sort=created_utc&sort_type=desc&size=500 (Caused by NewConnectionError('<urllib3.connection.HTTPSConnection object at 0xffffa00495d0>: Failed to establish a new connection: [Errno -2] Name or service not known'))
[2023-05-01T10:49:05.789+0000] {helpers.py:86} ERROR - HTTPSConnectionPool(host='api.pushshift.io', port=443): Max retries exceeded with url: /reddit/search/submission/?subreddit=CharlotteHornets&sort=created_utc&sort_type=desc&size=500 (Caused by NewConnectionError('<urllib3.connection.HTTPSConnection object at 0xffffa00495d0>: Failed to establish a new connection: [Errno -2] Name or service not known'))
[2023-05-01T10:49:05.795+0000] {helpers.py:87} ERROR - Retrying! 4 attempts before skipping!
[2023-05-01T10:49:06.804+0000] {logging_mixin.py:137} INFO - HTTPSConnectionPool(host='api.pushshift.io', port=443): Max retries exceeded with url: /reddit/search/submission/?subreddit=CharlotteHornets&sort=created_utc&sort_type=desc&size=500 (Caused by NewConnectionError('<urllib3.connection.HTTPSConnection object at 0xffffa00496d0>: Failed to establish a new connection: [Errno -2] Name or service not known'))
[2023-05-01T10:49:06.808+0000] {helpers.py:86} ERROR - HTTPSConnectionPool(host='api.pushshift.io', port=443): Max retries exceeded with url: /reddit/search/submission/?subreddit=CharlotteHornets&sort=created_utc&sort_type=desc&size=500 (Caused by NewConnectionError('<urllib3.connection.HTTPSConnection object at 0xffffa00496d0>: Failed to establish a new connection: [Errno -2] Name or service not known'))
[2023-05-01T10:49:06.809+0000] {helpers.py:87} ERROR - Retrying! 3 attempts before skipping!
[2023-05-01T10:49:07.920+0000] {logging_mixin.py:137} INFO - HTTPSConnectionPool(host='api.pushshift.io', port=443): Max retries exceeded with url: /reddit/search/submission/?subreddit=CharlotteHornets&sort=created_utc&sort_type=desc&size=500 (Caused by NewConnectionError('<urllib3.connection.HTTPSConnection object at 0xffffa0049710>: Failed to establish a new connection: [Errno -2] Name or service not known'))
[2023-05-01T10:49:08.015+0000] {helpers.py:86} ERROR - HTTPSConnectionPool(host='api.pushshift.io', port=443): Max retries exceeded with url: /reddit/search/submission/?subreddit=CharlotteHornets&sort=created_utc&sort_type=desc&size=500 (Caused by NewConnectionError('<urllib3.connection.HTTPSConnection object at 0xffffa0049710>: Failed to establish a new connection: [Errno -2] Name or service not known'))
[2023-05-01T10:49:08.017+0000] {helpers.py:87} ERROR - Retrying! 2 attempts before skipping!
[2023-05-01T10:49:09.051+0000] {logging_mixin.py:137} INFO - HTTPSConnectionPool(host='api.pushshift.io', port=443): Max retries exceeded with url: /reddit/search/submission/?subreddit=CharlotteHornets&sort=created_utc&sort_type=desc&size=500 (Caused by NewConnectionError('<urllib3.connection.HTTPSConnection object at 0xffffa0049310>: Failed to establish a new connection: [Errno -2] Name or service not known'))
[2023-05-01T10:49:09.059+0000] {helpers.py:86} ERROR - HTTPSConnectionPool(host='api.pushshift.io', port=443): Max retries exceeded with url: /reddit/search/submission/?subreddit=CharlotteHornets&sort=created_utc&sort_type=desc&size=500 (Caused by NewConnectionError('<urllib3.connection.HTTPSConnection object at 0xffffa0049310>: Failed to establish a new connection: [Errno -2] Name or service not known'))
[2023-05-01T10:49:09.066+0000] {helpers.py:87} ERROR - Retrying! 1 attempts before skipping!
[2023-05-01T10:49:10.082+0000] {logging_mixin.py:137} INFO - HTTPSConnectionPool(host='api.pushshift.io', port=443): Max retries exceeded with url: /reddit/search/submission/?subreddit=CharlotteHornets&sort=created_utc&sort_type=desc&size=500 (Caused by NewConnectionError('<urllib3.connection.HTTPSConnection object at 0xffffa0049510>: Failed to establish a new connection: [Errno -2] Name or service not known'))
[2023-05-01T10:49:10.084+0000] {helpers.py:86} ERROR - HTTPSConnectionPool(host='api.pushshift.io', port=443): Max retries exceeded with url: /reddit/search/submission/?subreddit=CharlotteHornets&sort=created_utc&sort_type=desc&size=500 (Caused by NewConnectionError('<urllib3.connection.HTTPSConnection object at 0xffffa0049510>: Failed to establish a new connection: [Errno -2] Name or service not known'))
[2023-05-01T10:49:10.086+0000] {helpers.py:87} ERROR - Retrying! 0 attempts before skipping!
[2023-05-01T10:49:11.097+0000] {logging_mixin.py:137} INFO - HTTPSConnectionPool(host='api.pushshift.io', port=443): Max retries exceeded with url: /reddit/search/submission/?subreddit=CharlotteHornets&sort=created_utc&sort_type=desc&size=500 (Caused by NewConnectionError('<urllib3.connection.HTTPSConnection object at 0xffffa0049910>: Failed to establish a new connection: [Errno -2] Name or service not known'))
[2023-05-01T10:49:11.099+0000] {helpers.py:86} ERROR - HTTPSConnectionPool(host='api.pushshift.io', port=443): Max retries exceeded with url: /reddit/search/submission/?subreddit=CharlotteHornets&sort=created_utc&sort_type=desc&size=500 (Caused by NewConnectionError('<urllib3.connection.HTTPSConnection object at 0xffffa0049910>: Failed to establish a new connection: [Errno -2] Name or service not known'))
[2023-05-01T10:49:11.101+0000] {helpers.py:87} ERROR - Retrying! -1 attempts before skipping!
[2023-05-01T10:49:12.117+0000] {logging_mixin.py:137} INFO - HTTPSConnectionPool(host='api.pushshift.io', port=443): Max retries exceeded with url: /reddit/search/submission/?subreddit=chicagobulls&sort=created_utc&sort_type=desc&size=500 (Caused by NewConnectionError('<urllib3.connection.HTTPSConnection object at 0xffffa0049310>: Failed to establish a new connection: [Errno -2] Name or service not known'))
[2023-05-01T10:49:12.120+0000] {helpers.py:86} ERROR - HTTPSConnectionPool(host='api.pushshift.io', port=443): Max retries exceeded with url: /reddit/search/submission/?subreddit=chicagobulls&sort=created_utc&sort_type=desc&size=500 (Caused by NewConnectionError('<urllib3.connection.HTTPSConnection object at 0xffffa0049310>: Failed to establish a new connection: [Errno -2] Name or service not known'))
[2023-05-01T10:49:12.123+0000] {helpers.py:87} ERROR - Retrying! 9 attempts before skipping!
[2023-05-01T10:49:13.145+0000] {logging_mixin.py:137} INFO - HTTPSConnectionPool(host='api.pushshift.io', port=443): Max retries exceeded with url: /reddit/search/submission/?subreddit=chicagobulls&sort=created_utc&sort_type=desc&size=500 (Caused by NewConnectionError('<urllib3.connection.HTTPSConnection object at 0xffffa00495d0>: Failed to establish a new connection: [Errno -2] Name or service not known'))
[2023-05-01T10:49:13.147+0000] {helpers.py:86} ERROR - HTTPSConnectionPool(host='api.pushshift.io', port=443): Max retries exceeded with url: /reddit/search/submission/?subreddit=chicagobulls&sort=created_utc&sort_type=desc&size=500 (Caused by NewConnectionError('<urllib3.connection.HTTPSConnection object at 0xffffa00495d0>: Failed to establish a new connection: [Errno -2] Name or service not known'))
[2023-05-01T10:49:13.148+0000] {helpers.py:87} ERROR - Retrying! 8 attempts before skipping!
[2023-05-01T10:49:14.181+0000] {logging_mixin.py:137} INFO - HTTPSConnectionPool(host='api.pushshift.io', port=443): Max retries exceeded with url: /reddit/search/submission/?subreddit=chicagobulls&sort=created_utc&sort_type=desc&size=500 (Caused by NewConnectionError('<urllib3.connection.HTTPSConnection object at 0xffffa00496d0>: Failed to establish a new connection: [Errno -2] Name or service not known'))
[2023-05-01T10:49:14.186+0000] {helpers.py:86} ERROR - HTTPSConnectionPool(host='api.pushshift.io', port=443): Max retries exceeded with url: /reddit/search/submission/?subreddit=chicagobulls&sort=created_utc&sort_type=desc&size=500 (Caused by NewConnectionError('<urllib3.connection.HTTPSConnection object at 0xffffa00496d0>: Failed to establish a new connection: [Errno -2] Name or service not known'))
[2023-05-01T10:49:14.189+0000] {helpers.py:87} ERROR - Retrying! 7 attempts before skipping!
[2023-05-01T10:49:15.224+0000] {logging_mixin.py:137} INFO - HTTPSConnectionPool(host='api.pushshift.io', port=443): Max retries exceeded with url: /reddit/search/submission/?subreddit=chicagobulls&sort=created_utc&sort_type=desc&size=500 (Caused by NewConnectionError('<urllib3.connection.HTTPSConnection object at 0xffffa0049910>: Failed to establish a new connection: [Errno -2] Name or service not known'))
[2023-05-01T10:49:15.236+0000] {helpers.py:86} ERROR - HTTPSConnectionPool(host='api.pushshift.io', port=443): Max retries exceeded with url: /reddit/search/submission/?subreddit=chicagobulls&sort=created_utc&sort_type=desc&size=500 (Caused by NewConnectionError('<urllib3.connection.HTTPSConnection object at 0xffffa0049910>: Failed to establish a new connection: [Errno -2] Name or service not known'))
[2023-05-01T10:49:15.240+0000] {helpers.py:87} ERROR - Retrying! 6 attempts before skipping!
[2023-05-01T10:49:16.269+0000] {logging_mixin.py:137} INFO - HTTPSConnectionPool(host='api.pushshift.io', port=443): Max retries exceeded with url: /reddit/search/submission/?subreddit=chicagobulls&sort=created_utc&sort_type=desc&size=500 (Caused by NewConnectionError('<urllib3.connection.HTTPSConnection object at 0xffffa0049250>: Failed to establish a new connection: [Errno -2] Name or service not known'))
[2023-05-01T10:49:16.272+0000] {helpers.py:86} ERROR - HTTPSConnectionPool(host='api.pushshift.io', port=443): Max retries exceeded with url: /reddit/search/submission/?subreddit=chicagobulls&sort=created_utc&sort_type=desc&size=500 (Caused by NewConnectionError('<urllib3.connection.HTTPSConnection object at 0xffffa0049250>: Failed to establish a new connection: [Errno -2] Name or service not known'))
[2023-05-01T10:49:16.277+0000] {helpers.py:87} ERROR - Retrying! 5 attempts before skipping!
[2023-05-01T10:49:17.307+0000] {logging_mixin.py:137} INFO - HTTPSConnectionPool(host='api.pushshift.io', port=443): Max retries exceeded with url: /reddit/search/submission/?subreddit=chicagobulls&sort=created_utc&sort_type=desc&size=500 (Caused by NewConnectionError('<urllib3.connection.HTTPSConnection object at 0xffffa0049510>: Failed to establish a new connection: [Errno -2] Name or service not known'))
[2023-05-01T10:49:17.313+0000] {helpers.py:86} ERROR - HTTPSConnectionPool(host='api.pushshift.io', port=443): Max retries exceeded with url: /reddit/search/submission/?subreddit=chicagobulls&sort=created_utc&sort_type=desc&size=500 (Caused by NewConnectionError('<urllib3.connection.HTTPSConnection object at 0xffffa0049510>: Failed to establish a new connection: [Errno -2] Name or service not known'))
[2023-05-01T10:49:17.320+0000] {helpers.py:87} ERROR - Retrying! 4 attempts before skipping!
[2023-05-01T10:49:18.354+0000] {logging_mixin.py:137} INFO - HTTPSConnectionPool(host='api.pushshift.io', port=443): Max retries exceeded with url: /reddit/search/submission/?subreddit=chicagobulls&sort=created_utc&sort_type=desc&size=500 (Caused by NewConnectionError('<urllib3.connection.HTTPSConnection object at 0xffffa0049e50>: Failed to establish a new connection: [Errno -2] Name or service not known'))
[2023-05-01T10:49:18.359+0000] {helpers.py:86} ERROR - HTTPSConnectionPool(host='api.pushshift.io', port=443): Max retries exceeded with url: /reddit/search/submission/?subreddit=chicagobulls&sort=created_utc&sort_type=desc&size=500 (Caused by NewConnectionError('<urllib3.connection.HTTPSConnection object at 0xffffa0049e50>: Failed to establish a new connection: [Errno -2] Name or service not known'))
[2023-05-01T10:49:18.363+0000] {helpers.py:87} ERROR - Retrying! 3 attempts before skipping!
[2023-05-01T10:49:19.388+0000] {logging_mixin.py:137} INFO - HTTPSConnectionPool(host='api.pushshift.io', port=443): Max retries exceeded with url: /reddit/search/submission/?subreddit=chicagobulls&sort=created_utc&sort_type=desc&size=500 (Caused by NewConnectionError('<urllib3.connection.HTTPSConnection object at 0xffffa0049310>: Failed to establish a new connection: [Errno -2] Name or service not known'))
[2023-05-01T10:49:19.393+0000] {helpers.py:86} ERROR - HTTPSConnectionPool(host='api.pushshift.io', port=443): Max retries exceeded with url: /reddit/search/submission/?subreddit=chicagobulls&sort=created_utc&sort_type=desc&size=500 (Caused by NewConnectionError('<urllib3.connection.HTTPSConnection object at 0xffffa0049310>: Failed to establish a new connection: [Errno -2] Name or service not known'))
[2023-05-01T10:49:19.397+0000] {helpers.py:87} ERROR - Retrying! 2 attempts before skipping!
[2023-05-01T10:49:20.427+0000] {logging_mixin.py:137} INFO - HTTPSConnectionPool(host='api.pushshift.io', port=443): Max retries exceeded with url: /reddit/search/submission/?subreddit=chicagobulls&sort=created_utc&sort_type=desc&size=500 (Caused by NewConnectionError('<urllib3.connection.HTTPSConnection object at 0xffffa00495d0>: Failed to establish a new connection: [Errno -2] Name or service not known'))
[2023-05-01T10:49:20.433+0000] {helpers.py:86} ERROR - HTTPSConnectionPool(host='api.pushshift.io', port=443): Max retries exceeded with url: /reddit/search/submission/?subreddit=chicagobulls&sort=created_utc&sort_type=desc&size=500 (Caused by NewConnectionError('<urllib3.connection.HTTPSConnection object at 0xffffa00495d0>: Failed to establish a new connection: [Errno -2] Name or service not known'))
[2023-05-01T10:49:20.437+0000] {helpers.py:87} ERROR - Retrying! 1 attempts before skipping!
[2023-05-01T10:49:21.463+0000] {logging_mixin.py:137} INFO - HTTPSConnectionPool(host='api.pushshift.io', port=443): Max retries exceeded with url: /reddit/search/submission/?subreddit=chicagobulls&sort=created_utc&sort_type=desc&size=500 (Caused by NewConnectionError('<urllib3.connection.HTTPSConnection object at 0xffffa00496d0>: Failed to establish a new connection: [Errno -2] Name or service not known'))
[2023-05-01T10:49:21.467+0000] {helpers.py:86} ERROR - HTTPSConnectionPool(host='api.pushshift.io', port=443): Max retries exceeded with url: /reddit/search/submission/?subreddit=chicagobulls&sort=created_utc&sort_type=desc&size=500 (Caused by NewConnectionError('<urllib3.connection.HTTPSConnection object at 0xffffa00496d0>: Failed to establish a new connection: [Errno -2] Name or service not known'))
[2023-05-01T10:49:21.470+0000] {helpers.py:87} ERROR - Retrying! 0 attempts before skipping!
[2023-05-01T10:49:22.507+0000] {logging_mixin.py:137} INFO - HTTPSConnectionPool(host='api.pushshift.io', port=443): Max retries exceeded with url: /reddit/search/submission/?subreddit=chicagobulls&sort=created_utc&sort_type=desc&size=500 (Caused by NewConnectionError('<urllib3.connection.HTTPSConnection object at 0xffffa0049910>: Failed to establish a new connection: [Errno -2] Name or service not known'))
[2023-05-01T10:49:22.512+0000] {helpers.py:86} ERROR - HTTPSConnectionPool(host='api.pushshift.io', port=443): Max retries exceeded with url: /reddit/search/submission/?subreddit=chicagobulls&sort=created_utc&sort_type=desc&size=500 (Caused by NewConnectionError('<urllib3.connection.HTTPSConnection object at 0xffffa0049910>: Failed to establish a new connection: [Errno -2] Name or service not known'))
[2023-05-01T10:49:22.515+0000] {helpers.py:87} ERROR - Retrying! -1 attempts before skipping!
[2023-05-01T12:11:34.995+0000] {logging_mixin.py:137} INFO - HTTPSConnectionPool(host='api.pushshift.io', port=443): Max retries exceeded with url: /reddit/search/submission/?subreddit=clevelandcavs&sort=created_utc&sort_type=desc&size=500 (Caused by NewConnectionError('<urllib3.connection.HTTPSConnection object at 0xffffa00495d0>: Failed to establish a new connection: [Errno -2] Name or service not known'))
[2023-05-01T12:11:35.002+0000] {helpers.py:86} ERROR - HTTPSConnectionPool(host='api.pushshift.io', port=443): Max retries exceeded with url: /reddit/search/submission/?subreddit=clevelandcavs&sort=created_utc&sort_type=desc&size=500 (Caused by NewConnectionError('<urllib3.connection.HTTPSConnection object at 0xffffa00495d0>: Failed to establish a new connection: [Errno -2] Name or service not known'))
[2023-05-01T12:11:35.003+0000] {helpers.py:87} ERROR - Retrying! 9 attempts before skipping!
[2023-05-01T12:11:36.033+0000] {logging_mixin.py:137} INFO - HTTPSConnectionPool(host='api.pushshift.io', port=443): Max retries exceeded with url: /reddit/search/submission/?subreddit=clevelandcavs&sort=created_utc&sort_type=desc&size=500 (Caused by NewConnectionError('<urllib3.connection.HTTPSConnection object at 0xffffa0049510>: Failed to establish a new connection: [Errno -2] Name or service not known'))
[2023-05-01T12:11:36.040+0000] {helpers.py:86} ERROR - HTTPSConnectionPool(host='api.pushshift.io', port=443): Max retries exceeded with url: /reddit/search/submission/?subreddit=clevelandcavs&sort=created_utc&sort_type=desc&size=500 (Caused by NewConnectionError('<urllib3.connection.HTTPSConnection object at 0xffffa0049510>: Failed to establish a new connection: [Errno -2] Name or service not known'))
[2023-05-01T12:11:36.044+0000] {helpers.py:87} ERROR - Retrying! 8 attempts before skipping!
[2023-05-01T12:11:37.057+0000] {logging_mixin.py:137} INFO - HTTPSConnectionPool(host='api.pushshift.io', port=443): Max retries exceeded with url: /reddit/search/submission/?subreddit=clevelandcavs&sort=created_utc&sort_type=desc&size=500 (Caused by NewConnectionError('<urllib3.connection.HTTPSConnection object at 0xffffa0049e50>: Failed to establish a new connection: [Errno -2] Name or service not known'))
[2023-05-01T12:11:37.058+0000] {helpers.py:86} ERROR - HTTPSConnectionPool(host='api.pushshift.io', port=443): Max retries exceeded with url: /reddit/search/submission/?subreddit=clevelandcavs&sort=created_utc&sort_type=desc&size=500 (Caused by NewConnectionError('<urllib3.connection.HTTPSConnection object at 0xffffa0049e50>: Failed to establish a new connection: [Errno -2] Name or service not known'))
[2023-05-01T12:11:37.060+0000] {helpers.py:87} ERROR - Retrying! 7 attempts before skipping!
[2023-05-01T12:11:38.076+0000] {logging_mixin.py:137} INFO - HTTPSConnectionPool(host='api.pushshift.io', port=443): Max retries exceeded with url: /reddit/search/submission/?subreddit=clevelandcavs&sort=created_utc&sort_type=desc&size=500 (Caused by NewConnectionError('<urllib3.connection.HTTPSConnection object at 0xffffa0049910>: Failed to establish a new connection: [Errno -2] Name or service not known'))
[2023-05-01T12:11:38.082+0000] {helpers.py:86} ERROR - HTTPSConnectionPool(host='api.pushshift.io', port=443): Max retries exceeded with url: /reddit/search/submission/?subreddit=clevelandcavs&sort=created_utc&sort_type=desc&size=500 (Caused by NewConnectionError('<urllib3.connection.HTTPSConnection object at 0xffffa0049910>: Failed to establish a new connection: [Errno -2] Name or service not known'))
[2023-05-01T12:11:38.086+0000] {helpers.py:87} ERROR - Retrying! 6 attempts before skipping!
[2023-05-01T12:11:39.147+0000] {logging_mixin.py:137} INFO - HTTPSConnectionPool(host='api.pushshift.io', port=443): Max retries exceeded with url: /reddit/search/submission/?subreddit=clevelandcavs&sort=created_utc&sort_type=desc&size=500 (Caused by NewConnectionError('<urllib3.connection.HTTPSConnection object at 0xffffa00493d0>: Failed to establish a new connection: [Errno -2] Name or service not known'))
[2023-05-01T12:11:39.150+0000] {helpers.py:86} ERROR - HTTPSConnectionPool(host='api.pushshift.io', port=443): Max retries exceeded with url: /reddit/search/submission/?subreddit=clevelandcavs&sort=created_utc&sort_type=desc&size=500 (Caused by NewConnectionError('<urllib3.connection.HTTPSConnection object at 0xffffa00493d0>: Failed to establish a new connection: [Errno -2] Name or service not known'))
[2023-05-01T12:11:39.155+0000] {helpers.py:87} ERROR - Retrying! 5 attempts before skipping!
[2023-05-01T12:11:40.168+0000] {logging_mixin.py:137} INFO - HTTPSConnectionPool(host='api.pushshift.io', port=443): Max retries exceeded with url: /reddit/search/submission/?subreddit=clevelandcavs&sort=created_utc&sort_type=desc&size=500 (Caused by NewConnectionError('<urllib3.connection.HTTPSConnection object at 0xffffa00496d0>: Failed to establish a new connection: [Errno -2] Name or service not known'))
[2023-05-01T12:11:40.169+0000] {helpers.py:86} ERROR - HTTPSConnectionPool(host='api.pushshift.io', port=443): Max retries exceeded with url: /reddit/search/submission/?subreddit=clevelandcavs&sort=created_utc&sort_type=desc&size=500 (Caused by NewConnectionError('<urllib3.connection.HTTPSConnection object at 0xffffa00496d0>: Failed to establish a new connection: [Errno -2] Name or service not known'))
[2023-05-01T12:11:40.175+0000] {helpers.py:87} ERROR - Retrying! 4 attempts before skipping!
[2023-05-01T12:11:41.188+0000] {logging_mixin.py:137} INFO - HTTPSConnectionPool(host='api.pushshift.io', port=443): Max retries exceeded with url: /reddit/search/submission/?subreddit=clevelandcavs&sort=created_utc&sort_type=desc&size=500 (Caused by NewConnectionError('<urllib3.connection.HTTPSConnection object at 0xffffa0049890>: Failed to establish a new connection: [Errno -2] Name or service not known'))
[2023-05-01T12:11:41.190+0000] {helpers.py:86} ERROR - HTTPSConnectionPool(host='api.pushshift.io', port=443): Max retries exceeded with url: /reddit/search/submission/?subreddit=clevelandcavs&sort=created_utc&sort_type=desc&size=500 (Caused by NewConnectionError('<urllib3.connection.HTTPSConnection object at 0xffffa0049890>: Failed to establish a new connection: [Errno -2] Name or service not known'))
[2023-05-01T12:11:41.191+0000] {helpers.py:87} ERROR - Retrying! 3 attempts before skipping!
[2023-05-01T12:11:42.203+0000] {logging_mixin.py:137} INFO - HTTPSConnectionPool(host='api.pushshift.io', port=443): Max retries exceeded with url: /reddit/search/submission/?subreddit=clevelandcavs&sort=created_utc&sort_type=desc&size=500 (Caused by NewConnectionError('<urllib3.connection.HTTPSConnection object at 0xffffa00495d0>: Failed to establish a new connection: [Errno -2] Name or service not known'))
[2023-05-01T12:11:42.207+0000] {helpers.py:86} ERROR - HTTPSConnectionPool(host='api.pushshift.io', port=443): Max retries exceeded with url: /reddit/search/submission/?subreddit=clevelandcavs&sort=created_utc&sort_type=desc&size=500 (Caused by NewConnectionError('<urllib3.connection.HTTPSConnection object at 0xffffa00495d0>: Failed to establish a new connection: [Errno -2] Name or service not known'))
[2023-05-01T12:11:42.209+0000] {helpers.py:87} ERROR - Retrying! 2 attempts before skipping!
[2023-05-01T12:11:43.224+0000] {logging_mixin.py:137} INFO - HTTPSConnectionPool(host='api.pushshift.io', port=443): Max retries exceeded with url: /reddit/search/submission/?subreddit=clevelandcavs&sort=created_utc&sort_type=desc&size=500 (Caused by NewConnectionError('<urllib3.connection.HTTPSConnection object at 0xffffa0049510>: Failed to establish a new connection: [Errno -2] Name or service not known'))
[2023-05-01T12:11:43.227+0000] {helpers.py:86} ERROR - HTTPSConnectionPool(host='api.pushshift.io', port=443): Max retries exceeded with url: /reddit/search/submission/?subreddit=clevelandcavs&sort=created_utc&sort_type=desc&size=500 (Caused by NewConnectionError('<urllib3.connection.HTTPSConnection object at 0xffffa0049510>: Failed to establish a new connection: [Errno -2] Name or service not known'))
[2023-05-01T12:11:43.230+0000] {helpers.py:87} ERROR - Retrying! 1 attempts before skipping!
[2023-05-01T12:11:43.510+0000] {local_task_job.py:277} WARNING - State of this instance has been externally set to failed. Terminating instance.
[2023-05-01T12:11:43.517+0000] {process_utils.py:133} INFO - Sending Signals.SIGTERM to group 5728. PIDs of all processes in the group: [5728]
[2023-05-01T12:11:43.518+0000] {process_utils.py:84} INFO - Sending the signal Signals.SIGTERM to group 5728
[2023-05-01T12:11:43.519+0000] {taskinstance.py:1488} ERROR - Received SIGTERM. Terminating subprocesses.
[2023-05-01T12:11:43.571+0000] {process_utils.py:79} INFO - Process psutil.Process(pid=5728, status='terminated', exitcode=0, started='09:42:23') (5728) terminated with exit code 0
