[2023-05-19T01:01:56.282+0000] {taskinstance.py:1090} INFO - Dependencies all met for dep_context=non-requeueable deps ti=<TaskInstance: cloud_storage_to_bigquery_dag.create_bq_external_table manual__2023-05-19T01:01:54.217363+00:00 [queued]>
[2023-05-19T01:01:56.289+0000] {taskinstance.py:1090} INFO - Dependencies all met for dep_context=requeueable deps ti=<TaskInstance: cloud_storage_to_bigquery_dag.create_bq_external_table manual__2023-05-19T01:01:54.217363+00:00 [queued]>
[2023-05-19T01:01:56.290+0000] {taskinstance.py:1288} INFO - 
--------------------------------------------------------------------------------
[2023-05-19T01:01:56.291+0000] {taskinstance.py:1289} INFO - Starting attempt 1 of 1
[2023-05-19T01:01:56.292+0000] {taskinstance.py:1290} INFO - 
--------------------------------------------------------------------------------
[2023-05-19T01:01:56.300+0000] {taskinstance.py:1309} INFO - Executing <Task(BigQueryCreateExternalTableOperator): create_bq_external_table> on 2023-05-19 01:01:54.217363+00:00
[2023-05-19T01:01:56.304+0000] {standard_task_runner.py:55} INFO - Started process 513 to run task
[2023-05-19T01:01:56.308+0000] {standard_task_runner.py:82} INFO - Running: ['***', 'tasks', 'run', 'cloud_storage_to_bigquery_dag', 'create_bq_external_table', 'manual__2023-05-19T01:01:54.217363+00:00', '--job-id', '4403', '--raw', '--subdir', 'DAGS_FOLDER/cloud_storage_to_bigquery_dag.py', '--cfg-path', '/tmp/tmpmt5ejkc_']
[2023-05-19T01:01:56.311+0000] {standard_task_runner.py:83} INFO - Job 4403: Subtask create_bq_external_table
[2023-05-19T01:01:56.368+0000] {task_command.py:389} INFO - Running <TaskInstance: cloud_storage_to_bigquery_dag.create_bq_external_table manual__2023-05-19T01:01:54.217363+00:00 [running]> on host cbefa40f06e8
[2023-05-19T01:01:56.392+0000] {warnings.py:110} WARNING - /home/***/.local/lib/python3.7/site-packages/***/utils/context.py:205: AirflowContextDeprecationWarning: Accessing 'execution_date' from the template is deprecated and will be removed in a future version. Please use 'data_interval_start' or 'logical_date' instead.
  warnings.warn(_create_deprecation_warning(key, self._deprecation_replacements[key]))

[2023-05-19T01:01:56.424+0000] {taskinstance.py:1518} INFO - Exporting the following env vars:
AIRFLOW_CTX_DAG_OWNER=***
AIRFLOW_CTX_DAG_ID=cloud_storage_to_bigquery_dag
AIRFLOW_CTX_TASK_ID=create_bq_external_table
AIRFLOW_CTX_EXECUTION_DATE=2023-05-19T01:01:54.217363+00:00
AIRFLOW_CTX_TRY_NUMBER=1
AIRFLOW_CTX_DAG_RUN_ID=manual__2023-05-19T01:01:54.217363+00:00
[2023-05-19T01:01:56.433+0000] {base.py:73} INFO - Using connection ID 'google_cloud_default' for task execution.
[2023-05-19T01:01:57.281+0000] {taskinstance.py:1332} INFO - Marking task as SUCCESS. dag_id=cloud_storage_to_bigquery_dag, task_id=create_bq_external_table, execution_date=20230519T010154, start_date=20230519T010156, end_date=20230519T010157
[2023-05-19T01:01:57.309+0000] {local_task_job.py:212} INFO - Task exited with return code 0
[2023-05-19T01:01:57.324+0000] {taskinstance.py:2596} INFO - 0 downstream tasks scheduled from follow-on schedule check
