[2023-05-05T00:54:50.318+0000] {taskinstance.py:1090} INFO - Dependencies all met for dep_context=non-requeueable deps ti=<TaskInstance: push_to_bigquery.push_csv_to_cloud_storage manual__2023-05-05T00:54:49.371609+00:00 [queued]>
[2023-05-05T00:54:50.325+0000] {taskinstance.py:1090} INFO - Dependencies all met for dep_context=requeueable deps ti=<TaskInstance: push_to_bigquery.push_csv_to_cloud_storage manual__2023-05-05T00:54:49.371609+00:00 [queued]>
[2023-05-05T00:54:50.326+0000] {taskinstance.py:1288} INFO - 
--------------------------------------------------------------------------------
[2023-05-05T00:54:50.327+0000] {taskinstance.py:1289} INFO - Starting attempt 1 of 1
[2023-05-05T00:54:50.328+0000] {taskinstance.py:1290} INFO - 
--------------------------------------------------------------------------------
[2023-05-05T00:54:50.336+0000] {taskinstance.py:1309} INFO - Executing <Task(PythonOperator): push_csv_to_cloud_storage> on 2023-05-05 00:54:49.371609+00:00
[2023-05-05T00:54:50.342+0000] {standard_task_runner.py:55} INFO - Started process 47602 to run task
[2023-05-05T00:54:50.346+0000] {standard_task_runner.py:82} INFO - Running: ['***', 'tasks', 'run', 'push_to_bigquery', 'push_csv_to_cloud_storage', 'manual__2023-05-05T00:54:49.371609+00:00', '--job-id', '2621', '--raw', '--subdir', 'DAGS_FOLDER/push_to_bigquery_dag.py', '--cfg-path', '/tmp/tmpcg4dhved']
[2023-05-05T00:54:50.349+0000] {standard_task_runner.py:83} INFO - Job 2621: Subtask push_csv_to_cloud_storage
[2023-05-05T00:54:50.410+0000] {task_command.py:389} INFO - Running <TaskInstance: push_to_bigquery.push_csv_to_cloud_storage manual__2023-05-05T00:54:49.371609+00:00 [running]> on host 5d4cd8acb346
[2023-05-05T00:54:50.439+0000] {warnings.py:110} WARNING - /home/***/.local/lib/python3.7/site-packages/***/utils/context.py:205: AirflowContextDeprecationWarning: Accessing 'execution_date' from the template is deprecated and will be removed in a future version. Please use 'data_interval_start' or 'logical_date' instead.
  warnings.warn(_create_deprecation_warning(key, self._deprecation_replacements[key]))

[2023-05-05T00:54:50.472+0000] {taskinstance.py:1518} INFO - Exporting the following env vars:
AIRFLOW_CTX_DAG_OWNER=***
AIRFLOW_CTX_DAG_ID=push_to_bigquery
AIRFLOW_CTX_TASK_ID=push_csv_to_cloud_storage
AIRFLOW_CTX_EXECUTION_DATE=2023-05-05T00:54:49.371609+00:00
AIRFLOW_CTX_TRY_NUMBER=1
AIRFLOW_CTX_DAG_RUN_ID=manual__2023-05-05T00:54:49.371609+00:00
[2023-05-05T00:54:54.288+0000] {logging_mixin.py:137} INFO - File /opt/***/data/all_teams.csv has been uploaded to Google Cloud Storage Bucket trendba-bucket-1
[2023-05-05T00:54:54.293+0000] {python.py:177} INFO - Done. Returned value was: None
[2023-05-05T00:54:54.325+0000] {taskinstance.py:1332} INFO - Marking task as SUCCESS. dag_id=push_to_bigquery, task_id=push_csv_to_cloud_storage, execution_date=20230505T005449, start_date=20230505T005450, end_date=20230505T005454
[2023-05-05T00:54:54.383+0000] {local_task_job.py:212} INFO - Task exited with return code 0
[2023-05-05T00:54:54.398+0000] {taskinstance.py:2596} INFO - 0 downstream tasks scheduled from follow-on schedule check
