[2023-04-28T04:29:05.027+0000] {taskinstance.py:1090} INFO - Dependencies all met for dep_context=non-requeueable deps ti=<TaskInstance: reddit_scrape.Teams_25-30 manual__2023-04-28T04:29:01.481917+00:00 [queued]>
[2023-04-28T04:29:05.046+0000] {taskinstance.py:1090} INFO - Dependencies all met for dep_context=requeueable deps ti=<TaskInstance: reddit_scrape.Teams_25-30 manual__2023-04-28T04:29:01.481917+00:00 [queued]>
[2023-04-28T04:29:05.048+0000] {taskinstance.py:1288} INFO - 
--------------------------------------------------------------------------------
[2023-04-28T04:29:05.050+0000] {taskinstance.py:1289} INFO - Starting attempt 1 of 1
[2023-04-28T04:29:05.053+0000] {taskinstance.py:1290} INFO - 
--------------------------------------------------------------------------------
[2023-04-28T04:29:05.114+0000] {taskinstance.py:1309} INFO - Executing <Task(PythonOperator): Teams_25-30> on 2023-04-28 04:29:01.481917+00:00
[2023-04-28T04:29:05.121+0000] {standard_task_runner.py:55} INFO - Started process 78 to run task
[2023-04-28T04:29:05.130+0000] {standard_task_runner.py:82} INFO - Running: ['***', 'tasks', 'run', 'reddit_scrape', 'Teams_25-30', 'manual__2023-04-28T04:29:01.481917+00:00', '--job-id', '1634', '--raw', '--subdir', 'DAGS_FOLDER/reddit_scrape.py', '--cfg-path', '/tmp/tmp28w7yge0']
[2023-04-28T04:29:05.143+0000] {standard_task_runner.py:83} INFO - Job 1634: Subtask Teams_25-30
[2023-04-28T04:29:05.323+0000] {task_command.py:389} INFO - Running <TaskInstance: reddit_scrape.Teams_25-30 manual__2023-04-28T04:29:01.481917+00:00 [running]> on host 06bfdeeadc0b
[2023-04-28T04:29:05.414+0000] {taskinstance.py:1518} INFO - Exporting the following env vars:
AIRFLOW_CTX_DAG_OWNER=***
AIRFLOW_CTX_DAG_ID=reddit_scrape
AIRFLOW_CTX_TASK_ID=Teams_25-30
AIRFLOW_CTX_EXECUTION_DATE=2023-04-28T04:29:01.481917+00:00
AIRFLOW_CTX_TRY_NUMBER=1
AIRFLOW_CTX_DAG_RUN_ID=manual__2023-04-28T04:29:01.481917+00:00
[2023-04-28T04:29:06.911+0000] {reddit_scrape.py:32} INFO - Success!
[2023-04-28T04:29:07.833+0000] {reddit_scrape.py:32} INFO - Success!
[2023-04-28T04:29:08.424+0000] {reddit_scrape.py:32} INFO - Success!
[2023-04-28T04:29:09.318+0000] {reddit_scrape.py:32} INFO - Success!
[2023-04-28T04:29:10.400+0000] {reddit_scrape.py:32} INFO - Success!
[2023-04-28T04:29:12.204+0000] {reddit_scrape.py:32} INFO - Success!
[2023-04-28T04:29:12.206+0000] {python.py:177} INFO - Done. Returned value was: None
[2023-04-28T04:29:12.217+0000] {taskinstance.py:1332} INFO - Marking task as SUCCESS. dag_id=reddit_scrape, task_id=Teams_25-30, execution_date=20230428T042901, start_date=20230428T042905, end_date=20230428T042912
[2023-04-28T04:29:12.252+0000] {local_task_job.py:212} INFO - Task exited with return code 0
[2023-04-28T04:29:12.268+0000] {taskinstance.py:2596} INFO - 0 downstream tasks scheduled from follow-on schedule check
