[2023-05-02T00:31:52.141+0000] {taskinstance.py:1090} INFO - Dependencies all met for dep_context=non-requeueable deps ti=<TaskInstance: scrape_and_save_to_csv.scrape_teams_17-24 scheduled__2023-05-01T23:30:00+00:00 [queued]>
[2023-05-02T00:31:52.173+0000] {taskinstance.py:1090} INFO - Dependencies all met for dep_context=requeueable deps ti=<TaskInstance: scrape_and_save_to_csv.scrape_teams_17-24 scheduled__2023-05-01T23:30:00+00:00 [queued]>
[2023-05-02T00:31:52.180+0000] {taskinstance.py:1288} INFO - 
--------------------------------------------------------------------------------
[2023-05-02T00:31:52.187+0000] {taskinstance.py:1289} INFO - Starting attempt 1 of 1
[2023-05-02T00:31:52.194+0000] {taskinstance.py:1290} INFO - 
--------------------------------------------------------------------------------
[2023-05-02T00:31:52.224+0000] {taskinstance.py:1309} INFO - Executing <Task(PythonOperator): scrape_teams_17-24> on 2023-05-01 23:30:00+00:00
[2023-05-02T00:31:52.240+0000] {standard_task_runner.py:55} INFO - Started process 11263 to run task
[2023-05-02T00:31:52.253+0000] {standard_task_runner.py:82} INFO - Running: ['***', 'tasks', 'run', 'scrape_and_save_to_csv', 'scrape_teams_17-24', 'scheduled__2023-05-01T23:30:00+00:00', '--job-id', '2132', '--raw', '--subdir', 'DAGS_FOLDER/scrape_and_save_csv_dag.py', '--cfg-path', '/tmp/tmpel_dj7k_']
[2023-05-02T00:31:52.262+0000] {standard_task_runner.py:83} INFO - Job 2132: Subtask scrape_teams_17-24
[2023-05-02T00:31:52.452+0000] {task_command.py:389} INFO - Running <TaskInstance: scrape_and_save_to_csv.scrape_teams_17-24 scheduled__2023-05-01T23:30:00+00:00 [running]> on host 5d4cd8acb346
[2023-05-02T00:31:52.562+0000] {taskinstance.py:1518} INFO - Exporting the following env vars:
AIRFLOW_CTX_DAG_OWNER=***
AIRFLOW_CTX_DAG_ID=scrape_and_save_to_csv
AIRFLOW_CTX_TASK_ID=scrape_teams_17-24
AIRFLOW_CTX_EXECUTION_DATE=2023-05-01T23:30:00+00:00
AIRFLOW_CTX_TRY_NUMBER=1
AIRFLOW_CTX_DAG_RUN_ID=scheduled__2023-05-01T23:30:00+00:00
[2023-05-02T00:31:54.851+0000] {warnings.py:110} WARNING - /home/***/.local/lib/python3.7/site-packages/***/utils/context.py:313: AirflowContextDeprecationWarning: Accessing 'execution_date' from the template is deprecated and will be removed in a future version. Please use 'data_interval_start' or 'logical_date' instead.
  warnings.warn(_create_deprecation_warning(k, replacements))

[2023-05-02T00:31:55.207+0000] {helpers.py:80} INFO - Milwaukee Bucks: Successfully scraped!
[2023-05-02T01:22:02.611+0000] {local_task_job.py:277} WARNING - State of this instance has been externally set to failed. Terminating instance.
[2023-05-02T01:22:02.619+0000] {process_utils.py:133} INFO - Sending Signals.SIGTERM to group 11263. PIDs of all processes in the group: [11263]
[2023-05-02T01:22:02.622+0000] {process_utils.py:84} INFO - Sending the signal Signals.SIGTERM to group 11263
[2023-05-02T01:22:02.623+0000] {taskinstance.py:1488} ERROR - Received SIGTERM. Terminating subprocesses.
[2023-05-02T01:22:02.626+0000] {logging_mixin.py:137} INFO - Task received SIGTERM signal
[2023-05-02T01:22:02.627+0000] {helpers.py:86} ERROR - Task received SIGTERM signal
[2023-05-02T01:22:02.628+0000] {helpers.py:87} ERROR - Retrying! 9 attempts before skipping!
[2023-05-02T01:22:03.642+0000] {logging_mixin.py:137} INFO - HTTPSConnectionPool(host='api.pushshift.io', port=443): Max retries exceeded with url: /reddit/search/submission/?subreddit=timberwolves&sort=created_utc&sort_type=desc&size=500 (Caused by NewConnectionError('<urllib3.connection.HTTPSConnection object at 0xffff9bcc6ed0>: Failed to establish a new connection: [Errno -2] Name or service not known'))
[2023-05-02T01:22:03.644+0000] {helpers.py:86} ERROR - HTTPSConnectionPool(host='api.pushshift.io', port=443): Max retries exceeded with url: /reddit/search/submission/?subreddit=timberwolves&sort=created_utc&sort_type=desc&size=500 (Caused by NewConnectionError('<urllib3.connection.HTTPSConnection object at 0xffff9bcc6ed0>: Failed to establish a new connection: [Errno -2] Name or service not known'))
[2023-05-02T01:22:03.646+0000] {helpers.py:87} ERROR - Retrying! 8 attempts before skipping!
[2023-05-02T01:22:04.655+0000] {logging_mixin.py:137} INFO - HTTPSConnectionPool(host='api.pushshift.io', port=443): Max retries exceeded with url: /reddit/search/submission/?subreddit=timberwolves&sort=created_utc&sort_type=desc&size=500 (Caused by NewConnectionError('<urllib3.connection.HTTPSConnection object at 0xffff9bcc6ad0>: Failed to establish a new connection: [Errno -2] Name or service not known'))
[2023-05-02T01:22:04.664+0000] {helpers.py:86} ERROR - HTTPSConnectionPool(host='api.pushshift.io', port=443): Max retries exceeded with url: /reddit/search/submission/?subreddit=timberwolves&sort=created_utc&sort_type=desc&size=500 (Caused by NewConnectionError('<urllib3.connection.HTTPSConnection object at 0xffff9bcc6ad0>: Failed to establish a new connection: [Errno -2] Name or service not known'))
[2023-05-02T01:22:04.665+0000] {helpers.py:87} ERROR - Retrying! 7 attempts before skipping!
[2023-05-02T01:22:05.671+0000] {logging_mixin.py:137} INFO - HTTPSConnectionPool(host='api.pushshift.io', port=443): Max retries exceeded with url: /reddit/search/submission/?subreddit=timberwolves&sort=created_utc&sort_type=desc&size=500 (Caused by NewConnectionError('<urllib3.connection.HTTPSConnection object at 0xffff9bcc69d0>: Failed to establish a new connection: [Errno -2] Name or service not known'))
[2023-05-02T01:22:05.673+0000] {helpers.py:86} ERROR - HTTPSConnectionPool(host='api.pushshift.io', port=443): Max retries exceeded with url: /reddit/search/submission/?subreddit=timberwolves&sort=created_utc&sort_type=desc&size=500 (Caused by NewConnectionError('<urllib3.connection.HTTPSConnection object at 0xffff9bcc69d0>: Failed to establish a new connection: [Errno -2] Name or service not known'))
[2023-05-02T01:22:05.674+0000] {helpers.py:87} ERROR - Retrying! 6 attempts before skipping!
[2023-05-02T01:22:06.701+0000] {logging_mixin.py:137} INFO - HTTPSConnectionPool(host='api.pushshift.io', port=443): Max retries exceeded with url: /reddit/search/submission/?subreddit=timberwolves&sort=created_utc&sort_type=desc&size=500 (Caused by NewConnectionError('<urllib3.connection.HTTPSConnection object at 0xffff9bcc6090>: Failed to establish a new connection: [Errno -2] Name or service not known'))
[2023-05-02T01:22:06.713+0000] {helpers.py:86} ERROR - HTTPSConnectionPool(host='api.pushshift.io', port=443): Max retries exceeded with url: /reddit/search/submission/?subreddit=timberwolves&sort=created_utc&sort_type=desc&size=500 (Caused by NewConnectionError('<urllib3.connection.HTTPSConnection object at 0xffff9bcc6090>: Failed to establish a new connection: [Errno -2] Name or service not known'))
[2023-05-02T01:22:06.715+0000] {helpers.py:87} ERROR - Retrying! 5 attempts before skipping!
[2023-05-02T01:22:07.722+0000] {logging_mixin.py:137} INFO - HTTPSConnectionPool(host='api.pushshift.io', port=443): Max retries exceeded with url: /reddit/search/submission/?subreddit=timberwolves&sort=created_utc&sort_type=desc&size=500 (Caused by NewConnectionError('<urllib3.connection.HTTPSConnection object at 0xffff9bcc6f90>: Failed to establish a new connection: [Errno -2] Name or service not known'))
[2023-05-02T01:22:07.724+0000] {helpers.py:86} ERROR - HTTPSConnectionPool(host='api.pushshift.io', port=443): Max retries exceeded with url: /reddit/search/submission/?subreddit=timberwolves&sort=created_utc&sort_type=desc&size=500 (Caused by NewConnectionError('<urllib3.connection.HTTPSConnection object at 0xffff9bcc6f90>: Failed to establish a new connection: [Errno -2] Name or service not known'))
[2023-05-02T01:22:07.724+0000] {helpers.py:87} ERROR - Retrying! 4 attempts before skipping!
[2023-05-02T01:22:08.761+0000] {logging_mixin.py:137} INFO - HTTPSConnectionPool(host='api.pushshift.io', port=443): Max retries exceeded with url: /reddit/search/submission/?subreddit=timberwolves&sort=created_utc&sort_type=desc&size=500 (Caused by NewConnectionError('<urllib3.connection.HTTPSConnection object at 0xffff9bcc6b90>: Failed to establish a new connection: [Errno -2] Name or service not known'))
[2023-05-02T01:22:08.766+0000] {helpers.py:86} ERROR - HTTPSConnectionPool(host='api.pushshift.io', port=443): Max retries exceeded with url: /reddit/search/submission/?subreddit=timberwolves&sort=created_utc&sort_type=desc&size=500 (Caused by NewConnectionError('<urllib3.connection.HTTPSConnection object at 0xffff9bcc6b90>: Failed to establish a new connection: [Errno -2] Name or service not known'))
[2023-05-02T01:22:08.768+0000] {helpers.py:87} ERROR - Retrying! 3 attempts before skipping!
[2023-05-02T01:22:09.787+0000] {logging_mixin.py:137} INFO - HTTPSConnectionPool(host='api.pushshift.io', port=443): Max retries exceeded with url: /reddit/search/submission/?subreddit=timberwolves&sort=created_utc&sort_type=desc&size=500 (Caused by NewConnectionError('<urllib3.connection.HTTPSConnection object at 0xffff9bcc67d0>: Failed to establish a new connection: [Errno -2] Name or service not known'))
[2023-05-02T01:22:09.791+0000] {helpers.py:86} ERROR - HTTPSConnectionPool(host='api.pushshift.io', port=443): Max retries exceeded with url: /reddit/search/submission/?subreddit=timberwolves&sort=created_utc&sort_type=desc&size=500 (Caused by NewConnectionError('<urllib3.connection.HTTPSConnection object at 0xffff9bcc67d0>: Failed to establish a new connection: [Errno -2] Name or service not known'))
[2023-05-02T01:22:09.794+0000] {helpers.py:87} ERROR - Retrying! 2 attempts before skipping!
[2023-05-02T01:22:10.814+0000] {logging_mixin.py:137} INFO - HTTPSConnectionPool(host='api.pushshift.io', port=443): Max retries exceeded with url: /reddit/search/submission/?subreddit=timberwolves&sort=created_utc&sort_type=desc&size=500 (Caused by NewConnectionError('<urllib3.connection.HTTPSConnection object at 0xffff9bcc6dd0>: Failed to establish a new connection: [Errno -2] Name or service not known'))
[2023-05-02T01:22:10.817+0000] {helpers.py:86} ERROR - HTTPSConnectionPool(host='api.pushshift.io', port=443): Max retries exceeded with url: /reddit/search/submission/?subreddit=timberwolves&sort=created_utc&sort_type=desc&size=500 (Caused by NewConnectionError('<urllib3.connection.HTTPSConnection object at 0xffff9bcc6dd0>: Failed to establish a new connection: [Errno -2] Name or service not known'))
[2023-05-02T01:22:10.820+0000] {helpers.py:87} ERROR - Retrying! 1 attempts before skipping!
[2023-05-02T01:22:11.855+0000] {logging_mixin.py:137} INFO - HTTPSConnectionPool(host='api.pushshift.io', port=443): Max retries exceeded with url: /reddit/search/submission/?subreddit=timberwolves&sort=created_utc&sort_type=desc&size=500 (Caused by NewConnectionError('<urllib3.connection.HTTPSConnection object at 0xffff9bcc6e90>: Failed to establish a new connection: [Errno -2] Name or service not known'))
[2023-05-02T01:22:11.857+0000] {helpers.py:86} ERROR - HTTPSConnectionPool(host='api.pushshift.io', port=443): Max retries exceeded with url: /reddit/search/submission/?subreddit=timberwolves&sort=created_utc&sort_type=desc&size=500 (Caused by NewConnectionError('<urllib3.connection.HTTPSConnection object at 0xffff9bcc6e90>: Failed to establish a new connection: [Errno -2] Name or service not known'))
[2023-05-02T01:22:11.859+0000] {helpers.py:87} ERROR - Retrying! 0 attempts before skipping!
[2023-05-02T01:22:12.868+0000] {logging_mixin.py:137} INFO - HTTPSConnectionPool(host='api.pushshift.io', port=443): Max retries exceeded with url: /reddit/search/submission/?subreddit=timberwolves&sort=created_utc&sort_type=desc&size=500 (Caused by NewConnectionError('<urllib3.connection.HTTPSConnection object at 0xffff9bcc6c50>: Failed to establish a new connection: [Errno -2] Name or service not known'))
[2023-05-02T01:22:12.869+0000] {helpers.py:86} ERROR - HTTPSConnectionPool(host='api.pushshift.io', port=443): Max retries exceeded with url: /reddit/search/submission/?subreddit=timberwolves&sort=created_utc&sort_type=desc&size=500 (Caused by NewConnectionError('<urllib3.connection.HTTPSConnection object at 0xffff9bcc6c50>: Failed to establish a new connection: [Errno -2] Name or service not known'))
[2023-05-02T01:22:12.871+0000] {helpers.py:87} ERROR - Retrying! -1 attempts before skipping!
[2023-05-02T01:22:13.890+0000] {logging_mixin.py:137} INFO - HTTPSConnectionPool(host='api.pushshift.io', port=443): Max retries exceeded with url: /reddit/search/submission/?subreddit=NOLAPelicans&sort=created_utc&sort_type=desc&size=500 (Caused by NewConnectionError('<urllib3.connection.HTTPSConnection object at 0xffff9bcc6f50>: Failed to establish a new connection: [Errno -2] Name or service not known'))
[2023-05-02T01:22:13.892+0000] {helpers.py:86} ERROR - HTTPSConnectionPool(host='api.pushshift.io', port=443): Max retries exceeded with url: /reddit/search/submission/?subreddit=NOLAPelicans&sort=created_utc&sort_type=desc&size=500 (Caused by NewConnectionError('<urllib3.connection.HTTPSConnection object at 0xffff9bcc6f50>: Failed to establish a new connection: [Errno -2] Name or service not known'))
[2023-05-02T01:22:13.893+0000] {helpers.py:87} ERROR - Retrying! 9 attempts before skipping!
[2023-05-02T01:22:14.939+0000] {logging_mixin.py:137} INFO - HTTPSConnectionPool(host='api.pushshift.io', port=443): Max retries exceeded with url: /reddit/search/submission/?subreddit=NOLAPelicans&sort=created_utc&sort_type=desc&size=500 (Caused by NewConnectionError('<urllib3.connection.HTTPSConnection object at 0xffff9bcc6cd0>: Failed to establish a new connection: [Errno -2] Name or service not known'))
[2023-05-02T01:22:14.942+0000] {helpers.py:86} ERROR - HTTPSConnectionPool(host='api.pushshift.io', port=443): Max retries exceeded with url: /reddit/search/submission/?subreddit=NOLAPelicans&sort=created_utc&sort_type=desc&size=500 (Caused by NewConnectionError('<urllib3.connection.HTTPSConnection object at 0xffff9bcc6cd0>: Failed to establish a new connection: [Errno -2] Name or service not known'))
[2023-05-02T01:22:14.944+0000] {helpers.py:87} ERROR - Retrying! 8 attempts before skipping!
[2023-05-02T01:22:15.963+0000] {logging_mixin.py:137} INFO - HTTPSConnectionPool(host='api.pushshift.io', port=443): Max retries exceeded with url: /reddit/search/submission/?subreddit=NOLAPelicans&sort=created_utc&sort_type=desc&size=500 (Caused by NewConnectionError('<urllib3.connection.HTTPSConnection object at 0xffff9bcc60d0>: Failed to establish a new connection: [Errno -2] Name or service not known'))
[2023-05-02T01:22:15.967+0000] {helpers.py:86} ERROR - HTTPSConnectionPool(host='api.pushshift.io', port=443): Max retries exceeded with url: /reddit/search/submission/?subreddit=NOLAPelicans&sort=created_utc&sort_type=desc&size=500 (Caused by NewConnectionError('<urllib3.connection.HTTPSConnection object at 0xffff9bcc60d0>: Failed to establish a new connection: [Errno -2] Name or service not known'))
[2023-05-02T01:22:15.970+0000] {helpers.py:87} ERROR - Retrying! 7 attempts before skipping!
[2023-05-02T01:22:16.989+0000] {logging_mixin.py:137} INFO - HTTPSConnectionPool(host='api.pushshift.io', port=443): Max retries exceeded with url: /reddit/search/submission/?subreddit=NOLAPelicans&sort=created_utc&sort_type=desc&size=500 (Caused by NewConnectionError('<urllib3.connection.HTTPSConnection object at 0xffff9bcc6610>: Failed to establish a new connection: [Errno -2] Name or service not known'))
[2023-05-02T01:22:17.001+0000] {helpers.py:86} ERROR - HTTPSConnectionPool(host='api.pushshift.io', port=443): Max retries exceeded with url: /reddit/search/submission/?subreddit=NOLAPelicans&sort=created_utc&sort_type=desc&size=500 (Caused by NewConnectionError('<urllib3.connection.HTTPSConnection object at 0xffff9bcc6610>: Failed to establish a new connection: [Errno -2] Name or service not known'))
[2023-05-02T01:22:17.005+0000] {helpers.py:87} ERROR - Retrying! 6 attempts before skipping!
[2023-05-02T01:22:18.013+0000] {logging_mixin.py:137} INFO - HTTPSConnectionPool(host='api.pushshift.io', port=443): Max retries exceeded with url: /reddit/search/submission/?subreddit=NOLAPelicans&sort=created_utc&sort_type=desc&size=500 (Caused by NewConnectionError('<urllib3.connection.HTTPSConnection object at 0xffff9bcc6650>: Failed to establish a new connection: [Errno -2] Name or service not known'))
[2023-05-02T01:22:18.015+0000] {helpers.py:86} ERROR - HTTPSConnectionPool(host='api.pushshift.io', port=443): Max retries exceeded with url: /reddit/search/submission/?subreddit=NOLAPelicans&sort=created_utc&sort_type=desc&size=500 (Caused by NewConnectionError('<urllib3.connection.HTTPSConnection object at 0xffff9bcc6650>: Failed to establish a new connection: [Errno -2] Name or service not known'))
[2023-05-02T01:22:18.018+0000] {helpers.py:87} ERROR - Retrying! 5 attempts before skipping!
[2023-05-02T01:22:19.134+0000] {logging_mixin.py:137} INFO - HTTPSConnectionPool(host='api.pushshift.io', port=443): Max retries exceeded with url: /reddit/search/submission/?subreddit=NOLAPelicans&sort=created_utc&sort_type=desc&size=500 (Caused by NewConnectionError('<urllib3.connection.HTTPSConnection object at 0xffff9bcc6dd0>: Failed to establish a new connection: [Errno -2] Name or service not known'))
[2023-05-02T01:22:19.137+0000] {helpers.py:86} ERROR - HTTPSConnectionPool(host='api.pushshift.io', port=443): Max retries exceeded with url: /reddit/search/submission/?subreddit=NOLAPelicans&sort=created_utc&sort_type=desc&size=500 (Caused by NewConnectionError('<urllib3.connection.HTTPSConnection object at 0xffff9bcc6dd0>: Failed to establish a new connection: [Errno -2] Name or service not known'))
[2023-05-02T01:22:19.139+0000] {helpers.py:87} ERROR - Retrying! 4 attempts before skipping!
[2023-05-02T01:52:46.060+0000] {logging_mixin.py:137} INFO - HTTPSConnectionPool(host='api.pushshift.io', port=443): Max retries exceeded with url: /reddit/search/submission/?subreddit=NOLAPelicans&sort=created_utc&sort_type=desc&size=500 (Caused by NewConnectionError('<urllib3.connection.HTTPSConnection object at 0xffff9bcc6d50>: Failed to establish a new connection: [Errno -2] Name or service not known'))
[2023-05-02T01:52:46.062+0000] {helpers.py:86} ERROR - HTTPSConnectionPool(host='api.pushshift.io', port=443): Max retries exceeded with url: /reddit/search/submission/?subreddit=NOLAPelicans&sort=created_utc&sort_type=desc&size=500 (Caused by NewConnectionError('<urllib3.connection.HTTPSConnection object at 0xffff9bcc6d50>: Failed to establish a new connection: [Errno -2] Name or service not known'))
[2023-05-02T01:52:46.063+0000] {helpers.py:87} ERROR - Retrying! 3 attempts before skipping!
[2023-05-02T01:52:47.071+0000] {logging_mixin.py:137} INFO - HTTPSConnectionPool(host='api.pushshift.io', port=443): Max retries exceeded with url: /reddit/search/submission/?subreddit=NOLAPelicans&sort=created_utc&sort_type=desc&size=500 (Caused by NewConnectionError('<urllib3.connection.HTTPSConnection object at 0xffff9bcc63d0>: Failed to establish a new connection: [Errno -2] Name or service not known'))
[2023-05-02T01:52:47.073+0000] {helpers.py:86} ERROR - HTTPSConnectionPool(host='api.pushshift.io', port=443): Max retries exceeded with url: /reddit/search/submission/?subreddit=NOLAPelicans&sort=created_utc&sort_type=desc&size=500 (Caused by NewConnectionError('<urllib3.connection.HTTPSConnection object at 0xffff9bcc63d0>: Failed to establish a new connection: [Errno -2] Name or service not known'))
[2023-05-02T01:52:47.074+0000] {helpers.py:87} ERROR - Retrying! 2 attempts before skipping!
[2023-05-02T01:52:48.080+0000] {logging_mixin.py:137} INFO - HTTPSConnectionPool(host='api.pushshift.io', port=443): Max retries exceeded with url: /reddit/search/submission/?subreddit=NOLAPelicans&sort=created_utc&sort_type=desc&size=500 (Caused by NewConnectionError('<urllib3.connection.HTTPSConnection object at 0xffff9bcc69d0>: Failed to establish a new connection: [Errno -2] Name or service not known'))
[2023-05-02T01:52:48.082+0000] {helpers.py:86} ERROR - HTTPSConnectionPool(host='api.pushshift.io', port=443): Max retries exceeded with url: /reddit/search/submission/?subreddit=NOLAPelicans&sort=created_utc&sort_type=desc&size=500 (Caused by NewConnectionError('<urllib3.connection.HTTPSConnection object at 0xffff9bcc69d0>: Failed to establish a new connection: [Errno -2] Name or service not known'))
[2023-05-02T01:52:48.083+0000] {helpers.py:87} ERROR - Retrying! 1 attempts before skipping!
[2023-05-02T01:52:49.092+0000] {logging_mixin.py:137} INFO - HTTPSConnectionPool(host='api.pushshift.io', port=443): Max retries exceeded with url: /reddit/search/submission/?subreddit=NOLAPelicans&sort=created_utc&sort_type=desc&size=500 (Caused by NewConnectionError('<urllib3.connection.HTTPSConnection object at 0xffff9bcc6090>: Failed to establish a new connection: [Errno -2] Name or service not known'))
[2023-05-02T01:52:49.093+0000] {helpers.py:86} ERROR - HTTPSConnectionPool(host='api.pushshift.io', port=443): Max retries exceeded with url: /reddit/search/submission/?subreddit=NOLAPelicans&sort=created_utc&sort_type=desc&size=500 (Caused by NewConnectionError('<urllib3.connection.HTTPSConnection object at 0xffff9bcc6090>: Failed to establish a new connection: [Errno -2] Name or service not known'))
[2023-05-02T01:52:49.094+0000] {helpers.py:87} ERROR - Retrying! 0 attempts before skipping!
[2023-05-02T01:52:50.100+0000] {logging_mixin.py:137} INFO - HTTPSConnectionPool(host='api.pushshift.io', port=443): Max retries exceeded with url: /reddit/search/submission/?subreddit=NOLAPelicans&sort=created_utc&sort_type=desc&size=500 (Caused by NewConnectionError('<urllib3.connection.HTTPSConnection object at 0xffff9bcc6a90>: Failed to establish a new connection: [Errno -2] Name or service not known'))
[2023-05-02T01:52:50.101+0000] {helpers.py:86} ERROR - HTTPSConnectionPool(host='api.pushshift.io', port=443): Max retries exceeded with url: /reddit/search/submission/?subreddit=NOLAPelicans&sort=created_utc&sort_type=desc&size=500 (Caused by NewConnectionError('<urllib3.connection.HTTPSConnection object at 0xffff9bcc6a90>: Failed to establish a new connection: [Errno -2] Name or service not known'))
[2023-05-02T01:52:50.102+0000] {helpers.py:87} ERROR - Retrying! -1 attempts before skipping!
[2023-05-02T01:52:51.112+0000] {logging_mixin.py:137} INFO - HTTPSConnectionPool(host='api.pushshift.io', port=443): Max retries exceeded with url: /reddit/search/submission/?subreddit=nyknicks&sort=created_utc&sort_type=desc&size=500 (Caused by NewConnectionError('<urllib3.connection.HTTPSConnection object at 0xffff9bcc6c50>: Failed to establish a new connection: [Errno -2] Name or service not known'))
[2023-05-02T01:52:51.116+0000] {helpers.py:86} ERROR - HTTPSConnectionPool(host='api.pushshift.io', port=443): Max retries exceeded with url: /reddit/search/submission/?subreddit=nyknicks&sort=created_utc&sort_type=desc&size=500 (Caused by NewConnectionError('<urllib3.connection.HTTPSConnection object at 0xffff9bcc6c50>: Failed to establish a new connection: [Errno -2] Name or service not known'))
[2023-05-02T01:52:51.118+0000] {helpers.py:87} ERROR - Retrying! 9 attempts before skipping!
[2023-05-02T01:52:52.126+0000] {logging_mixin.py:137} INFO - HTTPSConnectionPool(host='api.pushshift.io', port=443): Max retries exceeded with url: /reddit/search/submission/?subreddit=nyknicks&sort=created_utc&sort_type=desc&size=500 (Caused by NewConnectionError('<urllib3.connection.HTTPSConnection object at 0xffff9bcc6790>: Failed to establish a new connection: [Errno -2] Name or service not known'))
[2023-05-02T01:52:52.127+0000] {helpers.py:86} ERROR - HTTPSConnectionPool(host='api.pushshift.io', port=443): Max retries exceeded with url: /reddit/search/submission/?subreddit=nyknicks&sort=created_utc&sort_type=desc&size=500 (Caused by NewConnectionError('<urllib3.connection.HTTPSConnection object at 0xffff9bcc6790>: Failed to establish a new connection: [Errno -2] Name or service not known'))
[2023-05-02T01:52:52.128+0000] {helpers.py:87} ERROR - Retrying! 8 attempts before skipping!
[2023-05-02T01:52:53.150+0000] {logging_mixin.py:137} INFO - HTTPSConnectionPool(host='api.pushshift.io', port=443): Max retries exceeded with url: /reddit/search/submission/?subreddit=nyknicks&sort=created_utc&sort_type=desc&size=500 (Caused by NewConnectionError('<urllib3.connection.HTTPSConnection object at 0xffff9bcc6890>: Failed to establish a new connection: [Errno -2] Name or service not known'))
[2023-05-02T01:52:53.159+0000] {helpers.py:86} ERROR - HTTPSConnectionPool(host='api.pushshift.io', port=443): Max retries exceeded with url: /reddit/search/submission/?subreddit=nyknicks&sort=created_utc&sort_type=desc&size=500 (Caused by NewConnectionError('<urllib3.connection.HTTPSConnection object at 0xffff9bcc6890>: Failed to establish a new connection: [Errno -2] Name or service not known'))
[2023-05-02T01:52:53.163+0000] {helpers.py:87} ERROR - Retrying! 7 attempts before skipping!
[2023-05-02T01:52:54.174+0000] {logging_mixin.py:137} INFO - HTTPSConnectionPool(host='api.pushshift.io', port=443): Max retries exceeded with url: /reddit/search/submission/?subreddit=nyknicks&sort=created_utc&sort_type=desc&size=500 (Caused by NewConnectionError('<urllib3.connection.HTTPSConnection object at 0xffff9bcc6310>: Failed to establish a new connection: [Errno -2] Name or service not known'))
[2023-05-02T01:52:54.176+0000] {helpers.py:86} ERROR - HTTPSConnectionPool(host='api.pushshift.io', port=443): Max retries exceeded with url: /reddit/search/submission/?subreddit=nyknicks&sort=created_utc&sort_type=desc&size=500 (Caused by NewConnectionError('<urllib3.connection.HTTPSConnection object at 0xffff9bcc6310>: Failed to establish a new connection: [Errno -2] Name or service not known'))
[2023-05-02T01:52:54.177+0000] {helpers.py:87} ERROR - Retrying! 6 attempts before skipping!
[2023-05-02T01:52:55.186+0000] {logging_mixin.py:137} INFO - HTTPSConnectionPool(host='api.pushshift.io', port=443): Max retries exceeded with url: /reddit/search/submission/?subreddit=nyknicks&sort=created_utc&sort_type=desc&size=500 (Caused by NewConnectionError('<urllib3.connection.HTTPSConnection object at 0xffff9bcc6e50>: Failed to establish a new connection: [Errno -2] Name or service not known'))
[2023-05-02T01:52:55.188+0000] {helpers.py:86} ERROR - HTTPSConnectionPool(host='api.pushshift.io', port=443): Max retries exceeded with url: /reddit/search/submission/?subreddit=nyknicks&sort=created_utc&sort_type=desc&size=500 (Caused by NewConnectionError('<urllib3.connection.HTTPSConnection object at 0xffff9bcc6e50>: Failed to establish a new connection: [Errno -2] Name or service not known'))
[2023-05-02T01:52:55.189+0000] {helpers.py:87} ERROR - Retrying! 5 attempts before skipping!
[2023-05-02T01:52:56.208+0000] {logging_mixin.py:137} INFO - HTTPSConnectionPool(host='api.pushshift.io', port=443): Max retries exceeded with url: /reddit/search/submission/?subreddit=nyknicks&sort=created_utc&sort_type=desc&size=500 (Caused by NewConnectionError('<urllib3.connection.HTTPSConnection object at 0xffff9bcc69d0>: Failed to establish a new connection: [Errno -2] Name or service not known'))
[2023-05-02T01:52:56.210+0000] {helpers.py:86} ERROR - HTTPSConnectionPool(host='api.pushshift.io', port=443): Max retries exceeded with url: /reddit/search/submission/?subreddit=nyknicks&sort=created_utc&sort_type=desc&size=500 (Caused by NewConnectionError('<urllib3.connection.HTTPSConnection object at 0xffff9bcc69d0>: Failed to establish a new connection: [Errno -2] Name or service not known'))
[2023-05-02T01:52:56.212+0000] {helpers.py:87} ERROR - Retrying! 4 attempts before skipping!
[2023-05-02T01:52:57.218+0000] {logging_mixin.py:137} INFO - HTTPSConnectionPool(host='api.pushshift.io', port=443): Max retries exceeded with url: /reddit/search/submission/?subreddit=nyknicks&sort=created_utc&sort_type=desc&size=500 (Caused by NewConnectionError('<urllib3.connection.HTTPSConnection object at 0xffff9bcc6bd0>: Failed to establish a new connection: [Errno -2] Name or service not known'))
[2023-05-02T01:52:57.220+0000] {helpers.py:86} ERROR - HTTPSConnectionPool(host='api.pushshift.io', port=443): Max retries exceeded with url: /reddit/search/submission/?subreddit=nyknicks&sort=created_utc&sort_type=desc&size=500 (Caused by NewConnectionError('<urllib3.connection.HTTPSConnection object at 0xffff9bcc6bd0>: Failed to establish a new connection: [Errno -2] Name or service not known'))
[2023-05-02T01:52:57.221+0000] {helpers.py:87} ERROR - Retrying! 3 attempts before skipping!
[2023-05-02T01:52:58.237+0000] {logging_mixin.py:137} INFO - HTTPSConnectionPool(host='api.pushshift.io', port=443): Max retries exceeded with url: /reddit/search/submission/?subreddit=nyknicks&sort=created_utc&sort_type=desc&size=500 (Caused by NewConnectionError('<urllib3.connection.HTTPSConnection object at 0xffff9bcc6ed0>: Failed to establish a new connection: [Errno -2] Name or service not known'))
[2023-05-02T01:52:58.245+0000] {helpers.py:86} ERROR - HTTPSConnectionPool(host='api.pushshift.io', port=443): Max retries exceeded with url: /reddit/search/submission/?subreddit=nyknicks&sort=created_utc&sort_type=desc&size=500 (Caused by NewConnectionError('<urllib3.connection.HTTPSConnection object at 0xffff9bcc6ed0>: Failed to establish a new connection: [Errno -2] Name or service not known'))
[2023-05-02T01:52:58.247+0000] {helpers.py:87} ERROR - Retrying! 2 attempts before skipping!
[2023-05-02T01:52:59.256+0000] {logging_mixin.py:137} INFO - HTTPSConnectionPool(host='api.pushshift.io', port=443): Max retries exceeded with url: /reddit/search/submission/?subreddit=nyknicks&sort=created_utc&sort_type=desc&size=500 (Caused by NewConnectionError('<urllib3.connection.HTTPSConnection object at 0xffff9bcc6610>: Failed to establish a new connection: [Errno -2] Name or service not known'))
[2023-05-02T01:52:59.258+0000] {helpers.py:86} ERROR - HTTPSConnectionPool(host='api.pushshift.io', port=443): Max retries exceeded with url: /reddit/search/submission/?subreddit=nyknicks&sort=created_utc&sort_type=desc&size=500 (Caused by NewConnectionError('<urllib3.connection.HTTPSConnection object at 0xffff9bcc6610>: Failed to establish a new connection: [Errno -2] Name or service not known'))
[2023-05-02T01:52:59.262+0000] {helpers.py:87} ERROR - Retrying! 1 attempts before skipping!
[2023-05-02T01:53:00.277+0000] {logging_mixin.py:137} INFO - HTTPSConnectionPool(host='api.pushshift.io', port=443): Max retries exceeded with url: /reddit/search/submission/?subreddit=nyknicks&sort=created_utc&sort_type=desc&size=500 (Caused by NewConnectionError('<urllib3.connection.HTTPSConnection object at 0xffff9bcc6650>: Failed to establish a new connection: [Errno -2] Name or service not known'))
[2023-05-02T01:53:00.279+0000] {helpers.py:86} ERROR - HTTPSConnectionPool(host='api.pushshift.io', port=443): Max retries exceeded with url: /reddit/search/submission/?subreddit=nyknicks&sort=created_utc&sort_type=desc&size=500 (Caused by NewConnectionError('<urllib3.connection.HTTPSConnection object at 0xffff9bcc6650>: Failed to establish a new connection: [Errno -2] Name or service not known'))
[2023-05-02T01:53:00.289+0000] {helpers.py:87} ERROR - Retrying! 0 attempts before skipping!
[2023-05-02T01:53:01.307+0000] {logging_mixin.py:137} INFO - HTTPSConnectionPool(host='api.pushshift.io', port=443): Max retries exceeded with url: /reddit/search/submission/?subreddit=nyknicks&sort=created_utc&sort_type=desc&size=500 (Caused by NewConnectionError('<urllib3.connection.HTTPSConnection object at 0xffff9bcc6990>: Failed to establish a new connection: [Errno -2] Name or service not known'))
[2023-05-02T01:53:01.311+0000] {helpers.py:86} ERROR - HTTPSConnectionPool(host='api.pushshift.io', port=443): Max retries exceeded with url: /reddit/search/submission/?subreddit=nyknicks&sort=created_utc&sort_type=desc&size=500 (Caused by NewConnectionError('<urllib3.connection.HTTPSConnection object at 0xffff9bcc6990>: Failed to establish a new connection: [Errno -2] Name or service not known'))
[2023-05-02T01:53:01.314+0000] {helpers.py:87} ERROR - Retrying! -1 attempts before skipping!
[2023-05-02T01:53:02.325+0000] {logging_mixin.py:137} INFO - HTTPSConnectionPool(host='api.pushshift.io', port=443): Max retries exceeded with url: /reddit/search/submission/?subreddit=Thunder&sort=created_utc&sort_type=desc&size=500 (Caused by NewConnectionError('<urllib3.connection.HTTPSConnection object at 0xffff9bcc6a90>: Failed to establish a new connection: [Errno -2] Name or service not known'))
[2023-05-02T01:53:02.328+0000] {helpers.py:86} ERROR - HTTPSConnectionPool(host='api.pushshift.io', port=443): Max retries exceeded with url: /reddit/search/submission/?subreddit=Thunder&sort=created_utc&sort_type=desc&size=500 (Caused by NewConnectionError('<urllib3.connection.HTTPSConnection object at 0xffff9bcc6a90>: Failed to establish a new connection: [Errno -2] Name or service not known'))
[2023-05-02T01:53:02.329+0000] {helpers.py:87} ERROR - Retrying! 9 attempts before skipping!
[2023-05-02T01:53:03.353+0000] {logging_mixin.py:137} INFO - HTTPSConnectionPool(host='api.pushshift.io', port=443): Max retries exceeded with url: /reddit/search/submission/?subreddit=Thunder&sort=created_utc&sort_type=desc&size=500 (Caused by NewConnectionError('<urllib3.connection.HTTPSConnection object at 0xffff9bcc6b90>: Failed to establish a new connection: [Errno -2] Name or service not known'))
[2023-05-02T01:53:03.375+0000] {helpers.py:86} ERROR - HTTPSConnectionPool(host='api.pushshift.io', port=443): Max retries exceeded with url: /reddit/search/submission/?subreddit=Thunder&sort=created_utc&sort_type=desc&size=500 (Caused by NewConnectionError('<urllib3.connection.HTTPSConnection object at 0xffff9bcc6b90>: Failed to establish a new connection: [Errno -2] Name or service not known'))
[2023-05-02T01:53:03.378+0000] {helpers.py:87} ERROR - Retrying! 8 attempts before skipping!
[2023-05-02T01:53:04.403+0000] {logging_mixin.py:137} INFO - HTTPSConnectionPool(host='api.pushshift.io', port=443): Max retries exceeded with url: /reddit/search/submission/?subreddit=Thunder&sort=created_utc&sort_type=desc&size=500 (Caused by NewConnectionError('<urllib3.connection.HTTPSConnection object at 0xffff9bcc67d0>: Failed to establish a new connection: [Errno -2] Name or service not known'))
[2023-05-02T01:53:04.406+0000] {helpers.py:86} ERROR - HTTPSConnectionPool(host='api.pushshift.io', port=443): Max retries exceeded with url: /reddit/search/submission/?subreddit=Thunder&sort=created_utc&sort_type=desc&size=500 (Caused by NewConnectionError('<urllib3.connection.HTTPSConnection object at 0xffff9bcc67d0>: Failed to establish a new connection: [Errno -2] Name or service not known'))
[2023-05-02T01:53:04.409+0000] {helpers.py:87} ERROR - Retrying! 7 attempts before skipping!
[2023-05-02T01:53:05.443+0000] {logging_mixin.py:137} INFO - HTTPSConnectionPool(host='api.pushshift.io', port=443): Max retries exceeded with url: /reddit/search/submission/?subreddit=Thunder&sort=created_utc&sort_type=desc&size=500 (Caused by NewConnectionError('<urllib3.connection.HTTPSConnection object at 0xffff9bcc6e10>: Failed to establish a new connection: [Errno -2] Name or service not known'))
[2023-05-02T01:53:05.452+0000] {helpers.py:86} ERROR - HTTPSConnectionPool(host='api.pushshift.io', port=443): Max retries exceeded with url: /reddit/search/submission/?subreddit=Thunder&sort=created_utc&sort_type=desc&size=500 (Caused by NewConnectionError('<urllib3.connection.HTTPSConnection object at 0xffff9bcc6e10>: Failed to establish a new connection: [Errno -2] Name or service not known'))
[2023-05-02T01:53:05.460+0000] {helpers.py:87} ERROR - Retrying! 6 attempts before skipping!
[2023-05-02T01:53:06.483+0000] {logging_mixin.py:137} INFO - HTTPSConnectionPool(host='api.pushshift.io', port=443): Max retries exceeded with url: /reddit/search/submission/?subreddit=Thunder&sort=created_utc&sort_type=desc&size=500 (Caused by NewConnectionError('<urllib3.connection.HTTPSConnection object at 0xffff9bcc6e90>: Failed to establish a new connection: [Errno -2] Name or service not known'))
[2023-05-02T01:53:06.486+0000] {helpers.py:86} ERROR - HTTPSConnectionPool(host='api.pushshift.io', port=443): Max retries exceeded with url: /reddit/search/submission/?subreddit=Thunder&sort=created_utc&sort_type=desc&size=500 (Caused by NewConnectionError('<urllib3.connection.HTTPSConnection object at 0xffff9bcc6e90>: Failed to establish a new connection: [Errno -2] Name or service not known'))
[2023-05-02T01:53:06.489+0000] {helpers.py:87} ERROR - Retrying! 5 attempts before skipping!
[2023-05-02T01:53:07.501+0000] {logging_mixin.py:137} INFO - HTTPSConnectionPool(host='api.pushshift.io', port=443): Max retries exceeded with url: /reddit/search/submission/?subreddit=Thunder&sort=created_utc&sort_type=desc&size=500 (Caused by NewConnectionError('<urllib3.connection.HTTPSConnection object at 0xffff9bcc6610>: Failed to establish a new connection: [Errno -2] Name or service not known'))
[2023-05-02T01:53:07.502+0000] {helpers.py:86} ERROR - HTTPSConnectionPool(host='api.pushshift.io', port=443): Max retries exceeded with url: /reddit/search/submission/?subreddit=Thunder&sort=created_utc&sort_type=desc&size=500 (Caused by NewConnectionError('<urllib3.connection.HTTPSConnection object at 0xffff9bcc6610>: Failed to establish a new connection: [Errno -2] Name or service not known'))
[2023-05-02T01:53:07.504+0000] {helpers.py:87} ERROR - Retrying! 4 attempts before skipping!
[2023-05-02T01:53:08.534+0000] {logging_mixin.py:137} INFO - HTTPSConnectionPool(host='api.pushshift.io', port=443): Max retries exceeded with url: /reddit/search/submission/?subreddit=Thunder&sort=created_utc&sort_type=desc&size=500 (Caused by NewConnectionError('<urllib3.connection.HTTPSConnection object at 0xffff9bcc6f50>: Failed to establish a new connection: [Errno -2] Name or service not known'))
[2023-05-02T01:53:08.538+0000] {helpers.py:86} ERROR - HTTPSConnectionPool(host='api.pushshift.io', port=443): Max retries exceeded with url: /reddit/search/submission/?subreddit=Thunder&sort=created_utc&sort_type=desc&size=500 (Caused by NewConnectionError('<urllib3.connection.HTTPSConnection object at 0xffff9bcc6f50>: Failed to establish a new connection: [Errno -2] Name or service not known'))
[2023-05-02T01:53:08.541+0000] {helpers.py:87} ERROR - Retrying! 3 attempts before skipping!
[2023-05-02T01:53:09.556+0000] {logging_mixin.py:137} INFO - HTTPSConnectionPool(host='api.pushshift.io', port=443): Max retries exceeded with url: /reddit/search/submission/?subreddit=Thunder&sort=created_utc&sort_type=desc&size=500 (Caused by NewConnectionError('<urllib3.connection.HTTPSConnection object at 0xffff9bcc6cd0>: Failed to establish a new connection: [Errno -2] Name or service not known'))
[2023-05-02T01:53:09.562+0000] {helpers.py:86} ERROR - HTTPSConnectionPool(host='api.pushshift.io', port=443): Max retries exceeded with url: /reddit/search/submission/?subreddit=Thunder&sort=created_utc&sort_type=desc&size=500 (Caused by NewConnectionError('<urllib3.connection.HTTPSConnection object at 0xffff9bcc6cd0>: Failed to establish a new connection: [Errno -2] Name or service not known'))
[2023-05-02T01:53:09.563+0000] {helpers.py:87} ERROR - Retrying! 2 attempts before skipping!
[2023-05-02T01:53:10.569+0000] {logging_mixin.py:137} INFO - HTTPSConnectionPool(host='api.pushshift.io', port=443): Max retries exceeded with url: /reddit/search/submission/?subreddit=Thunder&sort=created_utc&sort_type=desc&size=500 (Caused by NewConnectionError('<urllib3.connection.HTTPSConnection object at 0xffff9bcc6310>: Failed to establish a new connection: [Errno -2] Name or service not known'))
[2023-05-02T01:53:10.571+0000] {helpers.py:86} ERROR - HTTPSConnectionPool(host='api.pushshift.io', port=443): Max retries exceeded with url: /reddit/search/submission/?subreddit=Thunder&sort=created_utc&sort_type=desc&size=500 (Caused by NewConnectionError('<urllib3.connection.HTTPSConnection object at 0xffff9bcc6310>: Failed to establish a new connection: [Errno -2] Name or service not known'))
[2023-05-02T01:53:10.572+0000] {helpers.py:87} ERROR - Retrying! 1 attempts before skipping!
[2023-05-02T01:53:11.592+0000] {logging_mixin.py:137} INFO - HTTPSConnectionPool(host='api.pushshift.io', port=443): Max retries exceeded with url: /reddit/search/submission/?subreddit=Thunder&sort=created_utc&sort_type=desc&size=500 (Caused by NewConnectionError('<urllib3.connection.HTTPSConnection object at 0xffff9bcc6e50>: Failed to establish a new connection: [Errno -2] Name or service not known'))
[2023-05-02T01:53:11.610+0000] {helpers.py:86} ERROR - HTTPSConnectionPool(host='api.pushshift.io', port=443): Max retries exceeded with url: /reddit/search/submission/?subreddit=Thunder&sort=created_utc&sort_type=desc&size=500 (Caused by NewConnectionError('<urllib3.connection.HTTPSConnection object at 0xffff9bcc6e50>: Failed to establish a new connection: [Errno -2] Name or service not known'))
[2023-05-02T01:53:11.614+0000] {helpers.py:87} ERROR - Retrying! 0 attempts before skipping!
[2023-05-02T01:53:12.620+0000] {logging_mixin.py:137} INFO - HTTPSConnectionPool(host='api.pushshift.io', port=443): Max retries exceeded with url: /reddit/search/submission/?subreddit=Thunder&sort=created_utc&sort_type=desc&size=500 (Caused by NewConnectionError('<urllib3.connection.HTTPSConnection object at 0xffff9bcc6fd0>: Failed to establish a new connection: [Errno -2] Name or service not known'))
[2023-05-02T01:53:12.621+0000] {helpers.py:86} ERROR - HTTPSConnectionPool(host='api.pushshift.io', port=443): Max retries exceeded with url: /reddit/search/submission/?subreddit=Thunder&sort=created_utc&sort_type=desc&size=500 (Caused by NewConnectionError('<urllib3.connection.HTTPSConnection object at 0xffff9bcc6fd0>: Failed to establish a new connection: [Errno -2] Name or service not known'))
[2023-05-02T01:53:12.622+0000] {helpers.py:87} ERROR - Retrying! -1 attempts before skipping!
[2023-05-02T01:53:13.644+0000] {logging_mixin.py:137} INFO - HTTPSConnectionPool(host='api.pushshift.io', port=443): Max retries exceeded with url: /reddit/search/submission/?subreddit=OrlandoMagic&sort=created_utc&sort_type=desc&size=500 (Caused by NewConnectionError('<urllib3.connection.HTTPSConnection object at 0xffff9bcc6a90>: Failed to establish a new connection: [Errno -2] Name or service not known'))
[2023-05-02T01:53:13.647+0000] {helpers.py:86} ERROR - HTTPSConnectionPool(host='api.pushshift.io', port=443): Max retries exceeded with url: /reddit/search/submission/?subreddit=OrlandoMagic&sort=created_utc&sort_type=desc&size=500 (Caused by NewConnectionError('<urllib3.connection.HTTPSConnection object at 0xffff9bcc6a90>: Failed to establish a new connection: [Errno -2] Name or service not known'))
[2023-05-02T01:53:13.648+0000] {helpers.py:87} ERROR - Retrying! 9 attempts before skipping!
[2023-05-02T01:53:14.665+0000] {logging_mixin.py:137} INFO - HTTPSConnectionPool(host='api.pushshift.io', port=443): Max retries exceeded with url: /reddit/search/submission/?subreddit=OrlandoMagic&sort=created_utc&sort_type=desc&size=500 (Caused by NewConnectionError('<urllib3.connection.HTTPSConnection object at 0xffff9bcc6a90>: Failed to establish a new connection: [Errno -2] Name or service not known'))
[2023-05-02T01:53:14.668+0000] {helpers.py:86} ERROR - HTTPSConnectionPool(host='api.pushshift.io', port=443): Max retries exceeded with url: /reddit/search/submission/?subreddit=OrlandoMagic&sort=created_utc&sort_type=desc&size=500 (Caused by NewConnectionError('<urllib3.connection.HTTPSConnection object at 0xffff9bcc6a90>: Failed to establish a new connection: [Errno -2] Name or service not known'))
[2023-05-02T01:53:14.671+0000] {helpers.py:87} ERROR - Retrying! 8 attempts before skipping!
[2023-05-02T02:25:37.374+0000] {logging_mixin.py:137} INFO - HTTPSConnectionPool(host='api.pushshift.io', port=443): Max retries exceeded with url: /reddit/search/submission/?subreddit=OrlandoMagic&sort=created_utc&sort_type=desc&size=500 (Caused by NewConnectionError('<urllib3.connection.HTTPSConnection object at 0xffff9bcc62d0>: Failed to establish a new connection: [Errno -2] Name or service not known'))
[2023-05-02T02:25:37.376+0000] {helpers.py:86} ERROR - HTTPSConnectionPool(host='api.pushshift.io', port=443): Max retries exceeded with url: /reddit/search/submission/?subreddit=OrlandoMagic&sort=created_utc&sort_type=desc&size=500 (Caused by NewConnectionError('<urllib3.connection.HTTPSConnection object at 0xffff9bcc62d0>: Failed to establish a new connection: [Errno -2] Name or service not known'))
[2023-05-02T02:25:37.378+0000] {helpers.py:87} ERROR - Retrying! 7 attempts before skipping!
[2023-05-02T02:25:38.386+0000] {logging_mixin.py:137} INFO - HTTPSConnectionPool(host='api.pushshift.io', port=443): Max retries exceeded with url: /reddit/search/submission/?subreddit=OrlandoMagic&sort=created_utc&sort_type=desc&size=500 (Caused by NewConnectionError('<urllib3.connection.HTTPSConnection object at 0xffff9bcc61d0>: Failed to establish a new connection: [Errno -2] Name or service not known'))
[2023-05-02T02:25:38.388+0000] {helpers.py:86} ERROR - HTTPSConnectionPool(host='api.pushshift.io', port=443): Max retries exceeded with url: /reddit/search/submission/?subreddit=OrlandoMagic&sort=created_utc&sort_type=desc&size=500 (Caused by NewConnectionError('<urllib3.connection.HTTPSConnection object at 0xffff9bcc61d0>: Failed to establish a new connection: [Errno -2] Name or service not known'))
[2023-05-02T02:25:38.390+0000] {helpers.py:87} ERROR - Retrying! 6 attempts before skipping!
[2023-05-02T02:25:39.397+0000] {logging_mixin.py:137} INFO - HTTPSConnectionPool(host='api.pushshift.io', port=443): Max retries exceeded with url: /reddit/search/submission/?subreddit=OrlandoMagic&sort=created_utc&sort_type=desc&size=500 (Caused by NewConnectionError('<urllib3.connection.HTTPSConnection object at 0xffff9bcc6650>: Failed to establish a new connection: [Errno -2] Name or service not known'))
[2023-05-02T02:25:39.401+0000] {helpers.py:86} ERROR - HTTPSConnectionPool(host='api.pushshift.io', port=443): Max retries exceeded with url: /reddit/search/submission/?subreddit=OrlandoMagic&sort=created_utc&sort_type=desc&size=500 (Caused by NewConnectionError('<urllib3.connection.HTTPSConnection object at 0xffff9bcc6650>: Failed to establish a new connection: [Errno -2] Name or service not known'))
[2023-05-02T02:25:39.402+0000] {helpers.py:87} ERROR - Retrying! 5 attempts before skipping!
[2023-05-02T02:25:40.416+0000] {logging_mixin.py:137} INFO - HTTPSConnectionPool(host='api.pushshift.io', port=443): Max retries exceeded with url: /reddit/search/submission/?subreddit=OrlandoMagic&sort=created_utc&sort_type=desc&size=500 (Caused by NewConnectionError('<urllib3.connection.HTTPSConnection object at 0xffff9bcc6c90>: Failed to establish a new connection: [Errno -2] Name or service not known'))
[2023-05-02T02:25:40.419+0000] {helpers.py:86} ERROR - HTTPSConnectionPool(host='api.pushshift.io', port=443): Max retries exceeded with url: /reddit/search/submission/?subreddit=OrlandoMagic&sort=created_utc&sort_type=desc&size=500 (Caused by NewConnectionError('<urllib3.connection.HTTPSConnection object at 0xffff9bcc6c90>: Failed to establish a new connection: [Errno -2] Name or service not known'))
[2023-05-02T02:25:40.421+0000] {helpers.py:87} ERROR - Retrying! 4 attempts before skipping!
[2023-05-02T02:25:41.432+0000] {logging_mixin.py:137} INFO - HTTPSConnectionPool(host='api.pushshift.io', port=443): Max retries exceeded with url: /reddit/search/submission/?subreddit=OrlandoMagic&sort=created_utc&sort_type=desc&size=500 (Caused by NewConnectionError('<urllib3.connection.HTTPSConnection object at 0xffff9bcc6a90>: Failed to establish a new connection: [Errno -2] Name or service not known'))
[2023-05-02T02:25:41.434+0000] {helpers.py:86} ERROR - HTTPSConnectionPool(host='api.pushshift.io', port=443): Max retries exceeded with url: /reddit/search/submission/?subreddit=OrlandoMagic&sort=created_utc&sort_type=desc&size=500 (Caused by NewConnectionError('<urllib3.connection.HTTPSConnection object at 0xffff9bcc6a90>: Failed to establish a new connection: [Errno -2] Name or service not known'))
[2023-05-02T02:25:41.435+0000] {helpers.py:87} ERROR - Retrying! 3 attempts before skipping!
[2023-05-02T02:25:42.447+0000] {logging_mixin.py:137} INFO - HTTPSConnectionPool(host='api.pushshift.io', port=443): Max retries exceeded with url: /reddit/search/submission/?subreddit=OrlandoMagic&sort=created_utc&sort_type=desc&size=500 (Caused by NewConnectionError('<urllib3.connection.HTTPSConnection object at 0xffff9bcc6e50>: Failed to establish a new connection: [Errno -2] Name or service not known'))
[2023-05-02T02:25:42.449+0000] {helpers.py:86} ERROR - HTTPSConnectionPool(host='api.pushshift.io', port=443): Max retries exceeded with url: /reddit/search/submission/?subreddit=OrlandoMagic&sort=created_utc&sort_type=desc&size=500 (Caused by NewConnectionError('<urllib3.connection.HTTPSConnection object at 0xffff9bcc6e50>: Failed to establish a new connection: [Errno -2] Name or service not known'))
[2023-05-02T02:25:42.451+0000] {helpers.py:87} ERROR - Retrying! 2 attempts before skipping!
[2023-05-02T02:25:43.469+0000] {logging_mixin.py:137} INFO - HTTPSConnectionPool(host='api.pushshift.io', port=443): Max retries exceeded with url: /reddit/search/submission/?subreddit=OrlandoMagic&sort=created_utc&sort_type=desc&size=500 (Caused by NewConnectionError('<urllib3.connection.HTTPSConnection object at 0xffff9bcc6d50>: Failed to establish a new connection: [Errno -2] Name or service not known'))
[2023-05-02T02:25:43.472+0000] {helpers.py:86} ERROR - HTTPSConnectionPool(host='api.pushshift.io', port=443): Max retries exceeded with url: /reddit/search/submission/?subreddit=OrlandoMagic&sort=created_utc&sort_type=desc&size=500 (Caused by NewConnectionError('<urllib3.connection.HTTPSConnection object at 0xffff9bcc6d50>: Failed to establish a new connection: [Errno -2] Name or service not known'))
[2023-05-02T02:25:43.473+0000] {helpers.py:87} ERROR - Retrying! 1 attempts before skipping!
[2023-05-02T02:25:44.490+0000] {logging_mixin.py:137} INFO - HTTPSConnectionPool(host='api.pushshift.io', port=443): Max retries exceeded with url: /reddit/search/submission/?subreddit=OrlandoMagic&sort=created_utc&sort_type=desc&size=500 (Caused by NewConnectionError('<urllib3.connection.HTTPSConnection object at 0xffff9bcc6590>: Failed to establish a new connection: [Errno -2] Name or service not known'))
[2023-05-02T02:25:44.492+0000] {helpers.py:86} ERROR - HTTPSConnectionPool(host='api.pushshift.io', port=443): Max retries exceeded with url: /reddit/search/submission/?subreddit=OrlandoMagic&sort=created_utc&sort_type=desc&size=500 (Caused by NewConnectionError('<urllib3.connection.HTTPSConnection object at 0xffff9bcc6590>: Failed to establish a new connection: [Errno -2] Name or service not known'))
[2023-05-02T02:25:44.493+0000] {helpers.py:87} ERROR - Retrying! 0 attempts before skipping!
[2023-05-02T02:25:45.531+0000] {logging_mixin.py:137} INFO - HTTPSConnectionPool(host='api.pushshift.io', port=443): Max retries exceeded with url: /reddit/search/submission/?subreddit=OrlandoMagic&sort=created_utc&sort_type=desc&size=500 (Caused by NewConnectionError('<urllib3.connection.HTTPSConnection object at 0xffff9bcc6b90>: Failed to establish a new connection: [Errno -2] Name or service not known'))
[2023-05-02T02:25:45.538+0000] {helpers.py:86} ERROR - HTTPSConnectionPool(host='api.pushshift.io', port=443): Max retries exceeded with url: /reddit/search/submission/?subreddit=OrlandoMagic&sort=created_utc&sort_type=desc&size=500 (Caused by NewConnectionError('<urllib3.connection.HTTPSConnection object at 0xffff9bcc6b90>: Failed to establish a new connection: [Errno -2] Name or service not known'))
[2023-05-02T02:25:45.545+0000] {helpers.py:87} ERROR - Retrying! -1 attempts before skipping!
[2023-05-02T02:25:46.583+0000] {logging_mixin.py:137} INFO - HTTPSConnectionPool(host='api.pushshift.io', port=443): Max retries exceeded with url: /reddit/search/submission/?subreddit=sixers&sort=created_utc&sort_type=desc&size=500 (Caused by NewConnectionError('<urllib3.connection.HTTPSConnection object at 0xffff9bcc6f10>: Failed to establish a new connection: [Errno -2] Name or service not known'))
[2023-05-02T02:25:46.600+0000] {helpers.py:86} ERROR - HTTPSConnectionPool(host='api.pushshift.io', port=443): Max retries exceeded with url: /reddit/search/submission/?subreddit=sixers&sort=created_utc&sort_type=desc&size=500 (Caused by NewConnectionError('<urllib3.connection.HTTPSConnection object at 0xffff9bcc6f10>: Failed to establish a new connection: [Errno -2] Name or service not known'))
[2023-05-02T02:25:46.619+0000] {helpers.py:87} ERROR - Retrying! 9 attempts before skipping!
[2023-05-02T02:25:47.645+0000] {logging_mixin.py:137} INFO - HTTPSConnectionPool(host='api.pushshift.io', port=443): Max retries exceeded with url: /reddit/search/submission/?subreddit=sixers&sort=created_utc&sort_type=desc&size=500 (Caused by NewConnectionError('<urllib3.connection.HTTPSConnection object at 0xffff9bcc6cd0>: Failed to establish a new connection: [Errno -2] Name or service not known'))
[2023-05-02T02:25:47.649+0000] {helpers.py:86} ERROR - HTTPSConnectionPool(host='api.pushshift.io', port=443): Max retries exceeded with url: /reddit/search/submission/?subreddit=sixers&sort=created_utc&sort_type=desc&size=500 (Caused by NewConnectionError('<urllib3.connection.HTTPSConnection object at 0xffff9bcc6cd0>: Failed to establish a new connection: [Errno -2] Name or service not known'))
[2023-05-02T02:25:47.651+0000] {helpers.py:87} ERROR - Retrying! 8 attempts before skipping!
[2023-05-02T02:25:48.659+0000] {logging_mixin.py:137} INFO - HTTPSConnectionPool(host='api.pushshift.io', port=443): Max retries exceeded with url: /reddit/search/submission/?subreddit=sixers&sort=created_utc&sort_type=desc&size=500 (Caused by NewConnectionError('<urllib3.connection.HTTPSConnection object at 0xffff9bcc6290>: Failed to establish a new connection: [Errno -2] Name or service not known'))
[2023-05-02T02:25:48.663+0000] {helpers.py:86} ERROR - HTTPSConnectionPool(host='api.pushshift.io', port=443): Max retries exceeded with url: /reddit/search/submission/?subreddit=sixers&sort=created_utc&sort_type=desc&size=500 (Caused by NewConnectionError('<urllib3.connection.HTTPSConnection object at 0xffff9bcc6290>: Failed to establish a new connection: [Errno -2] Name or service not known'))
[2023-05-02T02:25:48.664+0000] {helpers.py:87} ERROR - Retrying! 7 attempts before skipping!
[2023-05-02T02:25:49.670+0000] {logging_mixin.py:137} INFO - HTTPSConnectionPool(host='api.pushshift.io', port=443): Max retries exceeded with url: /reddit/search/submission/?subreddit=sixers&sort=created_utc&sort_type=desc&size=500 (Caused by NewConnectionError('<urllib3.connection.HTTPSConnection object at 0xffff9bcc67d0>: Failed to establish a new connection: [Errno -2] Name or service not known'))
[2023-05-02T02:25:49.675+0000] {helpers.py:86} ERROR - HTTPSConnectionPool(host='api.pushshift.io', port=443): Max retries exceeded with url: /reddit/search/submission/?subreddit=sixers&sort=created_utc&sort_type=desc&size=500 (Caused by NewConnectionError('<urllib3.connection.HTTPSConnection object at 0xffff9bcc67d0>: Failed to establish a new connection: [Errno -2] Name or service not known'))
[2023-05-02T02:25:49.677+0000] {helpers.py:87} ERROR - Retrying! 6 attempts before skipping!
[2023-05-02T02:25:50.239+0000] {process_utils.py:147} WARNING - process psutil.Process(pid=11263, name='airflow task ru', status='sleeping', started='00:31:51') did not respond to SIGTERM. Trying SIGKILL
[2023-05-02T02:25:50.269+0000] {process_utils.py:84} INFO - Sending the signal Signals.SIGKILL to group 11263
[2023-05-02T02:25:50.366+0000] {process_utils.py:79} INFO - Process psutil.Process(pid=11263, name='airflow task ru', status='terminated', exitcode=<Negsignal.SIGKILL: -9>, started='00:31:51') (11263) terminated with exit code Negsignal.SIGKILL
[2023-05-02T02:25:50.368+0000] {standard_task_runner.py:170} ERROR - Job 2132 was killed before it finished (likely due to running out of memory)
