[2023-05-11T05:22:48.272+0000] {taskinstance.py:1090} INFO - Dependencies all met for dep_context=non-requeueable deps ti=<TaskInstance: scrape_and_save_to_csv.join_csv scheduled__2023-05-11T04:00:00+00:00 [queued]>
[2023-05-11T05:22:48.280+0000] {taskinstance.py:1090} INFO - Dependencies all met for dep_context=requeueable deps ti=<TaskInstance: scrape_and_save_to_csv.join_csv scheduled__2023-05-11T04:00:00+00:00 [queued]>
[2023-05-11T05:22:48.281+0000] {taskinstance.py:1288} INFO - 
--------------------------------------------------------------------------------
[2023-05-11T05:22:48.282+0000] {taskinstance.py:1289} INFO - Starting attempt 1 of 1
[2023-05-11T05:22:48.283+0000] {taskinstance.py:1290} INFO - 
--------------------------------------------------------------------------------
[2023-05-11T05:22:48.293+0000] {taskinstance.py:1309} INFO - Executing <Task(PythonOperator): join_csv> on 2023-05-11 04:00:00+00:00
[2023-05-11T05:22:48.298+0000] {standard_task_runner.py:55} INFO - Started process 28800 to run task
[2023-05-11T05:22:48.302+0000] {standard_task_runner.py:82} INFO - Running: ['***', 'tasks', 'run', 'scrape_and_save_to_csv', 'join_csv', 'scheduled__2023-05-11T04:00:00+00:00', '--job-id', '4243', '--raw', '--subdir', 'DAGS_FOLDER/scrape_and_push_dag.py', '--cfg-path', '/tmp/tmpxzg3ajvx']
[2023-05-11T05:22:48.305+0000] {standard_task_runner.py:83} INFO - Job 4243: Subtask join_csv
[2023-05-11T05:22:48.406+0000] {task_command.py:389} INFO - Running <TaskInstance: scrape_and_save_to_csv.join_csv scheduled__2023-05-11T04:00:00+00:00 [running]> on host f41dbfa3d325
[2023-05-11T05:22:48.479+0000] {taskinstance.py:1518} INFO - Exporting the following env vars:
AIRFLOW_CTX_DAG_OWNER=***
AIRFLOW_CTX_DAG_ID=scrape_and_save_to_csv
AIRFLOW_CTX_TASK_ID=join_csv
AIRFLOW_CTX_EXECUTION_DATE=2023-05-11T04:00:00+00:00
AIRFLOW_CTX_TRY_NUMBER=1
AIRFLOW_CTX_DAG_RUN_ID=scheduled__2023-05-11T04:00:00+00:00
[2023-05-11T05:22:48.528+0000] {python.py:177} INFO - Done. Returned value was: None
[2023-05-11T05:22:48.547+0000] {taskinstance.py:1332} INFO - Marking task as SUCCESS. dag_id=scrape_and_save_to_csv, task_id=join_csv, execution_date=20230511T040000, start_date=20230511T052248, end_date=20230511T052248
[2023-05-11T05:22:48.603+0000] {local_task_job.py:212} INFO - Task exited with return code 0
[2023-05-11T05:22:48.626+0000] {taskinstance.py:2596} INFO - 1 downstream tasks scheduled from follow-on schedule check
