[2023-05-03T17:40:55.151+0000] {taskinstance.py:1090} INFO - Dependencies all met for dep_context=non-requeueable deps ti=<TaskInstance: scrape_and_save_to_csv.scrape_teams_9-16 scheduled__2023-05-03T16:30:00+00:00 [queued]>
[2023-05-03T17:40:55.158+0000] {taskinstance.py:1090} INFO - Dependencies all met for dep_context=requeueable deps ti=<TaskInstance: scrape_and_save_to_csv.scrape_teams_9-16 scheduled__2023-05-03T16:30:00+00:00 [queued]>
[2023-05-03T17:40:55.159+0000] {taskinstance.py:1288} INFO - 
--------------------------------------------------------------------------------
[2023-05-03T17:40:55.160+0000] {taskinstance.py:1289} INFO - Starting attempt 1 of 1
[2023-05-03T17:40:55.161+0000] {taskinstance.py:1290} INFO - 
--------------------------------------------------------------------------------
[2023-05-03T17:40:55.170+0000] {taskinstance.py:1309} INFO - Executing <Task(PythonOperator): scrape_teams_9-16> on 2023-05-03 16:30:00+00:00
[2023-05-03T17:40:55.183+0000] {standard_task_runner.py:55} INFO - Started process 31821 to run task
[2023-05-03T17:40:55.187+0000] {standard_task_runner.py:82} INFO - Running: ['***', 'tasks', 'run', 'scrape_and_save_to_csv', 'scrape_teams_9-16', 'scheduled__2023-05-03T16:30:00+00:00', '--job-id', '2393', '--raw', '--subdir', 'DAGS_FOLDER/scrape_and_save_csv_dag.py', '--cfg-path', '/tmp/tmpdihe6lys']
[2023-05-03T17:40:55.189+0000] {standard_task_runner.py:83} INFO - Job 2393: Subtask scrape_teams_9-16
[2023-05-03T17:40:55.249+0000] {task_command.py:389} INFO - Running <TaskInstance: scrape_and_save_to_csv.scrape_teams_9-16 scheduled__2023-05-03T16:30:00+00:00 [running]> on host 5d4cd8acb346
[2023-05-03T17:40:55.303+0000] {taskinstance.py:1518} INFO - Exporting the following env vars:
AIRFLOW_CTX_DAG_OWNER=***
AIRFLOW_CTX_DAG_ID=scrape_and_save_to_csv
AIRFLOW_CTX_TASK_ID=scrape_teams_9-16
AIRFLOW_CTX_EXECUTION_DATE=2023-05-03T16:30:00+00:00
AIRFLOW_CTX_TRY_NUMBER=1
AIRFLOW_CTX_DAG_RUN_ID=scheduled__2023-05-03T16:30:00+00:00
[2023-05-03T17:40:55.566+0000] {logging_mixin.py:137} INFO - Expecting value: line 1 column 1 (char 0)
[2023-05-03T17:40:55.567+0000] {helpers.py:86} ERROR - Expecting value: line 1 column 1 (char 0)
[2023-05-03T17:40:55.568+0000] {helpers.py:87} ERROR - Retrying! 9 attempts before skipping!
[2023-05-03T17:40:56.718+0000] {logging_mixin.py:137} INFO - Expecting value: line 1 column 1 (char 0)
[2023-05-03T17:40:56.720+0000] {helpers.py:86} ERROR - Expecting value: line 1 column 1 (char 0)
[2023-05-03T17:40:56.722+0000] {helpers.py:87} ERROR - Retrying! 8 attempts before skipping!
[2023-05-03T17:40:57.891+0000] {logging_mixin.py:137} INFO - Expecting value: line 1 column 1 (char 0)
[2023-05-03T17:40:57.893+0000] {helpers.py:86} ERROR - Expecting value: line 1 column 1 (char 0)
[2023-05-03T17:40:57.894+0000] {helpers.py:87} ERROR - Retrying! 7 attempts before skipping!
[2023-05-03T17:40:59.042+0000] {logging_mixin.py:137} INFO - Expecting value: line 1 column 1 (char 0)
[2023-05-03T17:40:59.043+0000] {helpers.py:86} ERROR - Expecting value: line 1 column 1 (char 0)
[2023-05-03T17:40:59.044+0000] {helpers.py:87} ERROR - Retrying! 6 attempts before skipping!
[2023-05-03T17:41:00.194+0000] {logging_mixin.py:137} INFO - Expecting value: line 1 column 1 (char 0)
[2023-05-03T17:41:00.195+0000] {helpers.py:86} ERROR - Expecting value: line 1 column 1 (char 0)
[2023-05-03T17:41:00.198+0000] {helpers.py:87} ERROR - Retrying! 5 attempts before skipping!
[2023-05-03T17:41:01.450+0000] {logging_mixin.py:137} INFO - Expecting value: line 1 column 1 (char 0)
[2023-05-03T17:41:01.452+0000] {helpers.py:86} ERROR - Expecting value: line 1 column 1 (char 0)
[2023-05-03T17:41:01.453+0000] {helpers.py:87} ERROR - Retrying! 4 attempts before skipping!
[2023-05-03T17:41:02.606+0000] {logging_mixin.py:137} INFO - Expecting value: line 1 column 1 (char 0)
[2023-05-03T17:41:02.607+0000] {helpers.py:86} ERROR - Expecting value: line 1 column 1 (char 0)
[2023-05-03T17:41:02.608+0000] {helpers.py:87} ERROR - Retrying! 3 attempts before skipping!
[2023-05-03T17:41:03.760+0000] {logging_mixin.py:137} INFO - Expecting value: line 1 column 1 (char 0)
[2023-05-03T17:41:03.763+0000] {helpers.py:86} ERROR - Expecting value: line 1 column 1 (char 0)
[2023-05-03T17:41:03.764+0000] {helpers.py:87} ERROR - Retrying! 2 attempts before skipping!
[2023-05-03T17:41:04.909+0000] {logging_mixin.py:137} INFO - Expecting value: line 1 column 1 (char 0)
[2023-05-03T17:41:04.910+0000] {helpers.py:86} ERROR - Expecting value: line 1 column 1 (char 0)
[2023-05-03T17:41:04.915+0000] {helpers.py:87} ERROR - Retrying! 1 attempts before skipping!
[2023-05-03T17:41:06.075+0000] {logging_mixin.py:137} INFO - Expecting value: line 1 column 1 (char 0)
[2023-05-03T17:41:06.076+0000] {helpers.py:86} ERROR - Expecting value: line 1 column 1 (char 0)
[2023-05-03T17:41:06.077+0000] {helpers.py:87} ERROR - Retrying! 0 attempts before skipping!
[2023-05-03T17:41:07.399+0000] {logging_mixin.py:137} INFO - Expecting value: line 1 column 1 (char 0)
[2023-05-03T17:41:07.404+0000] {helpers.py:86} ERROR - Expecting value: line 1 column 1 (char 0)
[2023-05-03T17:41:07.405+0000] {helpers.py:87} ERROR - Retrying! -1 attempts before skipping!
[2023-05-03T17:41:08.557+0000] {logging_mixin.py:137} INFO - Expecting value: line 1 column 1 (char 0)
[2023-05-03T17:41:08.558+0000] {helpers.py:86} ERROR - Expecting value: line 1 column 1 (char 0)
[2023-05-03T17:41:08.563+0000] {helpers.py:87} ERROR - Retrying! 9 attempts before skipping!
[2023-05-03T17:41:09.724+0000] {logging_mixin.py:137} INFO - Expecting value: line 1 column 1 (char 0)
[2023-05-03T17:41:09.725+0000] {helpers.py:86} ERROR - Expecting value: line 1 column 1 (char 0)
[2023-05-03T17:41:09.726+0000] {helpers.py:87} ERROR - Retrying! 8 attempts before skipping!
[2023-05-03T17:41:10.880+0000] {logging_mixin.py:137} INFO - Expecting value: line 1 column 1 (char 0)
[2023-05-03T17:41:10.881+0000] {helpers.py:86} ERROR - Expecting value: line 1 column 1 (char 0)
[2023-05-03T17:41:10.882+0000] {helpers.py:87} ERROR - Retrying! 7 attempts before skipping!
[2023-05-03T17:41:13.149+0000] {logging_mixin.py:137} INFO - Expecting value: line 1 column 1 (char 0)
[2023-05-03T17:41:13.185+0000] {helpers.py:86} ERROR - Expecting value: line 1 column 1 (char 0)
[2023-05-03T17:41:13.233+0000] {helpers.py:87} ERROR - Retrying! 6 attempts before skipping!
[2023-05-03T17:41:14.579+0000] {logging_mixin.py:137} INFO - Expecting value: line 1 column 1 (char 0)
[2023-05-03T17:41:14.581+0000] {helpers.py:86} ERROR - Expecting value: line 1 column 1 (char 0)
[2023-05-03T17:41:14.585+0000] {helpers.py:87} ERROR - Retrying! 5 attempts before skipping!
[2023-05-03T17:41:15.746+0000] {logging_mixin.py:137} INFO - Expecting value: line 1 column 1 (char 0)
[2023-05-03T17:41:15.748+0000] {helpers.py:86} ERROR - Expecting value: line 1 column 1 (char 0)
[2023-05-03T17:41:15.750+0000] {helpers.py:87} ERROR - Retrying! 4 attempts before skipping!
[2023-05-03T17:41:16.898+0000] {logging_mixin.py:137} INFO - Expecting value: line 1 column 1 (char 0)
[2023-05-03T17:41:16.899+0000] {helpers.py:86} ERROR - Expecting value: line 1 column 1 (char 0)
[2023-05-03T17:41:16.900+0000] {helpers.py:87} ERROR - Retrying! 3 attempts before skipping!
[2023-05-03T17:41:18.076+0000] {logging_mixin.py:137} INFO - Expecting value: line 1 column 1 (char 0)
[2023-05-03T17:41:18.077+0000] {helpers.py:86} ERROR - Expecting value: line 1 column 1 (char 0)
[2023-05-03T17:41:18.079+0000] {helpers.py:87} ERROR - Retrying! 2 attempts before skipping!
[2023-05-03T17:41:19.331+0000] {logging_mixin.py:137} INFO - Expecting value: line 1 column 1 (char 0)
[2023-05-03T17:41:19.333+0000] {helpers.py:86} ERROR - Expecting value: line 1 column 1 (char 0)
[2023-05-03T17:41:19.335+0000] {helpers.py:87} ERROR - Retrying! 1 attempts before skipping!
[2023-05-03T17:41:20.586+0000] {logging_mixin.py:137} INFO - Expecting value: line 1 column 1 (char 0)
[2023-05-03T17:41:20.587+0000] {helpers.py:86} ERROR - Expecting value: line 1 column 1 (char 0)
[2023-05-03T17:41:20.588+0000] {helpers.py:87} ERROR - Retrying! 0 attempts before skipping!
[2023-05-03T17:41:21.851+0000] {logging_mixin.py:137} INFO - Expecting value: line 1 column 1 (char 0)
[2023-05-03T17:41:21.859+0000] {helpers.py:86} ERROR - Expecting value: line 1 column 1 (char 0)
[2023-05-03T17:41:21.862+0000] {helpers.py:87} ERROR - Retrying! -1 attempts before skipping!
[2023-05-03T17:41:23.015+0000] {logging_mixin.py:137} INFO - Expecting value: line 1 column 1 (char 0)
[2023-05-03T17:41:23.017+0000] {helpers.py:86} ERROR - Expecting value: line 1 column 1 (char 0)
[2023-05-03T17:41:23.018+0000] {helpers.py:87} ERROR - Retrying! 9 attempts before skipping!
[2023-05-03T17:41:24.167+0000] {logging_mixin.py:137} INFO - Expecting value: line 1 column 1 (char 0)
[2023-05-03T17:41:24.169+0000] {helpers.py:86} ERROR - Expecting value: line 1 column 1 (char 0)
[2023-05-03T17:41:24.170+0000] {helpers.py:87} ERROR - Retrying! 8 attempts before skipping!
[2023-05-03T17:41:25.418+0000] {logging_mixin.py:137} INFO - Expecting value: line 1 column 1 (char 0)
[2023-05-03T17:41:25.420+0000] {helpers.py:86} ERROR - Expecting value: line 1 column 1 (char 0)
[2023-05-03T17:41:25.421+0000] {helpers.py:87} ERROR - Retrying! 7 attempts before skipping!
[2023-05-03T17:41:26.731+0000] {logging_mixin.py:137} INFO - Expecting value: line 1 column 1 (char 0)
[2023-05-03T17:41:26.732+0000] {helpers.py:86} ERROR - Expecting value: line 1 column 1 (char 0)
[2023-05-03T17:41:26.733+0000] {helpers.py:87} ERROR - Retrying! 6 attempts before skipping!
[2023-05-03T17:41:27.997+0000] {logging_mixin.py:137} INFO - Expecting value: line 1 column 1 (char 0)
[2023-05-03T17:41:27.999+0000] {helpers.py:86} ERROR - Expecting value: line 1 column 1 (char 0)
[2023-05-03T17:41:28.000+0000] {helpers.py:87} ERROR - Retrying! 5 attempts before skipping!
[2023-05-03T17:41:29.151+0000] {logging_mixin.py:137} INFO - Expecting value: line 1 column 1 (char 0)
[2023-05-03T17:41:29.153+0000] {helpers.py:86} ERROR - Expecting value: line 1 column 1 (char 0)
[2023-05-03T17:41:29.155+0000] {helpers.py:87} ERROR - Retrying! 4 attempts before skipping!
[2023-05-03T17:41:30.434+0000] {logging_mixin.py:137} INFO - Expecting value: line 1 column 1 (char 0)
[2023-05-03T17:41:30.435+0000] {helpers.py:86} ERROR - Expecting value: line 1 column 1 (char 0)
[2023-05-03T17:41:30.436+0000] {helpers.py:87} ERROR - Retrying! 3 attempts before skipping!
[2023-05-03T17:41:31.581+0000] {logging_mixin.py:137} INFO - Expecting value: line 1 column 1 (char 0)
[2023-05-03T17:41:31.582+0000] {helpers.py:86} ERROR - Expecting value: line 1 column 1 (char 0)
[2023-05-03T17:41:31.585+0000] {helpers.py:87} ERROR - Retrying! 2 attempts before skipping!
[2023-05-03T17:41:33.037+0000] {logging_mixin.py:137} INFO - Expecting value: line 1 column 1 (char 0)
[2023-05-03T17:41:33.038+0000] {helpers.py:86} ERROR - Expecting value: line 1 column 1 (char 0)
[2023-05-03T17:41:33.039+0000] {helpers.py:87} ERROR - Retrying! 1 attempts before skipping!
[2023-05-03T17:41:34.310+0000] {logging_mixin.py:137} INFO - Expecting value: line 1 column 1 (char 0)
[2023-05-03T17:41:34.311+0000] {helpers.py:86} ERROR - Expecting value: line 1 column 1 (char 0)
[2023-05-03T17:41:34.312+0000] {helpers.py:87} ERROR - Retrying! 0 attempts before skipping!
[2023-05-03T17:41:35.464+0000] {logging_mixin.py:137} INFO - Expecting value: line 1 column 1 (char 0)
[2023-05-03T17:41:35.465+0000] {helpers.py:86} ERROR - Expecting value: line 1 column 1 (char 0)
[2023-05-03T17:41:35.466+0000] {helpers.py:87} ERROR - Retrying! -1 attempts before skipping!
[2023-05-03T17:41:36.616+0000] {logging_mixin.py:137} INFO - Expecting value: line 1 column 1 (char 0)
[2023-05-03T17:41:36.617+0000] {helpers.py:86} ERROR - Expecting value: line 1 column 1 (char 0)
[2023-05-03T17:41:36.618+0000] {helpers.py:87} ERROR - Retrying! 9 attempts before skipping!
[2023-05-03T17:41:37.779+0000] {logging_mixin.py:137} INFO - Expecting value: line 1 column 1 (char 0)
[2023-05-03T17:41:37.780+0000] {helpers.py:86} ERROR - Expecting value: line 1 column 1 (char 0)
[2023-05-03T17:41:37.797+0000] {helpers.py:87} ERROR - Retrying! 8 attempts before skipping!
[2023-05-03T17:41:38.963+0000] {logging_mixin.py:137} INFO - Expecting value: line 1 column 1 (char 0)
[2023-05-03T17:41:38.965+0000] {helpers.py:86} ERROR - Expecting value: line 1 column 1 (char 0)
[2023-05-03T17:41:38.966+0000] {helpers.py:87} ERROR - Retrying! 7 attempts before skipping!
[2023-05-03T17:41:40.156+0000] {logging_mixin.py:137} INFO - Expecting value: line 1 column 1 (char 0)
[2023-05-03T17:41:40.158+0000] {helpers.py:86} ERROR - Expecting value: line 1 column 1 (char 0)
[2023-05-03T17:41:40.158+0000] {helpers.py:87} ERROR - Retrying! 6 attempts before skipping!
[2023-05-03T17:41:41.495+0000] {logging_mixin.py:137} INFO - Expecting value: line 1 column 1 (char 0)
[2023-05-03T17:41:41.496+0000] {helpers.py:86} ERROR - Expecting value: line 1 column 1 (char 0)
[2023-05-03T17:41:41.497+0000] {helpers.py:87} ERROR - Retrying! 5 attempts before skipping!
[2023-05-03T17:41:42.667+0000] {logging_mixin.py:137} INFO - Expecting value: line 1 column 1 (char 0)
[2023-05-03T17:41:42.668+0000] {helpers.py:86} ERROR - Expecting value: line 1 column 1 (char 0)
[2023-05-03T17:41:42.669+0000] {helpers.py:87} ERROR - Retrying! 4 attempts before skipping!
[2023-05-03T17:41:43.918+0000] {logging_mixin.py:137} INFO - Expecting value: line 1 column 1 (char 0)
[2023-05-03T17:41:43.920+0000] {helpers.py:86} ERROR - Expecting value: line 1 column 1 (char 0)
[2023-05-03T17:41:43.921+0000] {helpers.py:87} ERROR - Retrying! 3 attempts before skipping!
[2023-05-03T17:41:45.101+0000] {logging_mixin.py:137} INFO - Expecting value: line 1 column 1 (char 0)
[2023-05-03T17:41:45.103+0000] {helpers.py:86} ERROR - Expecting value: line 1 column 1 (char 0)
[2023-05-03T17:41:45.104+0000] {helpers.py:87} ERROR - Retrying! 2 attempts before skipping!
[2023-05-03T17:41:46.356+0000] {logging_mixin.py:137} INFO - Expecting value: line 1 column 1 (char 0)
[2023-05-03T17:41:46.357+0000] {helpers.py:86} ERROR - Expecting value: line 1 column 1 (char 0)
[2023-05-03T17:41:46.360+0000] {helpers.py:87} ERROR - Retrying! 1 attempts before skipping!
[2023-05-03T17:41:47.520+0000] {logging_mixin.py:137} INFO - Expecting value: line 1 column 1 (char 0)
[2023-05-03T17:41:47.521+0000] {helpers.py:86} ERROR - Expecting value: line 1 column 1 (char 0)
[2023-05-03T17:41:47.522+0000] {helpers.py:87} ERROR - Retrying! 0 attempts before skipping!
[2023-05-03T17:41:48.671+0000] {logging_mixin.py:137} INFO - Expecting value: line 1 column 1 (char 0)
[2023-05-03T17:41:48.673+0000] {helpers.py:86} ERROR - Expecting value: line 1 column 1 (char 0)
[2023-05-03T17:41:48.674+0000] {helpers.py:87} ERROR - Retrying! -1 attempts before skipping!
[2023-05-03T17:41:49.924+0000] {logging_mixin.py:137} INFO - Expecting value: line 1 column 1 (char 0)
[2023-05-03T17:41:49.925+0000] {helpers.py:86} ERROR - Expecting value: line 1 column 1 (char 0)
[2023-05-03T17:41:49.926+0000] {helpers.py:87} ERROR - Retrying! 9 attempts before skipping!
[2023-05-03T17:41:51.080+0000] {logging_mixin.py:137} INFO - Expecting value: line 1 column 1 (char 0)
[2023-05-03T17:41:51.081+0000] {helpers.py:86} ERROR - Expecting value: line 1 column 1 (char 0)
[2023-05-03T17:41:51.082+0000] {helpers.py:87} ERROR - Retrying! 8 attempts before skipping!
[2023-05-03T17:41:52.353+0000] {logging_mixin.py:137} INFO - Expecting value: line 1 column 1 (char 0)
[2023-05-03T17:41:52.354+0000] {helpers.py:86} ERROR - Expecting value: line 1 column 1 (char 0)
[2023-05-03T17:41:52.355+0000] {helpers.py:87} ERROR - Retrying! 7 attempts before skipping!
[2023-05-03T17:41:53.510+0000] {logging_mixin.py:137} INFO - Expecting value: line 1 column 1 (char 0)
[2023-05-03T17:41:53.511+0000] {helpers.py:86} ERROR - Expecting value: line 1 column 1 (char 0)
[2023-05-03T17:41:53.512+0000] {helpers.py:87} ERROR - Retrying! 6 attempts before skipping!
[2023-05-03T17:41:54.673+0000] {logging_mixin.py:137} INFO - Expecting value: line 1 column 1 (char 0)
[2023-05-03T17:41:54.674+0000] {helpers.py:86} ERROR - Expecting value: line 1 column 1 (char 0)
[2023-05-03T17:41:54.675+0000] {helpers.py:87} ERROR - Retrying! 5 attempts before skipping!
[2023-05-03T17:41:55.933+0000] {logging_mixin.py:137} INFO - Expecting value: line 1 column 1 (char 0)
[2023-05-03T17:41:55.935+0000] {helpers.py:86} ERROR - Expecting value: line 1 column 1 (char 0)
[2023-05-03T17:41:55.936+0000] {helpers.py:87} ERROR - Retrying! 4 attempts before skipping!
[2023-05-03T17:41:57.402+0000] {logging_mixin.py:137} INFO - Expecting value: line 1 column 1 (char 0)
[2023-05-03T17:41:57.405+0000] {helpers.py:86} ERROR - Expecting value: line 1 column 1 (char 0)
[2023-05-03T17:41:57.414+0000] {helpers.py:87} ERROR - Retrying! 3 attempts before skipping!
[2023-05-03T17:41:58.568+0000] {logging_mixin.py:137} INFO - Expecting value: line 1 column 1 (char 0)
[2023-05-03T17:41:58.569+0000] {helpers.py:86} ERROR - Expecting value: line 1 column 1 (char 0)
[2023-05-03T17:41:58.570+0000] {helpers.py:87} ERROR - Retrying! 2 attempts before skipping!
[2023-05-03T17:41:59.725+0000] {logging_mixin.py:137} INFO - Expecting value: line 1 column 1 (char 0)
[2023-05-03T17:41:59.726+0000] {helpers.py:86} ERROR - Expecting value: line 1 column 1 (char 0)
[2023-05-03T17:41:59.727+0000] {helpers.py:87} ERROR - Retrying! 1 attempts before skipping!
[2023-05-03T17:42:00.891+0000] {logging_mixin.py:137} INFO - Expecting value: line 1 column 1 (char 0)
[2023-05-03T17:42:00.892+0000] {helpers.py:86} ERROR - Expecting value: line 1 column 1 (char 0)
[2023-05-03T17:42:00.894+0000] {helpers.py:87} ERROR - Retrying! 0 attempts before skipping!
[2023-05-03T17:42:02.047+0000] {logging_mixin.py:137} INFO - Expecting value: line 1 column 1 (char 0)
[2023-05-03T17:42:02.048+0000] {helpers.py:86} ERROR - Expecting value: line 1 column 1 (char 0)
[2023-05-03T17:42:02.049+0000] {helpers.py:87} ERROR - Retrying! -1 attempts before skipping!
[2023-05-03T17:42:03.205+0000] {logging_mixin.py:137} INFO - Expecting value: line 1 column 1 (char 0)
[2023-05-03T17:42:03.206+0000] {helpers.py:86} ERROR - Expecting value: line 1 column 1 (char 0)
[2023-05-03T17:42:03.207+0000] {helpers.py:87} ERROR - Retrying! 9 attempts before skipping!
[2023-05-03T17:42:04.382+0000] {logging_mixin.py:137} INFO - Expecting value: line 1 column 1 (char 0)
[2023-05-03T17:42:04.384+0000] {helpers.py:86} ERROR - Expecting value: line 1 column 1 (char 0)
[2023-05-03T17:42:04.385+0000] {helpers.py:87} ERROR - Retrying! 8 attempts before skipping!
[2023-05-03T17:42:05.637+0000] {logging_mixin.py:137} INFO - Expecting value: line 1 column 1 (char 0)
[2023-05-03T17:42:05.638+0000] {helpers.py:86} ERROR - Expecting value: line 1 column 1 (char 0)
[2023-05-03T17:42:05.639+0000] {helpers.py:87} ERROR - Retrying! 7 attempts before skipping!
[2023-05-03T17:42:06.805+0000] {logging_mixin.py:137} INFO - Expecting value: line 1 column 1 (char 0)
[2023-05-03T17:42:06.822+0000] {helpers.py:86} ERROR - Expecting value: line 1 column 1 (char 0)
[2023-05-03T17:42:06.823+0000] {helpers.py:87} ERROR - Retrying! 6 attempts before skipping!
[2023-05-03T17:42:08.075+0000] {logging_mixin.py:137} INFO - Expecting value: line 1 column 1 (char 0)
[2023-05-03T17:42:08.076+0000] {helpers.py:86} ERROR - Expecting value: line 1 column 1 (char 0)
[2023-05-03T17:42:08.078+0000] {helpers.py:87} ERROR - Retrying! 5 attempts before skipping!
[2023-05-03T17:42:09.331+0000] {logging_mixin.py:137} INFO - Expecting value: line 1 column 1 (char 0)
[2023-05-03T17:42:09.336+0000] {helpers.py:86} ERROR - Expecting value: line 1 column 1 (char 0)
[2023-05-03T17:42:09.337+0000] {helpers.py:87} ERROR - Retrying! 4 attempts before skipping!
[2023-05-03T17:42:10.503+0000] {logging_mixin.py:137} INFO - Expecting value: line 1 column 1 (char 0)
[2023-05-03T17:42:10.504+0000] {helpers.py:86} ERROR - Expecting value: line 1 column 1 (char 0)
[2023-05-03T17:42:10.506+0000] {helpers.py:87} ERROR - Retrying! 3 attempts before skipping!
[2023-05-03T17:42:11.681+0000] {logging_mixin.py:137} INFO - Expecting value: line 1 column 1 (char 0)
[2023-05-03T17:42:11.682+0000] {helpers.py:86} ERROR - Expecting value: line 1 column 1 (char 0)
[2023-05-03T17:42:11.683+0000] {helpers.py:87} ERROR - Retrying! 2 attempts before skipping!
[2023-05-03T17:42:12.956+0000] {logging_mixin.py:137} INFO - Expecting value: line 1 column 1 (char 0)
[2023-05-03T17:42:12.958+0000] {helpers.py:86} ERROR - Expecting value: line 1 column 1 (char 0)
[2023-05-03T17:42:12.959+0000] {helpers.py:87} ERROR - Retrying! 1 attempts before skipping!
[2023-05-03T17:42:14.113+0000] {logging_mixin.py:137} INFO - Expecting value: line 1 column 1 (char 0)
[2023-05-03T17:42:14.114+0000] {helpers.py:86} ERROR - Expecting value: line 1 column 1 (char 0)
[2023-05-03T17:42:14.132+0000] {helpers.py:87} ERROR - Retrying! 0 attempts before skipping!
[2023-05-03T17:42:15.383+0000] {logging_mixin.py:137} INFO - Expecting value: line 1 column 1 (char 0)
[2023-05-03T17:42:15.384+0000] {helpers.py:86} ERROR - Expecting value: line 1 column 1 (char 0)
[2023-05-03T17:42:15.385+0000] {helpers.py:87} ERROR - Retrying! -1 attempts before skipping!
[2023-05-03T17:42:16.572+0000] {logging_mixin.py:137} INFO - Expecting value: line 1 column 1 (char 0)
[2023-05-03T17:42:16.573+0000] {helpers.py:86} ERROR - Expecting value: line 1 column 1 (char 0)
[2023-05-03T17:42:16.574+0000] {helpers.py:87} ERROR - Retrying! 9 attempts before skipping!
[2023-05-03T17:42:17.733+0000] {logging_mixin.py:137} INFO - Expecting value: line 1 column 1 (char 0)
[2023-05-03T17:42:17.734+0000] {helpers.py:86} ERROR - Expecting value: line 1 column 1 (char 0)
[2023-05-03T17:42:17.736+0000] {helpers.py:87} ERROR - Retrying! 8 attempts before skipping!
[2023-05-03T17:42:18.908+0000] {logging_mixin.py:137} INFO - Expecting value: line 1 column 1 (char 0)
[2023-05-03T17:42:18.910+0000] {helpers.py:86} ERROR - Expecting value: line 1 column 1 (char 0)
[2023-05-03T17:42:18.911+0000] {helpers.py:87} ERROR - Retrying! 7 attempts before skipping!
[2023-05-03T17:42:20.162+0000] {logging_mixin.py:137} INFO - Expecting value: line 1 column 1 (char 0)
[2023-05-03T17:42:20.164+0000] {helpers.py:86} ERROR - Expecting value: line 1 column 1 (char 0)
[2023-05-03T17:42:20.165+0000] {helpers.py:87} ERROR - Retrying! 6 attempts before skipping!
[2023-05-03T17:42:21.432+0000] {logging_mixin.py:137} INFO - Expecting value: line 1 column 1 (char 0)
[2023-05-03T17:42:21.434+0000] {helpers.py:86} ERROR - Expecting value: line 1 column 1 (char 0)
[2023-05-03T17:42:21.435+0000] {helpers.py:87} ERROR - Retrying! 5 attempts before skipping!
[2023-05-03T17:42:22.758+0000] {logging_mixin.py:137} INFO - Expecting value: line 1 column 1 (char 0)
[2023-05-03T17:42:22.759+0000] {helpers.py:86} ERROR - Expecting value: line 1 column 1 (char 0)
[2023-05-03T17:42:22.760+0000] {helpers.py:87} ERROR - Retrying! 4 attempts before skipping!
[2023-05-03T17:42:24.015+0000] {logging_mixin.py:137} INFO - Expecting value: line 1 column 1 (char 0)
[2023-05-03T17:42:24.016+0000] {helpers.py:86} ERROR - Expecting value: line 1 column 1 (char 0)
[2023-05-03T17:42:24.018+0000] {helpers.py:87} ERROR - Retrying! 3 attempts before skipping!
[2023-05-03T17:42:25.205+0000] {logging_mixin.py:137} INFO - Expecting value: line 1 column 1 (char 0)
[2023-05-03T17:42:25.207+0000] {helpers.py:86} ERROR - Expecting value: line 1 column 1 (char 0)
[2023-05-03T17:42:25.208+0000] {helpers.py:87} ERROR - Retrying! 2 attempts before skipping!
[2023-05-03T17:42:26.466+0000] {logging_mixin.py:137} INFO - Expecting value: line 1 column 1 (char 0)
[2023-05-03T17:42:26.468+0000] {helpers.py:86} ERROR - Expecting value: line 1 column 1 (char 0)
[2023-05-03T17:42:26.469+0000] {helpers.py:87} ERROR - Retrying! 1 attempts before skipping!
[2023-05-03T17:42:27.788+0000] {logging_mixin.py:137} INFO - Expecting value: line 1 column 1 (char 0)
[2023-05-03T17:42:27.797+0000] {helpers.py:86} ERROR - Expecting value: line 1 column 1 (char 0)
[2023-05-03T17:42:27.800+0000] {helpers.py:87} ERROR - Retrying! 0 attempts before skipping!
[2023-05-03T17:42:29.042+0000] {logging_mixin.py:137} INFO - Expecting value: line 1 column 1 (char 0)
[2023-05-03T17:42:29.043+0000] {helpers.py:86} ERROR - Expecting value: line 1 column 1 (char 0)
[2023-05-03T17:42:29.048+0000] {helpers.py:87} ERROR - Retrying! -1 attempts before skipping!
[2023-05-03T17:42:30.329+0000] {logging_mixin.py:137} INFO - Expecting value: line 1 column 1 (char 0)
[2023-05-03T17:42:30.369+0000] {helpers.py:86} ERROR - Expecting value: line 1 column 1 (char 0)
[2023-05-03T17:42:30.370+0000] {helpers.py:87} ERROR - Retrying! 9 attempts before skipping!
[2023-05-03T17:42:31.633+0000] {logging_mixin.py:137} INFO - Expecting value: line 1 column 1 (char 0)
[2023-05-03T17:42:31.634+0000] {helpers.py:86} ERROR - Expecting value: line 1 column 1 (char 0)
[2023-05-03T17:42:31.635+0000] {helpers.py:87} ERROR - Retrying! 8 attempts before skipping!
[2023-05-03T17:42:32.879+0000] {logging_mixin.py:137} INFO - Expecting value: line 1 column 1 (char 0)
[2023-05-03T17:42:32.880+0000] {helpers.py:86} ERROR - Expecting value: line 1 column 1 (char 0)
[2023-05-03T17:42:32.881+0000] {helpers.py:87} ERROR - Retrying! 7 attempts before skipping!
[2023-05-03T17:42:34.139+0000] {logging_mixin.py:137} INFO - Expecting value: line 1 column 1 (char 0)
[2023-05-03T17:42:34.144+0000] {helpers.py:86} ERROR - Expecting value: line 1 column 1 (char 0)
[2023-05-03T17:42:34.147+0000] {helpers.py:87} ERROR - Retrying! 6 attempts before skipping!
[2023-05-03T17:42:35.494+0000] {logging_mixin.py:137} INFO - Expecting value: line 1 column 1 (char 0)
[2023-05-03T17:42:35.502+0000] {helpers.py:86} ERROR - Expecting value: line 1 column 1 (char 0)
[2023-05-03T17:42:35.505+0000] {helpers.py:87} ERROR - Retrying! 5 attempts before skipping!
[2023-05-03T17:42:36.674+0000] {logging_mixin.py:137} INFO - Expecting value: line 1 column 1 (char 0)
[2023-05-03T17:42:36.679+0000] {helpers.py:86} ERROR - Expecting value: line 1 column 1 (char 0)
[2023-05-03T17:42:36.715+0000] {helpers.py:87} ERROR - Retrying! 4 attempts before skipping!
[2023-05-03T17:42:37.998+0000] {logging_mixin.py:137} INFO - Expecting value: line 1 column 1 (char 0)
[2023-05-03T17:42:38.000+0000] {helpers.py:86} ERROR - Expecting value: line 1 column 1 (char 0)
[2023-05-03T17:42:38.002+0000] {helpers.py:87} ERROR - Retrying! 3 attempts before skipping!
[2023-05-03T17:42:39.197+0000] {logging_mixin.py:137} INFO - Expecting value: line 1 column 1 (char 0)
[2023-05-03T17:42:39.199+0000] {helpers.py:86} ERROR - Expecting value: line 1 column 1 (char 0)
[2023-05-03T17:42:39.201+0000] {helpers.py:87} ERROR - Retrying! 2 attempts before skipping!
[2023-05-03T17:42:40.558+0000] {logging_mixin.py:137} INFO - Expecting value: line 1 column 1 (char 0)
[2023-05-03T17:42:40.562+0000] {helpers.py:86} ERROR - Expecting value: line 1 column 1 (char 0)
[2023-05-03T17:42:40.567+0000] {helpers.py:87} ERROR - Retrying! 1 attempts before skipping!
[2023-05-03T17:42:41.843+0000] {logging_mixin.py:137} INFO - Expecting value: line 1 column 1 (char 0)
[2023-05-03T17:42:41.844+0000] {helpers.py:86} ERROR - Expecting value: line 1 column 1 (char 0)
[2023-05-03T17:42:41.845+0000] {helpers.py:87} ERROR - Retrying! 0 attempts before skipping!
[2023-05-03T17:42:43.121+0000] {logging_mixin.py:137} INFO - Expecting value: line 1 column 1 (char 0)
[2023-05-03T17:42:43.122+0000] {helpers.py:86} ERROR - Expecting value: line 1 column 1 (char 0)
[2023-05-03T17:42:43.123+0000] {helpers.py:87} ERROR - Retrying! -1 attempts before skipping!
[2023-05-03T17:42:44.130+0000] {helpers.py:96} INFO - Saved in /opt/***/data/output_scrape_teams_9-16.csv
[2023-05-03T17:42:44.132+0000] {python.py:177} INFO - Done. Returned value was: None
[2023-05-03T17:42:44.150+0000] {taskinstance.py:1332} INFO - Marking task as SUCCESS. dag_id=scrape_and_save_to_csv, task_id=scrape_teams_9-16, execution_date=20230503T163000, start_date=20230503T174055, end_date=20230503T174244
[2023-05-03T17:42:44.199+0000] {local_task_job.py:212} INFO - Task exited with return code 0
[2023-05-03T17:42:44.226+0000] {taskinstance.py:2596} INFO - 1 downstream tasks scheduled from follow-on schedule check
