[2023-05-01T16:30:01.555+0000] {taskinstance.py:1090} INFO - Dependencies all met for dep_context=non-requeueable deps ti=<TaskInstance: scrape_and_save_to_csv.scrape_teams_17-24 scheduled__2023-05-01T15:30:00+00:00 [queued]>
[2023-05-01T16:30:01.569+0000] {taskinstance.py:1090} INFO - Dependencies all met for dep_context=requeueable deps ti=<TaskInstance: scrape_and_save_to_csv.scrape_teams_17-24 scheduled__2023-05-01T15:30:00+00:00 [queued]>
[2023-05-01T16:30:01.571+0000] {taskinstance.py:1288} INFO - 
--------------------------------------------------------------------------------
[2023-05-01T16:30:01.572+0000] {taskinstance.py:1289} INFO - Starting attempt 1 of 1
[2023-05-01T16:30:01.575+0000] {taskinstance.py:1290} INFO - 
--------------------------------------------------------------------------------
[2023-05-01T16:30:01.614+0000] {taskinstance.py:1309} INFO - Executing <Task(PythonOperator): scrape_teams_17-24> on 2023-05-01 15:30:00+00:00
[2023-05-01T16:30:01.628+0000] {standard_task_runner.py:55} INFO - Started process 6695 to run task
[2023-05-01T16:30:01.639+0000] {standard_task_runner.py:82} INFO - Running: ['***', 'tasks', 'run', 'scrape_and_save_to_csv', 'scrape_teams_17-24', 'scheduled__2023-05-01T15:30:00+00:00', '--job-id', '2071', '--raw', '--subdir', 'DAGS_FOLDER/scrape_and_save_csv_dag.py', '--cfg-path', '/tmp/tmps69mysmt']
[2023-05-01T16:30:01.644+0000] {standard_task_runner.py:83} INFO - Job 2071: Subtask scrape_teams_17-24
[2023-05-01T16:30:01.807+0000] {task_command.py:389} INFO - Running <TaskInstance: scrape_and_save_to_csv.scrape_teams_17-24 scheduled__2023-05-01T15:30:00+00:00 [running]> on host 5d4cd8acb346
[2023-05-01T16:30:01.883+0000] {taskinstance.py:1518} INFO - Exporting the following env vars:
AIRFLOW_CTX_DAG_OWNER=***
AIRFLOW_CTX_DAG_ID=scrape_and_save_to_csv
AIRFLOW_CTX_TASK_ID=scrape_teams_17-24
AIRFLOW_CTX_EXECUTION_DATE=2023-05-01T15:30:00+00:00
AIRFLOW_CTX_TRY_NUMBER=1
AIRFLOW_CTX_DAG_RUN_ID=scheduled__2023-05-01T15:30:00+00:00
[2023-05-01T16:30:05.870+0000] {warnings.py:110} WARNING - /home/***/.local/lib/python3.7/site-packages/***/utils/context.py:313: AirflowContextDeprecationWarning: Accessing 'execution_date' from the template is deprecated and will be removed in a future version. Please use 'data_interval_start' or 'logical_date' instead.
  warnings.warn(_create_deprecation_warning(k, replacements))

[2023-05-01T16:30:06.251+0000] {helpers.py:80} INFO - Milwaukee Bucks: Successfully scraped!
[2023-05-01T16:30:13.282+0000] {helpers.py:80} INFO - Minnesota Timberwolves: Successfully scraped!
[2023-05-01T16:30:18.236+0000] {helpers.py:80} INFO - New Orleans Pelicans: Successfully scraped!
[2023-05-01T16:30:22.278+0000] {helpers.py:80} INFO - New York Knicks: Successfully scraped!
[2023-05-01T16:30:26.332+0000] {helpers.py:80} INFO - Oklahoma City Thunder: Successfully scraped!
[2023-05-01T16:30:30.377+0000] {helpers.py:80} INFO - Orlando Magic: Successfully scraped!
[2023-05-01T16:30:33.177+0000] {helpers.py:80} INFO - Philadelphia 76ers: Successfully scraped!
[2023-05-01T16:30:39.528+0000] {helpers.py:80} INFO - Phoenix Suns: Successfully scraped!
[2023-05-01T16:30:39.553+0000] {helpers.py:96} INFO - Saved in /opt/***/data/output_scrape_teams_17-24.csv
[2023-05-01T16:30:39.556+0000] {python.py:177} INFO - Done. Returned value was: None
[2023-05-01T16:30:39.566+0000] {taskinstance.py:1332} INFO - Marking task as SUCCESS. dag_id=scrape_and_save_to_csv, task_id=scrape_teams_17-24, execution_date=20230501T153000, start_date=20230501T163001, end_date=20230501T163039
[2023-05-01T16:30:39.646+0000] {local_task_job.py:212} INFO - Task exited with return code 0
[2023-05-01T16:30:39.668+0000] {taskinstance.py:2596} INFO - 1 downstream tasks scheduled from follow-on schedule check
