[2023-05-04T15:21:51.237+0000] {taskinstance.py:1090} INFO - Dependencies all met for dep_context=non-requeueable deps ti=<TaskInstance: scrape_and_save_to_csv.scrape_teams_1-8 scheduled__2023-05-04T11:30:00+00:00 [queued]>
[2023-05-04T15:21:51.246+0000] {taskinstance.py:1090} INFO - Dependencies all met for dep_context=requeueable deps ti=<TaskInstance: scrape_and_save_to_csv.scrape_teams_1-8 scheduled__2023-05-04T11:30:00+00:00 [queued]>
[2023-05-04T15:21:51.247+0000] {taskinstance.py:1288} INFO - 
--------------------------------------------------------------------------------
[2023-05-04T15:21:51.249+0000] {taskinstance.py:1289} INFO - Starting attempt 1 of 1
[2023-05-04T15:21:51.250+0000] {taskinstance.py:1290} INFO - 
--------------------------------------------------------------------------------
[2023-05-04T15:21:51.267+0000] {taskinstance.py:1309} INFO - Executing <Task(PythonOperator): scrape_teams_1-8> on 2023-05-04 11:30:00+00:00
[2023-05-04T15:21:51.275+0000] {standard_task_runner.py:55} INFO - Started process 40377 to run task
[2023-05-04T15:21:51.280+0000] {standard_task_runner.py:82} INFO - Running: ['***', 'tasks', 'run', 'scrape_and_save_to_csv', 'scrape_teams_1-8', 'scheduled__2023-05-04T11:30:00+00:00', '--job-id', '2521', '--raw', '--subdir', 'DAGS_FOLDER/scrape_and_save_csv_dag.py', '--cfg-path', '/tmp/tmpyrdefxnd']
[2023-05-04T15:21:51.289+0000] {standard_task_runner.py:83} INFO - Job 2521: Subtask scrape_teams_1-8
[2023-05-04T15:21:51.367+0000] {task_command.py:389} INFO - Running <TaskInstance: scrape_and_save_to_csv.scrape_teams_1-8 scheduled__2023-05-04T11:30:00+00:00 [running]> on host 5d4cd8acb346
[2023-05-04T15:21:51.448+0000] {taskinstance.py:1518} INFO - Exporting the following env vars:
AIRFLOW_CTX_DAG_OWNER=***
AIRFLOW_CTX_DAG_ID=scrape_and_save_to_csv
AIRFLOW_CTX_TASK_ID=scrape_teams_1-8
AIRFLOW_CTX_EXECUTION_DATE=2023-05-04T11:30:00+00:00
AIRFLOW_CTX_TRY_NUMBER=1
AIRFLOW_CTX_DAG_RUN_ID=scheduled__2023-05-04T11:30:00+00:00
[2023-05-04T15:21:52.130+0000] {logging_mixin.py:137} INFO - Expecting value: line 1 column 1 (char 0)
[2023-05-04T15:21:52.151+0000] {helpers.py:86} ERROR - Expecting value: line 1 column 1 (char 0)
[2023-05-04T15:21:52.362+0000] {helpers.py:87} ERROR - Retrying! 9 attempts before skipping!
[2023-05-04T15:21:53.828+0000] {logging_mixin.py:137} INFO - Expecting value: line 1 column 1 (char 0)
[2023-05-04T15:21:53.924+0000] {helpers.py:86} ERROR - Expecting value: line 1 column 1 (char 0)
[2023-05-04T15:21:54.126+0000] {helpers.py:87} ERROR - Retrying! 8 attempts before skipping!
[2023-05-04T15:21:55.908+0000] {logging_mixin.py:137} INFO - Expecting value: line 1 column 1 (char 0)
[2023-05-04T15:21:55.910+0000] {helpers.py:86} ERROR - Expecting value: line 1 column 1 (char 0)
[2023-05-04T15:21:55.913+0000] {helpers.py:87} ERROR - Retrying! 7 attempts before skipping!
[2023-05-04T15:21:57.410+0000] {logging_mixin.py:137} INFO - Expecting value: line 1 column 1 (char 0)
[2023-05-04T15:21:57.413+0000] {helpers.py:86} ERROR - Expecting value: line 1 column 1 (char 0)
[2023-05-04T15:21:57.414+0000] {helpers.py:87} ERROR - Retrying! 6 attempts before skipping!
[2023-05-04T15:21:58.937+0000] {logging_mixin.py:137} INFO - Expecting value: line 1 column 1 (char 0)
[2023-05-04T15:21:58.938+0000] {helpers.py:86} ERROR - Expecting value: line 1 column 1 (char 0)
[2023-05-04T15:21:58.939+0000] {helpers.py:87} ERROR - Retrying! 5 attempts before skipping!
[2023-05-04T15:22:00.447+0000] {logging_mixin.py:137} INFO - Expecting value: line 1 column 1 (char 0)
[2023-05-04T15:22:00.449+0000] {helpers.py:86} ERROR - Expecting value: line 1 column 1 (char 0)
[2023-05-04T15:22:00.450+0000] {helpers.py:87} ERROR - Retrying! 4 attempts before skipping!
[2023-05-04T15:22:02.226+0000] {logging_mixin.py:137} INFO - Expecting value: line 1 column 1 (char 0)
[2023-05-04T15:22:02.229+0000] {helpers.py:86} ERROR - Expecting value: line 1 column 1 (char 0)
[2023-05-04T15:22:02.231+0000] {helpers.py:87} ERROR - Retrying! 3 attempts before skipping!
[2023-05-04T15:22:03.754+0000] {logging_mixin.py:137} INFO - Expecting value: line 1 column 1 (char 0)
[2023-05-04T15:22:03.758+0000] {helpers.py:86} ERROR - Expecting value: line 1 column 1 (char 0)
[2023-05-04T15:22:03.760+0000] {helpers.py:87} ERROR - Retrying! 2 attempts before skipping!
[2023-05-04T15:22:05.285+0000] {logging_mixin.py:137} INFO - Expecting value: line 1 column 1 (char 0)
[2023-05-04T15:22:05.288+0000] {helpers.py:86} ERROR - Expecting value: line 1 column 1 (char 0)
[2023-05-04T15:22:05.290+0000] {helpers.py:87} ERROR - Retrying! 1 attempts before skipping!
[2023-05-04T15:22:07.031+0000] {logging_mixin.py:137} INFO - Expecting value: line 1 column 1 (char 0)
[2023-05-04T15:22:07.032+0000] {helpers.py:86} ERROR - Expecting value: line 1 column 1 (char 0)
[2023-05-04T15:22:07.034+0000] {helpers.py:87} ERROR - Retrying! 0 attempts before skipping!
[2023-05-04T15:22:08.815+0000] {logging_mixin.py:137} INFO - Expecting value: line 1 column 1 (char 0)
[2023-05-04T15:22:08.817+0000] {helpers.py:86} ERROR - Expecting value: line 1 column 1 (char 0)
[2023-05-04T15:22:08.819+0000] {helpers.py:87} ERROR - Retrying! -1 attempts before skipping!
[2023-05-04T15:22:10.294+0000] {logging_mixin.py:137} INFO - Expecting value: line 1 column 1 (char 0)
[2023-05-04T15:22:10.297+0000] {helpers.py:86} ERROR - Expecting value: line 1 column 1 (char 0)
[2023-05-04T15:22:10.299+0000] {helpers.py:87} ERROR - Retrying! 9 attempts before skipping!
[2023-05-04T15:22:11.736+0000] {logging_mixin.py:137} INFO - Expecting value: line 1 column 1 (char 0)
[2023-05-04T15:22:11.737+0000] {helpers.py:86} ERROR - Expecting value: line 1 column 1 (char 0)
[2023-05-04T15:22:11.739+0000] {helpers.py:87} ERROR - Retrying! 8 attempts before skipping!
[2023-05-04T15:22:13.220+0000] {logging_mixin.py:137} INFO - Expecting value: line 1 column 1 (char 0)
[2023-05-04T15:22:13.221+0000] {helpers.py:86} ERROR - Expecting value: line 1 column 1 (char 0)
[2023-05-04T15:22:13.222+0000] {helpers.py:87} ERROR - Retrying! 7 attempts before skipping!
[2023-05-04T15:22:15.251+0000] {logging_mixin.py:137} INFO - Expecting value: line 1 column 1 (char 0)
[2023-05-04T15:22:15.253+0000] {helpers.py:86} ERROR - Expecting value: line 1 column 1 (char 0)
[2023-05-04T15:22:15.256+0000] {helpers.py:87} ERROR - Retrying! 6 attempts before skipping!
[2023-05-04T15:22:16.778+0000] {logging_mixin.py:137} INFO - Expecting value: line 1 column 1 (char 0)
[2023-05-04T15:22:16.780+0000] {helpers.py:86} ERROR - Expecting value: line 1 column 1 (char 0)
[2023-05-04T15:22:16.782+0000] {helpers.py:87} ERROR - Retrying! 5 attempts before skipping!
[2023-05-04T15:22:18.215+0000] {logging_mixin.py:137} INFO - Expecting value: line 1 column 1 (char 0)
[2023-05-04T15:22:18.216+0000] {helpers.py:86} ERROR - Expecting value: line 1 column 1 (char 0)
[2023-05-04T15:22:18.218+0000] {helpers.py:87} ERROR - Retrying! 4 attempts before skipping!
[2023-05-04T15:22:19.932+0000] {logging_mixin.py:137} INFO - Expecting value: line 1 column 1 (char 0)
[2023-05-04T15:22:19.937+0000] {helpers.py:86} ERROR - Expecting value: line 1 column 1 (char 0)
[2023-05-04T15:22:19.938+0000] {helpers.py:87} ERROR - Retrying! 3 attempts before skipping!
[2023-05-04T15:22:21.448+0000] {logging_mixin.py:137} INFO - Expecting value: line 1 column 1 (char 0)
[2023-05-04T15:22:21.451+0000] {helpers.py:86} ERROR - Expecting value: line 1 column 1 (char 0)
[2023-05-04T15:22:21.453+0000] {helpers.py:87} ERROR - Retrying! 2 attempts before skipping!
[2023-05-04T15:22:22.921+0000] {logging_mixin.py:137} INFO - Expecting value: line 1 column 1 (char 0)
[2023-05-04T15:22:22.923+0000] {helpers.py:86} ERROR - Expecting value: line 1 column 1 (char 0)
[2023-05-04T15:22:22.924+0000] {helpers.py:87} ERROR - Retrying! 1 attempts before skipping!
[2023-05-04T15:22:24.432+0000] {logging_mixin.py:137} INFO - Expecting value: line 1 column 1 (char 0)
[2023-05-04T15:22:24.435+0000] {helpers.py:86} ERROR - Expecting value: line 1 column 1 (char 0)
[2023-05-04T15:22:24.437+0000] {helpers.py:87} ERROR - Retrying! 0 attempts before skipping!
[2023-05-04T15:22:25.971+0000] {logging_mixin.py:137} INFO - Expecting value: line 1 column 1 (char 0)
[2023-05-04T15:22:25.975+0000] {helpers.py:86} ERROR - Expecting value: line 1 column 1 (char 0)
[2023-05-04T15:22:25.977+0000] {helpers.py:87} ERROR - Retrying! -1 attempts before skipping!
[2023-05-04T15:22:27.481+0000] {logging_mixin.py:137} INFO - Expecting value: line 1 column 1 (char 0)
[2023-05-04T15:22:27.483+0000] {helpers.py:86} ERROR - Expecting value: line 1 column 1 (char 0)
[2023-05-04T15:22:27.489+0000] {helpers.py:87} ERROR - Retrying! 9 attempts before skipping!
[2023-05-04T15:22:28.922+0000] {logging_mixin.py:137} INFO - Expecting value: line 1 column 1 (char 0)
[2023-05-04T15:22:28.923+0000] {helpers.py:86} ERROR - Expecting value: line 1 column 1 (char 0)
[2023-05-04T15:22:28.925+0000] {helpers.py:87} ERROR - Retrying! 8 attempts before skipping!
[2023-05-04T15:22:30.430+0000] {logging_mixin.py:137} INFO - Expecting value: line 1 column 1 (char 0)
[2023-05-04T15:22:30.432+0000] {helpers.py:86} ERROR - Expecting value: line 1 column 1 (char 0)
[2023-05-04T15:22:30.433+0000] {helpers.py:87} ERROR - Retrying! 7 attempts before skipping!
[2023-05-04T15:22:31.876+0000] {logging_mixin.py:137} INFO - Expecting value: line 1 column 1 (char 0)
[2023-05-04T15:22:31.877+0000] {helpers.py:86} ERROR - Expecting value: line 1 column 1 (char 0)
[2023-05-04T15:22:31.878+0000] {helpers.py:87} ERROR - Retrying! 6 attempts before skipping!
[2023-05-04T15:22:33.388+0000] {logging_mixin.py:137} INFO - Expecting value: line 1 column 1 (char 0)
[2023-05-04T15:22:33.390+0000] {helpers.py:86} ERROR - Expecting value: line 1 column 1 (char 0)
[2023-05-04T15:22:33.391+0000] {helpers.py:87} ERROR - Retrying! 5 attempts before skipping!
[2023-05-04T15:22:34.913+0000] {logging_mixin.py:137} INFO - Expecting value: line 1 column 1 (char 0)
[2023-05-04T15:22:34.914+0000] {helpers.py:86} ERROR - Expecting value: line 1 column 1 (char 0)
[2023-05-04T15:22:34.915+0000] {helpers.py:87} ERROR - Retrying! 4 attempts before skipping!
[2023-05-04T15:22:36.396+0000] {logging_mixin.py:137} INFO - Expecting value: line 1 column 1 (char 0)
[2023-05-04T15:22:36.398+0000] {helpers.py:86} ERROR - Expecting value: line 1 column 1 (char 0)
[2023-05-04T15:22:36.399+0000] {helpers.py:87} ERROR - Retrying! 3 attempts before skipping!
[2023-05-04T15:22:37.879+0000] {logging_mixin.py:137} INFO - Expecting value: line 1 column 1 (char 0)
[2023-05-04T15:22:37.880+0000] {helpers.py:86} ERROR - Expecting value: line 1 column 1 (char 0)
[2023-05-04T15:22:37.882+0000] {helpers.py:87} ERROR - Retrying! 2 attempts before skipping!
[2023-05-04T15:22:39.370+0000] {logging_mixin.py:137} INFO - Expecting value: line 1 column 1 (char 0)
[2023-05-04T15:22:39.371+0000] {helpers.py:86} ERROR - Expecting value: line 1 column 1 (char 0)
[2023-05-04T15:22:39.373+0000] {helpers.py:87} ERROR - Retrying! 1 attempts before skipping!
[2023-05-04T15:22:40.832+0000] {logging_mixin.py:137} INFO - Expecting value: line 1 column 1 (char 0)
[2023-05-04T15:22:40.834+0000] {helpers.py:86} ERROR - Expecting value: line 1 column 1 (char 0)
[2023-05-04T15:22:40.835+0000] {helpers.py:87} ERROR - Retrying! 0 attempts before skipping!
[2023-05-04T15:22:42.347+0000] {logging_mixin.py:137} INFO - Expecting value: line 1 column 1 (char 0)
[2023-05-04T15:22:42.349+0000] {helpers.py:86} ERROR - Expecting value: line 1 column 1 (char 0)
[2023-05-04T15:22:42.357+0000] {helpers.py:87} ERROR - Retrying! -1 attempts before skipping!
[2023-05-04T15:22:43.869+0000] {logging_mixin.py:137} INFO - Expecting value: line 1 column 1 (char 0)
[2023-05-04T15:22:43.891+0000] {helpers.py:86} ERROR - Expecting value: line 1 column 1 (char 0)
[2023-05-04T15:22:43.893+0000] {helpers.py:87} ERROR - Retrying! 9 attempts before skipping!
[2023-05-04T15:22:45.386+0000] {logging_mixin.py:137} INFO - Expecting value: line 1 column 1 (char 0)
[2023-05-04T15:22:45.387+0000] {helpers.py:86} ERROR - Expecting value: line 1 column 1 (char 0)
[2023-05-04T15:22:45.388+0000] {helpers.py:87} ERROR - Retrying! 8 attempts before skipping!
[2023-05-04T15:22:46.783+0000] {logging_mixin.py:137} INFO - Expecting value: line 1 column 1 (char 0)
[2023-05-04T15:22:46.787+0000] {helpers.py:86} ERROR - Expecting value: line 1 column 1 (char 0)
[2023-05-04T15:22:46.788+0000] {helpers.py:87} ERROR - Retrying! 7 attempts before skipping!
[2023-05-04T15:22:48.118+0000] {logging_mixin.py:137} INFO - Expecting value: line 1 column 1 (char 0)
[2023-05-04T15:22:48.119+0000] {helpers.py:86} ERROR - Expecting value: line 1 column 1 (char 0)
[2023-05-04T15:22:48.121+0000] {helpers.py:87} ERROR - Retrying! 6 attempts before skipping!
[2023-05-04T15:22:49.800+0000] {logging_mixin.py:137} INFO - Expecting value: line 1 column 1 (char 0)
[2023-05-04T15:22:49.802+0000] {helpers.py:86} ERROR - Expecting value: line 1 column 1 (char 0)
[2023-05-04T15:22:49.803+0000] {helpers.py:87} ERROR - Retrying! 5 attempts before skipping!
[2023-05-04T15:22:51.264+0000] {logging_mixin.py:137} INFO - Expecting value: line 1 column 1 (char 0)
[2023-05-04T15:22:51.285+0000] {helpers.py:86} ERROR - Expecting value: line 1 column 1 (char 0)
[2023-05-04T15:22:51.286+0000] {helpers.py:87} ERROR - Retrying! 4 attempts before skipping!
[2023-05-04T15:22:52.716+0000] {logging_mixin.py:137} INFO - Expecting value: line 1 column 1 (char 0)
[2023-05-04T15:22:52.720+0000] {helpers.py:86} ERROR - Expecting value: line 1 column 1 (char 0)
[2023-05-04T15:22:52.721+0000] {helpers.py:87} ERROR - Retrying! 3 attempts before skipping!
[2023-05-04T15:22:54.183+0000] {logging_mixin.py:137} INFO - Expecting value: line 1 column 1 (char 0)
[2023-05-04T15:22:54.185+0000] {helpers.py:86} ERROR - Expecting value: line 1 column 1 (char 0)
[2023-05-04T15:22:54.192+0000] {helpers.py:87} ERROR - Retrying! 2 attempts before skipping!
[2023-05-04T15:22:55.660+0000] {logging_mixin.py:137} INFO - Expecting value: line 1 column 1 (char 0)
[2023-05-04T15:22:55.662+0000] {helpers.py:86} ERROR - Expecting value: line 1 column 1 (char 0)
[2023-05-04T15:22:55.663+0000] {helpers.py:87} ERROR - Retrying! 1 attempts before skipping!
[2023-05-04T15:22:57.157+0000] {logging_mixin.py:137} INFO - Expecting value: line 1 column 1 (char 0)
[2023-05-04T15:22:57.158+0000] {helpers.py:86} ERROR - Expecting value: line 1 column 1 (char 0)
[2023-05-04T15:22:57.160+0000] {helpers.py:87} ERROR - Retrying! 0 attempts before skipping!
[2023-05-04T15:22:58.987+0000] {logging_mixin.py:137} INFO - Expecting value: line 1 column 1 (char 0)
[2023-05-04T15:22:58.989+0000] {helpers.py:86} ERROR - Expecting value: line 1 column 1 (char 0)
[2023-05-04T15:22:58.990+0000] {helpers.py:87} ERROR - Retrying! -1 attempts before skipping!
[2023-05-04T15:23:00.491+0000] {logging_mixin.py:137} INFO - Expecting value: line 1 column 1 (char 0)
[2023-05-04T15:23:00.493+0000] {helpers.py:86} ERROR - Expecting value: line 1 column 1 (char 0)
[2023-05-04T15:23:00.494+0000] {helpers.py:87} ERROR - Retrying! 9 attempts before skipping!
[2023-05-04T15:23:02.009+0000] {logging_mixin.py:137} INFO - Expecting value: line 1 column 1 (char 0)
[2023-05-04T15:23:02.011+0000] {helpers.py:86} ERROR - Expecting value: line 1 column 1 (char 0)
[2023-05-04T15:23:02.013+0000] {helpers.py:87} ERROR - Retrying! 8 attempts before skipping!
[2023-05-04T15:23:03.749+0000] {logging_mixin.py:137} INFO - Expecting value: line 1 column 1 (char 0)
[2023-05-04T15:23:03.751+0000] {helpers.py:86} ERROR - Expecting value: line 1 column 1 (char 0)
[2023-05-04T15:23:03.753+0000] {helpers.py:87} ERROR - Retrying! 7 attempts before skipping!
[2023-05-04T15:23:05.281+0000] {logging_mixin.py:137} INFO - Expecting value: line 1 column 1 (char 0)
[2023-05-04T15:23:05.282+0000] {helpers.py:86} ERROR - Expecting value: line 1 column 1 (char 0)
[2023-05-04T15:23:05.283+0000] {helpers.py:87} ERROR - Retrying! 6 attempts before skipping!
[2023-05-04T15:23:06.795+0000] {logging_mixin.py:137} INFO - Expecting value: line 1 column 1 (char 0)
[2023-05-04T15:23:06.796+0000] {helpers.py:86} ERROR - Expecting value: line 1 column 1 (char 0)
[2023-05-04T15:23:06.798+0000] {helpers.py:87} ERROR - Retrying! 5 attempts before skipping!
[2023-05-04T15:23:08.316+0000] {logging_mixin.py:137} INFO - Expecting value: line 1 column 1 (char 0)
[2023-05-04T15:23:08.319+0000] {helpers.py:86} ERROR - Expecting value: line 1 column 1 (char 0)
[2023-05-04T15:23:08.321+0000] {helpers.py:87} ERROR - Retrying! 4 attempts before skipping!
[2023-05-04T15:23:09.821+0000] {logging_mixin.py:137} INFO - Expecting value: line 1 column 1 (char 0)
[2023-05-04T15:23:09.842+0000] {helpers.py:86} ERROR - Expecting value: line 1 column 1 (char 0)
[2023-05-04T15:23:09.843+0000] {helpers.py:87} ERROR - Retrying! 3 attempts before skipping!
[2023-05-04T15:23:11.333+0000] {logging_mixin.py:137} INFO - Expecting value: line 1 column 1 (char 0)
[2023-05-04T15:23:11.334+0000] {helpers.py:86} ERROR - Expecting value: line 1 column 1 (char 0)
[2023-05-04T15:23:11.335+0000] {helpers.py:87} ERROR - Retrying! 2 attempts before skipping!
[2023-05-04T15:23:12.827+0000] {logging_mixin.py:137} INFO - Expecting value: line 1 column 1 (char 0)
[2023-05-04T15:23:12.828+0000] {helpers.py:86} ERROR - Expecting value: line 1 column 1 (char 0)
[2023-05-04T15:23:12.829+0000] {helpers.py:87} ERROR - Retrying! 1 attempts before skipping!
[2023-05-04T15:23:14.913+0000] {logging_mixin.py:137} INFO - Expecting value: line 1 column 1 (char 0)
[2023-05-04T15:23:14.950+0000] {helpers.py:86} ERROR - Expecting value: line 1 column 1 (char 0)
[2023-05-04T15:23:14.952+0000] {helpers.py:87} ERROR - Retrying! 0 attempts before skipping!
[2023-05-04T15:23:17.357+0000] {logging_mixin.py:137} INFO - Expecting value: line 1 column 1 (char 0)
[2023-05-04T15:23:17.404+0000] {helpers.py:86} ERROR - Expecting value: line 1 column 1 (char 0)
[2023-05-04T15:23:17.423+0000] {helpers.py:87} ERROR - Retrying! -1 attempts before skipping!
[2023-05-04T15:23:19.076+0000] {logging_mixin.py:137} INFO - Expecting value: line 1 column 1 (char 0)
[2023-05-04T15:23:19.097+0000] {helpers.py:86} ERROR - Expecting value: line 1 column 1 (char 0)
[2023-05-04T15:23:19.107+0000] {helpers.py:87} ERROR - Retrying! 9 attempts before skipping!
[2023-05-04T15:23:20.643+0000] {logging_mixin.py:137} INFO - Expecting value: line 1 column 1 (char 0)
[2023-05-04T15:23:20.645+0000] {helpers.py:86} ERROR - Expecting value: line 1 column 1 (char 0)
[2023-05-04T15:23:20.646+0000] {helpers.py:87} ERROR - Retrying! 8 attempts before skipping!
[2023-05-04T15:23:22.118+0000] {logging_mixin.py:137} INFO - Expecting value: line 1 column 1 (char 0)
[2023-05-04T15:23:22.120+0000] {helpers.py:86} ERROR - Expecting value: line 1 column 1 (char 0)
[2023-05-04T15:23:22.122+0000] {helpers.py:87} ERROR - Retrying! 7 attempts before skipping!
[2023-05-04T15:23:23.836+0000] {logging_mixin.py:137} INFO - Expecting value: line 1 column 1 (char 0)
[2023-05-04T15:23:23.854+0000] {helpers.py:86} ERROR - Expecting value: line 1 column 1 (char 0)
[2023-05-04T15:23:23.859+0000] {helpers.py:87} ERROR - Retrying! 6 attempts before skipping!
[2023-05-04T15:23:25.327+0000] {logging_mixin.py:137} INFO - Expecting value: line 1 column 1 (char 0)
[2023-05-04T15:23:25.333+0000] {helpers.py:86} ERROR - Expecting value: line 1 column 1 (char 0)
[2023-05-04T15:23:25.334+0000] {helpers.py:87} ERROR - Retrying! 5 attempts before skipping!
[2023-05-04T15:23:26.796+0000] {logging_mixin.py:137} INFO - Expecting value: line 1 column 1 (char 0)
[2023-05-04T15:23:26.799+0000] {helpers.py:86} ERROR - Expecting value: line 1 column 1 (char 0)
[2023-05-04T15:23:26.800+0000] {helpers.py:87} ERROR - Retrying! 4 attempts before skipping!
[2023-05-04T15:23:28.324+0000] {logging_mixin.py:137} INFO - Expecting value: line 1 column 1 (char 0)
[2023-05-04T15:23:28.328+0000] {helpers.py:86} ERROR - Expecting value: line 1 column 1 (char 0)
[2023-05-04T15:23:28.331+0000] {helpers.py:87} ERROR - Retrying! 3 attempts before skipping!
[2023-05-04T15:23:29.852+0000] {logging_mixin.py:137} INFO - Expecting value: line 1 column 1 (char 0)
[2023-05-04T15:23:29.853+0000] {helpers.py:86} ERROR - Expecting value: line 1 column 1 (char 0)
[2023-05-04T15:23:29.855+0000] {helpers.py:87} ERROR - Retrying! 2 attempts before skipping!
[2023-05-04T15:23:31.355+0000] {logging_mixin.py:137} INFO - Expecting value: line 1 column 1 (char 0)
[2023-05-04T15:23:31.359+0000] {helpers.py:86} ERROR - Expecting value: line 1 column 1 (char 0)
[2023-05-04T15:23:31.361+0000] {helpers.py:87} ERROR - Retrying! 1 attempts before skipping!
[2023-05-04T15:23:32.840+0000] {logging_mixin.py:137} INFO - Expecting value: line 1 column 1 (char 0)
[2023-05-04T15:23:32.842+0000] {helpers.py:86} ERROR - Expecting value: line 1 column 1 (char 0)
[2023-05-04T15:23:32.843+0000] {helpers.py:87} ERROR - Retrying! 0 attempts before skipping!
[2023-05-04T15:23:34.687+0000] {logging_mixin.py:137} INFO - Expecting value: line 1 column 1 (char 0)
[2023-05-04T15:23:34.689+0000] {helpers.py:86} ERROR - Expecting value: line 1 column 1 (char 0)
[2023-05-04T15:23:34.690+0000] {helpers.py:87} ERROR - Retrying! -1 attempts before skipping!
[2023-05-04T15:23:36.759+0000] {logging_mixin.py:137} INFO - Expecting value: line 1 column 1 (char 0)
[2023-05-04T15:23:36.762+0000] {helpers.py:86} ERROR - Expecting value: line 1 column 1 (char 0)
[2023-05-04T15:23:36.770+0000] {helpers.py:87} ERROR - Retrying! 9 attempts before skipping!
[2023-05-04T15:23:38.299+0000] {logging_mixin.py:137} INFO - Expecting value: line 1 column 1 (char 0)
[2023-05-04T15:23:38.301+0000] {helpers.py:86} ERROR - Expecting value: line 1 column 1 (char 0)
[2023-05-04T15:23:38.318+0000] {helpers.py:87} ERROR - Retrying! 8 attempts before skipping!
[2023-05-04T15:23:39.919+0000] {logging_mixin.py:137} INFO - Expecting value: line 1 column 1 (char 0)
[2023-05-04T15:23:39.923+0000] {helpers.py:86} ERROR - Expecting value: line 1 column 1 (char 0)
[2023-05-04T15:23:39.936+0000] {helpers.py:87} ERROR - Retrying! 7 attempts before skipping!
[2023-05-04T15:23:41.500+0000] {logging_mixin.py:137} INFO - Expecting value: line 1 column 1 (char 0)
[2023-05-04T15:23:41.508+0000] {helpers.py:86} ERROR - Expecting value: line 1 column 1 (char 0)
[2023-05-04T15:23:41.516+0000] {helpers.py:87} ERROR - Retrying! 6 attempts before skipping!
[2023-05-04T15:23:42.970+0000] {logging_mixin.py:137} INFO - Expecting value: line 1 column 1 (char 0)
[2023-05-04T15:23:42.971+0000] {helpers.py:86} ERROR - Expecting value: line 1 column 1 (char 0)
[2023-05-04T15:23:42.979+0000] {helpers.py:87} ERROR - Retrying! 5 attempts before skipping!
[2023-05-04T15:23:44.505+0000] {logging_mixin.py:137} INFO - Expecting value: line 1 column 1 (char 0)
[2023-05-04T15:23:44.506+0000] {helpers.py:86} ERROR - Expecting value: line 1 column 1 (char 0)
[2023-05-04T15:23:44.508+0000] {helpers.py:87} ERROR - Retrying! 4 attempts before skipping!
[2023-05-04T15:23:46.080+0000] {logging_mixin.py:137} INFO - Expecting value: line 1 column 1 (char 0)
[2023-05-04T15:23:46.087+0000] {helpers.py:86} ERROR - Expecting value: line 1 column 1 (char 0)
[2023-05-04T15:23:46.089+0000] {helpers.py:87} ERROR - Retrying! 3 attempts before skipping!
[2023-05-04T15:23:47.634+0000] {logging_mixin.py:137} INFO - Expecting value: line 1 column 1 (char 0)
[2023-05-04T15:23:47.639+0000] {helpers.py:86} ERROR - Expecting value: line 1 column 1 (char 0)
[2023-05-04T15:23:47.641+0000] {helpers.py:87} ERROR - Retrying! 2 attempts before skipping!
[2023-05-04T15:23:49.279+0000] {logging_mixin.py:137} INFO - Expecting value: line 1 column 1 (char 0)
[2023-05-04T15:23:49.282+0000] {helpers.py:86} ERROR - Expecting value: line 1 column 1 (char 0)
[2023-05-04T15:23:49.289+0000] {helpers.py:87} ERROR - Retrying! 1 attempts before skipping!
[2023-05-04T15:23:50.805+0000] {logging_mixin.py:137} INFO - Expecting value: line 1 column 1 (char 0)
[2023-05-04T15:23:50.807+0000] {helpers.py:86} ERROR - Expecting value: line 1 column 1 (char 0)
[2023-05-04T15:23:50.808+0000] {helpers.py:87} ERROR - Retrying! 0 attempts before skipping!
[2023-05-04T15:23:52.320+0000] {logging_mixin.py:137} INFO - Expecting value: line 1 column 1 (char 0)
[2023-05-04T15:23:52.322+0000] {helpers.py:86} ERROR - Expecting value: line 1 column 1 (char 0)
[2023-05-04T15:23:52.325+0000] {helpers.py:87} ERROR - Retrying! -1 attempts before skipping!
[2023-05-04T15:23:53.836+0000] {logging_mixin.py:137} INFO - Expecting value: line 1 column 1 (char 0)
[2023-05-04T15:23:53.838+0000] {helpers.py:86} ERROR - Expecting value: line 1 column 1 (char 0)
[2023-05-04T15:23:53.842+0000] {helpers.py:87} ERROR - Retrying! 9 attempts before skipping!
[2023-05-04T15:23:56.019+0000] {logging_mixin.py:137} INFO - Expecting value: line 1 column 1 (char 0)
[2023-05-04T15:23:56.020+0000] {helpers.py:86} ERROR - Expecting value: line 1 column 1 (char 0)
[2023-05-04T15:23:56.021+0000] {helpers.py:87} ERROR - Retrying! 8 attempts before skipping!
[2023-05-04T15:23:57.853+0000] {logging_mixin.py:137} INFO - Expecting value: line 1 column 1 (char 0)
[2023-05-04T15:23:57.856+0000] {helpers.py:86} ERROR - Expecting value: line 1 column 1 (char 0)
[2023-05-04T15:23:57.858+0000] {helpers.py:87} ERROR - Retrying! 7 attempts before skipping!
[2023-05-04T15:23:59.772+0000] {logging_mixin.py:137} INFO - Expecting value: line 1 column 1 (char 0)
[2023-05-04T15:23:59.778+0000] {helpers.py:86} ERROR - Expecting value: line 1 column 1 (char 0)
[2023-05-04T15:23:59.785+0000] {helpers.py:87} ERROR - Retrying! 6 attempts before skipping!
[2023-05-04T15:24:01.255+0000] {logging_mixin.py:137} INFO - Expecting value: line 1 column 1 (char 0)
[2023-05-04T15:24:01.257+0000] {helpers.py:86} ERROR - Expecting value: line 1 column 1 (char 0)
[2023-05-04T15:24:01.260+0000] {helpers.py:87} ERROR - Retrying! 5 attempts before skipping!
[2023-05-04T15:24:02.724+0000] {logging_mixin.py:137} INFO - Expecting value: line 1 column 1 (char 0)
[2023-05-04T15:24:02.727+0000] {helpers.py:86} ERROR - Expecting value: line 1 column 1 (char 0)
[2023-05-04T15:24:02.753+0000] {helpers.py:87} ERROR - Retrying! 4 attempts before skipping!
[2023-05-04T15:24:04.297+0000] {logging_mixin.py:137} INFO - Expecting value: line 1 column 1 (char 0)
[2023-05-04T15:24:04.299+0000] {helpers.py:86} ERROR - Expecting value: line 1 column 1 (char 0)
[2023-05-04T15:24:04.300+0000] {helpers.py:87} ERROR - Retrying! 3 attempts before skipping!
[2023-05-04T15:24:05.975+0000] {logging_mixin.py:137} INFO - Expecting value: line 1 column 1 (char 0)
[2023-05-04T15:24:05.977+0000] {helpers.py:86} ERROR - Expecting value: line 1 column 1 (char 0)
[2023-05-04T15:24:05.978+0000] {helpers.py:87} ERROR - Retrying! 2 attempts before skipping!
[2023-05-04T15:24:07.718+0000] {logging_mixin.py:137} INFO - Expecting value: line 1 column 1 (char 0)
[2023-05-04T15:24:07.720+0000] {helpers.py:86} ERROR - Expecting value: line 1 column 1 (char 0)
[2023-05-04T15:24:07.721+0000] {helpers.py:87} ERROR - Retrying! 1 attempts before skipping!
[2023-05-04T15:24:09.555+0000] {logging_mixin.py:137} INFO - Expecting value: line 1 column 1 (char 0)
[2023-05-04T15:24:09.557+0000] {helpers.py:86} ERROR - Expecting value: line 1 column 1 (char 0)
[2023-05-04T15:24:09.559+0000] {helpers.py:87} ERROR - Retrying! 0 attempts before skipping!
[2023-05-04T15:24:11.383+0000] {logging_mixin.py:137} INFO - Expecting value: line 1 column 1 (char 0)
[2023-05-04T15:24:11.385+0000] {helpers.py:86} ERROR - Expecting value: line 1 column 1 (char 0)
[2023-05-04T15:24:11.386+0000] {helpers.py:87} ERROR - Retrying! -1 attempts before skipping!
[2023-05-04T15:24:12.401+0000] {helpers.py:96} INFO - Saved in /opt/***/data/output_scrape_teams_1-8.csv
[2023-05-04T15:24:12.404+0000] {python.py:177} INFO - Done. Returned value was: None
[2023-05-04T15:24:12.437+0000] {taskinstance.py:1332} INFO - Marking task as SUCCESS. dag_id=scrape_and_save_to_csv, task_id=scrape_teams_1-8, execution_date=20230504T113000, start_date=20230504T152151, end_date=20230504T152412
[2023-05-04T15:24:12.550+0000] {local_task_job.py:212} INFO - Task exited with return code 0
[2023-05-04T15:24:12.599+0000] {taskinstance.py:2596} INFO - 0 downstream tasks scheduled from follow-on schedule check
