[2023-05-10T02:25:17.410+0000] {taskinstance.py:1090} INFO - Dependencies all met for dep_context=non-requeueable deps ti=<TaskInstance: scrape_and_save_to_csv.scrape_teams_9-16 scheduled__2023-05-01T00:00:00+00:00 [queued]>
[2023-05-10T02:25:17.436+0000] {taskinstance.py:1090} INFO - Dependencies all met for dep_context=requeueable deps ti=<TaskInstance: scrape_and_save_to_csv.scrape_teams_9-16 scheduled__2023-05-01T00:00:00+00:00 [queued]>
[2023-05-10T02:25:17.438+0000] {taskinstance.py:1288} INFO - 
--------------------------------------------------------------------------------
[2023-05-10T02:25:17.447+0000] {taskinstance.py:1289} INFO - Starting attempt 1 of 1
[2023-05-10T02:25:17.448+0000] {taskinstance.py:1290} INFO - 
--------------------------------------------------------------------------------
[2023-05-10T02:25:17.496+0000] {taskinstance.py:1309} INFO - Executing <Task(PythonOperator): scrape_teams_9-16> on 2023-05-01 00:00:00+00:00
[2023-05-10T02:25:17.517+0000] {standard_task_runner.py:55} INFO - Started process 17563 to run task
[2023-05-10T02:25:17.533+0000] {standard_task_runner.py:82} INFO - Running: ['***', 'tasks', 'run', 'scrape_and_save_to_csv', 'scrape_teams_9-16', 'scheduled__2023-05-01T00:00:00+00:00', '--job-id', '4014', '--raw', '--subdir', 'DAGS_FOLDER/scrape_and_push_dag.py', '--cfg-path', '/tmp/tmph85xelrc']
[2023-05-10T02:25:17.544+0000] {standard_task_runner.py:83} INFO - Job 4014: Subtask scrape_teams_9-16
[2023-05-10T02:25:17.773+0000] {task_command.py:389} INFO - Running <TaskInstance: scrape_and_save_to_csv.scrape_teams_9-16 scheduled__2023-05-01T00:00:00+00:00 [running]> on host f41dbfa3d325
[2023-05-10T02:25:17.847+0000] {warnings.py:110} WARNING - /home/***/.local/lib/python3.7/site-packages/***/utils/context.py:205: AirflowContextDeprecationWarning: Accessing 'execution_date' from the template is deprecated and will be removed in a future version. Please use 'data_interval_start' or 'logical_date' instead.
  warnings.warn(_create_deprecation_warning(key, self._deprecation_replacements[key]))

[2023-05-10T02:25:18.012+0000] {taskinstance.py:1518} INFO - Exporting the following env vars:
AIRFLOW_CTX_DAG_OWNER=***
AIRFLOW_CTX_DAG_ID=scrape_and_save_to_csv
AIRFLOW_CTX_TASK_ID=scrape_teams_9-16
AIRFLOW_CTX_EXECUTION_DATE=2023-05-01T00:00:00+00:00
AIRFLOW_CTX_TRY_NUMBER=1
AIRFLOW_CTX_DAG_RUN_ID=scheduled__2023-05-01T00:00:00+00:00
[2023-05-10T02:25:19.899+0000] {helpers.py:98} ERROR - type object 'datetime.datetime' has no attribute 'datetime'
[2023-05-10T02:25:19.901+0000] {helpers.py:99} ERROR - Retrying! 9 attempts before skipping!
[2023-05-10T02:25:21.742+0000] {helpers.py:98} ERROR - type object 'datetime.datetime' has no attribute 'datetime'
[2023-05-10T02:25:21.744+0000] {helpers.py:99} ERROR - Retrying! 8 attempts before skipping!
[2023-05-10T02:25:23.593+0000] {helpers.py:98} ERROR - type object 'datetime.datetime' has no attribute 'datetime'
[2023-05-10T02:25:23.594+0000] {helpers.py:99} ERROR - Retrying! 7 attempts before skipping!
[2023-05-10T02:25:25.406+0000] {helpers.py:98} ERROR - type object 'datetime.datetime' has no attribute 'datetime'
[2023-05-10T02:25:25.416+0000] {helpers.py:99} ERROR - Retrying! 6 attempts before skipping!
[2023-05-10T02:25:27.151+0000] {helpers.py:98} ERROR - type object 'datetime.datetime' has no attribute 'datetime'
[2023-05-10T02:25:27.152+0000] {helpers.py:99} ERROR - Retrying! 5 attempts before skipping!
[2023-05-10T02:25:28.905+0000] {helpers.py:98} ERROR - type object 'datetime.datetime' has no attribute 'datetime'
[2023-05-10T02:25:28.907+0000] {helpers.py:99} ERROR - Retrying! 4 attempts before skipping!
[2023-05-10T02:25:30.698+0000] {helpers.py:98} ERROR - type object 'datetime.datetime' has no attribute 'datetime'
[2023-05-10T02:25:30.700+0000] {helpers.py:99} ERROR - Retrying! 3 attempts before skipping!
[2023-05-10T02:25:32.339+0000] {helpers.py:98} ERROR - type object 'datetime.datetime' has no attribute 'datetime'
[2023-05-10T02:25:32.341+0000] {helpers.py:99} ERROR - Retrying! 2 attempts before skipping!
[2023-05-10T02:25:34.152+0000] {helpers.py:98} ERROR - type object 'datetime.datetime' has no attribute 'datetime'
[2023-05-10T02:25:34.155+0000] {helpers.py:99} ERROR - Retrying! 1 attempts before skipping!
[2023-05-10T02:25:35.916+0000] {helpers.py:98} ERROR - type object 'datetime.datetime' has no attribute 'datetime'
[2023-05-10T02:25:35.917+0000] {helpers.py:99} ERROR - Retrying! 0 attempts before skipping!
[2023-05-10T02:25:37.804+0000] {helpers.py:98} ERROR - type object 'datetime.datetime' has no attribute 'datetime'
[2023-05-10T02:25:37.805+0000] {helpers.py:99} ERROR - Retrying! -1 attempts before skipping!
[2023-05-10T02:25:39.436+0000] {helpers.py:98} ERROR - type object 'datetime.datetime' has no attribute 'datetime'
[2023-05-10T02:25:39.438+0000] {helpers.py:99} ERROR - Retrying! 9 attempts before skipping!
[2023-05-10T02:25:41.134+0000] {helpers.py:98} ERROR - type object 'datetime.datetime' has no attribute 'datetime'
[2023-05-10T02:25:41.135+0000] {helpers.py:99} ERROR - Retrying! 8 attempts before skipping!
[2023-05-10T02:25:43.000+0000] {helpers.py:98} ERROR - type object 'datetime.datetime' has no attribute 'datetime'
[2023-05-10T02:25:43.001+0000] {helpers.py:99} ERROR - Retrying! 7 attempts before skipping!
[2023-05-10T02:25:44.765+0000] {helpers.py:98} ERROR - type object 'datetime.datetime' has no attribute 'datetime'
[2023-05-10T02:25:44.766+0000] {helpers.py:99} ERROR - Retrying! 6 attempts before skipping!
[2023-05-10T02:25:46.894+0000] {helpers.py:98} ERROR - type object 'datetime.datetime' has no attribute 'datetime'
[2023-05-10T02:25:46.895+0000] {helpers.py:99} ERROR - Retrying! 5 attempts before skipping!
[2023-05-10T02:25:48.882+0000] {helpers.py:98} ERROR - type object 'datetime.datetime' has no attribute 'datetime'
[2023-05-10T02:25:48.884+0000] {helpers.py:99} ERROR - Retrying! 4 attempts before skipping!
[2023-05-10T02:25:50.530+0000] {helpers.py:98} ERROR - type object 'datetime.datetime' has no attribute 'datetime'
[2023-05-10T02:25:50.532+0000] {helpers.py:99} ERROR - Retrying! 3 attempts before skipping!
[2023-05-10T02:25:54.262+0000] {helpers.py:98} ERROR - type object 'datetime.datetime' has no attribute 'datetime'
[2023-05-10T02:25:54.268+0000] {helpers.py:99} ERROR - Retrying! 2 attempts before skipping!
[2023-05-10T02:26:00.171+0000] {helpers.py:98} ERROR - type object 'datetime.datetime' has no attribute 'datetime'
[2023-05-10T02:26:00.173+0000] {helpers.py:99} ERROR - Retrying! 1 attempts before skipping!
[2023-05-10T02:26:06.826+0000] {helpers.py:98} ERROR - type object 'datetime.datetime' has no attribute 'datetime'
[2023-05-10T02:26:06.829+0000] {helpers.py:99} ERROR - Retrying! 0 attempts before skipping!
[2023-05-10T02:26:14.162+0000] {helpers.py:98} ERROR - type object 'datetime.datetime' has no attribute 'datetime'
[2023-05-10T02:26:14.165+0000] {helpers.py:99} ERROR - Retrying! -1 attempts before skipping!
[2023-05-10T02:26:21.943+0000] {helpers.py:98} ERROR - type object 'datetime.datetime' has no attribute 'datetime'
[2023-05-10T02:26:21.946+0000] {helpers.py:99} ERROR - Retrying! 9 attempts before skipping!
[2023-05-10T02:26:29.691+0000] {helpers.py:98} ERROR - type object 'datetime.datetime' has no attribute 'datetime'
[2023-05-10T02:26:29.694+0000] {helpers.py:99} ERROR - Retrying! 8 attempts before skipping!
[2023-05-10T02:26:37.505+0000] {helpers.py:98} ERROR - type object 'datetime.datetime' has no attribute 'datetime'
[2023-05-10T02:26:37.509+0000] {helpers.py:99} ERROR - Retrying! 7 attempts before skipping!
[2023-05-10T02:26:45.935+0000] {helpers.py:98} ERROR - type object 'datetime.datetime' has no attribute 'datetime'
[2023-05-10T02:26:45.947+0000] {helpers.py:99} ERROR - Retrying! 6 attempts before skipping!
[2023-05-10T02:26:53.689+0000] {helpers.py:98} ERROR - type object 'datetime.datetime' has no attribute 'datetime'
[2023-05-10T02:26:53.692+0000] {helpers.py:99} ERROR - Retrying! 5 attempts before skipping!
[2023-05-10T02:26:58.459+0000] {local_task_job.py:277} WARNING - State of this instance has been externally set to failed. Terminating instance.
[2023-05-10T02:26:58.465+0000] {process_utils.py:133} INFO - Sending Signals.SIGTERM to group 17563. PIDs of all processes in the group: [17563]
[2023-05-10T02:26:58.468+0000] {process_utils.py:84} INFO - Sending the signal Signals.SIGTERM to group 17563
[2023-05-10T02:26:58.474+0000] {taskinstance.py:1488} ERROR - Received SIGTERM. Terminating subprocesses.
[2023-05-10T02:26:58.475+0000] {helpers.py:98} ERROR - Task received SIGTERM signal
[2023-05-10T02:26:58.476+0000] {helpers.py:99} ERROR - Retrying! 4 attempts before skipping!
[2023-05-10T02:27:01.497+0000] {helpers.py:98} ERROR - type object 'datetime.datetime' has no attribute 'datetime'
[2023-05-10T02:27:01.503+0000] {helpers.py:99} ERROR - Retrying! 3 attempts before skipping!
[2023-05-10T02:27:09.786+0000] {helpers.py:98} ERROR - type object 'datetime.datetime' has no attribute 'datetime'
[2023-05-10T02:27:09.787+0000] {helpers.py:99} ERROR - Retrying! 2 attempts before skipping!
[2023-05-10T02:27:17.097+0000] {helpers.py:98} ERROR - type object 'datetime.datetime' has no attribute 'datetime'
[2023-05-10T02:27:17.100+0000] {helpers.py:99} ERROR - Retrying! 1 attempts before skipping!
[2023-05-10T02:27:24.324+0000] {helpers.py:98} ERROR - type object 'datetime.datetime' has no attribute 'datetime'
[2023-05-10T02:27:24.326+0000] {helpers.py:99} ERROR - Retrying! 0 attempts before skipping!
[2023-05-10T02:27:31.561+0000] {helpers.py:98} ERROR - type object 'datetime.datetime' has no attribute 'datetime'
[2023-05-10T02:27:31.566+0000] {helpers.py:99} ERROR - Retrying! -1 attempts before skipping!
[2023-05-10T02:27:38.751+0000] {helpers.py:98} ERROR - type object 'datetime.datetime' has no attribute 'datetime'
[2023-05-10T02:27:38.752+0000] {helpers.py:99} ERROR - Retrying! 9 attempts before skipping!
[2023-05-10T02:27:45.426+0000] {helpers.py:98} ERROR - type object 'datetime.datetime' has no attribute 'datetime'
[2023-05-10T02:27:45.428+0000] {helpers.py:99} ERROR - Retrying! 8 attempts before skipping!
[2023-05-10T02:27:52.641+0000] {helpers.py:98} ERROR - type object 'datetime.datetime' has no attribute 'datetime'
[2023-05-10T02:27:52.644+0000] {helpers.py:99} ERROR - Retrying! 7 attempts before skipping!
[2023-05-10T02:27:58.481+0000] {process_utils.py:147} WARNING - process psutil.Process(pid=17563, name='airflow task ru', status='sleeping', started='02:25:17') did not respond to SIGTERM. Trying SIGKILL
[2023-05-10T02:27:58.492+0000] {process_utils.py:84} INFO - Sending the signal Signals.SIGKILL to group 17563
[2023-05-10T02:27:58.675+0000] {process_utils.py:79} INFO - Process psutil.Process(pid=17563, name='airflow task ru', status='terminated', exitcode=<Negsignal.SIGKILL: -9>, started='02:25:17') (17563) terminated with exit code Negsignal.SIGKILL
[2023-05-10T02:27:58.678+0000] {standard_task_runner.py:170} ERROR - Job 4014 was killed before it finished (likely due to running out of memory)
[2023-05-10T02:29:37.395+0000] {taskinstance.py:1090} INFO - Dependencies all met for dep_context=non-requeueable deps ti=<TaskInstance: scrape_and_save_to_csv.scrape_teams_9-16 scheduled__2023-05-01T00:00:00+00:00 [queued]>
[2023-05-10T02:29:37.419+0000] {taskinstance.py:1090} INFO - Dependencies all met for dep_context=requeueable deps ti=<TaskInstance: scrape_and_save_to_csv.scrape_teams_9-16 scheduled__2023-05-01T00:00:00+00:00 [queued]>
[2023-05-10T02:29:37.421+0000] {taskinstance.py:1288} INFO - 
--------------------------------------------------------------------------------
[2023-05-10T02:29:37.422+0000] {taskinstance.py:1289} INFO - Starting attempt 1 of 1
[2023-05-10T02:29:37.424+0000] {taskinstance.py:1290} INFO - 
--------------------------------------------------------------------------------
[2023-05-10T02:29:37.457+0000] {taskinstance.py:1309} INFO - Executing <Task(PythonOperator): scrape_teams_9-16> on 2023-05-01 00:00:00+00:00
[2023-05-10T02:29:37.464+0000] {standard_task_runner.py:55} INFO - Started process 17684 to run task
[2023-05-10T02:29:37.488+0000] {standard_task_runner.py:82} INFO - Running: ['***', 'tasks', 'run', 'scrape_and_save_to_csv', 'scrape_teams_9-16', 'scheduled__2023-05-01T00:00:00+00:00', '--job-id', '4019', '--raw', '--subdir', 'DAGS_FOLDER/scrape_and_push_dag.py', '--cfg-path', '/tmp/tmpiav_mdv5']
[2023-05-10T02:29:37.498+0000] {standard_task_runner.py:83} INFO - Job 4019: Subtask scrape_teams_9-16
[2023-05-10T02:29:37.708+0000] {task_command.py:389} INFO - Running <TaskInstance: scrape_and_save_to_csv.scrape_teams_9-16 scheduled__2023-05-01T00:00:00+00:00 [running]> on host f41dbfa3d325
[2023-05-10T02:29:37.846+0000] {warnings.py:110} WARNING - /home/***/.local/lib/python3.7/site-packages/***/utils/context.py:205: AirflowContextDeprecationWarning: Accessing 'execution_date' from the template is deprecated and will be removed in a future version. Please use 'data_interval_start' or 'logical_date' instead.
  warnings.warn(_create_deprecation_warning(key, self._deprecation_replacements[key]))

[2023-05-10T02:29:38.004+0000] {taskinstance.py:1518} INFO - Exporting the following env vars:
AIRFLOW_CTX_DAG_OWNER=***
AIRFLOW_CTX_DAG_ID=scrape_and_save_to_csv
AIRFLOW_CTX_TASK_ID=scrape_teams_9-16
AIRFLOW_CTX_EXECUTION_DATE=2023-05-01T00:00:00+00:00
AIRFLOW_CTX_TRY_NUMBER=1
AIRFLOW_CTX_DAG_RUN_ID=scheduled__2023-05-01T00:00:00+00:00
[2023-05-10T02:29:39.559+0000] {helpers.py:98} ERROR - can't compare offset-naive and offset-aware datetimes
[2023-05-10T02:29:39.564+0000] {helpers.py:99} ERROR - Retrying! 9 attempts before skipping!
[2023-05-10T02:29:41.346+0000] {helpers.py:98} ERROR - can't compare offset-naive and offset-aware datetimes
[2023-05-10T02:29:41.348+0000] {helpers.py:99} ERROR - Retrying! 8 attempts before skipping!
[2023-05-10T02:29:43.015+0000] {helpers.py:98} ERROR - can't compare offset-naive and offset-aware datetimes
[2023-05-10T02:29:43.017+0000] {helpers.py:99} ERROR - Retrying! 7 attempts before skipping!
[2023-05-10T02:29:44.731+0000] {helpers.py:98} ERROR - can't compare offset-naive and offset-aware datetimes
[2023-05-10T02:29:44.732+0000] {helpers.py:99} ERROR - Retrying! 6 attempts before skipping!
[2023-05-10T02:29:46.514+0000] {helpers.py:98} ERROR - can't compare offset-naive and offset-aware datetimes
[2023-05-10T02:29:46.515+0000] {helpers.py:99} ERROR - Retrying! 5 attempts before skipping!
[2023-05-10T02:29:48.158+0000] {helpers.py:98} ERROR - can't compare offset-naive and offset-aware datetimes
[2023-05-10T02:29:48.161+0000] {helpers.py:99} ERROR - Retrying! 4 attempts before skipping!
[2023-05-10T02:29:49.900+0000] {helpers.py:98} ERROR - can't compare offset-naive and offset-aware datetimes
[2023-05-10T02:29:49.905+0000] {helpers.py:99} ERROR - Retrying! 3 attempts before skipping!
[2023-05-10T02:29:51.593+0000] {helpers.py:98} ERROR - can't compare offset-naive and offset-aware datetimes
[2023-05-10T02:29:51.595+0000] {helpers.py:99} ERROR - Retrying! 2 attempts before skipping!
[2023-05-10T02:29:53.394+0000] {helpers.py:98} ERROR - can't compare offset-naive and offset-aware datetimes
[2023-05-10T02:29:53.396+0000] {helpers.py:99} ERROR - Retrying! 1 attempts before skipping!
[2023-05-10T02:29:55.123+0000] {helpers.py:98} ERROR - can't compare offset-naive and offset-aware datetimes
[2023-05-10T02:29:55.126+0000] {helpers.py:99} ERROR - Retrying! 0 attempts before skipping!
[2023-05-10T02:29:56.772+0000] {helpers.py:98} ERROR - can't compare offset-naive and offset-aware datetimes
[2023-05-10T02:29:56.773+0000] {helpers.py:99} ERROR - Retrying! -1 attempts before skipping!
[2023-05-10T02:29:57.754+0000] {local_task_job.py:277} WARNING - State of this instance has been externally set to failed. Terminating instance.
[2023-05-10T02:29:57.762+0000] {process_utils.py:133} INFO - Sending Signals.SIGTERM to group 17684. PIDs of all processes in the group: [17684]
[2023-05-10T02:29:57.763+0000] {process_utils.py:84} INFO - Sending the signal Signals.SIGTERM to group 17684
[2023-05-10T02:29:57.765+0000] {taskinstance.py:1488} ERROR - Received SIGTERM. Terminating subprocesses.
[2023-05-10T02:29:57.818+0000] {process_utils.py:79} INFO - Process psutil.Process(pid=17684, status='terminated', exitcode=0, started='02:29:37') (17684) terminated with exit code 0
[2023-05-10T02:40:05.301+0000] {taskinstance.py:1090} INFO - Dependencies all met for dep_context=non-requeueable deps ti=<TaskInstance: scrape_and_save_to_csv.scrape_teams_9-16 scheduled__2023-05-01T00:00:00+00:00 [queued]>
[2023-05-10T02:40:05.355+0000] {taskinstance.py:1090} INFO - Dependencies all met for dep_context=requeueable deps ti=<TaskInstance: scrape_and_save_to_csv.scrape_teams_9-16 scheduled__2023-05-01T00:00:00+00:00 [queued]>
[2023-05-10T02:40:05.366+0000] {taskinstance.py:1288} INFO - 
--------------------------------------------------------------------------------
[2023-05-10T02:40:05.374+0000] {taskinstance.py:1289} INFO - Starting attempt 1 of 1
[2023-05-10T02:40:05.376+0000] {taskinstance.py:1290} INFO - 
--------------------------------------------------------------------------------
[2023-05-10T02:40:05.487+0000] {taskinstance.py:1309} INFO - Executing <Task(PythonOperator): scrape_teams_9-16> on 2023-05-01 00:00:00+00:00
[2023-05-10T02:40:05.579+0000] {standard_task_runner.py:55} INFO - Started process 17994 to run task
[2023-05-10T02:40:05.611+0000] {standard_task_runner.py:82} INFO - Running: ['***', 'tasks', 'run', 'scrape_and_save_to_csv', 'scrape_teams_9-16', 'scheduled__2023-05-01T00:00:00+00:00', '--job-id', '4043', '--raw', '--subdir', 'DAGS_FOLDER/scrape_and_push_dag.py', '--cfg-path', '/tmp/tmp2y7fypwn']
[2023-05-10T02:40:05.640+0000] {standard_task_runner.py:83} INFO - Job 4043: Subtask scrape_teams_9-16
[2023-05-10T02:40:05.848+0000] {task_command.py:389} INFO - Running <TaskInstance: scrape_and_save_to_csv.scrape_teams_9-16 scheduled__2023-05-01T00:00:00+00:00 [running]> on host f41dbfa3d325
[2023-05-10T02:40:05.980+0000] {warnings.py:110} WARNING - /home/***/.local/lib/python3.7/site-packages/***/utils/context.py:205: AirflowContextDeprecationWarning: Accessing 'execution_date' from the template is deprecated and will be removed in a future version. Please use 'data_interval_start' or 'logical_date' instead.
  warnings.warn(_create_deprecation_warning(key, self._deprecation_replacements[key]))

[2023-05-10T02:40:06.059+0000] {taskinstance.py:1518} INFO - Exporting the following env vars:
AIRFLOW_CTX_DAG_OWNER=***
AIRFLOW_CTX_DAG_ID=scrape_and_save_to_csv
AIRFLOW_CTX_TASK_ID=scrape_teams_9-16
AIRFLOW_CTX_EXECUTION_DATE=2023-05-01T00:00:00+00:00
AIRFLOW_CTX_TRY_NUMBER=1
AIRFLOW_CTX_DAG_RUN_ID=scheduled__2023-05-01T00:00:00+00:00
[2023-05-10T02:40:07.836+0000] {helpers.py:98} ERROR - can't compare offset-naive and offset-aware datetimes
[2023-05-10T02:40:07.839+0000] {helpers.py:99} ERROR - Retrying! 9 attempts before skipping!
[2023-05-10T02:40:15.988+0000] {helpers.py:98} ERROR - can't compare offset-naive and offset-aware datetimes
[2023-05-10T02:40:15.990+0000] {helpers.py:99} ERROR - Retrying! 8 attempts before skipping!
[2023-05-10T02:40:26.717+0000] {helpers.py:98} ERROR - can't compare offset-naive and offset-aware datetimes
[2023-05-10T02:40:26.720+0000] {helpers.py:99} ERROR - Retrying! 7 attempts before skipping!
[2023-05-10T02:40:37.400+0000] {helpers.py:98} ERROR - can't compare offset-naive and offset-aware datetimes
[2023-05-10T02:40:37.402+0000] {helpers.py:99} ERROR - Retrying! 6 attempts before skipping!
[2023-05-10T02:40:48.130+0000] {helpers.py:98} ERROR - can't compare offset-naive and offset-aware datetimes
[2023-05-10T02:40:48.132+0000] {helpers.py:99} ERROR - Retrying! 5 attempts before skipping!
[2023-05-10T02:40:58.819+0000] {helpers.py:98} ERROR - can't compare offset-naive and offset-aware datetimes
[2023-05-10T02:40:58.823+0000] {helpers.py:99} ERROR - Retrying! 4 attempts before skipping!
[2023-05-10T02:41:06.334+0000] {local_task_job.py:277} WARNING - State of this instance has been externally set to failed. Terminating instance.
[2023-05-10T02:41:06.342+0000] {process_utils.py:133} INFO - Sending Signals.SIGTERM to group 17994. PIDs of all processes in the group: [17994]
[2023-05-10T02:41:06.343+0000] {process_utils.py:84} INFO - Sending the signal Signals.SIGTERM to group 17994
[2023-05-10T02:41:06.345+0000] {taskinstance.py:1488} ERROR - Received SIGTERM. Terminating subprocesses.
[2023-05-10T02:41:06.348+0000] {helpers.py:98} ERROR - Task received SIGTERM signal
[2023-05-10T02:41:06.349+0000] {helpers.py:99} ERROR - Retrying! 3 attempts before skipping!
[2023-05-10T02:41:09.527+0000] {helpers.py:98} ERROR - can't compare offset-naive and offset-aware datetimes
[2023-05-10T02:41:09.528+0000] {helpers.py:99} ERROR - Retrying! 2 attempts before skipping!
[2023-05-10T02:41:20.125+0000] {helpers.py:98} ERROR - can't compare offset-naive and offset-aware datetimes
[2023-05-10T02:41:20.127+0000] {helpers.py:99} ERROR - Retrying! 1 attempts before skipping!
[2023-05-10T02:41:30.856+0000] {helpers.py:98} ERROR - can't compare offset-naive and offset-aware datetimes
[2023-05-10T02:41:30.873+0000] {helpers.py:99} ERROR - Retrying! 0 attempts before skipping!
[2023-05-10T02:41:41.485+0000] {helpers.py:98} ERROR - can't compare offset-naive and offset-aware datetimes
[2023-05-10T02:41:41.489+0000] {helpers.py:99} ERROR - Retrying! -1 attempts before skipping!
[2023-05-10T02:41:52.280+0000] {helpers.py:98} ERROR - can't compare offset-naive and offset-aware datetimes
[2023-05-10T02:41:52.282+0000] {helpers.py:99} ERROR - Retrying! 9 attempts before skipping!
[2023-05-10T02:42:02.956+0000] {helpers.py:98} ERROR - can't compare offset-naive and offset-aware datetimes
[2023-05-10T02:42:02.959+0000] {helpers.py:99} ERROR - Retrying! 8 attempts before skipping!
[2023-05-10T02:42:06.370+0000] {process_utils.py:147} WARNING - process psutil.Process(pid=17994, name='airflow task ru', status='sleeping', started='02:40:05') did not respond to SIGTERM. Trying SIGKILL
[2023-05-10T02:42:06.394+0000] {process_utils.py:84} INFO - Sending the signal Signals.SIGKILL to group 17994
[2023-05-10T02:42:06.468+0000] {process_utils.py:79} INFO - Process psutil.Process(pid=17994, name='airflow task ru', status='terminated', exitcode=<Negsignal.SIGKILL: -9>, started='02:40:05') (17994) terminated with exit code Negsignal.SIGKILL
[2023-05-10T02:42:06.480+0000] {standard_task_runner.py:170} ERROR - Job 4043 was killed before it finished (likely due to running out of memory)
[2023-05-10T02:43:10.404+0000] {taskinstance.py:1090} INFO - Dependencies all met for dep_context=non-requeueable deps ti=<TaskInstance: scrape_and_save_to_csv.scrape_teams_9-16 scheduled__2023-05-01T00:00:00+00:00 [queued]>
[2023-05-10T02:43:10.470+0000] {taskinstance.py:1090} INFO - Dependencies all met for dep_context=requeueable deps ti=<TaskInstance: scrape_and_save_to_csv.scrape_teams_9-16 scheduled__2023-05-01T00:00:00+00:00 [queued]>
[2023-05-10T02:43:10.472+0000] {taskinstance.py:1288} INFO - 
--------------------------------------------------------------------------------
[2023-05-10T02:43:10.475+0000] {taskinstance.py:1289} INFO - Starting attempt 1 of 1
[2023-05-10T02:43:10.477+0000] {taskinstance.py:1290} INFO - 
--------------------------------------------------------------------------------
[2023-05-10T02:43:10.510+0000] {taskinstance.py:1309} INFO - Executing <Task(PythonOperator): scrape_teams_9-16> on 2023-05-01 00:00:00+00:00
[2023-05-10T02:43:10.524+0000] {standard_task_runner.py:55} INFO - Started process 18110 to run task
[2023-05-10T02:43:10.564+0000] {standard_task_runner.py:82} INFO - Running: ['***', 'tasks', 'run', 'scrape_and_save_to_csv', 'scrape_teams_9-16', 'scheduled__2023-05-01T00:00:00+00:00', '--job-id', '4063', '--raw', '--subdir', 'DAGS_FOLDER/scrape_and_push_dag.py', '--cfg-path', '/tmp/tmpez89huc2']
[2023-05-10T02:43:10.587+0000] {standard_task_runner.py:83} INFO - Job 4063: Subtask scrape_teams_9-16
[2023-05-10T02:43:10.811+0000] {task_command.py:389} INFO - Running <TaskInstance: scrape_and_save_to_csv.scrape_teams_9-16 scheduled__2023-05-01T00:00:00+00:00 [running]> on host f41dbfa3d325
[2023-05-10T02:43:10.916+0000] {warnings.py:110} WARNING - /home/***/.local/lib/python3.7/site-packages/***/utils/context.py:205: AirflowContextDeprecationWarning: Accessing 'execution_date' from the template is deprecated and will be removed in a future version. Please use 'data_interval_start' or 'logical_date' instead.
  warnings.warn(_create_deprecation_warning(key, self._deprecation_replacements[key]))

[2023-05-10T02:43:10.974+0000] {taskinstance.py:1518} INFO - Exporting the following env vars:
AIRFLOW_CTX_DAG_OWNER=***
AIRFLOW_CTX_DAG_ID=scrape_and_save_to_csv
AIRFLOW_CTX_TASK_ID=scrape_teams_9-16
AIRFLOW_CTX_EXECUTION_DATE=2023-05-01T00:00:00+00:00
AIRFLOW_CTX_TRY_NUMBER=1
AIRFLOW_CTX_DAG_RUN_ID=scheduled__2023-05-01T00:00:00+00:00
[2023-05-10T02:43:54.940+0000] {helpers.py:95} INFO - Detroit Pistons: Successfully scraped!
[2023-05-10T02:44:48.971+0000] {helpers.py:95} INFO - Golden State Warriors: Successfully scraped!
[2023-05-10T02:45:29.810+0000] {helpers.py:95} INFO - Houston Rockets: Successfully scraped!
[2023-05-10T02:45:59.906+0000] {helpers.py:95} INFO - Indiana Pacers: Successfully scraped!
[2023-05-10T02:46:25.740+0000] {helpers.py:95} INFO - Los Angeles Clippers: Successfully scraped!
[2023-05-10T02:47:05.042+0000] {helpers.py:95} INFO - Los Angeles Lakers: Successfully scraped!
[2023-05-10T02:47:41.848+0000] {helpers.py:95} INFO - Memphis Grizzlies: Successfully scraped!
[2023-05-10T02:48:16.911+0000] {helpers.py:95} INFO - Miami Heat: Successfully scraped!
[2023-05-10T02:48:16.929+0000] {helpers.py:110} INFO - Saved in /opt/***/data/output_scrape_teams_9-16.csv
[2023-05-10T02:48:16.931+0000] {python.py:177} INFO - Done. Returned value was: None
[2023-05-10T02:48:16.952+0000] {taskinstance.py:1332} INFO - Marking task as SUCCESS. dag_id=scrape_and_save_to_csv, task_id=scrape_teams_9-16, execution_date=20230501T000000, start_date=20230510T024310, end_date=20230510T024816
[2023-05-10T02:48:17.067+0000] {local_task_job.py:212} INFO - Task exited with return code 0
[2023-05-10T02:48:17.100+0000] {taskinstance.py:2596} INFO - 1 downstream tasks scheduled from follow-on schedule check
[2023-05-10T03:22:29.694+0000] {taskinstance.py:1090} INFO - Dependencies all met for dep_context=non-requeueable deps ti=<TaskInstance: scrape_and_save_to_csv.scrape_teams_9-16 scheduled__2023-05-01T00:00:00+00:00 [queued]>
[2023-05-10T03:22:29.729+0000] {taskinstance.py:1090} INFO - Dependencies all met for dep_context=requeueable deps ti=<TaskInstance: scrape_and_save_to_csv.scrape_teams_9-16 scheduled__2023-05-01T00:00:00+00:00 [queued]>
[2023-05-10T03:22:29.734+0000] {taskinstance.py:1288} INFO - 
--------------------------------------------------------------------------------
[2023-05-10T03:22:29.736+0000] {taskinstance.py:1289} INFO - Starting attempt 1 of 1
[2023-05-10T03:22:29.737+0000] {taskinstance.py:1290} INFO - 
--------------------------------------------------------------------------------
[2023-05-10T03:22:29.801+0000] {taskinstance.py:1309} INFO - Executing <Task(PythonOperator): scrape_teams_9-16> on 2023-05-01 00:00:00+00:00
[2023-05-10T03:22:29.827+0000] {standard_task_runner.py:55} INFO - Started process 18616 to run task
[2023-05-10T03:22:29.843+0000] {standard_task_runner.py:82} INFO - Running: ['***', 'tasks', 'run', 'scrape_and_save_to_csv', 'scrape_teams_9-16', 'scheduled__2023-05-01T00:00:00+00:00', '--job-id', '4098', '--raw', '--subdir', 'DAGS_FOLDER/scrape_and_push_dag.py', '--cfg-path', '/tmp/tmpb2arihgu']
[2023-05-10T03:22:29.864+0000] {standard_task_runner.py:83} INFO - Job 4098: Subtask scrape_teams_9-16
[2023-05-10T03:22:30.174+0000] {task_command.py:389} INFO - Running <TaskInstance: scrape_and_save_to_csv.scrape_teams_9-16 scheduled__2023-05-01T00:00:00+00:00 [running]> on host f41dbfa3d325
[2023-05-10T03:22:30.254+0000] {warnings.py:110} WARNING - /home/***/.local/lib/python3.7/site-packages/***/utils/context.py:205: AirflowContextDeprecationWarning: Accessing 'execution_date' from the template is deprecated and will be removed in a future version. Please use 'data_interval_start' or 'logical_date' instead.
  warnings.warn(_create_deprecation_warning(key, self._deprecation_replacements[key]))

[2023-05-10T03:22:30.312+0000] {taskinstance.py:1518} INFO - Exporting the following env vars:
AIRFLOW_CTX_DAG_OWNER=***
AIRFLOW_CTX_DAG_ID=scrape_and_save_to_csv
AIRFLOW_CTX_TASK_ID=scrape_teams_9-16
AIRFLOW_CTX_EXECUTION_DATE=2023-05-01T00:00:00+00:00
AIRFLOW_CTX_TRY_NUMBER=1
AIRFLOW_CTX_DAG_RUN_ID=scheduled__2023-05-01T00:00:00+00:00
[2023-05-10T03:22:36.837+0000] {helpers.py:95} INFO - Detroit Pistons: Successfully scraped!
[2023-05-10T03:22:42.375+0000] {helpers.py:95} INFO - Golden State Warriors: Successfully scraped!
[2023-05-10T03:22:47.025+0000] {helpers.py:95} INFO - Houston Rockets: Successfully scraped!
[2023-05-10T03:22:50.801+0000] {helpers.py:95} INFO - Indiana Pacers: Successfully scraped!
[2023-05-10T03:23:06.665+0000] {helpers.py:95} INFO - Los Angeles Clippers: Successfully scraped!
[2023-05-10T03:23:44.835+0000] {helpers.py:95} INFO - Los Angeles Lakers: Successfully scraped!
[2023-05-10T03:24:20.000+0000] {helpers.py:95} INFO - Memphis Grizzlies: Successfully scraped!
[2023-05-10T03:24:47.227+0000] {helpers.py:95} INFO - Miami Heat: Successfully scraped!
[2023-05-10T03:24:47.247+0000] {helpers.py:110} INFO - Saved in /opt/***/data/output_scrape_teams_9-16.csv
[2023-05-10T03:24:47.249+0000] {python.py:177} INFO - Done. Returned value was: None
[2023-05-10T03:24:47.273+0000] {taskinstance.py:1332} INFO - Marking task as SUCCESS. dag_id=scrape_and_save_to_csv, task_id=scrape_teams_9-16, execution_date=20230501T000000, start_date=20230510T032229, end_date=20230510T032447
[2023-05-10T03:24:47.374+0000] {local_task_job.py:212} INFO - Task exited with return code 0
[2023-05-10T03:24:47.421+0000] {taskinstance.py:2596} INFO - 0 downstream tasks scheduled from follow-on schedule check
