[2023-05-04T15:21:25.303+0000] {taskinstance.py:1090} INFO - Dependencies all met for dep_context=non-requeueable deps ti=<TaskInstance: scrape_and_save_to_csv.scrape_teams_1-8 scheduled__2023-05-04T07:30:00+00:00 [queued]>
[2023-05-04T15:21:25.312+0000] {taskinstance.py:1090} INFO - Dependencies all met for dep_context=requeueable deps ti=<TaskInstance: scrape_and_save_to_csv.scrape_teams_1-8 scheduled__2023-05-04T07:30:00+00:00 [queued]>
[2023-05-04T15:21:25.313+0000] {taskinstance.py:1288} INFO - 
--------------------------------------------------------------------------------
[2023-05-04T15:21:25.314+0000] {taskinstance.py:1289} INFO - Starting attempt 1 of 1
[2023-05-04T15:21:25.314+0000] {taskinstance.py:1290} INFO - 
--------------------------------------------------------------------------------
[2023-05-04T15:21:25.323+0000] {taskinstance.py:1309} INFO - Executing <Task(PythonOperator): scrape_teams_1-8> on 2023-05-04 07:30:00+00:00
[2023-05-04T15:21:25.329+0000] {standard_task_runner.py:55} INFO - Started process 40329 to run task
[2023-05-04T15:21:25.332+0000] {standard_task_runner.py:82} INFO - Running: ['***', 'tasks', 'run', 'scrape_and_save_to_csv', 'scrape_teams_1-8', 'scheduled__2023-05-04T07:30:00+00:00', '--job-id', '2505', '--raw', '--subdir', 'DAGS_FOLDER/scrape_and_save_csv_dag.py', '--cfg-path', '/tmp/tmpey6vwc9a']
[2023-05-04T15:21:25.335+0000] {standard_task_runner.py:83} INFO - Job 2505: Subtask scrape_teams_1-8
[2023-05-04T15:21:25.434+0000] {task_command.py:389} INFO - Running <TaskInstance: scrape_and_save_to_csv.scrape_teams_1-8 scheduled__2023-05-04T07:30:00+00:00 [running]> on host 5d4cd8acb346
[2023-05-04T15:21:25.506+0000] {taskinstance.py:1518} INFO - Exporting the following env vars:
AIRFLOW_CTX_DAG_OWNER=***
AIRFLOW_CTX_DAG_ID=scrape_and_save_to_csv
AIRFLOW_CTX_TASK_ID=scrape_teams_1-8
AIRFLOW_CTX_EXECUTION_DATE=2023-05-04T07:30:00+00:00
AIRFLOW_CTX_TRY_NUMBER=1
AIRFLOW_CTX_DAG_RUN_ID=scheduled__2023-05-04T07:30:00+00:00
[2023-05-04T15:21:29.906+0000] {warnings.py:110} WARNING - /home/***/.local/lib/python3.7/site-packages/***/utils/context.py:313: AirflowContextDeprecationWarning: Accessing 'execution_date' from the template is deprecated and will be removed in a future version. Please use 'data_interval_start' or 'logical_date' instead.
  warnings.warn(_create_deprecation_warning(k, replacements))

[2023-05-04T15:21:30.436+0000] {helpers.py:80} INFO - Atlanta Hawks: Successfully scraped!
[2023-05-04T15:21:33.932+0000] {helpers.py:80} INFO - Boston Celtics: Successfully scraped!
[2023-05-04T15:21:38.237+0000] {helpers.py:80} INFO - Brooklyn Nets: Successfully scraped!
[2023-05-04T15:21:41.885+0000] {helpers.py:80} INFO - Charlotte Hornets: Successfully scraped!
[2023-05-04T15:21:50.061+0000] {helpers.py:80} INFO - Chicago Bulls: Successfully scraped!
[2023-05-04T15:21:50.954+0000] {logging_mixin.py:137} INFO - Expecting value: line 1 column 1 (char 0)
[2023-05-04T15:21:50.956+0000] {helpers.py:86} ERROR - Expecting value: line 1 column 1 (char 0)
[2023-05-04T15:21:50.958+0000] {helpers.py:87} ERROR - Retrying! 9 attempts before skipping!
[2023-05-04T15:21:52.973+0000] {logging_mixin.py:137} INFO - Expecting value: line 1 column 1 (char 0)
[2023-05-04T15:21:53.010+0000] {helpers.py:86} ERROR - Expecting value: line 1 column 1 (char 0)
[2023-05-04T15:21:53.017+0000] {helpers.py:87} ERROR - Retrying! 8 attempts before skipping!
[2023-05-04T15:21:54.581+0000] {logging_mixin.py:137} INFO - Expecting value: line 1 column 1 (char 0)
[2023-05-04T15:21:54.585+0000] {helpers.py:86} ERROR - Expecting value: line 1 column 1 (char 0)
[2023-05-04T15:21:54.588+0000] {helpers.py:87} ERROR - Retrying! 7 attempts before skipping!
[2023-05-04T15:21:56.026+0000] {logging_mixin.py:137} INFO - Expecting value: line 1 column 1 (char 0)
[2023-05-04T15:21:56.029+0000] {helpers.py:86} ERROR - Expecting value: line 1 column 1 (char 0)
[2023-05-04T15:21:56.031+0000] {helpers.py:87} ERROR - Retrying! 6 attempts before skipping!
[2023-05-04T15:21:57.536+0000] {logging_mixin.py:137} INFO - Expecting value: line 1 column 1 (char 0)
[2023-05-04T15:21:57.538+0000] {helpers.py:86} ERROR - Expecting value: line 1 column 1 (char 0)
[2023-05-04T15:21:57.540+0000] {helpers.py:87} ERROR - Retrying! 5 attempts before skipping!
[2023-05-04T15:21:59.027+0000] {logging_mixin.py:137} INFO - Expecting value: line 1 column 1 (char 0)
[2023-05-04T15:21:59.029+0000] {helpers.py:86} ERROR - Expecting value: line 1 column 1 (char 0)
[2023-05-04T15:21:59.030+0000] {helpers.py:87} ERROR - Retrying! 4 attempts before skipping!
[2023-05-04T15:22:00.759+0000] {logging_mixin.py:137} INFO - Expecting value: line 1 column 1 (char 0)
[2023-05-04T15:22:00.760+0000] {helpers.py:86} ERROR - Expecting value: line 1 column 1 (char 0)
[2023-05-04T15:22:00.762+0000] {helpers.py:87} ERROR - Retrying! 3 attempts before skipping!
[2023-05-04T15:22:02.256+0000] {logging_mixin.py:137} INFO - Expecting value: line 1 column 1 (char 0)
[2023-05-04T15:22:02.257+0000] {helpers.py:86} ERROR - Expecting value: line 1 column 1 (char 0)
[2023-05-04T15:22:02.258+0000] {helpers.py:87} ERROR - Retrying! 2 attempts before skipping!
[2023-05-04T15:22:03.760+0000] {logging_mixin.py:137} INFO - Expecting value: line 1 column 1 (char 0)
[2023-05-04T15:22:03.765+0000] {helpers.py:86} ERROR - Expecting value: line 1 column 1 (char 0)
[2023-05-04T15:22:03.771+0000] {helpers.py:87} ERROR - Retrying! 1 attempts before skipping!
[2023-05-04T15:22:05.287+0000] {logging_mixin.py:137} INFO - Expecting value: line 1 column 1 (char 0)
[2023-05-04T15:22:05.291+0000] {helpers.py:86} ERROR - Expecting value: line 1 column 1 (char 0)
[2023-05-04T15:22:05.292+0000] {helpers.py:87} ERROR - Retrying! 0 attempts before skipping!
[2023-05-04T15:22:06.782+0000] {logging_mixin.py:137} INFO - Expecting value: line 1 column 1 (char 0)
[2023-05-04T15:22:06.783+0000] {helpers.py:86} ERROR - Expecting value: line 1 column 1 (char 0)
[2023-05-04T15:22:06.785+0000] {helpers.py:87} ERROR - Retrying! -1 attempts before skipping!
[2023-05-04T15:22:08.502+0000] {logging_mixin.py:137} INFO - Expecting value: line 1 column 1 (char 0)
[2023-05-04T15:22:08.504+0000] {helpers.py:86} ERROR - Expecting value: line 1 column 1 (char 0)
[2023-05-04T15:22:08.505+0000] {helpers.py:87} ERROR - Retrying! 9 attempts before skipping!
[2023-05-04T15:22:10.215+0000] {logging_mixin.py:137} INFO - Expecting value: line 1 column 1 (char 0)
[2023-05-04T15:22:10.217+0000] {helpers.py:86} ERROR - Expecting value: line 1 column 1 (char 0)
[2023-05-04T15:22:10.220+0000] {helpers.py:87} ERROR - Retrying! 8 attempts before skipping!
[2023-05-04T15:22:11.692+0000] {logging_mixin.py:137} INFO - Expecting value: line 1 column 1 (char 0)
[2023-05-04T15:22:11.693+0000] {helpers.py:86} ERROR - Expecting value: line 1 column 1 (char 0)
[2023-05-04T15:22:11.694+0000] {helpers.py:87} ERROR - Retrying! 7 attempts before skipping!
[2023-05-04T15:22:13.161+0000] {logging_mixin.py:137} INFO - Expecting value: line 1 column 1 (char 0)
[2023-05-04T15:22:13.162+0000] {helpers.py:86} ERROR - Expecting value: line 1 column 1 (char 0)
[2023-05-04T15:22:13.164+0000] {helpers.py:87} ERROR - Retrying! 6 attempts before skipping!
[2023-05-04T15:22:14.651+0000] {logging_mixin.py:137} INFO - Expecting value: line 1 column 1 (char 0)
[2023-05-04T15:22:14.653+0000] {helpers.py:86} ERROR - Expecting value: line 1 column 1 (char 0)
[2023-05-04T15:22:14.654+0000] {helpers.py:87} ERROR - Retrying! 5 attempts before skipping!
[2023-05-04T15:22:16.372+0000] {logging_mixin.py:137} INFO - Expecting value: line 1 column 1 (char 0)
[2023-05-04T15:22:16.373+0000] {helpers.py:86} ERROR - Expecting value: line 1 column 1 (char 0)
[2023-05-04T15:22:16.375+0000] {helpers.py:87} ERROR - Retrying! 4 attempts before skipping!
[2023-05-04T15:22:18.515+0000] {logging_mixin.py:137} INFO - Expecting value: line 1 column 1 (char 0)
[2023-05-04T15:22:18.516+0000] {helpers.py:86} ERROR - Expecting value: line 1 column 1 (char 0)
[2023-05-04T15:22:18.518+0000] {helpers.py:87} ERROR - Retrying! 3 attempts before skipping!
[2023-05-04T15:22:19.997+0000] {logging_mixin.py:137} INFO - Expecting value: line 1 column 1 (char 0)
[2023-05-04T15:22:20.002+0000] {helpers.py:86} ERROR - Expecting value: line 1 column 1 (char 0)
[2023-05-04T15:22:20.004+0000] {helpers.py:87} ERROR - Retrying! 2 attempts before skipping!
[2023-05-04T15:22:21.898+0000] {logging_mixin.py:137} INFO - Expecting value: line 1 column 1 (char 0)
[2023-05-04T15:22:21.901+0000] {helpers.py:86} ERROR - Expecting value: line 1 column 1 (char 0)
[2023-05-04T15:22:21.903+0000] {helpers.py:87} ERROR - Retrying! 1 attempts before skipping!
[2023-05-04T15:22:23.402+0000] {logging_mixin.py:137} INFO - Expecting value: line 1 column 1 (char 0)
[2023-05-04T15:22:23.404+0000] {helpers.py:86} ERROR - Expecting value: line 1 column 1 (char 0)
[2023-05-04T15:22:23.405+0000] {helpers.py:87} ERROR - Retrying! 0 attempts before skipping!
[2023-05-04T15:22:24.887+0000] {logging_mixin.py:137} INFO - Expecting value: line 1 column 1 (char 0)
[2023-05-04T15:22:24.888+0000] {helpers.py:86} ERROR - Expecting value: line 1 column 1 (char 0)
[2023-05-04T15:22:24.890+0000] {helpers.py:87} ERROR - Retrying! -1 attempts before skipping!
[2023-05-04T15:22:26.381+0000] {logging_mixin.py:137} INFO - Expecting value: line 1 column 1 (char 0)
[2023-05-04T15:22:26.384+0000] {helpers.py:86} ERROR - Expecting value: line 1 column 1 (char 0)
[2023-05-04T15:22:26.386+0000] {helpers.py:87} ERROR - Retrying! 9 attempts before skipping!
[2023-05-04T15:22:27.892+0000] {logging_mixin.py:137} INFO - Expecting value: line 1 column 1 (char 0)
[2023-05-04T15:22:27.894+0000] {helpers.py:86} ERROR - Expecting value: line 1 column 1 (char 0)
[2023-05-04T15:22:27.897+0000] {helpers.py:87} ERROR - Retrying! 8 attempts before skipping!
[2023-05-04T15:22:29.387+0000] {logging_mixin.py:137} INFO - Expecting value: line 1 column 1 (char 0)
[2023-05-04T15:22:29.389+0000] {helpers.py:86} ERROR - Expecting value: line 1 column 1 (char 0)
[2023-05-04T15:22:29.390+0000] {helpers.py:87} ERROR - Retrying! 7 attempts before skipping!
[2023-05-04T15:22:30.904+0000] {logging_mixin.py:137} INFO - Expecting value: line 1 column 1 (char 0)
[2023-05-04T15:22:30.905+0000] {helpers.py:86} ERROR - Expecting value: line 1 column 1 (char 0)
[2023-05-04T15:22:30.906+0000] {helpers.py:87} ERROR - Retrying! 6 attempts before skipping!
[2023-05-04T15:22:32.394+0000] {logging_mixin.py:137} INFO - Expecting value: line 1 column 1 (char 0)
[2023-05-04T15:22:32.396+0000] {helpers.py:86} ERROR - Expecting value: line 1 column 1 (char 0)
[2023-05-04T15:22:32.397+0000] {helpers.py:87} ERROR - Retrying! 5 attempts before skipping!
[2023-05-04T15:22:33.876+0000] {logging_mixin.py:137} INFO - Expecting value: line 1 column 1 (char 0)
[2023-05-04T15:22:33.878+0000] {helpers.py:86} ERROR - Expecting value: line 1 column 1 (char 0)
[2023-05-04T15:22:33.880+0000] {helpers.py:87} ERROR - Retrying! 4 attempts before skipping!
[2023-05-04T15:22:35.421+0000] {logging_mixin.py:137} INFO - Expecting value: line 1 column 1 (char 0)
[2023-05-04T15:22:35.423+0000] {helpers.py:86} ERROR - Expecting value: line 1 column 1 (char 0)
[2023-05-04T15:22:35.424+0000] {helpers.py:87} ERROR - Retrying! 3 attempts before skipping!
[2023-05-04T15:22:36.895+0000] {logging_mixin.py:137} INFO - Expecting value: line 1 column 1 (char 0)
[2023-05-04T15:22:36.897+0000] {helpers.py:86} ERROR - Expecting value: line 1 column 1 (char 0)
[2023-05-04T15:22:36.898+0000] {helpers.py:87} ERROR - Retrying! 2 attempts before skipping!
[2023-05-04T15:22:38.342+0000] {logging_mixin.py:137} INFO - Expecting value: line 1 column 1 (char 0)
[2023-05-04T15:22:38.343+0000] {helpers.py:86} ERROR - Expecting value: line 1 column 1 (char 0)
[2023-05-04T15:22:38.345+0000] {helpers.py:87} ERROR - Retrying! 1 attempts before skipping!
[2023-05-04T15:22:39.859+0000] {logging_mixin.py:137} INFO - Expecting value: line 1 column 1 (char 0)
[2023-05-04T15:22:39.861+0000] {helpers.py:86} ERROR - Expecting value: line 1 column 1 (char 0)
[2023-05-04T15:22:39.863+0000] {helpers.py:87} ERROR - Retrying! 0 attempts before skipping!
[2023-05-04T15:22:41.270+0000] {logging_mixin.py:137} INFO - Expecting value: line 1 column 1 (char 0)
[2023-05-04T15:22:41.274+0000] {helpers.py:86} ERROR - Expecting value: line 1 column 1 (char 0)
[2023-05-04T15:22:41.275+0000] {helpers.py:87} ERROR - Retrying! -1 attempts before skipping!
[2023-05-04T15:22:42.308+0000] {helpers.py:96} INFO - Saved in /opt/***/data/output_scrape_teams_1-8.csv
[2023-05-04T15:22:42.325+0000] {python.py:177} INFO - Done. Returned value was: None
[2023-05-04T15:22:42.347+0000] {taskinstance.py:1332} INFO - Marking task as SUCCESS. dag_id=scrape_and_save_to_csv, task_id=scrape_teams_1-8, execution_date=20230504T073000, start_date=20230504T152125, end_date=20230504T152242
[2023-05-04T15:22:42.511+0000] {local_task_job.py:212} INFO - Task exited with return code 0
[2023-05-04T15:22:42.535+0000] {taskinstance.py:2596} INFO - 0 downstream tasks scheduled from follow-on schedule check
