[2023-04-30T19:16:50.104+0000] {taskinstance.py:1090} INFO - Dependencies all met for dep_context=non-requeueable deps ti=<TaskInstance: scrape_and_save_to_csv.scrape_teams_9-16 scheduled__2023-04-30T17:30:00+00:00 [queued]>
[2023-04-30T19:16:50.133+0000] {taskinstance.py:1090} INFO - Dependencies all met for dep_context=requeueable deps ti=<TaskInstance: scrape_and_save_to_csv.scrape_teams_9-16 scheduled__2023-04-30T17:30:00+00:00 [queued]>
[2023-04-30T19:16:50.134+0000] {taskinstance.py:1288} INFO - 
--------------------------------------------------------------------------------
[2023-04-30T19:16:50.137+0000] {taskinstance.py:1289} INFO - Starting attempt 1 of 1
[2023-04-30T19:16:50.138+0000] {taskinstance.py:1290} INFO - 
--------------------------------------------------------------------------------
[2023-04-30T19:16:50.154+0000] {taskinstance.py:1309} INFO - Executing <Task(PythonOperator): scrape_teams_9-16> on 2023-04-30 17:30:00+00:00
[2023-04-30T19:16:50.162+0000] {standard_task_runner.py:55} INFO - Started process 354 to run task
[2023-04-30T19:16:50.169+0000] {standard_task_runner.py:82} INFO - Running: ['***', 'tasks', 'run', 'scrape_and_save_to_csv', 'scrape_teams_9-16', 'scheduled__2023-04-30T17:30:00+00:00', '--job-id', '1936', '--raw', '--subdir', 'DAGS_FOLDER/scrape_and_save_csv_dag.py', '--cfg-path', '/tmp/tmpptcj25bh']
[2023-04-30T19:16:50.173+0000] {standard_task_runner.py:83} INFO - Job 1936: Subtask scrape_teams_9-16
[2023-04-30T19:16:50.278+0000] {task_command.py:389} INFO - Running <TaskInstance: scrape_and_save_to_csv.scrape_teams_9-16 scheduled__2023-04-30T17:30:00+00:00 [running]> on host 5d4cd8acb346
[2023-04-30T19:16:50.385+0000] {taskinstance.py:1518} INFO - Exporting the following env vars:
AIRFLOW_CTX_DAG_OWNER=***
AIRFLOW_CTX_DAG_ID=scrape_and_save_to_csv
AIRFLOW_CTX_TASK_ID=scrape_teams_9-16
AIRFLOW_CTX_EXECUTION_DATE=2023-04-30T17:30:00+00:00
AIRFLOW_CTX_TRY_NUMBER=1
AIRFLOW_CTX_DAG_RUN_ID=scheduled__2023-04-30T17:30:00+00:00
[2023-04-30T19:16:50.410+0000] {logging_mixin.py:137} INFO - HTTPSConnectionPool(host='api.pushshift.io', port=443): Max retries exceeded with url: /reddit/search/submission/?subreddit=DetroitPistons&sort=created_utc&sort_type=desc&size=500 (Caused by NewConnectionError('<urllib3.connection.HTTPSConnection object at 0xffffa0052390>: Failed to establish a new connection: [Errno -2] Name or service not known'))
[2023-04-30T19:16:50.412+0000] {helpers.py:86} ERROR - HTTPSConnectionPool(host='api.pushshift.io', port=443): Max retries exceeded with url: /reddit/search/submission/?subreddit=DetroitPistons&sort=created_utc&sort_type=desc&size=500 (Caused by NewConnectionError('<urllib3.connection.HTTPSConnection object at 0xffffa0052390>: Failed to establish a new connection: [Errno -2] Name or service not known'))
[2023-04-30T19:16:50.413+0000] {helpers.py:87} ERROR - Retrying! 9 attempts before skipping!
[2023-04-30T19:16:51.418+0000] {logging_mixin.py:137} INFO - HTTPSConnectionPool(host='api.pushshift.io', port=443): Max retries exceeded with url: /reddit/search/submission/?subreddit=DetroitPistons&sort=created_utc&sort_type=desc&size=500 (Caused by NewConnectionError('<urllib3.connection.HTTPSConnection object at 0xffffa005c050>: Failed to establish a new connection: [Errno -2] Name or service not known'))
[2023-04-30T19:16:51.419+0000] {helpers.py:86} ERROR - HTTPSConnectionPool(host='api.pushshift.io', port=443): Max retries exceeded with url: /reddit/search/submission/?subreddit=DetroitPistons&sort=created_utc&sort_type=desc&size=500 (Caused by NewConnectionError('<urllib3.connection.HTTPSConnection object at 0xffffa005c050>: Failed to establish a new connection: [Errno -2] Name or service not known'))
[2023-04-30T19:16:51.420+0000] {helpers.py:87} ERROR - Retrying! 8 attempts before skipping!
[2023-04-30T19:16:52.428+0000] {logging_mixin.py:137} INFO - HTTPSConnectionPool(host='api.pushshift.io', port=443): Max retries exceeded with url: /reddit/search/submission/?subreddit=DetroitPistons&sort=created_utc&sort_type=desc&size=500 (Caused by NewConnectionError('<urllib3.connection.HTTPSConnection object at 0xffffa005c450>: Failed to establish a new connection: [Errno -2] Name or service not known'))
[2023-04-30T19:16:52.431+0000] {helpers.py:86} ERROR - HTTPSConnectionPool(host='api.pushshift.io', port=443): Max retries exceeded with url: /reddit/search/submission/?subreddit=DetroitPistons&sort=created_utc&sort_type=desc&size=500 (Caused by NewConnectionError('<urllib3.connection.HTTPSConnection object at 0xffffa005c450>: Failed to establish a new connection: [Errno -2] Name or service not known'))
[2023-04-30T19:16:52.432+0000] {helpers.py:87} ERROR - Retrying! 7 attempts before skipping!
[2023-04-30T19:16:53.443+0000] {logging_mixin.py:137} INFO - HTTPSConnectionPool(host='api.pushshift.io', port=443): Max retries exceeded with url: /reddit/search/submission/?subreddit=DetroitPistons&sort=created_utc&sort_type=desc&size=500 (Caused by NewConnectionError('<urllib3.connection.HTTPSConnection object at 0xffffa005c050>: Failed to establish a new connection: [Errno -2] Name or service not known'))
[2023-04-30T19:16:53.444+0000] {helpers.py:86} ERROR - HTTPSConnectionPool(host='api.pushshift.io', port=443): Max retries exceeded with url: /reddit/search/submission/?subreddit=DetroitPistons&sort=created_utc&sort_type=desc&size=500 (Caused by NewConnectionError('<urllib3.connection.HTTPSConnection object at 0xffffa005c050>: Failed to establish a new connection: [Errno -2] Name or service not known'))
[2023-04-30T19:16:53.445+0000] {helpers.py:87} ERROR - Retrying! 6 attempts before skipping!
[2023-04-30T19:16:54.476+0000] {logging_mixin.py:137} INFO - HTTPSConnectionPool(host='api.pushshift.io', port=443): Max retries exceeded with url: /reddit/search/submission/?subreddit=DetroitPistons&sort=created_utc&sort_type=desc&size=500 (Caused by NewConnectionError('<urllib3.connection.HTTPSConnection object at 0xffffa005c450>: Failed to establish a new connection: [Errno -2] Name or service not known'))
[2023-04-30T19:16:54.484+0000] {helpers.py:86} ERROR - HTTPSConnectionPool(host='api.pushshift.io', port=443): Max retries exceeded with url: /reddit/search/submission/?subreddit=DetroitPistons&sort=created_utc&sort_type=desc&size=500 (Caused by NewConnectionError('<urllib3.connection.HTTPSConnection object at 0xffffa005c450>: Failed to establish a new connection: [Errno -2] Name or service not known'))
[2023-04-30T19:16:54.487+0000] {helpers.py:87} ERROR - Retrying! 5 attempts before skipping!
[2023-04-30T19:16:55.499+0000] {logging_mixin.py:137} INFO - HTTPSConnectionPool(host='api.pushshift.io', port=443): Max retries exceeded with url: /reddit/search/submission/?subreddit=DetroitPistons&sort=created_utc&sort_type=desc&size=500 (Caused by NewConnectionError('<urllib3.connection.HTTPSConnection object at 0xffffa005c050>: Failed to establish a new connection: [Errno -2] Name or service not known'))
[2023-04-30T19:16:55.501+0000] {helpers.py:86} ERROR - HTTPSConnectionPool(host='api.pushshift.io', port=443): Max retries exceeded with url: /reddit/search/submission/?subreddit=DetroitPistons&sort=created_utc&sort_type=desc&size=500 (Caused by NewConnectionError('<urllib3.connection.HTTPSConnection object at 0xffffa005c050>: Failed to establish a new connection: [Errno -2] Name or service not known'))
[2023-04-30T19:16:55.503+0000] {helpers.py:87} ERROR - Retrying! 4 attempts before skipping!
[2023-04-30T19:16:56.510+0000] {logging_mixin.py:137} INFO - HTTPSConnectionPool(host='api.pushshift.io', port=443): Max retries exceeded with url: /reddit/search/submission/?subreddit=DetroitPistons&sort=created_utc&sort_type=desc&size=500 (Caused by NewConnectionError('<urllib3.connection.HTTPSConnection object at 0xffffa005c450>: Failed to establish a new connection: [Errno -2] Name or service not known'))
[2023-04-30T19:16:56.513+0000] {helpers.py:86} ERROR - HTTPSConnectionPool(host='api.pushshift.io', port=443): Max retries exceeded with url: /reddit/search/submission/?subreddit=DetroitPistons&sort=created_utc&sort_type=desc&size=500 (Caused by NewConnectionError('<urllib3.connection.HTTPSConnection object at 0xffffa005c450>: Failed to establish a new connection: [Errno -2] Name or service not known'))
[2023-04-30T19:16:56.515+0000] {helpers.py:87} ERROR - Retrying! 3 attempts before skipping!
[2023-04-30T19:16:57.526+0000] {logging_mixin.py:137} INFO - HTTPSConnectionPool(host='api.pushshift.io', port=443): Max retries exceeded with url: /reddit/search/submission/?subreddit=DetroitPistons&sort=created_utc&sort_type=desc&size=500 (Caused by NewConnectionError('<urllib3.connection.HTTPSConnection object at 0xffffa005c050>: Failed to establish a new connection: [Errno -2] Name or service not known'))
[2023-04-30T19:16:57.527+0000] {helpers.py:86} ERROR - HTTPSConnectionPool(host='api.pushshift.io', port=443): Max retries exceeded with url: /reddit/search/submission/?subreddit=DetroitPistons&sort=created_utc&sort_type=desc&size=500 (Caused by NewConnectionError('<urllib3.connection.HTTPSConnection object at 0xffffa005c050>: Failed to establish a new connection: [Errno -2] Name or service not known'))
[2023-04-30T19:16:57.529+0000] {helpers.py:87} ERROR - Retrying! 2 attempts before skipping!
[2023-04-30T19:16:58.536+0000] {logging_mixin.py:137} INFO - HTTPSConnectionPool(host='api.pushshift.io', port=443): Max retries exceeded with url: /reddit/search/submission/?subreddit=DetroitPistons&sort=created_utc&sort_type=desc&size=500 (Caused by NewConnectionError('<urllib3.connection.HTTPSConnection object at 0xffffa005c450>: Failed to establish a new connection: [Errno -2] Name or service not known'))
[2023-04-30T19:16:58.537+0000] {helpers.py:86} ERROR - HTTPSConnectionPool(host='api.pushshift.io', port=443): Max retries exceeded with url: /reddit/search/submission/?subreddit=DetroitPistons&sort=created_utc&sort_type=desc&size=500 (Caused by NewConnectionError('<urllib3.connection.HTTPSConnection object at 0xffffa005c450>: Failed to establish a new connection: [Errno -2] Name or service not known'))
[2023-04-30T19:16:58.539+0000] {helpers.py:87} ERROR - Retrying! 1 attempts before skipping!
[2023-04-30T19:16:59.556+0000] {logging_mixin.py:137} INFO - HTTPSConnectionPool(host='api.pushshift.io', port=443): Max retries exceeded with url: /reddit/search/submission/?subreddit=DetroitPistons&sort=created_utc&sort_type=desc&size=500 (Caused by NewConnectionError('<urllib3.connection.HTTPSConnection object at 0xffffa005c050>: Failed to establish a new connection: [Errno -2] Name or service not known'))
[2023-04-30T19:16:59.561+0000] {helpers.py:86} ERROR - HTTPSConnectionPool(host='api.pushshift.io', port=443): Max retries exceeded with url: /reddit/search/submission/?subreddit=DetroitPistons&sort=created_utc&sort_type=desc&size=500 (Caused by NewConnectionError('<urllib3.connection.HTTPSConnection object at 0xffffa005c050>: Failed to establish a new connection: [Errno -2] Name or service not known'))
[2023-04-30T19:16:59.565+0000] {helpers.py:87} ERROR - Retrying! 0 attempts before skipping!
[2023-04-30T19:17:00.576+0000] {logging_mixin.py:137} INFO - HTTPSConnectionPool(host='api.pushshift.io', port=443): Max retries exceeded with url: /reddit/search/submission/?subreddit=DetroitPistons&sort=created_utc&sort_type=desc&size=500 (Caused by NewConnectionError('<urllib3.connection.HTTPSConnection object at 0xffffa005c450>: Failed to establish a new connection: [Errno -2] Name or service not known'))
[2023-04-30T19:17:00.578+0000] {helpers.py:86} ERROR - HTTPSConnectionPool(host='api.pushshift.io', port=443): Max retries exceeded with url: /reddit/search/submission/?subreddit=DetroitPistons&sort=created_utc&sort_type=desc&size=500 (Caused by NewConnectionError('<urllib3.connection.HTTPSConnection object at 0xffffa005c450>: Failed to establish a new connection: [Errno -2] Name or service not known'))
[2023-04-30T19:17:00.579+0000] {helpers.py:87} ERROR - Retrying! -1 attempts before skipping!
[2023-04-30T19:17:01.588+0000] {logging_mixin.py:137} INFO - HTTPSConnectionPool(host='api.pushshift.io', port=443): Max retries exceeded with url: /reddit/search/submission/?subreddit=warriors&sort=created_utc&sort_type=desc&size=500 (Caused by NewConnectionError('<urllib3.connection.HTTPSConnection object at 0xffffa005c450>: Failed to establish a new connection: [Errno -2] Name or service not known'))
[2023-04-30T19:17:01.591+0000] {helpers.py:86} ERROR - HTTPSConnectionPool(host='api.pushshift.io', port=443): Max retries exceeded with url: /reddit/search/submission/?subreddit=warriors&sort=created_utc&sort_type=desc&size=500 (Caused by NewConnectionError('<urllib3.connection.HTTPSConnection object at 0xffffa005c450>: Failed to establish a new connection: [Errno -2] Name or service not known'))
[2023-04-30T19:17:01.592+0000] {helpers.py:87} ERROR - Retrying! 9 attempts before skipping!
[2023-04-30T19:17:02.600+0000] {logging_mixin.py:137} INFO - HTTPSConnectionPool(host='api.pushshift.io', port=443): Max retries exceeded with url: /reddit/search/submission/?subreddit=warriors&sort=created_utc&sort_type=desc&size=500 (Caused by NewConnectionError('<urllib3.connection.HTTPSConnection object at 0xffffa005c350>: Failed to establish a new connection: [Errno -2] Name or service not known'))
[2023-04-30T19:17:02.601+0000] {helpers.py:86} ERROR - HTTPSConnectionPool(host='api.pushshift.io', port=443): Max retries exceeded with url: /reddit/search/submission/?subreddit=warriors&sort=created_utc&sort_type=desc&size=500 (Caused by NewConnectionError('<urllib3.connection.HTTPSConnection object at 0xffffa005c350>: Failed to establish a new connection: [Errno -2] Name or service not known'))
[2023-04-30T19:17:02.602+0000] {helpers.py:87} ERROR - Retrying! 8 attempts before skipping!
[2023-04-30T19:17:03.624+0000] {logging_mixin.py:137} INFO - HTTPSConnectionPool(host='api.pushshift.io', port=443): Max retries exceeded with url: /reddit/search/submission/?subreddit=warriors&sort=created_utc&sort_type=desc&size=500 (Caused by NewConnectionError('<urllib3.connection.HTTPSConnection object at 0xffffa005c450>: Failed to establish a new connection: [Errno -2] Name or service not known'))
[2023-04-30T19:17:03.628+0000] {helpers.py:86} ERROR - HTTPSConnectionPool(host='api.pushshift.io', port=443): Max retries exceeded with url: /reddit/search/submission/?subreddit=warriors&sort=created_utc&sort_type=desc&size=500 (Caused by NewConnectionError('<urllib3.connection.HTTPSConnection object at 0xffffa005c450>: Failed to establish a new connection: [Errno -2] Name or service not known'))
[2023-04-30T19:17:03.632+0000] {helpers.py:87} ERROR - Retrying! 7 attempts before skipping!
[2023-04-30T19:17:04.656+0000] {logging_mixin.py:137} INFO - HTTPSConnectionPool(host='api.pushshift.io', port=443): Max retries exceeded with url: /reddit/search/submission/?subreddit=warriors&sort=created_utc&sort_type=desc&size=500 (Caused by NewConnectionError('<urllib3.connection.HTTPSConnection object at 0xffffa005c350>: Failed to establish a new connection: [Errno -2] Name or service not known'))
[2023-04-30T19:17:04.660+0000] {helpers.py:86} ERROR - HTTPSConnectionPool(host='api.pushshift.io', port=443): Max retries exceeded with url: /reddit/search/submission/?subreddit=warriors&sort=created_utc&sort_type=desc&size=500 (Caused by NewConnectionError('<urllib3.connection.HTTPSConnection object at 0xffffa005c350>: Failed to establish a new connection: [Errno -2] Name or service not known'))
[2023-04-30T19:17:04.664+0000] {helpers.py:87} ERROR - Retrying! 6 attempts before skipping!
[2023-04-30T19:17:05.674+0000] {logging_mixin.py:137} INFO - HTTPSConnectionPool(host='api.pushshift.io', port=443): Max retries exceeded with url: /reddit/search/submission/?subreddit=warriors&sort=created_utc&sort_type=desc&size=500 (Caused by NewConnectionError('<urllib3.connection.HTTPSConnection object at 0xffffa005c450>: Failed to establish a new connection: [Errno -2] Name or service not known'))
[2023-04-30T19:17:05.675+0000] {helpers.py:86} ERROR - HTTPSConnectionPool(host='api.pushshift.io', port=443): Max retries exceeded with url: /reddit/search/submission/?subreddit=warriors&sort=created_utc&sort_type=desc&size=500 (Caused by NewConnectionError('<urllib3.connection.HTTPSConnection object at 0xffffa005c450>: Failed to establish a new connection: [Errno -2] Name or service not known'))
[2023-04-30T19:17:05.678+0000] {helpers.py:87} ERROR - Retrying! 5 attempts before skipping!
[2023-04-30T19:17:06.697+0000] {logging_mixin.py:137} INFO - HTTPSConnectionPool(host='api.pushshift.io', port=443): Max retries exceeded with url: /reddit/search/submission/?subreddit=warriors&sort=created_utc&sort_type=desc&size=500 (Caused by NewConnectionError('<urllib3.connection.HTTPSConnection object at 0xffffa005c350>: Failed to establish a new connection: [Errno -2] Name or service not known'))
[2023-04-30T19:17:06.700+0000] {helpers.py:86} ERROR - HTTPSConnectionPool(host='api.pushshift.io', port=443): Max retries exceeded with url: /reddit/search/submission/?subreddit=warriors&sort=created_utc&sort_type=desc&size=500 (Caused by NewConnectionError('<urllib3.connection.HTTPSConnection object at 0xffffa005c350>: Failed to establish a new connection: [Errno -2] Name or service not known'))
[2023-04-30T19:17:06.702+0000] {helpers.py:87} ERROR - Retrying! 4 attempts before skipping!
[2023-04-30T19:17:07.719+0000] {logging_mixin.py:137} INFO - HTTPSConnectionPool(host='api.pushshift.io', port=443): Max retries exceeded with url: /reddit/search/submission/?subreddit=warriors&sort=created_utc&sort_type=desc&size=500 (Caused by NewConnectionError('<urllib3.connection.HTTPSConnection object at 0xffffa005c450>: Failed to establish a new connection: [Errno -2] Name or service not known'))
[2023-04-30T19:17:07.723+0000] {helpers.py:86} ERROR - HTTPSConnectionPool(host='api.pushshift.io', port=443): Max retries exceeded with url: /reddit/search/submission/?subreddit=warriors&sort=created_utc&sort_type=desc&size=500 (Caused by NewConnectionError('<urllib3.connection.HTTPSConnection object at 0xffffa005c450>: Failed to establish a new connection: [Errno -2] Name or service not known'))
[2023-04-30T19:17:07.726+0000] {helpers.py:87} ERROR - Retrying! 3 attempts before skipping!
[2023-04-30T19:17:08.746+0000] {logging_mixin.py:137} INFO - HTTPSConnectionPool(host='api.pushshift.io', port=443): Max retries exceeded with url: /reddit/search/submission/?subreddit=warriors&sort=created_utc&sort_type=desc&size=500 (Caused by NewConnectionError('<urllib3.connection.HTTPSConnection object at 0xffffa005c350>: Failed to establish a new connection: [Errno -2] Name or service not known'))
[2023-04-30T19:17:08.753+0000] {helpers.py:86} ERROR - HTTPSConnectionPool(host='api.pushshift.io', port=443): Max retries exceeded with url: /reddit/search/submission/?subreddit=warriors&sort=created_utc&sort_type=desc&size=500 (Caused by NewConnectionError('<urllib3.connection.HTTPSConnection object at 0xffffa005c350>: Failed to establish a new connection: [Errno -2] Name or service not known'))
[2023-04-30T19:17:08.756+0000] {helpers.py:87} ERROR - Retrying! 2 attempts before skipping!
[2023-04-30T19:17:09.773+0000] {logging_mixin.py:137} INFO - HTTPSConnectionPool(host='api.pushshift.io', port=443): Max retries exceeded with url: /reddit/search/submission/?subreddit=warriors&sort=created_utc&sort_type=desc&size=500 (Caused by NewConnectionError('<urllib3.connection.HTTPSConnection object at 0xffffa005c450>: Failed to establish a new connection: [Errno -2] Name or service not known'))
[2023-04-30T19:17:09.780+0000] {helpers.py:86} ERROR - HTTPSConnectionPool(host='api.pushshift.io', port=443): Max retries exceeded with url: /reddit/search/submission/?subreddit=warriors&sort=created_utc&sort_type=desc&size=500 (Caused by NewConnectionError('<urllib3.connection.HTTPSConnection object at 0xffffa005c450>: Failed to establish a new connection: [Errno -2] Name or service not known'))
[2023-04-30T19:17:09.784+0000] {helpers.py:87} ERROR - Retrying! 1 attempts before skipping!
[2023-04-30T19:17:10.806+0000] {logging_mixin.py:137} INFO - HTTPSConnectionPool(host='api.pushshift.io', port=443): Max retries exceeded with url: /reddit/search/submission/?subreddit=warriors&sort=created_utc&sort_type=desc&size=500 (Caused by NewConnectionError('<urllib3.connection.HTTPSConnection object at 0xffffa005c350>: Failed to establish a new connection: [Errno -2] Name or service not known'))
[2023-04-30T19:17:10.811+0000] {helpers.py:86} ERROR - HTTPSConnectionPool(host='api.pushshift.io', port=443): Max retries exceeded with url: /reddit/search/submission/?subreddit=warriors&sort=created_utc&sort_type=desc&size=500 (Caused by NewConnectionError('<urllib3.connection.HTTPSConnection object at 0xffffa005c350>: Failed to establish a new connection: [Errno -2] Name or service not known'))
[2023-04-30T19:17:10.814+0000] {helpers.py:87} ERROR - Retrying! 0 attempts before skipping!
[2023-04-30T19:17:11.834+0000] {logging_mixin.py:137} INFO - HTTPSConnectionPool(host='api.pushshift.io', port=443): Max retries exceeded with url: /reddit/search/submission/?subreddit=warriors&sort=created_utc&sort_type=desc&size=500 (Caused by NewConnectionError('<urllib3.connection.HTTPSConnection object at 0xffffa005c450>: Failed to establish a new connection: [Errno -2] Name or service not known'))
[2023-04-30T19:17:11.836+0000] {helpers.py:86} ERROR - HTTPSConnectionPool(host='api.pushshift.io', port=443): Max retries exceeded with url: /reddit/search/submission/?subreddit=warriors&sort=created_utc&sort_type=desc&size=500 (Caused by NewConnectionError('<urllib3.connection.HTTPSConnection object at 0xffffa005c450>: Failed to establish a new connection: [Errno -2] Name or service not known'))
[2023-04-30T19:17:11.837+0000] {helpers.py:87} ERROR - Retrying! -1 attempts before skipping!
[2023-04-30T19:17:12.847+0000] {logging_mixin.py:137} INFO - HTTPSConnectionPool(host='api.pushshift.io', port=443): Max retries exceeded with url: /reddit/search/submission/?subreddit=rockets&sort=created_utc&sort_type=desc&size=500 (Caused by NewConnectionError('<urllib3.connection.HTTPSConnection object at 0xffffa005c450>: Failed to establish a new connection: [Errno -2] Name or service not known'))
[2023-04-30T19:17:12.849+0000] {helpers.py:86} ERROR - HTTPSConnectionPool(host='api.pushshift.io', port=443): Max retries exceeded with url: /reddit/search/submission/?subreddit=rockets&sort=created_utc&sort_type=desc&size=500 (Caused by NewConnectionError('<urllib3.connection.HTTPSConnection object at 0xffffa005c450>: Failed to establish a new connection: [Errno -2] Name or service not known'))
[2023-04-30T19:17:12.850+0000] {helpers.py:87} ERROR - Retrying! 9 attempts before skipping!
[2023-04-30T19:17:13.869+0000] {logging_mixin.py:137} INFO - HTTPSConnectionPool(host='api.pushshift.io', port=443): Max retries exceeded with url: /reddit/search/submission/?subreddit=rockets&sort=created_utc&sort_type=desc&size=500 (Caused by NewConnectionError('<urllib3.connection.HTTPSConnection object at 0xffffa005c090>: Failed to establish a new connection: [Errno -2] Name or service not known'))
[2023-04-30T19:17:13.873+0000] {helpers.py:86} ERROR - HTTPSConnectionPool(host='api.pushshift.io', port=443): Max retries exceeded with url: /reddit/search/submission/?subreddit=rockets&sort=created_utc&sort_type=desc&size=500 (Caused by NewConnectionError('<urllib3.connection.HTTPSConnection object at 0xffffa005c090>: Failed to establish a new connection: [Errno -2] Name or service not known'))
[2023-04-30T19:17:13.876+0000] {helpers.py:87} ERROR - Retrying! 8 attempts before skipping!
[2023-04-30T19:17:14.900+0000] {logging_mixin.py:137} INFO - HTTPSConnectionPool(host='api.pushshift.io', port=443): Max retries exceeded with url: /reddit/search/submission/?subreddit=rockets&sort=created_utc&sort_type=desc&size=500 (Caused by NewConnectionError('<urllib3.connection.HTTPSConnection object at 0xffffa005c450>: Failed to establish a new connection: [Errno -2] Name or service not known'))
[2023-04-30T19:17:14.904+0000] {helpers.py:86} ERROR - HTTPSConnectionPool(host='api.pushshift.io', port=443): Max retries exceeded with url: /reddit/search/submission/?subreddit=rockets&sort=created_utc&sort_type=desc&size=500 (Caused by NewConnectionError('<urllib3.connection.HTTPSConnection object at 0xffffa005c450>: Failed to establish a new connection: [Errno -2] Name or service not known'))
[2023-04-30T19:17:14.907+0000] {helpers.py:87} ERROR - Retrying! 7 attempts before skipping!
[2023-04-30T19:17:15.927+0000] {logging_mixin.py:137} INFO - HTTPSConnectionPool(host='api.pushshift.io', port=443): Max retries exceeded with url: /reddit/search/submission/?subreddit=rockets&sort=created_utc&sort_type=desc&size=500 (Caused by NewConnectionError('<urllib3.connection.HTTPSConnection object at 0xffffa005c090>: Failed to establish a new connection: [Errno -2] Name or service not known'))
[2023-04-30T19:17:15.931+0000] {helpers.py:86} ERROR - HTTPSConnectionPool(host='api.pushshift.io', port=443): Max retries exceeded with url: /reddit/search/submission/?subreddit=rockets&sort=created_utc&sort_type=desc&size=500 (Caused by NewConnectionError('<urllib3.connection.HTTPSConnection object at 0xffffa005c090>: Failed to establish a new connection: [Errno -2] Name or service not known'))
[2023-04-30T19:17:15.933+0000] {helpers.py:87} ERROR - Retrying! 6 attempts before skipping!
[2023-04-30T19:17:16.948+0000] {logging_mixin.py:137} INFO - HTTPSConnectionPool(host='api.pushshift.io', port=443): Max retries exceeded with url: /reddit/search/submission/?subreddit=rockets&sort=created_utc&sort_type=desc&size=500 (Caused by NewConnectionError('<urllib3.connection.HTTPSConnection object at 0xffffa005c450>: Failed to establish a new connection: [Errno -2] Name or service not known'))
[2023-04-30T19:17:16.951+0000] {helpers.py:86} ERROR - HTTPSConnectionPool(host='api.pushshift.io', port=443): Max retries exceeded with url: /reddit/search/submission/?subreddit=rockets&sort=created_utc&sort_type=desc&size=500 (Caused by NewConnectionError('<urllib3.connection.HTTPSConnection object at 0xffffa005c450>: Failed to establish a new connection: [Errno -2] Name or service not known'))
[2023-04-30T19:17:16.954+0000] {helpers.py:87} ERROR - Retrying! 5 attempts before skipping!
[2023-04-30T19:17:17.968+0000] {logging_mixin.py:137} INFO - HTTPSConnectionPool(host='api.pushshift.io', port=443): Max retries exceeded with url: /reddit/search/submission/?subreddit=rockets&sort=created_utc&sort_type=desc&size=500 (Caused by NewConnectionError('<urllib3.connection.HTTPSConnection object at 0xffffa005c090>: Failed to establish a new connection: [Errno -2] Name or service not known'))
[2023-04-30T19:17:17.972+0000] {helpers.py:86} ERROR - HTTPSConnectionPool(host='api.pushshift.io', port=443): Max retries exceeded with url: /reddit/search/submission/?subreddit=rockets&sort=created_utc&sort_type=desc&size=500 (Caused by NewConnectionError('<urllib3.connection.HTTPSConnection object at 0xffffa005c090>: Failed to establish a new connection: [Errno -2] Name or service not known'))
[2023-04-30T19:17:17.981+0000] {helpers.py:87} ERROR - Retrying! 4 attempts before skipping!
[2023-04-30T20:03:45.885+0000] {logging_mixin.py:137} INFO - HTTPSConnectionPool(host='api.pushshift.io', port=443): Max retries exceeded with url: /reddit/search/submission/?subreddit=rockets&sort=created_utc&sort_type=desc&size=500 (Caused by NewConnectionError('<urllib3.connection.HTTPSConnection object at 0xffffa005c450>: Failed to establish a new connection: [Errno -2] Name or service not known'))
[2023-04-30T20:03:45.889+0000] {helpers.py:86} ERROR - HTTPSConnectionPool(host='api.pushshift.io', port=443): Max retries exceeded with url: /reddit/search/submission/?subreddit=rockets&sort=created_utc&sort_type=desc&size=500 (Caused by NewConnectionError('<urllib3.connection.HTTPSConnection object at 0xffffa005c450>: Failed to establish a new connection: [Errno -2] Name or service not known'))
[2023-04-30T20:03:45.892+0000] {helpers.py:87} ERROR - Retrying! 3 attempts before skipping!
[2023-04-30T20:03:46.908+0000] {logging_mixin.py:137} INFO - HTTPSConnectionPool(host='api.pushshift.io', port=443): Max retries exceeded with url: /reddit/search/submission/?subreddit=rockets&sort=created_utc&sort_type=desc&size=500 (Caused by NewConnectionError('<urllib3.connection.HTTPSConnection object at 0xffffa005c090>: Failed to establish a new connection: [Errno -2] Name or service not known'))
[2023-04-30T20:03:46.910+0000] {helpers.py:86} ERROR - HTTPSConnectionPool(host='api.pushshift.io', port=443): Max retries exceeded with url: /reddit/search/submission/?subreddit=rockets&sort=created_utc&sort_type=desc&size=500 (Caused by NewConnectionError('<urllib3.connection.HTTPSConnection object at 0xffffa005c090>: Failed to establish a new connection: [Errno -2] Name or service not known'))
[2023-04-30T20:03:46.916+0000] {helpers.py:87} ERROR - Retrying! 2 attempts before skipping!
[2023-04-30T20:03:47.928+0000] {logging_mixin.py:137} INFO - HTTPSConnectionPool(host='api.pushshift.io', port=443): Max retries exceeded with url: /reddit/search/submission/?subreddit=rockets&sort=created_utc&sort_type=desc&size=500 (Caused by NewConnectionError('<urllib3.connection.HTTPSConnection object at 0xffffa005c450>: Failed to establish a new connection: [Errno -2] Name or service not known'))
[2023-04-30T20:03:47.931+0000] {helpers.py:86} ERROR - HTTPSConnectionPool(host='api.pushshift.io', port=443): Max retries exceeded with url: /reddit/search/submission/?subreddit=rockets&sort=created_utc&sort_type=desc&size=500 (Caused by NewConnectionError('<urllib3.connection.HTTPSConnection object at 0xffffa005c450>: Failed to establish a new connection: [Errno -2] Name or service not known'))
[2023-04-30T20:03:47.936+0000] {helpers.py:87} ERROR - Retrying! 1 attempts before skipping!
[2023-04-30T20:03:48.944+0000] {logging_mixin.py:137} INFO - HTTPSConnectionPool(host='api.pushshift.io', port=443): Max retries exceeded with url: /reddit/search/submission/?subreddit=rockets&sort=created_utc&sort_type=desc&size=500 (Caused by NewConnectionError('<urllib3.connection.HTTPSConnection object at 0xffffa005c090>: Failed to establish a new connection: [Errno -2] Name or service not known'))
[2023-04-30T20:03:48.946+0000] {helpers.py:86} ERROR - HTTPSConnectionPool(host='api.pushshift.io', port=443): Max retries exceeded with url: /reddit/search/submission/?subreddit=rockets&sort=created_utc&sort_type=desc&size=500 (Caused by NewConnectionError('<urllib3.connection.HTTPSConnection object at 0xffffa005c090>: Failed to establish a new connection: [Errno -2] Name or service not known'))
[2023-04-30T20:03:48.947+0000] {helpers.py:87} ERROR - Retrying! 0 attempts before skipping!
[2023-04-30T20:03:49.969+0000] {logging_mixin.py:137} INFO - HTTPSConnectionPool(host='api.pushshift.io', port=443): Max retries exceeded with url: /reddit/search/submission/?subreddit=rockets&sort=created_utc&sort_type=desc&size=500 (Caused by NewConnectionError('<urllib3.connection.HTTPSConnection object at 0xffffa005c450>: Failed to establish a new connection: [Errno -2] Name or service not known'))
[2023-04-30T20:03:49.971+0000] {helpers.py:86} ERROR - HTTPSConnectionPool(host='api.pushshift.io', port=443): Max retries exceeded with url: /reddit/search/submission/?subreddit=rockets&sort=created_utc&sort_type=desc&size=500 (Caused by NewConnectionError('<urllib3.connection.HTTPSConnection object at 0xffffa005c450>: Failed to establish a new connection: [Errno -2] Name or service not known'))
[2023-04-30T20:03:49.973+0000] {helpers.py:87} ERROR - Retrying! -1 attempts before skipping!
[2023-04-30T20:03:50.998+0000] {logging_mixin.py:137} INFO - HTTPSConnectionPool(host='api.pushshift.io', port=443): Max retries exceeded with url: /reddit/search/submission/?subreddit=pacers&sort=created_utc&sort_type=desc&size=500 (Caused by NewConnectionError('<urllib3.connection.HTTPSConnection object at 0xffffa005c450>: Failed to establish a new connection: [Errno -2] Name or service not known'))
[2023-04-30T20:03:51.002+0000] {helpers.py:86} ERROR - HTTPSConnectionPool(host='api.pushshift.io', port=443): Max retries exceeded with url: /reddit/search/submission/?subreddit=pacers&sort=created_utc&sort_type=desc&size=500 (Caused by NewConnectionError('<urllib3.connection.HTTPSConnection object at 0xffffa005c450>: Failed to establish a new connection: [Errno -2] Name or service not known'))
[2023-04-30T20:03:51.006+0000] {helpers.py:87} ERROR - Retrying! 9 attempts before skipping!
[2023-04-30T20:03:52.016+0000] {logging_mixin.py:137} INFO - HTTPSConnectionPool(host='api.pushshift.io', port=443): Max retries exceeded with url: /reddit/search/submission/?subreddit=pacers&sort=created_utc&sort_type=desc&size=500 (Caused by NewConnectionError('<urllib3.connection.HTTPSConnection object at 0xffffa005c390>: Failed to establish a new connection: [Errno -2] Name or service not known'))
[2023-04-30T20:03:52.020+0000] {helpers.py:86} ERROR - HTTPSConnectionPool(host='api.pushshift.io', port=443): Max retries exceeded with url: /reddit/search/submission/?subreddit=pacers&sort=created_utc&sort_type=desc&size=500 (Caused by NewConnectionError('<urllib3.connection.HTTPSConnection object at 0xffffa005c390>: Failed to establish a new connection: [Errno -2] Name or service not known'))
[2023-04-30T20:03:52.022+0000] {helpers.py:87} ERROR - Retrying! 8 attempts before skipping!
[2023-04-30T20:03:53.031+0000] {logging_mixin.py:137} INFO - HTTPSConnectionPool(host='api.pushshift.io', port=443): Max retries exceeded with url: /reddit/search/submission/?subreddit=pacers&sort=created_utc&sort_type=desc&size=500 (Caused by NewConnectionError('<urllib3.connection.HTTPSConnection object at 0xffffa005c450>: Failed to establish a new connection: [Errno -2] Name or service not known'))
[2023-04-30T20:03:53.033+0000] {helpers.py:86} ERROR - HTTPSConnectionPool(host='api.pushshift.io', port=443): Max retries exceeded with url: /reddit/search/submission/?subreddit=pacers&sort=created_utc&sort_type=desc&size=500 (Caused by NewConnectionError('<urllib3.connection.HTTPSConnection object at 0xffffa005c450>: Failed to establish a new connection: [Errno -2] Name or service not known'))
[2023-04-30T20:03:53.037+0000] {helpers.py:87} ERROR - Retrying! 7 attempts before skipping!
[2023-04-30T20:03:54.045+0000] {logging_mixin.py:137} INFO - HTTPSConnectionPool(host='api.pushshift.io', port=443): Max retries exceeded with url: /reddit/search/submission/?subreddit=pacers&sort=created_utc&sort_type=desc&size=500 (Caused by NewConnectionError('<urllib3.connection.HTTPSConnection object at 0xffffa005c390>: Failed to establish a new connection: [Errno -2] Name or service not known'))
[2023-04-30T20:03:54.048+0000] {helpers.py:86} ERROR - HTTPSConnectionPool(host='api.pushshift.io', port=443): Max retries exceeded with url: /reddit/search/submission/?subreddit=pacers&sort=created_utc&sort_type=desc&size=500 (Caused by NewConnectionError('<urllib3.connection.HTTPSConnection object at 0xffffa005c390>: Failed to establish a new connection: [Errno -2] Name or service not known'))
[2023-04-30T20:03:54.049+0000] {helpers.py:87} ERROR - Retrying! 6 attempts before skipping!
[2023-04-30T20:03:55.067+0000] {logging_mixin.py:137} INFO - HTTPSConnectionPool(host='api.pushshift.io', port=443): Max retries exceeded with url: /reddit/search/submission/?subreddit=pacers&sort=created_utc&sort_type=desc&size=500 (Caused by NewConnectionError('<urllib3.connection.HTTPSConnection object at 0xffffa005c450>: Failed to establish a new connection: [Errno -2] Name or service not known'))
[2023-04-30T20:03:55.069+0000] {helpers.py:86} ERROR - HTTPSConnectionPool(host='api.pushshift.io', port=443): Max retries exceeded with url: /reddit/search/submission/?subreddit=pacers&sort=created_utc&sort_type=desc&size=500 (Caused by NewConnectionError('<urllib3.connection.HTTPSConnection object at 0xffffa005c450>: Failed to establish a new connection: [Errno -2] Name or service not known'))
[2023-04-30T20:03:55.070+0000] {helpers.py:87} ERROR - Retrying! 5 attempts before skipping!
[2023-04-30T20:03:56.080+0000] {logging_mixin.py:137} INFO - HTTPSConnectionPool(host='api.pushshift.io', port=443): Max retries exceeded with url: /reddit/search/submission/?subreddit=pacers&sort=created_utc&sort_type=desc&size=500 (Caused by NewConnectionError('<urllib3.connection.HTTPSConnection object at 0xffffa005c390>: Failed to establish a new connection: [Errno -2] Name or service not known'))
[2023-04-30T20:03:56.082+0000] {helpers.py:86} ERROR - HTTPSConnectionPool(host='api.pushshift.io', port=443): Max retries exceeded with url: /reddit/search/submission/?subreddit=pacers&sort=created_utc&sort_type=desc&size=500 (Caused by NewConnectionError('<urllib3.connection.HTTPSConnection object at 0xffffa005c390>: Failed to establish a new connection: [Errno -2] Name or service not known'))
[2023-04-30T20:03:56.086+0000] {helpers.py:87} ERROR - Retrying! 4 attempts before skipping!
[2023-04-30T20:03:57.101+0000] {logging_mixin.py:137} INFO - HTTPSConnectionPool(host='api.pushshift.io', port=443): Max retries exceeded with url: /reddit/search/submission/?subreddit=pacers&sort=created_utc&sort_type=desc&size=500 (Caused by NewConnectionError('<urllib3.connection.HTTPSConnection object at 0xffffa005c450>: Failed to establish a new connection: [Errno -2] Name or service not known'))
[2023-04-30T20:03:57.103+0000] {helpers.py:86} ERROR - HTTPSConnectionPool(host='api.pushshift.io', port=443): Max retries exceeded with url: /reddit/search/submission/?subreddit=pacers&sort=created_utc&sort_type=desc&size=500 (Caused by NewConnectionError('<urllib3.connection.HTTPSConnection object at 0xffffa005c450>: Failed to establish a new connection: [Errno -2] Name or service not known'))
[2023-04-30T20:03:57.104+0000] {helpers.py:87} ERROR - Retrying! 3 attempts before skipping!
[2023-04-30T20:03:58.118+0000] {logging_mixin.py:137} INFO - HTTPSConnectionPool(host='api.pushshift.io', port=443): Max retries exceeded with url: /reddit/search/submission/?subreddit=pacers&sort=created_utc&sort_type=desc&size=500 (Caused by NewConnectionError('<urllib3.connection.HTTPSConnection object at 0xffffa005c390>: Failed to establish a new connection: [Errno -2] Name or service not known'))
[2023-04-30T20:03:58.123+0000] {helpers.py:86} ERROR - HTTPSConnectionPool(host='api.pushshift.io', port=443): Max retries exceeded with url: /reddit/search/submission/?subreddit=pacers&sort=created_utc&sort_type=desc&size=500 (Caused by NewConnectionError('<urllib3.connection.HTTPSConnection object at 0xffffa005c390>: Failed to establish a new connection: [Errno -2] Name or service not known'))
[2023-04-30T20:03:58.125+0000] {helpers.py:87} ERROR - Retrying! 2 attempts before skipping!
[2023-04-30T20:03:59.154+0000] {logging_mixin.py:137} INFO - HTTPSConnectionPool(host='api.pushshift.io', port=443): Max retries exceeded with url: /reddit/search/submission/?subreddit=pacers&sort=created_utc&sort_type=desc&size=500 (Caused by NewConnectionError('<urllib3.connection.HTTPSConnection object at 0xffffa005c450>: Failed to establish a new connection: [Errno -2] Name or service not known'))
[2023-04-30T20:03:59.159+0000] {helpers.py:86} ERROR - HTTPSConnectionPool(host='api.pushshift.io', port=443): Max retries exceeded with url: /reddit/search/submission/?subreddit=pacers&sort=created_utc&sort_type=desc&size=500 (Caused by NewConnectionError('<urllib3.connection.HTTPSConnection object at 0xffffa005c450>: Failed to establish a new connection: [Errno -2] Name or service not known'))
[2023-04-30T20:03:59.162+0000] {helpers.py:87} ERROR - Retrying! 1 attempts before skipping!
[2023-04-30T20:04:00.174+0000] {logging_mixin.py:137} INFO - HTTPSConnectionPool(host='api.pushshift.io', port=443): Max retries exceeded with url: /reddit/search/submission/?subreddit=pacers&sort=created_utc&sort_type=desc&size=500 (Caused by NewConnectionError('<urllib3.connection.HTTPSConnection object at 0xffffa005c390>: Failed to establish a new connection: [Errno -2] Name or service not known'))
[2023-04-30T20:04:00.177+0000] {helpers.py:86} ERROR - HTTPSConnectionPool(host='api.pushshift.io', port=443): Max retries exceeded with url: /reddit/search/submission/?subreddit=pacers&sort=created_utc&sort_type=desc&size=500 (Caused by NewConnectionError('<urllib3.connection.HTTPSConnection object at 0xffffa005c390>: Failed to establish a new connection: [Errno -2] Name or service not known'))
[2023-04-30T20:04:00.179+0000] {helpers.py:87} ERROR - Retrying! 0 attempts before skipping!
[2023-04-30T20:04:01.194+0000] {logging_mixin.py:137} INFO - HTTPSConnectionPool(host='api.pushshift.io', port=443): Max retries exceeded with url: /reddit/search/submission/?subreddit=pacers&sort=created_utc&sort_type=desc&size=500 (Caused by NewConnectionError('<urllib3.connection.HTTPSConnection object at 0xffffa005c450>: Failed to establish a new connection: [Errno -2] Name or service not known'))
[2023-04-30T20:04:01.200+0000] {helpers.py:86} ERROR - HTTPSConnectionPool(host='api.pushshift.io', port=443): Max retries exceeded with url: /reddit/search/submission/?subreddit=pacers&sort=created_utc&sort_type=desc&size=500 (Caused by NewConnectionError('<urllib3.connection.HTTPSConnection object at 0xffffa005c450>: Failed to establish a new connection: [Errno -2] Name or service not known'))
[2023-04-30T20:04:01.203+0000] {helpers.py:87} ERROR - Retrying! -1 attempts before skipping!
[2023-04-30T20:04:02.215+0000] {logging_mixin.py:137} INFO - HTTPSConnectionPool(host='api.pushshift.io', port=443): Max retries exceeded with url: /reddit/search/submission/?subreddit=LAClippers&sort=created_utc&sort_type=desc&size=500 (Caused by NewConnectionError('<urllib3.connection.HTTPSConnection object at 0xffffa005c450>: Failed to establish a new connection: [Errno -2] Name or service not known'))
[2023-04-30T20:04:02.222+0000] {helpers.py:86} ERROR - HTTPSConnectionPool(host='api.pushshift.io', port=443): Max retries exceeded with url: /reddit/search/submission/?subreddit=LAClippers&sort=created_utc&sort_type=desc&size=500 (Caused by NewConnectionError('<urllib3.connection.HTTPSConnection object at 0xffffa005c450>: Failed to establish a new connection: [Errno -2] Name or service not known'))
[2023-04-30T20:04:02.223+0000] {helpers.py:87} ERROR - Retrying! 9 attempts before skipping!
[2023-04-30T20:04:03.235+0000] {logging_mixin.py:137} INFO - HTTPSConnectionPool(host='api.pushshift.io', port=443): Max retries exceeded with url: /reddit/search/submission/?subreddit=LAClippers&sort=created_utc&sort_type=desc&size=500 (Caused by NewConnectionError('<urllib3.connection.HTTPSConnection object at 0xffffa005c190>: Failed to establish a new connection: [Errno -2] Name or service not known'))
[2023-04-30T20:04:03.237+0000] {helpers.py:86} ERROR - HTTPSConnectionPool(host='api.pushshift.io', port=443): Max retries exceeded with url: /reddit/search/submission/?subreddit=LAClippers&sort=created_utc&sort_type=desc&size=500 (Caused by NewConnectionError('<urllib3.connection.HTTPSConnection object at 0xffffa005c190>: Failed to establish a new connection: [Errno -2] Name or service not known'))
[2023-04-30T20:04:03.240+0000] {helpers.py:87} ERROR - Retrying! 8 attempts before skipping!
[2023-04-30T20:04:04.257+0000] {logging_mixin.py:137} INFO - HTTPSConnectionPool(host='api.pushshift.io', port=443): Max retries exceeded with url: /reddit/search/submission/?subreddit=LAClippers&sort=created_utc&sort_type=desc&size=500 (Caused by NewConnectionError('<urllib3.connection.HTTPSConnection object at 0xffffa005c450>: Failed to establish a new connection: [Errno -2] Name or service not known'))
[2023-04-30T20:04:04.259+0000] {helpers.py:86} ERROR - HTTPSConnectionPool(host='api.pushshift.io', port=443): Max retries exceeded with url: /reddit/search/submission/?subreddit=LAClippers&sort=created_utc&sort_type=desc&size=500 (Caused by NewConnectionError('<urllib3.connection.HTTPSConnection object at 0xffffa005c450>: Failed to establish a new connection: [Errno -2] Name or service not known'))
[2023-04-30T20:04:04.261+0000] {helpers.py:87} ERROR - Retrying! 7 attempts before skipping!
[2023-04-30T20:04:05.272+0000] {logging_mixin.py:137} INFO - HTTPSConnectionPool(host='api.pushshift.io', port=443): Max retries exceeded with url: /reddit/search/submission/?subreddit=LAClippers&sort=created_utc&sort_type=desc&size=500 (Caused by NewConnectionError('<urllib3.connection.HTTPSConnection object at 0xffffa005c190>: Failed to establish a new connection: [Errno -2] Name or service not known'))
[2023-04-30T20:04:05.275+0000] {helpers.py:86} ERROR - HTTPSConnectionPool(host='api.pushshift.io', port=443): Max retries exceeded with url: /reddit/search/submission/?subreddit=LAClippers&sort=created_utc&sort_type=desc&size=500 (Caused by NewConnectionError('<urllib3.connection.HTTPSConnection object at 0xffffa005c190>: Failed to establish a new connection: [Errno -2] Name or service not known'))
[2023-04-30T20:04:05.280+0000] {helpers.py:87} ERROR - Retrying! 6 attempts before skipping!
[2023-04-30T20:04:06.289+0000] {logging_mixin.py:137} INFO - HTTPSConnectionPool(host='api.pushshift.io', port=443): Max retries exceeded with url: /reddit/search/submission/?subreddit=LAClippers&sort=created_utc&sort_type=desc&size=500 (Caused by NewConnectionError('<urllib3.connection.HTTPSConnection object at 0xffffa005c450>: Failed to establish a new connection: [Errno -2] Name or service not known'))
[2023-04-30T20:04:06.291+0000] {helpers.py:86} ERROR - HTTPSConnectionPool(host='api.pushshift.io', port=443): Max retries exceeded with url: /reddit/search/submission/?subreddit=LAClippers&sort=created_utc&sort_type=desc&size=500 (Caused by NewConnectionError('<urllib3.connection.HTTPSConnection object at 0xffffa005c450>: Failed to establish a new connection: [Errno -2] Name or service not known'))
[2023-04-30T20:04:06.293+0000] {helpers.py:87} ERROR - Retrying! 5 attempts before skipping!
[2023-04-30T20:04:07.307+0000] {logging_mixin.py:137} INFO - HTTPSConnectionPool(host='api.pushshift.io', port=443): Max retries exceeded with url: /reddit/search/submission/?subreddit=LAClippers&sort=created_utc&sort_type=desc&size=500 (Caused by NewConnectionError('<urllib3.connection.HTTPSConnection object at 0xffffa005c190>: Failed to establish a new connection: [Errno -2] Name or service not known'))
[2023-04-30T20:04:07.308+0000] {helpers.py:86} ERROR - HTTPSConnectionPool(host='api.pushshift.io', port=443): Max retries exceeded with url: /reddit/search/submission/?subreddit=LAClippers&sort=created_utc&sort_type=desc&size=500 (Caused by NewConnectionError('<urllib3.connection.HTTPSConnection object at 0xffffa005c190>: Failed to establish a new connection: [Errno -2] Name or service not known'))
[2023-04-30T20:04:07.309+0000] {helpers.py:87} ERROR - Retrying! 4 attempts before skipping!
[2023-04-30T20:04:08.341+0000] {logging_mixin.py:137} INFO - HTTPSConnectionPool(host='api.pushshift.io', port=443): Max retries exceeded with url: /reddit/search/submission/?subreddit=LAClippers&sort=created_utc&sort_type=desc&size=500 (Caused by NewConnectionError('<urllib3.connection.HTTPSConnection object at 0xffffa005c450>: Failed to establish a new connection: [Errno -2] Name or service not known'))
[2023-04-30T20:04:08.349+0000] {helpers.py:86} ERROR - HTTPSConnectionPool(host='api.pushshift.io', port=443): Max retries exceeded with url: /reddit/search/submission/?subreddit=LAClippers&sort=created_utc&sort_type=desc&size=500 (Caused by NewConnectionError('<urllib3.connection.HTTPSConnection object at 0xffffa005c450>: Failed to establish a new connection: [Errno -2] Name or service not known'))
[2023-04-30T20:04:08.352+0000] {helpers.py:87} ERROR - Retrying! 3 attempts before skipping!
[2023-04-30T20:04:09.378+0000] {logging_mixin.py:137} INFO - HTTPSConnectionPool(host='api.pushshift.io', port=443): Max retries exceeded with url: /reddit/search/submission/?subreddit=LAClippers&sort=created_utc&sort_type=desc&size=500 (Caused by NewConnectionError('<urllib3.connection.HTTPSConnection object at 0xffffa005c190>: Failed to establish a new connection: [Errno -2] Name or service not known'))
[2023-04-30T20:04:09.383+0000] {helpers.py:86} ERROR - HTTPSConnectionPool(host='api.pushshift.io', port=443): Max retries exceeded with url: /reddit/search/submission/?subreddit=LAClippers&sort=created_utc&sort_type=desc&size=500 (Caused by NewConnectionError('<urllib3.connection.HTTPSConnection object at 0xffffa005c190>: Failed to establish a new connection: [Errno -2] Name or service not known'))
[2023-04-30T20:04:09.386+0000] {helpers.py:87} ERROR - Retrying! 2 attempts before skipping!
[2023-04-30T20:04:10.410+0000] {logging_mixin.py:137} INFO - HTTPSConnectionPool(host='api.pushshift.io', port=443): Max retries exceeded with url: /reddit/search/submission/?subreddit=LAClippers&sort=created_utc&sort_type=desc&size=500 (Caused by NewConnectionError('<urllib3.connection.HTTPSConnection object at 0xffffa005c450>: Failed to establish a new connection: [Errno -2] Name or service not known'))
[2023-04-30T20:04:10.418+0000] {helpers.py:86} ERROR - HTTPSConnectionPool(host='api.pushshift.io', port=443): Max retries exceeded with url: /reddit/search/submission/?subreddit=LAClippers&sort=created_utc&sort_type=desc&size=500 (Caused by NewConnectionError('<urllib3.connection.HTTPSConnection object at 0xffffa005c450>: Failed to establish a new connection: [Errno -2] Name or service not known'))
[2023-04-30T20:04:10.422+0000] {helpers.py:87} ERROR - Retrying! 1 attempts before skipping!
[2023-04-30T20:04:11.440+0000] {logging_mixin.py:137} INFO - HTTPSConnectionPool(host='api.pushshift.io', port=443): Max retries exceeded with url: /reddit/search/submission/?subreddit=LAClippers&sort=created_utc&sort_type=desc&size=500 (Caused by NewConnectionError('<urllib3.connection.HTTPSConnection object at 0xffffa005c190>: Failed to establish a new connection: [Errno -2] Name or service not known'))
[2023-04-30T20:04:11.444+0000] {helpers.py:86} ERROR - HTTPSConnectionPool(host='api.pushshift.io', port=443): Max retries exceeded with url: /reddit/search/submission/?subreddit=LAClippers&sort=created_utc&sort_type=desc&size=500 (Caused by NewConnectionError('<urllib3.connection.HTTPSConnection object at 0xffffa005c190>: Failed to establish a new connection: [Errno -2] Name or service not known'))
[2023-04-30T20:04:11.446+0000] {helpers.py:87} ERROR - Retrying! 0 attempts before skipping!
[2023-04-30T20:04:12.456+0000] {logging_mixin.py:137} INFO - HTTPSConnectionPool(host='api.pushshift.io', port=443): Max retries exceeded with url: /reddit/search/submission/?subreddit=LAClippers&sort=created_utc&sort_type=desc&size=500 (Caused by NewConnectionError('<urllib3.connection.HTTPSConnection object at 0xffffa005c450>: Failed to establish a new connection: [Errno -2] Name or service not known'))
[2023-04-30T20:04:12.458+0000] {helpers.py:86} ERROR - HTTPSConnectionPool(host='api.pushshift.io', port=443): Max retries exceeded with url: /reddit/search/submission/?subreddit=LAClippers&sort=created_utc&sort_type=desc&size=500 (Caused by NewConnectionError('<urllib3.connection.HTTPSConnection object at 0xffffa005c450>: Failed to establish a new connection: [Errno -2] Name or service not known'))
[2023-04-30T20:04:12.459+0000] {helpers.py:87} ERROR - Retrying! -1 attempts before skipping!
[2023-04-30T20:04:13.470+0000] {logging_mixin.py:137} INFO - HTTPSConnectionPool(host='api.pushshift.io', port=443): Max retries exceeded with url: /reddit/search/submission/?subreddit=lakers&sort=created_utc&sort_type=desc&size=500 (Caused by NewConnectionError('<urllib3.connection.HTTPSConnection object at 0xffffa005c450>: Failed to establish a new connection: [Errno -2] Name or service not known'))
[2023-04-30T20:04:13.472+0000] {helpers.py:86} ERROR - HTTPSConnectionPool(host='api.pushshift.io', port=443): Max retries exceeded with url: /reddit/search/submission/?subreddit=lakers&sort=created_utc&sort_type=desc&size=500 (Caused by NewConnectionError('<urllib3.connection.HTTPSConnection object at 0xffffa005c450>: Failed to establish a new connection: [Errno -2] Name or service not known'))
[2023-04-30T20:04:13.477+0000] {helpers.py:87} ERROR - Retrying! 9 attempts before skipping!
[2023-04-30T20:04:14.485+0000] {logging_mixin.py:137} INFO - HTTPSConnectionPool(host='api.pushshift.io', port=443): Max retries exceeded with url: /reddit/search/submission/?subreddit=lakers&sort=created_utc&sort_type=desc&size=500 (Caused by NewConnectionError('<urllib3.connection.HTTPSConnection object at 0xffffa005c290>: Failed to establish a new connection: [Errno -2] Name or service not known'))
[2023-04-30T20:04:14.488+0000] {helpers.py:86} ERROR - HTTPSConnectionPool(host='api.pushshift.io', port=443): Max retries exceeded with url: /reddit/search/submission/?subreddit=lakers&sort=created_utc&sort_type=desc&size=500 (Caused by NewConnectionError('<urllib3.connection.HTTPSConnection object at 0xffffa005c290>: Failed to establish a new connection: [Errno -2] Name or service not known'))
[2023-04-30T20:04:14.495+0000] {helpers.py:87} ERROR - Retrying! 8 attempts before skipping!
[2023-04-30T20:38:49.536+0000] {logging_mixin.py:137} INFO - HTTPSConnectionPool(host='api.pushshift.io', port=443): Max retries exceeded with url: /reddit/search/submission/?subreddit=lakers&sort=created_utc&sort_type=desc&size=500 (Caused by NewConnectionError('<urllib3.connection.HTTPSConnection object at 0xffffa005c450>: Failed to establish a new connection: [Errno -2] Name or service not known'))
[2023-04-30T20:38:49.540+0000] {helpers.py:86} ERROR - HTTPSConnectionPool(host='api.pushshift.io', port=443): Max retries exceeded with url: /reddit/search/submission/?subreddit=lakers&sort=created_utc&sort_type=desc&size=500 (Caused by NewConnectionError('<urllib3.connection.HTTPSConnection object at 0xffffa005c450>: Failed to establish a new connection: [Errno -2] Name or service not known'))
[2023-04-30T20:38:49.543+0000] {helpers.py:87} ERROR - Retrying! 7 attempts before skipping!
[2023-04-30T20:38:50.557+0000] {logging_mixin.py:137} INFO - HTTPSConnectionPool(host='api.pushshift.io', port=443): Max retries exceeded with url: /reddit/search/submission/?subreddit=lakers&sort=created_utc&sort_type=desc&size=500 (Caused by NewConnectionError('<urllib3.connection.HTTPSConnection object at 0xffffa005c290>: Failed to establish a new connection: [Errno -2] Name or service not known'))
[2023-04-30T20:38:50.559+0000] {helpers.py:86} ERROR - HTTPSConnectionPool(host='api.pushshift.io', port=443): Max retries exceeded with url: /reddit/search/submission/?subreddit=lakers&sort=created_utc&sort_type=desc&size=500 (Caused by NewConnectionError('<urllib3.connection.HTTPSConnection object at 0xffffa005c290>: Failed to establish a new connection: [Errno -2] Name or service not known'))
[2023-04-30T20:38:50.560+0000] {helpers.py:87} ERROR - Retrying! 6 attempts before skipping!
[2023-04-30T20:38:51.691+0000] {logging_mixin.py:137} INFO - HTTPSConnectionPool(host='api.pushshift.io', port=443): Max retries exceeded with url: /reddit/search/submission/?subreddit=lakers&sort=created_utc&sort_type=desc&size=500 (Caused by NewConnectionError('<urllib3.connection.HTTPSConnection object at 0xffffa005c450>: Failed to establish a new connection: [Errno -2] Name or service not known'))
[2023-04-30T20:38:51.693+0000] {helpers.py:86} ERROR - HTTPSConnectionPool(host='api.pushshift.io', port=443): Max retries exceeded with url: /reddit/search/submission/?subreddit=lakers&sort=created_utc&sort_type=desc&size=500 (Caused by NewConnectionError('<urllib3.connection.HTTPSConnection object at 0xffffa005c450>: Failed to establish a new connection: [Errno -2] Name or service not known'))
[2023-04-30T20:38:51.695+0000] {helpers.py:87} ERROR - Retrying! 5 attempts before skipping!
[2023-04-30T20:38:52.714+0000] {logging_mixin.py:137} INFO - HTTPSConnectionPool(host='api.pushshift.io', port=443): Max retries exceeded with url: /reddit/search/submission/?subreddit=lakers&sort=created_utc&sort_type=desc&size=500 (Caused by NewConnectionError('<urllib3.connection.HTTPSConnection object at 0xffffa005c290>: Failed to establish a new connection: [Errno -2] Name or service not known'))
[2023-04-30T20:38:52.716+0000] {helpers.py:86} ERROR - HTTPSConnectionPool(host='api.pushshift.io', port=443): Max retries exceeded with url: /reddit/search/submission/?subreddit=lakers&sort=created_utc&sort_type=desc&size=500 (Caused by NewConnectionError('<urllib3.connection.HTTPSConnection object at 0xffffa005c290>: Failed to establish a new connection: [Errno -2] Name or service not known'))
[2023-04-30T20:38:52.718+0000] {helpers.py:87} ERROR - Retrying! 4 attempts before skipping!
[2023-04-30T20:38:53.727+0000] {logging_mixin.py:137} INFO - HTTPSConnectionPool(host='api.pushshift.io', port=443): Max retries exceeded with url: /reddit/search/submission/?subreddit=lakers&sort=created_utc&sort_type=desc&size=500 (Caused by NewConnectionError('<urllib3.connection.HTTPSConnection object at 0xffffa005c450>: Failed to establish a new connection: [Errno -2] Name or service not known'))
[2023-04-30T20:38:53.730+0000] {helpers.py:86} ERROR - HTTPSConnectionPool(host='api.pushshift.io', port=443): Max retries exceeded with url: /reddit/search/submission/?subreddit=lakers&sort=created_utc&sort_type=desc&size=500 (Caused by NewConnectionError('<urllib3.connection.HTTPSConnection object at 0xffffa005c450>: Failed to establish a new connection: [Errno -2] Name or service not known'))
[2023-04-30T20:38:53.731+0000] {helpers.py:87} ERROR - Retrying! 3 attempts before skipping!
[2023-04-30T20:38:54.746+0000] {logging_mixin.py:137} INFO - HTTPSConnectionPool(host='api.pushshift.io', port=443): Max retries exceeded with url: /reddit/search/submission/?subreddit=lakers&sort=created_utc&sort_type=desc&size=500 (Caused by NewConnectionError('<urllib3.connection.HTTPSConnection object at 0xffffa005c290>: Failed to establish a new connection: [Errno -2] Name or service not known'))
[2023-04-30T20:38:54.749+0000] {helpers.py:86} ERROR - HTTPSConnectionPool(host='api.pushshift.io', port=443): Max retries exceeded with url: /reddit/search/submission/?subreddit=lakers&sort=created_utc&sort_type=desc&size=500 (Caused by NewConnectionError('<urllib3.connection.HTTPSConnection object at 0xffffa005c290>: Failed to establish a new connection: [Errno -2] Name or service not known'))
[2023-04-30T20:38:54.751+0000] {helpers.py:87} ERROR - Retrying! 2 attempts before skipping!
[2023-04-30T20:38:55.767+0000] {logging_mixin.py:137} INFO - HTTPSConnectionPool(host='api.pushshift.io', port=443): Max retries exceeded with url: /reddit/search/submission/?subreddit=lakers&sort=created_utc&sort_type=desc&size=500 (Caused by NewConnectionError('<urllib3.connection.HTTPSConnection object at 0xffffa005c450>: Failed to establish a new connection: [Errno -2] Name or service not known'))
[2023-04-30T20:38:55.773+0000] {helpers.py:86} ERROR - HTTPSConnectionPool(host='api.pushshift.io', port=443): Max retries exceeded with url: /reddit/search/submission/?subreddit=lakers&sort=created_utc&sort_type=desc&size=500 (Caused by NewConnectionError('<urllib3.connection.HTTPSConnection object at 0xffffa005c450>: Failed to establish a new connection: [Errno -2] Name or service not known'))
[2023-04-30T20:38:55.776+0000] {helpers.py:87} ERROR - Retrying! 1 attempts before skipping!
[2023-04-30T20:38:56.787+0000] {logging_mixin.py:137} INFO - HTTPSConnectionPool(host='api.pushshift.io', port=443): Max retries exceeded with url: /reddit/search/submission/?subreddit=lakers&sort=created_utc&sort_type=desc&size=500 (Caused by NewConnectionError('<urllib3.connection.HTTPSConnection object at 0xffffa005c290>: Failed to establish a new connection: [Errno -2] Name or service not known'))
[2023-04-30T20:38:56.789+0000] {helpers.py:86} ERROR - HTTPSConnectionPool(host='api.pushshift.io', port=443): Max retries exceeded with url: /reddit/search/submission/?subreddit=lakers&sort=created_utc&sort_type=desc&size=500 (Caused by NewConnectionError('<urllib3.connection.HTTPSConnection object at 0xffffa005c290>: Failed to establish a new connection: [Errno -2] Name or service not known'))
[2023-04-30T20:38:56.791+0000] {helpers.py:87} ERROR - Retrying! 0 attempts before skipping!
[2023-04-30T20:38:57.801+0000] {logging_mixin.py:137} INFO - HTTPSConnectionPool(host='api.pushshift.io', port=443): Max retries exceeded with url: /reddit/search/submission/?subreddit=lakers&sort=created_utc&sort_type=desc&size=500 (Caused by NewConnectionError('<urllib3.connection.HTTPSConnection object at 0xffffa005c450>: Failed to establish a new connection: [Errno -2] Name or service not known'))
[2023-04-30T20:38:57.805+0000] {helpers.py:86} ERROR - HTTPSConnectionPool(host='api.pushshift.io', port=443): Max retries exceeded with url: /reddit/search/submission/?subreddit=lakers&sort=created_utc&sort_type=desc&size=500 (Caused by NewConnectionError('<urllib3.connection.HTTPSConnection object at 0xffffa005c450>: Failed to establish a new connection: [Errno -2] Name or service not known'))
[2023-04-30T20:38:57.809+0000] {helpers.py:87} ERROR - Retrying! -1 attempts before skipping!
[2023-04-30T20:38:58.825+0000] {logging_mixin.py:137} INFO - HTTPSConnectionPool(host='api.pushshift.io', port=443): Max retries exceeded with url: /reddit/search/submission/?subreddit=memphisgrizzlies&sort=created_utc&sort_type=desc&size=500 (Caused by NewConnectionError('<urllib3.connection.HTTPSConnection object at 0xffffa005c450>: Failed to establish a new connection: [Errno -2] Name or service not known'))
[2023-04-30T20:38:58.830+0000] {helpers.py:86} ERROR - HTTPSConnectionPool(host='api.pushshift.io', port=443): Max retries exceeded with url: /reddit/search/submission/?subreddit=memphisgrizzlies&sort=created_utc&sort_type=desc&size=500 (Caused by NewConnectionError('<urllib3.connection.HTTPSConnection object at 0xffffa005c450>: Failed to establish a new connection: [Errno -2] Name or service not known'))
[2023-04-30T20:38:58.832+0000] {helpers.py:87} ERROR - Retrying! 9 attempts before skipping!
[2023-04-30T20:38:59.850+0000] {logging_mixin.py:137} INFO - HTTPSConnectionPool(host='api.pushshift.io', port=443): Max retries exceeded with url: /reddit/search/submission/?subreddit=memphisgrizzlies&sort=created_utc&sort_type=desc&size=500 (Caused by NewConnectionError('<urllib3.connection.HTTPSConnection object at 0xffffa005c510>: Failed to establish a new connection: [Errno -2] Name or service not known'))
[2023-04-30T20:38:59.853+0000] {helpers.py:86} ERROR - HTTPSConnectionPool(host='api.pushshift.io', port=443): Max retries exceeded with url: /reddit/search/submission/?subreddit=memphisgrizzlies&sort=created_utc&sort_type=desc&size=500 (Caused by NewConnectionError('<urllib3.connection.HTTPSConnection object at 0xffffa005c510>: Failed to establish a new connection: [Errno -2] Name or service not known'))
[2023-04-30T20:38:59.854+0000] {helpers.py:87} ERROR - Retrying! 8 attempts before skipping!
[2023-04-30T20:39:00.863+0000] {logging_mixin.py:137} INFO - HTTPSConnectionPool(host='api.pushshift.io', port=443): Max retries exceeded with url: /reddit/search/submission/?subreddit=memphisgrizzlies&sort=created_utc&sort_type=desc&size=500 (Caused by NewConnectionError('<urllib3.connection.HTTPSConnection object at 0xffffa005c450>: Failed to establish a new connection: [Errno -2] Name or service not known'))
[2023-04-30T20:39:00.864+0000] {helpers.py:86} ERROR - HTTPSConnectionPool(host='api.pushshift.io', port=443): Max retries exceeded with url: /reddit/search/submission/?subreddit=memphisgrizzlies&sort=created_utc&sort_type=desc&size=500 (Caused by NewConnectionError('<urllib3.connection.HTTPSConnection object at 0xffffa005c450>: Failed to establish a new connection: [Errno -2] Name or service not known'))
[2023-04-30T20:39:00.866+0000] {helpers.py:87} ERROR - Retrying! 7 attempts before skipping!
[2023-04-30T20:39:01.875+0000] {logging_mixin.py:137} INFO - HTTPSConnectionPool(host='api.pushshift.io', port=443): Max retries exceeded with url: /reddit/search/submission/?subreddit=memphisgrizzlies&sort=created_utc&sort_type=desc&size=500 (Caused by NewConnectionError('<urllib3.connection.HTTPSConnection object at 0xffffa005c510>: Failed to establish a new connection: [Errno -2] Name or service not known'))
[2023-04-30T20:39:01.877+0000] {helpers.py:86} ERROR - HTTPSConnectionPool(host='api.pushshift.io', port=443): Max retries exceeded with url: /reddit/search/submission/?subreddit=memphisgrizzlies&sort=created_utc&sort_type=desc&size=500 (Caused by NewConnectionError('<urllib3.connection.HTTPSConnection object at 0xffffa005c510>: Failed to establish a new connection: [Errno -2] Name or service not known'))
[2023-04-30T20:39:01.881+0000] {helpers.py:87} ERROR - Retrying! 6 attempts before skipping!
[2023-04-30T20:39:02.904+0000] {logging_mixin.py:137} INFO - HTTPSConnectionPool(host='api.pushshift.io', port=443): Max retries exceeded with url: /reddit/search/submission/?subreddit=memphisgrizzlies&sort=created_utc&sort_type=desc&size=500 (Caused by NewConnectionError('<urllib3.connection.HTTPSConnection object at 0xffffa005c450>: Failed to establish a new connection: [Errno -2] Name or service not known'))
[2023-04-30T20:39:02.907+0000] {helpers.py:86} ERROR - HTTPSConnectionPool(host='api.pushshift.io', port=443): Max retries exceeded with url: /reddit/search/submission/?subreddit=memphisgrizzlies&sort=created_utc&sort_type=desc&size=500 (Caused by NewConnectionError('<urllib3.connection.HTTPSConnection object at 0xffffa005c450>: Failed to establish a new connection: [Errno -2] Name or service not known'))
[2023-04-30T20:39:02.908+0000] {helpers.py:87} ERROR - Retrying! 5 attempts before skipping!
[2023-04-30T20:39:03.918+0000] {logging_mixin.py:137} INFO - HTTPSConnectionPool(host='api.pushshift.io', port=443): Max retries exceeded with url: /reddit/search/submission/?subreddit=memphisgrizzlies&sort=created_utc&sort_type=desc&size=500 (Caused by NewConnectionError('<urllib3.connection.HTTPSConnection object at 0xffffa005c510>: Failed to establish a new connection: [Errno -2] Name or service not known'))
[2023-04-30T20:39:03.919+0000] {helpers.py:86} ERROR - HTTPSConnectionPool(host='api.pushshift.io', port=443): Max retries exceeded with url: /reddit/search/submission/?subreddit=memphisgrizzlies&sort=created_utc&sort_type=desc&size=500 (Caused by NewConnectionError('<urllib3.connection.HTTPSConnection object at 0xffffa005c510>: Failed to establish a new connection: [Errno -2] Name or service not known'))
[2023-04-30T20:39:03.920+0000] {helpers.py:87} ERROR - Retrying! 4 attempts before skipping!
[2023-04-30T20:39:04.928+0000] {logging_mixin.py:137} INFO - HTTPSConnectionPool(host='api.pushshift.io', port=443): Max retries exceeded with url: /reddit/search/submission/?subreddit=memphisgrizzlies&sort=created_utc&sort_type=desc&size=500 (Caused by NewConnectionError('<urllib3.connection.HTTPSConnection object at 0xffffa005c450>: Failed to establish a new connection: [Errno -2] Name or service not known'))
[2023-04-30T20:39:04.930+0000] {helpers.py:86} ERROR - HTTPSConnectionPool(host='api.pushshift.io', port=443): Max retries exceeded with url: /reddit/search/submission/?subreddit=memphisgrizzlies&sort=created_utc&sort_type=desc&size=500 (Caused by NewConnectionError('<urllib3.connection.HTTPSConnection object at 0xffffa005c450>: Failed to establish a new connection: [Errno -2] Name or service not known'))
[2023-04-30T20:39:04.933+0000] {helpers.py:87} ERROR - Retrying! 3 attempts before skipping!
[2023-04-30T20:39:05.942+0000] {logging_mixin.py:137} INFO - HTTPSConnectionPool(host='api.pushshift.io', port=443): Max retries exceeded with url: /reddit/search/submission/?subreddit=memphisgrizzlies&sort=created_utc&sort_type=desc&size=500 (Caused by NewConnectionError('<urllib3.connection.HTTPSConnection object at 0xffffa005c510>: Failed to establish a new connection: [Errno -2] Name or service not known'))
[2023-04-30T20:39:05.944+0000] {helpers.py:86} ERROR - HTTPSConnectionPool(host='api.pushshift.io', port=443): Max retries exceeded with url: /reddit/search/submission/?subreddit=memphisgrizzlies&sort=created_utc&sort_type=desc&size=500 (Caused by NewConnectionError('<urllib3.connection.HTTPSConnection object at 0xffffa005c510>: Failed to establish a new connection: [Errno -2] Name or service not known'))
[2023-04-30T20:39:05.945+0000] {helpers.py:87} ERROR - Retrying! 2 attempts before skipping!
[2023-04-30T20:39:06.954+0000] {logging_mixin.py:137} INFO - HTTPSConnectionPool(host='api.pushshift.io', port=443): Max retries exceeded with url: /reddit/search/submission/?subreddit=memphisgrizzlies&sort=created_utc&sort_type=desc&size=500 (Caused by NewConnectionError('<urllib3.connection.HTTPSConnection object at 0xffffa005c450>: Failed to establish a new connection: [Errno -2] Name or service not known'))
[2023-04-30T20:39:06.958+0000] {helpers.py:86} ERROR - HTTPSConnectionPool(host='api.pushshift.io', port=443): Max retries exceeded with url: /reddit/search/submission/?subreddit=memphisgrizzlies&sort=created_utc&sort_type=desc&size=500 (Caused by NewConnectionError('<urllib3.connection.HTTPSConnection object at 0xffffa005c450>: Failed to establish a new connection: [Errno -2] Name or service not known'))
[2023-04-30T20:39:06.962+0000] {helpers.py:87} ERROR - Retrying! 1 attempts before skipping!
[2023-04-30T20:39:07.974+0000] {logging_mixin.py:137} INFO - HTTPSConnectionPool(host='api.pushshift.io', port=443): Max retries exceeded with url: /reddit/search/submission/?subreddit=memphisgrizzlies&sort=created_utc&sort_type=desc&size=500 (Caused by NewConnectionError('<urllib3.connection.HTTPSConnection object at 0xffffa005c510>: Failed to establish a new connection: [Errno -2] Name or service not known'))
[2023-04-30T20:39:07.976+0000] {helpers.py:86} ERROR - HTTPSConnectionPool(host='api.pushshift.io', port=443): Max retries exceeded with url: /reddit/search/submission/?subreddit=memphisgrizzlies&sort=created_utc&sort_type=desc&size=500 (Caused by NewConnectionError('<urllib3.connection.HTTPSConnection object at 0xffffa005c510>: Failed to establish a new connection: [Errno -2] Name or service not known'))
[2023-04-30T20:39:07.978+0000] {helpers.py:87} ERROR - Retrying! 0 attempts before skipping!
[2023-04-30T20:39:08.994+0000] {logging_mixin.py:137} INFO - HTTPSConnectionPool(host='api.pushshift.io', port=443): Max retries exceeded with url: /reddit/search/submission/?subreddit=memphisgrizzlies&sort=created_utc&sort_type=desc&size=500 (Caused by NewConnectionError('<urllib3.connection.HTTPSConnection object at 0xffffa005c450>: Failed to establish a new connection: [Errno -2] Name or service not known'))
[2023-04-30T20:39:08.995+0000] {helpers.py:86} ERROR - HTTPSConnectionPool(host='api.pushshift.io', port=443): Max retries exceeded with url: /reddit/search/submission/?subreddit=memphisgrizzlies&sort=created_utc&sort_type=desc&size=500 (Caused by NewConnectionError('<urllib3.connection.HTTPSConnection object at 0xffffa005c450>: Failed to establish a new connection: [Errno -2] Name or service not known'))
[2023-04-30T20:39:09.001+0000] {helpers.py:87} ERROR - Retrying! -1 attempts before skipping!
[2023-04-30T20:39:10.016+0000] {logging_mixin.py:137} INFO - HTTPSConnectionPool(host='api.pushshift.io', port=443): Max retries exceeded with url: /reddit/search/submission/?subreddit=heat&sort=created_utc&sort_type=desc&size=500 (Caused by NewConnectionError('<urllib3.connection.HTTPSConnection object at 0xffffb8fa8d90>: Failed to establish a new connection: [Errno -2] Name or service not known'))
[2023-04-30T20:39:10.020+0000] {helpers.py:86} ERROR - HTTPSConnectionPool(host='api.pushshift.io', port=443): Max retries exceeded with url: /reddit/search/submission/?subreddit=heat&sort=created_utc&sort_type=desc&size=500 (Caused by NewConnectionError('<urllib3.connection.HTTPSConnection object at 0xffffb8fa8d90>: Failed to establish a new connection: [Errno -2] Name or service not known'))
[2023-04-30T20:39:10.022+0000] {helpers.py:87} ERROR - Retrying! 9 attempts before skipping!
[2023-04-30T20:39:11.042+0000] {logging_mixin.py:137} INFO - HTTPSConnectionPool(host='api.pushshift.io', port=443): Max retries exceeded with url: /reddit/search/submission/?subreddit=heat&sort=created_utc&sort_type=desc&size=500 (Caused by NewConnectionError('<urllib3.connection.HTTPSConnection object at 0xffffa0052e90>: Failed to establish a new connection: [Errno -2] Name or service not known'))
[2023-04-30T20:39:11.046+0000] {helpers.py:86} ERROR - HTTPSConnectionPool(host='api.pushshift.io', port=443): Max retries exceeded with url: /reddit/search/submission/?subreddit=heat&sort=created_utc&sort_type=desc&size=500 (Caused by NewConnectionError('<urllib3.connection.HTTPSConnection object at 0xffffa0052e90>: Failed to establish a new connection: [Errno -2] Name or service not known'))
[2023-04-30T20:39:11.048+0000] {helpers.py:87} ERROR - Retrying! 8 attempts before skipping!
[2023-04-30T20:39:12.063+0000] {logging_mixin.py:137} INFO - HTTPSConnectionPool(host='api.pushshift.io', port=443): Max retries exceeded with url: /reddit/search/submission/?subreddit=heat&sort=created_utc&sort_type=desc&size=500 (Caused by NewConnectionError('<urllib3.connection.HTTPSConnection object at 0xffffa0052f90>: Failed to establish a new connection: [Errno -2] Name or service not known'))
[2023-04-30T20:39:12.067+0000] {helpers.py:86} ERROR - HTTPSConnectionPool(host='api.pushshift.io', port=443): Max retries exceeded with url: /reddit/search/submission/?subreddit=heat&sort=created_utc&sort_type=desc&size=500 (Caused by NewConnectionError('<urllib3.connection.HTTPSConnection object at 0xffffa0052f90>: Failed to establish a new connection: [Errno -2] Name or service not known'))
[2023-04-30T20:39:12.069+0000] {helpers.py:87} ERROR - Retrying! 7 attempts before skipping!
[2023-04-30T20:39:13.100+0000] {logging_mixin.py:137} INFO - HTTPSConnectionPool(host='api.pushshift.io', port=443): Max retries exceeded with url: /reddit/search/submission/?subreddit=heat&sort=created_utc&sort_type=desc&size=500 (Caused by NewConnectionError('<urllib3.connection.HTTPSConnection object at 0xffffa0052e90>: Failed to establish a new connection: [Errno -2] Name or service not known'))
[2023-04-30T20:39:13.103+0000] {helpers.py:86} ERROR - HTTPSConnectionPool(host='api.pushshift.io', port=443): Max retries exceeded with url: /reddit/search/submission/?subreddit=heat&sort=created_utc&sort_type=desc&size=500 (Caused by NewConnectionError('<urllib3.connection.HTTPSConnection object at 0xffffa0052e90>: Failed to establish a new connection: [Errno -2] Name or service not known'))
[2023-04-30T20:39:13.104+0000] {helpers.py:87} ERROR - Retrying! 6 attempts before skipping!
[2023-04-30T20:39:14.113+0000] {logging_mixin.py:137} INFO - HTTPSConnectionPool(host='api.pushshift.io', port=443): Max retries exceeded with url: /reddit/search/submission/?subreddit=heat&sort=created_utc&sort_type=desc&size=500 (Caused by NewConnectionError('<urllib3.connection.HTTPSConnection object at 0xffffa0052f90>: Failed to establish a new connection: [Errno -2] Name or service not known'))
[2023-04-30T20:39:14.116+0000] {helpers.py:86} ERROR - HTTPSConnectionPool(host='api.pushshift.io', port=443): Max retries exceeded with url: /reddit/search/submission/?subreddit=heat&sort=created_utc&sort_type=desc&size=500 (Caused by NewConnectionError('<urllib3.connection.HTTPSConnection object at 0xffffa0052f90>: Failed to establish a new connection: [Errno -2] Name or service not known'))
[2023-04-30T20:39:14.118+0000] {helpers.py:87} ERROR - Retrying! 5 attempts before skipping!
[2023-04-30T20:39:15.131+0000] {logging_mixin.py:137} INFO - HTTPSConnectionPool(host='api.pushshift.io', port=443): Max retries exceeded with url: /reddit/search/submission/?subreddit=heat&sort=created_utc&sort_type=desc&size=500 (Caused by NewConnectionError('<urllib3.connection.HTTPSConnection object at 0xffffa0052e90>: Failed to establish a new connection: [Errno -2] Name or service not known'))
[2023-04-30T20:39:15.132+0000] {helpers.py:86} ERROR - HTTPSConnectionPool(host='api.pushshift.io', port=443): Max retries exceeded with url: /reddit/search/submission/?subreddit=heat&sort=created_utc&sort_type=desc&size=500 (Caused by NewConnectionError('<urllib3.connection.HTTPSConnection object at 0xffffa0052e90>: Failed to establish a new connection: [Errno -2] Name or service not known'))
[2023-04-30T20:39:15.133+0000] {helpers.py:87} ERROR - Retrying! 4 attempts before skipping!
[2023-04-30T20:39:16.140+0000] {logging_mixin.py:137} INFO - HTTPSConnectionPool(host='api.pushshift.io', port=443): Max retries exceeded with url: /reddit/search/submission/?subreddit=heat&sort=created_utc&sort_type=desc&size=500 (Caused by NewConnectionError('<urllib3.connection.HTTPSConnection object at 0xffffa0052f90>: Failed to establish a new connection: [Errno -2] Name or service not known'))
[2023-04-30T20:39:16.142+0000] {helpers.py:86} ERROR - HTTPSConnectionPool(host='api.pushshift.io', port=443): Max retries exceeded with url: /reddit/search/submission/?subreddit=heat&sort=created_utc&sort_type=desc&size=500 (Caused by NewConnectionError('<urllib3.connection.HTTPSConnection object at 0xffffa0052f90>: Failed to establish a new connection: [Errno -2] Name or service not known'))
[2023-04-30T20:39:16.143+0000] {helpers.py:87} ERROR - Retrying! 3 attempts before skipping!
[2023-04-30T20:39:17.161+0000] {logging_mixin.py:137} INFO - HTTPSConnectionPool(host='api.pushshift.io', port=443): Max retries exceeded with url: /reddit/search/submission/?subreddit=heat&sort=created_utc&sort_type=desc&size=500 (Caused by NewConnectionError('<urllib3.connection.HTTPSConnection object at 0xffffa0052e90>: Failed to establish a new connection: [Errno -2] Name or service not known'))
[2023-04-30T20:39:17.162+0000] {helpers.py:86} ERROR - HTTPSConnectionPool(host='api.pushshift.io', port=443): Max retries exceeded with url: /reddit/search/submission/?subreddit=heat&sort=created_utc&sort_type=desc&size=500 (Caused by NewConnectionError('<urllib3.connection.HTTPSConnection object at 0xffffa0052e90>: Failed to establish a new connection: [Errno -2] Name or service not known'))
[2023-04-30T20:39:17.164+0000] {helpers.py:87} ERROR - Retrying! 2 attempts before skipping!
[2023-04-30T20:39:18.191+0000] {logging_mixin.py:137} INFO - HTTPSConnectionPool(host='api.pushshift.io', port=443): Max retries exceeded with url: /reddit/search/submission/?subreddit=heat&sort=created_utc&sort_type=desc&size=500 (Caused by NewConnectionError('<urllib3.connection.HTTPSConnection object at 0xffffa0052f90>: Failed to establish a new connection: [Errno -2] Name or service not known'))
[2023-04-30T20:39:18.196+0000] {helpers.py:86} ERROR - HTTPSConnectionPool(host='api.pushshift.io', port=443): Max retries exceeded with url: /reddit/search/submission/?subreddit=heat&sort=created_utc&sort_type=desc&size=500 (Caused by NewConnectionError('<urllib3.connection.HTTPSConnection object at 0xffffa0052f90>: Failed to establish a new connection: [Errno -2] Name or service not known'))
[2023-04-30T20:39:18.198+0000] {helpers.py:87} ERROR - Retrying! 1 attempts before skipping!
[2023-04-30T20:39:19.219+0000] {logging_mixin.py:137} INFO - HTTPSConnectionPool(host='api.pushshift.io', port=443): Max retries exceeded with url: /reddit/search/submission/?subreddit=heat&sort=created_utc&sort_type=desc&size=500 (Caused by NewConnectionError('<urllib3.connection.HTTPSConnection object at 0xffffa0052e90>: Failed to establish a new connection: [Errno -2] Name or service not known'))
[2023-04-30T20:39:19.222+0000] {helpers.py:86} ERROR - HTTPSConnectionPool(host='api.pushshift.io', port=443): Max retries exceeded with url: /reddit/search/submission/?subreddit=heat&sort=created_utc&sort_type=desc&size=500 (Caused by NewConnectionError('<urllib3.connection.HTTPSConnection object at 0xffffa0052e90>: Failed to establish a new connection: [Errno -2] Name or service not known'))
[2023-04-30T20:39:19.226+0000] {helpers.py:87} ERROR - Retrying! 0 attempts before skipping!
[2023-04-30T21:23:09.028+0000] {logging_mixin.py:137} INFO - HTTPSConnectionPool(host='api.pushshift.io', port=443): Max retries exceeded with url: /reddit/search/submission/?subreddit=heat&sort=created_utc&sort_type=desc&size=500 (Caused by NewConnectionError('<urllib3.connection.HTTPSConnection object at 0xffffa0052f90>: Failed to establish a new connection: [Errno -2] Name or service not known'))
[2023-04-30T21:23:09.030+0000] {helpers.py:86} ERROR - HTTPSConnectionPool(host='api.pushshift.io', port=443): Max retries exceeded with url: /reddit/search/submission/?subreddit=heat&sort=created_utc&sort_type=desc&size=500 (Caused by NewConnectionError('<urllib3.connection.HTTPSConnection object at 0xffffa0052f90>: Failed to establish a new connection: [Errno -2] Name or service not known'))
[2023-04-30T21:23:09.034+0000] {helpers.py:87} ERROR - Retrying! -1 attempts before skipping!
[2023-04-30T21:23:10.088+0000] {helpers.py:96} INFO - Saved in /opt/***/data/output_scrape_teams_9-16.csv
[2023-04-30T21:23:10.092+0000] {python.py:177} INFO - Done. Returned value was: None
[2023-04-30T21:23:10.143+0000] {taskinstance.py:1332} INFO - Marking task as SUCCESS. dag_id=scrape_and_save_to_csv, task_id=scrape_teams_9-16, execution_date=20230430T173000, start_date=20230430T191650, end_date=20230430T212310
[2023-04-30T21:23:10.229+0000] {local_task_job.py:212} INFO - Task exited with return code 0
[2023-04-30T21:23:10.268+0000] {taskinstance.py:2596} INFO - 1 downstream tasks scheduled from follow-on schedule check
