[2023-04-28T21:45:43.982+0000] {taskinstance.py:1090} INFO - Dependencies all met for dep_context=non-requeueable deps ti=<TaskInstance: scrape_and_save_to_csv.scrape_teams_25-30 manual__2023-04-28T21:45:42.658372+00:00 [queued]>
[2023-04-28T21:45:43.992+0000] {taskinstance.py:1090} INFO - Dependencies all met for dep_context=requeueable deps ti=<TaskInstance: scrape_and_save_to_csv.scrape_teams_25-30 manual__2023-04-28T21:45:42.658372+00:00 [queued]>
[2023-04-28T21:45:43.996+0000] {taskinstance.py:1288} INFO - 
--------------------------------------------------------------------------------
[2023-04-28T21:45:44.002+0000] {taskinstance.py:1289} INFO - Starting attempt 1 of 1
[2023-04-28T21:45:44.003+0000] {taskinstance.py:1290} INFO - 
--------------------------------------------------------------------------------
[2023-04-28T21:45:44.023+0000] {taskinstance.py:1309} INFO - Executing <Task(PythonOperator): scrape_teams_25-30> on 2023-04-28 21:45:42.658372+00:00
[2023-04-28T21:45:44.039+0000] {standard_task_runner.py:55} INFO - Started process 429 to run task
[2023-04-28T21:45:44.045+0000] {standard_task_runner.py:82} INFO - Running: ['***', 'tasks', 'run', 'scrape_and_save_to_csv', 'scrape_teams_25-30', 'manual__2023-04-28T21:45:42.658372+00:00', '--job-id', '1694', '--raw', '--subdir', 'DAGS_FOLDER/scrape_and_save_csv_dag.py', '--cfg-path', '/tmp/tmpejwscgnc']
[2023-04-28T21:45:44.052+0000] {standard_task_runner.py:83} INFO - Job 1694: Subtask scrape_teams_25-30
[2023-04-28T21:45:44.208+0000] {task_command.py:389} INFO - Running <TaskInstance: scrape_and_save_to_csv.scrape_teams_25-30 manual__2023-04-28T21:45:42.658372+00:00 [running]> on host def38439e216
[2023-04-28T21:45:44.335+0000] {taskinstance.py:1518} INFO - Exporting the following env vars:
AIRFLOW_CTX_DAG_OWNER=***
AIRFLOW_CTX_DAG_ID=scrape_and_save_to_csv
AIRFLOW_CTX_TASK_ID=scrape_teams_25-30
AIRFLOW_CTX_EXECUTION_DATE=2023-04-28T21:45:42.658372+00:00
AIRFLOW_CTX_TRY_NUMBER=1
AIRFLOW_CTX_DAG_RUN_ID=manual__2023-04-28T21:45:42.658372+00:00
[2023-04-28T21:45:45.410+0000] {warnings.py:110} WARNING - /home/***/.local/lib/python3.7/site-packages/***/utils/context.py:313: AirflowContextDeprecationWarning: Accessing 'execution_date' from the template is deprecated and will be removed in a future version. Please use 'data_interval_start' or 'logical_date' instead.
  warnings.warn(_create_deprecation_warning(k, replacements))

[2023-04-28T21:45:45.435+0000] {helpers.py:38} INFO - Blazers: Successfully scraped!
[2023-04-28T21:45:46.547+0000] {helpers.py:38} INFO - Kings: Successfully scraped!
[2023-04-28T21:47:27.151+0000] {helpers.py:42} ERROR - Expecting value: line 1 column 1 (char 0)
[2023-04-28T21:47:27.160+0000] {helpers.py:43} ERROR - Retrying! 9 attempts before skipping!
[2023-04-28T21:47:30.352+0000] {helpers.py:38} INFO - Spurs: Successfully scraped!
[2023-04-28T21:47:31.405+0000] {helpers.py:38} INFO - Raptors: Successfully scraped!
[2023-04-28T21:47:33.808+0000] {helpers.py:38} INFO - Jazz: Successfully scraped!
[2023-04-28T21:47:35.012+0000] {helpers.py:38} INFO - Wizards: Successfully scraped!
[2023-04-28T21:47:35.023+0000] {helpers.py:52} INFO - Saved in /opt/***/output_scrape_teams_25-30.csv
[2023-04-28T21:47:35.025+0000] {python.py:177} INFO - Done. Returned value was: None
[2023-04-28T21:47:35.047+0000] {taskinstance.py:1332} INFO - Marking task as SUCCESS. dag_id=scrape_and_save_to_csv, task_id=scrape_teams_25-30, execution_date=20230428T214542, start_date=20230428T214543, end_date=20230428T214735
[2023-04-28T21:47:35.086+0000] {local_task_job.py:212} INFO - Task exited with return code 0
[2023-04-28T21:47:35.110+0000] {taskinstance.py:2596} INFO - 0 downstream tasks scheduled from follow-on schedule check
