[2023-05-10T01:53:23.311+0000] {taskinstance.py:1090} INFO - Dependencies all met for dep_context=non-requeueable deps ti=<TaskInstance: scrape_and_save_to_csv.scrape_teams_1-8 scheduled__2022-05-05T09:00:00+00:00 [queued]>
[2023-05-10T01:53:23.324+0000] {taskinstance.py:1090} INFO - Dependencies all met for dep_context=requeueable deps ti=<TaskInstance: scrape_and_save_to_csv.scrape_teams_1-8 scheduled__2022-05-05T09:00:00+00:00 [queued]>
[2023-05-10T01:53:23.325+0000] {taskinstance.py:1288} INFO - 
--------------------------------------------------------------------------------
[2023-05-10T01:53:23.326+0000] {taskinstance.py:1289} INFO - Starting attempt 1 of 1
[2023-05-10T01:53:23.327+0000] {taskinstance.py:1290} INFO - 
--------------------------------------------------------------------------------
[2023-05-10T01:53:23.342+0000] {taskinstance.py:1309} INFO - Executing <Task(PythonOperator): scrape_teams_1-8> on 2022-05-05 09:00:00+00:00
[2023-05-10T01:53:23.351+0000] {standard_task_runner.py:55} INFO - Started process 16571 to run task
[2023-05-10T01:53:23.355+0000] {standard_task_runner.py:82} INFO - Running: ['***', 'tasks', 'run', 'scrape_and_save_to_csv', 'scrape_teams_1-8', 'scheduled__2022-05-05T09:00:00+00:00', '--job-id', '3915', '--raw', '--subdir', 'DAGS_FOLDER/scrape_and_push_dag.py', '--cfg-path', '/tmp/tmp9ol_vhez']
[2023-05-10T01:53:23.364+0000] {standard_task_runner.py:83} INFO - Job 3915: Subtask scrape_teams_1-8
[2023-05-10T01:53:23.449+0000] {task_command.py:389} INFO - Running <TaskInstance: scrape_and_save_to_csv.scrape_teams_1-8 scheduled__2022-05-05T09:00:00+00:00 [running]> on host f41dbfa3d325
[2023-05-10T01:53:23.483+0000] {warnings.py:110} WARNING - /home/***/.local/lib/python3.7/site-packages/***/utils/context.py:205: AirflowContextDeprecationWarning: Accessing 'execution_date' from the template is deprecated and will be removed in a future version. Please use 'data_interval_start' or 'logical_date' instead.
  warnings.warn(_create_deprecation_warning(key, self._deprecation_replacements[key]))

[2023-05-10T01:53:23.537+0000] {taskinstance.py:1518} INFO - Exporting the following env vars:
AIRFLOW_CTX_DAG_OWNER=***
AIRFLOW_CTX_DAG_ID=scrape_and_save_to_csv
AIRFLOW_CTX_TASK_ID=scrape_teams_1-8
AIRFLOW_CTX_EXECUTION_DATE=2022-05-05T09:00:00+00:00
AIRFLOW_CTX_TRY_NUMBER=1
AIRFLOW_CTX_DAG_RUN_ID=scheduled__2022-05-05T09:00:00+00:00
[2023-05-10T01:53:25.102+0000] {helpers.py:94} INFO - Atlanta Hawks: Successfully scraped!
[2023-05-10T01:53:30.125+0000] {helpers.py:94} INFO - Boston Celtics: Successfully scraped!
[2023-05-10T01:53:33.261+0000] {helpers.py:94} INFO - Brooklyn Nets: Successfully scraped!
[2023-05-10T01:53:36.918+0000] {helpers.py:94} INFO - Charlotte Hornets: Successfully scraped!
[2023-05-10T01:53:41.073+0000] {helpers.py:94} INFO - Chicago Bulls: Successfully scraped!
[2023-05-10T01:53:44.725+0000] {helpers.py:94} INFO - Cleveland Cavaliers: Successfully scraped!
[2023-05-10T01:53:48.880+0000] {helpers.py:94} INFO - Dallas Mavericks: Successfully scraped!
[2023-05-10T01:53:57.291+0000] {helpers.py:94} INFO - Denver Nuggets: Successfully scraped!
[2023-05-10T01:53:57.297+0000] {helpers.py:109} INFO - Saved in /opt/***/data/output_scrape_teams_1-8.csv
[2023-05-10T01:53:57.298+0000] {python.py:177} INFO - Done. Returned value was: None
[2023-05-10T01:53:57.310+0000] {taskinstance.py:1332} INFO - Marking task as SUCCESS. dag_id=scrape_and_save_to_csv, task_id=scrape_teams_1-8, execution_date=20220505T090000, start_date=20230510T015323, end_date=20230510T015357
[2023-05-10T01:53:57.353+0000] {local_task_job.py:212} INFO - Task exited with return code 0
[2023-05-10T01:53:57.379+0000] {taskinstance.py:2596} INFO - 0 downstream tasks scheduled from follow-on schedule check
