[2023-05-07T03:19:54.682+0000] {taskinstance.py:1090} INFO - Dependencies all met for dep_context=non-requeueable deps ti=<TaskInstance: scrape_and_save_to_csv.scrape_teams_9-16 scheduled__2022-05-01T23:00:00+00:00 [queued]>
[2023-05-07T03:19:54.703+0000] {taskinstance.py:1090} INFO - Dependencies all met for dep_context=requeueable deps ti=<TaskInstance: scrape_and_save_to_csv.scrape_teams_9-16 scheduled__2022-05-01T23:00:00+00:00 [queued]>
[2023-05-07T03:19:54.705+0000] {taskinstance.py:1288} INFO - 
--------------------------------------------------------------------------------
[2023-05-07T03:19:54.707+0000] {taskinstance.py:1289} INFO - Starting attempt 1 of 1
[2023-05-07T03:19:54.710+0000] {taskinstance.py:1290} INFO - 
--------------------------------------------------------------------------------
[2023-05-07T03:19:54.722+0000] {taskinstance.py:1309} INFO - Executing <Task(PythonOperator): scrape_teams_9-16> on 2022-05-01 23:00:00+00:00
[2023-05-07T03:19:54.745+0000] {standard_task_runner.py:55} INFO - Started process 1328 to run task
[2023-05-07T03:19:54.750+0000] {standard_task_runner.py:82} INFO - Running: ['***', 'tasks', 'run', 'scrape_and_save_to_csv', 'scrape_teams_9-16', 'scheduled__2022-05-01T23:00:00+00:00', '--job-id', '2747', '--raw', '--subdir', 'DAGS_FOLDER/scrape_and_push_dag.py', '--cfg-path', '/tmp/tmpq0zf3f4h']
[2023-05-07T03:19:54.754+0000] {standard_task_runner.py:83} INFO - Job 2747: Subtask scrape_teams_9-16
[2023-05-07T03:19:54.845+0000] {task_command.py:389} INFO - Running <TaskInstance: scrape_and_save_to_csv.scrape_teams_9-16 scheduled__2022-05-01T23:00:00+00:00 [running]> on host 6589836e9c08
[2023-05-07T03:19:54.925+0000] {taskinstance.py:1518} INFO - Exporting the following env vars:
AIRFLOW_CTX_DAG_OWNER=***
AIRFLOW_CTX_DAG_ID=scrape_and_save_to_csv
AIRFLOW_CTX_TASK_ID=scrape_teams_9-16
AIRFLOW_CTX_EXECUTION_DATE=2022-05-01T23:00:00+00:00
AIRFLOW_CTX_TRY_NUMBER=1
AIRFLOW_CTX_DAG_RUN_ID=scheduled__2022-05-01T23:00:00+00:00
[2023-05-07T03:19:54.938+0000] {taskinstance.py:1776} ERROR - Task failed with exception
Traceback (most recent call last):
  File "/home/airflow/.local/lib/python3.7/site-packages/airflow/operators/python.py", line 175, in execute
    return_value = self.execute_callable()
  File "/home/airflow/.local/lib/python3.7/site-packages/airflow/operators/python.py", line 192, in execute_callable
    return self.python_callable(*self.op_args, **self.op_kwargs)
TypeError: scrape_and_save() missing 1 required positional argument: 'current_date'
[2023-05-07T03:19:54.949+0000] {taskinstance.py:1332} INFO - Marking task as FAILED. dag_id=scrape_and_save_to_csv, task_id=scrape_teams_9-16, execution_date=20220501T230000, start_date=20230507T031954, end_date=20230507T031954
[2023-05-07T03:19:54.961+0000] {standard_task_runner.py:105} ERROR - Failed to execute job 2747 for task scrape_teams_9-16 (scrape_and_save() missing 1 required positional argument: 'current_date'; 1328)
[2023-05-07T03:19:55.005+0000] {local_task_job.py:212} INFO - Task exited with return code 1
[2023-05-07T03:19:55.030+0000] {taskinstance.py:2596} INFO - 0 downstream tasks scheduled from follow-on schedule check
[2023-05-08T23:43:09.477+0000] {taskinstance.py:1090} INFO - Dependencies all met for dep_context=non-requeueable deps ti=<TaskInstance: scrape_and_save_to_csv.scrape_teams_9-16 scheduled__2022-05-01T23:00:00+00:00 [queued]>
[2023-05-08T23:43:09.489+0000] {taskinstance.py:1090} INFO - Dependencies all met for dep_context=requeueable deps ti=<TaskInstance: scrape_and_save_to_csv.scrape_teams_9-16 scheduled__2022-05-01T23:00:00+00:00 [queued]>
[2023-05-08T23:43:09.490+0000] {taskinstance.py:1288} INFO - 
--------------------------------------------------------------------------------
[2023-05-08T23:43:09.491+0000] {taskinstance.py:1289} INFO - Starting attempt 1 of 1
[2023-05-08T23:43:09.492+0000] {taskinstance.py:1290} INFO - 
--------------------------------------------------------------------------------
[2023-05-08T23:43:09.507+0000] {taskinstance.py:1309} INFO - Executing <Task(PythonOperator): scrape_teams_9-16> on 2022-05-01 23:00:00+00:00
[2023-05-08T23:43:09.515+0000] {standard_task_runner.py:55} INFO - Started process 117 to run task
[2023-05-08T23:43:09.520+0000] {standard_task_runner.py:82} INFO - Running: ['***', 'tasks', 'run', 'scrape_and_save_to_csv', 'scrape_teams_9-16', 'scheduled__2022-05-01T23:00:00+00:00', '--job-id', '3092', '--raw', '--subdir', 'DAGS_FOLDER/scrape_and_push_dag.py', '--cfg-path', '/tmp/tmpnux6p_2h']
[2023-05-08T23:43:09.523+0000] {standard_task_runner.py:83} INFO - Job 3092: Subtask scrape_teams_9-16
[2023-05-08T23:43:09.617+0000] {task_command.py:389} INFO - Running <TaskInstance: scrape_and_save_to_csv.scrape_teams_9-16 scheduled__2022-05-01T23:00:00+00:00 [running]> on host f41dbfa3d325
[2023-05-08T23:43:09.658+0000] {warnings.py:110} WARNING - /home/***/.local/lib/python3.7/site-packages/***/utils/context.py:205: AirflowContextDeprecationWarning: Accessing 'execution_date' from the template is deprecated and will be removed in a future version. Please use 'data_interval_start' or 'logical_date' instead.
  warnings.warn(_create_deprecation_warning(key, self._deprecation_replacements[key]))

[2023-05-08T23:43:09.696+0000] {taskinstance.py:1518} INFO - Exporting the following env vars:
AIRFLOW_CTX_DAG_OWNER=***
AIRFLOW_CTX_DAG_ID=scrape_and_save_to_csv
AIRFLOW_CTX_TASK_ID=scrape_teams_9-16
AIRFLOW_CTX_EXECUTION_DATE=2022-05-01T23:00:00+00:00
AIRFLOW_CTX_TRY_NUMBER=1
AIRFLOW_CTX_DAG_RUN_ID=scheduled__2022-05-01T23:00:00+00:00
[2023-05-08T23:43:09.699+0000] {taskinstance.py:1776} ERROR - Task failed with exception
Traceback (most recent call last):
  File "/home/airflow/.local/lib/python3.7/site-packages/airflow/operators/python.py", line 175, in execute
    return_value = self.execute_callable()
  File "/home/airflow/.local/lib/python3.7/site-packages/airflow/operators/python.py", line 192, in execute_callable
    return self.python_callable(*self.op_args, **self.op_kwargs)
  File "/opt/airflow/dags/helpers.py", line 59, in scrape_and_save
    after = datetime.fromisoformat(f"{{ execution_date }}")
ValueError: Invalid isoformat string: '{ execution_date }'
[2023-05-08T23:43:09.713+0000] {taskinstance.py:1332} INFO - Marking task as FAILED. dag_id=scrape_and_save_to_csv, task_id=scrape_teams_9-16, execution_date=20220501T230000, start_date=20230508T234309, end_date=20230508T234309
[2023-05-08T23:43:09.727+0000] {standard_task_runner.py:105} ERROR - Failed to execute job 3092 for task scrape_teams_9-16 (Invalid isoformat string: '{ execution_date }'; 117)
[2023-05-08T23:43:09.775+0000] {local_task_job.py:212} INFO - Task exited with return code 1
[2023-05-08T23:43:09.807+0000] {taskinstance.py:2596} INFO - 0 downstream tasks scheduled from follow-on schedule check
[2023-05-08T23:46:52.335+0000] {taskinstance.py:1090} INFO - Dependencies all met for dep_context=non-requeueable deps ti=<TaskInstance: scrape_and_save_to_csv.scrape_teams_9-16 scheduled__2022-05-01T23:00:00+00:00 [queued]>
[2023-05-08T23:46:52.346+0000] {taskinstance.py:1090} INFO - Dependencies all met for dep_context=requeueable deps ti=<TaskInstance: scrape_and_save_to_csv.scrape_teams_9-16 scheduled__2022-05-01T23:00:00+00:00 [queued]>
[2023-05-08T23:46:52.347+0000] {taskinstance.py:1288} INFO - 
--------------------------------------------------------------------------------
[2023-05-08T23:46:52.348+0000] {taskinstance.py:1289} INFO - Starting attempt 1 of 1
[2023-05-08T23:46:52.349+0000] {taskinstance.py:1290} INFO - 
--------------------------------------------------------------------------------
[2023-05-08T23:46:52.369+0000] {taskinstance.py:1309} INFO - Executing <Task(PythonOperator): scrape_teams_9-16> on 2022-05-01 23:00:00+00:00
[2023-05-08T23:46:52.374+0000] {standard_task_runner.py:55} INFO - Started process 523 to run task
[2023-05-08T23:46:52.378+0000] {standard_task_runner.py:82} INFO - Running: ['***', 'tasks', 'run', 'scrape_and_save_to_csv', 'scrape_teams_9-16', 'scheduled__2022-05-01T23:00:00+00:00', '--job-id', '3197', '--raw', '--subdir', 'DAGS_FOLDER/scrape_and_push_dag.py', '--cfg-path', '/tmp/tmp63mqb_y9']
[2023-05-08T23:46:52.385+0000] {standard_task_runner.py:83} INFO - Job 3197: Subtask scrape_teams_9-16
[2023-05-08T23:46:52.473+0000] {task_command.py:389} INFO - Running <TaskInstance: scrape_and_save_to_csv.scrape_teams_9-16 scheduled__2022-05-01T23:00:00+00:00 [running]> on host f41dbfa3d325
[2023-05-08T23:46:52.508+0000] {warnings.py:110} WARNING - /home/***/.local/lib/python3.7/site-packages/***/utils/context.py:205: AirflowContextDeprecationWarning: Accessing 'execution_date' from the template is deprecated and will be removed in a future version. Please use 'data_interval_start' or 'logical_date' instead.
  warnings.warn(_create_deprecation_warning(key, self._deprecation_replacements[key]))

[2023-05-08T23:46:52.544+0000] {taskinstance.py:1518} INFO - Exporting the following env vars:
AIRFLOW_CTX_DAG_OWNER=***
AIRFLOW_CTX_DAG_ID=scrape_and_save_to_csv
AIRFLOW_CTX_TASK_ID=scrape_teams_9-16
AIRFLOW_CTX_EXECUTION_DATE=2022-05-01T23:00:00+00:00
AIRFLOW_CTX_TRY_NUMBER=1
AIRFLOW_CTX_DAG_RUN_ID=scheduled__2022-05-01T23:00:00+00:00
[2023-05-08T23:46:52.549+0000] {taskinstance.py:1776} ERROR - Task failed with exception
Traceback (most recent call last):
  File "/home/airflow/.local/lib/python3.7/site-packages/airflow/operators/python.py", line 175, in execute
    return_value = self.execute_callable()
  File "/home/airflow/.local/lib/python3.7/site-packages/airflow/operators/python.py", line 192, in execute_callable
    return self.python_callable(*self.op_args, **self.op_kwargs)
  File "/opt/airflow/dags/helpers.py", line 59, in scrape_and_save
    after = datetime.fromisoformat(f"{{ execution_date }}")
ValueError: Invalid isoformat string: '{ execution_date }'
[2023-05-08T23:46:52.564+0000] {taskinstance.py:1332} INFO - Marking task as FAILED. dag_id=scrape_and_save_to_csv, task_id=scrape_teams_9-16, execution_date=20220501T230000, start_date=20230508T234652, end_date=20230508T234652
[2023-05-08T23:46:52.577+0000] {standard_task_runner.py:105} ERROR - Failed to execute job 3197 for task scrape_teams_9-16 (Invalid isoformat string: '{ execution_date }'; 523)
[2023-05-08T23:46:52.604+0000] {local_task_job.py:212} INFO - Task exited with return code 1
[2023-05-08T23:46:52.634+0000] {taskinstance.py:2596} INFO - 0 downstream tasks scheduled from follow-on schedule check
[2023-05-09T21:50:03.926+0000] {taskinstance.py:1090} INFO - Dependencies all met for dep_context=non-requeueable deps ti=<TaskInstance: scrape_and_save_to_csv.scrape_teams_9-16 scheduled__2022-05-01T23:00:00+00:00 [queued]>
[2023-05-09T21:50:03.952+0000] {taskinstance.py:1090} INFO - Dependencies all met for dep_context=requeueable deps ti=<TaskInstance: scrape_and_save_to_csv.scrape_teams_9-16 scheduled__2022-05-01T23:00:00+00:00 [queued]>
[2023-05-09T21:50:03.955+0000] {taskinstance.py:1288} INFO - 
--------------------------------------------------------------------------------
[2023-05-09T21:50:03.957+0000] {taskinstance.py:1289} INFO - Starting attempt 1 of 1
[2023-05-09T21:50:03.961+0000] {taskinstance.py:1290} INFO - 
--------------------------------------------------------------------------------
[2023-05-09T21:50:03.987+0000] {taskinstance.py:1309} INFO - Executing <Task(PythonOperator): scrape_teams_9-16> on 2022-05-01 23:00:00+00:00
[2023-05-09T21:50:04.004+0000] {standard_task_runner.py:55} INFO - Started process 12872 to run task
[2023-05-09T21:50:04.016+0000] {standard_task_runner.py:82} INFO - Running: ['***', 'tasks', 'run', 'scrape_and_save_to_csv', 'scrape_teams_9-16', 'scheduled__2022-05-01T23:00:00+00:00', '--job-id', '3426', '--raw', '--subdir', 'DAGS_FOLDER/scrape_and_push_dag.py', '--cfg-path', '/tmp/tmpymgx1n12']
[2023-05-09T21:50:04.021+0000] {standard_task_runner.py:83} INFO - Job 3426: Subtask scrape_teams_9-16
[2023-05-09T21:50:04.159+0000] {task_command.py:389} INFO - Running <TaskInstance: scrape_and_save_to_csv.scrape_teams_9-16 scheduled__2022-05-01T23:00:00+00:00 [running]> on host f41dbfa3d325
[2023-05-09T21:50:04.215+0000] {warnings.py:110} WARNING - /home/***/.local/lib/python3.7/site-packages/***/utils/context.py:205: AirflowContextDeprecationWarning: Accessing 'execution_date' from the template is deprecated and will be removed in a future version. Please use 'data_interval_start' or 'logical_date' instead.
  warnings.warn(_create_deprecation_warning(key, self._deprecation_replacements[key]))

[2023-05-09T21:50:04.282+0000] {taskinstance.py:1518} INFO - Exporting the following env vars:
AIRFLOW_CTX_DAG_OWNER=***
AIRFLOW_CTX_DAG_ID=scrape_and_save_to_csv
AIRFLOW_CTX_TASK_ID=scrape_teams_9-16
AIRFLOW_CTX_EXECUTION_DATE=2022-05-01T23:00:00+00:00
AIRFLOW_CTX_TRY_NUMBER=1
AIRFLOW_CTX_DAG_RUN_ID=scheduled__2022-05-01T23:00:00+00:00
[2023-05-09T21:50:11.425+0000] {helpers.py:94} INFO - Detroit Pistons: Successfully scraped!
[2023-05-09T21:50:26.879+0000] {helpers.py:94} INFO - Golden State Warriors: Successfully scraped!
[2023-05-09T21:50:42.986+0000] {helpers.py:94} INFO - Houston Rockets: Successfully scraped!
[2023-05-09T21:50:58.942+0000] {helpers.py:94} INFO - Indiana Pacers: Successfully scraped!
[2023-05-09T21:51:14.445+0000] {helpers.py:94} INFO - Los Angeles Clippers: Successfully scraped!
[2023-05-09T21:51:29.183+0000] {helpers.py:94} INFO - Los Angeles Lakers: Successfully scraped!
[2023-05-09T21:51:43.478+0000] {helpers.py:94} INFO - Memphis Grizzlies: Successfully scraped!
[2023-05-09T21:51:55.257+0000] {helpers.py:94} INFO - Miami Heat: Successfully scraped!
[2023-05-09T21:51:55.282+0000] {helpers.py:109} INFO - Saved in /opt/***/data/output_scrape_teams_9-16.csv
[2023-05-09T21:51:55.302+0000] {python.py:177} INFO - Done. Returned value was: None
[2023-05-09T21:51:55.337+0000] {taskinstance.py:1332} INFO - Marking task as SUCCESS. dag_id=scrape_and_save_to_csv, task_id=scrape_teams_9-16, execution_date=20220501T230000, start_date=20230509T215003, end_date=20230509T215155
[2023-05-09T21:51:55.442+0000] {local_task_job.py:212} INFO - Task exited with return code 0
[2023-05-09T21:51:55.473+0000] {taskinstance.py:2596} INFO - 0 downstream tasks scheduled from follow-on schedule check
