[2023-05-10T01:38:22.907+0000] {taskinstance.py:1090} INFO - Dependencies all met for dep_context=non-requeueable deps ti=<TaskInstance: scrape_and_save_to_csv.scrape_teams_25-30 scheduled__2022-05-04T14:00:00+00:00 [queued]>
[2023-05-10T01:38:22.921+0000] {taskinstance.py:1090} INFO - Dependencies all met for dep_context=requeueable deps ti=<TaskInstance: scrape_and_save_to_csv.scrape_teams_25-30 scheduled__2022-05-04T14:00:00+00:00 [queued]>
[2023-05-10T01:38:22.922+0000] {taskinstance.py:1288} INFO - 
--------------------------------------------------------------------------------
[2023-05-10T01:38:22.928+0000] {taskinstance.py:1289} INFO - Starting attempt 1 of 1
[2023-05-10T01:38:22.929+0000] {taskinstance.py:1290} INFO - 
--------------------------------------------------------------------------------
[2023-05-10T01:38:22.945+0000] {taskinstance.py:1309} INFO - Executing <Task(PythonOperator): scrape_teams_25-30> on 2022-05-04 14:00:00+00:00
[2023-05-10T01:38:22.953+0000] {standard_task_runner.py:55} INFO - Started process 15882 to run task
[2023-05-10T01:38:22.958+0000] {standard_task_runner.py:82} INFO - Running: ['***', 'tasks', 'run', 'scrape_and_save_to_csv', 'scrape_teams_25-30', 'scheduled__2022-05-04T14:00:00+00:00', '--job-id', '3802', '--raw', '--subdir', 'DAGS_FOLDER/scrape_and_push_dag.py', '--cfg-path', '/tmp/tmpyi3b6a82']
[2023-05-10T01:38:22.961+0000] {standard_task_runner.py:83} INFO - Job 3802: Subtask scrape_teams_25-30
[2023-05-10T01:38:23.091+0000] {task_command.py:389} INFO - Running <TaskInstance: scrape_and_save_to_csv.scrape_teams_25-30 scheduled__2022-05-04T14:00:00+00:00 [running]> on host f41dbfa3d325
[2023-05-10T01:38:23.132+0000] {warnings.py:110} WARNING - /home/***/.local/lib/python3.7/site-packages/***/utils/context.py:205: AirflowContextDeprecationWarning: Accessing 'execution_date' from the template is deprecated and will be removed in a future version. Please use 'data_interval_start' or 'logical_date' instead.
  warnings.warn(_create_deprecation_warning(key, self._deprecation_replacements[key]))

[2023-05-10T01:38:23.177+0000] {taskinstance.py:1518} INFO - Exporting the following env vars:
AIRFLOW_CTX_DAG_OWNER=***
AIRFLOW_CTX_DAG_ID=scrape_and_save_to_csv
AIRFLOW_CTX_TASK_ID=scrape_teams_25-30
AIRFLOW_CTX_EXECUTION_DATE=2022-05-04T14:00:00+00:00
AIRFLOW_CTX_TRY_NUMBER=1
AIRFLOW_CTX_DAG_RUN_ID=scheduled__2022-05-04T14:00:00+00:00
[2023-05-10T01:38:24.173+0000] {helpers.py:94} INFO - Portland Trail Blazers: Successfully scraped!
[2023-05-10T01:38:26.529+0000] {helpers.py:94} INFO - Sacramento Kings: Successfully scraped!
[2023-05-10T01:38:33.804+0000] {helpers.py:94} INFO - San Antonio Spurs: Successfully scraped!
[2023-05-10T01:38:37.452+0000] {helpers.py:94} INFO - Toronto Raptors: Successfully scraped!
[2023-05-10T01:38:44.819+0000] {helpers.py:94} INFO - Utah Jazz: Successfully scraped!
[2023-05-10T01:38:53.207+0000] {helpers.py:94} INFO - Washington Wizards: Successfully scraped!
[2023-05-10T01:38:53.217+0000] {helpers.py:109} INFO - Saved in /opt/***/data/output_scrape_teams_25-30.csv
[2023-05-10T01:38:53.219+0000] {python.py:177} INFO - Done. Returned value was: None
[2023-05-10T01:38:53.240+0000] {taskinstance.py:1332} INFO - Marking task as SUCCESS. dag_id=scrape_and_save_to_csv, task_id=scrape_teams_25-30, execution_date=20220504T140000, start_date=20230510T013822, end_date=20230510T013853
[2023-05-10T01:38:53.300+0000] {local_task_job.py:212} INFO - Task exited with return code 0
[2023-05-10T01:38:53.334+0000] {taskinstance.py:2596} INFO - 0 downstream tasks scheduled from follow-on schedule check
