[2023-05-19T22:07:05.987+0000] {taskinstance.py:1090} INFO - Dependencies all met for dep_context=non-requeueable deps ti=<TaskInstance: cloud_storage_to_bigquery_dag.trigger_create_native_table manual__2023-05-19T22:07:00.793740+00:00 [queued]>
[2023-05-19T22:07:05.996+0000] {taskinstance.py:1090} INFO - Dependencies all met for dep_context=requeueable deps ti=<TaskInstance: cloud_storage_to_bigquery_dag.trigger_create_native_table manual__2023-05-19T22:07:00.793740+00:00 [queued]>
[2023-05-19T22:07:05.997+0000] {taskinstance.py:1288} INFO - 
--------------------------------------------------------------------------------
[2023-05-19T22:07:05.998+0000] {taskinstance.py:1289} INFO - Starting attempt 1 of 1
[2023-05-19T22:07:05.999+0000] {taskinstance.py:1290} INFO - 
--------------------------------------------------------------------------------
[2023-05-19T22:07:06.013+0000] {taskinstance.py:1309} INFO - Executing <Task(TriggerDagRunOperator): trigger_create_native_table> on 2023-05-19 22:07:00.793740+00:00
[2023-05-19T22:07:06.025+0000] {standard_task_runner.py:55} INFO - Started process 1459 to run task
[2023-05-19T22:07:06.031+0000] {standard_task_runner.py:82} INFO - Running: ['***', 'tasks', 'run', 'cloud_storage_to_bigquery_dag', 'trigger_create_native_table', 'manual__2023-05-19T22:07:00.793740+00:00', '--job-id', '4445', '--raw', '--subdir', 'DAGS_FOLDER/cloud_storage_to_bigquery_dag.py', '--cfg-path', '/tmp/tmp74z1y2aa']
[2023-05-19T22:07:06.038+0000] {standard_task_runner.py:83} INFO - Job 4445: Subtask trigger_create_native_table
[2023-05-19T22:07:06.147+0000] {task_command.py:389} INFO - Running <TaskInstance: cloud_storage_to_bigquery_dag.trigger_create_native_table manual__2023-05-19T22:07:00.793740+00:00 [running]> on host e1b88dc21215
[2023-05-19T22:07:06.223+0000] {taskinstance.py:1518} INFO - Exporting the following env vars:
AIRFLOW_CTX_DAG_OWNER=***
AIRFLOW_CTX_DAG_ID=cloud_storage_to_bigquery_dag
AIRFLOW_CTX_TASK_ID=trigger_create_native_table
AIRFLOW_CTX_EXECUTION_DATE=2023-05-19T22:07:00.793740+00:00
AIRFLOW_CTX_TRY_NUMBER=1
AIRFLOW_CTX_DAG_RUN_ID=manual__2023-05-19T22:07:00.793740+00:00
[2023-05-19T22:07:06.728+0000] {taskinstance.py:1332} INFO - Marking task as SUCCESS. dag_id=cloud_storage_to_bigquery_dag, task_id=trigger_create_native_table, execution_date=20230519T220700, start_date=20230519T220705, end_date=20230519T220706
[2023-05-19T22:07:06.775+0000] {local_task_job.py:212} INFO - Task exited with return code 0
[2023-05-19T22:07:06.798+0000] {taskinstance.py:2596} INFO - 0 downstream tasks scheduled from follow-on schedule check
