[2023-04-30T20:38:51.260+0000] {taskinstance.py:1090} INFO - Dependencies all met for dep_context=non-requeueable deps ti=<TaskInstance: scrape_and_save_to_csv.scrape_teams_1-8 scheduled__2023-04-30T19:30:00+00:00 [queued]>
[2023-04-30T20:38:51.274+0000] {taskinstance.py:1090} INFO - Dependencies all met for dep_context=requeueable deps ti=<TaskInstance: scrape_and_save_to_csv.scrape_teams_1-8 scheduled__2023-04-30T19:30:00+00:00 [queued]>
[2023-04-30T20:38:51.278+0000] {taskinstance.py:1288} INFO - 
--------------------------------------------------------------------------------
[2023-04-30T20:38:51.280+0000] {taskinstance.py:1289} INFO - Starting attempt 1 of 1
[2023-04-30T20:38:51.281+0000] {taskinstance.py:1290} INFO - 
--------------------------------------------------------------------------------
[2023-04-30T20:38:51.296+0000] {taskinstance.py:1309} INFO - Executing <Task(PythonOperator): scrape_teams_1-8> on 2023-04-30 19:30:00+00:00
[2023-04-30T20:38:51.302+0000] {standard_task_runner.py:55} INFO - Started process 409 to run task
[2023-04-30T20:38:51.309+0000] {standard_task_runner.py:82} INFO - Running: ['***', 'tasks', 'run', 'scrape_and_save_to_csv', 'scrape_teams_1-8', 'scheduled__2023-04-30T19:30:00+00:00', '--job-id', '1947', '--raw', '--subdir', 'DAGS_FOLDER/scrape_and_save_csv_dag.py', '--cfg-path', '/tmp/tmpr963siva']
[2023-04-30T20:38:51.313+0000] {standard_task_runner.py:83} INFO - Job 1947: Subtask scrape_teams_1-8
[2023-04-30T20:38:51.420+0000] {task_command.py:389} INFO - Running <TaskInstance: scrape_and_save_to_csv.scrape_teams_1-8 scheduled__2023-04-30T19:30:00+00:00 [running]> on host 5d4cd8acb346
[2023-04-30T20:38:51.549+0000] {taskinstance.py:1518} INFO - Exporting the following env vars:
AIRFLOW_CTX_DAG_OWNER=***
AIRFLOW_CTX_DAG_ID=scrape_and_save_to_csv
AIRFLOW_CTX_TASK_ID=scrape_teams_1-8
AIRFLOW_CTX_EXECUTION_DATE=2023-04-30T19:30:00+00:00
AIRFLOW_CTX_TRY_NUMBER=1
AIRFLOW_CTX_DAG_RUN_ID=scheduled__2023-04-30T19:30:00+00:00
[2023-04-30T20:38:51.666+0000] {logging_mixin.py:137} INFO - HTTPSConnectionPool(host='api.pushshift.io', port=443): Max retries exceeded with url: /reddit/search/submission/?subreddit=AtlantaHawks&sort=created_utc&sort_type=desc&size=500 (Caused by NewConnectionError('<urllib3.connection.HTTPSConnection object at 0xffff9bf95a10>: Failed to establish a new connection: [Errno -2] Name or service not known'))
[2023-04-30T20:38:51.690+0000] {helpers.py:86} ERROR - HTTPSConnectionPool(host='api.pushshift.io', port=443): Max retries exceeded with url: /reddit/search/submission/?subreddit=AtlantaHawks&sort=created_utc&sort_type=desc&size=500 (Caused by NewConnectionError('<urllib3.connection.HTTPSConnection object at 0xffff9bf95a10>: Failed to establish a new connection: [Errno -2] Name or service not known'))
[2023-04-30T20:38:51.693+0000] {helpers.py:87} ERROR - Retrying! 9 attempts before skipping!
[2023-04-30T20:38:52.714+0000] {logging_mixin.py:137} INFO - HTTPSConnectionPool(host='api.pushshift.io', port=443): Max retries exceeded with url: /reddit/search/submission/?subreddit=AtlantaHawks&sort=created_utc&sort_type=desc&size=500 (Caused by NewConnectionError('<urllib3.connection.HTTPSConnection object at 0xffff9bf95c10>: Failed to establish a new connection: [Errno -2] Name or service not known'))
[2023-04-30T20:38:52.715+0000] {helpers.py:86} ERROR - HTTPSConnectionPool(host='api.pushshift.io', port=443): Max retries exceeded with url: /reddit/search/submission/?subreddit=AtlantaHawks&sort=created_utc&sort_type=desc&size=500 (Caused by NewConnectionError('<urllib3.connection.HTTPSConnection object at 0xffff9bf95c10>: Failed to establish a new connection: [Errno -2] Name or service not known'))
[2023-04-30T20:38:52.717+0000] {helpers.py:87} ERROR - Retrying! 8 attempts before skipping!
[2023-04-30T20:38:53.727+0000] {logging_mixin.py:137} INFO - HTTPSConnectionPool(host='api.pushshift.io', port=443): Max retries exceeded with url: /reddit/search/submission/?subreddit=AtlantaHawks&sort=created_utc&sort_type=desc&size=500 (Caused by NewConnectionError('<urllib3.connection.HTTPSConnection object at 0xffff9bf95a50>: Failed to establish a new connection: [Errno -2] Name or service not known'))
[2023-04-30T20:38:53.731+0000] {helpers.py:86} ERROR - HTTPSConnectionPool(host='api.pushshift.io', port=443): Max retries exceeded with url: /reddit/search/submission/?subreddit=AtlantaHawks&sort=created_utc&sort_type=desc&size=500 (Caused by NewConnectionError('<urllib3.connection.HTTPSConnection object at 0xffff9bf95a50>: Failed to establish a new connection: [Errno -2] Name or service not known'))
[2023-04-30T20:38:53.732+0000] {helpers.py:87} ERROR - Retrying! 7 attempts before skipping!
[2023-04-30T20:38:54.749+0000] {logging_mixin.py:137} INFO - HTTPSConnectionPool(host='api.pushshift.io', port=443): Max retries exceeded with url: /reddit/search/submission/?subreddit=AtlantaHawks&sort=created_utc&sort_type=desc&size=500 (Caused by NewConnectionError('<urllib3.connection.HTTPSConnection object at 0xffff9bf95950>: Failed to establish a new connection: [Errno -2] Name or service not known'))
[2023-04-30T20:38:54.751+0000] {helpers.py:86} ERROR - HTTPSConnectionPool(host='api.pushshift.io', port=443): Max retries exceeded with url: /reddit/search/submission/?subreddit=AtlantaHawks&sort=created_utc&sort_type=desc&size=500 (Caused by NewConnectionError('<urllib3.connection.HTTPSConnection object at 0xffff9bf95950>: Failed to establish a new connection: [Errno -2] Name or service not known'))
[2023-04-30T20:38:54.752+0000] {helpers.py:87} ERROR - Retrying! 6 attempts before skipping!
[2023-04-30T20:38:55.768+0000] {logging_mixin.py:137} INFO - HTTPSConnectionPool(host='api.pushshift.io', port=443): Max retries exceeded with url: /reddit/search/submission/?subreddit=AtlantaHawks&sort=created_utc&sort_type=desc&size=500 (Caused by NewConnectionError('<urllib3.connection.HTTPSConnection object at 0xffff9bf95d50>: Failed to establish a new connection: [Errno -2] Name or service not known'))
[2023-04-30T20:38:55.773+0000] {helpers.py:86} ERROR - HTTPSConnectionPool(host='api.pushshift.io', port=443): Max retries exceeded with url: /reddit/search/submission/?subreddit=AtlantaHawks&sort=created_utc&sort_type=desc&size=500 (Caused by NewConnectionError('<urllib3.connection.HTTPSConnection object at 0xffff9bf95d50>: Failed to establish a new connection: [Errno -2] Name or service not known'))
[2023-04-30T20:38:55.777+0000] {helpers.py:87} ERROR - Retrying! 5 attempts before skipping!
[2023-04-30T20:38:56.788+0000] {logging_mixin.py:137} INFO - HTTPSConnectionPool(host='api.pushshift.io', port=443): Max retries exceeded with url: /reddit/search/submission/?subreddit=AtlantaHawks&sort=created_utc&sort_type=desc&size=500 (Caused by NewConnectionError('<urllib3.connection.HTTPSConnection object at 0xffff9bf95c50>: Failed to establish a new connection: [Errno -2] Name or service not known'))
[2023-04-30T20:38:56.790+0000] {helpers.py:86} ERROR - HTTPSConnectionPool(host='api.pushshift.io', port=443): Max retries exceeded with url: /reddit/search/submission/?subreddit=AtlantaHawks&sort=created_utc&sort_type=desc&size=500 (Caused by NewConnectionError('<urllib3.connection.HTTPSConnection object at 0xffff9bf95c50>: Failed to establish a new connection: [Errno -2] Name or service not known'))
[2023-04-30T20:38:56.792+0000] {helpers.py:87} ERROR - Retrying! 4 attempts before skipping!
[2023-04-30T20:38:57.804+0000] {logging_mixin.py:137} INFO - HTTPSConnectionPool(host='api.pushshift.io', port=443): Max retries exceeded with url: /reddit/search/submission/?subreddit=AtlantaHawks&sort=created_utc&sort_type=desc&size=500 (Caused by NewConnectionError('<urllib3.connection.HTTPSConnection object at 0xffff9bf95c10>: Failed to establish a new connection: [Errno -2] Name or service not known'))
[2023-04-30T20:38:57.807+0000] {helpers.py:86} ERROR - HTTPSConnectionPool(host='api.pushshift.io', port=443): Max retries exceeded with url: /reddit/search/submission/?subreddit=AtlantaHawks&sort=created_utc&sort_type=desc&size=500 (Caused by NewConnectionError('<urllib3.connection.HTTPSConnection object at 0xffff9bf95c10>: Failed to establish a new connection: [Errno -2] Name or service not known'))
[2023-04-30T20:38:57.810+0000] {helpers.py:87} ERROR - Retrying! 3 attempts before skipping!
[2023-04-30T20:38:58.824+0000] {logging_mixin.py:137} INFO - HTTPSConnectionPool(host='api.pushshift.io', port=443): Max retries exceeded with url: /reddit/search/submission/?subreddit=AtlantaHawks&sort=created_utc&sort_type=desc&size=500 (Caused by NewConnectionError('<urllib3.connection.HTTPSConnection object at 0xffff9bf95a50>: Failed to establish a new connection: [Errno -2] Name or service not known'))
[2023-04-30T20:38:58.827+0000] {helpers.py:86} ERROR - HTTPSConnectionPool(host='api.pushshift.io', port=443): Max retries exceeded with url: /reddit/search/submission/?subreddit=AtlantaHawks&sort=created_utc&sort_type=desc&size=500 (Caused by NewConnectionError('<urllib3.connection.HTTPSConnection object at 0xffff9bf95a50>: Failed to establish a new connection: [Errno -2] Name or service not known'))
[2023-04-30T20:38:58.829+0000] {helpers.py:87} ERROR - Retrying! 2 attempts before skipping!
[2023-04-30T20:38:59.843+0000] {logging_mixin.py:137} INFO - HTTPSConnectionPool(host='api.pushshift.io', port=443): Max retries exceeded with url: /reddit/search/submission/?subreddit=AtlantaHawks&sort=created_utc&sort_type=desc&size=500 (Caused by NewConnectionError('<urllib3.connection.HTTPSConnection object at 0xffff9bf95950>: Failed to establish a new connection: [Errno -2] Name or service not known'))
[2023-04-30T20:38:59.849+0000] {helpers.py:86} ERROR - HTTPSConnectionPool(host='api.pushshift.io', port=443): Max retries exceeded with url: /reddit/search/submission/?subreddit=AtlantaHawks&sort=created_utc&sort_type=desc&size=500 (Caused by NewConnectionError('<urllib3.connection.HTTPSConnection object at 0xffff9bf95950>: Failed to establish a new connection: [Errno -2] Name or service not known'))
[2023-04-30T20:38:59.850+0000] {helpers.py:87} ERROR - Retrying! 1 attempts before skipping!
[2023-04-30T20:39:00.863+0000] {logging_mixin.py:137} INFO - HTTPSConnectionPool(host='api.pushshift.io', port=443): Max retries exceeded with url: /reddit/search/submission/?subreddit=AtlantaHawks&sort=created_utc&sort_type=desc&size=500 (Caused by NewConnectionError('<urllib3.connection.HTTPSConnection object at 0xffff9bf95d50>: Failed to establish a new connection: [Errno -2] Name or service not known'))
[2023-04-30T20:39:00.866+0000] {helpers.py:86} ERROR - HTTPSConnectionPool(host='api.pushshift.io', port=443): Max retries exceeded with url: /reddit/search/submission/?subreddit=AtlantaHawks&sort=created_utc&sort_type=desc&size=500 (Caused by NewConnectionError('<urllib3.connection.HTTPSConnection object at 0xffff9bf95d50>: Failed to establish a new connection: [Errno -2] Name or service not known'))
[2023-04-30T20:39:00.868+0000] {helpers.py:87} ERROR - Retrying! 0 attempts before skipping!
[2023-04-30T20:39:01.879+0000] {logging_mixin.py:137} INFO - HTTPSConnectionPool(host='api.pushshift.io', port=443): Max retries exceeded with url: /reddit/search/submission/?subreddit=AtlantaHawks&sort=created_utc&sort_type=desc&size=500 (Caused by NewConnectionError('<urllib3.connection.HTTPSConnection object at 0xffff9bf95c50>: Failed to establish a new connection: [Errno -2] Name or service not known'))
[2023-04-30T20:39:01.883+0000] {helpers.py:86} ERROR - HTTPSConnectionPool(host='api.pushshift.io', port=443): Max retries exceeded with url: /reddit/search/submission/?subreddit=AtlantaHawks&sort=created_utc&sort_type=desc&size=500 (Caused by NewConnectionError('<urllib3.connection.HTTPSConnection object at 0xffff9bf95c50>: Failed to establish a new connection: [Errno -2] Name or service not known'))
[2023-04-30T20:39:01.884+0000] {helpers.py:87} ERROR - Retrying! -1 attempts before skipping!
[2023-04-30T20:39:02.903+0000] {logging_mixin.py:137} INFO - HTTPSConnectionPool(host='api.pushshift.io', port=443): Max retries exceeded with url: /reddit/search/submission/?subreddit=bostonceltics&sort=created_utc&sort_type=desc&size=500 (Caused by NewConnectionError('<urllib3.connection.HTTPSConnection object at 0xffff9bf95850>: Failed to establish a new connection: [Errno -2] Name or service not known'))
[2023-04-30T20:39:02.908+0000] {helpers.py:86} ERROR - HTTPSConnectionPool(host='api.pushshift.io', port=443): Max retries exceeded with url: /reddit/search/submission/?subreddit=bostonceltics&sort=created_utc&sort_type=desc&size=500 (Caused by NewConnectionError('<urllib3.connection.HTTPSConnection object at 0xffff9bf95850>: Failed to establish a new connection: [Errno -2] Name or service not known'))
[2023-04-30T20:39:02.911+0000] {helpers.py:87} ERROR - Retrying! 9 attempts before skipping!
[2023-04-30T20:39:03.920+0000] {logging_mixin.py:137} INFO - HTTPSConnectionPool(host='api.pushshift.io', port=443): Max retries exceeded with url: /reddit/search/submission/?subreddit=bostonceltics&sort=created_utc&sort_type=desc&size=500 (Caused by NewConnectionError('<urllib3.connection.HTTPSConnection object at 0xffff9bf95b10>: Failed to establish a new connection: [Errno -2] Name or service not known'))
[2023-04-30T20:39:03.922+0000] {helpers.py:86} ERROR - HTTPSConnectionPool(host='api.pushshift.io', port=443): Max retries exceeded with url: /reddit/search/submission/?subreddit=bostonceltics&sort=created_utc&sort_type=desc&size=500 (Caused by NewConnectionError('<urllib3.connection.HTTPSConnection object at 0xffff9bf95b10>: Failed to establish a new connection: [Errno -2] Name or service not known'))
[2023-04-30T20:39:03.923+0000] {helpers.py:87} ERROR - Retrying! 8 attempts before skipping!
[2023-04-30T20:39:04.930+0000] {logging_mixin.py:137} INFO - HTTPSConnectionPool(host='api.pushshift.io', port=443): Max retries exceeded with url: /reddit/search/submission/?subreddit=bostonceltics&sort=created_utc&sort_type=desc&size=500 (Caused by NewConnectionError('<urllib3.connection.HTTPSConnection object at 0xffff9bf95f90>: Failed to establish a new connection: [Errno -2] Name or service not known'))
[2023-04-30T20:39:04.931+0000] {helpers.py:86} ERROR - HTTPSConnectionPool(host='api.pushshift.io', port=443): Max retries exceeded with url: /reddit/search/submission/?subreddit=bostonceltics&sort=created_utc&sort_type=desc&size=500 (Caused by NewConnectionError('<urllib3.connection.HTTPSConnection object at 0xffff9bf95f90>: Failed to establish a new connection: [Errno -2] Name or service not known'))
[2023-04-30T20:39:04.933+0000] {helpers.py:87} ERROR - Retrying! 7 attempts before skipping!
[2023-04-30T20:39:05.942+0000] {logging_mixin.py:137} INFO - HTTPSConnectionPool(host='api.pushshift.io', port=443): Max retries exceeded with url: /reddit/search/submission/?subreddit=bostonceltics&sort=created_utc&sort_type=desc&size=500 (Caused by NewConnectionError('<urllib3.connection.HTTPSConnection object at 0xffff9bf95c10>: Failed to establish a new connection: [Errno -2] Name or service not known'))
[2023-04-30T20:39:05.944+0000] {helpers.py:86} ERROR - HTTPSConnectionPool(host='api.pushshift.io', port=443): Max retries exceeded with url: /reddit/search/submission/?subreddit=bostonceltics&sort=created_utc&sort_type=desc&size=500 (Caused by NewConnectionError('<urllib3.connection.HTTPSConnection object at 0xffff9bf95c10>: Failed to establish a new connection: [Errno -2] Name or service not known'))
[2023-04-30T20:39:05.945+0000] {helpers.py:87} ERROR - Retrying! 6 attempts before skipping!
[2023-04-30T20:39:06.957+0000] {logging_mixin.py:137} INFO - HTTPSConnectionPool(host='api.pushshift.io', port=443): Max retries exceeded with url: /reddit/search/submission/?subreddit=bostonceltics&sort=created_utc&sort_type=desc&size=500 (Caused by NewConnectionError('<urllib3.connection.HTTPSConnection object at 0xffff9bf95a50>: Failed to establish a new connection: [Errno -2] Name or service not known'))
[2023-04-30T20:39:06.959+0000] {helpers.py:86} ERROR - HTTPSConnectionPool(host='api.pushshift.io', port=443): Max retries exceeded with url: /reddit/search/submission/?subreddit=bostonceltics&sort=created_utc&sort_type=desc&size=500 (Caused by NewConnectionError('<urllib3.connection.HTTPSConnection object at 0xffff9bf95a50>: Failed to establish a new connection: [Errno -2] Name or service not known'))
[2023-04-30T20:39:06.963+0000] {helpers.py:87} ERROR - Retrying! 5 attempts before skipping!
[2023-04-30T20:39:07.974+0000] {logging_mixin.py:137} INFO - HTTPSConnectionPool(host='api.pushshift.io', port=443): Max retries exceeded with url: /reddit/search/submission/?subreddit=bostonceltics&sort=created_utc&sort_type=desc&size=500 (Caused by NewConnectionError('<urllib3.connection.HTTPSConnection object at 0xffff9bf95950>: Failed to establish a new connection: [Errno -2] Name or service not known'))
[2023-04-30T20:39:07.976+0000] {helpers.py:86} ERROR - HTTPSConnectionPool(host='api.pushshift.io', port=443): Max retries exceeded with url: /reddit/search/submission/?subreddit=bostonceltics&sort=created_utc&sort_type=desc&size=500 (Caused by NewConnectionError('<urllib3.connection.HTTPSConnection object at 0xffff9bf95950>: Failed to establish a new connection: [Errno -2] Name or service not known'))
[2023-04-30T20:39:07.978+0000] {helpers.py:87} ERROR - Retrying! 4 attempts before skipping!
[2023-04-30T20:39:08.993+0000] {logging_mixin.py:137} INFO - HTTPSConnectionPool(host='api.pushshift.io', port=443): Max retries exceeded with url: /reddit/search/submission/?subreddit=bostonceltics&sort=created_utc&sort_type=desc&size=500 (Caused by NewConnectionError('<urllib3.connection.HTTPSConnection object at 0xffff9bf95d50>: Failed to establish a new connection: [Errno -2] Name or service not known'))
[2023-04-30T20:39:08.995+0000] {helpers.py:86} ERROR - HTTPSConnectionPool(host='api.pushshift.io', port=443): Max retries exceeded with url: /reddit/search/submission/?subreddit=bostonceltics&sort=created_utc&sort_type=desc&size=500 (Caused by NewConnectionError('<urllib3.connection.HTTPSConnection object at 0xffff9bf95d50>: Failed to establish a new connection: [Errno -2] Name or service not known'))
[2023-04-30T20:39:09.002+0000] {helpers.py:87} ERROR - Retrying! 3 attempts before skipping!
[2023-04-30T20:39:10.016+0000] {logging_mixin.py:137} INFO - HTTPSConnectionPool(host='api.pushshift.io', port=443): Max retries exceeded with url: /reddit/search/submission/?subreddit=bostonceltics&sort=created_utc&sort_type=desc&size=500 (Caused by NewConnectionError('<urllib3.connection.HTTPSConnection object at 0xffff9bf951d0>: Failed to establish a new connection: [Errno -2] Name or service not known'))
[2023-04-30T20:39:10.020+0000] {helpers.py:86} ERROR - HTTPSConnectionPool(host='api.pushshift.io', port=443): Max retries exceeded with url: /reddit/search/submission/?subreddit=bostonceltics&sort=created_utc&sort_type=desc&size=500 (Caused by NewConnectionError('<urllib3.connection.HTTPSConnection object at 0xffff9bf951d0>: Failed to establish a new connection: [Errno -2] Name or service not known'))
[2023-04-30T20:39:10.022+0000] {helpers.py:87} ERROR - Retrying! 2 attempts before skipping!
[2023-04-30T20:39:11.047+0000] {logging_mixin.py:137} INFO - HTTPSConnectionPool(host='api.pushshift.io', port=443): Max retries exceeded with url: /reddit/search/submission/?subreddit=bostonceltics&sort=created_utc&sort_type=desc&size=500 (Caused by NewConnectionError('<urllib3.connection.HTTPSConnection object at 0xffff9bf95850>: Failed to establish a new connection: [Errno -2] Name or service not known'))
[2023-04-30T20:39:11.049+0000] {helpers.py:86} ERROR - HTTPSConnectionPool(host='api.pushshift.io', port=443): Max retries exceeded with url: /reddit/search/submission/?subreddit=bostonceltics&sort=created_utc&sort_type=desc&size=500 (Caused by NewConnectionError('<urllib3.connection.HTTPSConnection object at 0xffff9bf95850>: Failed to establish a new connection: [Errno -2] Name or service not known'))
[2023-04-30T20:39:11.051+0000] {helpers.py:87} ERROR - Retrying! 1 attempts before skipping!
[2023-04-30T20:39:12.061+0000] {logging_mixin.py:137} INFO - HTTPSConnectionPool(host='api.pushshift.io', port=443): Max retries exceeded with url: /reddit/search/submission/?subreddit=bostonceltics&sort=created_utc&sort_type=desc&size=500 (Caused by NewConnectionError('<urllib3.connection.HTTPSConnection object at 0xffff9bf95b10>: Failed to establish a new connection: [Errno -2] Name or service not known'))
[2023-04-30T20:39:12.066+0000] {helpers.py:86} ERROR - HTTPSConnectionPool(host='api.pushshift.io', port=443): Max retries exceeded with url: /reddit/search/submission/?subreddit=bostonceltics&sort=created_utc&sort_type=desc&size=500 (Caused by NewConnectionError('<urllib3.connection.HTTPSConnection object at 0xffff9bf95b10>: Failed to establish a new connection: [Errno -2] Name or service not known'))
[2023-04-30T20:39:12.069+0000] {helpers.py:87} ERROR - Retrying! 0 attempts before skipping!
[2023-04-30T20:39:13.090+0000] {logging_mixin.py:137} INFO - HTTPSConnectionPool(host='api.pushshift.io', port=443): Max retries exceeded with url: /reddit/search/submission/?subreddit=bostonceltics&sort=created_utc&sort_type=desc&size=500 (Caused by NewConnectionError('<urllib3.connection.HTTPSConnection object at 0xffff9bf95f90>: Failed to establish a new connection: [Errno -2] Name or service not known'))
[2023-04-30T20:39:13.092+0000] {helpers.py:86} ERROR - HTTPSConnectionPool(host='api.pushshift.io', port=443): Max retries exceeded with url: /reddit/search/submission/?subreddit=bostonceltics&sort=created_utc&sort_type=desc&size=500 (Caused by NewConnectionError('<urllib3.connection.HTTPSConnection object at 0xffff9bf95f90>: Failed to establish a new connection: [Errno -2] Name or service not known'))
[2023-04-30T20:39:13.094+0000] {helpers.py:87} ERROR - Retrying! -1 attempts before skipping!
[2023-04-30T20:39:14.103+0000] {logging_mixin.py:137} INFO - HTTPSConnectionPool(host='api.pushshift.io', port=443): Max retries exceeded with url: /reddit/search/submission/?subreddit=gonets&sort=created_utc&sort_type=desc&size=500 (Caused by NewConnectionError('<urllib3.connection.HTTPSConnection object at 0xffff9bf95c50>: Failed to establish a new connection: [Errno -2] Name or service not known'))
[2023-04-30T20:39:14.104+0000] {helpers.py:86} ERROR - HTTPSConnectionPool(host='api.pushshift.io', port=443): Max retries exceeded with url: /reddit/search/submission/?subreddit=gonets&sort=created_utc&sort_type=desc&size=500 (Caused by NewConnectionError('<urllib3.connection.HTTPSConnection object at 0xffff9bf95c50>: Failed to establish a new connection: [Errno -2] Name or service not known'))
[2023-04-30T20:39:14.106+0000] {helpers.py:87} ERROR - Retrying! 9 attempts before skipping!
[2023-04-30T20:39:15.121+0000] {logging_mixin.py:137} INFO - HTTPSConnectionPool(host='api.pushshift.io', port=443): Max retries exceeded with url: /reddit/search/submission/?subreddit=gonets&sort=created_utc&sort_type=desc&size=500 (Caused by NewConnectionError('<urllib3.connection.HTTPSConnection object at 0xffff9bf95e90>: Failed to establish a new connection: [Errno -2] Name or service not known'))
[2023-04-30T20:39:15.123+0000] {helpers.py:86} ERROR - HTTPSConnectionPool(host='api.pushshift.io', port=443): Max retries exceeded with url: /reddit/search/submission/?subreddit=gonets&sort=created_utc&sort_type=desc&size=500 (Caused by NewConnectionError('<urllib3.connection.HTTPSConnection object at 0xffff9bf95e90>: Failed to establish a new connection: [Errno -2] Name or service not known'))
[2023-04-30T20:39:15.124+0000] {helpers.py:87} ERROR - Retrying! 8 attempts before skipping!
[2023-04-30T20:39:16.132+0000] {logging_mixin.py:137} INFO - HTTPSConnectionPool(host='api.pushshift.io', port=443): Max retries exceeded with url: /reddit/search/submission/?subreddit=gonets&sort=created_utc&sort_type=desc&size=500 (Caused by NewConnectionError('<urllib3.connection.HTTPSConnection object at 0xffff9bf95b50>: Failed to establish a new connection: [Errno -2] Name or service not known'))
[2023-04-30T20:39:16.134+0000] {helpers.py:86} ERROR - HTTPSConnectionPool(host='api.pushshift.io', port=443): Max retries exceeded with url: /reddit/search/submission/?subreddit=gonets&sort=created_utc&sort_type=desc&size=500 (Caused by NewConnectionError('<urllib3.connection.HTTPSConnection object at 0xffff9bf95b50>: Failed to establish a new connection: [Errno -2] Name or service not known'))
[2023-04-30T20:39:16.137+0000] {helpers.py:87} ERROR - Retrying! 7 attempts before skipping!
[2023-04-30T20:39:17.146+0000] {logging_mixin.py:137} INFO - HTTPSConnectionPool(host='api.pushshift.io', port=443): Max retries exceeded with url: /reddit/search/submission/?subreddit=gonets&sort=created_utc&sort_type=desc&size=500 (Caused by NewConnectionError('<urllib3.connection.HTTPSConnection object at 0xffff9bf95f90>: Failed to establish a new connection: [Errno -2] Name or service not known'))
[2023-04-30T20:39:17.149+0000] {helpers.py:86} ERROR - HTTPSConnectionPool(host='api.pushshift.io', port=443): Max retries exceeded with url: /reddit/search/submission/?subreddit=gonets&sort=created_utc&sort_type=desc&size=500 (Caused by NewConnectionError('<urllib3.connection.HTTPSConnection object at 0xffff9bf95f90>: Failed to establish a new connection: [Errno -2] Name or service not known'))
[2023-04-30T20:39:17.150+0000] {helpers.py:87} ERROR - Retrying! 6 attempts before skipping!
[2023-04-30T20:39:18.185+0000] {logging_mixin.py:137} INFO - HTTPSConnectionPool(host='api.pushshift.io', port=443): Max retries exceeded with url: /reddit/search/submission/?subreddit=gonets&sort=created_utc&sort_type=desc&size=500 (Caused by NewConnectionError('<urllib3.connection.HTTPSConnection object at 0xffff9bf95c50>: Failed to establish a new connection: [Errno -2] Name or service not known'))
[2023-04-30T20:39:18.191+0000] {helpers.py:86} ERROR - HTTPSConnectionPool(host='api.pushshift.io', port=443): Max retries exceeded with url: /reddit/search/submission/?subreddit=gonets&sort=created_utc&sort_type=desc&size=500 (Caused by NewConnectionError('<urllib3.connection.HTTPSConnection object at 0xffff9bf95c50>: Failed to establish a new connection: [Errno -2] Name or service not known'))
[2023-04-30T20:39:18.197+0000] {helpers.py:87} ERROR - Retrying! 5 attempts before skipping!
[2023-04-30T20:39:19.230+0000] {logging_mixin.py:137} INFO - HTTPSConnectionPool(host='api.pushshift.io', port=443): Max retries exceeded with url: /reddit/search/submission/?subreddit=gonets&sort=created_utc&sort_type=desc&size=500 (Caused by NewConnectionError('<urllib3.connection.HTTPSConnection object at 0xffff9bf95e90>: Failed to establish a new connection: [Errno -2] Name or service not known'))
[2023-04-30T20:39:19.233+0000] {helpers.py:86} ERROR - HTTPSConnectionPool(host='api.pushshift.io', port=443): Max retries exceeded with url: /reddit/search/submission/?subreddit=gonets&sort=created_utc&sort_type=desc&size=500 (Caused by NewConnectionError('<urllib3.connection.HTTPSConnection object at 0xffff9bf95e90>: Failed to establish a new connection: [Errno -2] Name or service not known'))
[2023-04-30T20:39:19.235+0000] {helpers.py:87} ERROR - Retrying! 4 attempts before skipping!
[2023-04-30T21:23:09.040+0000] {logging_mixin.py:137} INFO - HTTPSConnectionPool(host='api.pushshift.io', port=443): Max retries exceeded with url: /reddit/search/submission/?subreddit=gonets&sort=created_utc&sort_type=desc&size=500 (Caused by NewConnectionError('<urllib3.connection.HTTPSConnection object at 0xffff9bf95b50>: Failed to establish a new connection: [Errno -2] Name or service not known'))
[2023-04-30T21:23:09.044+0000] {helpers.py:86} ERROR - HTTPSConnectionPool(host='api.pushshift.io', port=443): Max retries exceeded with url: /reddit/search/submission/?subreddit=gonets&sort=created_utc&sort_type=desc&size=500 (Caused by NewConnectionError('<urllib3.connection.HTTPSConnection object at 0xffff9bf95b50>: Failed to establish a new connection: [Errno -2] Name or service not known'))
[2023-04-30T21:23:09.047+0000] {helpers.py:87} ERROR - Retrying! 3 attempts before skipping!
[2023-04-30T21:23:10.062+0000] {logging_mixin.py:137} INFO - HTTPSConnectionPool(host='api.pushshift.io', port=443): Max retries exceeded with url: /reddit/search/submission/?subreddit=gonets&sort=created_utc&sort_type=desc&size=500 (Caused by NewConnectionError('<urllib3.connection.HTTPSConnection object at 0xffff9bf95f90>: Failed to establish a new connection: [Errno -2] Name or service not known'))
[2023-04-30T21:23:10.065+0000] {helpers.py:86} ERROR - HTTPSConnectionPool(host='api.pushshift.io', port=443): Max retries exceeded with url: /reddit/search/submission/?subreddit=gonets&sort=created_utc&sort_type=desc&size=500 (Caused by NewConnectionError('<urllib3.connection.HTTPSConnection object at 0xffff9bf95f90>: Failed to establish a new connection: [Errno -2] Name or service not known'))
[2023-04-30T21:23:10.067+0000] {helpers.py:87} ERROR - Retrying! 2 attempts before skipping!
[2023-04-30T21:23:11.077+0000] {logging_mixin.py:137} INFO - HTTPSConnectionPool(host='api.pushshift.io', port=443): Max retries exceeded with url: /reddit/search/submission/?subreddit=gonets&sort=created_utc&sort_type=desc&size=500 (Caused by NewConnectionError('<urllib3.connection.HTTPSConnection object at 0xffff9bf95c50>: Failed to establish a new connection: [Errno -2] Name or service not known'))
[2023-04-30T21:23:11.078+0000] {helpers.py:86} ERROR - HTTPSConnectionPool(host='api.pushshift.io', port=443): Max retries exceeded with url: /reddit/search/submission/?subreddit=gonets&sort=created_utc&sort_type=desc&size=500 (Caused by NewConnectionError('<urllib3.connection.HTTPSConnection object at 0xffff9bf95c50>: Failed to establish a new connection: [Errno -2] Name or service not known'))
[2023-04-30T21:23:11.079+0000] {helpers.py:87} ERROR - Retrying! 1 attempts before skipping!
[2023-04-30T21:23:12.091+0000] {logging_mixin.py:137} INFO - HTTPSConnectionPool(host='api.pushshift.io', port=443): Max retries exceeded with url: /reddit/search/submission/?subreddit=gonets&sort=created_utc&sort_type=desc&size=500 (Caused by NewConnectionError('<urllib3.connection.HTTPSConnection object at 0xffff9bf95e90>: Failed to establish a new connection: [Errno -2] Name or service not known'))
[2023-04-30T21:23:12.095+0000] {helpers.py:86} ERROR - HTTPSConnectionPool(host='api.pushshift.io', port=443): Max retries exceeded with url: /reddit/search/submission/?subreddit=gonets&sort=created_utc&sort_type=desc&size=500 (Caused by NewConnectionError('<urllib3.connection.HTTPSConnection object at 0xffff9bf95e90>: Failed to establish a new connection: [Errno -2] Name or service not known'))
[2023-04-30T21:23:12.097+0000] {helpers.py:87} ERROR - Retrying! 0 attempts before skipping!
[2023-04-30T21:23:13.110+0000] {logging_mixin.py:137} INFO - HTTPSConnectionPool(host='api.pushshift.io', port=443): Max retries exceeded with url: /reddit/search/submission/?subreddit=gonets&sort=created_utc&sort_type=desc&size=500 (Caused by NewConnectionError('<urllib3.connection.HTTPSConnection object at 0xffff9bf95b50>: Failed to establish a new connection: [Errno -2] Name or service not known'))
[2023-04-30T21:23:13.113+0000] {helpers.py:86} ERROR - HTTPSConnectionPool(host='api.pushshift.io', port=443): Max retries exceeded with url: /reddit/search/submission/?subreddit=gonets&sort=created_utc&sort_type=desc&size=500 (Caused by NewConnectionError('<urllib3.connection.HTTPSConnection object at 0xffff9bf95b50>: Failed to establish a new connection: [Errno -2] Name or service not known'))
[2023-04-30T21:23:13.114+0000] {helpers.py:87} ERROR - Retrying! -1 attempts before skipping!
[2023-04-30T21:23:14.130+0000] {logging_mixin.py:137} INFO - HTTPSConnectionPool(host='api.pushshift.io', port=443): Max retries exceeded with url: /reddit/search/submission/?subreddit=CharlotteHornets&sort=created_utc&sort_type=desc&size=500 (Caused by NewConnectionError('<urllib3.connection.HTTPSConnection object at 0xffff9bf9f490>: Failed to establish a new connection: [Errno -2] Name or service not known'))
[2023-04-30T21:23:14.132+0000] {helpers.py:86} ERROR - HTTPSConnectionPool(host='api.pushshift.io', port=443): Max retries exceeded with url: /reddit/search/submission/?subreddit=CharlotteHornets&sort=created_utc&sort_type=desc&size=500 (Caused by NewConnectionError('<urllib3.connection.HTTPSConnection object at 0xffff9bf9f490>: Failed to establish a new connection: [Errno -2] Name or service not known'))
[2023-04-30T21:23:14.133+0000] {helpers.py:87} ERROR - Retrying! 9 attempts before skipping!
[2023-04-30T21:23:15.140+0000] {logging_mixin.py:137} INFO - HTTPSConnectionPool(host='api.pushshift.io', port=443): Max retries exceeded with url: /reddit/search/submission/?subreddit=CharlotteHornets&sort=created_utc&sort_type=desc&size=500 (Caused by NewConnectionError('<urllib3.connection.HTTPSConnection object at 0xffff9bf9f350>: Failed to establish a new connection: [Errno -2] Name or service not known'))
[2023-04-30T21:23:15.143+0000] {helpers.py:86} ERROR - HTTPSConnectionPool(host='api.pushshift.io', port=443): Max retries exceeded with url: /reddit/search/submission/?subreddit=CharlotteHornets&sort=created_utc&sort_type=desc&size=500 (Caused by NewConnectionError('<urllib3.connection.HTTPSConnection object at 0xffff9bf9f350>: Failed to establish a new connection: [Errno -2] Name or service not known'))
[2023-04-30T21:23:15.145+0000] {helpers.py:87} ERROR - Retrying! 8 attempts before skipping!
[2023-04-30T21:23:16.152+0000] {logging_mixin.py:137} INFO - HTTPSConnectionPool(host='api.pushshift.io', port=443): Max retries exceeded with url: /reddit/search/submission/?subreddit=CharlotteHornets&sort=created_utc&sort_type=desc&size=500 (Caused by NewConnectionError('<urllib3.connection.HTTPSConnection object at 0xffff9bf9f490>: Failed to establish a new connection: [Errno -2] Name or service not known'))
[2023-04-30T21:23:16.154+0000] {helpers.py:86} ERROR - HTTPSConnectionPool(host='api.pushshift.io', port=443): Max retries exceeded with url: /reddit/search/submission/?subreddit=CharlotteHornets&sort=created_utc&sort_type=desc&size=500 (Caused by NewConnectionError('<urllib3.connection.HTTPSConnection object at 0xffff9bf9f490>: Failed to establish a new connection: [Errno -2] Name or service not known'))
[2023-04-30T21:23:16.155+0000] {helpers.py:87} ERROR - Retrying! 7 attempts before skipping!
[2023-04-30T21:23:17.182+0000] {logging_mixin.py:137} INFO - HTTPSConnectionPool(host='api.pushshift.io', port=443): Max retries exceeded with url: /reddit/search/submission/?subreddit=CharlotteHornets&sort=created_utc&sort_type=desc&size=500 (Caused by NewConnectionError('<urllib3.connection.HTTPSConnection object at 0xffff9bf9f350>: Failed to establish a new connection: [Errno -2] Name or service not known'))
[2023-04-30T21:23:17.185+0000] {helpers.py:86} ERROR - HTTPSConnectionPool(host='api.pushshift.io', port=443): Max retries exceeded with url: /reddit/search/submission/?subreddit=CharlotteHornets&sort=created_utc&sort_type=desc&size=500 (Caused by NewConnectionError('<urllib3.connection.HTTPSConnection object at 0xffff9bf9f350>: Failed to establish a new connection: [Errno -2] Name or service not known'))
[2023-04-30T21:23:17.189+0000] {helpers.py:87} ERROR - Retrying! 6 attempts before skipping!
[2023-04-30T21:23:18.212+0000] {logging_mixin.py:137} INFO - HTTPSConnectionPool(host='api.pushshift.io', port=443): Max retries exceeded with url: /reddit/search/submission/?subreddit=CharlotteHornets&sort=created_utc&sort_type=desc&size=500 (Caused by NewConnectionError('<urllib3.connection.HTTPSConnection object at 0xffff9bf9f490>: Failed to establish a new connection: [Errno -2] Name or service not known'))
[2023-04-30T21:23:18.224+0000] {helpers.py:86} ERROR - HTTPSConnectionPool(host='api.pushshift.io', port=443): Max retries exceeded with url: /reddit/search/submission/?subreddit=CharlotteHornets&sort=created_utc&sort_type=desc&size=500 (Caused by NewConnectionError('<urllib3.connection.HTTPSConnection object at 0xffff9bf9f490>: Failed to establish a new connection: [Errno -2] Name or service not known'))
[2023-04-30T21:23:18.225+0000] {helpers.py:87} ERROR - Retrying! 5 attempts before skipping!
[2023-04-30T21:23:19.251+0000] {logging_mixin.py:137} INFO - HTTPSConnectionPool(host='api.pushshift.io', port=443): Max retries exceeded with url: /reddit/search/submission/?subreddit=CharlotteHornets&sort=created_utc&sort_type=desc&size=500 (Caused by NewConnectionError('<urllib3.connection.HTTPSConnection object at 0xffff9bf9f350>: Failed to establish a new connection: [Errno -2] Name or service not known'))
[2023-04-30T21:23:19.255+0000] {helpers.py:86} ERROR - HTTPSConnectionPool(host='api.pushshift.io', port=443): Max retries exceeded with url: /reddit/search/submission/?subreddit=CharlotteHornets&sort=created_utc&sort_type=desc&size=500 (Caused by NewConnectionError('<urllib3.connection.HTTPSConnection object at 0xffff9bf9f350>: Failed to establish a new connection: [Errno -2] Name or service not known'))
[2023-04-30T21:23:19.257+0000] {helpers.py:87} ERROR - Retrying! 4 attempts before skipping!
[2023-04-30T21:23:20.267+0000] {logging_mixin.py:137} INFO - HTTPSConnectionPool(host='api.pushshift.io', port=443): Max retries exceeded with url: /reddit/search/submission/?subreddit=CharlotteHornets&sort=created_utc&sort_type=desc&size=500 (Caused by NewConnectionError('<urllib3.connection.HTTPSConnection object at 0xffff9bf9f490>: Failed to establish a new connection: [Errno -2] Name or service not known'))
[2023-04-30T21:23:20.268+0000] {helpers.py:86} ERROR - HTTPSConnectionPool(host='api.pushshift.io', port=443): Max retries exceeded with url: /reddit/search/submission/?subreddit=CharlotteHornets&sort=created_utc&sort_type=desc&size=500 (Caused by NewConnectionError('<urllib3.connection.HTTPSConnection object at 0xffff9bf9f490>: Failed to establish a new connection: [Errno -2] Name or service not known'))
[2023-04-30T21:23:20.269+0000] {helpers.py:87} ERROR - Retrying! 3 attempts before skipping!
[2023-04-30T21:23:21.282+0000] {logging_mixin.py:137} INFO - HTTPSConnectionPool(host='api.pushshift.io', port=443): Max retries exceeded with url: /reddit/search/submission/?subreddit=CharlotteHornets&sort=created_utc&sort_type=desc&size=500 (Caused by NewConnectionError('<urllib3.connection.HTTPSConnection object at 0xffff9bf9f350>: Failed to establish a new connection: [Errno -2] Name or service not known'))
[2023-04-30T21:23:21.285+0000] {helpers.py:86} ERROR - HTTPSConnectionPool(host='api.pushshift.io', port=443): Max retries exceeded with url: /reddit/search/submission/?subreddit=CharlotteHornets&sort=created_utc&sort_type=desc&size=500 (Caused by NewConnectionError('<urllib3.connection.HTTPSConnection object at 0xffff9bf9f350>: Failed to establish a new connection: [Errno -2] Name or service not known'))
[2023-04-30T21:23:21.286+0000] {helpers.py:87} ERROR - Retrying! 2 attempts before skipping!
[2023-04-30T21:23:22.296+0000] {logging_mixin.py:137} INFO - HTTPSConnectionPool(host='api.pushshift.io', port=443): Max retries exceeded with url: /reddit/search/submission/?subreddit=CharlotteHornets&sort=created_utc&sort_type=desc&size=500 (Caused by NewConnectionError('<urllib3.connection.HTTPSConnection object at 0xffff9bf9f490>: Failed to establish a new connection: [Errno -2] Name or service not known'))
[2023-04-30T21:23:22.298+0000] {helpers.py:86} ERROR - HTTPSConnectionPool(host='api.pushshift.io', port=443): Max retries exceeded with url: /reddit/search/submission/?subreddit=CharlotteHornets&sort=created_utc&sort_type=desc&size=500 (Caused by NewConnectionError('<urllib3.connection.HTTPSConnection object at 0xffff9bf9f490>: Failed to establish a new connection: [Errno -2] Name or service not known'))
[2023-04-30T21:23:22.299+0000] {helpers.py:87} ERROR - Retrying! 1 attempts before skipping!
[2023-04-30T21:23:23.310+0000] {logging_mixin.py:137} INFO - HTTPSConnectionPool(host='api.pushshift.io', port=443): Max retries exceeded with url: /reddit/search/submission/?subreddit=CharlotteHornets&sort=created_utc&sort_type=desc&size=500 (Caused by NewConnectionError('<urllib3.connection.HTTPSConnection object at 0xffff9bf9f350>: Failed to establish a new connection: [Errno -2] Name or service not known'))
[2023-04-30T21:23:23.312+0000] {helpers.py:86} ERROR - HTTPSConnectionPool(host='api.pushshift.io', port=443): Max retries exceeded with url: /reddit/search/submission/?subreddit=CharlotteHornets&sort=created_utc&sort_type=desc&size=500 (Caused by NewConnectionError('<urllib3.connection.HTTPSConnection object at 0xffff9bf9f350>: Failed to establish a new connection: [Errno -2] Name or service not known'))
[2023-04-30T21:23:23.314+0000] {helpers.py:87} ERROR - Retrying! 0 attempts before skipping!
[2023-04-30T21:23:24.344+0000] {logging_mixin.py:137} INFO - HTTPSConnectionPool(host='api.pushshift.io', port=443): Max retries exceeded with url: /reddit/search/submission/?subreddit=CharlotteHornets&sort=created_utc&sort_type=desc&size=500 (Caused by NewConnectionError('<urllib3.connection.HTTPSConnection object at 0xffff9bf9f490>: Failed to establish a new connection: [Errno -2] Name or service not known'))
[2023-04-30T21:23:24.348+0000] {helpers.py:86} ERROR - HTTPSConnectionPool(host='api.pushshift.io', port=443): Max retries exceeded with url: /reddit/search/submission/?subreddit=CharlotteHornets&sort=created_utc&sort_type=desc&size=500 (Caused by NewConnectionError('<urllib3.connection.HTTPSConnection object at 0xffff9bf9f490>: Failed to establish a new connection: [Errno -2] Name or service not known'))
[2023-04-30T21:23:24.351+0000] {helpers.py:87} ERROR - Retrying! -1 attempts before skipping!
[2023-04-30T21:23:25.382+0000] {logging_mixin.py:137} INFO - HTTPSConnectionPool(host='api.pushshift.io', port=443): Max retries exceeded with url: /reddit/search/submission/?subreddit=chicagobulls&sort=created_utc&sort_type=desc&size=500 (Caused by NewConnectionError('<urllib3.connection.HTTPSConnection object at 0xffff9bf9f490>: Failed to establish a new connection: [Errno -2] Name or service not known'))
[2023-04-30T21:23:25.386+0000] {helpers.py:86} ERROR - HTTPSConnectionPool(host='api.pushshift.io', port=443): Max retries exceeded with url: /reddit/search/submission/?subreddit=chicagobulls&sort=created_utc&sort_type=desc&size=500 (Caused by NewConnectionError('<urllib3.connection.HTTPSConnection object at 0xffff9bf9f490>: Failed to establish a new connection: [Errno -2] Name or service not known'))
[2023-04-30T21:23:25.388+0000] {helpers.py:87} ERROR - Retrying! 9 attempts before skipping!
[2023-04-30T21:23:26.403+0000] {logging_mixin.py:137} INFO - HTTPSConnectionPool(host='api.pushshift.io', port=443): Max retries exceeded with url: /reddit/search/submission/?subreddit=chicagobulls&sort=created_utc&sort_type=desc&size=500 (Caused by NewConnectionError('<urllib3.connection.HTTPSConnection object at 0xffff9bf9f050>: Failed to establish a new connection: [Errno -2] Name or service not known'))
[2023-04-30T21:23:26.408+0000] {helpers.py:86} ERROR - HTTPSConnectionPool(host='api.pushshift.io', port=443): Max retries exceeded with url: /reddit/search/submission/?subreddit=chicagobulls&sort=created_utc&sort_type=desc&size=500 (Caused by NewConnectionError('<urllib3.connection.HTTPSConnection object at 0xffff9bf9f050>: Failed to establish a new connection: [Errno -2] Name or service not known'))
[2023-04-30T21:23:26.410+0000] {helpers.py:87} ERROR - Retrying! 8 attempts before skipping!
[2023-04-30T21:23:27.429+0000] {logging_mixin.py:137} INFO - HTTPSConnectionPool(host='api.pushshift.io', port=443): Max retries exceeded with url: /reddit/search/submission/?subreddit=chicagobulls&sort=created_utc&sort_type=desc&size=500 (Caused by NewConnectionError('<urllib3.connection.HTTPSConnection object at 0xffff9bf9f490>: Failed to establish a new connection: [Errno -2] Name or service not known'))
[2023-04-30T21:23:27.477+0000] {helpers.py:86} ERROR - HTTPSConnectionPool(host='api.pushshift.io', port=443): Max retries exceeded with url: /reddit/search/submission/?subreddit=chicagobulls&sort=created_utc&sort_type=desc&size=500 (Caused by NewConnectionError('<urllib3.connection.HTTPSConnection object at 0xffff9bf9f490>: Failed to establish a new connection: [Errno -2] Name or service not known'))
[2023-04-30T21:23:27.479+0000] {helpers.py:87} ERROR - Retrying! 7 attempts before skipping!
[2023-04-30T21:23:28.486+0000] {logging_mixin.py:137} INFO - HTTPSConnectionPool(host='api.pushshift.io', port=443): Max retries exceeded with url: /reddit/search/submission/?subreddit=chicagobulls&sort=created_utc&sort_type=desc&size=500 (Caused by NewConnectionError('<urllib3.connection.HTTPSConnection object at 0xffff9bf9f050>: Failed to establish a new connection: [Errno -2] Name or service not known'))
[2023-04-30T21:23:28.488+0000] {helpers.py:86} ERROR - HTTPSConnectionPool(host='api.pushshift.io', port=443): Max retries exceeded with url: /reddit/search/submission/?subreddit=chicagobulls&sort=created_utc&sort_type=desc&size=500 (Caused by NewConnectionError('<urllib3.connection.HTTPSConnection object at 0xffff9bf9f050>: Failed to establish a new connection: [Errno -2] Name or service not known'))
[2023-04-30T21:23:28.489+0000] {helpers.py:87} ERROR - Retrying! 6 attempts before skipping!
[2023-04-30T21:23:29.501+0000] {logging_mixin.py:137} INFO - HTTPSConnectionPool(host='api.pushshift.io', port=443): Max retries exceeded with url: /reddit/search/submission/?subreddit=chicagobulls&sort=created_utc&sort_type=desc&size=500 (Caused by NewConnectionError('<urllib3.connection.HTTPSConnection object at 0xffff9bf9f490>: Failed to establish a new connection: [Errno -2] Name or service not known'))
[2023-04-30T21:23:29.502+0000] {helpers.py:86} ERROR - HTTPSConnectionPool(host='api.pushshift.io', port=443): Max retries exceeded with url: /reddit/search/submission/?subreddit=chicagobulls&sort=created_utc&sort_type=desc&size=500 (Caused by NewConnectionError('<urllib3.connection.HTTPSConnection object at 0xffff9bf9f490>: Failed to establish a new connection: [Errno -2] Name or service not known'))
[2023-04-30T21:23:29.503+0000] {helpers.py:87} ERROR - Retrying! 5 attempts before skipping!
[2023-04-30T21:23:30.522+0000] {logging_mixin.py:137} INFO - HTTPSConnectionPool(host='api.pushshift.io', port=443): Max retries exceeded with url: /reddit/search/submission/?subreddit=chicagobulls&sort=created_utc&sort_type=desc&size=500 (Caused by NewConnectionError('<urllib3.connection.HTTPSConnection object at 0xffff9bf9f050>: Failed to establish a new connection: [Errno -2] Name or service not known'))
[2023-04-30T21:23:30.524+0000] {helpers.py:86} ERROR - HTTPSConnectionPool(host='api.pushshift.io', port=443): Max retries exceeded with url: /reddit/search/submission/?subreddit=chicagobulls&sort=created_utc&sort_type=desc&size=500 (Caused by NewConnectionError('<urllib3.connection.HTTPSConnection object at 0xffff9bf9f050>: Failed to establish a new connection: [Errno -2] Name or service not known'))
[2023-04-30T21:23:30.527+0000] {helpers.py:87} ERROR - Retrying! 4 attempts before skipping!
[2023-04-30T21:23:31.539+0000] {logging_mixin.py:137} INFO - HTTPSConnectionPool(host='api.pushshift.io', port=443): Max retries exceeded with url: /reddit/search/submission/?subreddit=chicagobulls&sort=created_utc&sort_type=desc&size=500 (Caused by NewConnectionError('<urllib3.connection.HTTPSConnection object at 0xffff9bf9f490>: Failed to establish a new connection: [Errno -2] Name or service not known'))
[2023-04-30T21:23:31.541+0000] {helpers.py:86} ERROR - HTTPSConnectionPool(host='api.pushshift.io', port=443): Max retries exceeded with url: /reddit/search/submission/?subreddit=chicagobulls&sort=created_utc&sort_type=desc&size=500 (Caused by NewConnectionError('<urllib3.connection.HTTPSConnection object at 0xffff9bf9f490>: Failed to establish a new connection: [Errno -2] Name or service not known'))
[2023-04-30T21:23:31.544+0000] {helpers.py:87} ERROR - Retrying! 3 attempts before skipping!
[2023-04-30T21:23:32.571+0000] {logging_mixin.py:137} INFO - HTTPSConnectionPool(host='api.pushshift.io', port=443): Max retries exceeded with url: /reddit/search/submission/?subreddit=chicagobulls&sort=created_utc&sort_type=desc&size=500 (Caused by NewConnectionError('<urllib3.connection.HTTPSConnection object at 0xffff9bf9f050>: Failed to establish a new connection: [Errno -2] Name or service not known'))
[2023-04-30T21:23:32.575+0000] {helpers.py:86} ERROR - HTTPSConnectionPool(host='api.pushshift.io', port=443): Max retries exceeded with url: /reddit/search/submission/?subreddit=chicagobulls&sort=created_utc&sort_type=desc&size=500 (Caused by NewConnectionError('<urllib3.connection.HTTPSConnection object at 0xffff9bf9f050>: Failed to establish a new connection: [Errno -2] Name or service not known'))
[2023-04-30T21:23:32.577+0000] {helpers.py:87} ERROR - Retrying! 2 attempts before skipping!
[2023-04-30T21:23:33.611+0000] {logging_mixin.py:137} INFO - HTTPSConnectionPool(host='api.pushshift.io', port=443): Max retries exceeded with url: /reddit/search/submission/?subreddit=chicagobulls&sort=created_utc&sort_type=desc&size=500 (Caused by NewConnectionError('<urllib3.connection.HTTPSConnection object at 0xffff9bf9f490>: Failed to establish a new connection: [Errno -2] Name or service not known'))
[2023-04-30T21:23:33.618+0000] {helpers.py:86} ERROR - HTTPSConnectionPool(host='api.pushshift.io', port=443): Max retries exceeded with url: /reddit/search/submission/?subreddit=chicagobulls&sort=created_utc&sort_type=desc&size=500 (Caused by NewConnectionError('<urllib3.connection.HTTPSConnection object at 0xffff9bf9f490>: Failed to establish a new connection: [Errno -2] Name or service not known'))
[2023-04-30T21:23:33.620+0000] {helpers.py:87} ERROR - Retrying! 1 attempts before skipping!
[2023-04-30T21:23:34.646+0000] {logging_mixin.py:137} INFO - HTTPSConnectionPool(host='api.pushshift.io', port=443): Max retries exceeded with url: /reddit/search/submission/?subreddit=chicagobulls&sort=created_utc&sort_type=desc&size=500 (Caused by NewConnectionError('<urllib3.connection.HTTPSConnection object at 0xffff9bf9f050>: Failed to establish a new connection: [Errno -2] Name or service not known'))
[2023-04-30T21:23:34.648+0000] {helpers.py:86} ERROR - HTTPSConnectionPool(host='api.pushshift.io', port=443): Max retries exceeded with url: /reddit/search/submission/?subreddit=chicagobulls&sort=created_utc&sort_type=desc&size=500 (Caused by NewConnectionError('<urllib3.connection.HTTPSConnection object at 0xffff9bf9f050>: Failed to establish a new connection: [Errno -2] Name or service not known'))
[2023-04-30T21:23:34.650+0000] {helpers.py:87} ERROR - Retrying! 0 attempts before skipping!
[2023-04-30T21:23:35.679+0000] {logging_mixin.py:137} INFO - HTTPSConnectionPool(host='api.pushshift.io', port=443): Max retries exceeded with url: /reddit/search/submission/?subreddit=chicagobulls&sort=created_utc&sort_type=desc&size=500 (Caused by NewConnectionError('<urllib3.connection.HTTPSConnection object at 0xffff9bf9f490>: Failed to establish a new connection: [Errno -2] Name or service not known'))
[2023-04-30T21:23:35.685+0000] {helpers.py:86} ERROR - HTTPSConnectionPool(host='api.pushshift.io', port=443): Max retries exceeded with url: /reddit/search/submission/?subreddit=chicagobulls&sort=created_utc&sort_type=desc&size=500 (Caused by NewConnectionError('<urllib3.connection.HTTPSConnection object at 0xffff9bf9f490>: Failed to establish a new connection: [Errno -2] Name or service not known'))
[2023-04-30T21:23:35.689+0000] {helpers.py:87} ERROR - Retrying! -1 attempts before skipping!
[2023-04-30T21:23:36.718+0000] {logging_mixin.py:137} INFO - HTTPSConnectionPool(host='api.pushshift.io', port=443): Max retries exceeded with url: /reddit/search/submission/?subreddit=clevelandcavs&sort=created_utc&sort_type=desc&size=500 (Caused by NewConnectionError('<urllib3.connection.HTTPSConnection object at 0xffff9bf9f490>: Failed to establish a new connection: [Errno -2] Name or service not known'))
[2023-04-30T21:23:36.723+0000] {helpers.py:86} ERROR - HTTPSConnectionPool(host='api.pushshift.io', port=443): Max retries exceeded with url: /reddit/search/submission/?subreddit=clevelandcavs&sort=created_utc&sort_type=desc&size=500 (Caused by NewConnectionError('<urllib3.connection.HTTPSConnection object at 0xffff9bf9f490>: Failed to establish a new connection: [Errno -2] Name or service not known'))
[2023-04-30T21:23:36.728+0000] {helpers.py:87} ERROR - Retrying! 9 attempts before skipping!
[2023-04-30T21:23:37.759+0000] {logging_mixin.py:137} INFO - HTTPSConnectionPool(host='api.pushshift.io', port=443): Max retries exceeded with url: /reddit/search/submission/?subreddit=clevelandcavs&sort=created_utc&sort_type=desc&size=500 (Caused by NewConnectionError('<urllib3.connection.HTTPSConnection object at 0xffff9bf9f0d0>: Failed to establish a new connection: [Errno -2] Name or service not known'))
[2023-04-30T21:23:37.766+0000] {helpers.py:86} ERROR - HTTPSConnectionPool(host='api.pushshift.io', port=443): Max retries exceeded with url: /reddit/search/submission/?subreddit=clevelandcavs&sort=created_utc&sort_type=desc&size=500 (Caused by NewConnectionError('<urllib3.connection.HTTPSConnection object at 0xffff9bf9f0d0>: Failed to establish a new connection: [Errno -2] Name or service not known'))
[2023-04-30T21:23:37.769+0000] {helpers.py:87} ERROR - Retrying! 8 attempts before skipping!
[2023-04-30T21:39:22.536+0000] {logging_mixin.py:137} INFO - HTTPSConnectionPool(host='api.pushshift.io', port=443): Max retries exceeded with url: /reddit/search/submission/?subreddit=clevelandcavs&sort=created_utc&sort_type=desc&size=500 (Caused by NewConnectionError('<urllib3.connection.HTTPSConnection object at 0xffff9bf9f490>: Failed to establish a new connection: [Errno -2] Name or service not known'))
[2023-04-30T21:39:22.539+0000] {helpers.py:86} ERROR - HTTPSConnectionPool(host='api.pushshift.io', port=443): Max retries exceeded with url: /reddit/search/submission/?subreddit=clevelandcavs&sort=created_utc&sort_type=desc&size=500 (Caused by NewConnectionError('<urllib3.connection.HTTPSConnection object at 0xffff9bf9f490>: Failed to establish a new connection: [Errno -2] Name or service not known'))
[2023-04-30T21:39:22.549+0000] {helpers.py:87} ERROR - Retrying! 7 attempts before skipping!
[2023-04-30T21:39:23.578+0000] {logging_mixin.py:137} INFO - HTTPSConnectionPool(host='api.pushshift.io', port=443): Max retries exceeded with url: /reddit/search/submission/?subreddit=clevelandcavs&sort=created_utc&sort_type=desc&size=500 (Caused by NewConnectionError('<urllib3.connection.HTTPSConnection object at 0xffff9bf9f0d0>: Failed to establish a new connection: [Errno -2] Name or service not known'))
[2023-04-30T21:39:23.581+0000] {helpers.py:86} ERROR - HTTPSConnectionPool(host='api.pushshift.io', port=443): Max retries exceeded with url: /reddit/search/submission/?subreddit=clevelandcavs&sort=created_utc&sort_type=desc&size=500 (Caused by NewConnectionError('<urllib3.connection.HTTPSConnection object at 0xffff9bf9f0d0>: Failed to establish a new connection: [Errno -2] Name or service not known'))
[2023-04-30T21:39:23.583+0000] {helpers.py:87} ERROR - Retrying! 6 attempts before skipping!
[2023-04-30T21:39:24.599+0000] {logging_mixin.py:137} INFO - HTTPSConnectionPool(host='api.pushshift.io', port=443): Max retries exceeded with url: /reddit/search/submission/?subreddit=clevelandcavs&sort=created_utc&sort_type=desc&size=500 (Caused by NewConnectionError('<urllib3.connection.HTTPSConnection object at 0xffff9bf9f490>: Failed to establish a new connection: [Errno -2] Name or service not known'))
[2023-04-30T21:39:24.601+0000] {helpers.py:86} ERROR - HTTPSConnectionPool(host='api.pushshift.io', port=443): Max retries exceeded with url: /reddit/search/submission/?subreddit=clevelandcavs&sort=created_utc&sort_type=desc&size=500 (Caused by NewConnectionError('<urllib3.connection.HTTPSConnection object at 0xffff9bf9f490>: Failed to establish a new connection: [Errno -2] Name or service not known'))
[2023-04-30T21:39:24.605+0000] {helpers.py:87} ERROR - Retrying! 5 attempts before skipping!
[2023-04-30T21:39:25.613+0000] {logging_mixin.py:137} INFO - HTTPSConnectionPool(host='api.pushshift.io', port=443): Max retries exceeded with url: /reddit/search/submission/?subreddit=clevelandcavs&sort=created_utc&sort_type=desc&size=500 (Caused by NewConnectionError('<urllib3.connection.HTTPSConnection object at 0xffff9bf9f0d0>: Failed to establish a new connection: [Errno -2] Name or service not known'))
[2023-04-30T21:39:25.616+0000] {helpers.py:86} ERROR - HTTPSConnectionPool(host='api.pushshift.io', port=443): Max retries exceeded with url: /reddit/search/submission/?subreddit=clevelandcavs&sort=created_utc&sort_type=desc&size=500 (Caused by NewConnectionError('<urllib3.connection.HTTPSConnection object at 0xffff9bf9f0d0>: Failed to establish a new connection: [Errno -2] Name or service not known'))
[2023-04-30T21:39:25.618+0000] {helpers.py:87} ERROR - Retrying! 4 attempts before skipping!
[2023-04-30T21:39:26.628+0000] {logging_mixin.py:137} INFO - HTTPSConnectionPool(host='api.pushshift.io', port=443): Max retries exceeded with url: /reddit/search/submission/?subreddit=clevelandcavs&sort=created_utc&sort_type=desc&size=500 (Caused by NewConnectionError('<urllib3.connection.HTTPSConnection object at 0xffff9bf9f490>: Failed to establish a new connection: [Errno -2] Name or service not known'))
[2023-04-30T21:39:26.630+0000] {helpers.py:86} ERROR - HTTPSConnectionPool(host='api.pushshift.io', port=443): Max retries exceeded with url: /reddit/search/submission/?subreddit=clevelandcavs&sort=created_utc&sort_type=desc&size=500 (Caused by NewConnectionError('<urllib3.connection.HTTPSConnection object at 0xffff9bf9f490>: Failed to establish a new connection: [Errno -2] Name or service not known'))
[2023-04-30T21:39:26.632+0000] {helpers.py:87} ERROR - Retrying! 3 attempts before skipping!
[2023-04-30T21:39:27.646+0000] {logging_mixin.py:137} INFO - HTTPSConnectionPool(host='api.pushshift.io', port=443): Max retries exceeded with url: /reddit/search/submission/?subreddit=clevelandcavs&sort=created_utc&sort_type=desc&size=500 (Caused by NewConnectionError('<urllib3.connection.HTTPSConnection object at 0xffff9bf9f0d0>: Failed to establish a new connection: [Errno -2] Name or service not known'))
[2023-04-30T21:39:27.650+0000] {helpers.py:86} ERROR - HTTPSConnectionPool(host='api.pushshift.io', port=443): Max retries exceeded with url: /reddit/search/submission/?subreddit=clevelandcavs&sort=created_utc&sort_type=desc&size=500 (Caused by NewConnectionError('<urllib3.connection.HTTPSConnection object at 0xffff9bf9f0d0>: Failed to establish a new connection: [Errno -2] Name or service not known'))
[2023-04-30T21:39:27.654+0000] {helpers.py:87} ERROR - Retrying! 2 attempts before skipping!
[2023-04-30T21:39:28.681+0000] {logging_mixin.py:137} INFO - HTTPSConnectionPool(host='api.pushshift.io', port=443): Max retries exceeded with url: /reddit/search/submission/?subreddit=clevelandcavs&sort=created_utc&sort_type=desc&size=500 (Caused by NewConnectionError('<urllib3.connection.HTTPSConnection object at 0xffff9bf9f490>: Failed to establish a new connection: [Errno -2] Name or service not known'))
[2023-04-30T21:39:28.687+0000] {helpers.py:86} ERROR - HTTPSConnectionPool(host='api.pushshift.io', port=443): Max retries exceeded with url: /reddit/search/submission/?subreddit=clevelandcavs&sort=created_utc&sort_type=desc&size=500 (Caused by NewConnectionError('<urllib3.connection.HTTPSConnection object at 0xffff9bf9f490>: Failed to establish a new connection: [Errno -2] Name or service not known'))
[2023-04-30T21:39:28.692+0000] {helpers.py:87} ERROR - Retrying! 1 attempts before skipping!
[2023-04-30T21:39:29.702+0000] {logging_mixin.py:137} INFO - HTTPSConnectionPool(host='api.pushshift.io', port=443): Max retries exceeded with url: /reddit/search/submission/?subreddit=clevelandcavs&sort=created_utc&sort_type=desc&size=500 (Caused by NewConnectionError('<urllib3.connection.HTTPSConnection object at 0xffff9bf9f0d0>: Failed to establish a new connection: [Errno -2] Name or service not known'))
[2023-04-30T21:39:29.704+0000] {helpers.py:86} ERROR - HTTPSConnectionPool(host='api.pushshift.io', port=443): Max retries exceeded with url: /reddit/search/submission/?subreddit=clevelandcavs&sort=created_utc&sort_type=desc&size=500 (Caused by NewConnectionError('<urllib3.connection.HTTPSConnection object at 0xffff9bf9f0d0>: Failed to establish a new connection: [Errno -2] Name or service not known'))
[2023-04-30T21:39:29.706+0000] {helpers.py:87} ERROR - Retrying! 0 attempts before skipping!
[2023-04-30T21:39:30.718+0000] {logging_mixin.py:137} INFO - HTTPSConnectionPool(host='api.pushshift.io', port=443): Max retries exceeded with url: /reddit/search/submission/?subreddit=clevelandcavs&sort=created_utc&sort_type=desc&size=500 (Caused by NewConnectionError('<urllib3.connection.HTTPSConnection object at 0xffff9bf9f490>: Failed to establish a new connection: [Errno -2] Name or service not known'))
[2023-04-30T21:39:30.722+0000] {helpers.py:86} ERROR - HTTPSConnectionPool(host='api.pushshift.io', port=443): Max retries exceeded with url: /reddit/search/submission/?subreddit=clevelandcavs&sort=created_utc&sort_type=desc&size=500 (Caused by NewConnectionError('<urllib3.connection.HTTPSConnection object at 0xffff9bf9f490>: Failed to establish a new connection: [Errno -2] Name or service not known'))
[2023-04-30T21:39:30.723+0000] {helpers.py:87} ERROR - Retrying! -1 attempts before skipping!
[2023-04-30T21:39:31.754+0000] {logging_mixin.py:137} INFO - HTTPSConnectionPool(host='api.pushshift.io', port=443): Max retries exceeded with url: /reddit/search/submission/?subreddit=Mavericks&sort=created_utc&sort_type=desc&size=500 (Caused by NewConnectionError('<urllib3.connection.HTTPSConnection object at 0xffff9bf9f490>: Failed to establish a new connection: [Errno -2] Name or service not known'))
[2023-04-30T21:39:31.761+0000] {helpers.py:86} ERROR - HTTPSConnectionPool(host='api.pushshift.io', port=443): Max retries exceeded with url: /reddit/search/submission/?subreddit=Mavericks&sort=created_utc&sort_type=desc&size=500 (Caused by NewConnectionError('<urllib3.connection.HTTPSConnection object at 0xffff9bf9f490>: Failed to establish a new connection: [Errno -2] Name or service not known'))
[2023-04-30T21:39:31.765+0000] {helpers.py:87} ERROR - Retrying! 9 attempts before skipping!
[2023-04-30T21:39:32.776+0000] {logging_mixin.py:137} INFO - HTTPSConnectionPool(host='api.pushshift.io', port=443): Max retries exceeded with url: /reddit/search/submission/?subreddit=Mavericks&sort=created_utc&sort_type=desc&size=500 (Caused by NewConnectionError('<urllib3.connection.HTTPSConnection object at 0xffff9bf9f250>: Failed to establish a new connection: [Errno -2] Name or service not known'))
[2023-04-30T21:39:32.778+0000] {helpers.py:86} ERROR - HTTPSConnectionPool(host='api.pushshift.io', port=443): Max retries exceeded with url: /reddit/search/submission/?subreddit=Mavericks&sort=created_utc&sort_type=desc&size=500 (Caused by NewConnectionError('<urllib3.connection.HTTPSConnection object at 0xffff9bf9f250>: Failed to establish a new connection: [Errno -2] Name or service not known'))
[2023-04-30T21:39:32.779+0000] {helpers.py:87} ERROR - Retrying! 8 attempts before skipping!
[2023-04-30T21:39:33.929+0000] {logging_mixin.py:137} INFO - HTTPSConnectionPool(host='api.pushshift.io', port=443): Max retries exceeded with url: /reddit/search/submission/?subreddit=Mavericks&sort=created_utc&sort_type=desc&size=500 (Caused by NewConnectionError('<urllib3.connection.HTTPSConnection object at 0xffff9bf9f490>: Failed to establish a new connection: [Errno -2] Name or service not known'))
[2023-04-30T21:39:33.934+0000] {helpers.py:86} ERROR - HTTPSConnectionPool(host='api.pushshift.io', port=443): Max retries exceeded with url: /reddit/search/submission/?subreddit=Mavericks&sort=created_utc&sort_type=desc&size=500 (Caused by NewConnectionError('<urllib3.connection.HTTPSConnection object at 0xffff9bf9f490>: Failed to establish a new connection: [Errno -2] Name or service not known'))
[2023-04-30T21:39:33.936+0000] {helpers.py:87} ERROR - Retrying! 7 attempts before skipping!
[2023-04-30T21:39:34.948+0000] {logging_mixin.py:137} INFO - HTTPSConnectionPool(host='api.pushshift.io', port=443): Max retries exceeded with url: /reddit/search/submission/?subreddit=Mavericks&sort=created_utc&sort_type=desc&size=500 (Caused by NewConnectionError('<urllib3.connection.HTTPSConnection object at 0xffff9bf9f250>: Failed to establish a new connection: [Errno -2] Name or service not known'))
[2023-04-30T21:39:34.950+0000] {helpers.py:86} ERROR - HTTPSConnectionPool(host='api.pushshift.io', port=443): Max retries exceeded with url: /reddit/search/submission/?subreddit=Mavericks&sort=created_utc&sort_type=desc&size=500 (Caused by NewConnectionError('<urllib3.connection.HTTPSConnection object at 0xffff9bf9f250>: Failed to establish a new connection: [Errno -2] Name or service not known'))
[2023-04-30T21:39:34.951+0000] {helpers.py:87} ERROR - Retrying! 6 attempts before skipping!
[2023-04-30T21:39:35.961+0000] {logging_mixin.py:137} INFO - HTTPSConnectionPool(host='api.pushshift.io', port=443): Max retries exceeded with url: /reddit/search/submission/?subreddit=Mavericks&sort=created_utc&sort_type=desc&size=500 (Caused by NewConnectionError('<urllib3.connection.HTTPSConnection object at 0xffff9bf9f490>: Failed to establish a new connection: [Errno -2] Name or service not known'))
[2023-04-30T21:39:35.963+0000] {helpers.py:86} ERROR - HTTPSConnectionPool(host='api.pushshift.io', port=443): Max retries exceeded with url: /reddit/search/submission/?subreddit=Mavericks&sort=created_utc&sort_type=desc&size=500 (Caused by NewConnectionError('<urllib3.connection.HTTPSConnection object at 0xffff9bf9f490>: Failed to establish a new connection: [Errno -2] Name or service not known'))
[2023-04-30T21:39:35.966+0000] {helpers.py:87} ERROR - Retrying! 5 attempts before skipping!
[2023-04-30T21:39:36.974+0000] {logging_mixin.py:137} INFO - HTTPSConnectionPool(host='api.pushshift.io', port=443): Max retries exceeded with url: /reddit/search/submission/?subreddit=Mavericks&sort=created_utc&sort_type=desc&size=500 (Caused by NewConnectionError('<urllib3.connection.HTTPSConnection object at 0xffff9bf9f250>: Failed to establish a new connection: [Errno -2] Name or service not known'))
[2023-04-30T21:39:36.976+0000] {helpers.py:86} ERROR - HTTPSConnectionPool(host='api.pushshift.io', port=443): Max retries exceeded with url: /reddit/search/submission/?subreddit=Mavericks&sort=created_utc&sort_type=desc&size=500 (Caused by NewConnectionError('<urllib3.connection.HTTPSConnection object at 0xffff9bf9f250>: Failed to establish a new connection: [Errno -2] Name or service not known'))
[2023-04-30T21:39:36.977+0000] {helpers.py:87} ERROR - Retrying! 4 attempts before skipping!
[2023-04-30T21:39:37.985+0000] {logging_mixin.py:137} INFO - HTTPSConnectionPool(host='api.pushshift.io', port=443): Max retries exceeded with url: /reddit/search/submission/?subreddit=Mavericks&sort=created_utc&sort_type=desc&size=500 (Caused by NewConnectionError('<urllib3.connection.HTTPSConnection object at 0xffff9bf9f490>: Failed to establish a new connection: [Errno -2] Name or service not known'))
[2023-04-30T21:39:37.987+0000] {helpers.py:86} ERROR - HTTPSConnectionPool(host='api.pushshift.io', port=443): Max retries exceeded with url: /reddit/search/submission/?subreddit=Mavericks&sort=created_utc&sort_type=desc&size=500 (Caused by NewConnectionError('<urllib3.connection.HTTPSConnection object at 0xffff9bf9f490>: Failed to establish a new connection: [Errno -2] Name or service not known'))
[2023-04-30T21:39:37.988+0000] {helpers.py:87} ERROR - Retrying! 3 attempts before skipping!
[2023-04-30T21:39:39.004+0000] {logging_mixin.py:137} INFO - HTTPSConnectionPool(host='api.pushshift.io', port=443): Max retries exceeded with url: /reddit/search/submission/?subreddit=Mavericks&sort=created_utc&sort_type=desc&size=500 (Caused by NewConnectionError('<urllib3.connection.HTTPSConnection object at 0xffff9bf9f250>: Failed to establish a new connection: [Errno -2] Name or service not known'))
[2023-04-30T21:39:39.006+0000] {helpers.py:86} ERROR - HTTPSConnectionPool(host='api.pushshift.io', port=443): Max retries exceeded with url: /reddit/search/submission/?subreddit=Mavericks&sort=created_utc&sort_type=desc&size=500 (Caused by NewConnectionError('<urllib3.connection.HTTPSConnection object at 0xffff9bf9f250>: Failed to establish a new connection: [Errno -2] Name or service not known'))
[2023-04-30T21:39:39.007+0000] {helpers.py:87} ERROR - Retrying! 2 attempts before skipping!
[2023-04-30T21:39:40.020+0000] {logging_mixin.py:137} INFO - HTTPSConnectionPool(host='api.pushshift.io', port=443): Max retries exceeded with url: /reddit/search/submission/?subreddit=Mavericks&sort=created_utc&sort_type=desc&size=500 (Caused by NewConnectionError('<urllib3.connection.HTTPSConnection object at 0xffff9bf9f490>: Failed to establish a new connection: [Errno -2] Name or service not known'))
[2023-04-30T21:39:40.022+0000] {helpers.py:86} ERROR - HTTPSConnectionPool(host='api.pushshift.io', port=443): Max retries exceeded with url: /reddit/search/submission/?subreddit=Mavericks&sort=created_utc&sort_type=desc&size=500 (Caused by NewConnectionError('<urllib3.connection.HTTPSConnection object at 0xffff9bf9f490>: Failed to establish a new connection: [Errno -2] Name or service not known'))
[2023-04-30T21:39:40.024+0000] {helpers.py:87} ERROR - Retrying! 1 attempts before skipping!
[2023-04-30T21:39:41.038+0000] {logging_mixin.py:137} INFO - HTTPSConnectionPool(host='api.pushshift.io', port=443): Max retries exceeded with url: /reddit/search/submission/?subreddit=Mavericks&sort=created_utc&sort_type=desc&size=500 (Caused by NewConnectionError('<urllib3.connection.HTTPSConnection object at 0xffff9bf9f250>: Failed to establish a new connection: [Errno -2] Name or service not known'))
[2023-04-30T21:39:41.039+0000] {helpers.py:86} ERROR - HTTPSConnectionPool(host='api.pushshift.io', port=443): Max retries exceeded with url: /reddit/search/submission/?subreddit=Mavericks&sort=created_utc&sort_type=desc&size=500 (Caused by NewConnectionError('<urllib3.connection.HTTPSConnection object at 0xffff9bf9f250>: Failed to establish a new connection: [Errno -2] Name or service not known'))
[2023-04-30T21:39:41.041+0000] {helpers.py:87} ERROR - Retrying! 0 attempts before skipping!
[2023-04-30T21:39:42.052+0000] {logging_mixin.py:137} INFO - HTTPSConnectionPool(host='api.pushshift.io', port=443): Max retries exceeded with url: /reddit/search/submission/?subreddit=Mavericks&sort=created_utc&sort_type=desc&size=500 (Caused by NewConnectionError('<urllib3.connection.HTTPSConnection object at 0xffff9bf9f490>: Failed to establish a new connection: [Errno -2] Name or service not known'))
[2023-04-30T21:39:42.054+0000] {helpers.py:86} ERROR - HTTPSConnectionPool(host='api.pushshift.io', port=443): Max retries exceeded with url: /reddit/search/submission/?subreddit=Mavericks&sort=created_utc&sort_type=desc&size=500 (Caused by NewConnectionError('<urllib3.connection.HTTPSConnection object at 0xffff9bf9f490>: Failed to establish a new connection: [Errno -2] Name or service not known'))
[2023-04-30T21:39:42.055+0000] {helpers.py:87} ERROR - Retrying! -1 attempts before skipping!
[2023-04-30T21:39:43.079+0000] {logging_mixin.py:137} INFO - HTTPSConnectionPool(host='api.pushshift.io', port=443): Max retries exceeded with url: /reddit/search/submission/?subreddit=denvernuggets&sort=created_utc&sort_type=desc&size=500 (Caused by NewConnectionError('<urllib3.connection.HTTPSConnection object at 0xffffa8cf3e90>: Failed to establish a new connection: [Errno -2] Name or service not known'))
[2023-04-30T21:39:43.082+0000] {helpers.py:86} ERROR - HTTPSConnectionPool(host='api.pushshift.io', port=443): Max retries exceeded with url: /reddit/search/submission/?subreddit=denvernuggets&sort=created_utc&sort_type=desc&size=500 (Caused by NewConnectionError('<urllib3.connection.HTTPSConnection object at 0xffffa8cf3e90>: Failed to establish a new connection: [Errno -2] Name or service not known'))
[2023-04-30T21:39:43.086+0000] {helpers.py:87} ERROR - Retrying! 9 attempts before skipping!
[2023-04-30T21:39:44.115+0000] {logging_mixin.py:137} INFO - HTTPSConnectionPool(host='api.pushshift.io', port=443): Max retries exceeded with url: /reddit/search/submission/?subreddit=denvernuggets&sort=created_utc&sort_type=desc&size=500 (Caused by NewConnectionError('<urllib3.connection.HTTPSConnection object at 0xffff9bf95d90>: Failed to establish a new connection: [Errno -2] Name or service not known'))
[2023-04-30T21:39:44.119+0000] {helpers.py:86} ERROR - HTTPSConnectionPool(host='api.pushshift.io', port=443): Max retries exceeded with url: /reddit/search/submission/?subreddit=denvernuggets&sort=created_utc&sort_type=desc&size=500 (Caused by NewConnectionError('<urllib3.connection.HTTPSConnection object at 0xffff9bf95d90>: Failed to establish a new connection: [Errno -2] Name or service not known'))
[2023-04-30T21:39:44.122+0000] {helpers.py:87} ERROR - Retrying! 8 attempts before skipping!
[2023-04-30T21:39:45.143+0000] {logging_mixin.py:137} INFO - HTTPSConnectionPool(host='api.pushshift.io', port=443): Max retries exceeded with url: /reddit/search/submission/?subreddit=denvernuggets&sort=created_utc&sort_type=desc&size=500 (Caused by NewConnectionError('<urllib3.connection.HTTPSConnection object at 0xffff9bf95e90>: Failed to establish a new connection: [Errno -2] Name or service not known'))
[2023-04-30T21:39:45.145+0000] {helpers.py:86} ERROR - HTTPSConnectionPool(host='api.pushshift.io', port=443): Max retries exceeded with url: /reddit/search/submission/?subreddit=denvernuggets&sort=created_utc&sort_type=desc&size=500 (Caused by NewConnectionError('<urllib3.connection.HTTPSConnection object at 0xffff9bf95e90>: Failed to establish a new connection: [Errno -2] Name or service not known'))
[2023-04-30T21:39:45.147+0000] {helpers.py:87} ERROR - Retrying! 7 attempts before skipping!
[2023-04-30T21:39:46.160+0000] {logging_mixin.py:137} INFO - HTTPSConnectionPool(host='api.pushshift.io', port=443): Max retries exceeded with url: /reddit/search/submission/?subreddit=denvernuggets&sort=created_utc&sort_type=desc&size=500 (Caused by NewConnectionError('<urllib3.connection.HTTPSConnection object at 0xffff9bf95d90>: Failed to establish a new connection: [Errno -2] Name or service not known'))
[2023-04-30T21:39:46.162+0000] {helpers.py:86} ERROR - HTTPSConnectionPool(host='api.pushshift.io', port=443): Max retries exceeded with url: /reddit/search/submission/?subreddit=denvernuggets&sort=created_utc&sort_type=desc&size=500 (Caused by NewConnectionError('<urllib3.connection.HTTPSConnection object at 0xffff9bf95d90>: Failed to establish a new connection: [Errno -2] Name or service not known'))
[2023-04-30T21:39:46.165+0000] {helpers.py:87} ERROR - Retrying! 6 attempts before skipping!
[2023-04-30T21:39:47.177+0000] {logging_mixin.py:137} INFO - HTTPSConnectionPool(host='api.pushshift.io', port=443): Max retries exceeded with url: /reddit/search/submission/?subreddit=denvernuggets&sort=created_utc&sort_type=desc&size=500 (Caused by NewConnectionError('<urllib3.connection.HTTPSConnection object at 0xffff9bf95e90>: Failed to establish a new connection: [Errno -2] Name or service not known'))
[2023-04-30T21:39:47.180+0000] {helpers.py:86} ERROR - HTTPSConnectionPool(host='api.pushshift.io', port=443): Max retries exceeded with url: /reddit/search/submission/?subreddit=denvernuggets&sort=created_utc&sort_type=desc&size=500 (Caused by NewConnectionError('<urllib3.connection.HTTPSConnection object at 0xffff9bf95e90>: Failed to establish a new connection: [Errno -2] Name or service not known'))
[2023-04-30T21:39:47.182+0000] {helpers.py:87} ERROR - Retrying! 5 attempts before skipping!
[2023-04-30T21:39:48.191+0000] {logging_mixin.py:137} INFO - HTTPSConnectionPool(host='api.pushshift.io', port=443): Max retries exceeded with url: /reddit/search/submission/?subreddit=denvernuggets&sort=created_utc&sort_type=desc&size=500 (Caused by NewConnectionError('<urllib3.connection.HTTPSConnection object at 0xffff9bf95d90>: Failed to establish a new connection: [Errno -2] Name or service not known'))
[2023-04-30T21:39:48.193+0000] {helpers.py:86} ERROR - HTTPSConnectionPool(host='api.pushshift.io', port=443): Max retries exceeded with url: /reddit/search/submission/?subreddit=denvernuggets&sort=created_utc&sort_type=desc&size=500 (Caused by NewConnectionError('<urllib3.connection.HTTPSConnection object at 0xffff9bf95d90>: Failed to establish a new connection: [Errno -2] Name or service not known'))
[2023-04-30T21:39:48.194+0000] {helpers.py:87} ERROR - Retrying! 4 attempts before skipping!
[2023-04-30T21:39:49.203+0000] {logging_mixin.py:137} INFO - HTTPSConnectionPool(host='api.pushshift.io', port=443): Max retries exceeded with url: /reddit/search/submission/?subreddit=denvernuggets&sort=created_utc&sort_type=desc&size=500 (Caused by NewConnectionError('<urllib3.connection.HTTPSConnection object at 0xffff9bf95e90>: Failed to establish a new connection: [Errno -2] Name or service not known'))
[2023-04-30T21:39:49.206+0000] {helpers.py:86} ERROR - HTTPSConnectionPool(host='api.pushshift.io', port=443): Max retries exceeded with url: /reddit/search/submission/?subreddit=denvernuggets&sort=created_utc&sort_type=desc&size=500 (Caused by NewConnectionError('<urllib3.connection.HTTPSConnection object at 0xffff9bf95e90>: Failed to establish a new connection: [Errno -2] Name or service not known'))
[2023-04-30T21:39:49.209+0000] {helpers.py:87} ERROR - Retrying! 3 attempts before skipping!
[2023-04-30T21:39:50.222+0000] {logging_mixin.py:137} INFO - HTTPSConnectionPool(host='api.pushshift.io', port=443): Max retries exceeded with url: /reddit/search/submission/?subreddit=denvernuggets&sort=created_utc&sort_type=desc&size=500 (Caused by NewConnectionError('<urllib3.connection.HTTPSConnection object at 0xffff9bf95d90>: Failed to establish a new connection: [Errno -2] Name or service not known'))
[2023-04-30T21:39:50.225+0000] {helpers.py:86} ERROR - HTTPSConnectionPool(host='api.pushshift.io', port=443): Max retries exceeded with url: /reddit/search/submission/?subreddit=denvernuggets&sort=created_utc&sort_type=desc&size=500 (Caused by NewConnectionError('<urllib3.connection.HTTPSConnection object at 0xffff9bf95d90>: Failed to establish a new connection: [Errno -2] Name or service not known'))
[2023-04-30T21:39:50.229+0000] {helpers.py:87} ERROR - Retrying! 2 attempts before skipping!
[2023-04-30T21:39:51.243+0000] {logging_mixin.py:137} INFO - HTTPSConnectionPool(host='api.pushshift.io', port=443): Max retries exceeded with url: /reddit/search/submission/?subreddit=denvernuggets&sort=created_utc&sort_type=desc&size=500 (Caused by NewConnectionError('<urllib3.connection.HTTPSConnection object at 0xffff9bf95e90>: Failed to establish a new connection: [Errno -2] Name or service not known'))
[2023-04-30T21:39:51.245+0000] {helpers.py:86} ERROR - HTTPSConnectionPool(host='api.pushshift.io', port=443): Max retries exceeded with url: /reddit/search/submission/?subreddit=denvernuggets&sort=created_utc&sort_type=desc&size=500 (Caused by NewConnectionError('<urllib3.connection.HTTPSConnection object at 0xffff9bf95e90>: Failed to establish a new connection: [Errno -2] Name or service not known'))
[2023-04-30T21:39:51.247+0000] {helpers.py:87} ERROR - Retrying! 1 attempts before skipping!
[2023-04-30T22:30:09.743+0000] {logging_mixin.py:137} INFO - HTTPSConnectionPool(host='api.pushshift.io', port=443): Max retries exceeded with url: /reddit/search/submission/?subreddit=denvernuggets&sort=created_utc&sort_type=desc&size=500 (Caused by NewConnectionError('<urllib3.connection.HTTPSConnection object at 0xffff9bf95d90>: Failed to establish a new connection: [Errno -2] Name or service not known'))
[2023-04-30T22:30:09.745+0000] {helpers.py:86} ERROR - HTTPSConnectionPool(host='api.pushshift.io', port=443): Max retries exceeded with url: /reddit/search/submission/?subreddit=denvernuggets&sort=created_utc&sort_type=desc&size=500 (Caused by NewConnectionError('<urllib3.connection.HTTPSConnection object at 0xffff9bf95d90>: Failed to establish a new connection: [Errno -2] Name or service not known'))
[2023-04-30T22:30:09.746+0000] {helpers.py:87} ERROR - Retrying! 0 attempts before skipping!
[2023-04-30T22:30:10.763+0000] {logging_mixin.py:137} INFO - HTTPSConnectionPool(host='api.pushshift.io', port=443): Max retries exceeded with url: /reddit/search/submission/?subreddit=denvernuggets&sort=created_utc&sort_type=desc&size=500 (Caused by NewConnectionError('<urllib3.connection.HTTPSConnection object at 0xffff9bf95e90>: Failed to establish a new connection: [Errno -2] Name or service not known'))
[2023-04-30T22:30:10.765+0000] {helpers.py:86} ERROR - HTTPSConnectionPool(host='api.pushshift.io', port=443): Max retries exceeded with url: /reddit/search/submission/?subreddit=denvernuggets&sort=created_utc&sort_type=desc&size=500 (Caused by NewConnectionError('<urllib3.connection.HTTPSConnection object at 0xffff9bf95e90>: Failed to establish a new connection: [Errno -2] Name or service not known'))
[2023-04-30T22:30:10.767+0000] {helpers.py:87} ERROR - Retrying! -1 attempts before skipping!
[2023-04-30T22:30:11.789+0000] {helpers.py:96} INFO - Saved in /opt/***/data/output_scrape_teams_1-8.csv
[2023-04-30T22:30:11.792+0000] {python.py:177} INFO - Done. Returned value was: None
[2023-04-30T22:30:11.826+0000] {taskinstance.py:1332} INFO - Marking task as SUCCESS. dag_id=scrape_and_save_to_csv, task_id=scrape_teams_1-8, execution_date=20230430T193000, start_date=20230430T203851, end_date=20230430T223011
[2023-04-30T22:30:11.889+0000] {local_task_job.py:212} INFO - Task exited with return code 0
[2023-04-30T22:30:11.934+0000] {taskinstance.py:2596} INFO - 0 downstream tasks scheduled from follow-on schedule check
