[2023-04-30T17:46:12.499+0000] {taskinstance.py:1090} INFO - Dependencies all met for dep_context=non-requeueable deps ti=<TaskInstance: scrape_and_save_to_csv.scrape_teams_9-16 manual__2023-04-30T17:46:10.652093+00:00 [queued]>
[2023-04-30T17:46:12.516+0000] {taskinstance.py:1090} INFO - Dependencies all met for dep_context=requeueable deps ti=<TaskInstance: scrape_and_save_to_csv.scrape_teams_9-16 manual__2023-04-30T17:46:10.652093+00:00 [queued]>
[2023-04-30T17:46:12.518+0000] {taskinstance.py:1288} INFO - 
--------------------------------------------------------------------------------
[2023-04-30T17:46:12.519+0000] {taskinstance.py:1289} INFO - Starting attempt 1 of 1
[2023-04-30T17:46:12.520+0000] {taskinstance.py:1290} INFO - 
--------------------------------------------------------------------------------
[2023-04-30T17:46:12.540+0000] {taskinstance.py:1309} INFO - Executing <Task(PythonOperator): scrape_teams_9-16> on 2023-04-30 17:46:10.652093+00:00
[2023-04-30T17:46:12.557+0000] {standard_task_runner.py:55} INFO - Started process 111 to run task
[2023-04-30T17:46:12.568+0000] {standard_task_runner.py:82} INFO - Running: ['***', 'tasks', 'run', 'scrape_and_save_to_csv', 'scrape_teams_9-16', 'manual__2023-04-30T17:46:10.652093+00:00', '--job-id', '1921', '--raw', '--subdir', 'DAGS_FOLDER/scrape_and_save_csv_dag.py', '--cfg-path', '/tmp/tmp4qv3q0qx']
[2023-04-30T17:46:12.572+0000] {standard_task_runner.py:83} INFO - Job 1921: Subtask scrape_teams_9-16
[2023-04-30T17:46:12.708+0000] {task_command.py:389} INFO - Running <TaskInstance: scrape_and_save_to_csv.scrape_teams_9-16 manual__2023-04-30T17:46:10.652093+00:00 [running]> on host 5d4cd8acb346
[2023-04-30T17:46:12.829+0000] {taskinstance.py:1518} INFO - Exporting the following env vars:
AIRFLOW_CTX_DAG_OWNER=***
AIRFLOW_CTX_DAG_ID=scrape_and_save_to_csv
AIRFLOW_CTX_TASK_ID=scrape_teams_9-16
AIRFLOW_CTX_EXECUTION_DATE=2023-04-30T17:46:10.652093+00:00
AIRFLOW_CTX_TRY_NUMBER=1
AIRFLOW_CTX_DAG_RUN_ID=manual__2023-04-30T17:46:10.652093+00:00
[2023-04-30T17:46:12.832+0000] {taskinstance.py:1776} ERROR - Task failed with exception
Traceback (most recent call last):
  File "/home/airflow/.local/lib/python3.7/site-packages/airflow/operators/python.py", line 175, in execute
    return_value = self.execute_callable()
  File "/home/airflow/.local/lib/python3.7/site-packages/airflow/operators/python.py", line 192, in execute_callable
    return self.python_callable(*self.op_args, **self.op_kwargs)
TypeError: scrape_and_save() takes 1 positional argument but 8 were given
[2023-04-30T17:46:12.854+0000] {taskinstance.py:1332} INFO - Marking task as FAILED. dag_id=scrape_and_save_to_csv, task_id=scrape_teams_9-16, execution_date=20230430T174610, start_date=20230430T174612, end_date=20230430T174612
[2023-04-30T17:46:12.874+0000] {standard_task_runner.py:105} ERROR - Failed to execute job 1921 for task scrape_teams_9-16 (scrape_and_save() takes 1 positional argument but 8 were given; 111)
[2023-04-30T17:46:12.898+0000] {local_task_job.py:212} INFO - Task exited with return code 1
[2023-04-30T17:46:12.933+0000] {taskinstance.py:2596} INFO - 0 downstream tasks scheduled from follow-on schedule check
