[2023-04-30T02:32:36.104+0000] {taskinstance.py:1090} INFO - Dependencies all met for dep_context=non-requeueable deps ti=<TaskInstance: scrape_and_save_to_csv.scrape_teams_1-8 scheduled__2023-04-30T00:30:00+00:00 [queued]>
[2023-04-30T02:32:36.211+0000] {taskinstance.py:1090} INFO - Dependencies all met for dep_context=requeueable deps ti=<TaskInstance: scrape_and_save_to_csv.scrape_teams_1-8 scheduled__2023-04-30T00:30:00+00:00 [queued]>
[2023-04-30T02:32:36.214+0000] {taskinstance.py:1288} INFO - 
--------------------------------------------------------------------------------
[2023-04-30T02:32:36.252+0000] {taskinstance.py:1289} INFO - Starting attempt 1 of 1
[2023-04-30T02:32:36.284+0000] {taskinstance.py:1290} INFO - 
--------------------------------------------------------------------------------
[2023-04-30T02:32:36.358+0000] {taskinstance.py:1309} INFO - Executing <Task(PythonOperator): scrape_teams_1-8> on 2023-04-30 00:30:00+00:00
[2023-04-30T02:32:36.417+0000] {standard_task_runner.py:55} INFO - Started process 3168 to run task
[2023-04-30T02:32:36.454+0000] {standard_task_runner.py:82} INFO - Running: ['***', 'tasks', 'run', 'scrape_and_save_to_csv', 'scrape_teams_1-8', 'scheduled__2023-04-30T00:30:00+00:00', '--job-id', '1852', '--raw', '--subdir', 'DAGS_FOLDER/scrape_and_save_csv_dag.py', '--cfg-path', '/tmp/tmpzs7cok50']
[2023-04-30T02:32:36.482+0000] {standard_task_runner.py:83} INFO - Job 1852: Subtask scrape_teams_1-8
[2023-04-30T02:32:36.862+0000] {task_command.py:389} INFO - Running <TaskInstance: scrape_and_save_to_csv.scrape_teams_1-8 scheduled__2023-04-30T00:30:00+00:00 [running]> on host b5cee175690f
[2023-04-30T02:32:37.263+0000] {taskinstance.py:1518} INFO - Exporting the following env vars:
AIRFLOW_CTX_DAG_OWNER=***
AIRFLOW_CTX_DAG_ID=scrape_and_save_to_csv
AIRFLOW_CTX_TASK_ID=scrape_teams_1-8
AIRFLOW_CTX_EXECUTION_DATE=2023-04-30T00:30:00+00:00
AIRFLOW_CTX_TRY_NUMBER=1
AIRFLOW_CTX_DAG_RUN_ID=scheduled__2023-04-30T00:30:00+00:00
[2023-04-30T02:32:38.434+0000] {warnings.py:110} WARNING - /home/***/.local/lib/python3.7/site-packages/***/utils/context.py:313: AirflowContextDeprecationWarning: Accessing 'execution_date' from the template is deprecated and will be removed in a future version. Please use 'data_interval_start' or 'logical_date' instead.
  warnings.warn(_create_deprecation_warning(k, replacements))

[2023-04-30T02:32:38.440+0000] {helpers.py:69} INFO - Hawks: Successfully scraped!
[2023-04-30T02:56:49.818+0000] {local_task_job.py:277} WARNING - State of this instance has been externally set to failed. Terminating instance.
[2023-04-30T02:56:49.824+0000] {process_utils.py:133} INFO - Sending Signals.SIGTERM to group 3168. PIDs of all processes in the group: [3168]
[2023-04-30T02:56:49.825+0000] {process_utils.py:84} INFO - Sending the signal Signals.SIGTERM to group 3168
[2023-04-30T02:56:49.826+0000] {taskinstance.py:1488} ERROR - Received SIGTERM. Terminating subprocesses.
[2023-04-30T02:56:49.835+0000] {helpers.py:73} ERROR - Task received SIGTERM signal
[2023-04-30T02:56:49.837+0000] {helpers.py:74} ERROR - Retrying! 9 attempts before skipping!
[2023-04-30T02:56:56.530+0000] {helpers.py:69} INFO - Nets: Successfully scraped!
[2023-04-30T02:56:57.320+0000] {helpers.py:69} INFO - Celtics: Successfully scraped!
[2023-04-30T02:56:58.043+0000] {helpers.py:69} INFO - Hornets: Successfully scraped!
[2023-04-30T02:56:59.849+0000] {helpers.py:69} INFO - Bulls: Successfully scraped!
[2023-04-30T02:57:00.720+0000] {helpers.py:69} INFO - Cavaliers: Successfully scraped!
[2023-04-30T02:57:01.413+0000] {helpers.py:69} INFO - Mavs: Successfully scraped!
[2023-04-30T02:57:02.863+0000] {helpers.py:69} INFO - Nuggets: Successfully scraped!
[2023-04-30T02:57:02.878+0000] {helpers.py:83} INFO - Saved in /opt/***/data/output_scrape_teams_1-8.csv
[2023-04-30T02:57:02.880+0000] {python.py:177} INFO - Done. Returned value was: None
[2023-04-30T02:57:02.896+0000] {taskinstance.py:1332} INFO - Marking task as SUCCESS. dag_id=scrape_and_save_to_csv, task_id=scrape_teams_1-8, execution_date=20230430T003000, start_date=20230430T023236, end_date=20230430T025702
[2023-04-30T02:57:02.957+0000] {process_utils.py:79} INFO - Process psutil.Process(pid=3168, status='terminated', exitcode=0, started='02:32:36') (3168) terminated with exit code 0
