[2023-05-07T15:15:19.726+0000] {taskinstance.py:1090} INFO - Dependencies all met for dep_context=non-requeueable deps ti=<TaskInstance: scrape_and_save_to_csv.scrape_teams_25-30 manual__2023-05-07T15:15:00.999955+00:00 [queued]>
[2023-05-07T15:15:19.742+0000] {taskinstance.py:1090} INFO - Dependencies all met for dep_context=requeueable deps ti=<TaskInstance: scrape_and_save_to_csv.scrape_teams_25-30 manual__2023-05-07T15:15:00.999955+00:00 [queued]>
[2023-05-07T15:15:19.743+0000] {taskinstance.py:1288} INFO - 
--------------------------------------------------------------------------------
[2023-05-07T15:15:19.745+0000] {taskinstance.py:1289} INFO - Starting attempt 1 of 1
[2023-05-07T15:15:19.746+0000] {taskinstance.py:1290} INFO - 
--------------------------------------------------------------------------------
[2023-05-07T15:15:19.759+0000] {taskinstance.py:1309} INFO - Executing <Task(PythonOperator): scrape_teams_25-30> on 2023-05-07 15:15:00.999955+00:00
[2023-05-07T15:15:19.775+0000] {standard_task_runner.py:55} INFO - Started process 3158 to run task
[2023-05-07T15:15:19.779+0000] {standard_task_runner.py:82} INFO - Running: ['***', 'tasks', 'run', 'scrape_and_save_to_csv', 'scrape_teams_25-30', 'manual__2023-05-07T15:15:00.999955+00:00', '--job-id', '2973', '--raw', '--subdir', 'DAGS_FOLDER/scrape_and_push_dag.py', '--cfg-path', '/tmp/tmpo1bfsweh']
[2023-05-07T15:15:19.782+0000] {standard_task_runner.py:83} INFO - Job 2973: Subtask scrape_teams_25-30
[2023-05-07T15:15:19.861+0000] {task_command.py:389} INFO - Running <TaskInstance: scrape_and_save_to_csv.scrape_teams_25-30 manual__2023-05-07T15:15:00.999955+00:00 [running]> on host 6589836e9c08
[2023-05-07T15:15:19.900+0000] {warnings.py:110} WARNING - /home/***/.local/lib/python3.7/site-packages/***/utils/context.py:205: AirflowContextDeprecationWarning: Accessing 'execution_date' from the template is deprecated and will be removed in a future version. Please use 'data_interval_start' or 'logical_date' instead.
  warnings.warn(_create_deprecation_warning(key, self._deprecation_replacements[key]))

[2023-05-07T15:15:19.939+0000] {taskinstance.py:1518} INFO - Exporting the following env vars:
AIRFLOW_CTX_DAG_OWNER=***
AIRFLOW_CTX_DAG_ID=scrape_and_save_to_csv
AIRFLOW_CTX_TASK_ID=scrape_teams_25-30
AIRFLOW_CTX_EXECUTION_DATE=2023-05-07T15:15:00.999955+00:00
AIRFLOW_CTX_TRY_NUMBER=1
AIRFLOW_CTX_DAG_RUN_ID=manual__2023-05-07T15:15:00.999955+00:00
[2023-05-07T15:15:20.887+0000] {helpers.py:86} INFO - Portland Trail Blazers: Successfully scraped!
[2023-05-07T15:15:21.243+0000] {logging_mixin.py:137} INFO - Expecting value: line 1 column 1 (char 0)
[2023-05-07T15:15:21.244+0000] {helpers.py:92} ERROR - Expecting value: line 1 column 1 (char 0)
[2023-05-07T15:15:21.245+0000] {helpers.py:93} ERROR - Retrying! 9 attempts before skipping!
[2023-05-07T15:15:22.603+0000] {logging_mixin.py:137} INFO - Expecting value: line 1 column 1 (char 0)
[2023-05-07T15:15:22.605+0000] {helpers.py:92} ERROR - Expecting value: line 1 column 1 (char 0)
[2023-05-07T15:15:22.609+0000] {helpers.py:93} ERROR - Retrying! 8 attempts before skipping!
[2023-05-07T15:15:23.776+0000] {logging_mixin.py:137} INFO - Expecting value: line 1 column 1 (char 0)
[2023-05-07T15:15:23.778+0000] {helpers.py:92} ERROR - Expecting value: line 1 column 1 (char 0)
[2023-05-07T15:15:23.781+0000] {helpers.py:93} ERROR - Retrying! 7 attempts before skipping!
[2023-05-07T15:15:25.032+0000] {logging_mixin.py:137} INFO - Expecting value: line 1 column 1 (char 0)
[2023-05-07T15:15:25.033+0000] {helpers.py:92} ERROR - Expecting value: line 1 column 1 (char 0)
[2023-05-07T15:15:25.044+0000] {helpers.py:93} ERROR - Retrying! 6 attempts before skipping!
[2023-05-07T15:15:26.206+0000] {logging_mixin.py:137} INFO - Expecting value: line 1 column 1 (char 0)
[2023-05-07T15:15:26.209+0000] {helpers.py:92} ERROR - Expecting value: line 1 column 1 (char 0)
[2023-05-07T15:15:26.253+0000] {helpers.py:93} ERROR - Retrying! 5 attempts before skipping!
[2023-05-07T15:15:27.418+0000] {logging_mixin.py:137} INFO - Expecting value: line 1 column 1 (char 0)
[2023-05-07T15:15:27.421+0000] {helpers.py:92} ERROR - Expecting value: line 1 column 1 (char 0)
[2023-05-07T15:15:27.424+0000] {helpers.py:93} ERROR - Retrying! 4 attempts before skipping!
[2023-05-07T15:15:28.577+0000] {logging_mixin.py:137} INFO - Expecting value: line 1 column 1 (char 0)
[2023-05-07T15:15:28.578+0000] {helpers.py:92} ERROR - Expecting value: line 1 column 1 (char 0)
[2023-05-07T15:15:28.579+0000] {helpers.py:93} ERROR - Retrying! 3 attempts before skipping!
[2023-05-07T15:15:29.733+0000] {logging_mixin.py:137} INFO - Expecting value: line 1 column 1 (char 0)
[2023-05-07T15:15:29.734+0000] {helpers.py:92} ERROR - Expecting value: line 1 column 1 (char 0)
[2023-05-07T15:15:29.736+0000] {helpers.py:93} ERROR - Retrying! 2 attempts before skipping!
[2023-05-07T15:15:30.915+0000] {logging_mixin.py:137} INFO - Expecting value: line 1 column 1 (char 0)
[2023-05-07T15:15:30.925+0000] {helpers.py:92} ERROR - Expecting value: line 1 column 1 (char 0)
[2023-05-07T15:15:30.927+0000] {helpers.py:93} ERROR - Retrying! 1 attempts before skipping!
[2023-05-07T15:15:32.083+0000] {logging_mixin.py:137} INFO - Expecting value: line 1 column 1 (char 0)
[2023-05-07T15:15:32.083+0000] {helpers.py:92} ERROR - Expecting value: line 1 column 1 (char 0)
[2023-05-07T15:15:32.084+0000] {helpers.py:93} ERROR - Retrying! 0 attempts before skipping!
[2023-05-07T15:15:33.241+0000] {logging_mixin.py:137} INFO - Expecting value: line 1 column 1 (char 0)
[2023-05-07T15:15:33.251+0000] {helpers.py:92} ERROR - Expecting value: line 1 column 1 (char 0)
[2023-05-07T15:15:33.252+0000] {helpers.py:93} ERROR - Retrying! -1 attempts before skipping!
[2023-05-07T15:15:35.076+0000] {helpers.py:86} INFO - San Antonio Spurs: Successfully scraped!
[2023-05-07T15:15:35.431+0000] {logging_mixin.py:137} INFO - Expecting value: line 1 column 1 (char 0)
[2023-05-07T15:15:35.437+0000] {helpers.py:92} ERROR - Expecting value: line 1 column 1 (char 0)
[2023-05-07T15:15:35.439+0000] {helpers.py:93} ERROR - Retrying! 9 attempts before skipping!
[2023-05-07T15:15:36.925+0000] {logging_mixin.py:137} INFO - Expecting value: line 1 column 1 (char 0)
[2023-05-07T15:15:36.929+0000] {helpers.py:92} ERROR - Expecting value: line 1 column 1 (char 0)
[2023-05-07T15:15:36.938+0000] {helpers.py:93} ERROR - Retrying! 8 attempts before skipping!
[2023-05-07T15:15:38.199+0000] {logging_mixin.py:137} INFO - Expecting value: line 1 column 1 (char 0)
[2023-05-07T15:15:38.200+0000] {helpers.py:92} ERROR - Expecting value: line 1 column 1 (char 0)
[2023-05-07T15:15:38.202+0000] {helpers.py:93} ERROR - Retrying! 7 attempts before skipping!
[2023-05-07T15:15:39.459+0000] {logging_mixin.py:137} INFO - Expecting value: line 1 column 1 (char 0)
[2023-05-07T15:15:39.461+0000] {helpers.py:92} ERROR - Expecting value: line 1 column 1 (char 0)
[2023-05-07T15:15:39.462+0000] {helpers.py:93} ERROR - Retrying! 6 attempts before skipping!
[2023-05-07T15:15:40.741+0000] {logging_mixin.py:137} INFO - Expecting value: line 1 column 1 (char 0)
[2023-05-07T15:15:40.745+0000] {helpers.py:92} ERROR - Expecting value: line 1 column 1 (char 0)
[2023-05-07T15:15:40.746+0000] {helpers.py:93} ERROR - Retrying! 5 attempts before skipping!
[2023-05-07T15:15:42.042+0000] {logging_mixin.py:137} INFO - Expecting value: line 1 column 1 (char 0)
[2023-05-07T15:15:42.043+0000] {helpers.py:92} ERROR - Expecting value: line 1 column 1 (char 0)
[2023-05-07T15:15:42.044+0000] {helpers.py:93} ERROR - Retrying! 4 attempts before skipping!
[2023-05-07T15:15:43.200+0000] {logging_mixin.py:137} INFO - Expecting value: line 1 column 1 (char 0)
[2023-05-07T15:15:43.201+0000] {helpers.py:92} ERROR - Expecting value: line 1 column 1 (char 0)
[2023-05-07T15:15:43.201+0000] {helpers.py:93} ERROR - Retrying! 3 attempts before skipping!
[2023-05-07T15:15:44.475+0000] {logging_mixin.py:137} INFO - Expecting value: line 1 column 1 (char 0)
[2023-05-07T15:15:44.502+0000] {helpers.py:92} ERROR - Expecting value: line 1 column 1 (char 0)
[2023-05-07T15:15:44.536+0000] {helpers.py:93} ERROR - Retrying! 2 attempts before skipping!
[2023-05-07T15:15:45.695+0000] {logging_mixin.py:137} INFO - Expecting value: line 1 column 1 (char 0)
[2023-05-07T15:15:45.704+0000] {helpers.py:92} ERROR - Expecting value: line 1 column 1 (char 0)
[2023-05-07T15:15:45.705+0000] {helpers.py:93} ERROR - Retrying! 1 attempts before skipping!
[2023-05-07T15:15:46.879+0000] {logging_mixin.py:137} INFO - Expecting value: line 1 column 1 (char 0)
[2023-05-07T15:15:46.881+0000] {helpers.py:92} ERROR - Expecting value: line 1 column 1 (char 0)
[2023-05-07T15:15:46.882+0000] {helpers.py:93} ERROR - Retrying! 0 attempts before skipping!
[2023-05-07T15:15:48.143+0000] {logging_mixin.py:137} INFO - Expecting value: line 1 column 1 (char 0)
[2023-05-07T15:15:48.144+0000] {helpers.py:92} ERROR - Expecting value: line 1 column 1 (char 0)
[2023-05-07T15:15:48.145+0000] {helpers.py:93} ERROR - Retrying! -1 attempts before skipping!
[2023-05-07T15:15:49.653+0000] {logging_mixin.py:137} INFO - Expecting value: line 1 column 1 (char 0)
[2023-05-07T15:15:49.654+0000] {helpers.py:92} ERROR - Expecting value: line 1 column 1 (char 0)
[2023-05-07T15:15:49.655+0000] {helpers.py:93} ERROR - Retrying! 9 attempts before skipping!
[2023-05-07T15:15:50.984+0000] {helpers.py:86} INFO - Utah Jazz: Successfully scraped!
[2023-05-07T15:15:51.343+0000] {logging_mixin.py:137} INFO - Expecting value: line 1 column 1 (char 0)
[2023-05-07T15:15:51.346+0000] {helpers.py:92} ERROR - Expecting value: line 1 column 1 (char 0)
[2023-05-07T15:15:51.367+0000] {helpers.py:93} ERROR - Retrying! 9 attempts before skipping!
[2023-05-07T15:15:52.772+0000] {logging_mixin.py:137} INFO - Expecting value: line 1 column 1 (char 0)
[2023-05-07T15:15:52.777+0000] {helpers.py:92} ERROR - Expecting value: line 1 column 1 (char 0)
[2023-05-07T15:15:52.782+0000] {helpers.py:93} ERROR - Retrying! 8 attempts before skipping!
[2023-05-07T15:15:54.122+0000] {logging_mixin.py:137} INFO - Expecting value: line 1 column 1 (char 0)
[2023-05-07T15:15:54.127+0000] {helpers.py:92} ERROR - Expecting value: line 1 column 1 (char 0)
[2023-05-07T15:15:54.136+0000] {helpers.py:93} ERROR - Retrying! 7 attempts before skipping!
[2023-05-07T15:15:55.577+0000] {logging_mixin.py:137} INFO - Expecting value: line 1 column 1 (char 0)
[2023-05-07T15:15:55.581+0000] {helpers.py:92} ERROR - Expecting value: line 1 column 1 (char 0)
[2023-05-07T15:15:55.583+0000] {helpers.py:93} ERROR - Retrying! 6 attempts before skipping!
[2023-05-07T15:15:56.741+0000] {logging_mixin.py:137} INFO - Expecting value: line 1 column 1 (char 0)
[2023-05-07T15:15:56.742+0000] {helpers.py:92} ERROR - Expecting value: line 1 column 1 (char 0)
[2023-05-07T15:15:56.743+0000] {helpers.py:93} ERROR - Retrying! 5 attempts before skipping!
[2023-05-07T15:15:58.288+0000] {logging_mixin.py:137} INFO - Expecting value: line 1 column 1 (char 0)
[2023-05-07T15:15:58.289+0000] {helpers.py:92} ERROR - Expecting value: line 1 column 1 (char 0)
[2023-05-07T15:15:58.301+0000] {helpers.py:93} ERROR - Retrying! 4 attempts before skipping!
[2023-05-07T15:15:59.488+0000] {logging_mixin.py:137} INFO - Expecting value: line 1 column 1 (char 0)
[2023-05-07T15:15:59.490+0000] {helpers.py:92} ERROR - Expecting value: line 1 column 1 (char 0)
[2023-05-07T15:15:59.499+0000] {helpers.py:93} ERROR - Retrying! 3 attempts before skipping!
[2023-05-07T15:16:00.966+0000] {logging_mixin.py:137} INFO - Expecting value: line 1 column 1 (char 0)
[2023-05-07T15:16:00.970+0000] {helpers.py:92} ERROR - Expecting value: line 1 column 1 (char 0)
[2023-05-07T15:16:00.972+0000] {helpers.py:93} ERROR - Retrying! 2 attempts before skipping!
[2023-05-07T15:16:02.185+0000] {logging_mixin.py:137} INFO - Expecting value: line 1 column 1 (char 0)
[2023-05-07T15:16:02.187+0000] {helpers.py:92} ERROR - Expecting value: line 1 column 1 (char 0)
[2023-05-07T15:16:02.188+0000] {helpers.py:93} ERROR - Retrying! 1 attempts before skipping!
[2023-05-07T15:16:03.372+0000] {logging_mixin.py:137} INFO - Expecting value: line 1 column 1 (char 0)
[2023-05-07T15:16:03.373+0000] {helpers.py:92} ERROR - Expecting value: line 1 column 1 (char 0)
[2023-05-07T15:16:03.375+0000] {helpers.py:93} ERROR - Retrying! 0 attempts before skipping!
[2023-05-07T15:16:04.537+0000] {logging_mixin.py:137} INFO - Expecting value: line 1 column 1 (char 0)
[2023-05-07T15:16:04.538+0000] {helpers.py:92} ERROR - Expecting value: line 1 column 1 (char 0)
[2023-05-07T15:16:04.539+0000] {helpers.py:93} ERROR - Retrying! -1 attempts before skipping!
[2023-05-07T15:16:05.549+0000] {helpers.py:102} INFO - Saved in /opt/***/data/output_scrape_teams_25-30.csv
[2023-05-07T15:16:05.550+0000] {python.py:177} INFO - Done. Returned value was: None
[2023-05-07T15:16:05.565+0000] {taskinstance.py:1332} INFO - Marking task as SUCCESS. dag_id=scrape_and_save_to_csv, task_id=scrape_teams_25-30, execution_date=20230507T151500, start_date=20230507T151519, end_date=20230507T151605
[2023-05-07T15:16:05.615+0000] {local_task_job.py:212} INFO - Task exited with return code 0
[2023-05-07T15:16:05.636+0000] {taskinstance.py:2596} INFO - 0 downstream tasks scheduled from follow-on schedule check
