[2023-05-07T05:15:22.592+0000] {taskinstance.py:1090} INFO - Dependencies all met for dep_context=non-requeueable deps ti=<TaskInstance: scrape_and_save_to_csv.scrape_teams_17-24 manual__2023-05-07T05:14:56.761990+00:00 [queued]>
[2023-05-07T05:15:22.607+0000] {taskinstance.py:1090} INFO - Dependencies all met for dep_context=requeueable deps ti=<TaskInstance: scrape_and_save_to_csv.scrape_teams_17-24 manual__2023-05-07T05:14:56.761990+00:00 [queued]>
[2023-05-07T05:15:22.622+0000] {taskinstance.py:1288} INFO - 
--------------------------------------------------------------------------------
[2023-05-07T05:15:22.633+0000] {taskinstance.py:1289} INFO - Starting attempt 1 of 1
[2023-05-07T05:15:22.656+0000] {taskinstance.py:1290} INFO - 
--------------------------------------------------------------------------------
[2023-05-07T05:15:22.679+0000] {taskinstance.py:1309} INFO - Executing <Task(PythonOperator): scrape_teams_17-24> on 2023-05-07 05:14:56.761990+00:00
[2023-05-07T05:15:22.689+0000] {standard_task_runner.py:55} INFO - Started process 2200 to run task
[2023-05-07T05:15:22.696+0000] {standard_task_runner.py:82} INFO - Running: ['***', 'tasks', 'run', 'scrape_and_save_to_csv', 'scrape_teams_17-24', 'manual__2023-05-07T05:14:56.761990+00:00', '--job-id', '2895', '--raw', '--subdir', 'DAGS_FOLDER/scrape_and_push_dag.py', '--cfg-path', '/tmp/tmp8c93522z']
[2023-05-07T05:15:22.701+0000] {standard_task_runner.py:83} INFO - Job 2895: Subtask scrape_teams_17-24
[2023-05-07T05:15:22.844+0000] {task_command.py:389} INFO - Running <TaskInstance: scrape_and_save_to_csv.scrape_teams_17-24 manual__2023-05-07T05:14:56.761990+00:00 [running]> on host 6589836e9c08
[2023-05-07T05:15:22.881+0000] {warnings.py:110} WARNING - /home/***/.local/lib/python3.7/site-packages/***/utils/context.py:205: AirflowContextDeprecationWarning: Accessing 'execution_date' from the template is deprecated and will be removed in a future version. Please use 'data_interval_start' or 'logical_date' instead.
  warnings.warn(_create_deprecation_warning(key, self._deprecation_replacements[key]))

[2023-05-07T05:15:22.931+0000] {taskinstance.py:1518} INFO - Exporting the following env vars:
AIRFLOW_CTX_DAG_OWNER=***
AIRFLOW_CTX_DAG_ID=scrape_and_save_to_csv
AIRFLOW_CTX_TASK_ID=scrape_teams_17-24
AIRFLOW_CTX_EXECUTION_DATE=2023-05-07T05:14:56.761990+00:00
AIRFLOW_CTX_TRY_NUMBER=1
AIRFLOW_CTX_DAG_RUN_ID=manual__2023-05-07T05:14:56.761990+00:00
[2023-05-07T05:15:23.099+0000] {logging_mixin.py:137} INFO - Expecting value: line 1 column 1 (char 0)
[2023-05-07T05:15:23.101+0000] {helpers.py:92} ERROR - Expecting value: line 1 column 1 (char 0)
[2023-05-07T05:15:23.102+0000] {helpers.py:93} ERROR - Retrying! 9 attempts before skipping!
[2023-05-07T05:15:24.293+0000] {logging_mixin.py:137} INFO - Expecting value: line 1 column 1 (char 0)
[2023-05-07T05:15:24.296+0000] {helpers.py:92} ERROR - Expecting value: line 1 column 1 (char 0)
[2023-05-07T05:15:24.297+0000] {helpers.py:93} ERROR - Retrying! 8 attempts before skipping!
[2023-05-07T05:15:25.657+0000] {logging_mixin.py:137} INFO - Expecting value: line 1 column 1 (char 0)
[2023-05-07T05:15:25.662+0000] {helpers.py:92} ERROR - Expecting value: line 1 column 1 (char 0)
[2023-05-07T05:15:25.675+0000] {helpers.py:93} ERROR - Retrying! 7 attempts before skipping!
[2023-05-07T05:15:26.846+0000] {logging_mixin.py:137} INFO - Expecting value: line 1 column 1 (char 0)
[2023-05-07T05:15:26.848+0000] {helpers.py:92} ERROR - Expecting value: line 1 column 1 (char 0)
[2023-05-07T05:15:26.859+0000] {helpers.py:93} ERROR - Retrying! 6 attempts before skipping!
[2023-05-07T05:15:28.099+0000] {logging_mixin.py:137} INFO - Expecting value: line 1 column 1 (char 0)
[2023-05-07T05:15:28.100+0000] {helpers.py:92} ERROR - Expecting value: line 1 column 1 (char 0)
[2023-05-07T05:15:28.103+0000] {helpers.py:93} ERROR - Retrying! 5 attempts before skipping!
[2023-05-07T05:15:29.261+0000] {logging_mixin.py:137} INFO - Expecting value: line 1 column 1 (char 0)
[2023-05-07T05:15:29.263+0000] {helpers.py:92} ERROR - Expecting value: line 1 column 1 (char 0)
[2023-05-07T05:15:29.267+0000] {helpers.py:93} ERROR - Retrying! 4 attempts before skipping!
[2023-05-07T05:15:30.612+0000] {logging_mixin.py:137} INFO - Expecting value: line 1 column 1 (char 0)
[2023-05-07T05:15:30.615+0000] {helpers.py:92} ERROR - Expecting value: line 1 column 1 (char 0)
[2023-05-07T05:15:30.617+0000] {helpers.py:93} ERROR - Retrying! 3 attempts before skipping!
[2023-05-07T05:15:31.770+0000] {logging_mixin.py:137} INFO - Expecting value: line 1 column 1 (char 0)
[2023-05-07T05:15:31.774+0000] {helpers.py:92} ERROR - Expecting value: line 1 column 1 (char 0)
[2023-05-07T05:15:31.777+0000] {helpers.py:93} ERROR - Retrying! 2 attempts before skipping!
[2023-05-07T05:15:32.932+0000] {logging_mixin.py:137} INFO - Expecting value: line 1 column 1 (char 0)
[2023-05-07T05:15:32.934+0000] {helpers.py:92} ERROR - Expecting value: line 1 column 1 (char 0)
[2023-05-07T05:15:32.936+0000] {helpers.py:93} ERROR - Retrying! 1 attempts before skipping!
[2023-05-07T05:15:34.196+0000] {logging_mixin.py:137} INFO - Expecting value: line 1 column 1 (char 0)
[2023-05-07T05:15:34.198+0000] {helpers.py:92} ERROR - Expecting value: line 1 column 1 (char 0)
[2023-05-07T05:15:34.199+0000] {helpers.py:93} ERROR - Retrying! 0 attempts before skipping!
[2023-05-07T05:15:35.643+0000] {helpers.py:86} INFO - Milwaukee Bucks: Successfully scraped!
[2023-05-07T05:15:35.990+0000] {logging_mixin.py:137} INFO - Expecting value: line 1 column 1 (char 0)
[2023-05-07T05:15:35.992+0000] {helpers.py:92} ERROR - Expecting value: line 1 column 1 (char 0)
[2023-05-07T05:15:35.994+0000] {helpers.py:93} ERROR - Retrying! 9 attempts before skipping!
[2023-05-07T05:15:37.396+0000] {logging_mixin.py:137} INFO - Expecting value: line 1 column 1 (char 0)
[2023-05-07T05:15:37.401+0000] {helpers.py:92} ERROR - Expecting value: line 1 column 1 (char 0)
[2023-05-07T05:15:37.404+0000] {helpers.py:93} ERROR - Retrying! 8 attempts before skipping!
[2023-05-07T05:15:38.709+0000] {logging_mixin.py:137} INFO - Expecting value: line 1 column 1 (char 0)
[2023-05-07T05:15:38.710+0000] {helpers.py:92} ERROR - Expecting value: line 1 column 1 (char 0)
[2023-05-07T05:15:38.713+0000] {helpers.py:93} ERROR - Retrying! 7 attempts before skipping!
[2023-05-07T05:15:39.901+0000] {logging_mixin.py:137} INFO - Expecting value: line 1 column 1 (char 0)
[2023-05-07T05:15:39.902+0000] {helpers.py:92} ERROR - Expecting value: line 1 column 1 (char 0)
[2023-05-07T05:15:39.903+0000] {helpers.py:93} ERROR - Retrying! 6 attempts before skipping!
[2023-05-07T05:15:41.127+0000] {logging_mixin.py:137} INFO - Expecting value: line 1 column 1 (char 0)
[2023-05-07T05:15:41.129+0000] {helpers.py:92} ERROR - Expecting value: line 1 column 1 (char 0)
[2023-05-07T05:15:41.131+0000] {helpers.py:93} ERROR - Retrying! 5 attempts before skipping!
[2023-05-07T05:15:42.336+0000] {logging_mixin.py:137} INFO - Expecting value: line 1 column 1 (char 0)
[2023-05-07T05:15:42.338+0000] {helpers.py:92} ERROR - Expecting value: line 1 column 1 (char 0)
[2023-05-07T05:15:42.340+0000] {helpers.py:93} ERROR - Retrying! 4 attempts before skipping!
[2023-05-07T05:15:43.607+0000] {logging_mixin.py:137} INFO - Expecting value: line 1 column 1 (char 0)
[2023-05-07T05:15:43.609+0000] {helpers.py:92} ERROR - Expecting value: line 1 column 1 (char 0)
[2023-05-07T05:15:43.610+0000] {helpers.py:93} ERROR - Retrying! 3 attempts before skipping!
[2023-05-07T05:15:44.759+0000] {logging_mixin.py:137} INFO - Expecting value: line 1 column 1 (char 0)
[2023-05-07T05:15:44.761+0000] {helpers.py:92} ERROR - Expecting value: line 1 column 1 (char 0)
[2023-05-07T05:15:44.762+0000] {helpers.py:93} ERROR - Retrying! 2 attempts before skipping!
[2023-05-07T05:15:45.950+0000] {logging_mixin.py:137} INFO - Expecting value: line 1 column 1 (char 0)
[2023-05-07T05:15:45.952+0000] {helpers.py:92} ERROR - Expecting value: line 1 column 1 (char 0)
[2023-05-07T05:15:45.953+0000] {helpers.py:93} ERROR - Retrying! 1 attempts before skipping!
[2023-05-07T05:15:47.100+0000] {logging_mixin.py:137} INFO - Expecting value: line 1 column 1 (char 0)
[2023-05-07T05:15:47.104+0000] {helpers.py:92} ERROR - Expecting value: line 1 column 1 (char 0)
[2023-05-07T05:15:47.107+0000] {helpers.py:93} ERROR - Retrying! 0 attempts before skipping!
[2023-05-07T05:15:48.611+0000] {logging_mixin.py:137} INFO - Expecting value: line 1 column 1 (char 0)
[2023-05-07T05:15:48.612+0000] {helpers.py:92} ERROR - Expecting value: line 1 column 1 (char 0)
[2023-05-07T05:15:48.613+0000] {helpers.py:93} ERROR - Retrying! -1 attempts before skipping!
[2023-05-07T05:15:49.784+0000] {logging_mixin.py:137} INFO - Expecting value: line 1 column 1 (char 0)
[2023-05-07T05:15:49.788+0000] {helpers.py:92} ERROR - Expecting value: line 1 column 1 (char 0)
[2023-05-07T05:15:49.791+0000] {helpers.py:93} ERROR - Retrying! 9 attempts before skipping!
[2023-05-07T05:15:51.135+0000] {logging_mixin.py:137} INFO - Expecting value: line 1 column 1 (char 0)
[2023-05-07T05:15:51.171+0000] {helpers.py:92} ERROR - Expecting value: line 1 column 1 (char 0)
[2023-05-07T05:15:51.173+0000] {helpers.py:93} ERROR - Retrying! 8 attempts before skipping!
[2023-05-07T05:15:52.322+0000] {logging_mixin.py:137} INFO - Expecting value: line 1 column 1 (char 0)
[2023-05-07T05:15:52.324+0000] {helpers.py:92} ERROR - Expecting value: line 1 column 1 (char 0)
[2023-05-07T05:15:52.327+0000] {helpers.py:93} ERROR - Retrying! 7 attempts before skipping!
[2023-05-07T05:15:53.628+0000] {logging_mixin.py:137} INFO - Expecting value: line 1 column 1 (char 0)
[2023-05-07T05:15:53.629+0000] {helpers.py:92} ERROR - Expecting value: line 1 column 1 (char 0)
[2023-05-07T05:15:53.630+0000] {helpers.py:93} ERROR - Retrying! 6 attempts before skipping!
[2023-05-07T05:15:54.784+0000] {logging_mixin.py:137} INFO - Expecting value: line 1 column 1 (char 0)
[2023-05-07T05:15:54.785+0000] {helpers.py:92} ERROR - Expecting value: line 1 column 1 (char 0)
[2023-05-07T05:15:54.786+0000] {helpers.py:93} ERROR - Retrying! 5 attempts before skipping!
[2023-05-07T05:15:55.975+0000] {logging_mixin.py:137} INFO - Expecting value: line 1 column 1 (char 0)
[2023-05-07T05:15:55.977+0000] {helpers.py:92} ERROR - Expecting value: line 1 column 1 (char 0)
[2023-05-07T05:15:55.978+0000] {helpers.py:93} ERROR - Retrying! 4 attempts before skipping!
[2023-05-07T05:15:57.138+0000] {logging_mixin.py:137} INFO - Expecting value: line 1 column 1 (char 0)
[2023-05-07T05:15:57.139+0000] {helpers.py:92} ERROR - Expecting value: line 1 column 1 (char 0)
[2023-05-07T05:15:57.141+0000] {helpers.py:93} ERROR - Retrying! 3 attempts before skipping!
[2023-05-07T05:15:58.324+0000] {logging_mixin.py:137} INFO - Expecting value: line 1 column 1 (char 0)
[2023-05-07T05:15:58.325+0000] {helpers.py:92} ERROR - Expecting value: line 1 column 1 (char 0)
[2023-05-07T05:15:58.326+0000] {helpers.py:93} ERROR - Retrying! 2 attempts before skipping!
[2023-05-07T05:15:59.631+0000] {logging_mixin.py:137} INFO - Expecting value: line 1 column 1 (char 0)
[2023-05-07T05:15:59.633+0000] {helpers.py:92} ERROR - Expecting value: line 1 column 1 (char 0)
[2023-05-07T05:15:59.634+0000] {helpers.py:93} ERROR - Retrying! 1 attempts before skipping!
[2023-05-07T05:16:00.792+0000] {logging_mixin.py:137} INFO - Expecting value: line 1 column 1 (char 0)
[2023-05-07T05:16:00.794+0000] {helpers.py:92} ERROR - Expecting value: line 1 column 1 (char 0)
[2023-05-07T05:16:00.795+0000] {helpers.py:93} ERROR - Retrying! 0 attempts before skipping!
[2023-05-07T05:16:01.945+0000] {logging_mixin.py:137} INFO - Expecting value: line 1 column 1 (char 0)
[2023-05-07T05:16:01.946+0000] {helpers.py:92} ERROR - Expecting value: line 1 column 1 (char 0)
[2023-05-07T05:16:01.947+0000] {helpers.py:93} ERROR - Retrying! -1 attempts before skipping!
[2023-05-07T05:16:03.281+0000] {logging_mixin.py:137} INFO - Expecting value: line 1 column 1 (char 0)
[2023-05-07T05:16:03.282+0000] {helpers.py:92} ERROR - Expecting value: line 1 column 1 (char 0)
[2023-05-07T05:16:03.283+0000] {helpers.py:93} ERROR - Retrying! 9 attempts before skipping!
[2023-05-07T05:16:04.647+0000] {logging_mixin.py:137} INFO - Expecting value: line 1 column 1 (char 0)
[2023-05-07T05:16:04.651+0000] {helpers.py:92} ERROR - Expecting value: line 1 column 1 (char 0)
[2023-05-07T05:16:04.654+0000] {helpers.py:93} ERROR - Retrying! 8 attempts before skipping!
[2023-05-07T05:16:05.807+0000] {logging_mixin.py:137} INFO - Expecting value: line 1 column 1 (char 0)
[2023-05-07T05:16:05.808+0000] {helpers.py:92} ERROR - Expecting value: line 1 column 1 (char 0)
[2023-05-07T05:16:05.810+0000] {helpers.py:93} ERROR - Retrying! 7 attempts before skipping!
[2023-05-07T05:16:06.972+0000] {logging_mixin.py:137} INFO - Expecting value: line 1 column 1 (char 0)
[2023-05-07T05:16:06.973+0000] {helpers.py:92} ERROR - Expecting value: line 1 column 1 (char 0)
[2023-05-07T05:16:06.975+0000] {helpers.py:93} ERROR - Retrying! 6 attempts before skipping!
[2023-05-07T05:16:08.212+0000] {logging_mixin.py:137} INFO - Expecting value: line 1 column 1 (char 0)
[2023-05-07T05:16:08.214+0000] {helpers.py:92} ERROR - Expecting value: line 1 column 1 (char 0)
[2023-05-07T05:16:08.215+0000] {helpers.py:93} ERROR - Retrying! 5 attempts before skipping!
[2023-05-07T05:16:09.769+0000] {helpers.py:86} INFO - New York Knicks: Successfully scraped!
[2023-05-07T05:16:09.929+0000] {logging_mixin.py:137} INFO - Expecting value: line 1 column 1 (char 0)
[2023-05-07T05:16:09.931+0000] {helpers.py:92} ERROR - Expecting value: line 1 column 1 (char 0)
[2023-05-07T05:16:09.933+0000] {helpers.py:93} ERROR - Retrying! 9 attempts before skipping!
[2023-05-07T05:16:11.086+0000] {logging_mixin.py:137} INFO - Expecting value: line 1 column 1 (char 0)
[2023-05-07T05:16:11.089+0000] {helpers.py:92} ERROR - Expecting value: line 1 column 1 (char 0)
[2023-05-07T05:16:11.091+0000] {helpers.py:93} ERROR - Retrying! 8 attempts before skipping!
[2023-05-07T05:16:12.431+0000] {logging_mixin.py:137} INFO - Expecting value: line 1 column 1 (char 0)
[2023-05-07T05:16:12.434+0000] {helpers.py:92} ERROR - Expecting value: line 1 column 1 (char 0)
[2023-05-07T05:16:12.438+0000] {helpers.py:93} ERROR - Retrying! 7 attempts before skipping!
[2023-05-07T05:16:13.752+0000] {logging_mixin.py:137} INFO - Expecting value: line 1 column 1 (char 0)
[2023-05-07T05:16:13.756+0000] {helpers.py:92} ERROR - Expecting value: line 1 column 1 (char 0)
[2023-05-07T05:16:13.759+0000] {helpers.py:93} ERROR - Retrying! 6 attempts before skipping!
[2023-05-07T05:16:15.002+0000] {logging_mixin.py:137} INFO - Expecting value: line 1 column 1 (char 0)
[2023-05-07T05:16:15.004+0000] {helpers.py:92} ERROR - Expecting value: line 1 column 1 (char 0)
[2023-05-07T05:16:15.049+0000] {helpers.py:93} ERROR - Retrying! 5 attempts before skipping!
[2023-05-07T05:16:16.581+0000] {helpers.py:86} INFO - Oklahoma City Thunder: Successfully scraped!
[2023-05-07T05:16:16.752+0000] {logging_mixin.py:137} INFO - Expecting value: line 1 column 1 (char 0)
[2023-05-07T05:16:16.756+0000] {helpers.py:92} ERROR - Expecting value: line 1 column 1 (char 0)
[2023-05-07T05:16:16.758+0000] {helpers.py:93} ERROR - Retrying! 9 attempts before skipping!
[2023-05-07T05:16:18.102+0000] {logging_mixin.py:137} INFO - Expecting value: line 1 column 1 (char 0)
[2023-05-07T05:16:18.104+0000] {helpers.py:92} ERROR - Expecting value: line 1 column 1 (char 0)
[2023-05-07T05:16:18.105+0000] {helpers.py:93} ERROR - Retrying! 8 attempts before skipping!
[2023-05-07T05:16:19.304+0000] {logging_mixin.py:137} INFO - Expecting value: line 1 column 1 (char 0)
[2023-05-07T05:16:19.313+0000] {helpers.py:92} ERROR - Expecting value: line 1 column 1 (char 0)
[2023-05-07T05:16:19.315+0000] {helpers.py:93} ERROR - Retrying! 7 attempts before skipping!
[2023-05-07T05:16:20.550+0000] {logging_mixin.py:137} INFO - Expecting value: line 1 column 1 (char 0)
[2023-05-07T05:16:20.551+0000] {helpers.py:92} ERROR - Expecting value: line 1 column 1 (char 0)
[2023-05-07T05:16:20.552+0000] {helpers.py:93} ERROR - Retrying! 6 attempts before skipping!
[2023-05-07T05:16:21.901+0000] {logging_mixin.py:137} INFO - Expecting value: line 1 column 1 (char 0)
[2023-05-07T05:16:21.903+0000] {helpers.py:92} ERROR - Expecting value: line 1 column 1 (char 0)
[2023-05-07T05:16:21.906+0000] {helpers.py:93} ERROR - Retrying! 5 attempts before skipping!
[2023-05-07T05:16:23.060+0000] {logging_mixin.py:137} INFO - Expecting value: line 1 column 1 (char 0)
[2023-05-07T05:16:23.061+0000] {helpers.py:92} ERROR - Expecting value: line 1 column 1 (char 0)
[2023-05-07T05:16:23.062+0000] {helpers.py:93} ERROR - Retrying! 4 attempts before skipping!
[2023-05-07T05:16:24.412+0000] {logging_mixin.py:137} INFO - Expecting value: line 1 column 1 (char 0)
[2023-05-07T05:16:24.414+0000] {helpers.py:92} ERROR - Expecting value: line 1 column 1 (char 0)
[2023-05-07T05:16:24.415+0000] {helpers.py:93} ERROR - Retrying! 3 attempts before skipping!
[2023-05-07T05:16:25.573+0000] {logging_mixin.py:137} INFO - Expecting value: line 1 column 1 (char 0)
[2023-05-07T05:16:25.575+0000] {helpers.py:92} ERROR - Expecting value: line 1 column 1 (char 0)
[2023-05-07T05:16:25.576+0000] {helpers.py:93} ERROR - Retrying! 2 attempts before skipping!
[2023-05-07T05:16:26.724+0000] {logging_mixin.py:137} INFO - Expecting value: line 1 column 1 (char 0)
[2023-05-07T05:16:26.726+0000] {helpers.py:92} ERROR - Expecting value: line 1 column 1 (char 0)
[2023-05-07T05:16:26.729+0000] {helpers.py:93} ERROR - Retrying! 1 attempts before skipping!
[2023-05-07T05:16:28.020+0000] {logging_mixin.py:137} INFO - Expecting value: line 1 column 1 (char 0)
[2023-05-07T05:16:28.022+0000] {helpers.py:92} ERROR - Expecting value: line 1 column 1 (char 0)
[2023-05-07T05:16:28.023+0000] {helpers.py:93} ERROR - Retrying! 0 attempts before skipping!
[2023-05-07T05:16:29.176+0000] {logging_mixin.py:137} INFO - Expecting value: line 1 column 1 (char 0)
[2023-05-07T05:16:29.178+0000] {helpers.py:92} ERROR - Expecting value: line 1 column 1 (char 0)
[2023-05-07T05:16:29.181+0000] {helpers.py:93} ERROR - Retrying! -1 attempts before skipping!
[2023-05-07T05:16:30.358+0000] {logging_mixin.py:137} INFO - Expecting value: line 1 column 1 (char 0)
[2023-05-07T05:16:30.359+0000] {helpers.py:92} ERROR - Expecting value: line 1 column 1 (char 0)
[2023-05-07T05:16:30.360+0000] {helpers.py:93} ERROR - Retrying! 9 attempts before skipping!
[2023-05-07T05:16:31.704+0000] {logging_mixin.py:137} INFO - Expecting value: line 1 column 1 (char 0)
[2023-05-07T05:16:31.707+0000] {helpers.py:92} ERROR - Expecting value: line 1 column 1 (char 0)
[2023-05-07T05:16:31.709+0000] {helpers.py:93} ERROR - Retrying! 8 attempts before skipping!
[2023-05-07T05:16:33.057+0000] {logging_mixin.py:137} INFO - Expecting value: line 1 column 1 (char 0)
[2023-05-07T05:16:33.067+0000] {helpers.py:92} ERROR - Expecting value: line 1 column 1 (char 0)
[2023-05-07T05:16:33.069+0000] {helpers.py:93} ERROR - Retrying! 7 attempts before skipping!
[2023-05-07T05:16:34.241+0000] {logging_mixin.py:137} INFO - Expecting value: line 1 column 1 (char 0)
[2023-05-07T05:16:34.244+0000] {helpers.py:92} ERROR - Expecting value: line 1 column 1 (char 0)
[2023-05-07T05:16:34.245+0000] {helpers.py:93} ERROR - Retrying! 6 attempts before skipping!
[2023-05-07T05:16:35.409+0000] {logging_mixin.py:137} INFO - Expecting value: line 1 column 1 (char 0)
[2023-05-07T05:16:35.411+0000] {helpers.py:92} ERROR - Expecting value: line 1 column 1 (char 0)
[2023-05-07T05:16:35.412+0000] {helpers.py:93} ERROR - Retrying! 5 attempts before skipping!
[2023-05-07T05:16:36.770+0000] {logging_mixin.py:137} INFO - Expecting value: line 1 column 1 (char 0)
[2023-05-07T05:16:36.773+0000] {helpers.py:92} ERROR - Expecting value: line 1 column 1 (char 0)
[2023-05-07T05:16:36.775+0000] {helpers.py:93} ERROR - Retrying! 4 attempts before skipping!
[2023-05-07T05:16:37.939+0000] {logging_mixin.py:137} INFO - Expecting value: line 1 column 1 (char 0)
[2023-05-07T05:16:37.940+0000] {helpers.py:92} ERROR - Expecting value: line 1 column 1 (char 0)
[2023-05-07T05:16:37.941+0000] {helpers.py:93} ERROR - Retrying! 3 attempts before skipping!
[2023-05-07T05:16:39.185+0000] {logging_mixin.py:137} INFO - Expecting value: line 1 column 1 (char 0)
[2023-05-07T05:16:39.187+0000] {helpers.py:92} ERROR - Expecting value: line 1 column 1 (char 0)
[2023-05-07T05:16:39.190+0000] {helpers.py:93} ERROR - Retrying! 2 attempts before skipping!
[2023-05-07T05:16:40.704+0000] {logging_mixin.py:137} INFO - Expecting value: line 1 column 1 (char 0)
[2023-05-07T05:16:40.706+0000] {helpers.py:92} ERROR - Expecting value: line 1 column 1 (char 0)
[2023-05-07T05:16:40.707+0000] {helpers.py:93} ERROR - Retrying! 1 attempts before skipping!
[2023-05-07T05:16:41.869+0000] {logging_mixin.py:137} INFO - Expecting value: line 1 column 1 (char 0)
[2023-05-07T05:16:41.870+0000] {helpers.py:92} ERROR - Expecting value: line 1 column 1 (char 0)
[2023-05-07T05:16:41.872+0000] {helpers.py:93} ERROR - Retrying! 0 attempts before skipping!
[2023-05-07T05:16:43.034+0000] {logging_mixin.py:137} INFO - Expecting value: line 1 column 1 (char 0)
[2023-05-07T05:16:43.052+0000] {helpers.py:92} ERROR - Expecting value: line 1 column 1 (char 0)
[2023-05-07T05:16:43.084+0000] {helpers.py:93} ERROR - Retrying! -1 attempts before skipping!
[2023-05-07T05:16:44.444+0000] {logging_mixin.py:137} INFO - Expecting value: line 1 column 1 (char 0)
[2023-05-07T05:16:44.445+0000] {helpers.py:92} ERROR - Expecting value: line 1 column 1 (char 0)
[2023-05-07T05:16:44.446+0000] {helpers.py:93} ERROR - Retrying! 9 attempts before skipping!
[2023-05-07T05:16:45.630+0000] {logging_mixin.py:137} INFO - Expecting value: line 1 column 1 (char 0)
[2023-05-07T05:16:45.632+0000] {helpers.py:92} ERROR - Expecting value: line 1 column 1 (char 0)
[2023-05-07T05:16:45.633+0000] {helpers.py:93} ERROR - Retrying! 8 attempts before skipping!
[2023-05-07T05:16:46.791+0000] {logging_mixin.py:137} INFO - Expecting value: line 1 column 1 (char 0)
[2023-05-07T05:16:46.792+0000] {helpers.py:92} ERROR - Expecting value: line 1 column 1 (char 0)
[2023-05-07T05:16:46.793+0000] {helpers.py:93} ERROR - Retrying! 7 attempts before skipping!
[2023-05-07T05:16:48.136+0000] {logging_mixin.py:137} INFO - Expecting value: line 1 column 1 (char 0)
[2023-05-07T05:16:48.137+0000] {helpers.py:92} ERROR - Expecting value: line 1 column 1 (char 0)
[2023-05-07T05:16:48.139+0000] {helpers.py:93} ERROR - Retrying! 6 attempts before skipping!
[2023-05-07T05:16:49.284+0000] {logging_mixin.py:137} INFO - Expecting value: line 1 column 1 (char 0)
[2023-05-07T05:16:49.286+0000] {helpers.py:92} ERROR - Expecting value: line 1 column 1 (char 0)
[2023-05-07T05:16:49.287+0000] {helpers.py:93} ERROR - Retrying! 5 attempts before skipping!
[2023-05-07T05:16:50.436+0000] {logging_mixin.py:137} INFO - Expecting value: line 1 column 1 (char 0)
[2023-05-07T05:16:50.437+0000] {helpers.py:92} ERROR - Expecting value: line 1 column 1 (char 0)
[2023-05-07T05:16:50.439+0000] {helpers.py:93} ERROR - Retrying! 4 attempts before skipping!
[2023-05-07T05:16:51.761+0000] {logging_mixin.py:137} INFO - Expecting value: line 1 column 1 (char 0)
[2023-05-07T05:16:51.764+0000] {helpers.py:92} ERROR - Expecting value: line 1 column 1 (char 0)
[2023-05-07T05:16:51.766+0000] {helpers.py:93} ERROR - Retrying! 3 attempts before skipping!
[2023-05-07T05:16:52.919+0000] {logging_mixin.py:137} INFO - Expecting value: line 1 column 1 (char 0)
[2023-05-07T05:16:52.922+0000] {helpers.py:92} ERROR - Expecting value: line 1 column 1 (char 0)
[2023-05-07T05:16:52.925+0000] {helpers.py:93} ERROR - Retrying! 2 attempts before skipping!
[2023-05-07T05:16:54.091+0000] {logging_mixin.py:137} INFO - Expecting value: line 1 column 1 (char 0)
[2023-05-07T05:16:54.092+0000] {helpers.py:92} ERROR - Expecting value: line 1 column 1 (char 0)
[2023-05-07T05:16:54.094+0000] {helpers.py:93} ERROR - Retrying! 1 attempts before skipping!
[2023-05-07T05:16:55.380+0000] {logging_mixin.py:137} INFO - Expecting value: line 1 column 1 (char 0)
[2023-05-07T05:16:55.382+0000] {helpers.py:92} ERROR - Expecting value: line 1 column 1 (char 0)
[2023-05-07T05:16:55.383+0000] {helpers.py:93} ERROR - Retrying! 0 attempts before skipping!
[2023-05-07T05:16:56.558+0000] {logging_mixin.py:137} INFO - Expecting value: line 1 column 1 (char 0)
[2023-05-07T05:16:56.560+0000] {helpers.py:92} ERROR - Expecting value: line 1 column 1 (char 0)
[2023-05-07T05:16:56.563+0000] {helpers.py:93} ERROR - Retrying! -1 attempts before skipping!
[2023-05-07T05:16:57.589+0000] {helpers.py:102} INFO - Saved in /opt/***/data/output_scrape_teams_17-24.csv
[2023-05-07T05:16:57.594+0000] {python.py:177} INFO - Done. Returned value was: None
[2023-05-07T05:16:57.631+0000] {taskinstance.py:1332} INFO - Marking task as SUCCESS. dag_id=scrape_and_save_to_csv, task_id=scrape_teams_17-24, execution_date=20230507T051456, start_date=20230507T051522, end_date=20230507T051657
[2023-05-07T05:16:57.665+0000] {local_task_job.py:212} INFO - Task exited with return code 0
[2023-05-07T05:16:57.693+0000] {taskinstance.py:2596} INFO - 0 downstream tasks scheduled from follow-on schedule check
