[2023-05-10T03:40:39.864+0000] {taskinstance.py:1090} INFO - Dependencies all met for dep_context=non-requeueable deps ti=<TaskInstance: scrape_and_save_to_csv.scrape_teams_25-30 scheduled__2023-05-10T02:00:00+00:00 [queued]>
[2023-05-10T03:40:39.920+0000] {taskinstance.py:1090} INFO - Dependencies all met for dep_context=requeueable deps ti=<TaskInstance: scrape_and_save_to_csv.scrape_teams_25-30 scheduled__2023-05-10T02:00:00+00:00 [queued]>
[2023-05-10T03:40:39.922+0000] {taskinstance.py:1288} INFO - 
--------------------------------------------------------------------------------
[2023-05-10T03:40:39.931+0000] {taskinstance.py:1289} INFO - Starting attempt 1 of 1
[2023-05-10T03:40:39.937+0000] {taskinstance.py:1290} INFO - 
--------------------------------------------------------------------------------
[2023-05-10T03:40:40.050+0000] {taskinstance.py:1309} INFO - Executing <Task(PythonOperator): scrape_teams_25-30> on 2023-05-10 02:00:00+00:00
[2023-05-10T03:40:40.066+0000] {standard_task_runner.py:55} INFO - Started process 19122 to run task
[2023-05-10T03:40:40.094+0000] {standard_task_runner.py:82} INFO - Running: ['***', 'tasks', 'run', 'scrape_and_save_to_csv', 'scrape_teams_25-30', 'scheduled__2023-05-10T02:00:00+00:00', '--job-id', '4130', '--raw', '--subdir', 'DAGS_FOLDER/scrape_and_push_dag.py', '--cfg-path', '/tmp/tmp4xezvmnd']
[2023-05-10T03:40:40.099+0000] {standard_task_runner.py:83} INFO - Job 4130: Subtask scrape_teams_25-30
[2023-05-10T03:40:40.372+0000] {task_command.py:389} INFO - Running <TaskInstance: scrape_and_save_to_csv.scrape_teams_25-30 scheduled__2023-05-10T02:00:00+00:00 [running]> on host f41dbfa3d325
[2023-05-10T03:40:40.463+0000] {warnings.py:110} WARNING - /home/***/.local/lib/python3.7/site-packages/***/utils/context.py:205: AirflowContextDeprecationWarning: Accessing 'execution_date' from the template is deprecated and will be removed in a future version. Please use 'data_interval_start' or 'logical_date' instead.
  warnings.warn(_create_deprecation_warning(key, self._deprecation_replacements[key]))

[2023-05-10T03:40:40.507+0000] {taskinstance.py:1518} INFO - Exporting the following env vars:
AIRFLOW_CTX_DAG_OWNER=***
AIRFLOW_CTX_DAG_ID=scrape_and_save_to_csv
AIRFLOW_CTX_TASK_ID=scrape_teams_25-30
AIRFLOW_CTX_EXECUTION_DATE=2023-05-10T02:00:00+00:00
AIRFLOW_CTX_TRY_NUMBER=1
AIRFLOW_CTX_DAG_RUN_ID=scheduled__2023-05-10T02:00:00+00:00
[2023-05-10T03:40:42.068+0000] {helpers.py:95} INFO - Portland Trail Blazers: Successfully scraped!
[2023-05-10T03:40:43.024+0000] {helpers.py:95} INFO - Sacramento Kings: Successfully scraped!
[2023-05-10T03:40:43.771+0000] {helpers.py:95} INFO - San Antonio Spurs: Successfully scraped!
[2023-05-10T03:40:44.556+0000] {helpers.py:95} INFO - Toronto Raptors: Successfully scraped!
[2023-05-10T03:40:45.310+0000] {helpers.py:95} INFO - Utah Jazz: Successfully scraped!
[2023-05-10T03:40:46.102+0000] {helpers.py:95} INFO - Washington Wizards: Successfully scraped!
[2023-05-10T03:40:46.107+0000] {helpers.py:110} INFO - Saved in /opt/***/data/output_scrape_teams_25-30.csv
[2023-05-10T03:40:46.109+0000] {python.py:177} INFO - Done. Returned value was: None
[2023-05-10T03:40:46.119+0000] {taskinstance.py:1332} INFO - Marking task as SUCCESS. dag_id=scrape_and_save_to_csv, task_id=scrape_teams_25-30, execution_date=20230510T020000, start_date=20230510T034039, end_date=20230510T034046
[2023-05-10T03:40:46.148+0000] {local_task_job.py:212} INFO - Task exited with return code 0
[2023-05-10T03:40:46.187+0000] {taskinstance.py:2596} INFO - 0 downstream tasks scheduled from follow-on schedule check
