[2023-05-08T23:47:00.100+0000] {taskinstance.py:1090} INFO - Dependencies all met for dep_context=non-requeueable deps ti=<TaskInstance: scrape_and_save_to_csv.scrape_teams_17-24 scheduled__2022-05-02T02:00:00+00:00 [queued]>
[2023-05-08T23:47:00.112+0000] {taskinstance.py:1090} INFO - Dependencies all met for dep_context=requeueable deps ti=<TaskInstance: scrape_and_save_to_csv.scrape_teams_17-24 scheduled__2022-05-02T02:00:00+00:00 [queued]>
[2023-05-08T23:47:00.117+0000] {taskinstance.py:1288} INFO - 
--------------------------------------------------------------------------------
[2023-05-08T23:47:00.119+0000] {taskinstance.py:1289} INFO - Starting attempt 1 of 1
[2023-05-08T23:47:00.120+0000] {taskinstance.py:1290} INFO - 
--------------------------------------------------------------------------------
[2023-05-08T23:47:00.140+0000] {taskinstance.py:1309} INFO - Executing <Task(PythonOperator): scrape_teams_17-24> on 2022-05-02 02:00:00+00:00
[2023-05-08T23:47:00.146+0000] {standard_task_runner.py:55} INFO - Started process 573 to run task
[2023-05-08T23:47:00.151+0000] {standard_task_runner.py:82} INFO - Running: ['***', 'tasks', 'run', 'scrape_and_save_to_csv', 'scrape_teams_17-24', 'scheduled__2022-05-02T02:00:00+00:00', '--job-id', '3211', '--raw', '--subdir', 'DAGS_FOLDER/scrape_and_push_dag.py', '--cfg-path', '/tmp/tmpjoom8uo5']
[2023-05-08T23:47:00.156+0000] {standard_task_runner.py:83} INFO - Job 3211: Subtask scrape_teams_17-24
[2023-05-08T23:47:00.259+0000] {task_command.py:389} INFO - Running <TaskInstance: scrape_and_save_to_csv.scrape_teams_17-24 scheduled__2022-05-02T02:00:00+00:00 [running]> on host f41dbfa3d325
[2023-05-08T23:47:00.303+0000] {warnings.py:110} WARNING - /home/***/.local/lib/python3.7/site-packages/***/utils/context.py:205: AirflowContextDeprecationWarning: Accessing 'execution_date' from the template is deprecated and will be removed in a future version. Please use 'data_interval_start' or 'logical_date' instead.
  warnings.warn(_create_deprecation_warning(key, self._deprecation_replacements[key]))

[2023-05-08T23:47:00.342+0000] {taskinstance.py:1518} INFO - Exporting the following env vars:
AIRFLOW_CTX_DAG_OWNER=***
AIRFLOW_CTX_DAG_ID=scrape_and_save_to_csv
AIRFLOW_CTX_TASK_ID=scrape_teams_17-24
AIRFLOW_CTX_EXECUTION_DATE=2022-05-02T02:00:00+00:00
AIRFLOW_CTX_TRY_NUMBER=1
AIRFLOW_CTX_DAG_RUN_ID=scheduled__2022-05-02T02:00:00+00:00
[2023-05-08T23:47:00.348+0000] {taskinstance.py:1776} ERROR - Task failed with exception
Traceback (most recent call last):
  File "/home/airflow/.local/lib/python3.7/site-packages/airflow/operators/python.py", line 175, in execute
    return_value = self.execute_callable()
  File "/home/airflow/.local/lib/python3.7/site-packages/airflow/operators/python.py", line 192, in execute_callable
    return self.python_callable(*self.op_args, **self.op_kwargs)
  File "/opt/airflow/dags/helpers.py", line 59, in scrape_and_save
    after = datetime.fromisoformat(f"{{ execution_date }}")
ValueError: Invalid isoformat string: '{ execution_date }'
[2023-05-08T23:47:00.361+0000] {taskinstance.py:1332} INFO - Marking task as FAILED. dag_id=scrape_and_save_to_csv, task_id=scrape_teams_17-24, execution_date=20220502T020000, start_date=20230508T234700, end_date=20230508T234700
[2023-05-08T23:47:00.371+0000] {standard_task_runner.py:105} ERROR - Failed to execute job 3211 for task scrape_teams_17-24 (Invalid isoformat string: '{ execution_date }'; 573)
[2023-05-08T23:47:00.413+0000] {local_task_job.py:212} INFO - Task exited with return code 1
[2023-05-08T23:47:00.436+0000] {taskinstance.py:2596} INFO - 0 downstream tasks scheduled from follow-on schedule check
[2023-05-09T21:56:05.745+0000] {taskinstance.py:1090} INFO - Dependencies all met for dep_context=non-requeueable deps ti=<TaskInstance: scrape_and_save_to_csv.scrape_teams_17-24 scheduled__2022-05-02T02:00:00+00:00 [queued]>
[2023-05-09T21:56:05.758+0000] {taskinstance.py:1090} INFO - Dependencies all met for dep_context=requeueable deps ti=<TaskInstance: scrape_and_save_to_csv.scrape_teams_17-24 scheduled__2022-05-02T02:00:00+00:00 [queued]>
[2023-05-09T21:56:05.761+0000] {taskinstance.py:1288} INFO - 
--------------------------------------------------------------------------------
[2023-05-09T21:56:05.763+0000] {taskinstance.py:1289} INFO - Starting attempt 1 of 1
[2023-05-09T21:56:05.764+0000] {taskinstance.py:1290} INFO - 
--------------------------------------------------------------------------------
[2023-05-09T21:56:05.784+0000] {taskinstance.py:1309} INFO - Executing <Task(PythonOperator): scrape_teams_17-24> on 2022-05-02 02:00:00+00:00
[2023-05-09T21:56:05.793+0000] {standard_task_runner.py:55} INFO - Started process 13071 to run task
[2023-05-09T21:56:05.802+0000] {standard_task_runner.py:82} INFO - Running: ['***', 'tasks', 'run', 'scrape_and_save_to_csv', 'scrape_teams_17-24', 'scheduled__2022-05-02T02:00:00+00:00', '--job-id', '3444', '--raw', '--subdir', 'DAGS_FOLDER/scrape_and_push_dag.py', '--cfg-path', '/tmp/tmpkbr_ipih']
[2023-05-09T21:56:05.808+0000] {standard_task_runner.py:83} INFO - Job 3444: Subtask scrape_teams_17-24
[2023-05-09T21:56:05.943+0000] {task_command.py:389} INFO - Running <TaskInstance: scrape_and_save_to_csv.scrape_teams_17-24 scheduled__2022-05-02T02:00:00+00:00 [running]> on host f41dbfa3d325
[2023-05-09T21:56:06.001+0000] {warnings.py:110} WARNING - /home/***/.local/lib/python3.7/site-packages/***/utils/context.py:205: AirflowContextDeprecationWarning: Accessing 'execution_date' from the template is deprecated and will be removed in a future version. Please use 'data_interval_start' or 'logical_date' instead.
  warnings.warn(_create_deprecation_warning(key, self._deprecation_replacements[key]))

[2023-05-09T21:56:06.076+0000] {taskinstance.py:1518} INFO - Exporting the following env vars:
AIRFLOW_CTX_DAG_OWNER=***
AIRFLOW_CTX_DAG_ID=scrape_and_save_to_csv
AIRFLOW_CTX_TASK_ID=scrape_teams_17-24
AIRFLOW_CTX_EXECUTION_DATE=2022-05-02T02:00:00+00:00
AIRFLOW_CTX_TRY_NUMBER=1
AIRFLOW_CTX_DAG_RUN_ID=scheduled__2022-05-02T02:00:00+00:00
[2023-05-09T21:56:11.695+0000] {helpers.py:94} INFO - Milwaukee Bucks: Successfully scraped!
[2023-05-09T21:56:25.918+0000] {helpers.py:94} INFO - Minnesota Timberwolves: Successfully scraped!
[2023-05-09T21:56:41.640+0000] {helpers.py:94} INFO - New Orleans Pelicans: Successfully scraped!
[2023-05-09T21:56:57.600+0000] {helpers.py:94} INFO - New York Knicks: Successfully scraped!
[2023-05-09T21:57:13.330+0000] {helpers.py:94} INFO - Oklahoma City Thunder: Successfully scraped!
[2023-05-09T21:57:29.901+0000] {helpers.py:94} INFO - Orlando Magic: Successfully scraped!
[2023-05-09T21:57:43.341+0000] {helpers.py:94} INFO - Philadelphia 76ers: Successfully scraped!
[2023-05-09T21:57:54.647+0000] {helpers.py:94} INFO - Phoenix Suns: Successfully scraped!
[2023-05-09T21:57:54.679+0000] {helpers.py:109} INFO - Saved in /opt/***/data/output_scrape_teams_17-24.csv
[2023-05-09T21:57:54.682+0000] {python.py:177} INFO - Done. Returned value was: None
[2023-05-09T21:57:54.700+0000] {taskinstance.py:1332} INFO - Marking task as SUCCESS. dag_id=scrape_and_save_to_csv, task_id=scrape_teams_17-24, execution_date=20220502T020000, start_date=20230509T215605, end_date=20230509T215754
[2023-05-09T21:57:54.826+0000] {local_task_job.py:212} INFO - Task exited with return code 0
[2023-05-09T21:57:54.865+0000] {taskinstance.py:2596} INFO - 0 downstream tasks scheduled from follow-on schedule check
