[2023-05-08T23:55:00.514+0000] {taskinstance.py:1090} INFO - Dependencies all met for dep_context=non-requeueable deps ti=<TaskInstance: scrape_and_save_to_csv.scrape_teams_9-16 manual__2023-05-08T23:54:58.611741+00:00 [queued]>
[2023-05-08T23:55:00.527+0000] {taskinstance.py:1090} INFO - Dependencies all met for dep_context=requeueable deps ti=<TaskInstance: scrape_and_save_to_csv.scrape_teams_9-16 manual__2023-05-08T23:54:58.611741+00:00 [queued]>
[2023-05-08T23:55:00.529+0000] {taskinstance.py:1288} INFO - 
--------------------------------------------------------------------------------
[2023-05-08T23:55:00.530+0000] {taskinstance.py:1289} INFO - Starting attempt 1 of 1
[2023-05-08T23:55:00.531+0000] {taskinstance.py:1290} INFO - 
--------------------------------------------------------------------------------
[2023-05-08T23:55:00.546+0000] {taskinstance.py:1309} INFO - Executing <Task(PythonOperator): scrape_teams_9-16> on 2023-05-08 23:54:58.611741+00:00
[2023-05-08T23:55:00.556+0000] {standard_task_runner.py:55} INFO - Started process 991 to run task
[2023-05-08T23:55:00.562+0000] {standard_task_runner.py:82} INFO - Running: ['***', 'tasks', 'run', 'scrape_and_save_to_csv', 'scrape_teams_9-16', 'manual__2023-05-08T23:54:58.611741+00:00', '--job-id', '3289', '--raw', '--subdir', 'DAGS_FOLDER/scrape_and_push_dag.py', '--cfg-path', '/tmp/tmpi9sobz1z']
[2023-05-08T23:55:00.566+0000] {standard_task_runner.py:83} INFO - Job 3289: Subtask scrape_teams_9-16
[2023-05-08T23:55:00.697+0000] {task_command.py:389} INFO - Running <TaskInstance: scrape_and_save_to_csv.scrape_teams_9-16 manual__2023-05-08T23:54:58.611741+00:00 [running]> on host f41dbfa3d325
[2023-05-08T23:55:00.747+0000] {warnings.py:110} WARNING - /home/***/.local/lib/python3.7/site-packages/***/utils/context.py:205: AirflowContextDeprecationWarning: Accessing 'execution_date' from the template is deprecated and will be removed in a future version. Please use 'data_interval_start' or 'logical_date' instead.
  warnings.warn(_create_deprecation_warning(key, self._deprecation_replacements[key]))

[2023-05-08T23:55:00.810+0000] {taskinstance.py:1518} INFO - Exporting the following env vars:
AIRFLOW_CTX_DAG_OWNER=***
AIRFLOW_CTX_DAG_ID=scrape_and_save_to_csv
AIRFLOW_CTX_TASK_ID=scrape_teams_9-16
AIRFLOW_CTX_EXECUTION_DATE=2023-05-08T23:54:58.611741+00:00
AIRFLOW_CTX_TRY_NUMBER=1
AIRFLOW_CTX_DAG_RUN_ID=manual__2023-05-08T23:54:58.611741+00:00
[2023-05-08T23:55:19.167+0000] {helpers.py:94} INFO - Detroit Pistons: Successfully scraped!
[2023-05-08T23:55:49.798+0000] {helpers.py:94} INFO - Golden State Warriors: Successfully scraped!
[2023-05-08T23:56:19.268+0000] {helpers.py:94} INFO - Houston Rockets: Successfully scraped!
[2023-05-08T23:56:35.599+0000] {helpers.py:94} INFO - Indiana Pacers: Successfully scraped!
[2023-05-08T23:56:51.456+0000] {helpers.py:94} INFO - Los Angeles Clippers: Successfully scraped!
[2023-05-08T23:57:07.383+0000] {helpers.py:94} INFO - Los Angeles Lakers: Successfully scraped!
[2023-05-08T23:57:22.520+0000] {helpers.py:94} INFO - Memphis Grizzlies: Successfully scraped!
[2023-05-08T23:57:34.532+0000] {helpers.py:94} INFO - Miami Heat: Successfully scraped!
[2023-05-08T23:57:34.549+0000] {helpers.py:109} INFO - Saved in /opt/***/data/output_scrape_teams_9-16.csv
[2023-05-08T23:57:34.550+0000] {python.py:177} INFO - Done. Returned value was: None
[2023-05-08T23:57:34.570+0000] {taskinstance.py:1332} INFO - Marking task as SUCCESS. dag_id=scrape_and_save_to_csv, task_id=scrape_teams_9-16, execution_date=20230508T235458, start_date=20230508T235500, end_date=20230508T235734
[2023-05-08T23:57:34.693+0000] {local_task_job.py:212} INFO - Task exited with return code 0
[2023-05-08T23:57:34.718+0000] {taskinstance.py:2596} INFO - 0 downstream tasks scheduled from follow-on schedule check
