[2023-05-01T16:30:01.200+0000] {taskinstance.py:1090} INFO - Dependencies all met for dep_context=non-requeueable deps ti=<TaskInstance: scrape_and_save_to_csv.scrape_teams_1-8 scheduled__2023-05-01T15:30:00+00:00 [queued]>
[2023-05-01T16:30:01.223+0000] {taskinstance.py:1090} INFO - Dependencies all met for dep_context=requeueable deps ti=<TaskInstance: scrape_and_save_to_csv.scrape_teams_1-8 scheduled__2023-05-01T15:30:00+00:00 [queued]>
[2023-05-01T16:30:01.224+0000] {taskinstance.py:1288} INFO - 
--------------------------------------------------------------------------------
[2023-05-01T16:30:01.226+0000] {taskinstance.py:1289} INFO - Starting attempt 1 of 1
[2023-05-01T16:30:01.233+0000] {taskinstance.py:1290} INFO - 
--------------------------------------------------------------------------------
[2023-05-01T16:30:01.246+0000] {taskinstance.py:1309} INFO - Executing <Task(PythonOperator): scrape_teams_1-8> on 2023-05-01 15:30:00+00:00
[2023-05-01T16:30:01.260+0000] {standard_task_runner.py:55} INFO - Started process 6689 to run task
[2023-05-01T16:30:01.293+0000] {standard_task_runner.py:82} INFO - Running: ['***', 'tasks', 'run', 'scrape_and_save_to_csv', 'scrape_teams_1-8', 'scheduled__2023-05-01T15:30:00+00:00', '--job-id', '2067', '--raw', '--subdir', 'DAGS_FOLDER/scrape_and_save_csv_dag.py', '--cfg-path', '/tmp/tmpcyp9d2le']
[2023-05-01T16:30:01.307+0000] {standard_task_runner.py:83} INFO - Job 2067: Subtask scrape_teams_1-8
[2023-05-01T16:30:01.488+0000] {task_command.py:389} INFO - Running <TaskInstance: scrape_and_save_to_csv.scrape_teams_1-8 scheduled__2023-05-01T15:30:00+00:00 [running]> on host 5d4cd8acb346
[2023-05-01T16:30:01.637+0000] {taskinstance.py:1518} INFO - Exporting the following env vars:
AIRFLOW_CTX_DAG_OWNER=***
AIRFLOW_CTX_DAG_ID=scrape_and_save_to_csv
AIRFLOW_CTX_TASK_ID=scrape_teams_1-8
AIRFLOW_CTX_EXECUTION_DATE=2023-05-01T15:30:00+00:00
AIRFLOW_CTX_TRY_NUMBER=1
AIRFLOW_CTX_DAG_RUN_ID=scheduled__2023-05-01T15:30:00+00:00
[2023-05-01T16:30:04.522+0000] {warnings.py:110} WARNING - /home/***/.local/lib/python3.7/site-packages/***/utils/context.py:313: AirflowContextDeprecationWarning: Accessing 'execution_date' from the template is deprecated and will be removed in a future version. Please use 'data_interval_start' or 'logical_date' instead.
  warnings.warn(_create_deprecation_warning(k, replacements))

[2023-05-01T16:30:04.917+0000] {helpers.py:80} INFO - Atlanta Hawks: Successfully scraped!
[2023-05-01T16:30:08.175+0000] {helpers.py:80} INFO - Boston Celtics: Successfully scraped!
[2023-05-01T16:30:12.957+0000] {helpers.py:80} INFO - Brooklyn Nets: Successfully scraped!
[2023-05-01T16:30:16.908+0000] {helpers.py:80} INFO - Charlotte Hornets: Successfully scraped!
[2023-05-01T16:30:22.036+0000] {helpers.py:80} INFO - Chicago Bulls: Successfully scraped!
[2023-05-01T16:30:26.288+0000] {helpers.py:80} INFO - Cleveland Cavaliers: Successfully scraped!
[2023-05-01T16:30:34.436+0000] {helpers.py:80} INFO - Dallas Mavericks: Successfully scraped!
[2023-05-01T16:30:39.139+0000] {helpers.py:80} INFO - Denver Nuggets: Successfully scraped!
[2023-05-01T16:30:39.165+0000] {helpers.py:96} INFO - Saved in /opt/***/data/output_scrape_teams_1-8.csv
[2023-05-01T16:30:39.171+0000] {python.py:177} INFO - Done. Returned value was: None
[2023-05-01T16:30:39.182+0000] {taskinstance.py:1332} INFO - Marking task as SUCCESS. dag_id=scrape_and_save_to_csv, task_id=scrape_teams_1-8, execution_date=20230501T153000, start_date=20230501T163001, end_date=20230501T163039
[2023-05-01T16:30:39.241+0000] {local_task_job.py:212} INFO - Task exited with return code 0
[2023-05-01T16:30:39.260+0000] {taskinstance.py:2596} INFO - 0 downstream tasks scheduled from follow-on schedule check
