[2023-05-01T08:37:09.509+0000] {taskinstance.py:1090} INFO - Dependencies all met for dep_context=non-requeueable deps ti=<TaskInstance: scrape_and_save_to_csv.scrape_teams_25-30 scheduled__2023-05-01T07:30:00+00:00 [queued]>
[2023-05-01T08:37:09.525+0000] {taskinstance.py:1090} INFO - Dependencies all met for dep_context=requeueable deps ti=<TaskInstance: scrape_and_save_to_csv.scrape_teams_25-30 scheduled__2023-05-01T07:30:00+00:00 [queued]>
[2023-05-01T08:37:09.531+0000] {taskinstance.py:1288} INFO - 
--------------------------------------------------------------------------------
[2023-05-01T08:37:09.541+0000] {taskinstance.py:1289} INFO - Starting attempt 1 of 1
[2023-05-01T08:37:09.542+0000] {taskinstance.py:1290} INFO - 
--------------------------------------------------------------------------------
[2023-05-01T08:37:09.574+0000] {taskinstance.py:1309} INFO - Executing <Task(PythonOperator): scrape_teams_25-30> on 2023-05-01 07:30:00+00:00
[2023-05-01T08:37:09.583+0000] {standard_task_runner.py:55} INFO - Started process 5707 to run task
[2023-05-01T08:37:09.599+0000] {standard_task_runner.py:82} INFO - Running: ['***', 'tasks', 'run', 'scrape_and_save_to_csv', 'scrape_teams_25-30', 'scheduled__2023-05-01T07:30:00+00:00', '--job-id', '2024', '--raw', '--subdir', 'DAGS_FOLDER/scrape_and_save_csv_dag.py', '--cfg-path', '/tmp/tmp20jsgy2o']
[2023-05-01T08:37:09.604+0000] {standard_task_runner.py:83} INFO - Job 2024: Subtask scrape_teams_25-30
[2023-05-01T08:37:09.791+0000] {task_command.py:389} INFO - Running <TaskInstance: scrape_and_save_to_csv.scrape_teams_25-30 scheduled__2023-05-01T07:30:00+00:00 [running]> on host 5d4cd8acb346
[2023-05-01T08:37:09.913+0000] {taskinstance.py:1518} INFO - Exporting the following env vars:
AIRFLOW_CTX_DAG_OWNER=***
AIRFLOW_CTX_DAG_ID=scrape_and_save_to_csv
AIRFLOW_CTX_TASK_ID=scrape_teams_25-30
AIRFLOW_CTX_EXECUTION_DATE=2023-05-01T07:30:00+00:00
AIRFLOW_CTX_TRY_NUMBER=1
AIRFLOW_CTX_DAG_RUN_ID=scheduled__2023-05-01T07:30:00+00:00
[2023-05-01T08:37:09.946+0000] {logging_mixin.py:137} INFO - HTTPSConnectionPool(host='api.pushshift.io', port=443): Max retries exceeded with url: /reddit/search/submission/?subreddit=ripcity&sort=created_utc&sort_type=desc&size=500 (Caused by NewConnectionError('<urllib3.connection.HTTPSConnection object at 0xffffa00446d0>: Failed to establish a new connection: [Errno -2] Name or service not known'))
[2023-05-01T08:37:09.948+0000] {helpers.py:86} ERROR - HTTPSConnectionPool(host='api.pushshift.io', port=443): Max retries exceeded with url: /reddit/search/submission/?subreddit=ripcity&sort=created_utc&sort_type=desc&size=500 (Caused by NewConnectionError('<urllib3.connection.HTTPSConnection object at 0xffffa00446d0>: Failed to establish a new connection: [Errno -2] Name or service not known'))
[2023-05-01T08:37:09.949+0000] {helpers.py:87} ERROR - Retrying! 9 attempts before skipping!
[2023-05-01T08:37:10.963+0000] {logging_mixin.py:137} INFO - HTTPSConnectionPool(host='api.pushshift.io', port=443): Max retries exceeded with url: /reddit/search/submission/?subreddit=ripcity&sort=created_utc&sort_type=desc&size=500 (Caused by NewConnectionError('<urllib3.connection.HTTPSConnection object at 0xffffa00566d0>: Failed to establish a new connection: [Errno -2] Name or service not known'))
[2023-05-01T08:37:10.967+0000] {helpers.py:86} ERROR - HTTPSConnectionPool(host='api.pushshift.io', port=443): Max retries exceeded with url: /reddit/search/submission/?subreddit=ripcity&sort=created_utc&sort_type=desc&size=500 (Caused by NewConnectionError('<urllib3.connection.HTTPSConnection object at 0xffffa00566d0>: Failed to establish a new connection: [Errno -2] Name or service not known'))
[2023-05-01T08:37:10.970+0000] {helpers.py:87} ERROR - Retrying! 8 attempts before skipping!
[2023-05-01T08:37:11.978+0000] {logging_mixin.py:137} INFO - HTTPSConnectionPool(host='api.pushshift.io', port=443): Max retries exceeded with url: /reddit/search/submission/?subreddit=ripcity&sort=created_utc&sort_type=desc&size=500 (Caused by NewConnectionError('<urllib3.connection.HTTPSConnection object at 0xffffa0056090>: Failed to establish a new connection: [Errno -2] Name or service not known'))
[2023-05-01T08:37:11.983+0000] {helpers.py:86} ERROR - HTTPSConnectionPool(host='api.pushshift.io', port=443): Max retries exceeded with url: /reddit/search/submission/?subreddit=ripcity&sort=created_utc&sort_type=desc&size=500 (Caused by NewConnectionError('<urllib3.connection.HTTPSConnection object at 0xffffa0056090>: Failed to establish a new connection: [Errno -2] Name or service not known'))
[2023-05-01T08:37:11.984+0000] {helpers.py:87} ERROR - Retrying! 7 attempts before skipping!
[2023-05-01T08:37:12.991+0000] {logging_mixin.py:137} INFO - HTTPSConnectionPool(host='api.pushshift.io', port=443): Max retries exceeded with url: /reddit/search/submission/?subreddit=ripcity&sort=created_utc&sort_type=desc&size=500 (Caused by NewConnectionError('<urllib3.connection.HTTPSConnection object at 0xffffa0056a90>: Failed to establish a new connection: [Errno -2] Name or service not known'))
[2023-05-01T08:37:12.993+0000] {helpers.py:86} ERROR - HTTPSConnectionPool(host='api.pushshift.io', port=443): Max retries exceeded with url: /reddit/search/submission/?subreddit=ripcity&sort=created_utc&sort_type=desc&size=500 (Caused by NewConnectionError('<urllib3.connection.HTTPSConnection object at 0xffffa0056a90>: Failed to establish a new connection: [Errno -2] Name or service not known'))
[2023-05-01T08:37:12.994+0000] {helpers.py:87} ERROR - Retrying! 6 attempts before skipping!
[2023-05-01T08:37:14.009+0000] {logging_mixin.py:137} INFO - HTTPSConnectionPool(host='api.pushshift.io', port=443): Max retries exceeded with url: /reddit/search/submission/?subreddit=ripcity&sort=created_utc&sort_type=desc&size=500 (Caused by NewConnectionError('<urllib3.connection.HTTPSConnection object at 0xffffa00562d0>: Failed to establish a new connection: [Errno -2] Name or service not known'))
[2023-05-01T08:37:14.013+0000] {helpers.py:86} ERROR - HTTPSConnectionPool(host='api.pushshift.io', port=443): Max retries exceeded with url: /reddit/search/submission/?subreddit=ripcity&sort=created_utc&sort_type=desc&size=500 (Caused by NewConnectionError('<urllib3.connection.HTTPSConnection object at 0xffffa00562d0>: Failed to establish a new connection: [Errno -2] Name or service not known'))
[2023-05-01T08:37:14.018+0000] {helpers.py:87} ERROR - Retrying! 5 attempts before skipping!
[2023-05-01T08:37:15.035+0000] {logging_mixin.py:137} INFO - HTTPSConnectionPool(host='api.pushshift.io', port=443): Max retries exceeded with url: /reddit/search/submission/?subreddit=ripcity&sort=created_utc&sort_type=desc&size=500 (Caused by NewConnectionError('<urllib3.connection.HTTPSConnection object at 0xffffa0056490>: Failed to establish a new connection: [Errno -2] Name or service not known'))
[2023-05-01T08:37:15.037+0000] {helpers.py:86} ERROR - HTTPSConnectionPool(host='api.pushshift.io', port=443): Max retries exceeded with url: /reddit/search/submission/?subreddit=ripcity&sort=created_utc&sort_type=desc&size=500 (Caused by NewConnectionError('<urllib3.connection.HTTPSConnection object at 0xffffa0056490>: Failed to establish a new connection: [Errno -2] Name or service not known'))
[2023-05-01T08:37:15.038+0000] {helpers.py:87} ERROR - Retrying! 4 attempts before skipping!
[2023-05-01T08:37:16.050+0000] {logging_mixin.py:137} INFO - HTTPSConnectionPool(host='api.pushshift.io', port=443): Max retries exceeded with url: /reddit/search/submission/?subreddit=ripcity&sort=created_utc&sort_type=desc&size=500 (Caused by NewConnectionError('<urllib3.connection.HTTPSConnection object at 0xffffa0056210>: Failed to establish a new connection: [Errno -2] Name or service not known'))
[2023-05-01T08:37:16.051+0000] {helpers.py:86} ERROR - HTTPSConnectionPool(host='api.pushshift.io', port=443): Max retries exceeded with url: /reddit/search/submission/?subreddit=ripcity&sort=created_utc&sort_type=desc&size=500 (Caused by NewConnectionError('<urllib3.connection.HTTPSConnection object at 0xffffa0056210>: Failed to establish a new connection: [Errno -2] Name or service not known'))
[2023-05-01T08:37:16.057+0000] {helpers.py:87} ERROR - Retrying! 3 attempts before skipping!
[2023-05-01T08:37:17.076+0000] {logging_mixin.py:137} INFO - HTTPSConnectionPool(host='api.pushshift.io', port=443): Max retries exceeded with url: /reddit/search/submission/?subreddit=ripcity&sort=created_utc&sort_type=desc&size=500 (Caused by NewConnectionError('<urllib3.connection.HTTPSConnection object at 0xffffa00560d0>: Failed to establish a new connection: [Errno -2] Name or service not known'))
[2023-05-01T08:37:17.078+0000] {helpers.py:86} ERROR - HTTPSConnectionPool(host='api.pushshift.io', port=443): Max retries exceeded with url: /reddit/search/submission/?subreddit=ripcity&sort=created_utc&sort_type=desc&size=500 (Caused by NewConnectionError('<urllib3.connection.HTTPSConnection object at 0xffffa00560d0>: Failed to establish a new connection: [Errno -2] Name or service not known'))
[2023-05-01T08:37:17.079+0000] {helpers.py:87} ERROR - Retrying! 2 attempts before skipping!
[2023-05-01T08:37:18.091+0000] {logging_mixin.py:137} INFO - HTTPSConnectionPool(host='api.pushshift.io', port=443): Max retries exceeded with url: /reddit/search/submission/?subreddit=ripcity&sort=created_utc&sort_type=desc&size=500 (Caused by NewConnectionError('<urllib3.connection.HTTPSConnection object at 0xffffa0056050>: Failed to establish a new connection: [Errno -2] Name or service not known'))
[2023-05-01T08:37:18.094+0000] {helpers.py:86} ERROR - HTTPSConnectionPool(host='api.pushshift.io', port=443): Max retries exceeded with url: /reddit/search/submission/?subreddit=ripcity&sort=created_utc&sort_type=desc&size=500 (Caused by NewConnectionError('<urllib3.connection.HTTPSConnection object at 0xffffa0056050>: Failed to establish a new connection: [Errno -2] Name or service not known'))
[2023-05-01T08:37:18.095+0000] {helpers.py:87} ERROR - Retrying! 1 attempts before skipping!
[2023-05-01T08:37:19.103+0000] {logging_mixin.py:137} INFO - HTTPSConnectionPool(host='api.pushshift.io', port=443): Max retries exceeded with url: /reddit/search/submission/?subreddit=ripcity&sort=created_utc&sort_type=desc&size=500 (Caused by NewConnectionError('<urllib3.connection.HTTPSConnection object at 0xffffa0056890>: Failed to establish a new connection: [Errno -2] Name or service not known'))
[2023-05-01T08:37:19.105+0000] {helpers.py:86} ERROR - HTTPSConnectionPool(host='api.pushshift.io', port=443): Max retries exceeded with url: /reddit/search/submission/?subreddit=ripcity&sort=created_utc&sort_type=desc&size=500 (Caused by NewConnectionError('<urllib3.connection.HTTPSConnection object at 0xffffa0056890>: Failed to establish a new connection: [Errno -2] Name or service not known'))
[2023-05-01T08:37:19.108+0000] {helpers.py:87} ERROR - Retrying! 0 attempts before skipping!
[2023-05-01T08:37:20.117+0000] {logging_mixin.py:137} INFO - HTTPSConnectionPool(host='api.pushshift.io', port=443): Max retries exceeded with url: /reddit/search/submission/?subreddit=ripcity&sort=created_utc&sort_type=desc&size=500 (Caused by NewConnectionError('<urllib3.connection.HTTPSConnection object at 0xffffa0056190>: Failed to establish a new connection: [Errno -2] Name or service not known'))
[2023-05-01T08:37:20.118+0000] {helpers.py:86} ERROR - HTTPSConnectionPool(host='api.pushshift.io', port=443): Max retries exceeded with url: /reddit/search/submission/?subreddit=ripcity&sort=created_utc&sort_type=desc&size=500 (Caused by NewConnectionError('<urllib3.connection.HTTPSConnection object at 0xffffa0056190>: Failed to establish a new connection: [Errno -2] Name or service not known'))
[2023-05-01T08:37:20.120+0000] {helpers.py:87} ERROR - Retrying! -1 attempts before skipping!
[2023-05-01T08:37:21.134+0000] {logging_mixin.py:137} INFO - HTTPSConnectionPool(host='api.pushshift.io', port=443): Max retries exceeded with url: /reddit/search/submission/?subreddit=kings&sort=created_utc&sort_type=desc&size=500 (Caused by NewConnectionError('<urllib3.connection.HTTPSConnection object at 0xffffa00566d0>: Failed to establish a new connection: [Errno -2] Name or service not known'))
[2023-05-01T08:37:21.138+0000] {helpers.py:86} ERROR - HTTPSConnectionPool(host='api.pushshift.io', port=443): Max retries exceeded with url: /reddit/search/submission/?subreddit=kings&sort=created_utc&sort_type=desc&size=500 (Caused by NewConnectionError('<urllib3.connection.HTTPSConnection object at 0xffffa00566d0>: Failed to establish a new connection: [Errno -2] Name or service not known'))
[2023-05-01T08:37:21.140+0000] {helpers.py:87} ERROR - Retrying! 9 attempts before skipping!
[2023-05-01T08:37:22.150+0000] {logging_mixin.py:137} INFO - HTTPSConnectionPool(host='api.pushshift.io', port=443): Max retries exceeded with url: /reddit/search/submission/?subreddit=kings&sort=created_utc&sort_type=desc&size=500 (Caused by NewConnectionError('<urllib3.connection.HTTPSConnection object at 0xffffa0056090>: Failed to establish a new connection: [Errno -2] Name or service not known'))
[2023-05-01T08:37:22.151+0000] {helpers.py:86} ERROR - HTTPSConnectionPool(host='api.pushshift.io', port=443): Max retries exceeded with url: /reddit/search/submission/?subreddit=kings&sort=created_utc&sort_type=desc&size=500 (Caused by NewConnectionError('<urllib3.connection.HTTPSConnection object at 0xffffa0056090>: Failed to establish a new connection: [Errno -2] Name or service not known'))
[2023-05-01T08:37:22.152+0000] {helpers.py:87} ERROR - Retrying! 8 attempts before skipping!
[2023-05-01T08:37:23.164+0000] {logging_mixin.py:137} INFO - HTTPSConnectionPool(host='api.pushshift.io', port=443): Max retries exceeded with url: /reddit/search/submission/?subreddit=kings&sort=created_utc&sort_type=desc&size=500 (Caused by NewConnectionError('<urllib3.connection.HTTPSConnection object at 0xffffa0056150>: Failed to establish a new connection: [Errno -2] Name or service not known'))
[2023-05-01T08:37:23.165+0000] {helpers.py:86} ERROR - HTTPSConnectionPool(host='api.pushshift.io', port=443): Max retries exceeded with url: /reddit/search/submission/?subreddit=kings&sort=created_utc&sort_type=desc&size=500 (Caused by NewConnectionError('<urllib3.connection.HTTPSConnection object at 0xffffa0056150>: Failed to establish a new connection: [Errno -2] Name or service not known'))
[2023-05-01T08:37:23.167+0000] {helpers.py:87} ERROR - Retrying! 7 attempts before skipping!
[2023-05-01T08:37:24.182+0000] {logging_mixin.py:137} INFO - HTTPSConnectionPool(host='api.pushshift.io', port=443): Max retries exceeded with url: /reddit/search/submission/?subreddit=kings&sort=created_utc&sort_type=desc&size=500 (Caused by NewConnectionError('<urllib3.connection.HTTPSConnection object at 0xffffa0056310>: Failed to establish a new connection: [Errno -2] Name or service not known'))
[2023-05-01T08:37:24.185+0000] {helpers.py:86} ERROR - HTTPSConnectionPool(host='api.pushshift.io', port=443): Max retries exceeded with url: /reddit/search/submission/?subreddit=kings&sort=created_utc&sort_type=desc&size=500 (Caused by NewConnectionError('<urllib3.connection.HTTPSConnection object at 0xffffa0056310>: Failed to establish a new connection: [Errno -2] Name or service not known'))
[2023-05-01T08:37:24.187+0000] {helpers.py:87} ERROR - Retrying! 6 attempts before skipping!
[2023-05-01T08:37:25.197+0000] {logging_mixin.py:137} INFO - HTTPSConnectionPool(host='api.pushshift.io', port=443): Max retries exceeded with url: /reddit/search/submission/?subreddit=kings&sort=created_utc&sort_type=desc&size=500 (Caused by NewConnectionError('<urllib3.connection.HTTPSConnection object at 0xffffa0056290>: Failed to establish a new connection: [Errno -2] Name or service not known'))
[2023-05-01T08:37:25.199+0000] {helpers.py:86} ERROR - HTTPSConnectionPool(host='api.pushshift.io', port=443): Max retries exceeded with url: /reddit/search/submission/?subreddit=kings&sort=created_utc&sort_type=desc&size=500 (Caused by NewConnectionError('<urllib3.connection.HTTPSConnection object at 0xffffa0056290>: Failed to establish a new connection: [Errno -2] Name or service not known'))
[2023-05-01T08:37:25.200+0000] {helpers.py:87} ERROR - Retrying! 5 attempts before skipping!
[2023-05-01T08:37:26.211+0000] {logging_mixin.py:137} INFO - HTTPSConnectionPool(host='api.pushshift.io', port=443): Max retries exceeded with url: /reddit/search/submission/?subreddit=kings&sort=created_utc&sort_type=desc&size=500 (Caused by NewConnectionError('<urllib3.connection.HTTPSConnection object at 0xffffa0056190>: Failed to establish a new connection: [Errno -2] Name or service not known'))
[2023-05-01T08:37:26.214+0000] {helpers.py:86} ERROR - HTTPSConnectionPool(host='api.pushshift.io', port=443): Max retries exceeded with url: /reddit/search/submission/?subreddit=kings&sort=created_utc&sort_type=desc&size=500 (Caused by NewConnectionError('<urllib3.connection.HTTPSConnection object at 0xffffa0056190>: Failed to establish a new connection: [Errno -2] Name or service not known'))
[2023-05-01T08:37:26.216+0000] {helpers.py:87} ERROR - Retrying! 4 attempts before skipping!
[2023-05-01T08:37:27.239+0000] {logging_mixin.py:137} INFO - HTTPSConnectionPool(host='api.pushshift.io', port=443): Max retries exceeded with url: /reddit/search/submission/?subreddit=kings&sort=created_utc&sort_type=desc&size=500 (Caused by NewConnectionError('<urllib3.connection.HTTPSConnection object at 0xffffa0056350>: Failed to establish a new connection: [Errno -2] Name or service not known'))
[2023-05-01T08:37:27.282+0000] {helpers.py:86} ERROR - HTTPSConnectionPool(host='api.pushshift.io', port=443): Max retries exceeded with url: /reddit/search/submission/?subreddit=kings&sort=created_utc&sort_type=desc&size=500 (Caused by NewConnectionError('<urllib3.connection.HTTPSConnection object at 0xffffa0056350>: Failed to establish a new connection: [Errno -2] Name or service not known'))
[2023-05-01T08:37:27.284+0000] {helpers.py:87} ERROR - Retrying! 3 attempts before skipping!
[2023-05-01T08:37:28.296+0000] {logging_mixin.py:137} INFO - HTTPSConnectionPool(host='api.pushshift.io', port=443): Max retries exceeded with url: /reddit/search/submission/?subreddit=kings&sort=created_utc&sort_type=desc&size=500 (Caused by NewConnectionError('<urllib3.connection.HTTPSConnection object at 0xffffa00562d0>: Failed to establish a new connection: [Errno -2] Name or service not known'))
[2023-05-01T08:37:28.298+0000] {helpers.py:86} ERROR - HTTPSConnectionPool(host='api.pushshift.io', port=443): Max retries exceeded with url: /reddit/search/submission/?subreddit=kings&sort=created_utc&sort_type=desc&size=500 (Caused by NewConnectionError('<urllib3.connection.HTTPSConnection object at 0xffffa00562d0>: Failed to establish a new connection: [Errno -2] Name or service not known'))
[2023-05-01T08:37:28.300+0000] {helpers.py:87} ERROR - Retrying! 2 attempts before skipping!
[2023-05-01T08:37:29.307+0000] {logging_mixin.py:137} INFO - HTTPSConnectionPool(host='api.pushshift.io', port=443): Max retries exceeded with url: /reddit/search/submission/?subreddit=kings&sort=created_utc&sort_type=desc&size=500 (Caused by NewConnectionError('<urllib3.connection.HTTPSConnection object at 0xffffa00564d0>: Failed to establish a new connection: [Errno -2] Name or service not known'))
[2023-05-01T08:37:29.308+0000] {helpers.py:86} ERROR - HTTPSConnectionPool(host='api.pushshift.io', port=443): Max retries exceeded with url: /reddit/search/submission/?subreddit=kings&sort=created_utc&sort_type=desc&size=500 (Caused by NewConnectionError('<urllib3.connection.HTTPSConnection object at 0xffffa00564d0>: Failed to establish a new connection: [Errno -2] Name or service not known'))
[2023-05-01T08:37:29.312+0000] {helpers.py:87} ERROR - Retrying! 1 attempts before skipping!
[2023-05-01T08:37:30.322+0000] {logging_mixin.py:137} INFO - HTTPSConnectionPool(host='api.pushshift.io', port=443): Max retries exceeded with url: /reddit/search/submission/?subreddit=kings&sort=created_utc&sort_type=desc&size=500 (Caused by NewConnectionError('<urllib3.connection.HTTPSConnection object at 0xffffa0056a90>: Failed to establish a new connection: [Errno -2] Name or service not known'))
[2023-05-01T08:37:30.324+0000] {helpers.py:86} ERROR - HTTPSConnectionPool(host='api.pushshift.io', port=443): Max retries exceeded with url: /reddit/search/submission/?subreddit=kings&sort=created_utc&sort_type=desc&size=500 (Caused by NewConnectionError('<urllib3.connection.HTTPSConnection object at 0xffffa0056a90>: Failed to establish a new connection: [Errno -2] Name or service not known'))
[2023-05-01T08:37:30.330+0000] {helpers.py:87} ERROR - Retrying! 0 attempts before skipping!
[2023-05-01T08:37:31.339+0000] {logging_mixin.py:137} INFO - HTTPSConnectionPool(host='api.pushshift.io', port=443): Max retries exceeded with url: /reddit/search/submission/?subreddit=kings&sort=created_utc&sort_type=desc&size=500 (Caused by NewConnectionError('<urllib3.connection.HTTPSConnection object at 0xffffa0056490>: Failed to establish a new connection: [Errno -2] Name or service not known'))
[2023-05-01T08:37:31.342+0000] {helpers.py:86} ERROR - HTTPSConnectionPool(host='api.pushshift.io', port=443): Max retries exceeded with url: /reddit/search/submission/?subreddit=kings&sort=created_utc&sort_type=desc&size=500 (Caused by NewConnectionError('<urllib3.connection.HTTPSConnection object at 0xffffa0056490>: Failed to establish a new connection: [Errno -2] Name or service not known'))
[2023-05-01T08:37:31.344+0000] {helpers.py:87} ERROR - Retrying! -1 attempts before skipping!
[2023-05-01T08:37:32.356+0000] {logging_mixin.py:137} INFO - HTTPSConnectionPool(host='api.pushshift.io', port=443): Max retries exceeded with url: /reddit/search/submission/?subreddit=NBASpurs&sort=created_utc&sort_type=desc&size=500 (Caused by NewConnectionError('<urllib3.connection.HTTPSConnection object at 0xffffa0056090>: Failed to establish a new connection: [Errno -2] Name or service not known'))
[2023-05-01T08:37:32.358+0000] {helpers.py:86} ERROR - HTTPSConnectionPool(host='api.pushshift.io', port=443): Max retries exceeded with url: /reddit/search/submission/?subreddit=NBASpurs&sort=created_utc&sort_type=desc&size=500 (Caused by NewConnectionError('<urllib3.connection.HTTPSConnection object at 0xffffa0056090>: Failed to establish a new connection: [Errno -2] Name or service not known'))
[2023-05-01T08:37:32.361+0000] {helpers.py:87} ERROR - Retrying! 9 attempts before skipping!
[2023-05-01T08:37:33.373+0000] {logging_mixin.py:137} INFO - HTTPSConnectionPool(host='api.pushshift.io', port=443): Max retries exceeded with url: /reddit/search/submission/?subreddit=NBASpurs&sort=created_utc&sort_type=desc&size=500 (Caused by NewConnectionError('<urllib3.connection.HTTPSConnection object at 0xffffa0056150>: Failed to establish a new connection: [Errno -2] Name or service not known'))
[2023-05-01T08:37:33.375+0000] {helpers.py:86} ERROR - HTTPSConnectionPool(host='api.pushshift.io', port=443): Max retries exceeded with url: /reddit/search/submission/?subreddit=NBASpurs&sort=created_utc&sort_type=desc&size=500 (Caused by NewConnectionError('<urllib3.connection.HTTPSConnection object at 0xffffa0056150>: Failed to establish a new connection: [Errno -2] Name or service not known'))
[2023-05-01T08:37:33.377+0000] {helpers.py:87} ERROR - Retrying! 8 attempts before skipping!
[2023-05-01T08:37:34.386+0000] {logging_mixin.py:137} INFO - HTTPSConnectionPool(host='api.pushshift.io', port=443): Max retries exceeded with url: /reddit/search/submission/?subreddit=NBASpurs&sort=created_utc&sort_type=desc&size=500 (Caused by NewConnectionError('<urllib3.connection.HTTPSConnection object at 0xffffa0056050>: Failed to establish a new connection: [Errno -2] Name or service not known'))
[2023-05-01T08:37:34.388+0000] {helpers.py:86} ERROR - HTTPSConnectionPool(host='api.pushshift.io', port=443): Max retries exceeded with url: /reddit/search/submission/?subreddit=NBASpurs&sort=created_utc&sort_type=desc&size=500 (Caused by NewConnectionError('<urllib3.connection.HTTPSConnection object at 0xffffa0056050>: Failed to establish a new connection: [Errno -2] Name or service not known'))
[2023-05-01T08:37:34.389+0000] {helpers.py:87} ERROR - Retrying! 7 attempts before skipping!
[2023-05-01T08:37:35.398+0000] {logging_mixin.py:137} INFO - HTTPSConnectionPool(host='api.pushshift.io', port=443): Max retries exceeded with url: /reddit/search/submission/?subreddit=NBASpurs&sort=created_utc&sort_type=desc&size=500 (Caused by NewConnectionError('<urllib3.connection.HTTPSConnection object at 0xffffa0056550>: Failed to establish a new connection: [Errno -2] Name or service not known'))
[2023-05-01T08:37:35.402+0000] {helpers.py:86} ERROR - HTTPSConnectionPool(host='api.pushshift.io', port=443): Max retries exceeded with url: /reddit/search/submission/?subreddit=NBASpurs&sort=created_utc&sort_type=desc&size=500 (Caused by NewConnectionError('<urllib3.connection.HTTPSConnection object at 0xffffa0056550>: Failed to establish a new connection: [Errno -2] Name or service not known'))
[2023-05-01T08:37:35.404+0000] {helpers.py:87} ERROR - Retrying! 6 attempts before skipping!
[2023-05-01T08:37:36.413+0000] {logging_mixin.py:137} INFO - HTTPSConnectionPool(host='api.pushshift.io', port=443): Max retries exceeded with url: /reddit/search/submission/?subreddit=NBASpurs&sort=created_utc&sort_type=desc&size=500 (Caused by NewConnectionError('<urllib3.connection.HTTPSConnection object at 0xffffa0056110>: Failed to establish a new connection: [Errno -2] Name or service not known'))
[2023-05-01T08:37:36.415+0000] {helpers.py:86} ERROR - HTTPSConnectionPool(host='api.pushshift.io', port=443): Max retries exceeded with url: /reddit/search/submission/?subreddit=NBASpurs&sort=created_utc&sort_type=desc&size=500 (Caused by NewConnectionError('<urllib3.connection.HTTPSConnection object at 0xffffa0056110>: Failed to establish a new connection: [Errno -2] Name or service not known'))
[2023-05-01T08:37:36.417+0000] {helpers.py:87} ERROR - Retrying! 5 attempts before skipping!
[2023-05-01T09:42:21.558+0000] {logging_mixin.py:137} INFO - HTTPSConnectionPool(host='api.pushshift.io', port=443): Max retries exceeded with url: /reddit/search/submission/?subreddit=NBASpurs&sort=created_utc&sort_type=desc&size=500 (Caused by NewConnectionError('<urllib3.connection.HTTPSConnection object at 0xffffa0056490>: Failed to establish a new connection: [Errno -2] Name or service not known'))
[2023-05-01T09:42:21.561+0000] {helpers.py:86} ERROR - HTTPSConnectionPool(host='api.pushshift.io', port=443): Max retries exceeded with url: /reddit/search/submission/?subreddit=NBASpurs&sort=created_utc&sort_type=desc&size=500 (Caused by NewConnectionError('<urllib3.connection.HTTPSConnection object at 0xffffa0056490>: Failed to establish a new connection: [Errno -2] Name or service not known'))
[2023-05-01T09:42:21.564+0000] {helpers.py:87} ERROR - Retrying! 4 attempts before skipping!
[2023-05-01T09:42:22.576+0000] {logging_mixin.py:137} INFO - HTTPSConnectionPool(host='api.pushshift.io', port=443): Max retries exceeded with url: /reddit/search/submission/?subreddit=NBASpurs&sort=created_utc&sort_type=desc&size=500 (Caused by NewConnectionError('<urllib3.connection.HTTPSConnection object at 0xffffa00560d0>: Failed to establish a new connection: [Errno -2] Name or service not known'))
[2023-05-01T09:42:22.580+0000] {helpers.py:86} ERROR - HTTPSConnectionPool(host='api.pushshift.io', port=443): Max retries exceeded with url: /reddit/search/submission/?subreddit=NBASpurs&sort=created_utc&sort_type=desc&size=500 (Caused by NewConnectionError('<urllib3.connection.HTTPSConnection object at 0xffffa00560d0>: Failed to establish a new connection: [Errno -2] Name or service not known'))
[2023-05-01T09:42:22.582+0000] {helpers.py:87} ERROR - Retrying! 3 attempts before skipping!
[2023-05-01T09:42:23.666+0000] {logging_mixin.py:137} INFO - HTTPSConnectionPool(host='api.pushshift.io', port=443): Max retries exceeded with url: /reddit/search/submission/?subreddit=NBASpurs&sort=created_utc&sort_type=desc&size=500 (Caused by NewConnectionError('<urllib3.connection.HTTPSConnection object at 0xffffa0056290>: Failed to establish a new connection: [Errno -2] Name or service not known'))
[2023-05-01T09:42:23.675+0000] {helpers.py:86} ERROR - HTTPSConnectionPool(host='api.pushshift.io', port=443): Max retries exceeded with url: /reddit/search/submission/?subreddit=NBASpurs&sort=created_utc&sort_type=desc&size=500 (Caused by NewConnectionError('<urllib3.connection.HTTPSConnection object at 0xffffa0056290>: Failed to establish a new connection: [Errno -2] Name or service not known'))
[2023-05-01T09:42:23.702+0000] {helpers.py:87} ERROR - Retrying! 2 attempts before skipping!
[2023-05-01T09:42:24.712+0000] {logging_mixin.py:137} INFO - HTTPSConnectionPool(host='api.pushshift.io', port=443): Max retries exceeded with url: /reddit/search/submission/?subreddit=NBASpurs&sort=created_utc&sort_type=desc&size=500 (Caused by NewConnectionError('<urllib3.connection.HTTPSConnection object at 0xffffa00565d0>: Failed to establish a new connection: [Errno -2] Name or service not known'))
[2023-05-01T09:42:24.714+0000] {helpers.py:86} ERROR - HTTPSConnectionPool(host='api.pushshift.io', port=443): Max retries exceeded with url: /reddit/search/submission/?subreddit=NBASpurs&sort=created_utc&sort_type=desc&size=500 (Caused by NewConnectionError('<urllib3.connection.HTTPSConnection object at 0xffffa00565d0>: Failed to establish a new connection: [Errno -2] Name or service not known'))
[2023-05-01T09:42:24.715+0000] {helpers.py:87} ERROR - Retrying! 1 attempts before skipping!
[2023-05-01T09:42:25.726+0000] {logging_mixin.py:137} INFO - HTTPSConnectionPool(host='api.pushshift.io', port=443): Max retries exceeded with url: /reddit/search/submission/?subreddit=NBASpurs&sort=created_utc&sort_type=desc&size=500 (Caused by NewConnectionError('<urllib3.connection.HTTPSConnection object at 0xffffa0056310>: Failed to establish a new connection: [Errno -2] Name or service not known'))
[2023-05-01T09:42:25.727+0000] {helpers.py:86} ERROR - HTTPSConnectionPool(host='api.pushshift.io', port=443): Max retries exceeded with url: /reddit/search/submission/?subreddit=NBASpurs&sort=created_utc&sort_type=desc&size=500 (Caused by NewConnectionError('<urllib3.connection.HTTPSConnection object at 0xffffa0056310>: Failed to establish a new connection: [Errno -2] Name or service not known'))
[2023-05-01T09:42:25.729+0000] {helpers.py:87} ERROR - Retrying! 0 attempts before skipping!
[2023-05-01T09:42:26.740+0000] {logging_mixin.py:137} INFO - HTTPSConnectionPool(host='api.pushshift.io', port=443): Max retries exceeded with url: /reddit/search/submission/?subreddit=NBASpurs&sort=created_utc&sort_type=desc&size=500 (Caused by NewConnectionError('<urllib3.connection.HTTPSConnection object at 0xffffa0056190>: Failed to establish a new connection: [Errno -2] Name or service not known'))
[2023-05-01T09:42:26.741+0000] {helpers.py:86} ERROR - HTTPSConnectionPool(host='api.pushshift.io', port=443): Max retries exceeded with url: /reddit/search/submission/?subreddit=NBASpurs&sort=created_utc&sort_type=desc&size=500 (Caused by NewConnectionError('<urllib3.connection.HTTPSConnection object at 0xffffa0056190>: Failed to establish a new connection: [Errno -2] Name or service not known'))
[2023-05-01T09:42:26.743+0000] {helpers.py:87} ERROR - Retrying! -1 attempts before skipping!
[2023-05-01T09:42:27.757+0000] {logging_mixin.py:137} INFO - HTTPSConnectionPool(host='api.pushshift.io', port=443): Max retries exceeded with url: /reddit/search/submission/?subreddit=torontoraptors&sort=created_utc&sort_type=desc&size=500 (Caused by NewConnectionError('<urllib3.connection.HTTPSConnection object at 0xffffa0056150>: Failed to establish a new connection: [Errno -2] Name or service not known'))
[2023-05-01T09:42:27.760+0000] {helpers.py:86} ERROR - HTTPSConnectionPool(host='api.pushshift.io', port=443): Max retries exceeded with url: /reddit/search/submission/?subreddit=torontoraptors&sort=created_utc&sort_type=desc&size=500 (Caused by NewConnectionError('<urllib3.connection.HTTPSConnection object at 0xffffa0056150>: Failed to establish a new connection: [Errno -2] Name or service not known'))
[2023-05-01T09:42:27.761+0000] {helpers.py:87} ERROR - Retrying! 9 attempts before skipping!
[2023-05-01T09:42:28.772+0000] {logging_mixin.py:137} INFO - HTTPSConnectionPool(host='api.pushshift.io', port=443): Max retries exceeded with url: /reddit/search/submission/?subreddit=torontoraptors&sort=created_utc&sort_type=desc&size=500 (Caused by NewConnectionError('<urllib3.connection.HTTPSConnection object at 0xffffa0056050>: Failed to establish a new connection: [Errno -2] Name or service not known'))
[2023-05-01T09:42:28.777+0000] {helpers.py:86} ERROR - HTTPSConnectionPool(host='api.pushshift.io', port=443): Max retries exceeded with url: /reddit/search/submission/?subreddit=torontoraptors&sort=created_utc&sort_type=desc&size=500 (Caused by NewConnectionError('<urllib3.connection.HTTPSConnection object at 0xffffa0056050>: Failed to establish a new connection: [Errno -2] Name or service not known'))
[2023-05-01T09:42:28.778+0000] {helpers.py:87} ERROR - Retrying! 8 attempts before skipping!
[2023-05-01T09:42:29.785+0000] {logging_mixin.py:137} INFO - HTTPSConnectionPool(host='api.pushshift.io', port=443): Max retries exceeded with url: /reddit/search/submission/?subreddit=torontoraptors&sort=created_utc&sort_type=desc&size=500 (Caused by NewConnectionError('<urllib3.connection.HTTPSConnection object at 0xffffa00564d0>: Failed to establish a new connection: [Errno -2] Name or service not known'))
[2023-05-01T09:42:29.786+0000] {helpers.py:86} ERROR - HTTPSConnectionPool(host='api.pushshift.io', port=443): Max retries exceeded with url: /reddit/search/submission/?subreddit=torontoraptors&sort=created_utc&sort_type=desc&size=500 (Caused by NewConnectionError('<urllib3.connection.HTTPSConnection object at 0xffffa00564d0>: Failed to establish a new connection: [Errno -2] Name or service not known'))
[2023-05-01T09:42:29.788+0000] {helpers.py:87} ERROR - Retrying! 7 attempts before skipping!
[2023-05-01T09:42:30.799+0000] {logging_mixin.py:137} INFO - HTTPSConnectionPool(host='api.pushshift.io', port=443): Max retries exceeded with url: /reddit/search/submission/?subreddit=torontoraptors&sort=created_utc&sort_type=desc&size=500 (Caused by NewConnectionError('<urllib3.connection.HTTPSConnection object at 0xffffa0056210>: Failed to establish a new connection: [Errno -2] Name or service not known'))
[2023-05-01T09:42:30.801+0000] {helpers.py:86} ERROR - HTTPSConnectionPool(host='api.pushshift.io', port=443): Max retries exceeded with url: /reddit/search/submission/?subreddit=torontoraptors&sort=created_utc&sort_type=desc&size=500 (Caused by NewConnectionError('<urllib3.connection.HTTPSConnection object at 0xffffa0056210>: Failed to establish a new connection: [Errno -2] Name or service not known'))
[2023-05-01T09:42:30.803+0000] {helpers.py:87} ERROR - Retrying! 6 attempts before skipping!
[2023-05-01T09:42:31.816+0000] {logging_mixin.py:137} INFO - HTTPSConnectionPool(host='api.pushshift.io', port=443): Max retries exceeded with url: /reddit/search/submission/?subreddit=torontoraptors&sort=created_utc&sort_type=desc&size=500 (Caused by NewConnectionError('<urllib3.connection.HTTPSConnection object at 0xffffa0056890>: Failed to establish a new connection: [Errno -2] Name or service not known'))
[2023-05-01T09:42:31.819+0000] {helpers.py:86} ERROR - HTTPSConnectionPool(host='api.pushshift.io', port=443): Max retries exceeded with url: /reddit/search/submission/?subreddit=torontoraptors&sort=created_utc&sort_type=desc&size=500 (Caused by NewConnectionError('<urllib3.connection.HTTPSConnection object at 0xffffa0056890>: Failed to establish a new connection: [Errno -2] Name or service not known'))
[2023-05-01T09:42:31.821+0000] {helpers.py:87} ERROR - Retrying! 5 attempts before skipping!
[2023-05-01T09:42:32.832+0000] {logging_mixin.py:137} INFO - HTTPSConnectionPool(host='api.pushshift.io', port=443): Max retries exceeded with url: /reddit/search/submission/?subreddit=torontoraptors&sort=created_utc&sort_type=desc&size=500 (Caused by NewConnectionError('<urllib3.connection.HTTPSConnection object at 0xffffa0056190>: Failed to establish a new connection: [Errno -2] Name or service not known'))
[2023-05-01T09:42:32.835+0000] {helpers.py:86} ERROR - HTTPSConnectionPool(host='api.pushshift.io', port=443): Max retries exceeded with url: /reddit/search/submission/?subreddit=torontoraptors&sort=created_utc&sort_type=desc&size=500 (Caused by NewConnectionError('<urllib3.connection.HTTPSConnection object at 0xffffa0056190>: Failed to establish a new connection: [Errno -2] Name or service not known'))
[2023-05-01T09:42:32.839+0000] {helpers.py:87} ERROR - Retrying! 4 attempts before skipping!
[2023-05-01T09:42:33.850+0000] {logging_mixin.py:137} INFO - HTTPSConnectionPool(host='api.pushshift.io', port=443): Max retries exceeded with url: /reddit/search/submission/?subreddit=torontoraptors&sort=created_utc&sort_type=desc&size=500 (Caused by NewConnectionError('<urllib3.connection.HTTPSConnection object at 0xffffa00562d0>: Failed to establish a new connection: [Errno -2] Name or service not known'))
[2023-05-01T09:42:33.853+0000] {helpers.py:86} ERROR - HTTPSConnectionPool(host='api.pushshift.io', port=443): Max retries exceeded with url: /reddit/search/submission/?subreddit=torontoraptors&sort=created_utc&sort_type=desc&size=500 (Caused by NewConnectionError('<urllib3.connection.HTTPSConnection object at 0xffffa00562d0>: Failed to establish a new connection: [Errno -2] Name or service not known'))
[2023-05-01T09:42:33.854+0000] {helpers.py:87} ERROR - Retrying! 3 attempts before skipping!
[2023-05-01T09:42:34.863+0000] {logging_mixin.py:137} INFO - HTTPSConnectionPool(host='api.pushshift.io', port=443): Max retries exceeded with url: /reddit/search/submission/?subreddit=torontoraptors&sort=created_utc&sort_type=desc&size=500 (Caused by NewConnectionError('<urllib3.connection.HTTPSConnection object at 0xffffa0056110>: Failed to establish a new connection: [Errno -2] Name or service not known'))
[2023-05-01T09:42:34.864+0000] {helpers.py:86} ERROR - HTTPSConnectionPool(host='api.pushshift.io', port=443): Max retries exceeded with url: /reddit/search/submission/?subreddit=torontoraptors&sort=created_utc&sort_type=desc&size=500 (Caused by NewConnectionError('<urllib3.connection.HTTPSConnection object at 0xffffa0056110>: Failed to establish a new connection: [Errno -2] Name or service not known'))
[2023-05-01T09:42:34.866+0000] {helpers.py:87} ERROR - Retrying! 2 attempts before skipping!
[2023-05-01T09:42:35.880+0000] {logging_mixin.py:137} INFO - HTTPSConnectionPool(host='api.pushshift.io', port=443): Max retries exceeded with url: /reddit/search/submission/?subreddit=torontoraptors&sort=created_utc&sort_type=desc&size=500 (Caused by NewConnectionError('<urllib3.connection.HTTPSConnection object at 0xffffa0056850>: Failed to establish a new connection: [Errno -2] Name or service not known'))
[2023-05-01T09:42:35.882+0000] {helpers.py:86} ERROR - HTTPSConnectionPool(host='api.pushshift.io', port=443): Max retries exceeded with url: /reddit/search/submission/?subreddit=torontoraptors&sort=created_utc&sort_type=desc&size=500 (Caused by NewConnectionError('<urllib3.connection.HTTPSConnection object at 0xffffa0056850>: Failed to establish a new connection: [Errno -2] Name or service not known'))
[2023-05-01T09:42:35.883+0000] {helpers.py:87} ERROR - Retrying! 1 attempts before skipping!
[2023-05-01T09:42:36.891+0000] {logging_mixin.py:137} INFO - HTTPSConnectionPool(host='api.pushshift.io', port=443): Max retries exceeded with url: /reddit/search/submission/?subreddit=torontoraptors&sort=created_utc&sort_type=desc&size=500 (Caused by NewConnectionError('<urllib3.connection.HTTPSConnection object at 0xffffa0056550>: Failed to establish a new connection: [Errno -2] Name or service not known'))
[2023-05-01T09:42:36.893+0000] {helpers.py:86} ERROR - HTTPSConnectionPool(host='api.pushshift.io', port=443): Max retries exceeded with url: /reddit/search/submission/?subreddit=torontoraptors&sort=created_utc&sort_type=desc&size=500 (Caused by NewConnectionError('<urllib3.connection.HTTPSConnection object at 0xffffa0056550>: Failed to establish a new connection: [Errno -2] Name or service not known'))
[2023-05-01T09:42:36.897+0000] {helpers.py:87} ERROR - Retrying! 0 attempts before skipping!
[2023-05-01T09:42:37.913+0000] {logging_mixin.py:137} INFO - HTTPSConnectionPool(host='api.pushshift.io', port=443): Max retries exceeded with url: /reddit/search/submission/?subreddit=torontoraptors&sort=created_utc&sort_type=desc&size=500 (Caused by NewConnectionError('<urllib3.connection.HTTPSConnection object at 0xffffa0056490>: Failed to establish a new connection: [Errno -2] Name or service not known'))
[2023-05-01T09:42:37.916+0000] {helpers.py:86} ERROR - HTTPSConnectionPool(host='api.pushshift.io', port=443): Max retries exceeded with url: /reddit/search/submission/?subreddit=torontoraptors&sort=created_utc&sort_type=desc&size=500 (Caused by NewConnectionError('<urllib3.connection.HTTPSConnection object at 0xffffa0056490>: Failed to establish a new connection: [Errno -2] Name or service not known'))
[2023-05-01T09:42:37.917+0000] {helpers.py:87} ERROR - Retrying! -1 attempts before skipping!
[2023-05-01T09:42:38.931+0000] {logging_mixin.py:137} INFO - HTTPSConnectionPool(host='api.pushshift.io', port=443): Max retries exceeded with url: /reddit/search/submission/?subreddit=UtahJazz&sort=created_utc&sort_type=desc&size=500 (Caused by NewConnectionError('<urllib3.connection.HTTPSConnection object at 0xffffa0056050>: Failed to establish a new connection: [Errno -2] Name or service not known'))
[2023-05-01T09:42:38.936+0000] {helpers.py:86} ERROR - HTTPSConnectionPool(host='api.pushshift.io', port=443): Max retries exceeded with url: /reddit/search/submission/?subreddit=UtahJazz&sort=created_utc&sort_type=desc&size=500 (Caused by NewConnectionError('<urllib3.connection.HTTPSConnection object at 0xffffa0056050>: Failed to establish a new connection: [Errno -2] Name or service not known'))
[2023-05-01T09:42:38.942+0000] {helpers.py:87} ERROR - Retrying! 9 attempts before skipping!
[2023-05-01T09:42:39.959+0000] {logging_mixin.py:137} INFO - HTTPSConnectionPool(host='api.pushshift.io', port=443): Max retries exceeded with url: /reddit/search/submission/?subreddit=UtahJazz&sort=created_utc&sort_type=desc&size=500 (Caused by NewConnectionError('<urllib3.connection.HTTPSConnection object at 0xffffa00564d0>: Failed to establish a new connection: [Errno -2] Name or service not known'))
[2023-05-01T09:42:39.962+0000] {helpers.py:86} ERROR - HTTPSConnectionPool(host='api.pushshift.io', port=443): Max retries exceeded with url: /reddit/search/submission/?subreddit=UtahJazz&sort=created_utc&sort_type=desc&size=500 (Caused by NewConnectionError('<urllib3.connection.HTTPSConnection object at 0xffffa00564d0>: Failed to establish a new connection: [Errno -2] Name or service not known'))
[2023-05-01T09:42:39.966+0000] {helpers.py:87} ERROR - Retrying! 8 attempts before skipping!
[2023-05-01T09:42:40.975+0000] {logging_mixin.py:137} INFO - HTTPSConnectionPool(host='api.pushshift.io', port=443): Max retries exceeded with url: /reddit/search/submission/?subreddit=UtahJazz&sort=created_utc&sort_type=desc&size=500 (Caused by NewConnectionError('<urllib3.connection.HTTPSConnection object at 0xffffa00565d0>: Failed to establish a new connection: [Errno -2] Name or service not known'))
[2023-05-01T09:42:40.979+0000] {helpers.py:86} ERROR - HTTPSConnectionPool(host='api.pushshift.io', port=443): Max retries exceeded with url: /reddit/search/submission/?subreddit=UtahJazz&sort=created_utc&sort_type=desc&size=500 (Caused by NewConnectionError('<urllib3.connection.HTTPSConnection object at 0xffffa00565d0>: Failed to establish a new connection: [Errno -2] Name or service not known'))
[2023-05-01T09:42:40.981+0000] {helpers.py:87} ERROR - Retrying! 7 attempts before skipping!
[2023-05-01T09:42:42.014+0000] {logging_mixin.py:137} INFO - HTTPSConnectionPool(host='api.pushshift.io', port=443): Max retries exceeded with url: /reddit/search/submission/?subreddit=UtahJazz&sort=created_utc&sort_type=desc&size=500 (Caused by NewConnectionError('<urllib3.connection.HTTPSConnection object at 0xffffa0056350>: Failed to establish a new connection: [Errno -2] Name or service not known'))
[2023-05-01T09:42:42.023+0000] {helpers.py:86} ERROR - HTTPSConnectionPool(host='api.pushshift.io', port=443): Max retries exceeded with url: /reddit/search/submission/?subreddit=UtahJazz&sort=created_utc&sort_type=desc&size=500 (Caused by NewConnectionError('<urllib3.connection.HTTPSConnection object at 0xffffa0056350>: Failed to establish a new connection: [Errno -2] Name or service not known'))
[2023-05-01T09:42:42.028+0000] {helpers.py:87} ERROR - Retrying! 6 attempts before skipping!
[2023-05-01T09:42:43.041+0000] {logging_mixin.py:137} INFO - HTTPSConnectionPool(host='api.pushshift.io', port=443): Max retries exceeded with url: /reddit/search/submission/?subreddit=UtahJazz&sort=created_utc&sort_type=desc&size=500 (Caused by NewConnectionError('<urllib3.connection.HTTPSConnection object at 0xffffa0056a90>: Failed to establish a new connection: [Errno -2] Name or service not known'))
[2023-05-01T09:42:43.043+0000] {helpers.py:86} ERROR - HTTPSConnectionPool(host='api.pushshift.io', port=443): Max retries exceeded with url: /reddit/search/submission/?subreddit=UtahJazz&sort=created_utc&sort_type=desc&size=500 (Caused by NewConnectionError('<urllib3.connection.HTTPSConnection object at 0xffffa0056a90>: Failed to establish a new connection: [Errno -2] Name or service not known'))
[2023-05-01T09:42:43.045+0000] {helpers.py:87} ERROR - Retrying! 5 attempts before skipping!
[2023-05-01T09:42:44.077+0000] {logging_mixin.py:137} INFO - HTTPSConnectionPool(host='api.pushshift.io', port=443): Max retries exceeded with url: /reddit/search/submission/?subreddit=UtahJazz&sort=created_utc&sort_type=desc&size=500 (Caused by NewConnectionError('<urllib3.connection.HTTPSConnection object at 0xffffa0056490>: Failed to establish a new connection: [Errno -2] Name or service not known'))
[2023-05-01T09:42:44.080+0000] {helpers.py:86} ERROR - HTTPSConnectionPool(host='api.pushshift.io', port=443): Max retries exceeded with url: /reddit/search/submission/?subreddit=UtahJazz&sort=created_utc&sort_type=desc&size=500 (Caused by NewConnectionError('<urllib3.connection.HTTPSConnection object at 0xffffa0056490>: Failed to establish a new connection: [Errno -2] Name or service not known'))
[2023-05-01T09:42:44.082+0000] {helpers.py:87} ERROR - Retrying! 4 attempts before skipping!
[2023-05-01T09:42:45.116+0000] {logging_mixin.py:137} INFO - HTTPSConnectionPool(host='api.pushshift.io', port=443): Max retries exceeded with url: /reddit/search/submission/?subreddit=UtahJazz&sort=created_utc&sort_type=desc&size=500 (Caused by NewConnectionError('<urllib3.connection.HTTPSConnection object at 0xffffa0056290>: Failed to establish a new connection: [Errno -2] Name or service not known'))
[2023-05-01T09:42:45.121+0000] {helpers.py:86} ERROR - HTTPSConnectionPool(host='api.pushshift.io', port=443): Max retries exceeded with url: /reddit/search/submission/?subreddit=UtahJazz&sort=created_utc&sort_type=desc&size=500 (Caused by NewConnectionError('<urllib3.connection.HTTPSConnection object at 0xffffa0056290>: Failed to establish a new connection: [Errno -2] Name or service not known'))
[2023-05-01T09:42:45.125+0000] {helpers.py:87} ERROR - Retrying! 3 attempts before skipping!
[2023-05-01T09:42:46.161+0000] {logging_mixin.py:137} INFO - HTTPSConnectionPool(host='api.pushshift.io', port=443): Max retries exceeded with url: /reddit/search/submission/?subreddit=UtahJazz&sort=created_utc&sort_type=desc&size=500 (Caused by NewConnectionError('<urllib3.connection.HTTPSConnection object at 0xffffa0056890>: Failed to establish a new connection: [Errno -2] Name or service not known'))
[2023-05-01T09:42:46.164+0000] {helpers.py:86} ERROR - HTTPSConnectionPool(host='api.pushshift.io', port=443): Max retries exceeded with url: /reddit/search/submission/?subreddit=UtahJazz&sort=created_utc&sort_type=desc&size=500 (Caused by NewConnectionError('<urllib3.connection.HTTPSConnection object at 0xffffa0056890>: Failed to establish a new connection: [Errno -2] Name or service not known'))
[2023-05-01T09:42:46.167+0000] {helpers.py:87} ERROR - Retrying! 2 attempts before skipping!
[2023-05-01T09:42:47.197+0000] {logging_mixin.py:137} INFO - HTTPSConnectionPool(host='api.pushshift.io', port=443): Max retries exceeded with url: /reddit/search/submission/?subreddit=UtahJazz&sort=created_utc&sort_type=desc&size=500 (Caused by NewConnectionError('<urllib3.connection.HTTPSConnection object at 0xffffa0056b50>: Failed to establish a new connection: [Errno -2] Name or service not known'))
[2023-05-01T09:42:47.200+0000] {helpers.py:86} ERROR - HTTPSConnectionPool(host='api.pushshift.io', port=443): Max retries exceeded with url: /reddit/search/submission/?subreddit=UtahJazz&sort=created_utc&sort_type=desc&size=500 (Caused by NewConnectionError('<urllib3.connection.HTTPSConnection object at 0xffffa0056b50>: Failed to establish a new connection: [Errno -2] Name or service not known'))
[2023-05-01T09:42:47.204+0000] {helpers.py:87} ERROR - Retrying! 1 attempts before skipping!
[2023-05-01T09:42:48.240+0000] {logging_mixin.py:137} INFO - HTTPSConnectionPool(host='api.pushshift.io', port=443): Max retries exceeded with url: /reddit/search/submission/?subreddit=UtahJazz&sort=created_utc&sort_type=desc&size=500 (Caused by NewConnectionError('<urllib3.connection.HTTPSConnection object at 0xffffa0056210>: Failed to establish a new connection: [Errno -2] Name or service not known'))
[2023-05-01T09:42:48.242+0000] {helpers.py:86} ERROR - HTTPSConnectionPool(host='api.pushshift.io', port=443): Max retries exceeded with url: /reddit/search/submission/?subreddit=UtahJazz&sort=created_utc&sort_type=desc&size=500 (Caused by NewConnectionError('<urllib3.connection.HTTPSConnection object at 0xffffa0056210>: Failed to establish a new connection: [Errno -2] Name or service not known'))
[2023-05-01T09:42:48.251+0000] {helpers.py:87} ERROR - Retrying! 0 attempts before skipping!
[2023-05-01T09:42:49.269+0000] {logging_mixin.py:137} INFO - HTTPSConnectionPool(host='api.pushshift.io', port=443): Max retries exceeded with url: /reddit/search/submission/?subreddit=UtahJazz&sort=created_utc&sort_type=desc&size=500 (Caused by NewConnectionError('<urllib3.connection.HTTPSConnection object at 0xffffa0056190>: Failed to establish a new connection: [Errno -2] Name or service not known'))
[2023-05-01T09:42:49.271+0000] {helpers.py:86} ERROR - HTTPSConnectionPool(host='api.pushshift.io', port=443): Max retries exceeded with url: /reddit/search/submission/?subreddit=UtahJazz&sort=created_utc&sort_type=desc&size=500 (Caused by NewConnectionError('<urllib3.connection.HTTPSConnection object at 0xffffa0056190>: Failed to establish a new connection: [Errno -2] Name or service not known'))
[2023-05-01T09:42:49.273+0000] {helpers.py:87} ERROR - Retrying! -1 attempts before skipping!
[2023-05-01T09:42:50.300+0000] {logging_mixin.py:137} INFO - HTTPSConnectionPool(host='api.pushshift.io', port=443): Max retries exceeded with url: /reddit/search/submission/?subreddit=washingtonwizards&sort=created_utc&sort_type=desc&size=500 (Caused by NewConnectionError('<urllib3.connection.HTTPSConnection object at 0xffffa00564d0>: Failed to establish a new connection: [Errno -2] Name or service not known'))
[2023-05-01T09:42:50.305+0000] {helpers.py:86} ERROR - HTTPSConnectionPool(host='api.pushshift.io', port=443): Max retries exceeded with url: /reddit/search/submission/?subreddit=washingtonwizards&sort=created_utc&sort_type=desc&size=500 (Caused by NewConnectionError('<urllib3.connection.HTTPSConnection object at 0xffffa00564d0>: Failed to establish a new connection: [Errno -2] Name or service not known'))
[2023-05-01T09:42:50.311+0000] {helpers.py:87} ERROR - Retrying! 9 attempts before skipping!
[2023-05-01T10:48:53.449+0000] {logging_mixin.py:137} INFO - HTTPSConnectionPool(host='api.pushshift.io', port=443): Max retries exceeded with url: /reddit/search/submission/?subreddit=washingtonwizards&sort=created_utc&sort_type=desc&size=500 (Caused by NewConnectionError('<urllib3.connection.HTTPSConnection object at 0xffffa00565d0>: Failed to establish a new connection: [Errno -2] Name or service not known'))
[2023-05-01T10:48:53.450+0000] {helpers.py:86} ERROR - HTTPSConnectionPool(host='api.pushshift.io', port=443): Max retries exceeded with url: /reddit/search/submission/?subreddit=washingtonwizards&sort=created_utc&sort_type=desc&size=500 (Caused by NewConnectionError('<urllib3.connection.HTTPSConnection object at 0xffffa00565d0>: Failed to establish a new connection: [Errno -2] Name or service not known'))
[2023-05-01T10:48:53.456+0000] {helpers.py:87} ERROR - Retrying! 8 attempts before skipping!
[2023-05-01T10:48:54.505+0000] {logging_mixin.py:137} INFO - HTTPSConnectionPool(host='api.pushshift.io', port=443): Max retries exceeded with url: /reddit/search/submission/?subreddit=washingtonwizards&sort=created_utc&sort_type=desc&size=500 (Caused by NewConnectionError('<urllib3.connection.HTTPSConnection object at 0xffffa0056850>: Failed to establish a new connection: [Errno -2] Name or service not known'))
[2023-05-01T10:48:54.511+0000] {helpers.py:86} ERROR - HTTPSConnectionPool(host='api.pushshift.io', port=443): Max retries exceeded with url: /reddit/search/submission/?subreddit=washingtonwizards&sort=created_utc&sort_type=desc&size=500 (Caused by NewConnectionError('<urllib3.connection.HTTPSConnection object at 0xffffa0056850>: Failed to establish a new connection: [Errno -2] Name or service not known'))
[2023-05-01T10:48:54.512+0000] {helpers.py:87} ERROR - Retrying! 7 attempts before skipping!
[2023-05-01T10:48:55.535+0000] {logging_mixin.py:137} INFO - HTTPSConnectionPool(host='api.pushshift.io', port=443): Max retries exceeded with url: /reddit/search/submission/?subreddit=washingtonwizards&sort=created_utc&sort_type=desc&size=500 (Caused by NewConnectionError('<urllib3.connection.HTTPSConnection object at 0xffffa00560d0>: Failed to establish a new connection: [Errno -2] Name or service not known'))
[2023-05-01T10:48:55.540+0000] {helpers.py:86} ERROR - HTTPSConnectionPool(host='api.pushshift.io', port=443): Max retries exceeded with url: /reddit/search/submission/?subreddit=washingtonwizards&sort=created_utc&sort_type=desc&size=500 (Caused by NewConnectionError('<urllib3.connection.HTTPSConnection object at 0xffffa00560d0>: Failed to establish a new connection: [Errno -2] Name or service not known'))
[2023-05-01T10:48:55.548+0000] {helpers.py:87} ERROR - Retrying! 6 attempts before skipping!
[2023-05-01T10:48:56.582+0000] {logging_mixin.py:137} INFO - HTTPSConnectionPool(host='api.pushshift.io', port=443): Max retries exceeded with url: /reddit/search/submission/?subreddit=washingtonwizards&sort=created_utc&sort_type=desc&size=500 (Caused by NewConnectionError('<urllib3.connection.HTTPSConnection object at 0xffffa0056310>: Failed to establish a new connection: [Errno -2] Name or service not known'))
[2023-05-01T10:48:56.589+0000] {helpers.py:86} ERROR - HTTPSConnectionPool(host='api.pushshift.io', port=443): Max retries exceeded with url: /reddit/search/submission/?subreddit=washingtonwizards&sort=created_utc&sort_type=desc&size=500 (Caused by NewConnectionError('<urllib3.connection.HTTPSConnection object at 0xffffa0056310>: Failed to establish a new connection: [Errno -2] Name or service not known'))
[2023-05-01T10:48:56.592+0000] {helpers.py:87} ERROR - Retrying! 5 attempts before skipping!
[2023-05-01T10:48:57.614+0000] {logging_mixin.py:137} INFO - HTTPSConnectionPool(host='api.pushshift.io', port=443): Max retries exceeded with url: /reddit/search/submission/?subreddit=washingtonwizards&sort=created_utc&sort_type=desc&size=500 (Caused by NewConnectionError('<urllib3.connection.HTTPSConnection object at 0xffffa0056190>: Failed to establish a new connection: [Errno -2] Name or service not known'))
[2023-05-01T10:48:57.618+0000] {helpers.py:86} ERROR - HTTPSConnectionPool(host='api.pushshift.io', port=443): Max retries exceeded with url: /reddit/search/submission/?subreddit=washingtonwizards&sort=created_utc&sort_type=desc&size=500 (Caused by NewConnectionError('<urllib3.connection.HTTPSConnection object at 0xffffa0056190>: Failed to establish a new connection: [Errno -2] Name or service not known'))
[2023-05-01T10:48:57.622+0000] {helpers.py:87} ERROR - Retrying! 4 attempts before skipping!
[2023-05-01T10:48:58.632+0000] {logging_mixin.py:137} INFO - HTTPSConnectionPool(host='api.pushshift.io', port=443): Max retries exceeded with url: /reddit/search/submission/?subreddit=washingtonwizards&sort=created_utc&sort_type=desc&size=500 (Caused by NewConnectionError('<urllib3.connection.HTTPSConnection object at 0xffffa0056110>: Failed to establish a new connection: [Errno -2] Name or service not known'))
[2023-05-01T10:48:58.638+0000] {helpers.py:86} ERROR - HTTPSConnectionPool(host='api.pushshift.io', port=443): Max retries exceeded with url: /reddit/search/submission/?subreddit=washingtonwizards&sort=created_utc&sort_type=desc&size=500 (Caused by NewConnectionError('<urllib3.connection.HTTPSConnection object at 0xffffa0056110>: Failed to establish a new connection: [Errno -2] Name or service not known'))
[2023-05-01T10:48:58.640+0000] {helpers.py:87} ERROR - Retrying! 3 attempts before skipping!
[2023-05-01T10:48:59.653+0000] {logging_mixin.py:137} INFO - HTTPSConnectionPool(host='api.pushshift.io', port=443): Max retries exceeded with url: /reddit/search/submission/?subreddit=washingtonwizards&sort=created_utc&sort_type=desc&size=500 (Caused by NewConnectionError('<urllib3.connection.HTTPSConnection object at 0xffffa0056a90>: Failed to establish a new connection: [Errno -2] Name or service not known'))
[2023-05-01T10:48:59.655+0000] {helpers.py:86} ERROR - HTTPSConnectionPool(host='api.pushshift.io', port=443): Max retries exceeded with url: /reddit/search/submission/?subreddit=washingtonwizards&sort=created_utc&sort_type=desc&size=500 (Caused by NewConnectionError('<urllib3.connection.HTTPSConnection object at 0xffffa0056a90>: Failed to establish a new connection: [Errno -2] Name or service not known'))
[2023-05-01T10:48:59.659+0000] {helpers.py:87} ERROR - Retrying! 2 attempts before skipping!
[2023-05-01T10:49:00.677+0000] {logging_mixin.py:137} INFO - HTTPSConnectionPool(host='api.pushshift.io', port=443): Max retries exceeded with url: /reddit/search/submission/?subreddit=washingtonwizards&sort=created_utc&sort_type=desc&size=500 (Caused by NewConnectionError('<urllib3.connection.HTTPSConnection object at 0xffffa0056b90>: Failed to establish a new connection: [Errno -2] Name or service not known'))
[2023-05-01T10:49:00.679+0000] {helpers.py:86} ERROR - HTTPSConnectionPool(host='api.pushshift.io', port=443): Max retries exceeded with url: /reddit/search/submission/?subreddit=washingtonwizards&sort=created_utc&sort_type=desc&size=500 (Caused by NewConnectionError('<urllib3.connection.HTTPSConnection object at 0xffffa0056b90>: Failed to establish a new connection: [Errno -2] Name or service not known'))
[2023-05-01T10:49:00.681+0000] {helpers.py:87} ERROR - Retrying! 1 attempts before skipping!
[2023-05-01T10:49:01.698+0000] {logging_mixin.py:137} INFO - HTTPSConnectionPool(host='api.pushshift.io', port=443): Max retries exceeded with url: /reddit/search/submission/?subreddit=washingtonwizards&sort=created_utc&sort_type=desc&size=500 (Caused by NewConnectionError('<urllib3.connection.HTTPSConnection object at 0xffffa0056350>: Failed to establish a new connection: [Errno -2] Name or service not known'))
[2023-05-01T10:49:01.699+0000] {helpers.py:86} ERROR - HTTPSConnectionPool(host='api.pushshift.io', port=443): Max retries exceeded with url: /reddit/search/submission/?subreddit=washingtonwizards&sort=created_utc&sort_type=desc&size=500 (Caused by NewConnectionError('<urllib3.connection.HTTPSConnection object at 0xffffa0056350>: Failed to establish a new connection: [Errno -2] Name or service not known'))
[2023-05-01T10:49:01.701+0000] {helpers.py:87} ERROR - Retrying! 0 attempts before skipping!
[2023-05-01T10:49:01.698+0000] {local_task_job.py:277} WARNING - State of this instance has been externally set to failed. Terminating instance.
[2023-05-01T10:49:01.713+0000] {process_utils.py:133} INFO - Sending Signals.SIGTERM to group 5707. PIDs of all processes in the group: [5707]
[2023-05-01T10:49:01.714+0000] {process_utils.py:84} INFO - Sending the signal Signals.SIGTERM to group 5707
[2023-05-01T10:49:01.715+0000] {taskinstance.py:1488} ERROR - Received SIGTERM. Terminating subprocesses.
[2023-05-01T10:49:01.812+0000] {process_utils.py:79} INFO - Process psutil.Process(pid=5707, status='terminated', exitcode=0, started='08:37:09') (5707) terminated with exit code 0
