[2023-05-02T18:30:34.199+0000] {taskinstance.py:1090} INFO - Dependencies all met for dep_context=non-requeueable deps ti=<TaskInstance: scrape_and_save_to_csv.join_csv scheduled__2023-05-02T17:30:00+00:00 [queued]>
[2023-05-02T18:30:34.207+0000] {taskinstance.py:1090} INFO - Dependencies all met for dep_context=requeueable deps ti=<TaskInstance: scrape_and_save_to_csv.join_csv scheduled__2023-05-02T17:30:00+00:00 [queued]>
[2023-05-02T18:30:34.208+0000] {taskinstance.py:1288} INFO - 
--------------------------------------------------------------------------------
[2023-05-02T18:30:34.209+0000] {taskinstance.py:1289} INFO - Starting attempt 1 of 1
[2023-05-02T18:30:34.210+0000] {taskinstance.py:1290} INFO - 
--------------------------------------------------------------------------------
[2023-05-02T18:30:34.219+0000] {taskinstance.py:1309} INFO - Executing <Task(PythonOperator): join_csv> on 2023-05-02 17:30:00+00:00
[2023-05-02T18:30:34.225+0000] {standard_task_runner.py:55} INFO - Started process 23005 to run task
[2023-05-02T18:30:34.229+0000] {standard_task_runner.py:82} INFO - Running: ['***', 'tasks', 'run', 'scrape_and_save_to_csv', 'join_csv', 'scheduled__2023-05-02T17:30:00+00:00', '--job-id', '2248', '--raw', '--subdir', 'DAGS_FOLDER/scrape_and_save_csv_dag.py', '--cfg-path', '/tmp/tmpvr9w2utj']
[2023-05-02T18:30:34.232+0000] {standard_task_runner.py:83} INFO - Job 2248: Subtask join_csv
[2023-05-02T18:30:34.323+0000] {task_command.py:389} INFO - Running <TaskInstance: scrape_and_save_to_csv.join_csv scheduled__2023-05-02T17:30:00+00:00 [running]> on host 5d4cd8acb346
[2023-05-02T18:30:34.378+0000] {taskinstance.py:1518} INFO - Exporting the following env vars:
AIRFLOW_CTX_DAG_OWNER=***
AIRFLOW_CTX_DAG_ID=scrape_and_save_to_csv
AIRFLOW_CTX_TASK_ID=join_csv
AIRFLOW_CTX_EXECUTION_DATE=2023-05-02T17:30:00+00:00
AIRFLOW_CTX_TRY_NUMBER=1
AIRFLOW_CTX_DAG_RUN_ID=scheduled__2023-05-02T17:30:00+00:00
[2023-05-02T18:30:34.530+0000] {python.py:177} INFO - Done. Returned value was: None
[2023-05-02T18:30:34.542+0000] {taskinstance.py:1332} INFO - Marking task as SUCCESS. dag_id=scrape_and_save_to_csv, task_id=join_csv, execution_date=20230502T173000, start_date=20230502T183034, end_date=20230502T183034
[2023-05-02T18:30:34.605+0000] {local_task_job.py:212} INFO - Task exited with return code 0
[2023-05-02T18:30:34.624+0000] {taskinstance.py:2596} INFO - 1 downstream tasks scheduled from follow-on schedule check
