[2023-05-10T02:07:57.400+0000] {taskinstance.py:1090} INFO - Dependencies all met for dep_context=non-requeueable deps ti=<TaskInstance: scrape_and_save_to_csv.scrape_teams_1-8 scheduled__2022-05-05T23:00:00+00:00 [queued]>
[2023-05-10T02:07:57.411+0000] {taskinstance.py:1090} INFO - Dependencies all met for dep_context=requeueable deps ti=<TaskInstance: scrape_and_save_to_csv.scrape_teams_1-8 scheduled__2022-05-05T23:00:00+00:00 [queued]>
[2023-05-10T02:07:57.412+0000] {taskinstance.py:1288} INFO - 
--------------------------------------------------------------------------------
[2023-05-10T02:07:57.413+0000] {taskinstance.py:1289} INFO - Starting attempt 1 of 1
[2023-05-10T02:07:57.415+0000] {taskinstance.py:1290} INFO - 
--------------------------------------------------------------------------------
[2023-05-10T02:07:57.432+0000] {taskinstance.py:1309} INFO - Executing <Task(PythonOperator): scrape_teams_1-8> on 2022-05-05 23:00:00+00:00
[2023-05-10T02:07:57.443+0000] {standard_task_runner.py:55} INFO - Started process 17152 to run task
[2023-05-10T02:07:57.448+0000] {standard_task_runner.py:82} INFO - Running: ['***', 'tasks', 'run', 'scrape_and_save_to_csv', 'scrape_teams_1-8', 'scheduled__2022-05-05T23:00:00+00:00', '--job-id', '3997', '--raw', '--subdir', 'DAGS_FOLDER/scrape_and_push_dag.py', '--cfg-path', '/tmp/tmp3zlgcxk5']
[2023-05-10T02:07:57.467+0000] {standard_task_runner.py:83} INFO - Job 3997: Subtask scrape_teams_1-8
[2023-05-10T02:07:57.570+0000] {task_command.py:389} INFO - Running <TaskInstance: scrape_and_save_to_csv.scrape_teams_1-8 scheduled__2022-05-05T23:00:00+00:00 [running]> on host f41dbfa3d325
[2023-05-10T02:07:57.617+0000] {warnings.py:110} WARNING - /home/***/.local/lib/python3.7/site-packages/***/utils/context.py:205: AirflowContextDeprecationWarning: Accessing 'execution_date' from the template is deprecated and will be removed in a future version. Please use 'data_interval_start' or 'logical_date' instead.
  warnings.warn(_create_deprecation_warning(key, self._deprecation_replacements[key]))

[2023-05-10T02:07:57.664+0000] {taskinstance.py:1518} INFO - Exporting the following env vars:
AIRFLOW_CTX_DAG_OWNER=***
AIRFLOW_CTX_DAG_ID=scrape_and_save_to_csv
AIRFLOW_CTX_TASK_ID=scrape_teams_1-8
AIRFLOW_CTX_EXECUTION_DATE=2022-05-05T23:00:00+00:00
AIRFLOW_CTX_TRY_NUMBER=1
AIRFLOW_CTX_DAG_RUN_ID=scheduled__2022-05-05T23:00:00+00:00
[2023-05-10T02:07:59.260+0000] {helpers.py:97} ERROR - type object 'datetime.datetime' has no attribute 'datetime'
[2023-05-10T02:07:59.281+0000] {helpers.py:98} ERROR - Retrying! 9 attempts before skipping!
[2023-05-10T02:08:00.968+0000] {helpers.py:97} ERROR - type object 'datetime.datetime' has no attribute 'datetime'
[2023-05-10T02:08:00.970+0000] {helpers.py:98} ERROR - Retrying! 8 attempts before skipping!
[2023-05-10T02:08:03.630+0000] {helpers.py:97} ERROR - type object 'datetime.datetime' has no attribute 'datetime'
[2023-05-10T02:08:03.631+0000] {helpers.py:98} ERROR - Retrying! 7 attempts before skipping!
[2023-05-10T02:08:06.810+0000] {helpers.py:97} ERROR - type object 'datetime.datetime' has no attribute 'datetime'
[2023-05-10T02:08:06.814+0000] {helpers.py:98} ERROR - Retrying! 6 attempts before skipping!
[2023-05-10T02:08:10.606+0000] {helpers.py:97} ERROR - type object 'datetime.datetime' has no attribute 'datetime'
[2023-05-10T02:08:10.607+0000] {helpers.py:98} ERROR - Retrying! 5 attempts before skipping!
[2023-05-10T02:08:15.107+0000] {helpers.py:97} ERROR - type object 'datetime.datetime' has no attribute 'datetime'
[2023-05-10T02:08:15.111+0000] {helpers.py:98} ERROR - Retrying! 4 attempts before skipping!
[2023-05-10T02:08:18.861+0000] {helpers.py:97} ERROR - type object 'datetime.datetime' has no attribute 'datetime'
[2023-05-10T02:08:18.863+0000] {helpers.py:98} ERROR - Retrying! 3 attempts before skipping!
[2023-05-10T02:08:22.599+0000] {helpers.py:97} ERROR - type object 'datetime.datetime' has no attribute 'datetime'
[2023-05-10T02:08:22.603+0000] {helpers.py:98} ERROR - Retrying! 2 attempts before skipping!
[2023-05-10T02:08:26.744+0000] {helpers.py:97} ERROR - type object 'datetime.datetime' has no attribute 'datetime'
[2023-05-10T02:08:26.747+0000] {helpers.py:98} ERROR - Retrying! 1 attempts before skipping!
[2023-05-10T02:08:30.496+0000] {helpers.py:97} ERROR - type object 'datetime.datetime' has no attribute 'datetime'
[2023-05-10T02:08:30.500+0000] {helpers.py:98} ERROR - Retrying! 0 attempts before skipping!
[2023-05-10T02:08:34.797+0000] {helpers.py:97} ERROR - type object 'datetime.datetime' has no attribute 'datetime'
[2023-05-10T02:08:34.800+0000] {helpers.py:98} ERROR - Retrying! -1 attempts before skipping!
[2023-05-10T02:08:38.666+0000] {helpers.py:97} ERROR - type object 'datetime.datetime' has no attribute 'datetime'
[2023-05-10T02:08:38.667+0000] {helpers.py:98} ERROR - Retrying! 9 attempts before skipping!
[2023-05-10T02:08:42.807+0000] {helpers.py:97} ERROR - type object 'datetime.datetime' has no attribute 'datetime'
[2023-05-10T02:08:42.811+0000] {helpers.py:98} ERROR - Retrying! 8 attempts before skipping!
[2023-05-10T02:08:46.555+0000] {helpers.py:97} ERROR - type object 'datetime.datetime' has no attribute 'datetime'
[2023-05-10T02:08:46.556+0000] {helpers.py:98} ERROR - Retrying! 7 attempts before skipping!
[2023-05-10T02:08:50.912+0000] {helpers.py:97} ERROR - type object 'datetime.datetime' has no attribute 'datetime'
[2023-05-10T02:08:50.913+0000] {helpers.py:98} ERROR - Retrying! 6 attempts before skipping!
[2023-05-10T02:08:54.918+0000] {helpers.py:97} ERROR - type object 'datetime.datetime' has no attribute 'datetime'
[2023-05-10T02:08:54.921+0000] {helpers.py:98} ERROR - Retrying! 5 attempts before skipping!
[2023-05-10T02:08:58.472+0000] {helpers.py:97} ERROR - type object 'datetime.datetime' has no attribute 'datetime'
[2023-05-10T02:08:58.473+0000] {helpers.py:98} ERROR - Retrying! 4 attempts before skipping!
[2023-05-10T02:09:02.665+0000] {helpers.py:97} ERROR - type object 'datetime.datetime' has no attribute 'datetime'
[2023-05-10T02:09:02.668+0000] {helpers.py:98} ERROR - Retrying! 3 attempts before skipping!
[2023-05-10T02:09:06.317+0000] {helpers.py:97} ERROR - type object 'datetime.datetime' has no attribute 'datetime'
[2023-05-10T02:09:06.320+0000] {helpers.py:98} ERROR - Retrying! 2 attempts before skipping!
[2023-05-10T02:09:10.482+0000] {helpers.py:97} ERROR - type object 'datetime.datetime' has no attribute 'datetime'
[2023-05-10T02:09:10.485+0000] {helpers.py:98} ERROR - Retrying! 1 attempts before skipping!
[2023-05-10T02:09:14.697+0000] {helpers.py:97} ERROR - type object 'datetime.datetime' has no attribute 'datetime'
[2023-05-10T02:09:14.699+0000] {helpers.py:98} ERROR - Retrying! 0 attempts before skipping!
[2023-05-10T02:09:18.399+0000] {helpers.py:97} ERROR - type object 'datetime.datetime' has no attribute 'datetime'
[2023-05-10T02:09:18.402+0000] {helpers.py:98} ERROR - Retrying! -1 attempts before skipping!
[2023-05-10T02:09:22.842+0000] {helpers.py:97} ERROR - type object 'datetime.datetime' has no attribute 'datetime'
[2023-05-10T02:09:22.844+0000] {helpers.py:98} ERROR - Retrying! 9 attempts before skipping!
[2023-05-10T02:09:27.103+0000] {helpers.py:97} ERROR - type object 'datetime.datetime' has no attribute 'datetime'
[2023-05-10T02:09:27.104+0000] {helpers.py:98} ERROR - Retrying! 8 attempts before skipping!
[2023-05-10T02:09:30.857+0000] {helpers.py:97} ERROR - type object 'datetime.datetime' has no attribute 'datetime'
[2023-05-10T02:09:30.861+0000] {helpers.py:98} ERROR - Retrying! 7 attempts before skipping!
[2023-05-10T02:09:34.603+0000] {helpers.py:97} ERROR - type object 'datetime.datetime' has no attribute 'datetime'
[2023-05-10T02:09:34.606+0000] {helpers.py:98} ERROR - Retrying! 6 attempts before skipping!
[2023-05-10T02:09:38.927+0000] {helpers.py:97} ERROR - type object 'datetime.datetime' has no attribute 'datetime'
[2023-05-10T02:09:38.932+0000] {helpers.py:98} ERROR - Retrying! 5 attempts before skipping!
[2023-05-10T02:09:42.690+0000] {helpers.py:97} ERROR - type object 'datetime.datetime' has no attribute 'datetime'
[2023-05-10T02:09:42.693+0000] {helpers.py:98} ERROR - Retrying! 4 attempts before skipping!
[2023-05-10T02:09:46.562+0000] {helpers.py:97} ERROR - type object 'datetime.datetime' has no attribute 'datetime'
[2023-05-10T02:09:46.564+0000] {helpers.py:98} ERROR - Retrying! 3 attempts before skipping!
[2023-05-10T02:09:50.691+0000] {helpers.py:97} ERROR - type object 'datetime.datetime' has no attribute 'datetime'
[2023-05-10T02:09:50.694+0000] {helpers.py:98} ERROR - Retrying! 2 attempts before skipping!
[2023-05-10T02:09:54.421+0000] {helpers.py:97} ERROR - type object 'datetime.datetime' has no attribute 'datetime'
[2023-05-10T02:09:54.423+0000] {helpers.py:98} ERROR - Retrying! 1 attempts before skipping!
[2023-05-10T02:10:02.194+0000] {helpers.py:97} ERROR - type object 'datetime.datetime' has no attribute 'datetime'
[2023-05-10T02:10:02.198+0000] {helpers.py:98} ERROR - Retrying! 0 attempts before skipping!
[2023-05-10T02:10:04.191+0000] {helpers.py:97} ERROR - type object 'datetime.datetime' has no attribute 'datetime'
[2023-05-10T02:10:04.194+0000] {helpers.py:98} ERROR - Retrying! -1 attempts before skipping!
[2023-05-10T02:10:07.149+0000] {helpers.py:97} ERROR - type object 'datetime.datetime' has no attribute 'datetime'
[2023-05-10T02:10:07.152+0000] {helpers.py:98} ERROR - Retrying! 9 attempts before skipping!
[2023-05-10T02:10:10.247+0000] {helpers.py:97} ERROR - type object 'datetime.datetime' has no attribute 'datetime'
[2023-05-10T02:10:10.248+0000] {helpers.py:98} ERROR - Retrying! 8 attempts before skipping!
[2023-05-10T02:10:14.135+0000] {helpers.py:97} ERROR - type object 'datetime.datetime' has no attribute 'datetime'
[2023-05-10T02:10:14.137+0000] {helpers.py:98} ERROR - Retrying! 7 attempts before skipping!
[2023-05-10T02:10:17.872+0000] {helpers.py:97} ERROR - type object 'datetime.datetime' has no attribute 'datetime'
[2023-05-10T02:10:17.875+0000] {helpers.py:98} ERROR - Retrying! 6 attempts before skipping!
[2023-05-10T02:10:21.888+0000] {helpers.py:97} ERROR - type object 'datetime.datetime' has no attribute 'datetime'
[2023-05-10T02:10:21.890+0000] {helpers.py:98} ERROR - Retrying! 5 attempts before skipping!
[2023-05-10T02:10:26.179+0000] {helpers.py:97} ERROR - type object 'datetime.datetime' has no attribute 'datetime'
[2023-05-10T02:10:26.183+0000] {helpers.py:98} ERROR - Retrying! 4 attempts before skipping!
[2023-05-10T02:10:29.936+0000] {helpers.py:97} ERROR - type object 'datetime.datetime' has no attribute 'datetime'
[2023-05-10T02:10:29.938+0000] {helpers.py:98} ERROR - Retrying! 3 attempts before skipping!
[2023-05-10T02:10:33.749+0000] {helpers.py:97} ERROR - type object 'datetime.datetime' has no attribute 'datetime'
[2023-05-10T02:10:33.760+0000] {helpers.py:98} ERROR - Retrying! 2 attempts before skipping!
[2023-05-10T02:10:37.408+0000] {helpers.py:97} ERROR - type object 'datetime.datetime' has no attribute 'datetime'
[2023-05-10T02:10:37.410+0000] {helpers.py:98} ERROR - Retrying! 1 attempts before skipping!
[2023-05-10T02:12:22.187+0000] {helpers.py:97} ERROR - type object 'datetime.datetime' has no attribute 'datetime'
[2023-05-10T02:12:22.192+0000] {helpers.py:98} ERROR - Retrying! 0 attempts before skipping!
[2023-05-10T02:12:24.008+0000] {helpers.py:97} ERROR - type object 'datetime.datetime' has no attribute 'datetime'
[2023-05-10T02:12:24.012+0000] {helpers.py:98} ERROR - Retrying! -1 attempts before skipping!
[2023-05-10T02:12:25.719+0000] {helpers.py:97} ERROR - type object 'datetime.datetime' has no attribute 'datetime'
[2023-05-10T02:12:25.720+0000] {helpers.py:98} ERROR - Retrying! 9 attempts before skipping!
[2023-05-10T02:12:27.442+0000] {helpers.py:97} ERROR - type object 'datetime.datetime' has no attribute 'datetime'
[2023-05-10T02:12:27.444+0000] {helpers.py:98} ERROR - Retrying! 8 attempts before skipping!
[2023-05-10T02:12:29.207+0000] {helpers.py:97} ERROR - type object 'datetime.datetime' has no attribute 'datetime'
[2023-05-10T02:12:29.209+0000] {helpers.py:98} ERROR - Retrying! 7 attempts before skipping!
[2023-05-10T02:12:30.963+0000] {helpers.py:97} ERROR - type object 'datetime.datetime' has no attribute 'datetime'
[2023-05-10T02:12:30.973+0000] {helpers.py:98} ERROR - Retrying! 6 attempts before skipping!
[2023-05-10T02:12:32.697+0000] {helpers.py:97} ERROR - type object 'datetime.datetime' has no attribute 'datetime'
[2023-05-10T02:12:32.698+0000] {helpers.py:98} ERROR - Retrying! 5 attempts before skipping!
[2023-05-10T02:12:34.546+0000] {helpers.py:97} ERROR - type object 'datetime.datetime' has no attribute 'datetime'
[2023-05-10T02:12:34.549+0000] {helpers.py:98} ERROR - Retrying! 4 attempts before skipping!
[2023-05-10T02:12:36.312+0000] {helpers.py:97} ERROR - type object 'datetime.datetime' has no attribute 'datetime'
[2023-05-10T02:12:36.313+0000] {helpers.py:98} ERROR - Retrying! 3 attempts before skipping!
[2023-05-10T02:12:38.056+0000] {helpers.py:97} ERROR - type object 'datetime.datetime' has no attribute 'datetime'
[2023-05-10T02:12:38.057+0000] {helpers.py:98} ERROR - Retrying! 2 attempts before skipping!
[2023-05-10T02:12:40.136+0000] {helpers.py:97} ERROR - type object 'datetime.datetime' has no attribute 'datetime'
[2023-05-10T02:12:40.138+0000] {helpers.py:98} ERROR - Retrying! 1 attempts before skipping!
[2023-05-10T02:12:42.051+0000] {helpers.py:97} ERROR - type object 'datetime.datetime' has no attribute 'datetime'
[2023-05-10T02:12:42.054+0000] {helpers.py:98} ERROR - Retrying! 0 attempts before skipping!
[2023-05-10T02:12:43.834+0000] {helpers.py:97} ERROR - type object 'datetime.datetime' has no attribute 'datetime'
[2023-05-10T02:12:43.835+0000] {helpers.py:98} ERROR - Retrying! -1 attempts before skipping!
[2023-05-10T02:12:45.597+0000] {helpers.py:97} ERROR - type object 'datetime.datetime' has no attribute 'datetime'
[2023-05-10T02:12:45.600+0000] {helpers.py:98} ERROR - Retrying! 9 attempts before skipping!
[2023-05-10T02:12:47.282+0000] {helpers.py:97} ERROR - type object 'datetime.datetime' has no attribute 'datetime'
[2023-05-10T02:12:47.284+0000] {helpers.py:98} ERROR - Retrying! 8 attempts before skipping!
[2023-05-10T02:12:48.924+0000] {helpers.py:97} ERROR - type object 'datetime.datetime' has no attribute 'datetime'
[2023-05-10T02:12:48.926+0000] {helpers.py:98} ERROR - Retrying! 7 attempts before skipping!
[2023-05-10T02:12:50.638+0000] {helpers.py:97} ERROR - type object 'datetime.datetime' has no attribute 'datetime'
[2023-05-10T02:12:50.639+0000] {helpers.py:98} ERROR - Retrying! 6 attempts before skipping!
[2023-05-10T02:12:52.293+0000] {helpers.py:97} ERROR - type object 'datetime.datetime' has no attribute 'datetime'
[2023-05-10T02:12:52.294+0000] {helpers.py:98} ERROR - Retrying! 5 attempts before skipping!
[2023-05-10T02:12:53.953+0000] {helpers.py:97} ERROR - type object 'datetime.datetime' has no attribute 'datetime'
[2023-05-10T02:12:53.955+0000] {helpers.py:98} ERROR - Retrying! 4 attempts before skipping!
[2023-05-10T02:12:55.769+0000] {helpers.py:97} ERROR - type object 'datetime.datetime' has no attribute 'datetime'
[2023-05-10T02:12:55.770+0000] {helpers.py:98} ERROR - Retrying! 3 attempts before skipping!
[2023-05-10T02:12:57.467+0000] {helpers.py:97} ERROR - type object 'datetime.datetime' has no attribute 'datetime'
[2023-05-10T02:12:57.468+0000] {helpers.py:98} ERROR - Retrying! 2 attempts before skipping!
[2023-05-10T02:12:59.207+0000] {helpers.py:97} ERROR - type object 'datetime.datetime' has no attribute 'datetime'
[2023-05-10T02:12:59.208+0000] {helpers.py:98} ERROR - Retrying! 1 attempts before skipping!
[2023-05-10T02:13:00.853+0000] {helpers.py:97} ERROR - type object 'datetime.datetime' has no attribute 'datetime'
[2023-05-10T02:13:00.855+0000] {helpers.py:98} ERROR - Retrying! 0 attempts before skipping!
[2023-05-10T02:13:02.579+0000] {helpers.py:97} ERROR - type object 'datetime.datetime' has no attribute 'datetime'
[2023-05-10T02:13:02.582+0000] {helpers.py:98} ERROR - Retrying! -1 attempts before skipping!
[2023-05-10T02:13:04.413+0000] {helpers.py:97} ERROR - type object 'datetime.datetime' has no attribute 'datetime'
[2023-05-10T02:13:04.416+0000] {helpers.py:98} ERROR - Retrying! 9 attempts before skipping!
[2023-05-10T02:13:06.231+0000] {helpers.py:97} ERROR - type object 'datetime.datetime' has no attribute 'datetime'
[2023-05-10T02:13:06.241+0000] {helpers.py:98} ERROR - Retrying! 8 attempts before skipping!
[2023-05-10T02:13:08.008+0000] {helpers.py:97} ERROR - type object 'datetime.datetime' has no attribute 'datetime'
[2023-05-10T02:13:08.029+0000] {helpers.py:98} ERROR - Retrying! 7 attempts before skipping!
[2023-05-10T02:13:09.848+0000] {helpers.py:97} ERROR - type object 'datetime.datetime' has no attribute 'datetime'
[2023-05-10T02:13:09.850+0000] {helpers.py:98} ERROR - Retrying! 6 attempts before skipping!
[2023-05-10T02:13:11.637+0000] {helpers.py:97} ERROR - type object 'datetime.datetime' has no attribute 'datetime'
[2023-05-10T02:13:11.639+0000] {helpers.py:98} ERROR - Retrying! 5 attempts before skipping!
[2023-05-10T02:13:13.416+0000] {helpers.py:97} ERROR - type object 'datetime.datetime' has no attribute 'datetime'
[2023-05-10T02:13:13.419+0000] {helpers.py:98} ERROR - Retrying! 4 attempts before skipping!
[2023-05-10T02:13:15.168+0000] {helpers.py:97} ERROR - type object 'datetime.datetime' has no attribute 'datetime'
[2023-05-10T02:13:15.170+0000] {helpers.py:98} ERROR - Retrying! 3 attempts before skipping!
[2023-05-10T02:13:16.886+0000] {helpers.py:97} ERROR - type object 'datetime.datetime' has no attribute 'datetime'
[2023-05-10T02:13:16.888+0000] {helpers.py:98} ERROR - Retrying! 2 attempts before skipping!
[2023-05-10T02:13:18.521+0000] {helpers.py:97} ERROR - type object 'datetime.datetime' has no attribute 'datetime'
[2023-05-10T02:13:18.523+0000] {helpers.py:98} ERROR - Retrying! 1 attempts before skipping!
[2023-05-10T02:13:20.242+0000] {helpers.py:97} ERROR - type object 'datetime.datetime' has no attribute 'datetime'
[2023-05-10T02:13:20.243+0000] {helpers.py:98} ERROR - Retrying! 0 attempts before skipping!
[2023-05-10T02:13:22.123+0000] {helpers.py:97} ERROR - type object 'datetime.datetime' has no attribute 'datetime'
[2023-05-10T02:13:22.125+0000] {helpers.py:98} ERROR - Retrying! -1 attempts before skipping!
[2023-05-10T02:13:23.782+0000] {helpers.py:97} ERROR - type object 'datetime.datetime' has no attribute 'datetime'
[2023-05-10T02:13:23.785+0000] {helpers.py:98} ERROR - Retrying! 9 attempts before skipping!
[2023-05-10T02:13:25.462+0000] {helpers.py:97} ERROR - type object 'datetime.datetime' has no attribute 'datetime'
[2023-05-10T02:13:25.464+0000] {helpers.py:98} ERROR - Retrying! 8 attempts before skipping!
[2023-05-10T02:13:27.066+0000] {helpers.py:97} ERROR - type object 'datetime.datetime' has no attribute 'datetime'
[2023-05-10T02:13:27.068+0000] {helpers.py:98} ERROR - Retrying! 7 attempts before skipping!
[2023-05-10T02:13:28.716+0000] {helpers.py:97} ERROR - type object 'datetime.datetime' has no attribute 'datetime'
[2023-05-10T02:13:28.718+0000] {helpers.py:98} ERROR - Retrying! 6 attempts before skipping!
[2023-05-10T02:13:30.423+0000] {helpers.py:97} ERROR - type object 'datetime.datetime' has no attribute 'datetime'
[2023-05-10T02:13:30.425+0000] {helpers.py:98} ERROR - Retrying! 5 attempts before skipping!
[2023-05-10T02:13:32.165+0000] {helpers.py:97} ERROR - type object 'datetime.datetime' has no attribute 'datetime'
[2023-05-10T02:13:32.167+0000] {helpers.py:98} ERROR - Retrying! 4 attempts before skipping!
[2023-05-10T02:13:33.733+0000] {helpers.py:97} ERROR - type object 'datetime.datetime' has no attribute 'datetime'
[2023-05-10T02:13:33.735+0000] {helpers.py:98} ERROR - Retrying! 3 attempts before skipping!
[2023-05-10T02:13:35.749+0000] {helpers.py:97} ERROR - type object 'datetime.datetime' has no attribute 'datetime'
[2023-05-10T02:13:35.752+0000] {helpers.py:98} ERROR - Retrying! 2 attempts before skipping!
[2023-05-10T02:13:37.453+0000] {helpers.py:97} ERROR - type object 'datetime.datetime' has no attribute 'datetime'
[2023-05-10T02:13:37.455+0000] {helpers.py:98} ERROR - Retrying! 1 attempts before skipping!
[2023-05-10T02:13:39.138+0000] {helpers.py:97} ERROR - type object 'datetime.datetime' has no attribute 'datetime'
[2023-05-10T02:13:39.151+0000] {helpers.py:98} ERROR - Retrying! 0 attempts before skipping!
[2023-05-10T02:13:40.840+0000] {helpers.py:97} ERROR - type object 'datetime.datetime' has no attribute 'datetime'
[2023-05-10T02:13:40.842+0000] {helpers.py:98} ERROR - Retrying! -1 attempts before skipping!
[2023-05-10T02:13:41.852+0000] {helpers.py:107} INFO - Saved in /opt/***/data/output_scrape_teams_1-8.csv
[2023-05-10T02:13:41.854+0000] {python.py:177} INFO - Done. Returned value was: None
[2023-05-10T02:13:41.882+0000] {taskinstance.py:1332} INFO - Marking task as SUCCESS. dag_id=scrape_and_save_to_csv, task_id=scrape_teams_1-8, execution_date=20220505T230000, start_date=20230510T020757, end_date=20230510T021341
[2023-05-10T02:13:41.986+0000] {local_task_job.py:212} INFO - Task exited with return code 0
[2023-05-10T02:13:42.027+0000] {taskinstance.py:2596} INFO - 0 downstream tasks scheduled from follow-on schedule check
