[2023-04-30T02:32:36.599+0000] {taskinstance.py:1090} INFO - Dependencies all met for dep_context=non-requeueable deps ti=<TaskInstance: scrape_and_save_to_csv.scrape_teams_25-30 scheduled__2023-04-30T01:30:00+00:00 [queued]>
[2023-04-30T02:32:36.675+0000] {taskinstance.py:1090} INFO - Dependencies all met for dep_context=requeueable deps ti=<TaskInstance: scrape_and_save_to_csv.scrape_teams_25-30 scheduled__2023-04-30T01:30:00+00:00 [queued]>
[2023-04-30T02:32:36.682+0000] {taskinstance.py:1288} INFO - 
--------------------------------------------------------------------------------
[2023-04-30T02:32:36.688+0000] {taskinstance.py:1289} INFO - Starting attempt 1 of 1
[2023-04-30T02:32:36.717+0000] {taskinstance.py:1290} INFO - 
--------------------------------------------------------------------------------
[2023-04-30T02:32:36.813+0000] {taskinstance.py:1309} INFO - Executing <Task(PythonOperator): scrape_teams_25-30> on 2023-04-30 01:30:00+00:00
[2023-04-30T02:32:36.873+0000] {standard_task_runner.py:55} INFO - Started process 3171 to run task
[2023-04-30T02:32:36.908+0000] {standard_task_runner.py:82} INFO - Running: ['***', 'tasks', 'run', 'scrape_and_save_to_csv', 'scrape_teams_25-30', 'scheduled__2023-04-30T01:30:00+00:00', '--job-id', '1854', '--raw', '--subdir', 'DAGS_FOLDER/scrape_and_save_csv_dag.py', '--cfg-path', '/tmp/tmpwrnphz9q']
[2023-04-30T02:32:36.943+0000] {standard_task_runner.py:83} INFO - Job 1854: Subtask scrape_teams_25-30
[2023-04-30T02:32:37.372+0000] {task_command.py:389} INFO - Running <TaskInstance: scrape_and_save_to_csv.scrape_teams_25-30 scheduled__2023-04-30T01:30:00+00:00 [running]> on host b5cee175690f
[2023-04-30T02:32:37.652+0000] {taskinstance.py:1518} INFO - Exporting the following env vars:
AIRFLOW_CTX_DAG_OWNER=***
AIRFLOW_CTX_DAG_ID=scrape_and_save_to_csv
AIRFLOW_CTX_TASK_ID=scrape_teams_25-30
AIRFLOW_CTX_EXECUTION_DATE=2023-04-30T01:30:00+00:00
AIRFLOW_CTX_TRY_NUMBER=1
AIRFLOW_CTX_DAG_RUN_ID=scheduled__2023-04-30T01:30:00+00:00
[2023-04-30T02:32:38.765+0000] {warnings.py:110} WARNING - /home/***/.local/lib/python3.7/site-packages/***/utils/context.py:313: AirflowContextDeprecationWarning: Accessing 'execution_date' from the template is deprecated and will be removed in a future version. Please use 'data_interval_start' or 'logical_date' instead.
  warnings.warn(_create_deprecation_warning(k, replacements))

[2023-04-30T02:32:38.772+0000] {helpers.py:69} INFO - Blazers: Successfully scraped!
[2023-04-30T02:32:40.471+0000] {helpers.py:73} ERROR - ('Connection broken: IncompleteRead(706 bytes read, 9534 more expected)', IncompleteRead(706 bytes read, 9534 more expected))
[2023-04-30T02:32:40.691+0000] {helpers.py:74} ERROR - Retrying! 9 attempts before skipping!
[2023-04-30T02:32:44.202+0000] {helpers.py:69} INFO - Kings: Successfully scraped!
[2023-04-30T02:32:45.056+0000] {helpers.py:69} INFO - Spurs: Successfully scraped!
[2023-04-30T02:32:46.381+0000] {helpers.py:69} INFO - Raptors: Successfully scraped!
[2023-04-30T02:32:49.220+0000] {helpers.py:69} INFO - Jazz: Successfully scraped!
[2023-04-30T02:32:50.102+0000] {helpers.py:69} INFO - Wizards: Successfully scraped!
[2023-04-30T02:32:50.115+0000] {helpers.py:83} INFO - Saved in /opt/***/data/output_scrape_teams_25-30.csv
[2023-04-30T02:32:50.119+0000] {python.py:177} INFO - Done. Returned value was: None
[2023-04-30T02:32:50.157+0000] {taskinstance.py:1332} INFO - Marking task as SUCCESS. dag_id=scrape_and_save_to_csv, task_id=scrape_teams_25-30, execution_date=20230430T013000, start_date=20230430T023236, end_date=20230430T023250
[2023-04-30T02:32:50.250+0000] {local_task_job.py:212} INFO - Task exited with return code 0
[2023-04-30T02:32:50.295+0000] {taskinstance.py:2596} INFO - 0 downstream tasks scheduled from follow-on schedule check
