[2023-05-02T16:40:25.012+0000] {taskinstance.py:1090} INFO - Dependencies all met for dep_context=non-requeueable deps ti=<TaskInstance: scrape_and_save_to_csv.scrape_teams_9-16 scheduled__2023-05-02T15:30:00+00:00 [queued]>
[2023-05-02T16:40:25.037+0000] {taskinstance.py:1090} INFO - Dependencies all met for dep_context=requeueable deps ti=<TaskInstance: scrape_and_save_to_csv.scrape_teams_9-16 scheduled__2023-05-02T15:30:00+00:00 [queued]>
[2023-05-02T16:40:25.038+0000] {taskinstance.py:1288} INFO - 
--------------------------------------------------------------------------------
[2023-05-02T16:40:25.040+0000] {taskinstance.py:1289} INFO - Starting attempt 1 of 1
[2023-05-02T16:40:25.046+0000] {taskinstance.py:1290} INFO - 
--------------------------------------------------------------------------------
[2023-05-02T16:40:25.062+0000] {taskinstance.py:1309} INFO - Executing <Task(PythonOperator): scrape_teams_9-16> on 2023-05-02 15:30:00+00:00
[2023-05-02T16:40:25.076+0000] {standard_task_runner.py:55} INFO - Started process 22691 to run task
[2023-05-02T16:40:25.085+0000] {standard_task_runner.py:82} INFO - Running: ['***', 'tasks', 'run', 'scrape_and_save_to_csv', 'scrape_teams_9-16', 'scheduled__2023-05-02T15:30:00+00:00', '--job-id', '2233', '--raw', '--subdir', 'DAGS_FOLDER/scrape_and_save_csv_dag.py', '--cfg-path', '/tmp/tmptxzgruh8']
[2023-05-02T16:40:25.088+0000] {standard_task_runner.py:83} INFO - Job 2233: Subtask scrape_teams_9-16
[2023-05-02T16:40:25.190+0000] {task_command.py:389} INFO - Running <TaskInstance: scrape_and_save_to_csv.scrape_teams_9-16 scheduled__2023-05-02T15:30:00+00:00 [running]> on host 5d4cd8acb346
[2023-05-02T16:40:25.272+0000] {taskinstance.py:1518} INFO - Exporting the following env vars:
AIRFLOW_CTX_DAG_OWNER=***
AIRFLOW_CTX_DAG_ID=scrape_and_save_to_csv
AIRFLOW_CTX_TASK_ID=scrape_teams_9-16
AIRFLOW_CTX_EXECUTION_DATE=2023-05-02T15:30:00+00:00
AIRFLOW_CTX_TRY_NUMBER=1
AIRFLOW_CTX_DAG_RUN_ID=scheduled__2023-05-02T15:30:00+00:00
[2023-05-02T16:40:25.287+0000] {logging_mixin.py:137} INFO - HTTPSConnectionPool(host='api.pushshift.io', port=443): Max retries exceeded with url: /reddit/search/submission/?subreddit=DetroitPistons&sort=created_utc&sort_type=desc&size=500 (Caused by NewConnectionError('<urllib3.connection.HTTPSConnection object at 0xffffa0044090>: Failed to establish a new connection: [Errno -2] Name or service not known'))
[2023-05-02T16:40:25.289+0000] {helpers.py:86} ERROR - HTTPSConnectionPool(host='api.pushshift.io', port=443): Max retries exceeded with url: /reddit/search/submission/?subreddit=DetroitPistons&sort=created_utc&sort_type=desc&size=500 (Caused by NewConnectionError('<urllib3.connection.HTTPSConnection object at 0xffffa0044090>: Failed to establish a new connection: [Errno -2] Name or service not known'))
[2023-05-02T16:40:25.290+0000] {helpers.py:87} ERROR - Retrying! 9 attempts before skipping!
[2023-05-02T16:40:26.317+0000] {logging_mixin.py:137} INFO - HTTPSConnectionPool(host='api.pushshift.io', port=443): Max retries exceeded with url: /reddit/search/submission/?subreddit=DetroitPistons&sort=created_utc&sort_type=desc&size=500 (Caused by NewConnectionError('<urllib3.connection.HTTPSConnection object at 0xffffa004d650>: Failed to establish a new connection: [Errno -2] Name or service not known'))
[2023-05-02T16:40:26.322+0000] {helpers.py:86} ERROR - HTTPSConnectionPool(host='api.pushshift.io', port=443): Max retries exceeded with url: /reddit/search/submission/?subreddit=DetroitPistons&sort=created_utc&sort_type=desc&size=500 (Caused by NewConnectionError('<urllib3.connection.HTTPSConnection object at 0xffffa004d650>: Failed to establish a new connection: [Errno -2] Name or service not known'))
[2023-05-02T16:40:26.324+0000] {helpers.py:87} ERROR - Retrying! 8 attempts before skipping!
[2023-05-02T16:40:27.335+0000] {logging_mixin.py:137} INFO - HTTPSConnectionPool(host='api.pushshift.io', port=443): Max retries exceeded with url: /reddit/search/submission/?subreddit=DetroitPistons&sort=created_utc&sort_type=desc&size=500 (Caused by NewConnectionError('<urllib3.connection.HTTPSConnection object at 0xffffa004d110>: Failed to establish a new connection: [Errno -2] Name or service not known'))
[2023-05-02T16:40:27.338+0000] {helpers.py:86} ERROR - HTTPSConnectionPool(host='api.pushshift.io', port=443): Max retries exceeded with url: /reddit/search/submission/?subreddit=DetroitPistons&sort=created_utc&sort_type=desc&size=500 (Caused by NewConnectionError('<urllib3.connection.HTTPSConnection object at 0xffffa004d110>: Failed to establish a new connection: [Errno -2] Name or service not known'))
[2023-05-02T16:40:27.339+0000] {helpers.py:87} ERROR - Retrying! 7 attempts before skipping!
[2023-05-02T16:40:28.367+0000] {logging_mixin.py:137} INFO - HTTPSConnectionPool(host='api.pushshift.io', port=443): Max retries exceeded with url: /reddit/search/submission/?subreddit=DetroitPistons&sort=created_utc&sort_type=desc&size=500 (Caused by NewConnectionError('<urllib3.connection.HTTPSConnection object at 0xffffa004d650>: Failed to establish a new connection: [Errno -2] Name or service not known'))
[2023-05-02T16:40:28.373+0000] {helpers.py:86} ERROR - HTTPSConnectionPool(host='api.pushshift.io', port=443): Max retries exceeded with url: /reddit/search/submission/?subreddit=DetroitPistons&sort=created_utc&sort_type=desc&size=500 (Caused by NewConnectionError('<urllib3.connection.HTTPSConnection object at 0xffffa004d650>: Failed to establish a new connection: [Errno -2] Name or service not known'))
[2023-05-02T16:40:28.376+0000] {helpers.py:87} ERROR - Retrying! 6 attempts before skipping!
[2023-05-02T16:40:29.395+0000] {logging_mixin.py:137} INFO - HTTPSConnectionPool(host='api.pushshift.io', port=443): Max retries exceeded with url: /reddit/search/submission/?subreddit=DetroitPistons&sort=created_utc&sort_type=desc&size=500 (Caused by NewConnectionError('<urllib3.connection.HTTPSConnection object at 0xffffa004d110>: Failed to establish a new connection: [Errno -2] Name or service not known'))
[2023-05-02T16:40:29.399+0000] {helpers.py:86} ERROR - HTTPSConnectionPool(host='api.pushshift.io', port=443): Max retries exceeded with url: /reddit/search/submission/?subreddit=DetroitPistons&sort=created_utc&sort_type=desc&size=500 (Caused by NewConnectionError('<urllib3.connection.HTTPSConnection object at 0xffffa004d110>: Failed to establish a new connection: [Errno -2] Name or service not known'))
[2023-05-02T16:40:29.401+0000] {helpers.py:87} ERROR - Retrying! 5 attempts before skipping!
[2023-05-02T16:40:30.412+0000] {logging_mixin.py:137} INFO - HTTPSConnectionPool(host='api.pushshift.io', port=443): Max retries exceeded with url: /reddit/search/submission/?subreddit=DetroitPistons&sort=created_utc&sort_type=desc&size=500 (Caused by NewConnectionError('<urllib3.connection.HTTPSConnection object at 0xffffa004d650>: Failed to establish a new connection: [Errno -2] Name or service not known'))
[2023-05-02T16:40:30.413+0000] {helpers.py:86} ERROR - HTTPSConnectionPool(host='api.pushshift.io', port=443): Max retries exceeded with url: /reddit/search/submission/?subreddit=DetroitPistons&sort=created_utc&sort_type=desc&size=500 (Caused by NewConnectionError('<urllib3.connection.HTTPSConnection object at 0xffffa004d650>: Failed to establish a new connection: [Errno -2] Name or service not known'))
[2023-05-02T16:40:30.415+0000] {helpers.py:87} ERROR - Retrying! 4 attempts before skipping!
[2023-05-02T16:40:31.424+0000] {logging_mixin.py:137} INFO - HTTPSConnectionPool(host='api.pushshift.io', port=443): Max retries exceeded with url: /reddit/search/submission/?subreddit=DetroitPistons&sort=created_utc&sort_type=desc&size=500 (Caused by NewConnectionError('<urllib3.connection.HTTPSConnection object at 0xffffa004d110>: Failed to establish a new connection: [Errno -2] Name or service not known'))
[2023-05-02T16:40:31.426+0000] {helpers.py:86} ERROR - HTTPSConnectionPool(host='api.pushshift.io', port=443): Max retries exceeded with url: /reddit/search/submission/?subreddit=DetroitPistons&sort=created_utc&sort_type=desc&size=500 (Caused by NewConnectionError('<urllib3.connection.HTTPSConnection object at 0xffffa004d110>: Failed to establish a new connection: [Errno -2] Name or service not known'))
[2023-05-02T16:40:31.429+0000] {helpers.py:87} ERROR - Retrying! 3 attempts before skipping!
[2023-05-02T16:40:32.450+0000] {logging_mixin.py:137} INFO - HTTPSConnectionPool(host='api.pushshift.io', port=443): Max retries exceeded with url: /reddit/search/submission/?subreddit=DetroitPistons&sort=created_utc&sort_type=desc&size=500 (Caused by NewConnectionError('<urllib3.connection.HTTPSConnection object at 0xffffa004d650>: Failed to establish a new connection: [Errno -2] Name or service not known'))
[2023-05-02T16:40:32.452+0000] {helpers.py:86} ERROR - HTTPSConnectionPool(host='api.pushshift.io', port=443): Max retries exceeded with url: /reddit/search/submission/?subreddit=DetroitPistons&sort=created_utc&sort_type=desc&size=500 (Caused by NewConnectionError('<urllib3.connection.HTTPSConnection object at 0xffffa004d650>: Failed to establish a new connection: [Errno -2] Name or service not known'))
[2023-05-02T16:40:32.454+0000] {helpers.py:87} ERROR - Retrying! 2 attempts before skipping!
[2023-05-02T16:40:33.468+0000] {logging_mixin.py:137} INFO - HTTPSConnectionPool(host='api.pushshift.io', port=443): Max retries exceeded with url: /reddit/search/submission/?subreddit=DetroitPistons&sort=created_utc&sort_type=desc&size=500 (Caused by NewConnectionError('<urllib3.connection.HTTPSConnection object at 0xffffa004d110>: Failed to establish a new connection: [Errno -2] Name or service not known'))
[2023-05-02T16:40:33.469+0000] {helpers.py:86} ERROR - HTTPSConnectionPool(host='api.pushshift.io', port=443): Max retries exceeded with url: /reddit/search/submission/?subreddit=DetroitPistons&sort=created_utc&sort_type=desc&size=500 (Caused by NewConnectionError('<urllib3.connection.HTTPSConnection object at 0xffffa004d110>: Failed to establish a new connection: [Errno -2] Name or service not known'))
[2023-05-02T16:40:33.471+0000] {helpers.py:87} ERROR - Retrying! 1 attempts before skipping!
[2023-05-02T16:40:34.486+0000] {logging_mixin.py:137} INFO - HTTPSConnectionPool(host='api.pushshift.io', port=443): Max retries exceeded with url: /reddit/search/submission/?subreddit=DetroitPistons&sort=created_utc&sort_type=desc&size=500 (Caused by NewConnectionError('<urllib3.connection.HTTPSConnection object at 0xffffa004d650>: Failed to establish a new connection: [Errno -2] Name or service not known'))
[2023-05-02T16:40:34.488+0000] {helpers.py:86} ERROR - HTTPSConnectionPool(host='api.pushshift.io', port=443): Max retries exceeded with url: /reddit/search/submission/?subreddit=DetroitPistons&sort=created_utc&sort_type=desc&size=500 (Caused by NewConnectionError('<urllib3.connection.HTTPSConnection object at 0xffffa004d650>: Failed to establish a new connection: [Errno -2] Name or service not known'))
[2023-05-02T16:40:34.489+0000] {helpers.py:87} ERROR - Retrying! 0 attempts before skipping!
[2023-05-02T16:40:35.495+0000] {logging_mixin.py:137} INFO - HTTPSConnectionPool(host='api.pushshift.io', port=443): Max retries exceeded with url: /reddit/search/submission/?subreddit=DetroitPistons&sort=created_utc&sort_type=desc&size=500 (Caused by NewConnectionError('<urllib3.connection.HTTPSConnection object at 0xffffa004d110>: Failed to establish a new connection: [Errno -2] Name or service not known'))
[2023-05-02T16:40:35.498+0000] {helpers.py:86} ERROR - HTTPSConnectionPool(host='api.pushshift.io', port=443): Max retries exceeded with url: /reddit/search/submission/?subreddit=DetroitPistons&sort=created_utc&sort_type=desc&size=500 (Caused by NewConnectionError('<urllib3.connection.HTTPSConnection object at 0xffffa004d110>: Failed to establish a new connection: [Errno -2] Name or service not known'))
[2023-05-02T16:40:35.500+0000] {helpers.py:87} ERROR - Retrying! -1 attempts before skipping!
[2023-05-02T16:40:36.512+0000] {logging_mixin.py:137} INFO - HTTPSConnectionPool(host='api.pushshift.io', port=443): Max retries exceeded with url: /reddit/search/submission/?subreddit=warriors&sort=created_utc&sort_type=desc&size=500 (Caused by NewConnectionError('<urllib3.connection.HTTPSConnection object at 0xffffa004d110>: Failed to establish a new connection: [Errno -2] Name or service not known'))
[2023-05-02T16:40:36.516+0000] {helpers.py:86} ERROR - HTTPSConnectionPool(host='api.pushshift.io', port=443): Max retries exceeded with url: /reddit/search/submission/?subreddit=warriors&sort=created_utc&sort_type=desc&size=500 (Caused by NewConnectionError('<urllib3.connection.HTTPSConnection object at 0xffffa004d110>: Failed to establish a new connection: [Errno -2] Name or service not known'))
[2023-05-02T16:40:36.518+0000] {helpers.py:87} ERROR - Retrying! 9 attempts before skipping!
[2023-05-02T16:40:37.524+0000] {logging_mixin.py:137} INFO - HTTPSConnectionPool(host='api.pushshift.io', port=443): Max retries exceeded with url: /reddit/search/submission/?subreddit=warriors&sort=created_utc&sort_type=desc&size=500 (Caused by NewConnectionError('<urllib3.connection.HTTPSConnection object at 0xffffa004d050>: Failed to establish a new connection: [Errno -2] Name or service not known'))
[2023-05-02T16:40:37.525+0000] {helpers.py:86} ERROR - HTTPSConnectionPool(host='api.pushshift.io', port=443): Max retries exceeded with url: /reddit/search/submission/?subreddit=warriors&sort=created_utc&sort_type=desc&size=500 (Caused by NewConnectionError('<urllib3.connection.HTTPSConnection object at 0xffffa004d050>: Failed to establish a new connection: [Errno -2] Name or service not known'))
[2023-05-02T16:40:37.526+0000] {helpers.py:87} ERROR - Retrying! 8 attempts before skipping!
[2023-05-02T16:40:38.537+0000] {logging_mixin.py:137} INFO - HTTPSConnectionPool(host='api.pushshift.io', port=443): Max retries exceeded with url: /reddit/search/submission/?subreddit=warriors&sort=created_utc&sort_type=desc&size=500 (Caused by NewConnectionError('<urllib3.connection.HTTPSConnection object at 0xffffa004d110>: Failed to establish a new connection: [Errno -2] Name or service not known'))
[2023-05-02T16:40:38.539+0000] {helpers.py:86} ERROR - HTTPSConnectionPool(host='api.pushshift.io', port=443): Max retries exceeded with url: /reddit/search/submission/?subreddit=warriors&sort=created_utc&sort_type=desc&size=500 (Caused by NewConnectionError('<urllib3.connection.HTTPSConnection object at 0xffffa004d110>: Failed to establish a new connection: [Errno -2] Name or service not known'))
[2023-05-02T16:40:38.545+0000] {helpers.py:87} ERROR - Retrying! 7 attempts before skipping!
[2023-05-02T16:40:39.552+0000] {logging_mixin.py:137} INFO - HTTPSConnectionPool(host='api.pushshift.io', port=443): Max retries exceeded with url: /reddit/search/submission/?subreddit=warriors&sort=created_utc&sort_type=desc&size=500 (Caused by NewConnectionError('<urllib3.connection.HTTPSConnection object at 0xffffa004d050>: Failed to establish a new connection: [Errno -2] Name or service not known'))
[2023-05-02T16:40:39.554+0000] {helpers.py:86} ERROR - HTTPSConnectionPool(host='api.pushshift.io', port=443): Max retries exceeded with url: /reddit/search/submission/?subreddit=warriors&sort=created_utc&sort_type=desc&size=500 (Caused by NewConnectionError('<urllib3.connection.HTTPSConnection object at 0xffffa004d050>: Failed to establish a new connection: [Errno -2] Name or service not known'))
[2023-05-02T16:40:39.557+0000] {helpers.py:87} ERROR - Retrying! 6 attempts before skipping!
[2023-05-02T16:40:40.564+0000] {logging_mixin.py:137} INFO - HTTPSConnectionPool(host='api.pushshift.io', port=443): Max retries exceeded with url: /reddit/search/submission/?subreddit=warriors&sort=created_utc&sort_type=desc&size=500 (Caused by NewConnectionError('<urllib3.connection.HTTPSConnection object at 0xffffa004d110>: Failed to establish a new connection: [Errno -2] Name or service not known'))
[2023-05-02T16:40:40.565+0000] {helpers.py:86} ERROR - HTTPSConnectionPool(host='api.pushshift.io', port=443): Max retries exceeded with url: /reddit/search/submission/?subreddit=warriors&sort=created_utc&sort_type=desc&size=500 (Caused by NewConnectionError('<urllib3.connection.HTTPSConnection object at 0xffffa004d110>: Failed to establish a new connection: [Errno -2] Name or service not known'))
[2023-05-02T16:40:40.568+0000] {helpers.py:87} ERROR - Retrying! 5 attempts before skipping!
[2023-05-02T16:40:41.584+0000] {logging_mixin.py:137} INFO - HTTPSConnectionPool(host='api.pushshift.io', port=443): Max retries exceeded with url: /reddit/search/submission/?subreddit=warriors&sort=created_utc&sort_type=desc&size=500 (Caused by NewConnectionError('<urllib3.connection.HTTPSConnection object at 0xffffa004d050>: Failed to establish a new connection: [Errno -2] Name or service not known'))
[2023-05-02T16:40:41.586+0000] {helpers.py:86} ERROR - HTTPSConnectionPool(host='api.pushshift.io', port=443): Max retries exceeded with url: /reddit/search/submission/?subreddit=warriors&sort=created_utc&sort_type=desc&size=500 (Caused by NewConnectionError('<urllib3.connection.HTTPSConnection object at 0xffffa004d050>: Failed to establish a new connection: [Errno -2] Name or service not known'))
[2023-05-02T16:40:41.588+0000] {helpers.py:87} ERROR - Retrying! 4 attempts before skipping!
[2023-05-02T16:40:42.601+0000] {logging_mixin.py:137} INFO - HTTPSConnectionPool(host='api.pushshift.io', port=443): Max retries exceeded with url: /reddit/search/submission/?subreddit=warriors&sort=created_utc&sort_type=desc&size=500 (Caused by NewConnectionError('<urllib3.connection.HTTPSConnection object at 0xffffa004d110>: Failed to establish a new connection: [Errno -2] Name or service not known'))
[2023-05-02T16:40:42.604+0000] {helpers.py:86} ERROR - HTTPSConnectionPool(host='api.pushshift.io', port=443): Max retries exceeded with url: /reddit/search/submission/?subreddit=warriors&sort=created_utc&sort_type=desc&size=500 (Caused by NewConnectionError('<urllib3.connection.HTTPSConnection object at 0xffffa004d110>: Failed to establish a new connection: [Errno -2] Name or service not known'))
[2023-05-02T16:40:42.606+0000] {helpers.py:87} ERROR - Retrying! 3 attempts before skipping!
[2023-05-02T16:40:43.628+0000] {logging_mixin.py:137} INFO - HTTPSConnectionPool(host='api.pushshift.io', port=443): Max retries exceeded with url: /reddit/search/submission/?subreddit=warriors&sort=created_utc&sort_type=desc&size=500 (Caused by NewConnectionError('<urllib3.connection.HTTPSConnection object at 0xffffa004d050>: Failed to establish a new connection: [Errno -2] Name or service not known'))
[2023-05-02T16:40:43.633+0000] {helpers.py:86} ERROR - HTTPSConnectionPool(host='api.pushshift.io', port=443): Max retries exceeded with url: /reddit/search/submission/?subreddit=warriors&sort=created_utc&sort_type=desc&size=500 (Caused by NewConnectionError('<urllib3.connection.HTTPSConnection object at 0xffffa004d050>: Failed to establish a new connection: [Errno -2] Name or service not known'))
[2023-05-02T16:40:43.724+0000] {helpers.py:87} ERROR - Retrying! 2 attempts before skipping!
[2023-05-02T16:40:44.752+0000] {logging_mixin.py:137} INFO - HTTPSConnectionPool(host='api.pushshift.io', port=443): Max retries exceeded with url: /reddit/search/submission/?subreddit=warriors&sort=created_utc&sort_type=desc&size=500 (Caused by NewConnectionError('<urllib3.connection.HTTPSConnection object at 0xffffa004d110>: Failed to establish a new connection: [Errno -2] Name or service not known'))
[2023-05-02T16:40:44.761+0000] {helpers.py:86} ERROR - HTTPSConnectionPool(host='api.pushshift.io', port=443): Max retries exceeded with url: /reddit/search/submission/?subreddit=warriors&sort=created_utc&sort_type=desc&size=500 (Caused by NewConnectionError('<urllib3.connection.HTTPSConnection object at 0xffffa004d110>: Failed to establish a new connection: [Errno -2] Name or service not known'))
[2023-05-02T16:40:44.768+0000] {helpers.py:87} ERROR - Retrying! 1 attempts before skipping!
[2023-05-02T16:40:45.781+0000] {logging_mixin.py:137} INFO - HTTPSConnectionPool(host='api.pushshift.io', port=443): Max retries exceeded with url: /reddit/search/submission/?subreddit=warriors&sort=created_utc&sort_type=desc&size=500 (Caused by NewConnectionError('<urllib3.connection.HTTPSConnection object at 0xffffa004d050>: Failed to establish a new connection: [Errno -2] Name or service not known'))
[2023-05-02T16:40:45.784+0000] {helpers.py:86} ERROR - HTTPSConnectionPool(host='api.pushshift.io', port=443): Max retries exceeded with url: /reddit/search/submission/?subreddit=warriors&sort=created_utc&sort_type=desc&size=500 (Caused by NewConnectionError('<urllib3.connection.HTTPSConnection object at 0xffffa004d050>: Failed to establish a new connection: [Errno -2] Name or service not known'))
[2023-05-02T16:40:45.785+0000] {helpers.py:87} ERROR - Retrying! 0 attempts before skipping!
[2023-05-02T16:40:46.799+0000] {logging_mixin.py:137} INFO - HTTPSConnectionPool(host='api.pushshift.io', port=443): Max retries exceeded with url: /reddit/search/submission/?subreddit=warriors&sort=created_utc&sort_type=desc&size=500 (Caused by NewConnectionError('<urllib3.connection.HTTPSConnection object at 0xffffa004d110>: Failed to establish a new connection: [Errno -2] Name or service not known'))
[2023-05-02T16:40:46.803+0000] {helpers.py:86} ERROR - HTTPSConnectionPool(host='api.pushshift.io', port=443): Max retries exceeded with url: /reddit/search/submission/?subreddit=warriors&sort=created_utc&sort_type=desc&size=500 (Caused by NewConnectionError('<urllib3.connection.HTTPSConnection object at 0xffffa004d110>: Failed to establish a new connection: [Errno -2] Name or service not known'))
[2023-05-02T16:40:46.804+0000] {helpers.py:87} ERROR - Retrying! -1 attempts before skipping!
[2023-05-02T16:40:47.821+0000] {logging_mixin.py:137} INFO - HTTPSConnectionPool(host='api.pushshift.io', port=443): Max retries exceeded with url: /reddit/search/submission/?subreddit=rockets&sort=created_utc&sort_type=desc&size=500 (Caused by NewConnectionError('<urllib3.connection.HTTPSConnection object at 0xffffa004d110>: Failed to establish a new connection: [Errno -2] Name or service not known'))
[2023-05-02T16:40:47.823+0000] {helpers.py:86} ERROR - HTTPSConnectionPool(host='api.pushshift.io', port=443): Max retries exceeded with url: /reddit/search/submission/?subreddit=rockets&sort=created_utc&sort_type=desc&size=500 (Caused by NewConnectionError('<urllib3.connection.HTTPSConnection object at 0xffffa004d110>: Failed to establish a new connection: [Errno -2] Name or service not known'))
[2023-05-02T16:40:47.842+0000] {helpers.py:87} ERROR - Retrying! 9 attempts before skipping!
[2023-05-02T16:40:48.885+0000] {logging_mixin.py:137} INFO - HTTPSConnectionPool(host='api.pushshift.io', port=443): Max retries exceeded with url: /reddit/search/submission/?subreddit=rockets&sort=created_utc&sort_type=desc&size=500 (Caused by NewConnectionError('<urllib3.connection.HTTPSConnection object at 0xffffa004d250>: Failed to establish a new connection: [Errno -2] Name or service not known'))
[2023-05-02T16:40:48.889+0000] {helpers.py:86} ERROR - HTTPSConnectionPool(host='api.pushshift.io', port=443): Max retries exceeded with url: /reddit/search/submission/?subreddit=rockets&sort=created_utc&sort_type=desc&size=500 (Caused by NewConnectionError('<urllib3.connection.HTTPSConnection object at 0xffffa004d250>: Failed to establish a new connection: [Errno -2] Name or service not known'))
[2023-05-02T16:40:48.892+0000] {helpers.py:87} ERROR - Retrying! 8 attempts before skipping!
[2023-05-02T16:40:49.926+0000] {logging_mixin.py:137} INFO - HTTPSConnectionPool(host='api.pushshift.io', port=443): Max retries exceeded with url: /reddit/search/submission/?subreddit=rockets&sort=created_utc&sort_type=desc&size=500 (Caused by NewConnectionError('<urllib3.connection.HTTPSConnection object at 0xffffa004d110>: Failed to establish a new connection: [Errno -2] Name or service not known'))
[2023-05-02T16:40:49.932+0000] {helpers.py:86} ERROR - HTTPSConnectionPool(host='api.pushshift.io', port=443): Max retries exceeded with url: /reddit/search/submission/?subreddit=rockets&sort=created_utc&sort_type=desc&size=500 (Caused by NewConnectionError('<urllib3.connection.HTTPSConnection object at 0xffffa004d110>: Failed to establish a new connection: [Errno -2] Name or service not known'))
[2023-05-02T16:40:49.935+0000] {helpers.py:87} ERROR - Retrying! 7 attempts before skipping!
[2023-05-02T16:40:50.951+0000] {logging_mixin.py:137} INFO - HTTPSConnectionPool(host='api.pushshift.io', port=443): Max retries exceeded with url: /reddit/search/submission/?subreddit=rockets&sort=created_utc&sort_type=desc&size=500 (Caused by NewConnectionError('<urllib3.connection.HTTPSConnection object at 0xffffa004d250>: Failed to establish a new connection: [Errno -2] Name or service not known'))
[2023-05-02T16:40:50.953+0000] {helpers.py:86} ERROR - HTTPSConnectionPool(host='api.pushshift.io', port=443): Max retries exceeded with url: /reddit/search/submission/?subreddit=rockets&sort=created_utc&sort_type=desc&size=500 (Caused by NewConnectionError('<urllib3.connection.HTTPSConnection object at 0xffffa004d250>: Failed to establish a new connection: [Errno -2] Name or service not known'))
[2023-05-02T16:40:50.957+0000] {helpers.py:87} ERROR - Retrying! 6 attempts before skipping!
[2023-05-02T16:40:51.991+0000] {logging_mixin.py:137} INFO - HTTPSConnectionPool(host='api.pushshift.io', port=443): Max retries exceeded with url: /reddit/search/submission/?subreddit=rockets&sort=created_utc&sort_type=desc&size=500 (Caused by NewConnectionError('<urllib3.connection.HTTPSConnection object at 0xffffa004d110>: Failed to establish a new connection: [Errno -2] Name or service not known'))
[2023-05-02T16:40:51.999+0000] {helpers.py:86} ERROR - HTTPSConnectionPool(host='api.pushshift.io', port=443): Max retries exceeded with url: /reddit/search/submission/?subreddit=rockets&sort=created_utc&sort_type=desc&size=500 (Caused by NewConnectionError('<urllib3.connection.HTTPSConnection object at 0xffffa004d110>: Failed to establish a new connection: [Errno -2] Name or service not known'))
[2023-05-02T16:40:52.011+0000] {helpers.py:87} ERROR - Retrying! 5 attempts before skipping!
[2023-05-02T17:12:32.939+0000] {logging_mixin.py:137} INFO - HTTPSConnectionPool(host='api.pushshift.io', port=443): Max retries exceeded with url: /reddit/search/submission/?subreddit=rockets&sort=created_utc&sort_type=desc&size=500 (Caused by NewConnectionError('<urllib3.connection.HTTPSConnection object at 0xffffa004d250>: Failed to establish a new connection: [Errno -2] Name or service not known'))
[2023-05-02T17:12:32.948+0000] {helpers.py:86} ERROR - HTTPSConnectionPool(host='api.pushshift.io', port=443): Max retries exceeded with url: /reddit/search/submission/?subreddit=rockets&sort=created_utc&sort_type=desc&size=500 (Caused by NewConnectionError('<urllib3.connection.HTTPSConnection object at 0xffffa004d250>: Failed to establish a new connection: [Errno -2] Name or service not known'))
[2023-05-02T17:12:32.950+0000] {helpers.py:87} ERROR - Retrying! 4 attempts before skipping!
[2023-05-02T17:12:34.011+0000] {logging_mixin.py:137} INFO - HTTPSConnectionPool(host='api.pushshift.io', port=443): Max retries exceeded with url: /reddit/search/submission/?subreddit=rockets&sort=created_utc&sort_type=desc&size=500 (Caused by NewConnectionError('<urllib3.connection.HTTPSConnection object at 0xffffa004d110>: Failed to establish a new connection: [Errno -2] Name or service not known'))
[2023-05-02T17:12:34.016+0000] {helpers.py:86} ERROR - HTTPSConnectionPool(host='api.pushshift.io', port=443): Max retries exceeded with url: /reddit/search/submission/?subreddit=rockets&sort=created_utc&sort_type=desc&size=500 (Caused by NewConnectionError('<urllib3.connection.HTTPSConnection object at 0xffffa004d110>: Failed to establish a new connection: [Errno -2] Name or service not known'))
[2023-05-02T17:12:34.032+0000] {helpers.py:87} ERROR - Retrying! 3 attempts before skipping!
[2023-05-02T17:12:35.078+0000] {logging_mixin.py:137} INFO - HTTPSConnectionPool(host='api.pushshift.io', port=443): Max retries exceeded with url: /reddit/search/submission/?subreddit=rockets&sort=created_utc&sort_type=desc&size=500 (Caused by NewConnectionError('<urllib3.connection.HTTPSConnection object at 0xffffa004d250>: Failed to establish a new connection: [Errno -2] Name or service not known'))
[2023-05-02T17:12:35.081+0000] {helpers.py:86} ERROR - HTTPSConnectionPool(host='api.pushshift.io', port=443): Max retries exceeded with url: /reddit/search/submission/?subreddit=rockets&sort=created_utc&sort_type=desc&size=500 (Caused by NewConnectionError('<urllib3.connection.HTTPSConnection object at 0xffffa004d250>: Failed to establish a new connection: [Errno -2] Name or service not known'))
[2023-05-02T17:12:35.087+0000] {helpers.py:87} ERROR - Retrying! 2 attempts before skipping!
[2023-05-02T17:12:36.125+0000] {logging_mixin.py:137} INFO - HTTPSConnectionPool(host='api.pushshift.io', port=443): Max retries exceeded with url: /reddit/search/submission/?subreddit=rockets&sort=created_utc&sort_type=desc&size=500 (Caused by NewConnectionError('<urllib3.connection.HTTPSConnection object at 0xffffa004d110>: Failed to establish a new connection: [Errno -2] Name or service not known'))
[2023-05-02T17:12:36.126+0000] {helpers.py:86} ERROR - HTTPSConnectionPool(host='api.pushshift.io', port=443): Max retries exceeded with url: /reddit/search/submission/?subreddit=rockets&sort=created_utc&sort_type=desc&size=500 (Caused by NewConnectionError('<urllib3.connection.HTTPSConnection object at 0xffffa004d110>: Failed to establish a new connection: [Errno -2] Name or service not known'))
[2023-05-02T17:12:36.128+0000] {helpers.py:87} ERROR - Retrying! 1 attempts before skipping!
[2023-05-02T17:12:37.136+0000] {logging_mixin.py:137} INFO - HTTPSConnectionPool(host='api.pushshift.io', port=443): Max retries exceeded with url: /reddit/search/submission/?subreddit=rockets&sort=created_utc&sort_type=desc&size=500 (Caused by NewConnectionError('<urllib3.connection.HTTPSConnection object at 0xffffa004d250>: Failed to establish a new connection: [Errno -2] Name or service not known'))
[2023-05-02T17:12:37.139+0000] {helpers.py:86} ERROR - HTTPSConnectionPool(host='api.pushshift.io', port=443): Max retries exceeded with url: /reddit/search/submission/?subreddit=rockets&sort=created_utc&sort_type=desc&size=500 (Caused by NewConnectionError('<urllib3.connection.HTTPSConnection object at 0xffffa004d250>: Failed to establish a new connection: [Errno -2] Name or service not known'))
[2023-05-02T17:12:37.140+0000] {helpers.py:87} ERROR - Retrying! 0 attempts before skipping!
[2023-05-02T17:12:38.162+0000] {logging_mixin.py:137} INFO - HTTPSConnectionPool(host='api.pushshift.io', port=443): Max retries exceeded with url: /reddit/search/submission/?subreddit=rockets&sort=created_utc&sort_type=desc&size=500 (Caused by NewConnectionError('<urllib3.connection.HTTPSConnection object at 0xffffa004d110>: Failed to establish a new connection: [Errno -2] Name or service not known'))
[2023-05-02T17:12:38.165+0000] {helpers.py:86} ERROR - HTTPSConnectionPool(host='api.pushshift.io', port=443): Max retries exceeded with url: /reddit/search/submission/?subreddit=rockets&sort=created_utc&sort_type=desc&size=500 (Caused by NewConnectionError('<urllib3.connection.HTTPSConnection object at 0xffffa004d110>: Failed to establish a new connection: [Errno -2] Name or service not known'))
[2023-05-02T17:12:38.166+0000] {helpers.py:87} ERROR - Retrying! -1 attempts before skipping!
[2023-05-02T17:12:39.195+0000] {logging_mixin.py:137} INFO - HTTPSConnectionPool(host='api.pushshift.io', port=443): Max retries exceeded with url: /reddit/search/submission/?subreddit=pacers&sort=created_utc&sort_type=desc&size=500 (Caused by NewConnectionError('<urllib3.connection.HTTPSConnection object at 0xffffa004d110>: Failed to establish a new connection: [Errno -2] Name or service not known'))
[2023-05-02T17:12:39.200+0000] {helpers.py:86} ERROR - HTTPSConnectionPool(host='api.pushshift.io', port=443): Max retries exceeded with url: /reddit/search/submission/?subreddit=pacers&sort=created_utc&sort_type=desc&size=500 (Caused by NewConnectionError('<urllib3.connection.HTTPSConnection object at 0xffffa004d110>: Failed to establish a new connection: [Errno -2] Name or service not known'))
[2023-05-02T17:12:39.203+0000] {helpers.py:87} ERROR - Retrying! 9 attempts before skipping!
[2023-05-02T17:12:40.233+0000] {logging_mixin.py:137} INFO - HTTPSConnectionPool(host='api.pushshift.io', port=443): Max retries exceeded with url: /reddit/search/submission/?subreddit=pacers&sort=created_utc&sort_type=desc&size=500 (Caused by NewConnectionError('<urllib3.connection.HTTPSConnection object at 0xffffa004d390>: Failed to establish a new connection: [Errno -2] Name or service not known'))
[2023-05-02T17:12:40.241+0000] {helpers.py:86} ERROR - HTTPSConnectionPool(host='api.pushshift.io', port=443): Max retries exceeded with url: /reddit/search/submission/?subreddit=pacers&sort=created_utc&sort_type=desc&size=500 (Caused by NewConnectionError('<urllib3.connection.HTTPSConnection object at 0xffffa004d390>: Failed to establish a new connection: [Errno -2] Name or service not known'))
[2023-05-02T17:12:40.243+0000] {helpers.py:87} ERROR - Retrying! 8 attempts before skipping!
[2023-05-02T17:12:41.289+0000] {logging_mixin.py:137} INFO - HTTPSConnectionPool(host='api.pushshift.io', port=443): Max retries exceeded with url: /reddit/search/submission/?subreddit=pacers&sort=created_utc&sort_type=desc&size=500 (Caused by NewConnectionError('<urllib3.connection.HTTPSConnection object at 0xffffa004d110>: Failed to establish a new connection: [Errno -2] Name or service not known'))
[2023-05-02T17:12:41.291+0000] {helpers.py:86} ERROR - HTTPSConnectionPool(host='api.pushshift.io', port=443): Max retries exceeded with url: /reddit/search/submission/?subreddit=pacers&sort=created_utc&sort_type=desc&size=500 (Caused by NewConnectionError('<urllib3.connection.HTTPSConnection object at 0xffffa004d110>: Failed to establish a new connection: [Errno -2] Name or service not known'))
[2023-05-02T17:12:41.293+0000] {helpers.py:87} ERROR - Retrying! 7 attempts before skipping!
[2023-05-02T17:12:42.303+0000] {logging_mixin.py:137} INFO - HTTPSConnectionPool(host='api.pushshift.io', port=443): Max retries exceeded with url: /reddit/search/submission/?subreddit=pacers&sort=created_utc&sort_type=desc&size=500 (Caused by NewConnectionError('<urllib3.connection.HTTPSConnection object at 0xffffa004d390>: Failed to establish a new connection: [Errno -2] Name or service not known'))
[2023-05-02T17:12:42.306+0000] {helpers.py:86} ERROR - HTTPSConnectionPool(host='api.pushshift.io', port=443): Max retries exceeded with url: /reddit/search/submission/?subreddit=pacers&sort=created_utc&sort_type=desc&size=500 (Caused by NewConnectionError('<urllib3.connection.HTTPSConnection object at 0xffffa004d390>: Failed to establish a new connection: [Errno -2] Name or service not known'))
[2023-05-02T17:12:42.308+0000] {helpers.py:87} ERROR - Retrying! 6 attempts before skipping!
[2023-05-02T17:12:43.320+0000] {logging_mixin.py:137} INFO - HTTPSConnectionPool(host='api.pushshift.io', port=443): Max retries exceeded with url: /reddit/search/submission/?subreddit=pacers&sort=created_utc&sort_type=desc&size=500 (Caused by NewConnectionError('<urllib3.connection.HTTPSConnection object at 0xffffa004d110>: Failed to establish a new connection: [Errno -2] Name or service not known'))
[2023-05-02T17:12:43.322+0000] {helpers.py:86} ERROR - HTTPSConnectionPool(host='api.pushshift.io', port=443): Max retries exceeded with url: /reddit/search/submission/?subreddit=pacers&sort=created_utc&sort_type=desc&size=500 (Caused by NewConnectionError('<urllib3.connection.HTTPSConnection object at 0xffffa004d110>: Failed to establish a new connection: [Errno -2] Name or service not known'))
[2023-05-02T17:12:43.323+0000] {helpers.py:87} ERROR - Retrying! 5 attempts before skipping!
[2023-05-02T17:12:44.356+0000] {logging_mixin.py:137} INFO - HTTPSConnectionPool(host='api.pushshift.io', port=443): Max retries exceeded with url: /reddit/search/submission/?subreddit=pacers&sort=created_utc&sort_type=desc&size=500 (Caused by NewConnectionError('<urllib3.connection.HTTPSConnection object at 0xffffa004d390>: Failed to establish a new connection: [Errno -2] Name or service not known'))
[2023-05-02T17:12:44.364+0000] {helpers.py:86} ERROR - HTTPSConnectionPool(host='api.pushshift.io', port=443): Max retries exceeded with url: /reddit/search/submission/?subreddit=pacers&sort=created_utc&sort_type=desc&size=500 (Caused by NewConnectionError('<urllib3.connection.HTTPSConnection object at 0xffffa004d390>: Failed to establish a new connection: [Errno -2] Name or service not known'))
[2023-05-02T17:12:44.369+0000] {helpers.py:87} ERROR - Retrying! 4 attempts before skipping!
[2023-05-02T17:12:45.381+0000] {logging_mixin.py:137} INFO - HTTPSConnectionPool(host='api.pushshift.io', port=443): Max retries exceeded with url: /reddit/search/submission/?subreddit=pacers&sort=created_utc&sort_type=desc&size=500 (Caused by NewConnectionError('<urllib3.connection.HTTPSConnection object at 0xffffa004d110>: Failed to establish a new connection: [Errno -2] Name or service not known'))
[2023-05-02T17:12:45.386+0000] {helpers.py:86} ERROR - HTTPSConnectionPool(host='api.pushshift.io', port=443): Max retries exceeded with url: /reddit/search/submission/?subreddit=pacers&sort=created_utc&sort_type=desc&size=500 (Caused by NewConnectionError('<urllib3.connection.HTTPSConnection object at 0xffffa004d110>: Failed to establish a new connection: [Errno -2] Name or service not known'))
[2023-05-02T17:12:45.392+0000] {helpers.py:87} ERROR - Retrying! 3 attempts before skipping!
[2023-05-02T17:12:45.403+0000] {local_task_job.py:277} WARNING - State of this instance has been externally set to failed. Terminating instance.
[2023-05-02T17:12:45.424+0000] {process_utils.py:133} INFO - Sending Signals.SIGTERM to group 22691. PIDs of all processes in the group: [22691]
[2023-05-02T17:12:45.425+0000] {process_utils.py:84} INFO - Sending the signal Signals.SIGTERM to group 22691
[2023-05-02T17:12:45.427+0000] {taskinstance.py:1488} ERROR - Received SIGTERM. Terminating subprocesses.
[2023-05-02T17:12:45.479+0000] {process_utils.py:79} INFO - Process psutil.Process(pid=22691, status='terminated', exitcode=0, started='16:40:24') (22691) terminated with exit code 0
