[2023-04-29T22:24:45.630+0000] {taskinstance.py:1090} INFO - Dependencies all met for dep_context=non-requeueable deps ti=<TaskInstance: scrape_and_save_to_csv.scrape_teams_17-24 scheduled__2023-04-29T20:30:00+00:00 [queued]>
[2023-04-29T22:24:45.641+0000] {taskinstance.py:1090} INFO - Dependencies all met for dep_context=requeueable deps ti=<TaskInstance: scrape_and_save_to_csv.scrape_teams_17-24 scheduled__2023-04-29T20:30:00+00:00 [queued]>
[2023-04-29T22:24:45.643+0000] {taskinstance.py:1288} INFO - 
--------------------------------------------------------------------------------
[2023-04-29T22:24:45.657+0000] {taskinstance.py:1289} INFO - Starting attempt 1 of 1
[2023-04-29T22:24:45.658+0000] {taskinstance.py:1290} INFO - 
--------------------------------------------------------------------------------
[2023-04-29T22:24:45.682+0000] {taskinstance.py:1309} INFO - Executing <Task(PythonOperator): scrape_teams_17-24> on 2023-04-29 20:30:00+00:00
[2023-04-29T22:24:45.716+0000] {standard_task_runner.py:55} INFO - Started process 2864 to run task
[2023-04-29T22:24:45.735+0000] {standard_task_runner.py:82} INFO - Running: ['***', 'tasks', 'run', 'scrape_and_save_to_csv', 'scrape_teams_17-24', 'scheduled__2023-04-29T20:30:00+00:00', '--job-id', '1829', '--raw', '--subdir', 'DAGS_FOLDER/scrape_and_save_csv_dag.py', '--cfg-path', '/tmp/tmpxadixkcw']
[2023-04-29T22:24:45.740+0000] {standard_task_runner.py:83} INFO - Job 1829: Subtask scrape_teams_17-24
[2023-04-29T22:24:45.902+0000] {task_command.py:389} INFO - Running <TaskInstance: scrape_and_save_to_csv.scrape_teams_17-24 scheduled__2023-04-29T20:30:00+00:00 [running]> on host b5cee175690f
[2023-04-29T22:24:45.999+0000] {taskinstance.py:1518} INFO - Exporting the following env vars:
AIRFLOW_CTX_DAG_OWNER=***
AIRFLOW_CTX_DAG_ID=scrape_and_save_to_csv
AIRFLOW_CTX_TASK_ID=scrape_teams_17-24
AIRFLOW_CTX_EXECUTION_DATE=2023-04-29T20:30:00+00:00
AIRFLOW_CTX_TRY_NUMBER=1
AIRFLOW_CTX_DAG_RUN_ID=scheduled__2023-04-29T20:30:00+00:00
[2023-04-29T22:24:46.780+0000] {helpers.py:73} ERROR - ('Connection aborted.', OSError(0, 'Error'))
[2023-04-29T22:24:46.782+0000] {helpers.py:74} ERROR - Retrying! 9 attempts before skipping!
[2023-04-29T22:24:48.905+0000] {warnings.py:110} WARNING - /home/***/.local/lib/python3.7/site-packages/***/utils/context.py:313: AirflowContextDeprecationWarning: Accessing 'execution_date' from the template is deprecated and will be removed in a future version. Please use 'data_interval_start' or 'logical_date' instead.
  warnings.warn(_create_deprecation_warning(k, replacements))

[2023-04-29T22:24:48.908+0000] {helpers.py:69} INFO - Bucks: Successfully scraped!
[2023-04-29T22:24:49.540+0000] {helpers.py:69} INFO - Timberwolves: Successfully scraped!
[2023-04-29T22:24:50.433+0000] {helpers.py:69} INFO - Pelicans: Successfully scraped!
[2023-04-30T00:00:24.790+0000] {local_task_job.py:277} WARNING - State of this instance has been externally set to failed. Terminating instance.
[2023-04-30T00:00:24.802+0000] {process_utils.py:133} INFO - Sending Signals.SIGTERM to group 2864. PIDs of all processes in the group: [2864]
[2023-04-30T00:00:24.830+0000] {process_utils.py:84} INFO - Sending the signal Signals.SIGTERM to group 2864
[2023-04-30T00:00:24.832+0000] {taskinstance.py:1488} ERROR - Received SIGTERM. Terminating subprocesses.
[2023-04-30T00:00:24.853+0000] {helpers.py:73} ERROR - Task received SIGTERM signal
[2023-04-30T00:00:24.856+0000] {helpers.py:74} ERROR - Retrying! 9 attempts before skipping!
[2023-04-30T00:00:25.886+0000] {helpers.py:73} ERROR - HTTPSConnectionPool(host='api.pushshift.io', port=443): Max retries exceeded with url: /reddit/search/comment/?q=Knicks&after=30m&size=500 (Caused by NewConnectionError('<urllib3.connection.HTTPSConnection object at 0xffff6c3f1510>: Failed to establish a new connection: [Errno -2] Name or service not known'))
[2023-04-30T00:00:25.891+0000] {helpers.py:74} ERROR - Retrying! 8 attempts before skipping!
[2023-04-30T00:00:26.906+0000] {helpers.py:73} ERROR - HTTPSConnectionPool(host='api.pushshift.io', port=443): Max retries exceeded with url: /reddit/search/comment/?q=Knicks&after=30m&size=500 (Caused by NewConnectionError('<urllib3.connection.HTTPSConnection object at 0xffff6c3f1210>: Failed to establish a new connection: [Errno -2] Name or service not known'))
[2023-04-30T00:00:26.909+0000] {helpers.py:74} ERROR - Retrying! 7 attempts before skipping!
[2023-04-30T00:00:27.920+0000] {helpers.py:73} ERROR - HTTPSConnectionPool(host='api.pushshift.io', port=443): Max retries exceeded with url: /reddit/search/comment/?q=Knicks&after=30m&size=500 (Caused by NewConnectionError('<urllib3.connection.HTTPSConnection object at 0xffff6c3f1510>: Failed to establish a new connection: [Errno -2] Name or service not known'))
[2023-04-30T00:00:27.922+0000] {helpers.py:74} ERROR - Retrying! 6 attempts before skipping!
[2023-04-30T00:00:28.934+0000] {helpers.py:73} ERROR - HTTPSConnectionPool(host='api.pushshift.io', port=443): Max retries exceeded with url: /reddit/search/comment/?q=Knicks&after=30m&size=500 (Caused by NewConnectionError('<urllib3.connection.HTTPSConnection object at 0xffff6c3f1210>: Failed to establish a new connection: [Errno -2] Name or service not known'))
[2023-04-30T00:00:28.936+0000] {helpers.py:74} ERROR - Retrying! 5 attempts before skipping!
[2023-04-30T00:00:29.953+0000] {helpers.py:73} ERROR - HTTPSConnectionPool(host='api.pushshift.io', port=443): Max retries exceeded with url: /reddit/search/comment/?q=Knicks&after=30m&size=500 (Caused by NewConnectionError('<urllib3.connection.HTTPSConnection object at 0xffff6c3f1510>: Failed to establish a new connection: [Errno -2] Name or service not known'))
[2023-04-30T00:00:29.954+0000] {helpers.py:74} ERROR - Retrying! 4 attempts before skipping!
[2023-04-30T00:00:30.969+0000] {helpers.py:73} ERROR - HTTPSConnectionPool(host='api.pushshift.io', port=443): Max retries exceeded with url: /reddit/search/comment/?q=Knicks&after=30m&size=500 (Caused by NewConnectionError('<urllib3.connection.HTTPSConnection object at 0xffff6c3f1210>: Failed to establish a new connection: [Errno -2] Name or service not known'))
[2023-04-30T00:00:30.970+0000] {helpers.py:74} ERROR - Retrying! 3 attempts before skipping!
[2023-04-30T00:00:31.980+0000] {helpers.py:73} ERROR - HTTPSConnectionPool(host='api.pushshift.io', port=443): Max retries exceeded with url: /reddit/search/comment/?q=Knicks&after=30m&size=500 (Caused by NewConnectionError('<urllib3.connection.HTTPSConnection object at 0xffff6c3f1510>: Failed to establish a new connection: [Errno -2] Name or service not known'))
[2023-04-30T00:00:31.984+0000] {helpers.py:74} ERROR - Retrying! 2 attempts before skipping!
[2023-04-30T00:00:33.000+0000] {helpers.py:73} ERROR - HTTPSConnectionPool(host='api.pushshift.io', port=443): Max retries exceeded with url: /reddit/search/comment/?q=Knicks&after=30m&size=500 (Caused by NewConnectionError('<urllib3.connection.HTTPSConnection object at 0xffff6c3f1210>: Failed to establish a new connection: [Errno -2] Name or service not known'))
[2023-04-30T00:00:33.002+0000] {helpers.py:74} ERROR - Retrying! 1 attempts before skipping!
[2023-04-30T00:00:34.014+0000] {helpers.py:73} ERROR - HTTPSConnectionPool(host='api.pushshift.io', port=443): Max retries exceeded with url: /reddit/search/comment/?q=Knicks&after=30m&size=500 (Caused by NewConnectionError('<urllib3.connection.HTTPSConnection object at 0xffff6c3f1510>: Failed to establish a new connection: [Errno -2] Name or service not known'))
[2023-04-30T00:00:34.015+0000] {helpers.py:74} ERROR - Retrying! 0 attempts before skipping!
[2023-04-30T00:00:35.025+0000] {helpers.py:73} ERROR - HTTPSConnectionPool(host='api.pushshift.io', port=443): Max retries exceeded with url: /reddit/search/comment/?q=Knicks&after=30m&size=500 (Caused by NewConnectionError('<urllib3.connection.HTTPSConnection object at 0xffff6c3f1210>: Failed to establish a new connection: [Errno -2] Name or service not known'))
[2023-04-30T00:00:35.026+0000] {helpers.py:74} ERROR - Retrying! -1 attempts before skipping!
[2023-04-30T00:00:36.035+0000] {helpers.py:73} ERROR - HTTPSConnectionPool(host='api.pushshift.io', port=443): Max retries exceeded with url: /reddit/search/comment/?q=Thunder&after=30m&size=500 (Caused by NewConnectionError('<urllib3.connection.HTTPSConnection object at 0xffff6c3f1210>: Failed to establish a new connection: [Errno -2] Name or service not known'))
[2023-04-30T00:00:36.038+0000] {helpers.py:74} ERROR - Retrying! 9 attempts before skipping!
[2023-04-30T00:00:37.049+0000] {helpers.py:73} ERROR - HTTPSConnectionPool(host='api.pushshift.io', port=443): Max retries exceeded with url: /reddit/search/comment/?q=Thunder&after=30m&size=500 (Caused by NewConnectionError('<urllib3.connection.HTTPSConnection object at 0xffff6c3f1290>: Failed to establish a new connection: [Errno -2] Name or service not known'))
[2023-04-30T00:00:37.051+0000] {helpers.py:74} ERROR - Retrying! 8 attempts before skipping!
[2023-04-30T00:00:38.060+0000] {helpers.py:73} ERROR - HTTPSConnectionPool(host='api.pushshift.io', port=443): Max retries exceeded with url: /reddit/search/comment/?q=Thunder&after=30m&size=500 (Caused by NewConnectionError('<urllib3.connection.HTTPSConnection object at 0xffff6c3f1210>: Failed to establish a new connection: [Errno -2] Name or service not known'))
[2023-04-30T00:00:38.061+0000] {helpers.py:74} ERROR - Retrying! 7 attempts before skipping!
[2023-04-30T00:00:39.071+0000] {helpers.py:73} ERROR - HTTPSConnectionPool(host='api.pushshift.io', port=443): Max retries exceeded with url: /reddit/search/comment/?q=Thunder&after=30m&size=500 (Caused by NewConnectionError('<urllib3.connection.HTTPSConnection object at 0xffff6c3f1290>: Failed to establish a new connection: [Errno -2] Name or service not known'))
[2023-04-30T00:00:39.072+0000] {helpers.py:74} ERROR - Retrying! 6 attempts before skipping!
[2023-04-30T00:00:40.418+0000] {helpers.py:73} ERROR - HTTPSConnectionPool(host='api.pushshift.io', port=443): Max retries exceeded with url: /reddit/search/comment/?q=Thunder&after=30m&size=500 (Caused by NewConnectionError('<urllib3.connection.HTTPSConnection object at 0xffff6c3f1210>: Failed to establish a new connection: [Errno -2] Name or service not known'))
[2023-04-30T00:00:40.424+0000] {helpers.py:74} ERROR - Retrying! 5 attempts before skipping!
[2023-04-30T00:00:41.461+0000] {helpers.py:73} ERROR - HTTPSConnectionPool(host='api.pushshift.io', port=443): Max retries exceeded with url: /reddit/search/comment/?q=Thunder&after=30m&size=500 (Caused by NewConnectionError('<urllib3.connection.HTTPSConnection object at 0xffff6c3f1290>: Failed to establish a new connection: [Errno -2] Name or service not known'))
[2023-04-30T00:00:41.463+0000] {helpers.py:74} ERROR - Retrying! 4 attempts before skipping!
[2023-04-30T00:00:42.472+0000] {helpers.py:73} ERROR - HTTPSConnectionPool(host='api.pushshift.io', port=443): Max retries exceeded with url: /reddit/search/comment/?q=Thunder&after=30m&size=500 (Caused by NewConnectionError('<urllib3.connection.HTTPSConnection object at 0xffff6c3f1210>: Failed to establish a new connection: [Errno -2] Name or service not known'))
[2023-04-30T00:00:42.474+0000] {helpers.py:74} ERROR - Retrying! 3 attempts before skipping!
[2023-04-30T00:00:43.480+0000] {helpers.py:73} ERROR - HTTPSConnectionPool(host='api.pushshift.io', port=443): Max retries exceeded with url: /reddit/search/comment/?q=Thunder&after=30m&size=500 (Caused by NewConnectionError('<urllib3.connection.HTTPSConnection object at 0xffff6c3f1290>: Failed to establish a new connection: [Errno -2] Name or service not known'))
[2023-04-30T00:00:43.485+0000] {helpers.py:74} ERROR - Retrying! 2 attempts before skipping!
[2023-04-30T00:00:44.495+0000] {helpers.py:73} ERROR - HTTPSConnectionPool(host='api.pushshift.io', port=443): Max retries exceeded with url: /reddit/search/comment/?q=Thunder&after=30m&size=500 (Caused by NewConnectionError('<urllib3.connection.HTTPSConnection object at 0xffff6c3f1210>: Failed to establish a new connection: [Errno -2] Name or service not known'))
[2023-04-30T00:00:44.504+0000] {helpers.py:74} ERROR - Retrying! 1 attempts before skipping!
[2023-04-30T00:00:45.528+0000] {helpers.py:73} ERROR - HTTPSConnectionPool(host='api.pushshift.io', port=443): Max retries exceeded with url: /reddit/search/comment/?q=Thunder&after=30m&size=500 (Caused by NewConnectionError('<urllib3.connection.HTTPSConnection object at 0xffff6c3f1290>: Failed to establish a new connection: [Errno -2] Name or service not known'))
[2023-04-30T00:00:45.535+0000] {helpers.py:74} ERROR - Retrying! 0 attempts before skipping!
[2023-04-30T00:02:37.165+0000] {helpers.py:69} INFO - Thunder: Successfully scraped!
[2023-04-30T00:02:38.134+0000] {helpers.py:69} INFO - Magic: Successfully scraped!
[2023-04-30T00:02:38.833+0000] {helpers.py:69} INFO - 76ers: Successfully scraped!
[2023-04-30T00:02:39.272+0000] {helpers.py:73} ERROR - Expecting value: line 1 column 1 (char 0)
[2023-04-30T00:02:39.281+0000] {helpers.py:74} ERROR - Retrying! 9 attempts before skipping!
[2023-04-30T00:02:40.545+0000] {helpers.py:73} ERROR - Expecting value: line 1 column 1 (char 0)
[2023-04-30T00:02:40.547+0000] {helpers.py:74} ERROR - Retrying! 8 attempts before skipping!
[2023-04-30T00:02:42.022+0000] {helpers.py:73} ERROR - Expecting value: line 1 column 1 (char 0)
[2023-04-30T00:02:42.025+0000] {helpers.py:74} ERROR - Retrying! 7 attempts before skipping!
[2023-04-30T00:02:43.239+0000] {helpers.py:73} ERROR - Expecting value: line 1 column 1 (char 0)
[2023-04-30T00:02:43.246+0000] {helpers.py:74} ERROR - Retrying! 6 attempts before skipping!
[2023-04-30T00:02:44.419+0000] {helpers.py:73} ERROR - Expecting value: line 1 column 1 (char 0)
[2023-04-30T00:02:44.420+0000] {helpers.py:74} ERROR - Retrying! 5 attempts before skipping!
[2023-04-30T00:02:46.140+0000] {helpers.py:73} ERROR - Expecting value: line 1 column 1 (char 0)
[2023-04-30T00:02:46.143+0000] {helpers.py:74} ERROR - Retrying! 4 attempts before skipping!
[2023-04-30T00:02:47.357+0000] {helpers.py:73} ERROR - Expecting value: line 1 column 1 (char 0)
[2023-04-30T00:02:47.359+0000] {helpers.py:74} ERROR - Retrying! 3 attempts before skipping!
[2023-04-30T00:02:48.568+0000] {helpers.py:73} ERROR - Expecting value: line 1 column 1 (char 0)
[2023-04-30T00:02:48.570+0000] {helpers.py:74} ERROR - Retrying! 2 attempts before skipping!
[2023-04-30T00:02:49.786+0000] {helpers.py:73} ERROR - Expecting value: line 1 column 1 (char 0)
[2023-04-30T00:02:49.796+0000] {helpers.py:74} ERROR - Retrying! 1 attempts before skipping!
[2023-04-30T00:02:51.144+0000] {helpers.py:73} ERROR - Expecting value: line 1 column 1 (char 0)
[2023-04-30T00:02:51.146+0000] {helpers.py:74} ERROR - Retrying! 0 attempts before skipping!
[2023-04-30T00:02:52.592+0000] {helpers.py:73} ERROR - Expecting value: line 1 column 1 (char 0)
[2023-04-30T00:02:52.593+0000] {helpers.py:74} ERROR - Retrying! -1 attempts before skipping!
[2023-04-30T00:02:53.607+0000] {helpers.py:83} INFO - Saved in /opt/***/data/output_scrape_teams_17-24.csv
[2023-04-30T00:02:53.610+0000] {python.py:177} INFO - Done. Returned value was: None
[2023-04-30T00:02:53.634+0000] {taskinstance.py:1332} INFO - Marking task as SUCCESS. dag_id=scrape_and_save_to_csv, task_id=scrape_teams_17-24, execution_date=20230429T203000, start_date=20230429T222445, end_date=20230430T000253
[2023-04-30T00:02:53.708+0000] {process_utils.py:79} INFO - Process psutil.Process(pid=2864, status='terminated', exitcode=0, started='22:24:45') (2864) terminated with exit code 0
