[2023-05-02T20:30:01.071+0000] {taskinstance.py:1090} INFO - Dependencies all met for dep_context=non-requeueable deps ti=<TaskInstance: scrape_and_save_to_csv.scrape_teams_9-16 scheduled__2023-05-02T19:30:00+00:00 [queued]>
[2023-05-02T20:30:01.093+0000] {taskinstance.py:1090} INFO - Dependencies all met for dep_context=requeueable deps ti=<TaskInstance: scrape_and_save_to_csv.scrape_teams_9-16 scheduled__2023-05-02T19:30:00+00:00 [queued]>
[2023-05-02T20:30:01.095+0000] {taskinstance.py:1288} INFO - 
--------------------------------------------------------------------------------
[2023-05-02T20:30:01.097+0000] {taskinstance.py:1289} INFO - Starting attempt 1 of 1
[2023-05-02T20:30:01.100+0000] {taskinstance.py:1290} INFO - 
--------------------------------------------------------------------------------
[2023-05-02T20:30:01.136+0000] {taskinstance.py:1309} INFO - Executing <Task(PythonOperator): scrape_teams_9-16> on 2023-05-02 19:30:00+00:00
[2023-05-02T20:30:01.165+0000] {standard_task_runner.py:55} INFO - Started process 25401 to run task
[2023-05-02T20:30:01.178+0000] {standard_task_runner.py:82} INFO - Running: ['***', 'tasks', 'run', 'scrape_and_save_to_csv', 'scrape_teams_9-16', 'scheduled__2023-05-02T19:30:00+00:00', '--job-id', '2259', '--raw', '--subdir', 'DAGS_FOLDER/scrape_and_save_csv_dag.py', '--cfg-path', '/tmp/tmpqafiocfh']
[2023-05-02T20:30:01.187+0000] {standard_task_runner.py:83} INFO - Job 2259: Subtask scrape_teams_9-16
[2023-05-02T20:30:01.352+0000] {task_command.py:389} INFO - Running <TaskInstance: scrape_and_save_to_csv.scrape_teams_9-16 scheduled__2023-05-02T19:30:00+00:00 [running]> on host 5d4cd8acb346
[2023-05-02T20:30:01.521+0000] {taskinstance.py:1518} INFO - Exporting the following env vars:
AIRFLOW_CTX_DAG_OWNER=***
AIRFLOW_CTX_DAG_ID=scrape_and_save_to_csv
AIRFLOW_CTX_TASK_ID=scrape_teams_9-16
AIRFLOW_CTX_EXECUTION_DATE=2023-05-02T19:30:00+00:00
AIRFLOW_CTX_TRY_NUMBER=1
AIRFLOW_CTX_DAG_RUN_ID=scheduled__2023-05-02T19:30:00+00:00
[2023-05-02T20:30:04.867+0000] {warnings.py:110} WARNING - /home/***/.local/lib/python3.7/site-packages/***/utils/context.py:313: AirflowContextDeprecationWarning: Accessing 'execution_date' from the template is deprecated and will be removed in a future version. Please use 'data_interval_start' or 'logical_date' instead.
  warnings.warn(_create_deprecation_warning(k, replacements))

[2023-05-02T20:30:05.283+0000] {helpers.py:80} INFO - Detroit Pistons: Successfully scraped!
[2023-05-02T20:30:08.206+0000] {helpers.py:80} INFO - Golden State Warriors: Successfully scraped!
[2023-05-02T20:30:12.600+0000] {helpers.py:80} INFO - Houston Rockets: Successfully scraped!
[2023-05-02T20:30:16.745+0000] {helpers.py:80} INFO - Indiana Pacers: Successfully scraped!
[2023-05-02T20:30:19.821+0000] {helpers.py:80} INFO - Los Angeles Clippers: Successfully scraped!
[2023-05-02T20:30:23.059+0000] {helpers.py:80} INFO - Los Angeles Lakers: Successfully scraped!
[2023-05-02T20:30:25.665+0000] {helpers.py:80} INFO - Memphis Grizzlies: Successfully scraped!
[2023-05-02T20:30:28.843+0000] {helpers.py:80} INFO - Miami Heat: Successfully scraped!
[2023-05-02T20:30:28.875+0000] {helpers.py:96} INFO - Saved in /opt/***/data/output_scrape_teams_9-16.csv
[2023-05-02T20:30:28.880+0000] {python.py:177} INFO - Done. Returned value was: None
[2023-05-02T20:30:28.904+0000] {taskinstance.py:1332} INFO - Marking task as SUCCESS. dag_id=scrape_and_save_to_csv, task_id=scrape_teams_9-16, execution_date=20230502T193000, start_date=20230502T203001, end_date=20230502T203028
[2023-05-02T20:30:29.017+0000] {local_task_job.py:212} INFO - Task exited with return code 0
[2023-05-02T20:30:29.048+0000] {taskinstance.py:2596} INFO - 0 downstream tasks scheduled from follow-on schedule check
