[2023-04-30T16:32:00.076+0000] {taskinstance.py:1090} INFO - Dependencies all met for dep_context=non-requeueable deps ti=<TaskInstance: scrape_and_save_to_csv.scrape_teams_17-24 scheduled__2023-04-30T15:30:00+00:00 [queued]>
[2023-04-30T16:32:00.093+0000] {taskinstance.py:1090} INFO - Dependencies all met for dep_context=requeueable deps ti=<TaskInstance: scrape_and_save_to_csv.scrape_teams_17-24 scheduled__2023-04-30T15:30:00+00:00 [queued]>
[2023-04-30T16:32:00.096+0000] {taskinstance.py:1288} INFO - 
--------------------------------------------------------------------------------
[2023-04-30T16:32:00.099+0000] {taskinstance.py:1289} INFO - Starting attempt 1 of 1
[2023-04-30T16:32:00.102+0000] {taskinstance.py:1290} INFO - 
--------------------------------------------------------------------------------
[2023-04-30T16:32:00.130+0000] {taskinstance.py:1309} INFO - Executing <Task(PythonOperator): scrape_teams_17-24> on 2023-04-30 15:30:00+00:00
[2023-04-30T16:32:00.144+0000] {standard_task_runner.py:55} INFO - Started process 938 to run task
[2023-04-30T16:32:00.163+0000] {standard_task_runner.py:82} INFO - Running: ['***', 'tasks', 'run', 'scrape_and_save_to_csv', 'scrape_teams_17-24', 'scheduled__2023-04-30T15:30:00+00:00', '--job-id', '1909', '--raw', '--subdir', 'DAGS_FOLDER/scrape_and_save_csv_dag.py', '--cfg-path', '/tmp/tmpwtgyo3q0']
[2023-04-30T16:32:00.170+0000] {standard_task_runner.py:83} INFO - Job 1909: Subtask scrape_teams_17-24
[2023-04-30T16:32:00.304+0000] {task_command.py:389} INFO - Running <TaskInstance: scrape_and_save_to_csv.scrape_teams_17-24 scheduled__2023-04-30T15:30:00+00:00 [running]> on host b5cee175690f
[2023-04-30T16:32:00.442+0000] {taskinstance.py:1518} INFO - Exporting the following env vars:
AIRFLOW_CTX_DAG_OWNER=***
AIRFLOW_CTX_DAG_ID=scrape_and_save_to_csv
AIRFLOW_CTX_TASK_ID=scrape_teams_17-24
AIRFLOW_CTX_EXECUTION_DATE=2023-04-30T15:30:00+00:00
AIRFLOW_CTX_TRY_NUMBER=1
AIRFLOW_CTX_DAG_RUN_ID=scheduled__2023-04-30T15:30:00+00:00
[2023-04-30T16:44:41.268+0000] {local_task_job.py:277} WARNING - State of this instance has been externally set to failed. Terminating instance.
[2023-04-30T16:44:41.273+0000] {process_utils.py:133} INFO - Sending Signals.SIGTERM to group 938. PIDs of all processes in the group: [938]
[2023-04-30T16:44:41.275+0000] {process_utils.py:84} INFO - Sending the signal Signals.SIGTERM to group 938
[2023-04-30T16:44:41.277+0000] {taskinstance.py:1488} ERROR - Received SIGTERM. Terminating subprocesses.
[2023-04-30T16:44:41.281+0000] {helpers.py:73} ERROR - Task received SIGTERM signal
[2023-04-30T16:44:41.282+0000] {helpers.py:74} ERROR - Retrying! 9 attempts before skipping!
[2023-04-30T16:44:44.034+0000] {warnings.py:110} WARNING - /home/***/.local/lib/python3.7/site-packages/***/utils/context.py:313: AirflowContextDeprecationWarning: Accessing 'execution_date' from the template is deprecated and will be removed in a future version. Please use 'data_interval_start' or 'logical_date' instead.
  warnings.warn(_create_deprecation_warning(k, replacements))

[2023-04-30T16:44:44.052+0000] {helpers.py:69} INFO - Bucks: Successfully scraped!
[2023-04-30T16:44:44.842+0000] {helpers.py:69} INFO - Timberwolves: Successfully scraped!
[2023-04-30T16:44:45.568+0000] {helpers.py:69} INFO - Pelicans: Successfully scraped!
[2023-04-30T16:44:47.413+0000] {helpers.py:69} INFO - Knicks: Successfully scraped!
[2023-04-30T16:44:48.298+0000] {helpers.py:69} INFO - Thunder: Successfully scraped!
[2023-04-30T16:44:49.501+0000] {helpers.py:69} INFO - Magic: Successfully scraped!
[2023-04-30T16:44:50.007+0000] {helpers.py:69} INFO - 76ers: Successfully scraped!
[2023-04-30T16:44:51.454+0000] {helpers.py:69} INFO - Suns: Successfully scraped!
[2023-04-30T16:44:51.460+0000] {helpers.py:83} INFO - Saved in /opt/***/data/output_scrape_teams_17-24.csv
[2023-04-30T16:44:51.462+0000] {python.py:177} INFO - Done. Returned value was: None
[2023-04-30T16:44:51.477+0000] {taskinstance.py:1332} INFO - Marking task as SUCCESS. dag_id=scrape_and_save_to_csv, task_id=scrape_teams_17-24, execution_date=20230430T153000, start_date=20230430T163200, end_date=20230430T164451
[2023-04-30T16:44:51.535+0000] {process_utils.py:79} INFO - Process psutil.Process(pid=938, status='terminated', exitcode=0, started='16:31:59') (938) terminated with exit code 0
