[2023-05-07T15:15:19.655+0000] {taskinstance.py:1090} INFO - Dependencies all met for dep_context=non-requeueable deps ti=<TaskInstance: scrape_and_save_to_csv.scrape_teams_17-24 manual__2023-05-07T15:15:00.999955+00:00 [queued]>
[2023-05-07T15:15:19.666+0000] {taskinstance.py:1090} INFO - Dependencies all met for dep_context=requeueable deps ti=<TaskInstance: scrape_and_save_to_csv.scrape_teams_17-24 manual__2023-05-07T15:15:00.999955+00:00 [queued]>
[2023-05-07T15:15:19.696+0000] {taskinstance.py:1288} INFO - 
--------------------------------------------------------------------------------
[2023-05-07T15:15:19.697+0000] {taskinstance.py:1289} INFO - Starting attempt 1 of 1
[2023-05-07T15:15:19.699+0000] {taskinstance.py:1290} INFO - 
--------------------------------------------------------------------------------
[2023-05-07T15:15:19.711+0000] {taskinstance.py:1309} INFO - Executing <Task(PythonOperator): scrape_teams_17-24> on 2023-05-07 15:15:00.999955+00:00
[2023-05-07T15:15:19.720+0000] {standard_task_runner.py:55} INFO - Started process 3156 to run task
[2023-05-07T15:15:19.727+0000] {standard_task_runner.py:82} INFO - Running: ['***', 'tasks', 'run', 'scrape_and_save_to_csv', 'scrape_teams_17-24', 'manual__2023-05-07T15:15:00.999955+00:00', '--job-id', '2972', '--raw', '--subdir', 'DAGS_FOLDER/scrape_and_push_dag.py', '--cfg-path', '/tmp/tmp_oruycuk']
[2023-05-07T15:15:19.734+0000] {standard_task_runner.py:83} INFO - Job 2972: Subtask scrape_teams_17-24
[2023-05-07T15:15:19.819+0000] {task_command.py:389} INFO - Running <TaskInstance: scrape_and_save_to_csv.scrape_teams_17-24 manual__2023-05-07T15:15:00.999955+00:00 [running]> on host 6589836e9c08
[2023-05-07T15:15:19.852+0000] {warnings.py:110} WARNING - /home/***/.local/lib/python3.7/site-packages/***/utils/context.py:205: AirflowContextDeprecationWarning: Accessing 'execution_date' from the template is deprecated and will be removed in a future version. Please use 'data_interval_start' or 'logical_date' instead.
  warnings.warn(_create_deprecation_warning(key, self._deprecation_replacements[key]))

[2023-05-07T15:15:19.895+0000] {taskinstance.py:1518} INFO - Exporting the following env vars:
AIRFLOW_CTX_DAG_OWNER=***
AIRFLOW_CTX_DAG_ID=scrape_and_save_to_csv
AIRFLOW_CTX_TASK_ID=scrape_teams_17-24
AIRFLOW_CTX_EXECUTION_DATE=2023-05-07T15:15:00.999955+00:00
AIRFLOW_CTX_TRY_NUMBER=1
AIRFLOW_CTX_DAG_RUN_ID=manual__2023-05-07T15:15:00.999955+00:00
[2023-05-07T15:15:20.334+0000] {helpers.py:86} INFO - Milwaukee Bucks: Successfully scraped!
[2023-05-07T15:15:20.533+0000] {logging_mixin.py:137} INFO - Expecting value: line 1 column 1 (char 0)
[2023-05-07T15:15:20.534+0000] {helpers.py:92} ERROR - Expecting value: line 1 column 1 (char 0)
[2023-05-07T15:15:20.536+0000] {helpers.py:93} ERROR - Retrying! 9 attempts before skipping!
[2023-05-07T15:15:22.092+0000] {logging_mixin.py:137} INFO - Expecting value: line 1 column 1 (char 0)
[2023-05-07T15:15:22.094+0000] {helpers.py:92} ERROR - Expecting value: line 1 column 1 (char 0)
[2023-05-07T15:15:22.095+0000] {helpers.py:93} ERROR - Retrying! 8 attempts before skipping!
[2023-05-07T15:15:23.399+0000] {logging_mixin.py:137} INFO - Expecting value: line 1 column 1 (char 0)
[2023-05-07T15:15:23.400+0000] {helpers.py:92} ERROR - Expecting value: line 1 column 1 (char 0)
[2023-05-07T15:15:23.402+0000] {helpers.py:93} ERROR - Retrying! 7 attempts before skipping!
[2023-05-07T15:15:24.600+0000] {logging_mixin.py:137} INFO - Expecting value: line 1 column 1 (char 0)
[2023-05-07T15:15:24.601+0000] {helpers.py:92} ERROR - Expecting value: line 1 column 1 (char 0)
[2023-05-07T15:15:24.602+0000] {helpers.py:93} ERROR - Retrying! 6 attempts before skipping!
[2023-05-07T15:15:26.079+0000] {logging_mixin.py:137} INFO - Expecting value: line 1 column 1 (char 0)
[2023-05-07T15:15:26.083+0000] {helpers.py:92} ERROR - Expecting value: line 1 column 1 (char 0)
[2023-05-07T15:15:26.087+0000] {helpers.py:93} ERROR - Retrying! 5 attempts before skipping!
[2023-05-07T15:15:27.240+0000] {logging_mixin.py:137} INFO - Expecting value: line 1 column 1 (char 0)
[2023-05-07T15:15:27.242+0000] {helpers.py:92} ERROR - Expecting value: line 1 column 1 (char 0)
[2023-05-07T15:15:27.244+0000] {helpers.py:93} ERROR - Retrying! 4 attempts before skipping!
[2023-05-07T15:15:28.394+0000] {logging_mixin.py:137} INFO - Expecting value: line 1 column 1 (char 0)
[2023-05-07T15:15:28.396+0000] {helpers.py:92} ERROR - Expecting value: line 1 column 1 (char 0)
[2023-05-07T15:15:28.397+0000] {helpers.py:93} ERROR - Retrying! 3 attempts before skipping!
[2023-05-07T15:15:29.586+0000] {logging_mixin.py:137} INFO - Expecting value: line 1 column 1 (char 0)
[2023-05-07T15:15:29.589+0000] {helpers.py:92} ERROR - Expecting value: line 1 column 1 (char 0)
[2023-05-07T15:15:29.590+0000] {helpers.py:93} ERROR - Retrying! 2 attempts before skipping!
[2023-05-07T15:15:30.858+0000] {logging_mixin.py:137} INFO - Expecting value: line 1 column 1 (char 0)
[2023-05-07T15:15:30.865+0000] {helpers.py:92} ERROR - Expecting value: line 1 column 1 (char 0)
[2023-05-07T15:15:30.866+0000] {helpers.py:93} ERROR - Retrying! 1 attempts before skipping!
[2023-05-07T15:15:32.019+0000] {logging_mixin.py:137} INFO - Expecting value: line 1 column 1 (char 0)
[2023-05-07T15:15:32.020+0000] {helpers.py:92} ERROR - Expecting value: line 1 column 1 (char 0)
[2023-05-07T15:15:32.021+0000] {helpers.py:93} ERROR - Retrying! 0 attempts before skipping!
[2023-05-07T15:15:33.293+0000] {logging_mixin.py:137} INFO - Expecting value: line 1 column 1 (char 0)
[2023-05-07T15:15:33.294+0000] {helpers.py:92} ERROR - Expecting value: line 1 column 1 (char 0)
[2023-05-07T15:15:33.295+0000] {helpers.py:93} ERROR - Retrying! -1 attempts before skipping!
[2023-05-07T15:15:34.665+0000] {logging_mixin.py:137} INFO - Expecting value: line 1 column 1 (char 0)
[2023-05-07T15:15:34.666+0000] {helpers.py:92} ERROR - Expecting value: line 1 column 1 (char 0)
[2023-05-07T15:15:34.667+0000] {helpers.py:93} ERROR - Retrying! 9 attempts before skipping!
[2023-05-07T15:15:35.826+0000] {logging_mixin.py:137} INFO - Expecting value: line 1 column 1 (char 0)
[2023-05-07T15:15:35.827+0000] {helpers.py:92} ERROR - Expecting value: line 1 column 1 (char 0)
[2023-05-07T15:15:35.829+0000] {helpers.py:93} ERROR - Retrying! 8 attempts before skipping!
[2023-05-07T15:15:37.030+0000] {logging_mixin.py:137} INFO - Expecting value: line 1 column 1 (char 0)
[2023-05-07T15:15:37.067+0000] {helpers.py:92} ERROR - Expecting value: line 1 column 1 (char 0)
[2023-05-07T15:15:37.069+0000] {helpers.py:93} ERROR - Retrying! 7 attempts before skipping!
[2023-05-07T15:15:38.415+0000] {logging_mixin.py:137} INFO - Expecting value: line 1 column 1 (char 0)
[2023-05-07T15:15:38.416+0000] {helpers.py:92} ERROR - Expecting value: line 1 column 1 (char 0)
[2023-05-07T15:15:38.417+0000] {helpers.py:93} ERROR - Retrying! 6 attempts before skipping!
[2023-05-07T15:15:39.784+0000] {logging_mixin.py:137} INFO - Expecting value: line 1 column 1 (char 0)
[2023-05-07T15:15:39.802+0000] {helpers.py:92} ERROR - Expecting value: line 1 column 1 (char 0)
[2023-05-07T15:15:39.804+0000] {helpers.py:93} ERROR - Retrying! 5 attempts before skipping!
[2023-05-07T15:15:40.957+0000] {logging_mixin.py:137} INFO - Expecting value: line 1 column 1 (char 0)
[2023-05-07T15:15:40.958+0000] {helpers.py:92} ERROR - Expecting value: line 1 column 1 (char 0)
[2023-05-07T15:15:40.958+0000] {helpers.py:93} ERROR - Retrying! 4 attempts before skipping!
[2023-05-07T15:15:42.110+0000] {logging_mixin.py:137} INFO - Expecting value: line 1 column 1 (char 0)
[2023-05-07T15:15:42.111+0000] {helpers.py:92} ERROR - Expecting value: line 1 column 1 (char 0)
[2023-05-07T15:15:42.113+0000] {helpers.py:93} ERROR - Retrying! 3 attempts before skipping!
[2023-05-07T15:15:43.319+0000] {logging_mixin.py:137} INFO - Expecting value: line 1 column 1 (char 0)
[2023-05-07T15:15:43.320+0000] {helpers.py:92} ERROR - Expecting value: line 1 column 1 (char 0)
[2023-05-07T15:15:43.321+0000] {helpers.py:93} ERROR - Retrying! 2 attempts before skipping!
[2023-05-07T15:15:44.474+0000] {logging_mixin.py:137} INFO - Expecting value: line 1 column 1 (char 0)
[2023-05-07T15:15:44.537+0000] {helpers.py:92} ERROR - Expecting value: line 1 column 1 (char 0)
[2023-05-07T15:15:44.540+0000] {helpers.py:93} ERROR - Retrying! 1 attempts before skipping!
[2023-05-07T15:15:45.695+0000] {logging_mixin.py:137} INFO - Expecting value: line 1 column 1 (char 0)
[2023-05-07T15:15:45.704+0000] {helpers.py:92} ERROR - Expecting value: line 1 column 1 (char 0)
[2023-05-07T15:15:45.705+0000] {helpers.py:93} ERROR - Retrying! 0 attempts before skipping!
[2023-05-07T15:15:46.874+0000] {logging_mixin.py:137} INFO - Expecting value: line 1 column 1 (char 0)
[2023-05-07T15:15:46.877+0000] {helpers.py:92} ERROR - Expecting value: line 1 column 1 (char 0)
[2023-05-07T15:15:46.880+0000] {helpers.py:93} ERROR - Retrying! -1 attempts before skipping!
[2023-05-07T15:15:48.240+0000] {logging_mixin.py:137} INFO - Expecting value: line 1 column 1 (char 0)
[2023-05-07T15:15:48.241+0000] {helpers.py:92} ERROR - Expecting value: line 1 column 1 (char 0)
[2023-05-07T15:15:48.243+0000] {helpers.py:93} ERROR - Retrying! 9 attempts before skipping!
[2023-05-07T15:15:49.595+0000] {logging_mixin.py:137} INFO - Expecting value: line 1 column 1 (char 0)
[2023-05-07T15:15:49.596+0000] {helpers.py:92} ERROR - Expecting value: line 1 column 1 (char 0)
[2023-05-07T15:15:49.597+0000] {helpers.py:93} ERROR - Retrying! 8 attempts before skipping!
[2023-05-07T15:15:50.945+0000] {logging_mixin.py:137} INFO - Expecting value: line 1 column 1 (char 0)
[2023-05-07T15:15:50.947+0000] {helpers.py:92} ERROR - Expecting value: line 1 column 1 (char 0)
[2023-05-07T15:15:50.948+0000] {helpers.py:93} ERROR - Retrying! 7 attempts before skipping!
[2023-05-07T15:15:52.131+0000] {logging_mixin.py:137} INFO - Expecting value: line 1 column 1 (char 0)
[2023-05-07T15:15:52.133+0000] {helpers.py:92} ERROR - Expecting value: line 1 column 1 (char 0)
[2023-05-07T15:15:52.134+0000] {helpers.py:93} ERROR - Retrying! 6 attempts before skipping!
[2023-05-07T15:15:53.288+0000] {logging_mixin.py:137} INFO - Expecting value: line 1 column 1 (char 0)
[2023-05-07T15:15:53.289+0000] {helpers.py:92} ERROR - Expecting value: line 1 column 1 (char 0)
[2023-05-07T15:15:53.290+0000] {helpers.py:93} ERROR - Retrying! 5 attempts before skipping!
[2023-05-07T15:15:54.469+0000] {logging_mixin.py:137} INFO - Expecting value: line 1 column 1 (char 0)
[2023-05-07T15:15:54.470+0000] {helpers.py:92} ERROR - Expecting value: line 1 column 1 (char 0)
[2023-05-07T15:15:54.471+0000] {helpers.py:93} ERROR - Retrying! 4 attempts before skipping!
[2023-05-07T15:15:55.626+0000] {logging_mixin.py:137} INFO - Expecting value: line 1 column 1 (char 0)
[2023-05-07T15:15:55.627+0000] {helpers.py:92} ERROR - Expecting value: line 1 column 1 (char 0)
[2023-05-07T15:15:55.629+0000] {helpers.py:93} ERROR - Retrying! 3 attempts before skipping!
[2023-05-07T15:15:56.776+0000] {logging_mixin.py:137} INFO - Expecting value: line 1 column 1 (char 0)
[2023-05-07T15:15:56.778+0000] {helpers.py:92} ERROR - Expecting value: line 1 column 1 (char 0)
[2023-05-07T15:15:56.779+0000] {helpers.py:93} ERROR - Retrying! 2 attempts before skipping!
[2023-05-07T15:15:57.942+0000] {logging_mixin.py:137} INFO - Expecting value: line 1 column 1 (char 0)
[2023-05-07T15:15:57.943+0000] {helpers.py:92} ERROR - Expecting value: line 1 column 1 (char 0)
[2023-05-07T15:15:57.945+0000] {helpers.py:93} ERROR - Retrying! 1 attempts before skipping!
[2023-05-07T15:15:59.288+0000] {logging_mixin.py:137} INFO - Expecting value: line 1 column 1 (char 0)
[2023-05-07T15:15:59.291+0000] {helpers.py:92} ERROR - Expecting value: line 1 column 1 (char 0)
[2023-05-07T15:15:59.292+0000] {helpers.py:93} ERROR - Retrying! 0 attempts before skipping!
[2023-05-07T15:16:00.602+0000] {logging_mixin.py:137} INFO - Expecting value: line 1 column 1 (char 0)
[2023-05-07T15:16:00.603+0000] {helpers.py:92} ERROR - Expecting value: line 1 column 1 (char 0)
[2023-05-07T15:16:00.604+0000] {helpers.py:93} ERROR - Retrying! -1 attempts before skipping!
[2023-05-07T15:16:01.771+0000] {logging_mixin.py:137} INFO - Expecting value: line 1 column 1 (char 0)
[2023-05-07T15:16:01.773+0000] {helpers.py:92} ERROR - Expecting value: line 1 column 1 (char 0)
[2023-05-07T15:16:01.775+0000] {helpers.py:93} ERROR - Retrying! 9 attempts before skipping!
[2023-05-07T15:16:03.225+0000] {logging_mixin.py:137} INFO - Expecting value: line 1 column 1 (char 0)
[2023-05-07T15:16:03.227+0000] {helpers.py:92} ERROR - Expecting value: line 1 column 1 (char 0)
[2023-05-07T15:16:03.228+0000] {helpers.py:93} ERROR - Retrying! 8 attempts before skipping!
[2023-05-07T15:16:04.409+0000] {logging_mixin.py:137} INFO - Expecting value: line 1 column 1 (char 0)
[2023-05-07T15:16:04.410+0000] {helpers.py:92} ERROR - Expecting value: line 1 column 1 (char 0)
[2023-05-07T15:16:04.420+0000] {helpers.py:93} ERROR - Retrying! 7 attempts before skipping!
[2023-05-07T15:16:05.591+0000] {logging_mixin.py:137} INFO - Expecting value: line 1 column 1 (char 0)
[2023-05-07T15:16:05.592+0000] {helpers.py:92} ERROR - Expecting value: line 1 column 1 (char 0)
[2023-05-07T15:16:05.593+0000] {helpers.py:93} ERROR - Retrying! 6 attempts before skipping!
[2023-05-07T15:16:06.751+0000] {logging_mixin.py:137} INFO - Expecting value: line 1 column 1 (char 0)
[2023-05-07T15:16:06.752+0000] {helpers.py:92} ERROR - Expecting value: line 1 column 1 (char 0)
[2023-05-07T15:16:06.753+0000] {helpers.py:93} ERROR - Retrying! 5 attempts before skipping!
[2023-05-07T15:16:08.253+0000] {logging_mixin.py:137} INFO - Expecting value: line 1 column 1 (char 0)
[2023-05-07T15:16:08.256+0000] {helpers.py:92} ERROR - Expecting value: line 1 column 1 (char 0)
[2023-05-07T15:16:08.257+0000] {helpers.py:93} ERROR - Retrying! 4 attempts before skipping!
[2023-05-07T15:16:09.442+0000] {logging_mixin.py:137} INFO - Expecting value: line 1 column 1 (char 0)
[2023-05-07T15:16:09.443+0000] {helpers.py:92} ERROR - Expecting value: line 1 column 1 (char 0)
[2023-05-07T15:16:09.444+0000] {helpers.py:93} ERROR - Retrying! 3 attempts before skipping!
[2023-05-07T15:16:10.592+0000] {logging_mixin.py:137} INFO - Expecting value: line 1 column 1 (char 0)
[2023-05-07T15:16:10.593+0000] {helpers.py:92} ERROR - Expecting value: line 1 column 1 (char 0)
[2023-05-07T15:16:10.594+0000] {helpers.py:93} ERROR - Retrying! 2 attempts before skipping!
[2023-05-07T15:16:11.770+0000] {logging_mixin.py:137} INFO - Expecting value: line 1 column 1 (char 0)
[2023-05-07T15:16:11.771+0000] {helpers.py:92} ERROR - Expecting value: line 1 column 1 (char 0)
[2023-05-07T15:16:11.773+0000] {helpers.py:93} ERROR - Retrying! 1 attempts before skipping!
[2023-05-07T15:16:13.054+0000] {logging_mixin.py:137} INFO - Expecting value: line 1 column 1 (char 0)
[2023-05-07T15:16:13.055+0000] {helpers.py:92} ERROR - Expecting value: line 1 column 1 (char 0)
[2023-05-07T15:16:13.056+0000] {helpers.py:93} ERROR - Retrying! 0 attempts before skipping!
[2023-05-07T15:16:14.244+0000] {logging_mixin.py:137} INFO - Expecting value: line 1 column 1 (char 0)
[2023-05-07T15:16:14.247+0000] {helpers.py:92} ERROR - Expecting value: line 1 column 1 (char 0)
[2023-05-07T15:16:14.249+0000] {helpers.py:93} ERROR - Retrying! -1 attempts before skipping!
[2023-05-07T15:16:15.546+0000] {logging_mixin.py:137} INFO - Expecting value: line 1 column 1 (char 0)
[2023-05-07T15:16:15.547+0000] {helpers.py:92} ERROR - Expecting value: line 1 column 1 (char 0)
[2023-05-07T15:16:15.549+0000] {helpers.py:93} ERROR - Retrying! 9 attempts before skipping!
[2023-05-07T15:16:16.905+0000] {logging_mixin.py:137} INFO - Expecting value: line 1 column 1 (char 0)
[2023-05-07T15:16:16.906+0000] {helpers.py:92} ERROR - Expecting value: line 1 column 1 (char 0)
[2023-05-07T15:16:16.908+0000] {helpers.py:93} ERROR - Retrying! 8 attempts before skipping!
[2023-05-07T15:16:18.074+0000] {logging_mixin.py:137} INFO - Expecting value: line 1 column 1 (char 0)
[2023-05-07T15:16:18.078+0000] {helpers.py:92} ERROR - Expecting value: line 1 column 1 (char 0)
[2023-05-07T15:16:18.079+0000] {helpers.py:93} ERROR - Retrying! 7 attempts before skipping!
[2023-05-07T15:16:19.450+0000] {logging_mixin.py:137} INFO - Expecting value: line 1 column 1 (char 0)
[2023-05-07T15:16:19.453+0000] {helpers.py:92} ERROR - Expecting value: line 1 column 1 (char 0)
[2023-05-07T15:16:19.456+0000] {helpers.py:93} ERROR - Retrying! 6 attempts before skipping!
[2023-05-07T15:16:20.724+0000] {logging_mixin.py:137} INFO - Expecting value: line 1 column 1 (char 0)
[2023-05-07T15:16:20.725+0000] {helpers.py:92} ERROR - Expecting value: line 1 column 1 (char 0)
[2023-05-07T15:16:20.726+0000] {helpers.py:93} ERROR - Retrying! 5 attempts before skipping!
[2023-05-07T15:16:22.029+0000] {logging_mixin.py:137} INFO - Expecting value: line 1 column 1 (char 0)
[2023-05-07T15:16:22.031+0000] {helpers.py:92} ERROR - Expecting value: line 1 column 1 (char 0)
[2023-05-07T15:16:22.032+0000] {helpers.py:93} ERROR - Retrying! 4 attempts before skipping!
[2023-05-07T15:16:23.393+0000] {logging_mixin.py:137} INFO - Expecting value: line 1 column 1 (char 0)
[2023-05-07T15:16:23.394+0000] {helpers.py:92} ERROR - Expecting value: line 1 column 1 (char 0)
[2023-05-07T15:16:23.412+0000] {helpers.py:93} ERROR - Retrying! 3 attempts before skipping!
[2023-05-07T15:16:24.582+0000] {logging_mixin.py:137} INFO - Expecting value: line 1 column 1 (char 0)
[2023-05-07T15:16:24.584+0000] {helpers.py:92} ERROR - Expecting value: line 1 column 1 (char 0)
[2023-05-07T15:16:24.602+0000] {helpers.py:93} ERROR - Retrying! 2 attempts before skipping!
[2023-05-07T15:16:25.903+0000] {logging_mixin.py:137} INFO - Expecting value: line 1 column 1 (char 0)
[2023-05-07T15:16:25.904+0000] {helpers.py:92} ERROR - Expecting value: line 1 column 1 (char 0)
[2023-05-07T15:16:25.905+0000] {helpers.py:93} ERROR - Retrying! 1 attempts before skipping!
[2023-05-07T15:16:27.134+0000] {logging_mixin.py:137} INFO - Expecting value: line 1 column 1 (char 0)
[2023-05-07T15:16:27.135+0000] {helpers.py:92} ERROR - Expecting value: line 1 column 1 (char 0)
[2023-05-07T15:16:27.136+0000] {helpers.py:93} ERROR - Retrying! 0 attempts before skipping!
[2023-05-07T15:16:28.485+0000] {logging_mixin.py:137} INFO - Expecting value: line 1 column 1 (char 0)
[2023-05-07T15:16:28.486+0000] {helpers.py:92} ERROR - Expecting value: line 1 column 1 (char 0)
[2023-05-07T15:16:28.487+0000] {helpers.py:93} ERROR - Retrying! -1 attempts before skipping!
[2023-05-07T15:16:29.698+0000] {logging_mixin.py:137} INFO - Expecting value: line 1 column 1 (char 0)
[2023-05-07T15:16:29.706+0000] {helpers.py:92} ERROR - Expecting value: line 1 column 1 (char 0)
[2023-05-07T15:16:29.708+0000] {helpers.py:93} ERROR - Retrying! 9 attempts before skipping!
[2023-05-07T15:16:31.133+0000] {logging_mixin.py:137} INFO - Expecting value: line 1 column 1 (char 0)
[2023-05-07T15:16:31.136+0000] {helpers.py:92} ERROR - Expecting value: line 1 column 1 (char 0)
[2023-05-07T15:16:31.138+0000] {helpers.py:93} ERROR - Retrying! 8 attempts before skipping!
[2023-05-07T15:16:32.927+0000] {logging_mixin.py:137} INFO - Expecting value: line 1 column 1 (char 0)
[2023-05-07T15:16:32.929+0000] {helpers.py:92} ERROR - Expecting value: line 1 column 1 (char 0)
[2023-05-07T15:16:32.931+0000] {helpers.py:93} ERROR - Retrying! 7 attempts before skipping!
[2023-05-07T15:16:34.083+0000] {logging_mixin.py:137} INFO - Expecting value: line 1 column 1 (char 0)
[2023-05-07T15:16:34.084+0000] {helpers.py:92} ERROR - Expecting value: line 1 column 1 (char 0)
[2023-05-07T15:16:34.087+0000] {helpers.py:93} ERROR - Retrying! 6 attempts before skipping!
[2023-05-07T15:16:35.239+0000] {logging_mixin.py:137} INFO - Expecting value: line 1 column 1 (char 0)
[2023-05-07T15:16:35.241+0000] {helpers.py:92} ERROR - Expecting value: line 1 column 1 (char 0)
[2023-05-07T15:16:35.243+0000] {helpers.py:93} ERROR - Retrying! 5 attempts before skipping!
[2023-05-07T15:16:36.409+0000] {logging_mixin.py:137} INFO - Expecting value: line 1 column 1 (char 0)
[2023-05-07T15:16:36.411+0000] {helpers.py:92} ERROR - Expecting value: line 1 column 1 (char 0)
[2023-05-07T15:16:36.412+0000] {helpers.py:93} ERROR - Retrying! 4 attempts before skipping!
[2023-05-07T15:16:37.594+0000] {logging_mixin.py:137} INFO - Expecting value: line 1 column 1 (char 0)
[2023-05-07T15:16:37.597+0000] {helpers.py:92} ERROR - Expecting value: line 1 column 1 (char 0)
[2023-05-07T15:16:37.603+0000] {helpers.py:93} ERROR - Retrying! 3 attempts before skipping!
[2023-05-07T15:16:38.934+0000] {logging_mixin.py:137} INFO - Expecting value: line 1 column 1 (char 0)
[2023-05-07T15:16:38.935+0000] {helpers.py:92} ERROR - Expecting value: line 1 column 1 (char 0)
[2023-05-07T15:16:38.936+0000] {helpers.py:93} ERROR - Retrying! 2 attempts before skipping!
[2023-05-07T15:16:40.281+0000] {logging_mixin.py:137} INFO - Expecting value: line 1 column 1 (char 0)
[2023-05-07T15:16:40.283+0000] {helpers.py:92} ERROR - Expecting value: line 1 column 1 (char 0)
[2023-05-07T15:16:40.284+0000] {helpers.py:93} ERROR - Retrying! 1 attempts before skipping!
[2023-05-07T15:16:41.436+0000] {logging_mixin.py:137} INFO - Expecting value: line 1 column 1 (char 0)
[2023-05-07T15:16:41.438+0000] {helpers.py:92} ERROR - Expecting value: line 1 column 1 (char 0)
[2023-05-07T15:16:41.439+0000] {helpers.py:93} ERROR - Retrying! 0 attempts before skipping!
[2023-05-07T15:16:42.683+0000] {logging_mixin.py:137} INFO - Expecting value: line 1 column 1 (char 0)
[2023-05-07T15:16:42.684+0000] {helpers.py:92} ERROR - Expecting value: line 1 column 1 (char 0)
[2023-05-07T15:16:42.686+0000] {helpers.py:93} ERROR - Retrying! -1 attempts before skipping!
[2023-05-07T15:16:43.994+0000] {logging_mixin.py:137} INFO - Expecting value: line 1 column 1 (char 0)
[2023-05-07T15:16:43.995+0000] {helpers.py:92} ERROR - Expecting value: line 1 column 1 (char 0)
[2023-05-07T15:16:43.996+0000] {helpers.py:93} ERROR - Retrying! 9 attempts before skipping!
[2023-05-07T15:16:45.478+0000] {logging_mixin.py:137} INFO - Expecting value: line 1 column 1 (char 0)
[2023-05-07T15:16:45.481+0000] {helpers.py:92} ERROR - Expecting value: line 1 column 1 (char 0)
[2023-05-07T15:16:45.488+0000] {helpers.py:93} ERROR - Retrying! 8 attempts before skipping!
[2023-05-07T15:16:47.223+0000] {helpers.py:86} INFO - Phoenix Suns: Successfully scraped!
[2023-05-07T15:16:47.241+0000] {helpers.py:102} INFO - Saved in /opt/***/data/output_scrape_teams_17-24.csv
[2023-05-07T15:16:47.246+0000] {python.py:177} INFO - Done. Returned value was: None
[2023-05-07T15:16:47.276+0000] {taskinstance.py:1332} INFO - Marking task as SUCCESS. dag_id=scrape_and_save_to_csv, task_id=scrape_teams_17-24, execution_date=20230507T151500, start_date=20230507T151519, end_date=20230507T151647
[2023-05-07T15:16:47.315+0000] {local_task_job.py:212} INFO - Task exited with return code 0
[2023-05-07T15:16:47.338+0000] {taskinstance.py:2596} INFO - 0 downstream tasks scheduled from follow-on schedule check
