[2023-05-07T03:19:50.697+0000] {taskinstance.py:1090} INFO - Dependencies all met for dep_context=non-requeueable deps ti=<TaskInstance: scrape_and_save_to_csv.scrape_teams_17-24 scheduled__2022-05-01T20:00:00+00:00 [queued]>
[2023-05-07T03:19:50.711+0000] {taskinstance.py:1090} INFO - Dependencies all met for dep_context=requeueable deps ti=<TaskInstance: scrape_and_save_to_csv.scrape_teams_17-24 scheduled__2022-05-01T20:00:00+00:00 [queued]>
[2023-05-07T03:19:50.712+0000] {taskinstance.py:1288} INFO - 
--------------------------------------------------------------------------------
[2023-05-07T03:19:50.713+0000] {taskinstance.py:1289} INFO - Starting attempt 1 of 1
[2023-05-07T03:19:50.714+0000] {taskinstance.py:1290} INFO - 
--------------------------------------------------------------------------------
[2023-05-07T03:19:50.728+0000] {taskinstance.py:1309} INFO - Executing <Task(PythonOperator): scrape_teams_17-24> on 2022-05-01 20:00:00+00:00
[2023-05-07T03:19:50.736+0000] {standard_task_runner.py:55} INFO - Started process 1295 to run task
[2023-05-07T03:19:50.740+0000] {standard_task_runner.py:82} INFO - Running: ['***', 'tasks', 'run', 'scrape_and_save_to_csv', 'scrape_teams_17-24', 'scheduled__2022-05-01T20:00:00+00:00', '--job-id', '2738', '--raw', '--subdir', 'DAGS_FOLDER/scrape_and_push_dag.py', '--cfg-path', '/tmp/tmprbutqouz']
[2023-05-07T03:19:50.743+0000] {standard_task_runner.py:83} INFO - Job 2738: Subtask scrape_teams_17-24
[2023-05-07T03:19:50.827+0000] {task_command.py:389} INFO - Running <TaskInstance: scrape_and_save_to_csv.scrape_teams_17-24 scheduled__2022-05-01T20:00:00+00:00 [running]> on host 6589836e9c08
[2023-05-07T03:19:50.929+0000] {taskinstance.py:1518} INFO - Exporting the following env vars:
AIRFLOW_CTX_DAG_OWNER=***
AIRFLOW_CTX_DAG_ID=scrape_and_save_to_csv
AIRFLOW_CTX_TASK_ID=scrape_teams_17-24
AIRFLOW_CTX_EXECUTION_DATE=2022-05-01T20:00:00+00:00
AIRFLOW_CTX_TRY_NUMBER=1
AIRFLOW_CTX_DAG_RUN_ID=scheduled__2022-05-01T20:00:00+00:00
[2023-05-07T03:19:50.934+0000] {taskinstance.py:1776} ERROR - Task failed with exception
Traceback (most recent call last):
  File "/home/airflow/.local/lib/python3.7/site-packages/airflow/operators/python.py", line 175, in execute
    return_value = self.execute_callable()
  File "/home/airflow/.local/lib/python3.7/site-packages/airflow/operators/python.py", line 192, in execute_callable
    return self.python_callable(*self.op_args, **self.op_kwargs)
TypeError: scrape_and_save() missing 1 required positional argument: 'current_date'
[2023-05-07T03:19:50.946+0000] {taskinstance.py:1332} INFO - Marking task as FAILED. dag_id=scrape_and_save_to_csv, task_id=scrape_teams_17-24, execution_date=20220501T200000, start_date=20230507T031950, end_date=20230507T031950
[2023-05-07T03:19:50.957+0000] {standard_task_runner.py:105} ERROR - Failed to execute job 2738 for task scrape_teams_17-24 (scrape_and_save() missing 1 required positional argument: 'current_date'; 1295)
[2023-05-07T03:19:50.995+0000] {local_task_job.py:212} INFO - Task exited with return code 1
[2023-05-07T03:19:51.035+0000] {taskinstance.py:2596} INFO - 0 downstream tasks scheduled from follow-on schedule check
[2023-05-08T23:43:02.207+0000] {taskinstance.py:1090} INFO - Dependencies all met for dep_context=non-requeueable deps ti=<TaskInstance: scrape_and_save_to_csv.scrape_teams_17-24 scheduled__2022-05-01T20:00:00+00:00 [queued]>
[2023-05-08T23:43:02.226+0000] {taskinstance.py:1090} INFO - Dependencies all met for dep_context=requeueable deps ti=<TaskInstance: scrape_and_save_to_csv.scrape_teams_17-24 scheduled__2022-05-01T20:00:00+00:00 [queued]>
[2023-05-08T23:43:02.228+0000] {taskinstance.py:1288} INFO - 
--------------------------------------------------------------------------------
[2023-05-08T23:43:02.232+0000] {taskinstance.py:1289} INFO - Starting attempt 1 of 1
[2023-05-08T23:43:02.233+0000] {taskinstance.py:1290} INFO - 
--------------------------------------------------------------------------------
[2023-05-08T23:43:02.255+0000] {taskinstance.py:1309} INFO - Executing <Task(PythonOperator): scrape_teams_17-24> on 2022-05-01 20:00:00+00:00
[2023-05-08T23:43:02.262+0000] {standard_task_runner.py:55} INFO - Started process 81 to run task
[2023-05-08T23:43:02.280+0000] {standard_task_runner.py:82} INFO - Running: ['***', 'tasks', 'run', 'scrape_and_save_to_csv', 'scrape_teams_17-24', 'scheduled__2022-05-01T20:00:00+00:00', '--job-id', '3080', '--raw', '--subdir', 'DAGS_FOLDER/scrape_and_push_dag.py', '--cfg-path', '/tmp/tmp8qngrtu5']
[2023-05-08T23:43:02.284+0000] {standard_task_runner.py:83} INFO - Job 3080: Subtask scrape_teams_17-24
[2023-05-08T23:43:02.475+0000] {task_command.py:389} INFO - Running <TaskInstance: scrape_and_save_to_csv.scrape_teams_17-24 scheduled__2022-05-01T20:00:00+00:00 [running]> on host f41dbfa3d325
[2023-05-08T23:43:02.581+0000] {warnings.py:110} WARNING - /home/***/.local/lib/python3.7/site-packages/***/utils/context.py:205: AirflowContextDeprecationWarning: Accessing 'execution_date' from the template is deprecated and will be removed in a future version. Please use 'data_interval_start' or 'logical_date' instead.
  warnings.warn(_create_deprecation_warning(key, self._deprecation_replacements[key]))

[2023-05-08T23:43:02.695+0000] {taskinstance.py:1518} INFO - Exporting the following env vars:
AIRFLOW_CTX_DAG_OWNER=***
AIRFLOW_CTX_DAG_ID=scrape_and_save_to_csv
AIRFLOW_CTX_TASK_ID=scrape_teams_17-24
AIRFLOW_CTX_EXECUTION_DATE=2022-05-01T20:00:00+00:00
AIRFLOW_CTX_TRY_NUMBER=1
AIRFLOW_CTX_DAG_RUN_ID=scheduled__2022-05-01T20:00:00+00:00
[2023-05-08T23:43:02.702+0000] {taskinstance.py:1776} ERROR - Task failed with exception
Traceback (most recent call last):
  File "/home/airflow/.local/lib/python3.7/site-packages/airflow/operators/python.py", line 175, in execute
    return_value = self.execute_callable()
  File "/home/airflow/.local/lib/python3.7/site-packages/airflow/operators/python.py", line 192, in execute_callable
    return self.python_callable(*self.op_args, **self.op_kwargs)
  File "/opt/airflow/dags/helpers.py", line 59, in scrape_and_save
    after = datetime.fromisoformat(f"{{ execution_date }}")
ValueError: Invalid isoformat string: '{ execution_date }'
[2023-05-08T23:43:02.752+0000] {taskinstance.py:1332} INFO - Marking task as FAILED. dag_id=scrape_and_save_to_csv, task_id=scrape_teams_17-24, execution_date=20220501T200000, start_date=20230508T234302, end_date=20230508T234302
[2023-05-08T23:43:02.784+0000] {standard_task_runner.py:105} ERROR - Failed to execute job 3080 for task scrape_teams_17-24 (Invalid isoformat string: '{ execution_date }'; 81)
[2023-05-08T23:43:02.826+0000] {local_task_job.py:212} INFO - Task exited with return code 1
[2023-05-08T23:43:02.888+0000] {taskinstance.py:2596} INFO - 0 downstream tasks scheduled from follow-on schedule check
[2023-05-08T23:46:46.051+0000] {taskinstance.py:1090} INFO - Dependencies all met for dep_context=non-requeueable deps ti=<TaskInstance: scrape_and_save_to_csv.scrape_teams_17-24 scheduled__2022-05-01T20:00:00+00:00 [queued]>
[2023-05-08T23:46:46.061+0000] {taskinstance.py:1090} INFO - Dependencies all met for dep_context=requeueable deps ti=<TaskInstance: scrape_and_save_to_csv.scrape_teams_17-24 scheduled__2022-05-01T20:00:00+00:00 [queued]>
[2023-05-08T23:46:46.063+0000] {taskinstance.py:1288} INFO - 
--------------------------------------------------------------------------------
[2023-05-08T23:46:46.064+0000] {taskinstance.py:1289} INFO - Starting attempt 1 of 1
[2023-05-08T23:46:46.066+0000] {taskinstance.py:1290} INFO - 
--------------------------------------------------------------------------------
[2023-05-08T23:46:46.083+0000] {taskinstance.py:1309} INFO - Executing <Task(PythonOperator): scrape_teams_17-24> on 2022-05-01 20:00:00+00:00
[2023-05-08T23:46:46.091+0000] {standard_task_runner.py:55} INFO - Started process 487 to run task
[2023-05-08T23:46:46.097+0000] {standard_task_runner.py:82} INFO - Running: ['***', 'tasks', 'run', 'scrape_and_save_to_csv', 'scrape_teams_17-24', 'scheduled__2022-05-01T20:00:00+00:00', '--job-id', '3185', '--raw', '--subdir', 'DAGS_FOLDER/scrape_and_push_dag.py', '--cfg-path', '/tmp/tmpk6s81qr4']
[2023-05-08T23:46:46.102+0000] {standard_task_runner.py:83} INFO - Job 3185: Subtask scrape_teams_17-24
[2023-05-08T23:46:46.187+0000] {task_command.py:389} INFO - Running <TaskInstance: scrape_and_save_to_csv.scrape_teams_17-24 scheduled__2022-05-01T20:00:00+00:00 [running]> on host f41dbfa3d325
[2023-05-08T23:46:46.243+0000] {warnings.py:110} WARNING - /home/***/.local/lib/python3.7/site-packages/***/utils/context.py:205: AirflowContextDeprecationWarning: Accessing 'execution_date' from the template is deprecated and will be removed in a future version. Please use 'data_interval_start' or 'logical_date' instead.
  warnings.warn(_create_deprecation_warning(key, self._deprecation_replacements[key]))

[2023-05-08T23:46:46.293+0000] {taskinstance.py:1518} INFO - Exporting the following env vars:
AIRFLOW_CTX_DAG_OWNER=***
AIRFLOW_CTX_DAG_ID=scrape_and_save_to_csv
AIRFLOW_CTX_TASK_ID=scrape_teams_17-24
AIRFLOW_CTX_EXECUTION_DATE=2022-05-01T20:00:00+00:00
AIRFLOW_CTX_TRY_NUMBER=1
AIRFLOW_CTX_DAG_RUN_ID=scheduled__2022-05-01T20:00:00+00:00
[2023-05-08T23:46:46.298+0000] {taskinstance.py:1776} ERROR - Task failed with exception
Traceback (most recent call last):
  File "/home/airflow/.local/lib/python3.7/site-packages/airflow/operators/python.py", line 175, in execute
    return_value = self.execute_callable()
  File "/home/airflow/.local/lib/python3.7/site-packages/airflow/operators/python.py", line 192, in execute_callable
    return self.python_callable(*self.op_args, **self.op_kwargs)
  File "/opt/airflow/dags/helpers.py", line 59, in scrape_and_save
    after = datetime.fromisoformat(f"{{ execution_date }}")
ValueError: Invalid isoformat string: '{ execution_date }'
[2023-05-08T23:46:46.318+0000] {taskinstance.py:1332} INFO - Marking task as FAILED. dag_id=scrape_and_save_to_csv, task_id=scrape_teams_17-24, execution_date=20220501T200000, start_date=20230508T234646, end_date=20230508T234646
[2023-05-08T23:46:46.341+0000] {standard_task_runner.py:105} ERROR - Failed to execute job 3185 for task scrape_teams_17-24 (Invalid isoformat string: '{ execution_date }'; 487)
[2023-05-08T23:46:46.393+0000] {local_task_job.py:212} INFO - Task exited with return code 1
[2023-05-08T23:46:46.418+0000] {taskinstance.py:2596} INFO - 0 downstream tasks scheduled from follow-on schedule check
[2023-05-09T21:44:06.675+0000] {taskinstance.py:1090} INFO - Dependencies all met for dep_context=non-requeueable deps ti=<TaskInstance: scrape_and_save_to_csv.scrape_teams_17-24 scheduled__2022-05-01T20:00:00+00:00 [queued]>
[2023-05-09T21:44:06.690+0000] {taskinstance.py:1090} INFO - Dependencies all met for dep_context=requeueable deps ti=<TaskInstance: scrape_and_save_to_csv.scrape_teams_17-24 scheduled__2022-05-01T20:00:00+00:00 [queued]>
[2023-05-09T21:44:06.698+0000] {taskinstance.py:1288} INFO - 
--------------------------------------------------------------------------------
[2023-05-09T21:44:06.701+0000] {taskinstance.py:1289} INFO - Starting attempt 1 of 1
[2023-05-09T21:44:06.702+0000] {taskinstance.py:1290} INFO - 
--------------------------------------------------------------------------------
[2023-05-09T21:44:06.731+0000] {taskinstance.py:1309} INFO - Executing <Task(PythonOperator): scrape_teams_17-24> on 2022-05-01 20:00:00+00:00
[2023-05-09T21:44:06.748+0000] {standard_task_runner.py:55} INFO - Started process 12688 to run task
[2023-05-09T21:44:06.754+0000] {standard_task_runner.py:82} INFO - Running: ['***', 'tasks', 'run', 'scrape_and_save_to_csv', 'scrape_teams_17-24', 'scheduled__2022-05-01T20:00:00+00:00', '--job-id', '3410', '--raw', '--subdir', 'DAGS_FOLDER/scrape_and_push_dag.py', '--cfg-path', '/tmp/tmp5xs8g9w0']
[2023-05-09T21:44:06.764+0000] {standard_task_runner.py:83} INFO - Job 3410: Subtask scrape_teams_17-24
[2023-05-09T21:44:06.883+0000] {task_command.py:389} INFO - Running <TaskInstance: scrape_and_save_to_csv.scrape_teams_17-24 scheduled__2022-05-01T20:00:00+00:00 [running]> on host f41dbfa3d325
[2023-05-09T21:44:06.942+0000] {warnings.py:110} WARNING - /home/***/.local/lib/python3.7/site-packages/***/utils/context.py:205: AirflowContextDeprecationWarning: Accessing 'execution_date' from the template is deprecated and will be removed in a future version. Please use 'data_interval_start' or 'logical_date' instead.
  warnings.warn(_create_deprecation_warning(key, self._deprecation_replacements[key]))

[2023-05-09T21:44:06.999+0000] {taskinstance.py:1518} INFO - Exporting the following env vars:
AIRFLOW_CTX_DAG_OWNER=***
AIRFLOW_CTX_DAG_ID=scrape_and_save_to_csv
AIRFLOW_CTX_TASK_ID=scrape_teams_17-24
AIRFLOW_CTX_EXECUTION_DATE=2022-05-01T20:00:00+00:00
AIRFLOW_CTX_TRY_NUMBER=1
AIRFLOW_CTX_DAG_RUN_ID=scheduled__2022-05-01T20:00:00+00:00
[2023-05-09T21:44:13.191+0000] {helpers.py:94} INFO - Milwaukee Bucks: Successfully scraped!
[2023-05-09T21:44:28.334+0000] {helpers.py:94} INFO - Minnesota Timberwolves: Successfully scraped!
[2023-05-09T21:44:44.394+0000] {helpers.py:94} INFO - New Orleans Pelicans: Successfully scraped!
[2023-05-09T21:45:00.904+0000] {helpers.py:94} INFO - New York Knicks: Successfully scraped!
[2023-05-09T21:45:17.796+0000] {helpers.py:94} INFO - Oklahoma City Thunder: Successfully scraped!
[2023-05-09T21:45:34.089+0000] {helpers.py:94} INFO - Orlando Magic: Successfully scraped!
[2023-05-09T21:45:46.782+0000] {helpers.py:94} INFO - Philadelphia 76ers: Successfully scraped!
[2023-05-09T21:45:57.815+0000] {helpers.py:94} INFO - Phoenix Suns: Successfully scraped!
[2023-05-09T21:45:57.839+0000] {helpers.py:109} INFO - Saved in /opt/***/data/output_scrape_teams_17-24.csv
[2023-05-09T21:45:57.843+0000] {python.py:177} INFO - Done. Returned value was: None
[2023-05-09T21:45:57.863+0000] {taskinstance.py:1332} INFO - Marking task as SUCCESS. dag_id=scrape_and_save_to_csv, task_id=scrape_teams_17-24, execution_date=20220501T200000, start_date=20230509T214406, end_date=20230509T214557
[2023-05-09T21:45:57.970+0000] {local_task_job.py:212} INFO - Task exited with return code 0
[2023-05-09T21:45:58.007+0000] {taskinstance.py:2596} INFO - 1 downstream tasks scheduled from follow-on schedule check
