[2023-05-02T18:02:47.044+0000] {taskinstance.py:1090} INFO - Dependencies all met for dep_context=non-requeueable deps ti=<TaskInstance: scrape_and_save_to_csv.scrape_teams_9-16 scheduled__2023-05-02T16:30:00+00:00 [queued]>
[2023-05-02T18:02:47.059+0000] {taskinstance.py:1090} INFO - Dependencies all met for dep_context=requeueable deps ti=<TaskInstance: scrape_and_save_to_csv.scrape_teams_9-16 scheduled__2023-05-02T16:30:00+00:00 [queued]>
[2023-05-02T18:02:47.060+0000] {taskinstance.py:1288} INFO - 
--------------------------------------------------------------------------------
[2023-05-02T18:02:47.061+0000] {taskinstance.py:1289} INFO - Starting attempt 1 of 1
[2023-05-02T18:02:47.062+0000] {taskinstance.py:1290} INFO - 
--------------------------------------------------------------------------------
[2023-05-02T18:02:47.077+0000] {taskinstance.py:1309} INFO - Executing <Task(PythonOperator): scrape_teams_9-16> on 2023-05-02 16:30:00+00:00
[2023-05-02T18:02:47.086+0000] {standard_task_runner.py:55} INFO - Started process 22734 to run task
[2023-05-02T18:02:47.093+0000] {standard_task_runner.py:82} INFO - Running: ['***', 'tasks', 'run', 'scrape_and_save_to_csv', 'scrape_teams_9-16', 'scheduled__2023-05-02T16:30:00+00:00', '--job-id', '2239', '--raw', '--subdir', 'DAGS_FOLDER/scrape_and_save_csv_dag.py', '--cfg-path', '/tmp/tmpky0ugtuy']
[2023-05-02T18:02:47.096+0000] {standard_task_runner.py:83} INFO - Job 2239: Subtask scrape_teams_9-16
[2023-05-02T18:02:47.209+0000] {task_command.py:389} INFO - Running <TaskInstance: scrape_and_save_to_csv.scrape_teams_9-16 scheduled__2023-05-02T16:30:00+00:00 [running]> on host 5d4cd8acb346
[2023-05-02T18:02:47.288+0000] {taskinstance.py:1518} INFO - Exporting the following env vars:
AIRFLOW_CTX_DAG_OWNER=***
AIRFLOW_CTX_DAG_ID=scrape_and_save_to_csv
AIRFLOW_CTX_TASK_ID=scrape_teams_9-16
AIRFLOW_CTX_EXECUTION_DATE=2023-05-02T16:30:00+00:00
AIRFLOW_CTX_TRY_NUMBER=1
AIRFLOW_CTX_DAG_RUN_ID=scheduled__2023-05-02T16:30:00+00:00
[2023-05-02T18:02:47.303+0000] {logging_mixin.py:137} INFO - HTTPSConnectionPool(host='api.pushshift.io', port=443): Max retries exceeded with url: /reddit/search/submission/?subreddit=DetroitPistons&sort=created_utc&sort_type=desc&size=500 (Caused by NewConnectionError('<urllib3.connection.HTTPSConnection object at 0xffffa0053390>: Failed to establish a new connection: [Errno -2] Name or service not known'))
[2023-05-02T18:02:47.304+0000] {helpers.py:86} ERROR - HTTPSConnectionPool(host='api.pushshift.io', port=443): Max retries exceeded with url: /reddit/search/submission/?subreddit=DetroitPistons&sort=created_utc&sort_type=desc&size=500 (Caused by NewConnectionError('<urllib3.connection.HTTPSConnection object at 0xffffa0053390>: Failed to establish a new connection: [Errno -2] Name or service not known'))
[2023-05-02T18:02:47.305+0000] {helpers.py:87} ERROR - Retrying! 9 attempts before skipping!
[2023-05-02T18:02:48.318+0000] {logging_mixin.py:137} INFO - HTTPSConnectionPool(host='api.pushshift.io', port=443): Max retries exceeded with url: /reddit/search/submission/?subreddit=DetroitPistons&sort=created_utc&sort_type=desc&size=500 (Caused by NewConnectionError('<urllib3.connection.HTTPSConnection object at 0xffffa005d050>: Failed to establish a new connection: [Errno -2] Name or service not known'))
[2023-05-02T18:02:48.321+0000] {helpers.py:86} ERROR - HTTPSConnectionPool(host='api.pushshift.io', port=443): Max retries exceeded with url: /reddit/search/submission/?subreddit=DetroitPistons&sort=created_utc&sort_type=desc&size=500 (Caused by NewConnectionError('<urllib3.connection.HTTPSConnection object at 0xffffa005d050>: Failed to establish a new connection: [Errno -2] Name or service not known'))
[2023-05-02T18:02:48.323+0000] {helpers.py:87} ERROR - Retrying! 8 attempts before skipping!
[2023-05-02T18:02:49.336+0000] {logging_mixin.py:137} INFO - HTTPSConnectionPool(host='api.pushshift.io', port=443): Max retries exceeded with url: /reddit/search/submission/?subreddit=DetroitPistons&sort=created_utc&sort_type=desc&size=500 (Caused by NewConnectionError('<urllib3.connection.HTTPSConnection object at 0xffffa005d450>: Failed to establish a new connection: [Errno -2] Name or service not known'))
[2023-05-02T18:02:49.340+0000] {helpers.py:86} ERROR - HTTPSConnectionPool(host='api.pushshift.io', port=443): Max retries exceeded with url: /reddit/search/submission/?subreddit=DetroitPistons&sort=created_utc&sort_type=desc&size=500 (Caused by NewConnectionError('<urllib3.connection.HTTPSConnection object at 0xffffa005d450>: Failed to establish a new connection: [Errno -2] Name or service not known'))
[2023-05-02T18:02:49.342+0000] {helpers.py:87} ERROR - Retrying! 7 attempts before skipping!
[2023-05-02T18:02:50.350+0000] {logging_mixin.py:137} INFO - HTTPSConnectionPool(host='api.pushshift.io', port=443): Max retries exceeded with url: /reddit/search/submission/?subreddit=DetroitPistons&sort=created_utc&sort_type=desc&size=500 (Caused by NewConnectionError('<urllib3.connection.HTTPSConnection object at 0xffffa005d050>: Failed to establish a new connection: [Errno -2] Name or service not known'))
[2023-05-02T18:02:50.352+0000] {helpers.py:86} ERROR - HTTPSConnectionPool(host='api.pushshift.io', port=443): Max retries exceeded with url: /reddit/search/submission/?subreddit=DetroitPistons&sort=created_utc&sort_type=desc&size=500 (Caused by NewConnectionError('<urllib3.connection.HTTPSConnection object at 0xffffa005d050>: Failed to establish a new connection: [Errno -2] Name or service not known'))
[2023-05-02T18:02:50.353+0000] {helpers.py:87} ERROR - Retrying! 6 attempts before skipping!
[2023-05-02T18:02:51.359+0000] {logging_mixin.py:137} INFO - HTTPSConnectionPool(host='api.pushshift.io', port=443): Max retries exceeded with url: /reddit/search/submission/?subreddit=DetroitPistons&sort=created_utc&sort_type=desc&size=500 (Caused by NewConnectionError('<urllib3.connection.HTTPSConnection object at 0xffffa005d450>: Failed to establish a new connection: [Errno -2] Name or service not known'))
[2023-05-02T18:02:51.361+0000] {helpers.py:86} ERROR - HTTPSConnectionPool(host='api.pushshift.io', port=443): Max retries exceeded with url: /reddit/search/submission/?subreddit=DetroitPistons&sort=created_utc&sort_type=desc&size=500 (Caused by NewConnectionError('<urllib3.connection.HTTPSConnection object at 0xffffa005d450>: Failed to establish a new connection: [Errno -2] Name or service not known'))
[2023-05-02T18:02:51.363+0000] {helpers.py:87} ERROR - Retrying! 5 attempts before skipping!
[2023-05-02T18:02:52.377+0000] {logging_mixin.py:137} INFO - HTTPSConnectionPool(host='api.pushshift.io', port=443): Max retries exceeded with url: /reddit/search/submission/?subreddit=DetroitPistons&sort=created_utc&sort_type=desc&size=500 (Caused by NewConnectionError('<urllib3.connection.HTTPSConnection object at 0xffffa005d050>: Failed to establish a new connection: [Errno -2] Name or service not known'))
[2023-05-02T18:02:52.378+0000] {helpers.py:86} ERROR - HTTPSConnectionPool(host='api.pushshift.io', port=443): Max retries exceeded with url: /reddit/search/submission/?subreddit=DetroitPistons&sort=created_utc&sort_type=desc&size=500 (Caused by NewConnectionError('<urllib3.connection.HTTPSConnection object at 0xffffa005d050>: Failed to establish a new connection: [Errno -2] Name or service not known'))
[2023-05-02T18:02:52.380+0000] {helpers.py:87} ERROR - Retrying! 4 attempts before skipping!
[2023-05-02T18:02:53.394+0000] {logging_mixin.py:137} INFO - HTTPSConnectionPool(host='api.pushshift.io', port=443): Max retries exceeded with url: /reddit/search/submission/?subreddit=DetroitPistons&sort=created_utc&sort_type=desc&size=500 (Caused by NewConnectionError('<urllib3.connection.HTTPSConnection object at 0xffffa005d450>: Failed to establish a new connection: [Errno -2] Name or service not known'))
[2023-05-02T18:02:53.396+0000] {helpers.py:86} ERROR - HTTPSConnectionPool(host='api.pushshift.io', port=443): Max retries exceeded with url: /reddit/search/submission/?subreddit=DetroitPistons&sort=created_utc&sort_type=desc&size=500 (Caused by NewConnectionError('<urllib3.connection.HTTPSConnection object at 0xffffa005d450>: Failed to establish a new connection: [Errno -2] Name or service not known'))
[2023-05-02T18:02:53.398+0000] {helpers.py:87} ERROR - Retrying! 3 attempts before skipping!
[2023-05-02T18:02:54.407+0000] {logging_mixin.py:137} INFO - HTTPSConnectionPool(host='api.pushshift.io', port=443): Max retries exceeded with url: /reddit/search/submission/?subreddit=DetroitPistons&sort=created_utc&sort_type=desc&size=500 (Caused by NewConnectionError('<urllib3.connection.HTTPSConnection object at 0xffffa005d050>: Failed to establish a new connection: [Errno -2] Name or service not known'))
[2023-05-02T18:02:54.409+0000] {helpers.py:86} ERROR - HTTPSConnectionPool(host='api.pushshift.io', port=443): Max retries exceeded with url: /reddit/search/submission/?subreddit=DetroitPistons&sort=created_utc&sort_type=desc&size=500 (Caused by NewConnectionError('<urllib3.connection.HTTPSConnection object at 0xffffa005d050>: Failed to establish a new connection: [Errno -2] Name or service not known'))
[2023-05-02T18:02:54.410+0000] {helpers.py:87} ERROR - Retrying! 2 attempts before skipping!
[2023-05-02T18:02:55.425+0000] {logging_mixin.py:137} INFO - HTTPSConnectionPool(host='api.pushshift.io', port=443): Max retries exceeded with url: /reddit/search/submission/?subreddit=DetroitPistons&sort=created_utc&sort_type=desc&size=500 (Caused by NewConnectionError('<urllib3.connection.HTTPSConnection object at 0xffffa005d450>: Failed to establish a new connection: [Errno -2] Name or service not known'))
[2023-05-02T18:02:55.429+0000] {helpers.py:86} ERROR - HTTPSConnectionPool(host='api.pushshift.io', port=443): Max retries exceeded with url: /reddit/search/submission/?subreddit=DetroitPistons&sort=created_utc&sort_type=desc&size=500 (Caused by NewConnectionError('<urllib3.connection.HTTPSConnection object at 0xffffa005d450>: Failed to establish a new connection: [Errno -2] Name or service not known'))
[2023-05-02T18:02:55.437+0000] {helpers.py:87} ERROR - Retrying! 1 attempts before skipping!
[2023-05-02T18:02:58.909+0000] {warnings.py:110} WARNING - /home/***/.local/lib/python3.7/site-packages/***/utils/context.py:313: AirflowContextDeprecationWarning: Accessing 'execution_date' from the template is deprecated and will be removed in a future version. Please use 'data_interval_start' or 'logical_date' instead.
  warnings.warn(_create_deprecation_warning(k, replacements))

[2023-05-02T18:02:59.734+0000] {helpers.py:80} INFO - Detroit Pistons: Successfully scraped!
[2023-05-02T18:03:04.015+0000] {helpers.py:80} INFO - Golden State Warriors: Successfully scraped!
[2023-05-02T18:03:10.010+0000] {helpers.py:80} INFO - Houston Rockets: Successfully scraped!
[2023-05-02T18:03:14.498+0000] {helpers.py:80} INFO - Indiana Pacers: Successfully scraped!
[2023-05-02T18:19:54.279+0000] {helpers.py:80} INFO - Los Angeles Clippers: Successfully scraped!
[2023-05-02T18:19:57.861+0000] {helpers.py:80} INFO - Los Angeles Lakers: Successfully scraped!
[2023-05-02T18:20:01.320+0000] {helpers.py:80} INFO - Memphis Grizzlies: Successfully scraped!
[2023-05-02T18:20:05.470+0000] {helpers.py:80} INFO - Miami Heat: Successfully scraped!
[2023-05-02T18:20:05.499+0000] {helpers.py:96} INFO - Saved in /opt/***/data/output_scrape_teams_9-16.csv
[2023-05-02T18:20:05.502+0000] {python.py:177} INFO - Done. Returned value was: None
[2023-05-02T18:20:05.518+0000] {taskinstance.py:1332} INFO - Marking task as SUCCESS. dag_id=scrape_and_save_to_csv, task_id=scrape_teams_9-16, execution_date=20230502T163000, start_date=20230502T180247, end_date=20230502T182005
[2023-05-02T18:20:05.591+0000] {local_task_job.py:212} INFO - Task exited with return code 0
[2023-05-02T18:20:05.610+0000] {taskinstance.py:2596} INFO - 0 downstream tasks scheduled from follow-on schedule check
