[2023-05-10T06:14:57.578+0000] {taskinstance.py:1090} INFO - Dependencies all met for dep_context=non-requeueable deps ti=<TaskInstance: scrape_and_save_to_csv.scrape_teams_17-24 scheduled__2023-05-10T05:00:00+00:00 [queued]>
[2023-05-10T06:14:57.615+0000] {taskinstance.py:1090} INFO - Dependencies all met for dep_context=requeueable deps ti=<TaskInstance: scrape_and_save_to_csv.scrape_teams_17-24 scheduled__2023-05-10T05:00:00+00:00 [queued]>
[2023-05-10T06:14:57.617+0000] {taskinstance.py:1288} INFO - 
--------------------------------------------------------------------------------
[2023-05-10T06:14:57.618+0000] {taskinstance.py:1289} INFO - Starting attempt 1 of 1
[2023-05-10T06:14:57.620+0000] {taskinstance.py:1290} INFO - 
--------------------------------------------------------------------------------
[2023-05-10T06:14:57.740+0000] {taskinstance.py:1309} INFO - Executing <Task(PythonOperator): scrape_teams_17-24> on 2023-05-10 05:00:00+00:00
[2023-05-10T06:14:57.789+0000] {standard_task_runner.py:55} INFO - Started process 20745 to run task
[2023-05-10T06:14:57.818+0000] {standard_task_runner.py:82} INFO - Running: ['***', 'tasks', 'run', 'scrape_and_save_to_csv', 'scrape_teams_17-24', 'scheduled__2023-05-10T05:00:00+00:00', '--job-id', '4142', '--raw', '--subdir', 'DAGS_FOLDER/scrape_and_push_dag.py', '--cfg-path', '/tmp/tmpkwlxyl8y']
[2023-05-10T06:14:57.830+0000] {standard_task_runner.py:83} INFO - Job 4142: Subtask scrape_teams_17-24
[2023-05-10T06:14:58.236+0000] {task_command.py:389} INFO - Running <TaskInstance: scrape_and_save_to_csv.scrape_teams_17-24 scheduled__2023-05-10T05:00:00+00:00 [running]> on host f41dbfa3d325
[2023-05-10T06:14:58.400+0000] {warnings.py:110} WARNING - /home/***/.local/lib/python3.7/site-packages/***/utils/context.py:205: AirflowContextDeprecationWarning: Accessing 'execution_date' from the template is deprecated and will be removed in a future version. Please use 'data_interval_start' or 'logical_date' instead.
  warnings.warn(_create_deprecation_warning(key, self._deprecation_replacements[key]))

[2023-05-10T06:14:58.482+0000] {taskinstance.py:1518} INFO - Exporting the following env vars:
AIRFLOW_CTX_DAG_OWNER=***
AIRFLOW_CTX_DAG_ID=scrape_and_save_to_csv
AIRFLOW_CTX_TASK_ID=scrape_teams_17-24
AIRFLOW_CTX_EXECUTION_DATE=2023-05-10T05:00:00+00:00
AIRFLOW_CTX_TRY_NUMBER=1
AIRFLOW_CTX_DAG_RUN_ID=scheduled__2023-05-10T05:00:00+00:00
[2023-05-10T06:15:15.328+0000] {sessions.py:161} WARNING - Retrying due to ReadTimeout(ReadTimeoutError("HTTPSConnectionPool(host='oauth.reddit.com', port=443): Read timed out. (read timeout=16.0)")) status: GET https://oauth.reddit.com/r/MkeBucks/comments/
[2023-05-10T06:50:45.721+0000] {helpers.py:95} INFO - Milwaukee Bucks: Successfully scraped!
[2023-05-10T06:50:46.693+0000] {helpers.py:95} INFO - Minnesota Timberwolves: Successfully scraped!
[2023-05-10T06:50:49.216+0000] {helpers.py:95} INFO - New Orleans Pelicans: Successfully scraped!
[2023-05-10T06:50:52.737+0000] {sessions.py:161} WARNING - Retrying due to ConnectionError(ProtocolError('Connection aborted.', RemoteDisconnected('Remote end closed connection without response'))) status: GET https://oauth.reddit.com/r/nyknicks/comments/
[2023-05-10T06:50:56.153+0000] {helpers.py:95} INFO - New York Knicks: Successfully scraped!
[2023-05-10T06:50:56.981+0000] {helpers.py:95} INFO - Oklahoma City Thunder: Successfully scraped!
[2023-05-10T06:50:58.443+0000] {local_task_job.py:277} WARNING - State of this instance has been externally set to failed. Terminating instance.
[2023-05-10T06:50:58.454+0000] {process_utils.py:133} INFO - Sending Signals.SIGTERM to group 20745. PIDs of all processes in the group: [20745]
[2023-05-10T06:50:58.455+0000] {process_utils.py:84} INFO - Sending the signal Signals.SIGTERM to group 20745
[2023-05-10T06:50:58.456+0000] {taskinstance.py:1488} ERROR - Received SIGTERM. Terminating subprocesses.
[2023-05-10T06:50:58.458+0000] {helpers.py:100} ERROR - error with request Task received SIGTERM signal
[2023-05-10T06:50:58.459+0000] {helpers.py:101} ERROR - Retrying! 9 attempts before skipping!
[2023-05-10T06:51:00.253+0000] {helpers.py:95} INFO - Orlando Magic: Successfully scraped!
[2023-05-10T06:51:03.782+0000] {helpers.py:95} INFO - Philadelphia 76ers: Successfully scraped!
[2023-05-10T07:16:41.811+0000] {sessions.py:161} WARNING - Retrying due to ReadTimeout(ReadTimeoutError("HTTPSConnectionPool(host='oauth.reddit.com', port=443): Read timed out. (read timeout=16.0)")) status: GET https://oauth.reddit.com/r/suns/comments/
[2023-05-10T07:16:46.322+0000] {helpers.py:95} INFO - Phoenix Suns: Successfully scraped!
[2023-05-10T07:16:46.331+0000] {helpers.py:110} INFO - Saved in /opt/***/data/output_scrape_teams_17-24.csv
[2023-05-10T07:16:46.333+0000] {python.py:177} INFO - Done. Returned value was: None
[2023-05-10T07:16:46.347+0000] {taskinstance.py:1332} INFO - Marking task as SUCCESS. dag_id=scrape_and_save_to_csv, task_id=scrape_teams_17-24, execution_date=20230510T050000, start_date=20230510T061457, end_date=20230510T071646
[2023-05-10T07:16:46.466+0000] {process_utils.py:79} INFO - Process psutil.Process(pid=20745, status='terminated', exitcode=0, started='06:14:56') (20745) terminated with exit code 0
