[2023-05-09T22:59:13.624+0000] {taskinstance.py:1090} INFO - Dependencies all met for dep_context=non-requeueable deps ti=<TaskInstance: scrape_and_save_to_csv.join_csv scheduled__2022-05-03T11:00:00+00:00 [queued]>
[2023-05-09T22:59:13.630+0000] {taskinstance.py:1090} INFO - Dependencies all met for dep_context=requeueable deps ti=<TaskInstance: scrape_and_save_to_csv.join_csv scheduled__2022-05-03T11:00:00+00:00 [queued]>
[2023-05-09T22:59:13.631+0000] {taskinstance.py:1288} INFO - 
--------------------------------------------------------------------------------
[2023-05-09T22:59:13.632+0000] {taskinstance.py:1289} INFO - Starting attempt 1 of 1
[2023-05-09T22:59:13.633+0000] {taskinstance.py:1290} INFO - 
--------------------------------------------------------------------------------
[2023-05-09T22:59:13.643+0000] {taskinstance.py:1309} INFO - Executing <Task(PythonOperator): join_csv> on 2022-05-03 11:00:00+00:00
[2023-05-09T22:59:13.649+0000] {standard_task_runner.py:55} INFO - Started process 15101 to run task
[2023-05-09T22:59:13.653+0000] {standard_task_runner.py:82} INFO - Running: ['***', 'tasks', 'run', 'scrape_and_save_to_csv', 'join_csv', 'scheduled__2022-05-03T11:00:00+00:00', '--job-id', '3645', '--raw', '--subdir', 'DAGS_FOLDER/scrape_and_push_dag.py', '--cfg-path', '/tmp/tmpj5hrb385']
[2023-05-09T22:59:13.659+0000] {standard_task_runner.py:83} INFO - Job 3645: Subtask join_csv
[2023-05-09T22:59:13.729+0000] {task_command.py:389} INFO - Running <TaskInstance: scrape_and_save_to_csv.join_csv scheduled__2022-05-03T11:00:00+00:00 [running]> on host f41dbfa3d325
[2023-05-09T22:59:13.783+0000] {taskinstance.py:1518} INFO - Exporting the following env vars:
AIRFLOW_CTX_DAG_OWNER=***
AIRFLOW_CTX_DAG_ID=scrape_and_save_to_csv
AIRFLOW_CTX_TASK_ID=join_csv
AIRFLOW_CTX_EXECUTION_DATE=2022-05-03T11:00:00+00:00
AIRFLOW_CTX_TRY_NUMBER=1
AIRFLOW_CTX_DAG_RUN_ID=scheduled__2022-05-03T11:00:00+00:00
[2023-05-09T22:59:13.796+0000] {python.py:177} INFO - Done. Returned value was: None
[2023-05-09T22:59:13.807+0000] {taskinstance.py:1332} INFO - Marking task as SUCCESS. dag_id=scrape_and_save_to_csv, task_id=join_csv, execution_date=20220503T110000, start_date=20230509T225913, end_date=20230509T225913
[2023-05-09T22:59:13.870+0000] {local_task_job.py:212} INFO - Task exited with return code 0
[2023-05-09T22:59:13.889+0000] {taskinstance.py:2596} INFO - 1 downstream tasks scheduled from follow-on schedule check
