[2023-05-10T23:00:01.785+0000] {taskinstance.py:1090} INFO - Dependencies all met for dep_context=non-requeueable deps ti=<TaskInstance: scrape_and_save_to_csv.scrape_teams_1-8 scheduled__2023-05-10T22:00:00+00:00 [queued]>
[2023-05-10T23:00:01.801+0000] {taskinstance.py:1090} INFO - Dependencies all met for dep_context=requeueable deps ti=<TaskInstance: scrape_and_save_to_csv.scrape_teams_1-8 scheduled__2023-05-10T22:00:00+00:00 [queued]>
[2023-05-10T23:00:01.805+0000] {taskinstance.py:1288} INFO - 
--------------------------------------------------------------------------------
[2023-05-10T23:00:01.806+0000] {taskinstance.py:1289} INFO - Starting attempt 1 of 1
[2023-05-10T23:00:01.807+0000] {taskinstance.py:1290} INFO - 
--------------------------------------------------------------------------------
[2023-05-10T23:00:01.824+0000] {taskinstance.py:1309} INFO - Executing <Task(PythonOperator): scrape_teams_1-8> on 2023-05-10 22:00:00+00:00
[2023-05-10T23:00:01.831+0000] {standard_task_runner.py:55} INFO - Started process 28109 to run task
[2023-05-10T23:00:01.844+0000] {standard_task_runner.py:82} INFO - Running: ['***', 'tasks', 'run', 'scrape_and_save_to_csv', 'scrape_teams_1-8', 'scheduled__2023-05-10T22:00:00+00:00', '--job-id', '4213', '--raw', '--subdir', 'DAGS_FOLDER/scrape_and_push_dag.py', '--cfg-path', '/tmp/tmpp1lp3hhl']
[2023-05-10T23:00:01.849+0000] {standard_task_runner.py:83} INFO - Job 4213: Subtask scrape_teams_1-8
[2023-05-10T23:00:01.971+0000] {task_command.py:389} INFO - Running <TaskInstance: scrape_and_save_to_csv.scrape_teams_1-8 scheduled__2023-05-10T22:00:00+00:00 [running]> on host f41dbfa3d325
[2023-05-10T23:00:02.019+0000] {warnings.py:110} WARNING - /home/***/.local/lib/python3.7/site-packages/***/utils/context.py:205: AirflowContextDeprecationWarning: Accessing 'execution_date' from the template is deprecated and will be removed in a future version. Please use 'data_interval_start' or 'logical_date' instead.
  warnings.warn(_create_deprecation_warning(key, self._deprecation_replacements[key]))

[2023-05-10T23:00:02.087+0000] {taskinstance.py:1518} INFO - Exporting the following env vars:
AIRFLOW_CTX_DAG_OWNER=***
AIRFLOW_CTX_DAG_ID=scrape_and_save_to_csv
AIRFLOW_CTX_TASK_ID=scrape_teams_1-8
AIRFLOW_CTX_EXECUTION_DATE=2023-05-10T22:00:00+00:00
AIRFLOW_CTX_TRY_NUMBER=1
AIRFLOW_CTX_DAG_RUN_ID=scheduled__2023-05-10T22:00:00+00:00
[2023-05-10T23:00:06.134+0000] {helpers.py:95} INFO - Atlanta Hawks: Successfully scraped!
[2023-05-10T23:00:11.560+0000] {helpers.py:95} INFO - Boston Celtics: Successfully scraped!
[2023-05-10T23:00:15.343+0000] {helpers.py:95} INFO - Brooklyn Nets: Successfully scraped!
[2023-05-10T23:00:18.931+0000] {helpers.py:95} INFO - Charlotte Hornets: Successfully scraped!
[2023-05-10T23:00:22.387+0000] {helpers.py:95} INFO - Chicago Bulls: Successfully scraped!
[2023-05-10T23:00:26.718+0000] {helpers.py:95} INFO - Cleveland Cavaliers: Successfully scraped!
[2023-05-10T23:00:30.730+0000] {helpers.py:95} INFO - Dallas Mavericks: Successfully scraped!
[2023-05-10T23:00:40.413+0000] {helpers.py:95} INFO - Denver Nuggets: Successfully scraped!
[2023-05-10T23:00:40.422+0000] {helpers.py:110} INFO - Saved in /opt/***/data/output_scrape_teams_1-8.csv
[2023-05-10T23:00:40.423+0000] {python.py:177} INFO - Done. Returned value was: None
[2023-05-10T23:00:40.435+0000] {taskinstance.py:1332} INFO - Marking task as SUCCESS. dag_id=scrape_and_save_to_csv, task_id=scrape_teams_1-8, execution_date=20230510T220000, start_date=20230510T230001, end_date=20230510T230040
[2023-05-10T23:00:40.473+0000] {local_task_job.py:212} INFO - Task exited with return code 0
[2023-05-10T23:00:40.494+0000] {taskinstance.py:2596} INFO - 0 downstream tasks scheduled from follow-on schedule check
