[2023-05-09T21:44:00.476+0000] {taskinstance.py:1090} INFO - Dependencies all met for dep_context=non-requeueable deps ti=<TaskInstance: scrape_and_save_to_csv.join_csv scheduled__2022-05-01T19:00:00+00:00 [queued]>
[2023-05-09T21:44:00.487+0000] {taskinstance.py:1090} INFO - Dependencies all met for dep_context=requeueable deps ti=<TaskInstance: scrape_and_save_to_csv.join_csv scheduled__2022-05-01T19:00:00+00:00 [queued]>
[2023-05-09T21:44:00.489+0000] {taskinstance.py:1288} INFO - 
--------------------------------------------------------------------------------
[2023-05-09T21:44:00.492+0000] {taskinstance.py:1289} INFO - Starting attempt 1 of 1
[2023-05-09T21:44:00.493+0000] {taskinstance.py:1290} INFO - 
--------------------------------------------------------------------------------
[2023-05-09T21:44:00.505+0000] {taskinstance.py:1309} INFO - Executing <Task(PythonOperator): join_csv> on 2022-05-01 19:00:00+00:00
[2023-05-09T21:44:00.512+0000] {standard_task_runner.py:55} INFO - Started process 12673 to run task
[2023-05-09T21:44:00.517+0000] {standard_task_runner.py:82} INFO - Running: ['***', 'tasks', 'run', 'scrape_and_save_to_csv', 'join_csv', 'scheduled__2022-05-01T19:00:00+00:00', '--job-id', '3405', '--raw', '--subdir', 'DAGS_FOLDER/scrape_and_push_dag.py', '--cfg-path', '/tmp/tmpkx2pgxtc']
[2023-05-09T21:44:00.522+0000] {standard_task_runner.py:83} INFO - Job 3405: Subtask join_csv
[2023-05-09T21:44:00.614+0000] {task_command.py:389} INFO - Running <TaskInstance: scrape_and_save_to_csv.join_csv scheduled__2022-05-01T19:00:00+00:00 [running]> on host f41dbfa3d325
[2023-05-09T21:44:00.687+0000] {taskinstance.py:1518} INFO - Exporting the following env vars:
AIRFLOW_CTX_DAG_OWNER=***
AIRFLOW_CTX_DAG_ID=scrape_and_save_to_csv
AIRFLOW_CTX_TASK_ID=join_csv
AIRFLOW_CTX_EXECUTION_DATE=2022-05-01T19:00:00+00:00
AIRFLOW_CTX_TRY_NUMBER=1
AIRFLOW_CTX_DAG_RUN_ID=scheduled__2022-05-01T19:00:00+00:00
[2023-05-09T21:44:00.800+0000] {python.py:177} INFO - Done. Returned value was: None
[2023-05-09T21:44:00.813+0000] {taskinstance.py:1332} INFO - Marking task as SUCCESS. dag_id=scrape_and_save_to_csv, task_id=join_csv, execution_date=20220501T190000, start_date=20230509T214400, end_date=20230509T214400
[2023-05-09T21:44:00.862+0000] {local_task_job.py:212} INFO - Task exited with return code 0
[2023-05-09T21:44:00.885+0000] {taskinstance.py:2596} INFO - 1 downstream tasks scheduled from follow-on schedule check
