[2023-05-07T03:19:52.008+0000] {taskinstance.py:1090} INFO - Dependencies all met for dep_context=non-requeueable deps ti=<TaskInstance: scrape_and_save_to_csv.scrape_teams_25-30 scheduled__2022-05-01T21:00:00+00:00 [queued]>
[2023-05-07T03:19:52.019+0000] {taskinstance.py:1090} INFO - Dependencies all met for dep_context=requeueable deps ti=<TaskInstance: scrape_and_save_to_csv.scrape_teams_25-30 scheduled__2022-05-01T21:00:00+00:00 [queued]>
[2023-05-07T03:19:52.021+0000] {taskinstance.py:1288} INFO - 
--------------------------------------------------------------------------------
[2023-05-07T03:19:52.022+0000] {taskinstance.py:1289} INFO - Starting attempt 1 of 1
[2023-05-07T03:19:52.025+0000] {taskinstance.py:1290} INFO - 
--------------------------------------------------------------------------------
[2023-05-07T03:19:52.042+0000] {taskinstance.py:1309} INFO - Executing <Task(PythonOperator): scrape_teams_25-30> on 2022-05-01 21:00:00+00:00
[2023-05-07T03:19:52.052+0000] {standard_task_runner.py:55} INFO - Started process 1306 to run task
[2023-05-07T03:19:52.062+0000] {standard_task_runner.py:82} INFO - Running: ['***', 'tasks', 'run', 'scrape_and_save_to_csv', 'scrape_teams_25-30', 'scheduled__2022-05-01T21:00:00+00:00', '--job-id', '2741', '--raw', '--subdir', 'DAGS_FOLDER/scrape_and_push_dag.py', '--cfg-path', '/tmp/tmpq4edsohm']
[2023-05-07T03:19:52.066+0000] {standard_task_runner.py:83} INFO - Job 2741: Subtask scrape_teams_25-30
[2023-05-07T03:19:52.209+0000] {task_command.py:389} INFO - Running <TaskInstance: scrape_and_save_to_csv.scrape_teams_25-30 scheduled__2022-05-01T21:00:00+00:00 [running]> on host 6589836e9c08
[2023-05-07T03:19:52.298+0000] {taskinstance.py:1518} INFO - Exporting the following env vars:
AIRFLOW_CTX_DAG_OWNER=***
AIRFLOW_CTX_DAG_ID=scrape_and_save_to_csv
AIRFLOW_CTX_TASK_ID=scrape_teams_25-30
AIRFLOW_CTX_EXECUTION_DATE=2022-05-01T21:00:00+00:00
AIRFLOW_CTX_TRY_NUMBER=1
AIRFLOW_CTX_DAG_RUN_ID=scheduled__2022-05-01T21:00:00+00:00
[2023-05-07T03:19:52.300+0000] {taskinstance.py:1776} ERROR - Task failed with exception
Traceback (most recent call last):
  File "/home/airflow/.local/lib/python3.7/site-packages/airflow/operators/python.py", line 175, in execute
    return_value = self.execute_callable()
  File "/home/airflow/.local/lib/python3.7/site-packages/airflow/operators/python.py", line 192, in execute_callable
    return self.python_callable(*self.op_args, **self.op_kwargs)
TypeError: scrape_and_save() missing 1 required positional argument: 'current_date'
[2023-05-07T03:19:52.311+0000] {taskinstance.py:1332} INFO - Marking task as FAILED. dag_id=scrape_and_save_to_csv, task_id=scrape_teams_25-30, execution_date=20220501T210000, start_date=20230507T031952, end_date=20230507T031952
[2023-05-07T03:19:52.326+0000] {standard_task_runner.py:105} ERROR - Failed to execute job 2741 for task scrape_teams_25-30 (scrape_and_save() missing 1 required positional argument: 'current_date'; 1306)
[2023-05-07T03:19:52.351+0000] {local_task_job.py:212} INFO - Task exited with return code 1
[2023-05-07T03:19:52.371+0000] {taskinstance.py:2596} INFO - 0 downstream tasks scheduled from follow-on schedule check
[2023-05-08T23:43:04.388+0000] {taskinstance.py:1090} INFO - Dependencies all met for dep_context=non-requeueable deps ti=<TaskInstance: scrape_and_save_to_csv.scrape_teams_25-30 scheduled__2022-05-01T21:00:00+00:00 [queued]>
[2023-05-08T23:43:04.396+0000] {taskinstance.py:1090} INFO - Dependencies all met for dep_context=requeueable deps ti=<TaskInstance: scrape_and_save_to_csv.scrape_teams_25-30 scheduled__2022-05-01T21:00:00+00:00 [queued]>
[2023-05-08T23:43:04.398+0000] {taskinstance.py:1288} INFO - 
--------------------------------------------------------------------------------
[2023-05-08T23:43:04.400+0000] {taskinstance.py:1289} INFO - Starting attempt 1 of 1
[2023-05-08T23:43:04.401+0000] {taskinstance.py:1290} INFO - 
--------------------------------------------------------------------------------
[2023-05-08T23:43:04.417+0000] {taskinstance.py:1309} INFO - Executing <Task(PythonOperator): scrape_teams_25-30> on 2022-05-01 21:00:00+00:00
[2023-05-08T23:43:04.428+0000] {standard_task_runner.py:55} INFO - Started process 92 to run task
[2023-05-08T23:43:04.438+0000] {standard_task_runner.py:82} INFO - Running: ['***', 'tasks', 'run', 'scrape_and_save_to_csv', 'scrape_teams_25-30', 'scheduled__2022-05-01T21:00:00+00:00', '--job-id', '3083', '--raw', '--subdir', 'DAGS_FOLDER/scrape_and_push_dag.py', '--cfg-path', '/tmp/tmpdtaxayqp']
[2023-05-08T23:43:04.440+0000] {standard_task_runner.py:83} INFO - Job 3083: Subtask scrape_teams_25-30
[2023-05-08T23:43:04.516+0000] {task_command.py:389} INFO - Running <TaskInstance: scrape_and_save_to_csv.scrape_teams_25-30 scheduled__2022-05-01T21:00:00+00:00 [running]> on host f41dbfa3d325
[2023-05-08T23:43:04.558+0000] {warnings.py:110} WARNING - /home/***/.local/lib/python3.7/site-packages/***/utils/context.py:205: AirflowContextDeprecationWarning: Accessing 'execution_date' from the template is deprecated and will be removed in a future version. Please use 'data_interval_start' or 'logical_date' instead.
  warnings.warn(_create_deprecation_warning(key, self._deprecation_replacements[key]))

[2023-05-08T23:43:04.613+0000] {taskinstance.py:1518} INFO - Exporting the following env vars:
AIRFLOW_CTX_DAG_OWNER=***
AIRFLOW_CTX_DAG_ID=scrape_and_save_to_csv
AIRFLOW_CTX_TASK_ID=scrape_teams_25-30
AIRFLOW_CTX_EXECUTION_DATE=2022-05-01T21:00:00+00:00
AIRFLOW_CTX_TRY_NUMBER=1
AIRFLOW_CTX_DAG_RUN_ID=scheduled__2022-05-01T21:00:00+00:00
[2023-05-08T23:43:04.616+0000] {taskinstance.py:1776} ERROR - Task failed with exception
Traceback (most recent call last):
  File "/home/airflow/.local/lib/python3.7/site-packages/airflow/operators/python.py", line 175, in execute
    return_value = self.execute_callable()
  File "/home/airflow/.local/lib/python3.7/site-packages/airflow/operators/python.py", line 192, in execute_callable
    return self.python_callable(*self.op_args, **self.op_kwargs)
  File "/opt/airflow/dags/helpers.py", line 59, in scrape_and_save
    after = datetime.fromisoformat(f"{{ execution_date }}")
ValueError: Invalid isoformat string: '{ execution_date }'
[2023-05-08T23:43:04.634+0000] {taskinstance.py:1332} INFO - Marking task as FAILED. dag_id=scrape_and_save_to_csv, task_id=scrape_teams_25-30, execution_date=20220501T210000, start_date=20230508T234304, end_date=20230508T234304
[2023-05-08T23:43:04.677+0000] {standard_task_runner.py:105} ERROR - Failed to execute job 3083 for task scrape_teams_25-30 (Invalid isoformat string: '{ execution_date }'; 92)
[2023-05-08T23:43:04.728+0000] {local_task_job.py:212} INFO - Task exited with return code 1
[2023-05-08T23:43:04.752+0000] {taskinstance.py:2596} INFO - 0 downstream tasks scheduled from follow-on schedule check
[2023-05-08T23:46:47.503+0000] {taskinstance.py:1090} INFO - Dependencies all met for dep_context=non-requeueable deps ti=<TaskInstance: scrape_and_save_to_csv.scrape_teams_25-30 scheduled__2022-05-01T21:00:00+00:00 [queued]>
[2023-05-08T23:46:47.514+0000] {taskinstance.py:1090} INFO - Dependencies all met for dep_context=requeueable deps ti=<TaskInstance: scrape_and_save_to_csv.scrape_teams_25-30 scheduled__2022-05-01T21:00:00+00:00 [queued]>
[2023-05-08T23:46:47.517+0000] {taskinstance.py:1288} INFO - 
--------------------------------------------------------------------------------
[2023-05-08T23:46:47.518+0000] {taskinstance.py:1289} INFO - Starting attempt 1 of 1
[2023-05-08T23:46:47.519+0000] {taskinstance.py:1290} INFO - 
--------------------------------------------------------------------------------
[2023-05-08T23:46:47.533+0000] {taskinstance.py:1309} INFO - Executing <Task(PythonOperator): scrape_teams_25-30> on 2022-05-01 21:00:00+00:00
[2023-05-08T23:46:47.540+0000] {standard_task_runner.py:55} INFO - Started process 502 to run task
[2023-05-08T23:46:47.547+0000] {standard_task_runner.py:82} INFO - Running: ['***', 'tasks', 'run', 'scrape_and_save_to_csv', 'scrape_teams_25-30', 'scheduled__2022-05-01T21:00:00+00:00', '--job-id', '3191', '--raw', '--subdir', 'DAGS_FOLDER/scrape_and_push_dag.py', '--cfg-path', '/tmp/tmp2zbn2h6y']
[2023-05-08T23:46:47.552+0000] {standard_task_runner.py:83} INFO - Job 3191: Subtask scrape_teams_25-30
[2023-05-08T23:46:47.646+0000] {task_command.py:389} INFO - Running <TaskInstance: scrape_and_save_to_csv.scrape_teams_25-30 scheduled__2022-05-01T21:00:00+00:00 [running]> on host f41dbfa3d325
[2023-05-08T23:46:47.675+0000] {warnings.py:110} WARNING - /home/***/.local/lib/python3.7/site-packages/***/utils/context.py:205: AirflowContextDeprecationWarning: Accessing 'execution_date' from the template is deprecated and will be removed in a future version. Please use 'data_interval_start' or 'logical_date' instead.
  warnings.warn(_create_deprecation_warning(key, self._deprecation_replacements[key]))

[2023-05-08T23:46:47.713+0000] {taskinstance.py:1518} INFO - Exporting the following env vars:
AIRFLOW_CTX_DAG_OWNER=***
AIRFLOW_CTX_DAG_ID=scrape_and_save_to_csv
AIRFLOW_CTX_TASK_ID=scrape_teams_25-30
AIRFLOW_CTX_EXECUTION_DATE=2022-05-01T21:00:00+00:00
AIRFLOW_CTX_TRY_NUMBER=1
AIRFLOW_CTX_DAG_RUN_ID=scheduled__2022-05-01T21:00:00+00:00
[2023-05-08T23:46:47.716+0000] {taskinstance.py:1776} ERROR - Task failed with exception
Traceback (most recent call last):
  File "/home/airflow/.local/lib/python3.7/site-packages/airflow/operators/python.py", line 175, in execute
    return_value = self.execute_callable()
  File "/home/airflow/.local/lib/python3.7/site-packages/airflow/operators/python.py", line 192, in execute_callable
    return self.python_callable(*self.op_args, **self.op_kwargs)
  File "/opt/airflow/dags/helpers.py", line 59, in scrape_and_save
    after = datetime.fromisoformat(f"{{ execution_date }}")
ValueError: Invalid isoformat string: '{ execution_date }'
[2023-05-08T23:46:47.732+0000] {taskinstance.py:1332} INFO - Marking task as FAILED. dag_id=scrape_and_save_to_csv, task_id=scrape_teams_25-30, execution_date=20220501T210000, start_date=20230508T234647, end_date=20230508T234647
[2023-05-08T23:46:47.745+0000] {standard_task_runner.py:105} ERROR - Failed to execute job 3191 for task scrape_teams_25-30 (Invalid isoformat string: '{ execution_date }'; 502)
[2023-05-08T23:46:47.800+0000] {local_task_job.py:212} INFO - Task exited with return code 1
[2023-05-08T23:46:47.819+0000] {taskinstance.py:2596} INFO - 0 downstream tasks scheduled from follow-on schedule check
[2023-05-09T21:46:05.338+0000] {taskinstance.py:1090} INFO - Dependencies all met for dep_context=non-requeueable deps ti=<TaskInstance: scrape_and_save_to_csv.scrape_teams_25-30 scheduled__2022-05-01T21:00:00+00:00 [queued]>
[2023-05-09T21:46:05.358+0000] {taskinstance.py:1090} INFO - Dependencies all met for dep_context=requeueable deps ti=<TaskInstance: scrape_and_save_to_csv.scrape_teams_25-30 scheduled__2022-05-01T21:00:00+00:00 [queued]>
[2023-05-09T21:46:05.360+0000] {taskinstance.py:1288} INFO - 
--------------------------------------------------------------------------------
[2023-05-09T21:46:05.361+0000] {taskinstance.py:1289} INFO - Starting attempt 1 of 1
[2023-05-09T21:46:05.362+0000] {taskinstance.py:1290} INFO - 
--------------------------------------------------------------------------------
[2023-05-09T21:46:05.385+0000] {taskinstance.py:1309} INFO - Executing <Task(PythonOperator): scrape_teams_25-30> on 2022-05-01 21:00:00+00:00
[2023-05-09T21:46:05.397+0000] {standard_task_runner.py:55} INFO - Started process 12753 to run task
[2023-05-09T21:46:05.416+0000] {standard_task_runner.py:82} INFO - Running: ['***', 'tasks', 'run', 'scrape_and_save_to_csv', 'scrape_teams_25-30', 'scheduled__2022-05-01T21:00:00+00:00', '--job-id', '3415', '--raw', '--subdir', 'DAGS_FOLDER/scrape_and_push_dag.py', '--cfg-path', '/tmp/tmprzemu4lx']
[2023-05-09T21:46:05.420+0000] {standard_task_runner.py:83} INFO - Job 3415: Subtask scrape_teams_25-30
[2023-05-09T21:46:05.571+0000] {task_command.py:389} INFO - Running <TaskInstance: scrape_and_save_to_csv.scrape_teams_25-30 scheduled__2022-05-01T21:00:00+00:00 [running]> on host f41dbfa3d325
[2023-05-09T21:46:05.627+0000] {warnings.py:110} WARNING - /home/***/.local/lib/python3.7/site-packages/***/utils/context.py:205: AirflowContextDeprecationWarning: Accessing 'execution_date' from the template is deprecated and will be removed in a future version. Please use 'data_interval_start' or 'logical_date' instead.
  warnings.warn(_create_deprecation_warning(key, self._deprecation_replacements[key]))

[2023-05-09T21:46:05.688+0000] {taskinstance.py:1518} INFO - Exporting the following env vars:
AIRFLOW_CTX_DAG_OWNER=***
AIRFLOW_CTX_DAG_ID=scrape_and_save_to_csv
AIRFLOW_CTX_TASK_ID=scrape_teams_25-30
AIRFLOW_CTX_EXECUTION_DATE=2022-05-01T21:00:00+00:00
AIRFLOW_CTX_TRY_NUMBER=1
AIRFLOW_CTX_DAG_RUN_ID=scheduled__2022-05-01T21:00:00+00:00
[2023-05-09T21:46:10.311+0000] {helpers.py:94} INFO - Portland Trail Blazers: Successfully scraped!
[2023-05-09T21:46:23.532+0000] {helpers.py:94} INFO - Sacramento Kings: Successfully scraped!
[2023-05-09T21:46:39.262+0000] {helpers.py:94} INFO - San Antonio Spurs: Successfully scraped!
[2023-05-09T21:46:55.832+0000] {helpers.py:94} INFO - Toronto Raptors: Successfully scraped!
[2023-05-09T21:47:12.396+0000] {helpers.py:94} INFO - Utah Jazz: Successfully scraped!
[2023-05-09T21:47:27.722+0000] {helpers.py:94} INFO - Washington Wizards: Successfully scraped!
[2023-05-09T21:47:27.743+0000] {helpers.py:109} INFO - Saved in /opt/***/data/output_scrape_teams_25-30.csv
[2023-05-09T21:47:27.746+0000] {python.py:177} INFO - Done. Returned value was: None
[2023-05-09T21:47:27.769+0000] {taskinstance.py:1332} INFO - Marking task as SUCCESS. dag_id=scrape_and_save_to_csv, task_id=scrape_teams_25-30, execution_date=20220501T210000, start_date=20230509T214605, end_date=20230509T214727
[2023-05-09T21:47:27.891+0000] {local_task_job.py:212} INFO - Task exited with return code 0
[2023-05-09T21:47:27.921+0000] {taskinstance.py:2596} INFO - 0 downstream tasks scheduled from follow-on schedule check
