[2023-05-06T23:41:45.575+0000] {taskinstance.py:1090} INFO - Dependencies all met for dep_context=non-requeueable deps ti=<TaskInstance: scrape_and_save_to_csv.scrape_teams_17-24 scheduled__2023-05-06T22:30:00+00:00 [queued]>
[2023-05-06T23:41:45.602+0000] {taskinstance.py:1090} INFO - Dependencies all met for dep_context=requeueable deps ti=<TaskInstance: scrape_and_save_to_csv.scrape_teams_17-24 scheduled__2023-05-06T22:30:00+00:00 [queued]>
[2023-05-06T23:41:45.604+0000] {taskinstance.py:1288} INFO - 
--------------------------------------------------------------------------------
[2023-05-06T23:41:45.607+0000] {taskinstance.py:1289} INFO - Starting attempt 1 of 1
[2023-05-06T23:41:45.608+0000] {taskinstance.py:1290} INFO - 
--------------------------------------------------------------------------------
[2023-05-06T23:41:45.634+0000] {taskinstance.py:1309} INFO - Executing <Task(PythonOperator): scrape_teams_17-24> on 2023-05-06 22:30:00+00:00
[2023-05-06T23:41:45.650+0000] {standard_task_runner.py:55} INFO - Started process 62 to run task
[2023-05-06T23:41:45.659+0000] {standard_task_runner.py:82} INFO - Running: ['***', 'tasks', 'run', 'scrape_and_save_to_csv', 'scrape_teams_17-24', 'scheduled__2023-05-06T22:30:00+00:00', '--job-id', '2625', '--raw', '--subdir', 'DAGS_FOLDER/scrape_and_save_csv_dag.py', '--cfg-path', '/tmp/tmph7osqczh']
[2023-05-06T23:41:45.667+0000] {standard_task_runner.py:83} INFO - Job 2625: Subtask scrape_teams_17-24
[2023-05-06T23:41:45.957+0000] {task_command.py:389} INFO - Running <TaskInstance: scrape_and_save_to_csv.scrape_teams_17-24 scheduled__2023-05-06T22:30:00+00:00 [running]> on host 6589836e9c08
[2023-05-06T23:41:46.137+0000] {taskinstance.py:1518} INFO - Exporting the following env vars:
AIRFLOW_CTX_DAG_OWNER=***
AIRFLOW_CTX_DAG_ID=scrape_and_save_to_csv
AIRFLOW_CTX_TASK_ID=scrape_teams_17-24
AIRFLOW_CTX_EXECUTION_DATE=2023-05-06T22:30:00+00:00
AIRFLOW_CTX_TRY_NUMBER=1
AIRFLOW_CTX_DAG_RUN_ID=scheduled__2023-05-06T22:30:00+00:00
[2023-05-06T23:41:48.970+0000] {warnings.py:110} WARNING - /home/***/.local/lib/python3.7/site-packages/***/utils/context.py:313: AirflowContextDeprecationWarning: Accessing 'execution_date' from the template is deprecated and will be removed in a future version. Please use 'data_interval_start' or 'logical_date' instead.
  warnings.warn(_create_deprecation_warning(k, replacements))

[2023-05-06T23:41:49.352+0000] {helpers.py:80} INFO - Milwaukee Bucks: Successfully scraped!
[2023-05-06T23:41:59.145+0000] {helpers.py:80} INFO - Minnesota Timberwolves: Successfully scraped!
[2023-05-06T23:42:03.117+0000] {helpers.py:80} INFO - New Orleans Pelicans: Successfully scraped!
[2023-05-06T23:42:06.389+0000] {helpers.py:80} INFO - New York Knicks: Successfully scraped!
[2023-05-06T23:42:10.669+0000] {helpers.py:80} INFO - Oklahoma City Thunder: Successfully scraped!
[2023-05-06T23:42:13.771+0000] {helpers.py:80} INFO - Orlando Magic: Successfully scraped!
[2023-05-06T23:42:16.874+0000] {helpers.py:80} INFO - Philadelphia 76ers: Successfully scraped!
[2023-05-06T23:42:19.963+0000] {helpers.py:80} INFO - Phoenix Suns: Successfully scraped!
[2023-05-06T23:42:20.003+0000] {helpers.py:96} INFO - Saved in /opt/***/data/output_scrape_teams_17-24.csv
[2023-05-06T23:42:20.015+0000] {python.py:177} INFO - Done. Returned value was: None
[2023-05-06T23:42:20.073+0000] {taskinstance.py:1332} INFO - Marking task as SUCCESS. dag_id=scrape_and_save_to_csv, task_id=scrape_teams_17-24, execution_date=20230506T223000, start_date=20230506T234145, end_date=20230506T234220
[2023-05-06T23:42:20.208+0000] {local_task_job.py:212} INFO - Task exited with return code 0
[2023-05-06T23:42:20.256+0000] {taskinstance.py:2596} INFO - 0 downstream tasks scheduled from follow-on schedule check
