[2023-05-03T17:39:31.497+0000] {taskinstance.py:1090} INFO - Dependencies all met for dep_context=non-requeueable deps ti=<TaskInstance: scrape_and_save_to_csv.scrape_teams_1-8 scheduled__2023-05-03T12:30:00+00:00 [queued]>
[2023-05-03T17:39:31.511+0000] {taskinstance.py:1090} INFO - Dependencies all met for dep_context=requeueable deps ti=<TaskInstance: scrape_and_save_to_csv.scrape_teams_1-8 scheduled__2023-05-03T12:30:00+00:00 [queued]>
[2023-05-03T17:39:31.513+0000] {taskinstance.py:1288} INFO - 
--------------------------------------------------------------------------------
[2023-05-03T17:39:31.514+0000] {taskinstance.py:1289} INFO - Starting attempt 1 of 1
[2023-05-03T17:39:31.515+0000] {taskinstance.py:1290} INFO - 
--------------------------------------------------------------------------------
[2023-05-03T17:39:31.528+0000] {taskinstance.py:1309} INFO - Executing <Task(PythonOperator): scrape_teams_1-8> on 2023-05-03 12:30:00+00:00
[2023-05-03T17:39:31.536+0000] {standard_task_runner.py:55} INFO - Started process 31748 to run task
[2023-05-03T17:39:31.550+0000] {standard_task_runner.py:82} INFO - Running: ['***', 'tasks', 'run', 'scrape_and_save_to_csv', 'scrape_teams_1-8', 'scheduled__2023-05-03T12:30:00+00:00', '--job-id', '2380', '--raw', '--subdir', 'DAGS_FOLDER/scrape_and_save_csv_dag.py', '--cfg-path', '/tmp/tmp3dxtza4_']
[2023-05-03T17:39:31.577+0000] {standard_task_runner.py:83} INFO - Job 2380: Subtask scrape_teams_1-8
[2023-05-03T17:39:31.774+0000] {task_command.py:389} INFO - Running <TaskInstance: scrape_and_save_to_csv.scrape_teams_1-8 scheduled__2023-05-03T12:30:00+00:00 [running]> on host 5d4cd8acb346
[2023-05-03T17:39:32.028+0000] {taskinstance.py:1518} INFO - Exporting the following env vars:
AIRFLOW_CTX_DAG_OWNER=***
AIRFLOW_CTX_DAG_ID=scrape_and_save_to_csv
AIRFLOW_CTX_TASK_ID=scrape_teams_1-8
AIRFLOW_CTX_EXECUTION_DATE=2023-05-03T12:30:00+00:00
AIRFLOW_CTX_TRY_NUMBER=1
AIRFLOW_CTX_DAG_RUN_ID=scheduled__2023-05-03T12:30:00+00:00
[2023-05-03T17:39:32.495+0000] {logging_mixin.py:137} INFO - Expecting value: line 1 column 1 (char 0)
[2023-05-03T17:39:32.497+0000] {helpers.py:86} ERROR - Expecting value: line 1 column 1 (char 0)
[2023-05-03T17:39:32.499+0000] {helpers.py:87} ERROR - Retrying! 9 attempts before skipping!
[2023-05-03T17:39:33.650+0000] {logging_mixin.py:137} INFO - Expecting value: line 1 column 1 (char 0)
[2023-05-03T17:39:33.652+0000] {helpers.py:86} ERROR - Expecting value: line 1 column 1 (char 0)
[2023-05-03T17:39:33.653+0000] {helpers.py:87} ERROR - Retrying! 8 attempts before skipping!
[2023-05-03T17:39:34.805+0000] {logging_mixin.py:137} INFO - Expecting value: line 1 column 1 (char 0)
[2023-05-03T17:39:34.806+0000] {helpers.py:86} ERROR - Expecting value: line 1 column 1 (char 0)
[2023-05-03T17:39:34.807+0000] {helpers.py:87} ERROR - Retrying! 7 attempts before skipping!
[2023-05-03T17:39:35.974+0000] {logging_mixin.py:137} INFO - Expecting value: line 1 column 1 (char 0)
[2023-05-03T17:39:35.975+0000] {helpers.py:86} ERROR - Expecting value: line 1 column 1 (char 0)
[2023-05-03T17:39:35.977+0000] {helpers.py:87} ERROR - Retrying! 6 attempts before skipping!
[2023-05-03T17:39:37.145+0000] {logging_mixin.py:137} INFO - Expecting value: line 1 column 1 (char 0)
[2023-05-03T17:39:37.146+0000] {helpers.py:86} ERROR - Expecting value: line 1 column 1 (char 0)
[2023-05-03T17:39:37.147+0000] {helpers.py:87} ERROR - Retrying! 5 attempts before skipping!
[2023-05-03T17:39:38.381+0000] {logging_mixin.py:137} INFO - Expecting value: line 1 column 1 (char 0)
[2023-05-03T17:39:38.382+0000] {helpers.py:86} ERROR - Expecting value: line 1 column 1 (char 0)
[2023-05-03T17:39:38.383+0000] {helpers.py:87} ERROR - Retrying! 4 attempts before skipping!
[2023-05-03T17:39:39.563+0000] {logging_mixin.py:137} INFO - Expecting value: line 1 column 1 (char 0)
[2023-05-03T17:39:39.565+0000] {helpers.py:86} ERROR - Expecting value: line 1 column 1 (char 0)
[2023-05-03T17:39:39.566+0000] {helpers.py:87} ERROR - Retrying! 3 attempts before skipping!
[2023-05-03T17:39:41.286+0000] {logging_mixin.py:137} INFO - Expecting value: line 1 column 1 (char 0)
[2023-05-03T17:39:41.372+0000] {helpers.py:86} ERROR - Expecting value: line 1 column 1 (char 0)
[2023-05-03T17:39:41.408+0000] {helpers.py:87} ERROR - Retrying! 2 attempts before skipping!
[2023-05-03T17:39:42.625+0000] {logging_mixin.py:137} INFO - Expecting value: line 1 column 1 (char 0)
[2023-05-03T17:39:42.639+0000] {helpers.py:86} ERROR - Expecting value: line 1 column 1 (char 0)
[2023-05-03T17:39:42.667+0000] {helpers.py:87} ERROR - Retrying! 1 attempts before skipping!
[2023-05-03T17:39:43.931+0000] {logging_mixin.py:137} INFO - Expecting value: line 1 column 1 (char 0)
[2023-05-03T17:39:43.936+0000] {helpers.py:86} ERROR - Expecting value: line 1 column 1 (char 0)
[2023-05-03T17:39:43.937+0000] {helpers.py:87} ERROR - Retrying! 0 attempts before skipping!
[2023-05-03T17:39:45.146+0000] {logging_mixin.py:137} INFO - Expecting value: line 1 column 1 (char 0)
[2023-05-03T17:39:45.156+0000] {helpers.py:86} ERROR - Expecting value: line 1 column 1 (char 0)
[2023-05-03T17:39:45.161+0000] {helpers.py:87} ERROR - Retrying! -1 attempts before skipping!
[2023-05-03T17:39:46.332+0000] {logging_mixin.py:137} INFO - Expecting value: line 1 column 1 (char 0)
[2023-05-03T17:39:46.354+0000] {helpers.py:86} ERROR - Expecting value: line 1 column 1 (char 0)
[2023-05-03T17:39:46.369+0000] {helpers.py:87} ERROR - Retrying! 9 attempts before skipping!
[2023-05-03T17:39:47.582+0000] {logging_mixin.py:137} INFO - Expecting value: line 1 column 1 (char 0)
[2023-05-03T17:39:47.597+0000] {helpers.py:86} ERROR - Expecting value: line 1 column 1 (char 0)
[2023-05-03T17:39:47.616+0000] {helpers.py:87} ERROR - Retrying! 8 attempts before skipping!
[2023-05-03T17:39:48.802+0000] {logging_mixin.py:137} INFO - Expecting value: line 1 column 1 (char 0)
[2023-05-03T17:39:48.804+0000] {helpers.py:86} ERROR - Expecting value: line 1 column 1 (char 0)
[2023-05-03T17:39:48.813+0000] {helpers.py:87} ERROR - Retrying! 7 attempts before skipping!
[2023-05-03T17:39:49.988+0000] {logging_mixin.py:137} INFO - Expecting value: line 1 column 1 (char 0)
[2023-05-03T17:39:49.993+0000] {helpers.py:86} ERROR - Expecting value: line 1 column 1 (char 0)
[2023-05-03T17:39:49.995+0000] {helpers.py:87} ERROR - Retrying! 6 attempts before skipping!
[2023-05-03T17:39:51.178+0000] {logging_mixin.py:137} INFO - Expecting value: line 1 column 1 (char 0)
[2023-05-03T17:39:51.209+0000] {helpers.py:86} ERROR - Expecting value: line 1 column 1 (char 0)
[2023-05-03T17:39:51.243+0000] {helpers.py:87} ERROR - Retrying! 5 attempts before skipping!
[2023-05-03T17:39:52.411+0000] {logging_mixin.py:137} INFO - Expecting value: line 1 column 1 (char 0)
[2023-05-03T17:39:52.413+0000] {helpers.py:86} ERROR - Expecting value: line 1 column 1 (char 0)
[2023-05-03T17:39:52.414+0000] {helpers.py:87} ERROR - Retrying! 4 attempts before skipping!
[2023-05-03T17:39:53.566+0000] {logging_mixin.py:137} INFO - Expecting value: line 1 column 1 (char 0)
[2023-05-03T17:39:53.569+0000] {helpers.py:86} ERROR - Expecting value: line 1 column 1 (char 0)
[2023-05-03T17:39:53.570+0000] {helpers.py:87} ERROR - Retrying! 3 attempts before skipping!
[2023-05-03T17:39:54.928+0000] {logging_mixin.py:137} INFO - Expecting value: line 1 column 1 (char 0)
[2023-05-03T17:39:54.929+0000] {helpers.py:86} ERROR - Expecting value: line 1 column 1 (char 0)
[2023-05-03T17:39:54.930+0000] {helpers.py:87} ERROR - Retrying! 2 attempts before skipping!
[2023-05-03T17:39:56.098+0000] {logging_mixin.py:137} INFO - Expecting value: line 1 column 1 (char 0)
[2023-05-03T17:39:56.100+0000] {helpers.py:86} ERROR - Expecting value: line 1 column 1 (char 0)
[2023-05-03T17:39:56.102+0000] {helpers.py:87} ERROR - Retrying! 1 attempts before skipping!
[2023-05-03T17:39:57.791+0000] {logging_mixin.py:137} INFO - Expecting value: line 1 column 1 (char 0)
[2023-05-03T17:39:57.798+0000] {helpers.py:86} ERROR - Expecting value: line 1 column 1 (char 0)
[2023-05-03T17:39:57.803+0000] {helpers.py:87} ERROR - Retrying! 0 attempts before skipping!
[2023-05-03T17:39:59.304+0000] {logging_mixin.py:137} INFO - Expecting value: line 1 column 1 (char 0)
[2023-05-03T17:39:59.312+0000] {helpers.py:86} ERROR - Expecting value: line 1 column 1 (char 0)
[2023-05-03T17:39:59.314+0000] {helpers.py:87} ERROR - Retrying! -1 attempts before skipping!
[2023-05-03T17:40:00.515+0000] {logging_mixin.py:137} INFO - Expecting value: line 1 column 1 (char 0)
[2023-05-03T17:40:00.517+0000] {helpers.py:86} ERROR - Expecting value: line 1 column 1 (char 0)
[2023-05-03T17:40:00.519+0000] {helpers.py:87} ERROR - Retrying! 9 attempts before skipping!
[2023-05-03T17:40:01.665+0000] {logging_mixin.py:137} INFO - Expecting value: line 1 column 1 (char 0)
[2023-05-03T17:40:01.666+0000] {helpers.py:86} ERROR - Expecting value: line 1 column 1 (char 0)
[2023-05-03T17:40:01.667+0000] {helpers.py:87} ERROR - Retrying! 8 attempts before skipping!
[2023-05-03T17:40:02.821+0000] {logging_mixin.py:137} INFO - Expecting value: line 1 column 1 (char 0)
[2023-05-03T17:40:02.822+0000] {helpers.py:86} ERROR - Expecting value: line 1 column 1 (char 0)
[2023-05-03T17:40:02.823+0000] {helpers.py:87} ERROR - Retrying! 7 attempts before skipping!
[2023-05-03T17:40:03.977+0000] {logging_mixin.py:137} INFO - Expecting value: line 1 column 1 (char 0)
[2023-05-03T17:40:03.978+0000] {helpers.py:86} ERROR - Expecting value: line 1 column 1 (char 0)
[2023-05-03T17:40:03.979+0000] {helpers.py:87} ERROR - Retrying! 6 attempts before skipping!
[2023-05-03T17:40:05.164+0000] {logging_mixin.py:137} INFO - Expecting value: line 1 column 1 (char 0)
[2023-05-03T17:40:05.168+0000] {helpers.py:86} ERROR - Expecting value: line 1 column 1 (char 0)
[2023-05-03T17:40:05.169+0000] {helpers.py:87} ERROR - Retrying! 5 attempts before skipping!
[2023-05-03T17:40:06.316+0000] {logging_mixin.py:137} INFO - Expecting value: line 1 column 1 (char 0)
[2023-05-03T17:40:06.317+0000] {helpers.py:86} ERROR - Expecting value: line 1 column 1 (char 0)
[2023-05-03T17:40:06.318+0000] {helpers.py:87} ERROR - Retrying! 4 attempts before skipping!
[2023-05-03T17:40:07.475+0000] {logging_mixin.py:137} INFO - Expecting value: line 1 column 1 (char 0)
[2023-05-03T17:40:07.477+0000] {helpers.py:86} ERROR - Expecting value: line 1 column 1 (char 0)
[2023-05-03T17:40:07.479+0000] {helpers.py:87} ERROR - Retrying! 3 attempts before skipping!
[2023-05-03T17:40:08.648+0000] {logging_mixin.py:137} INFO - Expecting value: line 1 column 1 (char 0)
[2023-05-03T17:40:08.649+0000] {helpers.py:86} ERROR - Expecting value: line 1 column 1 (char 0)
[2023-05-03T17:40:08.651+0000] {helpers.py:87} ERROR - Retrying! 2 attempts before skipping!
[2023-05-03T17:40:09.799+0000] {logging_mixin.py:137} INFO - Expecting value: line 1 column 1 (char 0)
[2023-05-03T17:40:09.800+0000] {helpers.py:86} ERROR - Expecting value: line 1 column 1 (char 0)
[2023-05-03T17:40:09.801+0000] {helpers.py:87} ERROR - Retrying! 1 attempts before skipping!
[2023-05-03T17:40:10.947+0000] {logging_mixin.py:137} INFO - Expecting value: line 1 column 1 (char 0)
[2023-05-03T17:40:10.963+0000] {helpers.py:86} ERROR - Expecting value: line 1 column 1 (char 0)
[2023-05-03T17:40:10.965+0000] {helpers.py:87} ERROR - Retrying! 0 attempts before skipping!
[2023-05-03T17:40:12.110+0000] {logging_mixin.py:137} INFO - Expecting value: line 1 column 1 (char 0)
[2023-05-03T17:40:12.111+0000] {helpers.py:86} ERROR - Expecting value: line 1 column 1 (char 0)
[2023-05-03T17:40:12.112+0000] {helpers.py:87} ERROR - Retrying! -1 attempts before skipping!
[2023-05-03T17:40:13.264+0000] {logging_mixin.py:137} INFO - Expecting value: line 1 column 1 (char 0)
[2023-05-03T17:40:13.265+0000] {helpers.py:86} ERROR - Expecting value: line 1 column 1 (char 0)
[2023-05-03T17:40:13.266+0000] {helpers.py:87} ERROR - Retrying! 9 attempts before skipping!
[2023-05-03T17:40:14.472+0000] {logging_mixin.py:137} INFO - Expecting value: line 1 column 1 (char 0)
[2023-05-03T17:40:14.474+0000] {helpers.py:86} ERROR - Expecting value: line 1 column 1 (char 0)
[2023-05-03T17:40:14.475+0000] {helpers.py:87} ERROR - Retrying! 8 attempts before skipping!
[2023-05-03T17:40:15.627+0000] {logging_mixin.py:137} INFO - Expecting value: line 1 column 1 (char 0)
[2023-05-03T17:40:15.630+0000] {helpers.py:86} ERROR - Expecting value: line 1 column 1 (char 0)
[2023-05-03T17:40:15.631+0000] {helpers.py:87} ERROR - Retrying! 7 attempts before skipping!
[2023-05-03T17:40:16.961+0000] {logging_mixin.py:137} INFO - Expecting value: line 1 column 1 (char 0)
[2023-05-03T17:40:16.963+0000] {helpers.py:86} ERROR - Expecting value: line 1 column 1 (char 0)
[2023-05-03T17:40:16.967+0000] {helpers.py:87} ERROR - Retrying! 6 attempts before skipping!
[2023-05-03T17:40:18.124+0000] {logging_mixin.py:137} INFO - Expecting value: line 1 column 1 (char 0)
[2023-05-03T17:40:18.141+0000] {helpers.py:86} ERROR - Expecting value: line 1 column 1 (char 0)
[2023-05-03T17:40:18.143+0000] {helpers.py:87} ERROR - Retrying! 5 attempts before skipping!
[2023-05-03T17:40:19.319+0000] {logging_mixin.py:137} INFO - Expecting value: line 1 column 1 (char 0)
[2023-05-03T17:40:19.320+0000] {helpers.py:86} ERROR - Expecting value: line 1 column 1 (char 0)
[2023-05-03T17:40:19.321+0000] {helpers.py:87} ERROR - Retrying! 4 attempts before skipping!
[2023-05-03T17:40:20.656+0000] {logging_mixin.py:137} INFO - Expecting value: line 1 column 1 (char 0)
[2023-05-03T17:40:20.657+0000] {helpers.py:86} ERROR - Expecting value: line 1 column 1 (char 0)
[2023-05-03T17:40:20.658+0000] {helpers.py:87} ERROR - Retrying! 3 attempts before skipping!
[2023-05-03T17:40:21.818+0000] {logging_mixin.py:137} INFO - Expecting value: line 1 column 1 (char 0)
[2023-05-03T17:40:21.819+0000] {helpers.py:86} ERROR - Expecting value: line 1 column 1 (char 0)
[2023-05-03T17:40:21.820+0000] {helpers.py:87} ERROR - Retrying! 2 attempts before skipping!
[2023-05-03T17:40:22.968+0000] {logging_mixin.py:137} INFO - Expecting value: line 1 column 1 (char 0)
[2023-05-03T17:40:22.969+0000] {helpers.py:86} ERROR - Expecting value: line 1 column 1 (char 0)
[2023-05-03T17:40:22.970+0000] {helpers.py:87} ERROR - Retrying! 1 attempts before skipping!
[2023-05-03T17:40:24.113+0000] {logging_mixin.py:137} INFO - Expecting value: line 1 column 1 (char 0)
[2023-05-03T17:40:24.114+0000] {helpers.py:86} ERROR - Expecting value: line 1 column 1 (char 0)
[2023-05-03T17:40:24.115+0000] {helpers.py:87} ERROR - Retrying! 0 attempts before skipping!
[2023-05-03T17:40:25.269+0000] {logging_mixin.py:137} INFO - Expecting value: line 1 column 1 (char 0)
[2023-05-03T17:40:25.271+0000] {helpers.py:86} ERROR - Expecting value: line 1 column 1 (char 0)
[2023-05-03T17:40:25.273+0000] {helpers.py:87} ERROR - Retrying! -1 attempts before skipping!
[2023-05-03T17:40:26.427+0000] {logging_mixin.py:137} INFO - Expecting value: line 1 column 1 (char 0)
[2023-05-03T17:40:26.428+0000] {helpers.py:86} ERROR - Expecting value: line 1 column 1 (char 0)
[2023-05-03T17:40:26.429+0000] {helpers.py:87} ERROR - Retrying! 9 attempts before skipping!
[2023-05-03T17:40:27.628+0000] {logging_mixin.py:137} INFO - Expecting value: line 1 column 1 (char 0)
[2023-05-03T17:40:27.629+0000] {helpers.py:86} ERROR - Expecting value: line 1 column 1 (char 0)
[2023-05-03T17:40:27.630+0000] {helpers.py:87} ERROR - Retrying! 8 attempts before skipping!
[2023-05-03T17:40:28.782+0000] {logging_mixin.py:137} INFO - Expecting value: line 1 column 1 (char 0)
[2023-05-03T17:40:28.783+0000] {helpers.py:86} ERROR - Expecting value: line 1 column 1 (char 0)
[2023-05-03T17:40:28.784+0000] {helpers.py:87} ERROR - Retrying! 7 attempts before skipping!
[2023-05-03T17:40:29.966+0000] {logging_mixin.py:137} INFO - Expecting value: line 1 column 1 (char 0)
[2023-05-03T17:40:29.967+0000] {helpers.py:86} ERROR - Expecting value: line 1 column 1 (char 0)
[2023-05-03T17:40:29.968+0000] {helpers.py:87} ERROR - Retrying! 6 attempts before skipping!
[2023-05-03T17:40:31.119+0000] {logging_mixin.py:137} INFO - Expecting value: line 1 column 1 (char 0)
[2023-05-03T17:40:31.123+0000] {helpers.py:86} ERROR - Expecting value: line 1 column 1 (char 0)
[2023-05-03T17:40:31.124+0000] {helpers.py:87} ERROR - Retrying! 5 attempts before skipping!
[2023-05-03T17:40:32.278+0000] {logging_mixin.py:137} INFO - Expecting value: line 1 column 1 (char 0)
[2023-05-03T17:40:32.280+0000] {helpers.py:86} ERROR - Expecting value: line 1 column 1 (char 0)
[2023-05-03T17:40:32.281+0000] {helpers.py:87} ERROR - Retrying! 4 attempts before skipping!
[2023-05-03T17:40:33.449+0000] {logging_mixin.py:137} INFO - Expecting value: line 1 column 1 (char 0)
[2023-05-03T17:40:33.450+0000] {helpers.py:86} ERROR - Expecting value: line 1 column 1 (char 0)
[2023-05-03T17:40:33.451+0000] {helpers.py:87} ERROR - Retrying! 3 attempts before skipping!
[2023-05-03T17:40:34.613+0000] {logging_mixin.py:137} INFO - Expecting value: line 1 column 1 (char 0)
[2023-05-03T17:40:34.614+0000] {helpers.py:86} ERROR - Expecting value: line 1 column 1 (char 0)
[2023-05-03T17:40:34.615+0000] {helpers.py:87} ERROR - Retrying! 2 attempts before skipping!
[2023-05-03T17:40:35.762+0000] {logging_mixin.py:137} INFO - Expecting value: line 1 column 1 (char 0)
[2023-05-03T17:40:35.763+0000] {helpers.py:86} ERROR - Expecting value: line 1 column 1 (char 0)
[2023-05-03T17:40:35.767+0000] {helpers.py:87} ERROR - Retrying! 1 attempts before skipping!
[2023-05-03T17:40:36.944+0000] {logging_mixin.py:137} INFO - Expecting value: line 1 column 1 (char 0)
[2023-05-03T17:40:36.946+0000] {helpers.py:86} ERROR - Expecting value: line 1 column 1 (char 0)
[2023-05-03T17:40:36.946+0000] {helpers.py:87} ERROR - Retrying! 0 attempts before skipping!
[2023-05-03T17:40:38.129+0000] {logging_mixin.py:137} INFO - Expecting value: line 1 column 1 (char 0)
[2023-05-03T17:40:38.131+0000] {helpers.py:86} ERROR - Expecting value: line 1 column 1 (char 0)
[2023-05-03T17:40:38.132+0000] {helpers.py:87} ERROR - Retrying! -1 attempts before skipping!
[2023-05-03T17:40:39.291+0000] {logging_mixin.py:137} INFO - Expecting value: line 1 column 1 (char 0)
[2023-05-03T17:40:39.292+0000] {helpers.py:86} ERROR - Expecting value: line 1 column 1 (char 0)
[2023-05-03T17:40:39.294+0000] {helpers.py:87} ERROR - Retrying! 9 attempts before skipping!
[2023-05-03T17:40:40.450+0000] {logging_mixin.py:137} INFO - Expecting value: line 1 column 1 (char 0)
[2023-05-03T17:40:40.454+0000] {helpers.py:86} ERROR - Expecting value: line 1 column 1 (char 0)
[2023-05-03T17:40:40.455+0000] {helpers.py:87} ERROR - Retrying! 8 attempts before skipping!
[2023-05-03T17:40:41.605+0000] {logging_mixin.py:137} INFO - Expecting value: line 1 column 1 (char 0)
[2023-05-03T17:40:41.606+0000] {helpers.py:86} ERROR - Expecting value: line 1 column 1 (char 0)
[2023-05-03T17:40:41.607+0000] {helpers.py:87} ERROR - Retrying! 7 attempts before skipping!
[2023-05-03T17:40:42.770+0000] {logging_mixin.py:137} INFO - Expecting value: line 1 column 1 (char 0)
[2023-05-03T17:40:42.772+0000] {helpers.py:86} ERROR - Expecting value: line 1 column 1 (char 0)
[2023-05-03T17:40:42.773+0000] {helpers.py:87} ERROR - Retrying! 6 attempts before skipping!
[2023-05-03T17:40:43.939+0000] {logging_mixin.py:137} INFO - Expecting value: line 1 column 1 (char 0)
[2023-05-03T17:40:43.941+0000] {helpers.py:86} ERROR - Expecting value: line 1 column 1 (char 0)
[2023-05-03T17:40:43.941+0000] {helpers.py:87} ERROR - Retrying! 5 attempts before skipping!
[2023-05-03T17:40:45.134+0000] {logging_mixin.py:137} INFO - Expecting value: line 1 column 1 (char 0)
[2023-05-03T17:40:45.135+0000] {helpers.py:86} ERROR - Expecting value: line 1 column 1 (char 0)
[2023-05-03T17:40:45.136+0000] {helpers.py:87} ERROR - Retrying! 4 attempts before skipping!
[2023-05-03T17:40:46.302+0000] {logging_mixin.py:137} INFO - Expecting value: line 1 column 1 (char 0)
[2023-05-03T17:40:46.304+0000] {helpers.py:86} ERROR - Expecting value: line 1 column 1 (char 0)
[2023-05-03T17:40:46.306+0000] {helpers.py:87} ERROR - Retrying! 3 attempts before skipping!
[2023-05-03T17:40:47.467+0000] {logging_mixin.py:137} INFO - Expecting value: line 1 column 1 (char 0)
[2023-05-03T17:40:47.468+0000] {helpers.py:86} ERROR - Expecting value: line 1 column 1 (char 0)
[2023-05-03T17:40:47.469+0000] {helpers.py:87} ERROR - Retrying! 2 attempts before skipping!
[2023-05-03T17:40:48.622+0000] {logging_mixin.py:137} INFO - Expecting value: line 1 column 1 (char 0)
[2023-05-03T17:40:48.626+0000] {helpers.py:86} ERROR - Expecting value: line 1 column 1 (char 0)
[2023-05-03T17:40:48.627+0000] {helpers.py:87} ERROR - Retrying! 1 attempts before skipping!
[2023-05-03T17:40:49.803+0000] {logging_mixin.py:137} INFO - Expecting value: line 1 column 1 (char 0)
[2023-05-03T17:40:49.820+0000] {helpers.py:86} ERROR - Expecting value: line 1 column 1 (char 0)
[2023-05-03T17:40:49.821+0000] {helpers.py:87} ERROR - Retrying! 0 attempts before skipping!
[2023-05-03T17:40:50.977+0000] {logging_mixin.py:137} INFO - Expecting value: line 1 column 1 (char 0)
[2023-05-03T17:40:50.995+0000] {helpers.py:86} ERROR - Expecting value: line 1 column 1 (char 0)
[2023-05-03T17:40:50.996+0000] {helpers.py:87} ERROR - Retrying! -1 attempts before skipping!
[2023-05-03T17:40:52.146+0000] {logging_mixin.py:137} INFO - Expecting value: line 1 column 1 (char 0)
[2023-05-03T17:40:52.147+0000] {helpers.py:86} ERROR - Expecting value: line 1 column 1 (char 0)
[2023-05-03T17:40:52.148+0000] {helpers.py:87} ERROR - Retrying! 9 attempts before skipping!
[2023-05-03T17:40:53.430+0000] {logging_mixin.py:137} INFO - Expecting value: line 1 column 1 (char 0)
[2023-05-03T17:40:53.431+0000] {helpers.py:86} ERROR - Expecting value: line 1 column 1 (char 0)
[2023-05-03T17:40:53.432+0000] {helpers.py:87} ERROR - Retrying! 8 attempts before skipping!
[2023-05-03T17:40:54.608+0000] {logging_mixin.py:137} INFO - Expecting value: line 1 column 1 (char 0)
[2023-05-03T17:40:54.609+0000] {helpers.py:86} ERROR - Expecting value: line 1 column 1 (char 0)
[2023-05-03T17:40:54.611+0000] {helpers.py:87} ERROR - Retrying! 7 attempts before skipping!
[2023-05-03T17:40:55.769+0000] {logging_mixin.py:137} INFO - Expecting value: line 1 column 1 (char 0)
[2023-05-03T17:40:55.771+0000] {helpers.py:86} ERROR - Expecting value: line 1 column 1 (char 0)
[2023-05-03T17:40:55.772+0000] {helpers.py:87} ERROR - Retrying! 6 attempts before skipping!
[2023-05-03T17:40:56.930+0000] {logging_mixin.py:137} INFO - Expecting value: line 1 column 1 (char 0)
[2023-05-03T17:40:56.932+0000] {helpers.py:86} ERROR - Expecting value: line 1 column 1 (char 0)
[2023-05-03T17:40:56.937+0000] {helpers.py:87} ERROR - Retrying! 5 attempts before skipping!
[2023-05-03T17:40:58.272+0000] {logging_mixin.py:137} INFO - Expecting value: line 1 column 1 (char 0)
[2023-05-03T17:40:58.273+0000] {helpers.py:86} ERROR - Expecting value: line 1 column 1 (char 0)
[2023-05-03T17:40:58.274+0000] {helpers.py:87} ERROR - Retrying! 4 attempts before skipping!
[2023-05-03T17:40:59.423+0000] {logging_mixin.py:137} INFO - Expecting value: line 1 column 1 (char 0)
[2023-05-03T17:40:59.424+0000] {helpers.py:86} ERROR - Expecting value: line 1 column 1 (char 0)
[2023-05-03T17:40:59.425+0000] {helpers.py:87} ERROR - Retrying! 3 attempts before skipping!
[2023-05-03T17:41:00.577+0000] {logging_mixin.py:137} INFO - Expecting value: line 1 column 1 (char 0)
[2023-05-03T17:41:00.578+0000] {helpers.py:86} ERROR - Expecting value: line 1 column 1 (char 0)
[2023-05-03T17:41:00.595+0000] {helpers.py:87} ERROR - Retrying! 2 attempts before skipping!
[2023-05-03T17:41:01.740+0000] {logging_mixin.py:137} INFO - Expecting value: line 1 column 1 (char 0)
[2023-05-03T17:41:01.756+0000] {helpers.py:86} ERROR - Expecting value: line 1 column 1 (char 0)
[2023-05-03T17:41:01.757+0000] {helpers.py:87} ERROR - Retrying! 1 attempts before skipping!
[2023-05-03T17:41:02.919+0000] {logging_mixin.py:137} INFO - Expecting value: line 1 column 1 (char 0)
[2023-05-03T17:41:02.920+0000] {helpers.py:86} ERROR - Expecting value: line 1 column 1 (char 0)
[2023-05-03T17:41:02.921+0000] {helpers.py:87} ERROR - Retrying! 0 attempts before skipping!
[2023-05-03T17:41:04.070+0000] {logging_mixin.py:137} INFO - Expecting value: line 1 column 1 (char 0)
[2023-05-03T17:41:04.071+0000] {helpers.py:86} ERROR - Expecting value: line 1 column 1 (char 0)
[2023-05-03T17:41:04.072+0000] {helpers.py:87} ERROR - Retrying! -1 attempts before skipping!
[2023-05-03T17:41:05.325+0000] {logging_mixin.py:137} INFO - Expecting value: line 1 column 1 (char 0)
[2023-05-03T17:41:05.327+0000] {helpers.py:86} ERROR - Expecting value: line 1 column 1 (char 0)
[2023-05-03T17:41:05.328+0000] {helpers.py:87} ERROR - Retrying! 9 attempts before skipping!
[2023-05-03T17:41:06.483+0000] {logging_mixin.py:137} INFO - Expecting value: line 1 column 1 (char 0)
[2023-05-03T17:41:06.484+0000] {helpers.py:86} ERROR - Expecting value: line 1 column 1 (char 0)
[2023-05-03T17:41:06.484+0000] {helpers.py:87} ERROR - Retrying! 8 attempts before skipping!
[2023-05-03T17:41:07.645+0000] {logging_mixin.py:137} INFO - Expecting value: line 1 column 1 (char 0)
[2023-05-03T17:41:07.646+0000] {helpers.py:86} ERROR - Expecting value: line 1 column 1 (char 0)
[2023-05-03T17:41:07.647+0000] {helpers.py:87} ERROR - Retrying! 7 attempts before skipping!
[2023-05-03T17:41:08.821+0000] {logging_mixin.py:137} INFO - Expecting value: line 1 column 1 (char 0)
[2023-05-03T17:41:08.822+0000] {helpers.py:86} ERROR - Expecting value: line 1 column 1 (char 0)
[2023-05-03T17:41:08.838+0000] {helpers.py:87} ERROR - Retrying! 6 attempts before skipping!
[2023-05-03T17:41:09.991+0000] {logging_mixin.py:137} INFO - Expecting value: line 1 column 1 (char 0)
[2023-05-03T17:41:09.993+0000] {helpers.py:86} ERROR - Expecting value: line 1 column 1 (char 0)
[2023-05-03T17:41:09.994+0000] {helpers.py:87} ERROR - Retrying! 5 attempts before skipping!
[2023-05-03T17:41:11.162+0000] {logging_mixin.py:137} INFO - Expecting value: line 1 column 1 (char 0)
[2023-05-03T17:41:11.164+0000] {helpers.py:86} ERROR - Expecting value: line 1 column 1 (char 0)
[2023-05-03T17:41:11.165+0000] {helpers.py:87} ERROR - Retrying! 4 attempts before skipping!
[2023-05-03T17:41:13.668+0000] {logging_mixin.py:137} INFO - Expecting value: line 1 column 1 (char 0)
[2023-05-03T17:41:13.759+0000] {helpers.py:86} ERROR - Expecting value: line 1 column 1 (char 0)
[2023-05-03T17:41:13.843+0000] {helpers.py:87} ERROR - Retrying! 3 attempts before skipping!
[2023-05-03T17:41:15.102+0000] {logging_mixin.py:137} INFO - Expecting value: line 1 column 1 (char 0)
[2023-05-03T17:41:15.112+0000] {helpers.py:86} ERROR - Expecting value: line 1 column 1 (char 0)
[2023-05-03T17:41:15.127+0000] {helpers.py:87} ERROR - Retrying! 2 attempts before skipping!
[2023-05-03T17:41:16.288+0000] {logging_mixin.py:137} INFO - Expecting value: line 1 column 1 (char 0)
[2023-05-03T17:41:16.307+0000] {helpers.py:86} ERROR - Expecting value: line 1 column 1 (char 0)
[2023-05-03T17:41:16.309+0000] {helpers.py:87} ERROR - Retrying! 1 attempts before skipping!
[2023-05-03T17:41:17.522+0000] {logging_mixin.py:137} INFO - Expecting value: line 1 column 1 (char 0)
[2023-05-03T17:41:17.524+0000] {helpers.py:86} ERROR - Expecting value: line 1 column 1 (char 0)
[2023-05-03T17:41:17.525+0000] {helpers.py:87} ERROR - Retrying! 0 attempts before skipping!
[2023-05-03T17:41:18.873+0000] {logging_mixin.py:137} INFO - Expecting value: line 1 column 1 (char 0)
[2023-05-03T17:41:18.874+0000] {helpers.py:86} ERROR - Expecting value: line 1 column 1 (char 0)
[2023-05-03T17:41:18.875+0000] {helpers.py:87} ERROR - Retrying! -1 attempts before skipping!
[2023-05-03T17:41:19.888+0000] {helpers.py:96} INFO - Saved in /opt/***/data/output_scrape_teams_1-8.csv
[2023-05-03T17:41:19.892+0000] {python.py:177} INFO - Done. Returned value was: None
[2023-05-03T17:41:19.915+0000] {taskinstance.py:1332} INFO - Marking task as SUCCESS. dag_id=scrape_and_save_to_csv, task_id=scrape_teams_1-8, execution_date=20230503T123000, start_date=20230503T173931, end_date=20230503T174119
[2023-05-03T17:41:19.970+0000] {local_task_job.py:212} INFO - Task exited with return code 0
[2023-05-03T17:41:20.000+0000] {taskinstance.py:2596} INFO - 1 downstream tasks scheduled from follow-on schedule check
