[2023-05-10T16:29:16.637+0000] {taskinstance.py:1090} INFO - Dependencies all met for dep_context=non-requeueable deps ti=<TaskInstance: scrape_and_save_to_csv.scrape_teams_17-24 scheduled__2023-05-10T15:00:00+00:00 [queued]>
[2023-05-10T16:29:16.660+0000] {taskinstance.py:1090} INFO - Dependencies all met for dep_context=requeueable deps ti=<TaskInstance: scrape_and_save_to_csv.scrape_teams_17-24 scheduled__2023-05-10T15:00:00+00:00 [queued]>
[2023-05-10T16:29:16.662+0000] {taskinstance.py:1288} INFO - 
--------------------------------------------------------------------------------
[2023-05-10T16:29:16.664+0000] {taskinstance.py:1289} INFO - Starting attempt 1 of 1
[2023-05-10T16:29:16.666+0000] {taskinstance.py:1290} INFO - 
--------------------------------------------------------------------------------
[2023-05-10T16:29:16.698+0000] {taskinstance.py:1309} INFO - Executing <Task(PythonOperator): scrape_teams_17-24> on 2023-05-10 15:00:00+00:00
[2023-05-10T16:29:16.754+0000] {standard_task_runner.py:55} INFO - Started process 21228 to run task
[2023-05-10T16:29:16.765+0000] {standard_task_runner.py:82} INFO - Running: ['***', 'tasks', 'run', 'scrape_and_save_to_csv', 'scrape_teams_17-24', 'scheduled__2023-05-10T15:00:00+00:00', '--job-id', '4173', '--raw', '--subdir', 'DAGS_FOLDER/scrape_and_push_dag.py', '--cfg-path', '/tmp/tmpmev0gm2y']
[2023-05-10T16:29:16.775+0000] {standard_task_runner.py:83} INFO - Job 4173: Subtask scrape_teams_17-24
[2023-05-10T16:29:16.926+0000] {task_command.py:389} INFO - Running <TaskInstance: scrape_and_save_to_csv.scrape_teams_17-24 scheduled__2023-05-10T15:00:00+00:00 [running]> on host f41dbfa3d325
[2023-05-10T16:29:16.986+0000] {warnings.py:110} WARNING - /home/***/.local/lib/python3.7/site-packages/***/utils/context.py:205: AirflowContextDeprecationWarning: Accessing 'execution_date' from the template is deprecated and will be removed in a future version. Please use 'data_interval_start' or 'logical_date' instead.
  warnings.warn(_create_deprecation_warning(key, self._deprecation_replacements[key]))

[2023-05-10T16:29:17.134+0000] {taskinstance.py:1518} INFO - Exporting the following env vars:
AIRFLOW_CTX_DAG_OWNER=***
AIRFLOW_CTX_DAG_ID=scrape_and_save_to_csv
AIRFLOW_CTX_TASK_ID=scrape_teams_17-24
AIRFLOW_CTX_EXECUTION_DATE=2023-05-10T15:00:00+00:00
AIRFLOW_CTX_TRY_NUMBER=1
AIRFLOW_CTX_DAG_RUN_ID=scheduled__2023-05-10T15:00:00+00:00
[2023-05-10T16:29:18.776+0000] {helpers.py:95} INFO - Milwaukee Bucks: Successfully scraped!
[2023-05-10T16:29:19.505+0000] {helpers.py:95} INFO - Minnesota Timberwolves: Successfully scraped!
[2023-05-10T16:29:20.969+0000] {helpers.py:95} INFO - New Orleans Pelicans: Successfully scraped!
[2023-05-10T16:29:20.980+0000] {sessions.py:161} WARNING - Retrying due to ConnectionError(ProtocolError('Connection aborted.', RemoteDisconnected('Remote end closed connection without response'))) status: GET https://oauth.reddit.com/r/nyknicks/comments/
[2023-05-10T17:09:50.927+0000] {sessions.py:161} WARNING - Retrying due to ReadTimeout(ReadTimeoutError("HTTPSConnectionPool(host='oauth.reddit.com', port=443): Read timed out. (read timeout=16.0)")) status: GET https://oauth.reddit.com/r/nyknicks/comments/
[2023-05-10T17:09:53.543+0000] {helpers.py:95} INFO - New York Knicks: Successfully scraped!
[2023-05-10T17:09:54.550+0000] {helpers.py:95} INFO - Oklahoma City Thunder: Successfully scraped!
[2023-05-10T17:09:55.638+0000] {helpers.py:95} INFO - Orlando Magic: Successfully scraped!
[2023-05-10T17:10:01.681+0000] {helpers.py:95} INFO - Philadelphia 76ers: Successfully scraped!
[2023-05-10T17:10:31.341+0000] {helpers.py:95} INFO - Phoenix Suns: Successfully scraped!
[2023-05-10T17:10:31.351+0000] {helpers.py:110} INFO - Saved in /opt/***/data/output_scrape_teams_17-24.csv
[2023-05-10T17:10:31.352+0000] {python.py:177} INFO - Done. Returned value was: None
[2023-05-10T17:10:31.366+0000] {taskinstance.py:1332} INFO - Marking task as SUCCESS. dag_id=scrape_and_save_to_csv, task_id=scrape_teams_17-24, execution_date=20230510T150000, start_date=20230510T162916, end_date=20230510T171031
[2023-05-10T17:10:31.488+0000] {local_task_job.py:212} INFO - Task exited with return code 0
[2023-05-10T17:10:31.509+0000] {taskinstance.py:2596} INFO - 0 downstream tasks scheduled from follow-on schedule check
