[2023-05-02T10:30:01.878+0000] {taskinstance.py:1090} INFO - Dependencies all met for dep_context=non-requeueable deps ti=<TaskInstance: push_to_bigquery.push_csv_to_cloud_storage scheduled__2023-05-02T09:30:00+00:00 [queued]>
[2023-05-02T10:30:01.895+0000] {taskinstance.py:1090} INFO - Dependencies all met for dep_context=requeueable deps ti=<TaskInstance: push_to_bigquery.push_csv_to_cloud_storage scheduled__2023-05-02T09:30:00+00:00 [queued]>
[2023-05-02T10:30:01.909+0000] {taskinstance.py:1288} INFO - 
--------------------------------------------------------------------------------
[2023-05-02T10:30:01.916+0000] {taskinstance.py:1289} INFO - Starting attempt 1 of 1
[2023-05-02T10:30:01.917+0000] {taskinstance.py:1290} INFO - 
--------------------------------------------------------------------------------
[2023-05-02T10:30:01.942+0000] {taskinstance.py:1309} INFO - Executing <Task(PythonOperator): push_csv_to_cloud_storage> on 2023-05-02 09:30:00+00:00
[2023-05-02T10:30:01.949+0000] {standard_task_runner.py:55} INFO - Started process 20078 to run task
[2023-05-02T10:30:01.975+0000] {standard_task_runner.py:82} INFO - Running: ['***', 'tasks', 'run', 'push_to_bigquery', 'push_csv_to_cloud_storage', 'scheduled__2023-05-02T09:30:00+00:00', '--job-id', '2199', '--raw', '--subdir', 'DAGS_FOLDER/push_to_bigquery_dag.py', '--cfg-path', '/tmp/tmpgyp5kgwg']
[2023-05-02T10:30:01.985+0000] {standard_task_runner.py:83} INFO - Job 2199: Subtask push_csv_to_cloud_storage
[2023-05-02T10:30:02.149+0000] {task_command.py:389} INFO - Running <TaskInstance: push_to_bigquery.push_csv_to_cloud_storage scheduled__2023-05-02T09:30:00+00:00 [running]> on host 5d4cd8acb346
[2023-05-02T10:30:02.247+0000] {warnings.py:110} WARNING - /home/***/.local/lib/python3.7/site-packages/***/utils/context.py:205: AirflowContextDeprecationWarning: Accessing 'execution_date' from the template is deprecated and will be removed in a future version. Please use 'data_interval_start' or 'logical_date' instead.
  warnings.warn(_create_deprecation_warning(key, self._deprecation_replacements[key]))

[2023-05-02T10:30:02.307+0000] {taskinstance.py:1518} INFO - Exporting the following env vars:
AIRFLOW_CTX_DAG_OWNER=***
AIRFLOW_CTX_DAG_ID=push_to_bigquery
AIRFLOW_CTX_TASK_ID=push_csv_to_cloud_storage
AIRFLOW_CTX_EXECUTION_DATE=2023-05-02T09:30:00+00:00
AIRFLOW_CTX_TRY_NUMBER=1
AIRFLOW_CTX_DAG_RUN_ID=scheduled__2023-05-02T09:30:00+00:00
[2023-05-02T10:30:06.555+0000] {logging_mixin.py:137} INFO - File /opt/***/data/all_teams.csv has been uploaded to Google Cloud Storage Bucket trendba-bucket-1
[2023-05-02T10:30:06.561+0000] {python.py:177} INFO - Done. Returned value was: None
[2023-05-02T10:30:06.578+0000] {taskinstance.py:1332} INFO - Marking task as SUCCESS. dag_id=push_to_bigquery, task_id=push_csv_to_cloud_storage, execution_date=20230502T093000, start_date=20230502T103001, end_date=20230502T103006
[2023-05-02T10:30:06.629+0000] {local_task_job.py:212} INFO - Task exited with return code 0
[2023-05-02T10:30:06.644+0000] {taskinstance.py:2596} INFO - 0 downstream tasks scheduled from follow-on schedule check
