[2023-05-19T21:41:35.151+0000] {taskinstance.py:1090} INFO - Dependencies all met for dep_context=non-requeueable deps ti=<TaskInstance: store_daily_csv_in_gcs.create_native_table manual__2023-05-19T21:41:33.090668+00:00 [queued]>
[2023-05-19T21:41:35.159+0000] {taskinstance.py:1090} INFO - Dependencies all met for dep_context=requeueable deps ti=<TaskInstance: store_daily_csv_in_gcs.create_native_table manual__2023-05-19T21:41:33.090668+00:00 [queued]>
[2023-05-19T21:41:35.161+0000] {taskinstance.py:1288} INFO - 
--------------------------------------------------------------------------------
[2023-05-19T21:41:35.161+0000] {taskinstance.py:1289} INFO - Starting attempt 1 of 1
[2023-05-19T21:41:35.162+0000] {taskinstance.py:1290} INFO - 
--------------------------------------------------------------------------------
[2023-05-19T21:41:35.175+0000] {taskinstance.py:1309} INFO - Executing <Task(BigQueryInsertJobOperator): create_native_table> on 2023-05-19 21:41:33.090668+00:00
[2023-05-19T21:41:35.187+0000] {standard_task_runner.py:55} INFO - Started process 810 to run task
[2023-05-19T21:41:35.191+0000] {standard_task_runner.py:82} INFO - Running: ['***', 'tasks', 'run', 'store_daily_csv_in_gcs', 'create_native_table', 'manual__2023-05-19T21:41:33.090668+00:00', '--job-id', '4422', '--raw', '--subdir', 'DAGS_FOLDER/store_daily_csv_in_gcs_dag.py', '--cfg-path', '/tmp/tmpaof7sp_w']
[2023-05-19T21:41:35.195+0000] {standard_task_runner.py:83} INFO - Job 4422: Subtask create_native_table
[2023-05-19T21:41:35.278+0000] {task_command.py:389} INFO - Running <TaskInstance: store_daily_csv_in_gcs.create_native_table manual__2023-05-19T21:41:33.090668+00:00 [running]> on host e1b88dc21215
[2023-05-19T21:41:35.310+0000] {warnings.py:110} WARNING - /home/***/.local/lib/python3.7/site-packages/***/utils/context.py:205: AirflowContextDeprecationWarning: Accessing 'execution_date' from the template is deprecated and will be removed in a future version. Please use 'data_interval_start' or 'logical_date' instead.
  warnings.warn(_create_deprecation_warning(key, self._deprecation_replacements[key]))

[2023-05-19T21:41:35.353+0000] {taskinstance.py:1518} INFO - Exporting the following env vars:
AIRFLOW_CTX_DAG_OWNER=***
AIRFLOW_CTX_DAG_ID=store_daily_csv_in_gcs
AIRFLOW_CTX_TASK_ID=create_native_table
AIRFLOW_CTX_EXECUTION_DATE=2023-05-19T21:41:33.090668+00:00
AIRFLOW_CTX_TRY_NUMBER=1
AIRFLOW_CTX_DAG_RUN_ID=manual__2023-05-19T21:41:33.090668+00:00
[2023-05-19T21:41:35.363+0000] {base.py:73} INFO - Using connection ID 'google_cloud_default' for task execution.
[2023-05-19T21:41:35.365+0000] {bigquery.py:2731} INFO - Executing: {'query': {'query': 'CREATE OR REPLACE TABLE `all_subreddits_daily.native_table_2023-05-19` AS SELECT * FROM `all_subreddits_daily.external_table_2023-05-19`', 'useLegacySql': False}}'
[2023-05-19T21:41:35.417+0000] {bigquery.py:1546} INFO - Inserting job ***_store_daily_csv_in_gcs_create_native_table_2023_05_19T21_41_33_090668_00_00_8fa03a04c4f6a2a8df855fe69960bf3b
[2023-05-19T21:41:38.672+0000] {taskinstance.py:1332} INFO - Marking task as SUCCESS. dag_id=store_daily_csv_in_gcs, task_id=create_native_table, execution_date=20230519T214133, start_date=20230519T214135, end_date=20230519T214138
[2023-05-19T21:41:38.754+0000] {local_task_job.py:212} INFO - Task exited with return code 0
[2023-05-19T21:41:38.841+0000] {taskinstance.py:2596} INFO - 1 downstream tasks scheduled from follow-on schedule check
