[2023-05-19T22:02:04.873+0000] {taskinstance.py:1090} INFO - Dependencies all met for dep_context=non-requeueable deps ti=<TaskInstance: cloud_storage_to_bigquery_dag.create_bq_external_table manual__2023-05-19T22:02:02.088615+00:00 [queued]>
[2023-05-19T22:02:04.880+0000] {taskinstance.py:1090} INFO - Dependencies all met for dep_context=requeueable deps ti=<TaskInstance: cloud_storage_to_bigquery_dag.create_bq_external_table manual__2023-05-19T22:02:02.088615+00:00 [queued]>
[2023-05-19T22:02:04.882+0000] {taskinstance.py:1288} INFO - 
--------------------------------------------------------------------------------
[2023-05-19T22:02:04.882+0000] {taskinstance.py:1289} INFO - Starting attempt 1 of 1
[2023-05-19T22:02:04.884+0000] {taskinstance.py:1290} INFO - 
--------------------------------------------------------------------------------
[2023-05-19T22:02:04.892+0000] {taskinstance.py:1309} INFO - Executing <Task(BigQueryCreateExternalTableOperator): create_bq_external_table> on 2023-05-19 22:02:02.088615+00:00
[2023-05-19T22:02:04.898+0000] {standard_task_runner.py:55} INFO - Started process 1313 to run task
[2023-05-19T22:02:04.902+0000] {standard_task_runner.py:82} INFO - Running: ['***', 'tasks', 'run', 'cloud_storage_to_bigquery_dag', 'create_bq_external_table', 'manual__2023-05-19T22:02:02.088615+00:00', '--job-id', '4436', '--raw', '--subdir', 'DAGS_FOLDER/cloud_storage_to_bigquery_dag.py', '--cfg-path', '/tmp/tmp6cjjoc4m']
[2023-05-19T22:02:04.905+0000] {standard_task_runner.py:83} INFO - Job 4436: Subtask create_bq_external_table
[2023-05-19T22:02:04.973+0000] {task_command.py:389} INFO - Running <TaskInstance: cloud_storage_to_bigquery_dag.create_bq_external_table manual__2023-05-19T22:02:02.088615+00:00 [running]> on host e1b88dc21215
[2023-05-19T22:02:05.004+0000] {warnings.py:110} WARNING - /home/***/.local/lib/python3.7/site-packages/***/utils/context.py:205: AirflowContextDeprecationWarning: Accessing 'execution_date' from the template is deprecated and will be removed in a future version. Please use 'data_interval_start' or 'logical_date' instead.
  warnings.warn(_create_deprecation_warning(key, self._deprecation_replacements[key]))

[2023-05-19T22:02:05.047+0000] {taskinstance.py:1518} INFO - Exporting the following env vars:
AIRFLOW_CTX_DAG_OWNER=***
AIRFLOW_CTX_DAG_ID=cloud_storage_to_bigquery_dag
AIRFLOW_CTX_TASK_ID=create_bq_external_table
AIRFLOW_CTX_EXECUTION_DATE=2023-05-19T22:02:02.088615+00:00
AIRFLOW_CTX_TRY_NUMBER=1
AIRFLOW_CTX_DAG_RUN_ID=manual__2023-05-19T22:02:02.088615+00:00
[2023-05-19T22:02:05.059+0000] {base.py:73} INFO - Using connection ID 'google_cloud_default' for task execution.
[2023-05-19T22:02:05.608+0000] {taskinstance.py:1332} INFO - Marking task as SUCCESS. dag_id=cloud_storage_to_bigquery_dag, task_id=create_bq_external_table, execution_date=20230519T220202, start_date=20230519T220204, end_date=20230519T220205
[2023-05-19T22:02:05.687+0000] {local_task_job.py:212} INFO - Task exited with return code 0
[2023-05-19T22:02:05.705+0000] {taskinstance.py:2596} INFO - 0 downstream tasks scheduled from follow-on schedule check
