[2023-05-01T18:30:01.636+0000] {taskinstance.py:1090} INFO - Dependencies all met for dep_context=non-requeueable deps ti=<TaskInstance: scrape_and_save_to_csv.scrape_teams_17-24 scheduled__2023-05-01T17:30:00+00:00 [queued]>
[2023-05-01T18:30:01.650+0000] {taskinstance.py:1090} INFO - Dependencies all met for dep_context=requeueable deps ti=<TaskInstance: scrape_and_save_to_csv.scrape_teams_17-24 scheduled__2023-05-01T17:30:00+00:00 [queued]>
[2023-05-01T18:30:01.652+0000] {taskinstance.py:1288} INFO - 
--------------------------------------------------------------------------------
[2023-05-01T18:30:01.653+0000] {taskinstance.py:1289} INFO - Starting attempt 1 of 1
[2023-05-01T18:30:01.655+0000] {taskinstance.py:1290} INFO - 
--------------------------------------------------------------------------------
[2023-05-01T18:30:01.673+0000] {taskinstance.py:1309} INFO - Executing <Task(PythonOperator): scrape_teams_17-24> on 2023-05-01 17:30:00+00:00
[2023-05-01T18:30:01.679+0000] {standard_task_runner.py:55} INFO - Started process 9492 to run task
[2023-05-01T18:30:01.702+0000] {standard_task_runner.py:82} INFO - Running: ['***', 'tasks', 'run', 'scrape_and_save_to_csv', 'scrape_teams_17-24', 'scheduled__2023-05-01T17:30:00+00:00', '--job-id', '2086', '--raw', '--subdir', 'DAGS_FOLDER/scrape_and_save_csv_dag.py', '--cfg-path', '/tmp/tmpfnenajd8']
[2023-05-01T18:30:01.717+0000] {standard_task_runner.py:83} INFO - Job 2086: Subtask scrape_teams_17-24
[2023-05-01T18:30:01.841+0000] {task_command.py:389} INFO - Running <TaskInstance: scrape_and_save_to_csv.scrape_teams_17-24 scheduled__2023-05-01T17:30:00+00:00 [running]> on host 5d4cd8acb346
[2023-05-01T18:30:02.002+0000] {taskinstance.py:1518} INFO - Exporting the following env vars:
AIRFLOW_CTX_DAG_OWNER=***
AIRFLOW_CTX_DAG_ID=scrape_and_save_to_csv
AIRFLOW_CTX_TASK_ID=scrape_teams_17-24
AIRFLOW_CTX_EXECUTION_DATE=2023-05-01T17:30:00+00:00
AIRFLOW_CTX_TRY_NUMBER=1
AIRFLOW_CTX_DAG_RUN_ID=scheduled__2023-05-01T17:30:00+00:00
[2023-05-01T18:30:05.594+0000] {warnings.py:110} WARNING - /home/***/.local/lib/python3.7/site-packages/***/utils/context.py:313: AirflowContextDeprecationWarning: Accessing 'execution_date' from the template is deprecated and will be removed in a future version. Please use 'data_interval_start' or 'logical_date' instead.
  warnings.warn(_create_deprecation_warning(k, replacements))

[2023-05-01T18:30:05.990+0000] {helpers.py:80} INFO - Milwaukee Bucks: Successfully scraped!
[2023-05-01T18:30:09.605+0000] {helpers.py:80} INFO - Minnesota Timberwolves: Successfully scraped!
[2023-05-01T18:30:12.578+0000] {helpers.py:80} INFO - New Orleans Pelicans: Successfully scraped!
[2023-05-01T18:30:16.205+0000] {helpers.py:80} INFO - New York Knicks: Successfully scraped!
[2023-05-01T18:30:20.268+0000] {helpers.py:80} INFO - Oklahoma City Thunder: Successfully scraped!
[2023-05-01T18:30:24.683+0000] {helpers.py:80} INFO - Orlando Magic: Successfully scraped!
[2023-05-01T18:30:28.793+0000] {helpers.py:80} INFO - Philadelphia 76ers: Successfully scraped!
[2023-05-01T18:30:32.550+0000] {helpers.py:80} INFO - Phoenix Suns: Successfully scraped!
[2023-05-01T18:30:32.582+0000] {helpers.py:96} INFO - Saved in /opt/***/data/output_scrape_teams_17-24.csv
[2023-05-01T18:30:32.590+0000] {python.py:177} INFO - Done. Returned value was: None
[2023-05-01T18:30:32.610+0000] {taskinstance.py:1332} INFO - Marking task as SUCCESS. dag_id=scrape_and_save_to_csv, task_id=scrape_teams_17-24, execution_date=20230501T173000, start_date=20230501T183001, end_date=20230501T183032
[2023-05-01T18:30:32.691+0000] {local_task_job.py:212} INFO - Task exited with return code 0
[2023-05-01T18:30:32.730+0000] {taskinstance.py:2596} INFO - 0 downstream tasks scheduled from follow-on schedule check
[2023-05-01T18:48:04.188+0000] {taskinstance.py:1090} INFO - Dependencies all met for dep_context=non-requeueable deps ti=<TaskInstance: scrape_and_save_to_csv.scrape_teams_17-24 scheduled__2023-05-01T17:30:00+00:00 [queued]>
[2023-05-01T18:48:04.218+0000] {taskinstance.py:1090} INFO - Dependencies all met for dep_context=requeueable deps ti=<TaskInstance: scrape_and_save_to_csv.scrape_teams_17-24 scheduled__2023-05-01T17:30:00+00:00 [queued]>
[2023-05-01T18:48:04.221+0000] {taskinstance.py:1288} INFO - 
--------------------------------------------------------------------------------
[2023-05-01T18:48:04.224+0000] {taskinstance.py:1289} INFO - Starting attempt 1 of 1
[2023-05-01T18:48:04.225+0000] {taskinstance.py:1290} INFO - 
--------------------------------------------------------------------------------
[2023-05-01T18:48:04.243+0000] {taskinstance.py:1309} INFO - Executing <Task(PythonOperator): scrape_teams_17-24> on 2023-05-01 17:30:00+00:00
[2023-05-01T18:48:04.253+0000] {standard_task_runner.py:55} INFO - Started process 9922 to run task
[2023-05-01T18:48:04.263+0000] {standard_task_runner.py:82} INFO - Running: ['***', 'tasks', 'run', 'scrape_and_save_to_csv', 'scrape_teams_17-24', 'scheduled__2023-05-01T17:30:00+00:00', '--job-id', '2091', '--raw', '--subdir', 'DAGS_FOLDER/scrape_and_save_csv_dag.py', '--cfg-path', '/tmp/tmpuevcqbo4']
[2023-05-01T18:48:04.267+0000] {standard_task_runner.py:83} INFO - Job 2091: Subtask scrape_teams_17-24
[2023-05-01T18:48:04.453+0000] {task_command.py:389} INFO - Running <TaskInstance: scrape_and_save_to_csv.scrape_teams_17-24 scheduled__2023-05-01T17:30:00+00:00 [running]> on host 5d4cd8acb346
[2023-05-01T18:48:04.574+0000] {taskinstance.py:1518} INFO - Exporting the following env vars:
AIRFLOW_CTX_DAG_OWNER=***
AIRFLOW_CTX_DAG_ID=scrape_and_save_to_csv
AIRFLOW_CTX_TASK_ID=scrape_teams_17-24
AIRFLOW_CTX_EXECUTION_DATE=2023-05-01T17:30:00+00:00
AIRFLOW_CTX_TRY_NUMBER=1
AIRFLOW_CTX_DAG_RUN_ID=scheduled__2023-05-01T17:30:00+00:00
[2023-05-01T18:48:07.815+0000] {warnings.py:110} WARNING - /home/***/.local/lib/python3.7/site-packages/***/utils/context.py:313: AirflowContextDeprecationWarning: Accessing 'execution_date' from the template is deprecated and will be removed in a future version. Please use 'data_interval_start' or 'logical_date' instead.
  warnings.warn(_create_deprecation_warning(k, replacements))

[2023-05-01T18:48:08.507+0000] {helpers.py:80} INFO - Milwaukee Bucks: Successfully scraped!
[2023-05-01T18:48:12.267+0000] {helpers.py:80} INFO - Minnesota Timberwolves: Successfully scraped!
[2023-05-01T18:48:15.880+0000] {helpers.py:80} INFO - New Orleans Pelicans: Successfully scraped!
[2023-05-01T18:48:18.512+0000] {helpers.py:80} INFO - New York Knicks: Successfully scraped!
[2023-05-01T18:48:21.641+0000] {helpers.py:80} INFO - Oklahoma City Thunder: Successfully scraped!
[2023-05-01T18:48:26.780+0000] {helpers.py:80} INFO - Orlando Magic: Successfully scraped!
[2023-05-01T18:48:30.991+0000] {helpers.py:80} INFO - Philadelphia 76ers: Successfully scraped!
[2023-05-01T18:48:38.312+0000] {helpers.py:80} INFO - Phoenix Suns: Successfully scraped!
[2023-05-01T18:48:38.349+0000] {helpers.py:96} INFO - Saved in /opt/***/data/output_scrape_teams_17-24.csv
[2023-05-01T18:48:38.359+0000] {python.py:177} INFO - Done. Returned value was: None
[2023-05-01T18:48:38.387+0000] {taskinstance.py:1332} INFO - Marking task as SUCCESS. dag_id=scrape_and_save_to_csv, task_id=scrape_teams_17-24, execution_date=20230501T173000, start_date=20230501T184804, end_date=20230501T184838
[2023-05-01T18:48:38.506+0000] {local_task_job.py:212} INFO - Task exited with return code 0
[2023-05-01T18:48:38.540+0000] {taskinstance.py:2596} INFO - 0 downstream tasks scheduled from follow-on schedule check
