[2023-05-02T15:52:37.997+0000] {taskinstance.py:1090} INFO - Dependencies all met for dep_context=non-requeueable deps ti=<TaskInstance: scrape_and_save_to_csv.scrape_teams_17-24 scheduled__2023-05-02T14:30:00+00:00 [queued]>
[2023-05-02T15:52:38.010+0000] {taskinstance.py:1090} INFO - Dependencies all met for dep_context=requeueable deps ti=<TaskInstance: scrape_and_save_to_csv.scrape_teams_17-24 scheduled__2023-05-02T14:30:00+00:00 [queued]>
[2023-05-02T15:52:38.012+0000] {taskinstance.py:1288} INFO - 
--------------------------------------------------------------------------------
[2023-05-02T15:52:38.017+0000] {taskinstance.py:1289} INFO - Starting attempt 1 of 1
[2023-05-02T15:52:38.026+0000] {taskinstance.py:1290} INFO - 
--------------------------------------------------------------------------------
[2023-05-02T15:52:38.041+0000] {taskinstance.py:1309} INFO - Executing <Task(PythonOperator): scrape_teams_17-24> on 2023-05-02 14:30:00+00:00
[2023-05-02T15:52:38.047+0000] {standard_task_runner.py:55} INFO - Started process 22666 to run task
[2023-05-02T15:52:38.061+0000] {standard_task_runner.py:82} INFO - Running: ['***', 'tasks', 'run', 'scrape_and_save_to_csv', 'scrape_teams_17-24', 'scheduled__2023-05-02T14:30:00+00:00', '--job-id', '2231', '--raw', '--subdir', 'DAGS_FOLDER/scrape_and_save_csv_dag.py', '--cfg-path', '/tmp/tmpdyf3vs3s']
[2023-05-02T15:52:38.065+0000] {standard_task_runner.py:83} INFO - Job 2231: Subtask scrape_teams_17-24
[2023-05-02T15:52:38.159+0000] {task_command.py:389} INFO - Running <TaskInstance: scrape_and_save_to_csv.scrape_teams_17-24 scheduled__2023-05-02T14:30:00+00:00 [running]> on host 5d4cd8acb346
[2023-05-02T15:52:38.244+0000] {taskinstance.py:1518} INFO - Exporting the following env vars:
AIRFLOW_CTX_DAG_OWNER=***
AIRFLOW_CTX_DAG_ID=scrape_and_save_to_csv
AIRFLOW_CTX_TASK_ID=scrape_teams_17-24
AIRFLOW_CTX_EXECUTION_DATE=2023-05-02T14:30:00+00:00
AIRFLOW_CTX_TRY_NUMBER=1
AIRFLOW_CTX_DAG_RUN_ID=scheduled__2023-05-02T14:30:00+00:00
[2023-05-02T15:52:38.254+0000] {logging_mixin.py:137} INFO - HTTPSConnectionPool(host='api.pushshift.io', port=443): Max retries exceeded with url: /reddit/search/submission/?subreddit=MkeBucks&sort=created_utc&sort_type=desc&size=500 (Caused by NewConnectionError('<urllib3.connection.HTTPSConnection object at 0xffffa003b510>: Failed to establish a new connection: [Errno -2] Name or service not known'))
[2023-05-02T15:52:38.260+0000] {helpers.py:86} ERROR - HTTPSConnectionPool(host='api.pushshift.io', port=443): Max retries exceeded with url: /reddit/search/submission/?subreddit=MkeBucks&sort=created_utc&sort_type=desc&size=500 (Caused by NewConnectionError('<urllib3.connection.HTTPSConnection object at 0xffffa003b510>: Failed to establish a new connection: [Errno -2] Name or service not known'))
[2023-05-02T15:52:38.266+0000] {helpers.py:87} ERROR - Retrying! 9 attempts before skipping!
[2023-05-02T15:52:39.273+0000] {logging_mixin.py:137} INFO - HTTPSConnectionPool(host='api.pushshift.io', port=443): Max retries exceeded with url: /reddit/search/submission/?subreddit=MkeBucks&sort=created_utc&sort_type=desc&size=500 (Caused by NewConnectionError('<urllib3.connection.HTTPSConnection object at 0xffffa004f2d0>: Failed to establish a new connection: [Errno -2] Name or service not known'))
[2023-05-02T15:52:39.275+0000] {helpers.py:86} ERROR - HTTPSConnectionPool(host='api.pushshift.io', port=443): Max retries exceeded with url: /reddit/search/submission/?subreddit=MkeBucks&sort=created_utc&sort_type=desc&size=500 (Caused by NewConnectionError('<urllib3.connection.HTTPSConnection object at 0xffffa004f2d0>: Failed to establish a new connection: [Errno -2] Name or service not known'))
[2023-05-02T15:52:39.276+0000] {helpers.py:87} ERROR - Retrying! 8 attempts before skipping!
[2023-05-02T15:52:40.282+0000] {logging_mixin.py:137} INFO - HTTPSConnectionPool(host='api.pushshift.io', port=443): Max retries exceeded with url: /reddit/search/submission/?subreddit=MkeBucks&sort=created_utc&sort_type=desc&size=500 (Caused by NewConnectionError('<urllib3.connection.HTTPSConnection object at 0xffffa004f0d0>: Failed to establish a new connection: [Errno -2] Name or service not known'))
[2023-05-02T15:52:40.284+0000] {helpers.py:86} ERROR - HTTPSConnectionPool(host='api.pushshift.io', port=443): Max retries exceeded with url: /reddit/search/submission/?subreddit=MkeBucks&sort=created_utc&sort_type=desc&size=500 (Caused by NewConnectionError('<urllib3.connection.HTTPSConnection object at 0xffffa004f0d0>: Failed to establish a new connection: [Errno -2] Name or service not known'))
[2023-05-02T15:52:40.285+0000] {helpers.py:87} ERROR - Retrying! 7 attempts before skipping!
[2023-05-02T15:52:41.294+0000] {logging_mixin.py:137} INFO - HTTPSConnectionPool(host='api.pushshift.io', port=443): Max retries exceeded with url: /reddit/search/submission/?subreddit=MkeBucks&sort=created_utc&sort_type=desc&size=500 (Caused by NewConnectionError('<urllib3.connection.HTTPSConnection object at 0xffffa004f2d0>: Failed to establish a new connection: [Errno -2] Name or service not known'))
[2023-05-02T15:52:41.296+0000] {helpers.py:86} ERROR - HTTPSConnectionPool(host='api.pushshift.io', port=443): Max retries exceeded with url: /reddit/search/submission/?subreddit=MkeBucks&sort=created_utc&sort_type=desc&size=500 (Caused by NewConnectionError('<urllib3.connection.HTTPSConnection object at 0xffffa004f2d0>: Failed to establish a new connection: [Errno -2] Name or service not known'))
[2023-05-02T15:52:41.298+0000] {helpers.py:87} ERROR - Retrying! 6 attempts before skipping!
[2023-05-02T15:52:42.308+0000] {logging_mixin.py:137} INFO - HTTPSConnectionPool(host='api.pushshift.io', port=443): Max retries exceeded with url: /reddit/search/submission/?subreddit=MkeBucks&sort=created_utc&sort_type=desc&size=500 (Caused by NewConnectionError('<urllib3.connection.HTTPSConnection object at 0xffffa004f0d0>: Failed to establish a new connection: [Errno -2] Name or service not known'))
[2023-05-02T15:52:42.309+0000] {helpers.py:86} ERROR - HTTPSConnectionPool(host='api.pushshift.io', port=443): Max retries exceeded with url: /reddit/search/submission/?subreddit=MkeBucks&sort=created_utc&sort_type=desc&size=500 (Caused by NewConnectionError('<urllib3.connection.HTTPSConnection object at 0xffffa004f0d0>: Failed to establish a new connection: [Errno -2] Name or service not known'))
[2023-05-02T15:52:42.311+0000] {helpers.py:87} ERROR - Retrying! 5 attempts before skipping!
[2023-05-02T15:52:43.317+0000] {logging_mixin.py:137} INFO - HTTPSConnectionPool(host='api.pushshift.io', port=443): Max retries exceeded with url: /reddit/search/submission/?subreddit=MkeBucks&sort=created_utc&sort_type=desc&size=500 (Caused by NewConnectionError('<urllib3.connection.HTTPSConnection object at 0xffffa004f2d0>: Failed to establish a new connection: [Errno -2] Name or service not known'))
[2023-05-02T15:52:43.320+0000] {helpers.py:86} ERROR - HTTPSConnectionPool(host='api.pushshift.io', port=443): Max retries exceeded with url: /reddit/search/submission/?subreddit=MkeBucks&sort=created_utc&sort_type=desc&size=500 (Caused by NewConnectionError('<urllib3.connection.HTTPSConnection object at 0xffffa004f2d0>: Failed to establish a new connection: [Errno -2] Name or service not known'))
[2023-05-02T15:52:43.321+0000] {helpers.py:87} ERROR - Retrying! 4 attempts before skipping!
[2023-05-02T15:52:44.329+0000] {logging_mixin.py:137} INFO - HTTPSConnectionPool(host='api.pushshift.io', port=443): Max retries exceeded with url: /reddit/search/submission/?subreddit=MkeBucks&sort=created_utc&sort_type=desc&size=500 (Caused by NewConnectionError('<urllib3.connection.HTTPSConnection object at 0xffffa004f0d0>: Failed to establish a new connection: [Errno -2] Name or service not known'))
[2023-05-02T15:52:44.421+0000] {helpers.py:86} ERROR - HTTPSConnectionPool(host='api.pushshift.io', port=443): Max retries exceeded with url: /reddit/search/submission/?subreddit=MkeBucks&sort=created_utc&sort_type=desc&size=500 (Caused by NewConnectionError('<urllib3.connection.HTTPSConnection object at 0xffffa004f0d0>: Failed to establish a new connection: [Errno -2] Name or service not known'))
[2023-05-02T15:52:44.428+0000] {helpers.py:87} ERROR - Retrying! 3 attempts before skipping!
[2023-05-02T15:52:45.442+0000] {logging_mixin.py:137} INFO - HTTPSConnectionPool(host='api.pushshift.io', port=443): Max retries exceeded with url: /reddit/search/submission/?subreddit=MkeBucks&sort=created_utc&sort_type=desc&size=500 (Caused by NewConnectionError('<urllib3.connection.HTTPSConnection object at 0xffffa004f2d0>: Failed to establish a new connection: [Errno -2] Name or service not known'))
[2023-05-02T15:52:45.444+0000] {helpers.py:86} ERROR - HTTPSConnectionPool(host='api.pushshift.io', port=443): Max retries exceeded with url: /reddit/search/submission/?subreddit=MkeBucks&sort=created_utc&sort_type=desc&size=500 (Caused by NewConnectionError('<urllib3.connection.HTTPSConnection object at 0xffffa004f2d0>: Failed to establish a new connection: [Errno -2] Name or service not known'))
[2023-05-02T15:52:45.447+0000] {helpers.py:87} ERROR - Retrying! 2 attempts before skipping!
[2023-05-02T15:52:46.462+0000] {logging_mixin.py:137} INFO - HTTPSConnectionPool(host='api.pushshift.io', port=443): Max retries exceeded with url: /reddit/search/submission/?subreddit=MkeBucks&sort=created_utc&sort_type=desc&size=500 (Caused by NewConnectionError('<urllib3.connection.HTTPSConnection object at 0xffffa004f0d0>: Failed to establish a new connection: [Errno -2] Name or service not known'))
[2023-05-02T15:52:46.468+0000] {helpers.py:86} ERROR - HTTPSConnectionPool(host='api.pushshift.io', port=443): Max retries exceeded with url: /reddit/search/submission/?subreddit=MkeBucks&sort=created_utc&sort_type=desc&size=500 (Caused by NewConnectionError('<urllib3.connection.HTTPSConnection object at 0xffffa004f0d0>: Failed to establish a new connection: [Errno -2] Name or service not known'))
[2023-05-02T15:52:46.471+0000] {helpers.py:87} ERROR - Retrying! 1 attempts before skipping!
[2023-05-02T15:52:47.484+0000] {logging_mixin.py:137} INFO - HTTPSConnectionPool(host='api.pushshift.io', port=443): Max retries exceeded with url: /reddit/search/submission/?subreddit=MkeBucks&sort=created_utc&sort_type=desc&size=500 (Caused by NewConnectionError('<urllib3.connection.HTTPSConnection object at 0xffffa004f2d0>: Failed to establish a new connection: [Errno -2] Name or service not known'))
[2023-05-02T15:52:47.489+0000] {helpers.py:86} ERROR - HTTPSConnectionPool(host='api.pushshift.io', port=443): Max retries exceeded with url: /reddit/search/submission/?subreddit=MkeBucks&sort=created_utc&sort_type=desc&size=500 (Caused by NewConnectionError('<urllib3.connection.HTTPSConnection object at 0xffffa004f2d0>: Failed to establish a new connection: [Errno -2] Name or service not known'))
[2023-05-02T15:52:47.491+0000] {helpers.py:87} ERROR - Retrying! 0 attempts before skipping!
[2023-05-02T15:52:48.505+0000] {logging_mixin.py:137} INFO - HTTPSConnectionPool(host='api.pushshift.io', port=443): Max retries exceeded with url: /reddit/search/submission/?subreddit=MkeBucks&sort=created_utc&sort_type=desc&size=500 (Caused by NewConnectionError('<urllib3.connection.HTTPSConnection object at 0xffffa004f0d0>: Failed to establish a new connection: [Errno -2] Name or service not known'))
[2023-05-02T15:52:48.508+0000] {helpers.py:86} ERROR - HTTPSConnectionPool(host='api.pushshift.io', port=443): Max retries exceeded with url: /reddit/search/submission/?subreddit=MkeBucks&sort=created_utc&sort_type=desc&size=500 (Caused by NewConnectionError('<urllib3.connection.HTTPSConnection object at 0xffffa004f0d0>: Failed to establish a new connection: [Errno -2] Name or service not known'))
[2023-05-02T15:52:48.511+0000] {helpers.py:87} ERROR - Retrying! -1 attempts before skipping!
[2023-05-02T15:52:49.521+0000] {logging_mixin.py:137} INFO - HTTPSConnectionPool(host='api.pushshift.io', port=443): Max retries exceeded with url: /reddit/search/submission/?subreddit=timberwolves&sort=created_utc&sort_type=desc&size=500 (Caused by NewConnectionError('<urllib3.connection.HTTPSConnection object at 0xffffa004f0d0>: Failed to establish a new connection: [Errno -2] Name or service not known'))
[2023-05-02T15:52:49.524+0000] {helpers.py:86} ERROR - HTTPSConnectionPool(host='api.pushshift.io', port=443): Max retries exceeded with url: /reddit/search/submission/?subreddit=timberwolves&sort=created_utc&sort_type=desc&size=500 (Caused by NewConnectionError('<urllib3.connection.HTTPSConnection object at 0xffffa004f0d0>: Failed to establish a new connection: [Errno -2] Name or service not known'))
[2023-05-02T15:52:49.526+0000] {helpers.py:87} ERROR - Retrying! 9 attempts before skipping!
[2023-05-02T15:52:50.552+0000] {logging_mixin.py:137} INFO - HTTPSConnectionPool(host='api.pushshift.io', port=443): Max retries exceeded with url: /reddit/search/submission/?subreddit=timberwolves&sort=created_utc&sort_type=desc&size=500 (Caused by NewConnectionError('<urllib3.connection.HTTPSConnection object at 0xffffa004f050>: Failed to establish a new connection: [Errno -2] Name or service not known'))
[2023-05-02T15:52:50.560+0000] {helpers.py:86} ERROR - HTTPSConnectionPool(host='api.pushshift.io', port=443): Max retries exceeded with url: /reddit/search/submission/?subreddit=timberwolves&sort=created_utc&sort_type=desc&size=500 (Caused by NewConnectionError('<urllib3.connection.HTTPSConnection object at 0xffffa004f050>: Failed to establish a new connection: [Errno -2] Name or service not known'))
[2023-05-02T15:52:50.563+0000] {helpers.py:87} ERROR - Retrying! 8 attempts before skipping!
[2023-05-02T15:52:51.574+0000] {logging_mixin.py:137} INFO - HTTPSConnectionPool(host='api.pushshift.io', port=443): Max retries exceeded with url: /reddit/search/submission/?subreddit=timberwolves&sort=created_utc&sort_type=desc&size=500 (Caused by NewConnectionError('<urllib3.connection.HTTPSConnection object at 0xffffa004f0d0>: Failed to establish a new connection: [Errno -2] Name or service not known'))
[2023-05-02T15:52:51.577+0000] {helpers.py:86} ERROR - HTTPSConnectionPool(host='api.pushshift.io', port=443): Max retries exceeded with url: /reddit/search/submission/?subreddit=timberwolves&sort=created_utc&sort_type=desc&size=500 (Caused by NewConnectionError('<urllib3.connection.HTTPSConnection object at 0xffffa004f0d0>: Failed to establish a new connection: [Errno -2] Name or service not known'))
[2023-05-02T15:52:51.581+0000] {helpers.py:87} ERROR - Retrying! 7 attempts before skipping!
[2023-05-02T15:52:52.610+0000] {logging_mixin.py:137} INFO - HTTPSConnectionPool(host='api.pushshift.io', port=443): Max retries exceeded with url: /reddit/search/submission/?subreddit=timberwolves&sort=created_utc&sort_type=desc&size=500 (Caused by NewConnectionError('<urllib3.connection.HTTPSConnection object at 0xffffa004f050>: Failed to establish a new connection: [Errno -2] Name or service not known'))
[2023-05-02T15:52:52.613+0000] {helpers.py:86} ERROR - HTTPSConnectionPool(host='api.pushshift.io', port=443): Max retries exceeded with url: /reddit/search/submission/?subreddit=timberwolves&sort=created_utc&sort_type=desc&size=500 (Caused by NewConnectionError('<urllib3.connection.HTTPSConnection object at 0xffffa004f050>: Failed to establish a new connection: [Errno -2] Name or service not known'))
[2023-05-02T15:52:52.615+0000] {helpers.py:87} ERROR - Retrying! 6 attempts before skipping!
[2023-05-02T15:52:53.630+0000] {logging_mixin.py:137} INFO - HTTPSConnectionPool(host='api.pushshift.io', port=443): Max retries exceeded with url: /reddit/search/submission/?subreddit=timberwolves&sort=created_utc&sort_type=desc&size=500 (Caused by NewConnectionError('<urllib3.connection.HTTPSConnection object at 0xffffa004f0d0>: Failed to establish a new connection: [Errno -2] Name or service not known'))
[2023-05-02T15:52:53.631+0000] {helpers.py:86} ERROR - HTTPSConnectionPool(host='api.pushshift.io', port=443): Max retries exceeded with url: /reddit/search/submission/?subreddit=timberwolves&sort=created_utc&sort_type=desc&size=500 (Caused by NewConnectionError('<urllib3.connection.HTTPSConnection object at 0xffffa004f0d0>: Failed to establish a new connection: [Errno -2] Name or service not known'))
[2023-05-02T15:52:53.633+0000] {helpers.py:87} ERROR - Retrying! 5 attempts before skipping!
[2023-05-02T15:52:54.642+0000] {logging_mixin.py:137} INFO - HTTPSConnectionPool(host='api.pushshift.io', port=443): Max retries exceeded with url: /reddit/search/submission/?subreddit=timberwolves&sort=created_utc&sort_type=desc&size=500 (Caused by NewConnectionError('<urllib3.connection.HTTPSConnection object at 0xffffa004f050>: Failed to establish a new connection: [Errno -2] Name or service not known'))
[2023-05-02T15:52:54.643+0000] {helpers.py:86} ERROR - HTTPSConnectionPool(host='api.pushshift.io', port=443): Max retries exceeded with url: /reddit/search/submission/?subreddit=timberwolves&sort=created_utc&sort_type=desc&size=500 (Caused by NewConnectionError('<urllib3.connection.HTTPSConnection object at 0xffffa004f050>: Failed to establish a new connection: [Errno -2] Name or service not known'))
[2023-05-02T15:52:54.648+0000] {helpers.py:87} ERROR - Retrying! 4 attempts before skipping!
[2023-05-02T15:52:55.657+0000] {logging_mixin.py:137} INFO - HTTPSConnectionPool(host='api.pushshift.io', port=443): Max retries exceeded with url: /reddit/search/submission/?subreddit=timberwolves&sort=created_utc&sort_type=desc&size=500 (Caused by NewConnectionError('<urllib3.connection.HTTPSConnection object at 0xffffa004f0d0>: Failed to establish a new connection: [Errno -2] Name or service not known'))
[2023-05-02T15:52:55.658+0000] {helpers.py:86} ERROR - HTTPSConnectionPool(host='api.pushshift.io', port=443): Max retries exceeded with url: /reddit/search/submission/?subreddit=timberwolves&sort=created_utc&sort_type=desc&size=500 (Caused by NewConnectionError('<urllib3.connection.HTTPSConnection object at 0xffffa004f0d0>: Failed to establish a new connection: [Errno -2] Name or service not known'))
[2023-05-02T15:52:55.660+0000] {helpers.py:87} ERROR - Retrying! 3 attempts before skipping!
[2023-05-02T15:52:56.668+0000] {logging_mixin.py:137} INFO - HTTPSConnectionPool(host='api.pushshift.io', port=443): Max retries exceeded with url: /reddit/search/submission/?subreddit=timberwolves&sort=created_utc&sort_type=desc&size=500 (Caused by NewConnectionError('<urllib3.connection.HTTPSConnection object at 0xffffa004f050>: Failed to establish a new connection: [Errno -2] Name or service not known'))
[2023-05-02T15:52:56.669+0000] {helpers.py:86} ERROR - HTTPSConnectionPool(host='api.pushshift.io', port=443): Max retries exceeded with url: /reddit/search/submission/?subreddit=timberwolves&sort=created_utc&sort_type=desc&size=500 (Caused by NewConnectionError('<urllib3.connection.HTTPSConnection object at 0xffffa004f050>: Failed to establish a new connection: [Errno -2] Name or service not known'))
[2023-05-02T15:52:56.671+0000] {helpers.py:87} ERROR - Retrying! 2 attempts before skipping!
[2023-05-02T15:52:57.701+0000] {logging_mixin.py:137} INFO - HTTPSConnectionPool(host='api.pushshift.io', port=443): Max retries exceeded with url: /reddit/search/submission/?subreddit=timberwolves&sort=created_utc&sort_type=desc&size=500 (Caused by NewConnectionError('<urllib3.connection.HTTPSConnection object at 0xffffa004f0d0>: Failed to establish a new connection: [Errno -2] Name or service not known'))
[2023-05-02T15:52:57.703+0000] {helpers.py:86} ERROR - HTTPSConnectionPool(host='api.pushshift.io', port=443): Max retries exceeded with url: /reddit/search/submission/?subreddit=timberwolves&sort=created_utc&sort_type=desc&size=500 (Caused by NewConnectionError('<urllib3.connection.HTTPSConnection object at 0xffffa004f0d0>: Failed to establish a new connection: [Errno -2] Name or service not known'))
[2023-05-02T15:52:57.705+0000] {helpers.py:87} ERROR - Retrying! 1 attempts before skipping!
[2023-05-02T15:52:58.731+0000] {logging_mixin.py:137} INFO - HTTPSConnectionPool(host='api.pushshift.io', port=443): Max retries exceeded with url: /reddit/search/submission/?subreddit=timberwolves&sort=created_utc&sort_type=desc&size=500 (Caused by NewConnectionError('<urllib3.connection.HTTPSConnection object at 0xffffa004f050>: Failed to establish a new connection: [Errno -2] Name or service not known'))
[2023-05-02T15:52:58.746+0000] {helpers.py:86} ERROR - HTTPSConnectionPool(host='api.pushshift.io', port=443): Max retries exceeded with url: /reddit/search/submission/?subreddit=timberwolves&sort=created_utc&sort_type=desc&size=500 (Caused by NewConnectionError('<urllib3.connection.HTTPSConnection object at 0xffffa004f050>: Failed to establish a new connection: [Errno -2] Name or service not known'))
[2023-05-02T15:52:58.749+0000] {helpers.py:87} ERROR - Retrying! 0 attempts before skipping!
[2023-05-02T15:52:59.766+0000] {logging_mixin.py:137} INFO - HTTPSConnectionPool(host='api.pushshift.io', port=443): Max retries exceeded with url: /reddit/search/submission/?subreddit=timberwolves&sort=created_utc&sort_type=desc&size=500 (Caused by NewConnectionError('<urllib3.connection.HTTPSConnection object at 0xffffa004f0d0>: Failed to establish a new connection: [Errno -2] Name or service not known'))
[2023-05-02T15:52:59.768+0000] {helpers.py:86} ERROR - HTTPSConnectionPool(host='api.pushshift.io', port=443): Max retries exceeded with url: /reddit/search/submission/?subreddit=timberwolves&sort=created_utc&sort_type=desc&size=500 (Caused by NewConnectionError('<urllib3.connection.HTTPSConnection object at 0xffffa004f0d0>: Failed to establish a new connection: [Errno -2] Name or service not known'))
[2023-05-02T15:52:59.769+0000] {helpers.py:87} ERROR - Retrying! -1 attempts before skipping!
[2023-05-02T15:53:00.777+0000] {logging_mixin.py:137} INFO - HTTPSConnectionPool(host='api.pushshift.io', port=443): Max retries exceeded with url: /reddit/search/submission/?subreddit=NOLAPelicans&sort=created_utc&sort_type=desc&size=500 (Caused by NewConnectionError('<urllib3.connection.HTTPSConnection object at 0xffffa004f0d0>: Failed to establish a new connection: [Errno -2] Name or service not known'))
[2023-05-02T15:53:00.780+0000] {helpers.py:86} ERROR - HTTPSConnectionPool(host='api.pushshift.io', port=443): Max retries exceeded with url: /reddit/search/submission/?subreddit=NOLAPelicans&sort=created_utc&sort_type=desc&size=500 (Caused by NewConnectionError('<urllib3.connection.HTTPSConnection object at 0xffffa004f0d0>: Failed to establish a new connection: [Errno -2] Name or service not known'))
[2023-05-02T15:53:00.781+0000] {helpers.py:87} ERROR - Retrying! 9 attempts before skipping!
[2023-05-02T15:53:01.793+0000] {logging_mixin.py:137} INFO - HTTPSConnectionPool(host='api.pushshift.io', port=443): Max retries exceeded with url: /reddit/search/submission/?subreddit=NOLAPelicans&sort=created_utc&sort_type=desc&size=500 (Caused by NewConnectionError('<urllib3.connection.HTTPSConnection object at 0xffffa004f210>: Failed to establish a new connection: [Errno -2] Name or service not known'))
[2023-05-02T15:53:01.795+0000] {helpers.py:86} ERROR - HTTPSConnectionPool(host='api.pushshift.io', port=443): Max retries exceeded with url: /reddit/search/submission/?subreddit=NOLAPelicans&sort=created_utc&sort_type=desc&size=500 (Caused by NewConnectionError('<urllib3.connection.HTTPSConnection object at 0xffffa004f210>: Failed to establish a new connection: [Errno -2] Name or service not known'))
[2023-05-02T15:53:01.797+0000] {helpers.py:87} ERROR - Retrying! 8 attempts before skipping!
[2023-05-02T15:53:02.810+0000] {logging_mixin.py:137} INFO - HTTPSConnectionPool(host='api.pushshift.io', port=443): Max retries exceeded with url: /reddit/search/submission/?subreddit=NOLAPelicans&sort=created_utc&sort_type=desc&size=500 (Caused by NewConnectionError('<urllib3.connection.HTTPSConnection object at 0xffffa004f0d0>: Failed to establish a new connection: [Errno -2] Name or service not known'))
[2023-05-02T15:53:02.812+0000] {helpers.py:86} ERROR - HTTPSConnectionPool(host='api.pushshift.io', port=443): Max retries exceeded with url: /reddit/search/submission/?subreddit=NOLAPelicans&sort=created_utc&sort_type=desc&size=500 (Caused by NewConnectionError('<urllib3.connection.HTTPSConnection object at 0xffffa004f0d0>: Failed to establish a new connection: [Errno -2] Name or service not known'))
[2023-05-02T15:53:02.813+0000] {helpers.py:87} ERROR - Retrying! 7 attempts before skipping!
[2023-05-02T15:53:03.829+0000] {logging_mixin.py:137} INFO - HTTPSConnectionPool(host='api.pushshift.io', port=443): Max retries exceeded with url: /reddit/search/submission/?subreddit=NOLAPelicans&sort=created_utc&sort_type=desc&size=500 (Caused by NewConnectionError('<urllib3.connection.HTTPSConnection object at 0xffffa004f210>: Failed to establish a new connection: [Errno -2] Name or service not known'))
[2023-05-02T15:53:03.831+0000] {helpers.py:86} ERROR - HTTPSConnectionPool(host='api.pushshift.io', port=443): Max retries exceeded with url: /reddit/search/submission/?subreddit=NOLAPelicans&sort=created_utc&sort_type=desc&size=500 (Caused by NewConnectionError('<urllib3.connection.HTTPSConnection object at 0xffffa004f210>: Failed to establish a new connection: [Errno -2] Name or service not known'))
[2023-05-02T15:53:03.833+0000] {helpers.py:87} ERROR - Retrying! 6 attempts before skipping!
[2023-05-02T15:53:04.852+0000] {logging_mixin.py:137} INFO - HTTPSConnectionPool(host='api.pushshift.io', port=443): Max retries exceeded with url: /reddit/search/submission/?subreddit=NOLAPelicans&sort=created_utc&sort_type=desc&size=500 (Caused by NewConnectionError('<urllib3.connection.HTTPSConnection object at 0xffffa004f0d0>: Failed to establish a new connection: [Errno -2] Name or service not known'))
[2023-05-02T15:53:04.854+0000] {helpers.py:86} ERROR - HTTPSConnectionPool(host='api.pushshift.io', port=443): Max retries exceeded with url: /reddit/search/submission/?subreddit=NOLAPelicans&sort=created_utc&sort_type=desc&size=500 (Caused by NewConnectionError('<urllib3.connection.HTTPSConnection object at 0xffffa004f0d0>: Failed to establish a new connection: [Errno -2] Name or service not known'))
[2023-05-02T15:53:04.856+0000] {helpers.py:87} ERROR - Retrying! 5 attempts before skipping!
[2023-05-02T16:40:22.977+0000] {logging_mixin.py:137} INFO - HTTPSConnectionPool(host='api.pushshift.io', port=443): Max retries exceeded with url: /reddit/search/submission/?subreddit=NOLAPelicans&sort=created_utc&sort_type=desc&size=500 (Caused by NewConnectionError('<urllib3.connection.HTTPSConnection object at 0xffffa004f210>: Failed to establish a new connection: [Errno -2] Name or service not known'))
[2023-05-02T16:40:22.980+0000] {helpers.py:86} ERROR - HTTPSConnectionPool(host='api.pushshift.io', port=443): Max retries exceeded with url: /reddit/search/submission/?subreddit=NOLAPelicans&sort=created_utc&sort_type=desc&size=500 (Caused by NewConnectionError('<urllib3.connection.HTTPSConnection object at 0xffffa004f210>: Failed to establish a new connection: [Errno -2] Name or service not known'))
[2023-05-02T16:40:22.981+0000] {helpers.py:87} ERROR - Retrying! 4 attempts before skipping!
[2023-05-02T16:40:23.994+0000] {logging_mixin.py:137} INFO - HTTPSConnectionPool(host='api.pushshift.io', port=443): Max retries exceeded with url: /reddit/search/submission/?subreddit=NOLAPelicans&sort=created_utc&sort_type=desc&size=500 (Caused by NewConnectionError('<urllib3.connection.HTTPSConnection object at 0xffffa004f0d0>: Failed to establish a new connection: [Errno -2] Name or service not known'))
[2023-05-02T16:40:23.997+0000] {helpers.py:86} ERROR - HTTPSConnectionPool(host='api.pushshift.io', port=443): Max retries exceeded with url: /reddit/search/submission/?subreddit=NOLAPelicans&sort=created_utc&sort_type=desc&size=500 (Caused by NewConnectionError('<urllib3.connection.HTTPSConnection object at 0xffffa004f0d0>: Failed to establish a new connection: [Errno -2] Name or service not known'))
[2023-05-02T16:40:24.002+0000] {helpers.py:87} ERROR - Retrying! 3 attempts before skipping!
[2023-05-02T16:40:25.017+0000] {logging_mixin.py:137} INFO - HTTPSConnectionPool(host='api.pushshift.io', port=443): Max retries exceeded with url: /reddit/search/submission/?subreddit=NOLAPelicans&sort=created_utc&sort_type=desc&size=500 (Caused by NewConnectionError('<urllib3.connection.HTTPSConnection object at 0xffffa004f210>: Failed to establish a new connection: [Errno -2] Name or service not known'))
[2023-05-02T16:40:25.022+0000] {helpers.py:86} ERROR - HTTPSConnectionPool(host='api.pushshift.io', port=443): Max retries exceeded with url: /reddit/search/submission/?subreddit=NOLAPelicans&sort=created_utc&sort_type=desc&size=500 (Caused by NewConnectionError('<urllib3.connection.HTTPSConnection object at 0xffffa004f210>: Failed to establish a new connection: [Errno -2] Name or service not known'))
[2023-05-02T16:40:25.027+0000] {helpers.py:87} ERROR - Retrying! 2 attempts before skipping!
[2023-05-02T16:40:26.041+0000] {logging_mixin.py:137} INFO - HTTPSConnectionPool(host='api.pushshift.io', port=443): Max retries exceeded with url: /reddit/search/submission/?subreddit=NOLAPelicans&sort=created_utc&sort_type=desc&size=500 (Caused by NewConnectionError('<urllib3.connection.HTTPSConnection object at 0xffffa004f0d0>: Failed to establish a new connection: [Errno -2] Name or service not known'))
[2023-05-02T16:40:26.044+0000] {helpers.py:86} ERROR - HTTPSConnectionPool(host='api.pushshift.io', port=443): Max retries exceeded with url: /reddit/search/submission/?subreddit=NOLAPelicans&sort=created_utc&sort_type=desc&size=500 (Caused by NewConnectionError('<urllib3.connection.HTTPSConnection object at 0xffffa004f0d0>: Failed to establish a new connection: [Errno -2] Name or service not known'))
[2023-05-02T16:40:26.047+0000] {helpers.py:87} ERROR - Retrying! 1 attempts before skipping!
[2023-05-02T16:40:27.058+0000] {logging_mixin.py:137} INFO - HTTPSConnectionPool(host='api.pushshift.io', port=443): Max retries exceeded with url: /reddit/search/submission/?subreddit=NOLAPelicans&sort=created_utc&sort_type=desc&size=500 (Caused by NewConnectionError('<urllib3.connection.HTTPSConnection object at 0xffffa004f210>: Failed to establish a new connection: [Errno -2] Name or service not known'))
[2023-05-02T16:40:27.060+0000] {helpers.py:86} ERROR - HTTPSConnectionPool(host='api.pushshift.io', port=443): Max retries exceeded with url: /reddit/search/submission/?subreddit=NOLAPelicans&sort=created_utc&sort_type=desc&size=500 (Caused by NewConnectionError('<urllib3.connection.HTTPSConnection object at 0xffffa004f210>: Failed to establish a new connection: [Errno -2] Name or service not known'))
[2023-05-02T16:40:27.061+0000] {helpers.py:87} ERROR - Retrying! 0 attempts before skipping!
[2023-05-02T16:40:28.070+0000] {logging_mixin.py:137} INFO - HTTPSConnectionPool(host='api.pushshift.io', port=443): Max retries exceeded with url: /reddit/search/submission/?subreddit=NOLAPelicans&sort=created_utc&sort_type=desc&size=500 (Caused by NewConnectionError('<urllib3.connection.HTTPSConnection object at 0xffffa004f0d0>: Failed to establish a new connection: [Errno -2] Name or service not known'))
[2023-05-02T16:40:28.071+0000] {helpers.py:86} ERROR - HTTPSConnectionPool(host='api.pushshift.io', port=443): Max retries exceeded with url: /reddit/search/submission/?subreddit=NOLAPelicans&sort=created_utc&sort_type=desc&size=500 (Caused by NewConnectionError('<urllib3.connection.HTTPSConnection object at 0xffffa004f0d0>: Failed to establish a new connection: [Errno -2] Name or service not known'))
[2023-05-02T16:40:28.072+0000] {helpers.py:87} ERROR - Retrying! -1 attempts before skipping!
[2023-05-02T16:40:29.083+0000] {logging_mixin.py:137} INFO - HTTPSConnectionPool(host='api.pushshift.io', port=443): Max retries exceeded with url: /reddit/search/submission/?subreddit=nyknicks&sort=created_utc&sort_type=desc&size=500 (Caused by NewConnectionError('<urllib3.connection.HTTPSConnection object at 0xffffa004f0d0>: Failed to establish a new connection: [Errno -2] Name or service not known'))
[2023-05-02T16:40:29.085+0000] {helpers.py:86} ERROR - HTTPSConnectionPool(host='api.pushshift.io', port=443): Max retries exceeded with url: /reddit/search/submission/?subreddit=nyknicks&sort=created_utc&sort_type=desc&size=500 (Caused by NewConnectionError('<urllib3.connection.HTTPSConnection object at 0xffffa004f0d0>: Failed to establish a new connection: [Errno -2] Name or service not known'))
[2023-05-02T16:40:29.087+0000] {helpers.py:87} ERROR - Retrying! 9 attempts before skipping!
[2023-05-02T16:40:30.097+0000] {logging_mixin.py:137} INFO - HTTPSConnectionPool(host='api.pushshift.io', port=443): Max retries exceeded with url: /reddit/search/submission/?subreddit=nyknicks&sort=created_utc&sort_type=desc&size=500 (Caused by NewConnectionError('<urllib3.connection.HTTPSConnection object at 0xffffa004f510>: Failed to establish a new connection: [Errno -2] Name or service not known'))
[2023-05-02T16:40:30.100+0000] {helpers.py:86} ERROR - HTTPSConnectionPool(host='api.pushshift.io', port=443): Max retries exceeded with url: /reddit/search/submission/?subreddit=nyknicks&sort=created_utc&sort_type=desc&size=500 (Caused by NewConnectionError('<urllib3.connection.HTTPSConnection object at 0xffffa004f510>: Failed to establish a new connection: [Errno -2] Name or service not known'))
[2023-05-02T16:40:30.102+0000] {helpers.py:87} ERROR - Retrying! 8 attempts before skipping!
[2023-05-02T16:40:31.120+0000] {logging_mixin.py:137} INFO - HTTPSConnectionPool(host='api.pushshift.io', port=443): Max retries exceeded with url: /reddit/search/submission/?subreddit=nyknicks&sort=created_utc&sort_type=desc&size=500 (Caused by NewConnectionError('<urllib3.connection.HTTPSConnection object at 0xffffa004f0d0>: Failed to establish a new connection: [Errno -2] Name or service not known'))
[2023-05-02T16:40:31.135+0000] {helpers.py:86} ERROR - HTTPSConnectionPool(host='api.pushshift.io', port=443): Max retries exceeded with url: /reddit/search/submission/?subreddit=nyknicks&sort=created_utc&sort_type=desc&size=500 (Caused by NewConnectionError('<urllib3.connection.HTTPSConnection object at 0xffffa004f0d0>: Failed to establish a new connection: [Errno -2] Name or service not known'))
[2023-05-02T16:40:31.139+0000] {helpers.py:87} ERROR - Retrying! 7 attempts before skipping!
[2023-05-02T16:40:32.149+0000] {logging_mixin.py:137} INFO - HTTPSConnectionPool(host='api.pushshift.io', port=443): Max retries exceeded with url: /reddit/search/submission/?subreddit=nyknicks&sort=created_utc&sort_type=desc&size=500 (Caused by NewConnectionError('<urllib3.connection.HTTPSConnection object at 0xffffa004f510>: Failed to establish a new connection: [Errno -2] Name or service not known'))
[2023-05-02T16:40:32.152+0000] {helpers.py:86} ERROR - HTTPSConnectionPool(host='api.pushshift.io', port=443): Max retries exceeded with url: /reddit/search/submission/?subreddit=nyknicks&sort=created_utc&sort_type=desc&size=500 (Caused by NewConnectionError('<urllib3.connection.HTTPSConnection object at 0xffffa004f510>: Failed to establish a new connection: [Errno -2] Name or service not known'))
[2023-05-02T16:40:32.154+0000] {helpers.py:87} ERROR - Retrying! 6 attempts before skipping!
[2023-05-02T16:40:33.312+0000] {logging_mixin.py:137} INFO - HTTPSConnectionPool(host='api.pushshift.io', port=443): Max retries exceeded with url: /reddit/search/submission/?subreddit=nyknicks&sort=created_utc&sort_type=desc&size=500 (Caused by NewConnectionError('<urllib3.connection.HTTPSConnection object at 0xffffa004f0d0>: Failed to establish a new connection: [Errno -2] Name or service not known'))
[2023-05-02T16:40:33.316+0000] {helpers.py:86} ERROR - HTTPSConnectionPool(host='api.pushshift.io', port=443): Max retries exceeded with url: /reddit/search/submission/?subreddit=nyknicks&sort=created_utc&sort_type=desc&size=500 (Caused by NewConnectionError('<urllib3.connection.HTTPSConnection object at 0xffffa004f0d0>: Failed to establish a new connection: [Errno -2] Name or service not known'))
[2023-05-02T16:40:33.319+0000] {helpers.py:87} ERROR - Retrying! 5 attempts before skipping!
[2023-05-02T16:40:34.351+0000] {logging_mixin.py:137} INFO - HTTPSConnectionPool(host='api.pushshift.io', port=443): Max retries exceeded with url: /reddit/search/submission/?subreddit=nyknicks&sort=created_utc&sort_type=desc&size=500 (Caused by NewConnectionError('<urllib3.connection.HTTPSConnection object at 0xffffa004f510>: Failed to establish a new connection: [Errno -2] Name or service not known'))
[2023-05-02T16:40:34.356+0000] {helpers.py:86} ERROR - HTTPSConnectionPool(host='api.pushshift.io', port=443): Max retries exceeded with url: /reddit/search/submission/?subreddit=nyknicks&sort=created_utc&sort_type=desc&size=500 (Caused by NewConnectionError('<urllib3.connection.HTTPSConnection object at 0xffffa004f510>: Failed to establish a new connection: [Errno -2] Name or service not known'))
[2023-05-02T16:40:34.368+0000] {helpers.py:87} ERROR - Retrying! 4 attempts before skipping!
[2023-05-02T16:40:35.390+0000] {logging_mixin.py:137} INFO - HTTPSConnectionPool(host='api.pushshift.io', port=443): Max retries exceeded with url: /reddit/search/submission/?subreddit=nyknicks&sort=created_utc&sort_type=desc&size=500 (Caused by NewConnectionError('<urllib3.connection.HTTPSConnection object at 0xffffa004f0d0>: Failed to establish a new connection: [Errno -2] Name or service not known'))
[2023-05-02T16:40:35.392+0000] {helpers.py:86} ERROR - HTTPSConnectionPool(host='api.pushshift.io', port=443): Max retries exceeded with url: /reddit/search/submission/?subreddit=nyknicks&sort=created_utc&sort_type=desc&size=500 (Caused by NewConnectionError('<urllib3.connection.HTTPSConnection object at 0xffffa004f0d0>: Failed to establish a new connection: [Errno -2] Name or service not known'))
[2023-05-02T16:40:35.393+0000] {helpers.py:87} ERROR - Retrying! 3 attempts before skipping!
[2023-05-02T16:40:36.418+0000] {logging_mixin.py:137} INFO - HTTPSConnectionPool(host='api.pushshift.io', port=443): Max retries exceeded with url: /reddit/search/submission/?subreddit=nyknicks&sort=created_utc&sort_type=desc&size=500 (Caused by NewConnectionError('<urllib3.connection.HTTPSConnection object at 0xffffa004f510>: Failed to establish a new connection: [Errno -2] Name or service not known'))
[2023-05-02T16:40:36.422+0000] {helpers.py:86} ERROR - HTTPSConnectionPool(host='api.pushshift.io', port=443): Max retries exceeded with url: /reddit/search/submission/?subreddit=nyknicks&sort=created_utc&sort_type=desc&size=500 (Caused by NewConnectionError('<urllib3.connection.HTTPSConnection object at 0xffffa004f510>: Failed to establish a new connection: [Errno -2] Name or service not known'))
[2023-05-02T16:40:36.426+0000] {helpers.py:87} ERROR - Retrying! 2 attempts before skipping!
[2023-05-02T16:40:37.441+0000] {logging_mixin.py:137} INFO - HTTPSConnectionPool(host='api.pushshift.io', port=443): Max retries exceeded with url: /reddit/search/submission/?subreddit=nyknicks&sort=created_utc&sort_type=desc&size=500 (Caused by NewConnectionError('<urllib3.connection.HTTPSConnection object at 0xffffa004f0d0>: Failed to establish a new connection: [Errno -2] Name or service not known'))
[2023-05-02T16:40:37.444+0000] {helpers.py:86} ERROR - HTTPSConnectionPool(host='api.pushshift.io', port=443): Max retries exceeded with url: /reddit/search/submission/?subreddit=nyknicks&sort=created_utc&sort_type=desc&size=500 (Caused by NewConnectionError('<urllib3.connection.HTTPSConnection object at 0xffffa004f0d0>: Failed to establish a new connection: [Errno -2] Name or service not known'))
[2023-05-02T16:40:37.447+0000] {helpers.py:87} ERROR - Retrying! 1 attempts before skipping!
[2023-05-02T16:40:38.471+0000] {logging_mixin.py:137} INFO - HTTPSConnectionPool(host='api.pushshift.io', port=443): Max retries exceeded with url: /reddit/search/submission/?subreddit=nyknicks&sort=created_utc&sort_type=desc&size=500 (Caused by NewConnectionError('<urllib3.connection.HTTPSConnection object at 0xffffa004f510>: Failed to establish a new connection: [Errno -2] Name or service not known'))
[2023-05-02T16:40:38.475+0000] {helpers.py:86} ERROR - HTTPSConnectionPool(host='api.pushshift.io', port=443): Max retries exceeded with url: /reddit/search/submission/?subreddit=nyknicks&sort=created_utc&sort_type=desc&size=500 (Caused by NewConnectionError('<urllib3.connection.HTTPSConnection object at 0xffffa004f510>: Failed to establish a new connection: [Errno -2] Name or service not known'))
[2023-05-02T16:40:38.477+0000] {helpers.py:87} ERROR - Retrying! 0 attempts before skipping!
[2023-05-02T16:40:39.501+0000] {logging_mixin.py:137} INFO - HTTPSConnectionPool(host='api.pushshift.io', port=443): Max retries exceeded with url: /reddit/search/submission/?subreddit=nyknicks&sort=created_utc&sort_type=desc&size=500 (Caused by NewConnectionError('<urllib3.connection.HTTPSConnection object at 0xffffa004f0d0>: Failed to establish a new connection: [Errno -2] Name or service not known'))
[2023-05-02T16:40:39.509+0000] {helpers.py:86} ERROR - HTTPSConnectionPool(host='api.pushshift.io', port=443): Max retries exceeded with url: /reddit/search/submission/?subreddit=nyknicks&sort=created_utc&sort_type=desc&size=500 (Caused by NewConnectionError('<urllib3.connection.HTTPSConnection object at 0xffffa004f0d0>: Failed to establish a new connection: [Errno -2] Name or service not known'))
[2023-05-02T16:40:39.511+0000] {helpers.py:87} ERROR - Retrying! -1 attempts before skipping!
[2023-05-02T16:40:40.526+0000] {logging_mixin.py:137} INFO - HTTPSConnectionPool(host='api.pushshift.io', port=443): Max retries exceeded with url: /reddit/search/submission/?subreddit=Thunder&sort=created_utc&sort_type=desc&size=500 (Caused by NewConnectionError('<urllib3.connection.HTTPSConnection object at 0xffffa004f0d0>: Failed to establish a new connection: [Errno -2] Name or service not known'))
[2023-05-02T16:40:40.529+0000] {helpers.py:86} ERROR - HTTPSConnectionPool(host='api.pushshift.io', port=443): Max retries exceeded with url: /reddit/search/submission/?subreddit=Thunder&sort=created_utc&sort_type=desc&size=500 (Caused by NewConnectionError('<urllib3.connection.HTTPSConnection object at 0xffffa004f0d0>: Failed to establish a new connection: [Errno -2] Name or service not known'))
[2023-05-02T16:40:40.531+0000] {helpers.py:87} ERROR - Retrying! 9 attempts before skipping!
[2023-05-02T16:40:41.543+0000] {logging_mixin.py:137} INFO - HTTPSConnectionPool(host='api.pushshift.io', port=443): Max retries exceeded with url: /reddit/search/submission/?subreddit=Thunder&sort=created_utc&sort_type=desc&size=500 (Caused by NewConnectionError('<urllib3.connection.HTTPSConnection object at 0xffffa004f310>: Failed to establish a new connection: [Errno -2] Name or service not known'))
[2023-05-02T16:40:41.546+0000] {helpers.py:86} ERROR - HTTPSConnectionPool(host='api.pushshift.io', port=443): Max retries exceeded with url: /reddit/search/submission/?subreddit=Thunder&sort=created_utc&sort_type=desc&size=500 (Caused by NewConnectionError('<urllib3.connection.HTTPSConnection object at 0xffffa004f310>: Failed to establish a new connection: [Errno -2] Name or service not known'))
[2023-05-02T16:40:41.547+0000] {helpers.py:87} ERROR - Retrying! 8 attempts before skipping!
[2023-05-02T16:40:42.570+0000] {logging_mixin.py:137} INFO - HTTPSConnectionPool(host='api.pushshift.io', port=443): Max retries exceeded with url: /reddit/search/submission/?subreddit=Thunder&sort=created_utc&sort_type=desc&size=500 (Caused by NewConnectionError('<urllib3.connection.HTTPSConnection object at 0xffffa004f0d0>: Failed to establish a new connection: [Errno -2] Name or service not known'))
[2023-05-02T16:40:42.574+0000] {helpers.py:86} ERROR - HTTPSConnectionPool(host='api.pushshift.io', port=443): Max retries exceeded with url: /reddit/search/submission/?subreddit=Thunder&sort=created_utc&sort_type=desc&size=500 (Caused by NewConnectionError('<urllib3.connection.HTTPSConnection object at 0xffffa004f0d0>: Failed to establish a new connection: [Errno -2] Name or service not known'))
[2023-05-02T16:40:42.576+0000] {helpers.py:87} ERROR - Retrying! 7 attempts before skipping!
[2023-05-02T16:40:43.628+0000] {logging_mixin.py:137} INFO - HTTPSConnectionPool(host='api.pushshift.io', port=443): Max retries exceeded with url: /reddit/search/submission/?subreddit=Thunder&sort=created_utc&sort_type=desc&size=500 (Caused by NewConnectionError('<urllib3.connection.HTTPSConnection object at 0xffffa004f310>: Failed to establish a new connection: [Errno -2] Name or service not known'))
[2023-05-02T16:40:43.633+0000] {helpers.py:86} ERROR - HTTPSConnectionPool(host='api.pushshift.io', port=443): Max retries exceeded with url: /reddit/search/submission/?subreddit=Thunder&sort=created_utc&sort_type=desc&size=500 (Caused by NewConnectionError('<urllib3.connection.HTTPSConnection object at 0xffffa004f310>: Failed to establish a new connection: [Errno -2] Name or service not known'))
[2023-05-02T16:40:43.724+0000] {helpers.py:87} ERROR - Retrying! 6 attempts before skipping!
[2023-05-02T16:40:44.753+0000] {logging_mixin.py:137} INFO - HTTPSConnectionPool(host='api.pushshift.io', port=443): Max retries exceeded with url: /reddit/search/submission/?subreddit=Thunder&sort=created_utc&sort_type=desc&size=500 (Caused by NewConnectionError('<urllib3.connection.HTTPSConnection object at 0xffffa004f0d0>: Failed to establish a new connection: [Errno -2] Name or service not known'))
[2023-05-02T16:40:44.762+0000] {helpers.py:86} ERROR - HTTPSConnectionPool(host='api.pushshift.io', port=443): Max retries exceeded with url: /reddit/search/submission/?subreddit=Thunder&sort=created_utc&sort_type=desc&size=500 (Caused by NewConnectionError('<urllib3.connection.HTTPSConnection object at 0xffffa004f0d0>: Failed to establish a new connection: [Errno -2] Name or service not known'))
[2023-05-02T16:40:44.769+0000] {helpers.py:87} ERROR - Retrying! 5 attempts before skipping!
[2023-05-02T16:40:45.783+0000] {logging_mixin.py:137} INFO - HTTPSConnectionPool(host='api.pushshift.io', port=443): Max retries exceeded with url: /reddit/search/submission/?subreddit=Thunder&sort=created_utc&sort_type=desc&size=500 (Caused by NewConnectionError('<urllib3.connection.HTTPSConnection object at 0xffffa004f310>: Failed to establish a new connection: [Errno -2] Name or service not known'))
[2023-05-02T16:40:45.785+0000] {helpers.py:86} ERROR - HTTPSConnectionPool(host='api.pushshift.io', port=443): Max retries exceeded with url: /reddit/search/submission/?subreddit=Thunder&sort=created_utc&sort_type=desc&size=500 (Caused by NewConnectionError('<urllib3.connection.HTTPSConnection object at 0xffffa004f310>: Failed to establish a new connection: [Errno -2] Name or service not known'))
[2023-05-02T16:40:45.786+0000] {helpers.py:87} ERROR - Retrying! 4 attempts before skipping!
[2023-05-02T16:40:46.799+0000] {logging_mixin.py:137} INFO - HTTPSConnectionPool(host='api.pushshift.io', port=443): Max retries exceeded with url: /reddit/search/submission/?subreddit=Thunder&sort=created_utc&sort_type=desc&size=500 (Caused by NewConnectionError('<urllib3.connection.HTTPSConnection object at 0xffffa004f0d0>: Failed to establish a new connection: [Errno -2] Name or service not known'))
[2023-05-02T16:40:46.802+0000] {helpers.py:86} ERROR - HTTPSConnectionPool(host='api.pushshift.io', port=443): Max retries exceeded with url: /reddit/search/submission/?subreddit=Thunder&sort=created_utc&sort_type=desc&size=500 (Caused by NewConnectionError('<urllib3.connection.HTTPSConnection object at 0xffffa004f0d0>: Failed to establish a new connection: [Errno -2] Name or service not known'))
[2023-05-02T16:40:46.803+0000] {helpers.py:87} ERROR - Retrying! 3 attempts before skipping!
[2023-05-02T16:40:47.822+0000] {logging_mixin.py:137} INFO - HTTPSConnectionPool(host='api.pushshift.io', port=443): Max retries exceeded with url: /reddit/search/submission/?subreddit=Thunder&sort=created_utc&sort_type=desc&size=500 (Caused by NewConnectionError('<urllib3.connection.HTTPSConnection object at 0xffffa004f310>: Failed to establish a new connection: [Errno -2] Name or service not known'))
[2023-05-02T16:40:47.841+0000] {helpers.py:86} ERROR - HTTPSConnectionPool(host='api.pushshift.io', port=443): Max retries exceeded with url: /reddit/search/submission/?subreddit=Thunder&sort=created_utc&sort_type=desc&size=500 (Caused by NewConnectionError('<urllib3.connection.HTTPSConnection object at 0xffffa004f310>: Failed to establish a new connection: [Errno -2] Name or service not known'))
[2023-05-02T16:40:47.845+0000] {helpers.py:87} ERROR - Retrying! 2 attempts before skipping!
[2023-05-02T16:40:48.887+0000] {logging_mixin.py:137} INFO - HTTPSConnectionPool(host='api.pushshift.io', port=443): Max retries exceeded with url: /reddit/search/submission/?subreddit=Thunder&sort=created_utc&sort_type=desc&size=500 (Caused by NewConnectionError('<urllib3.connection.HTTPSConnection object at 0xffffa004f0d0>: Failed to establish a new connection: [Errno -2] Name or service not known'))
[2023-05-02T16:40:48.894+0000] {helpers.py:86} ERROR - HTTPSConnectionPool(host='api.pushshift.io', port=443): Max retries exceeded with url: /reddit/search/submission/?subreddit=Thunder&sort=created_utc&sort_type=desc&size=500 (Caused by NewConnectionError('<urllib3.connection.HTTPSConnection object at 0xffffa004f0d0>: Failed to establish a new connection: [Errno -2] Name or service not known'))
[2023-05-02T16:40:48.903+0000] {helpers.py:87} ERROR - Retrying! 1 attempts before skipping!
[2023-05-02T16:40:49.930+0000] {logging_mixin.py:137} INFO - HTTPSConnectionPool(host='api.pushshift.io', port=443): Max retries exceeded with url: /reddit/search/submission/?subreddit=Thunder&sort=created_utc&sort_type=desc&size=500 (Caused by NewConnectionError('<urllib3.connection.HTTPSConnection object at 0xffffa004f310>: Failed to establish a new connection: [Errno -2] Name or service not known'))
[2023-05-02T16:40:49.934+0000] {helpers.py:86} ERROR - HTTPSConnectionPool(host='api.pushshift.io', port=443): Max retries exceeded with url: /reddit/search/submission/?subreddit=Thunder&sort=created_utc&sort_type=desc&size=500 (Caused by NewConnectionError('<urllib3.connection.HTTPSConnection object at 0xffffa004f310>: Failed to establish a new connection: [Errno -2] Name or service not known'))
[2023-05-02T16:40:49.937+0000] {helpers.py:87} ERROR - Retrying! 0 attempts before skipping!
[2023-05-02T16:40:50.955+0000] {logging_mixin.py:137} INFO - HTTPSConnectionPool(host='api.pushshift.io', port=443): Max retries exceeded with url: /reddit/search/submission/?subreddit=Thunder&sort=created_utc&sort_type=desc&size=500 (Caused by NewConnectionError('<urllib3.connection.HTTPSConnection object at 0xffffa004f0d0>: Failed to establish a new connection: [Errno -2] Name or service not known'))
[2023-05-02T16:40:50.959+0000] {helpers.py:86} ERROR - HTTPSConnectionPool(host='api.pushshift.io', port=443): Max retries exceeded with url: /reddit/search/submission/?subreddit=Thunder&sort=created_utc&sort_type=desc&size=500 (Caused by NewConnectionError('<urllib3.connection.HTTPSConnection object at 0xffffa004f0d0>: Failed to establish a new connection: [Errno -2] Name or service not known'))
[2023-05-02T16:40:50.961+0000] {helpers.py:87} ERROR - Retrying! -1 attempts before skipping!
[2023-05-02T16:40:51.999+0000] {logging_mixin.py:137} INFO - HTTPSConnectionPool(host='api.pushshift.io', port=443): Max retries exceeded with url: /reddit/search/submission/?subreddit=OrlandoMagic&sort=created_utc&sort_type=desc&size=500 (Caused by NewConnectionError('<urllib3.connection.HTTPSConnection object at 0xffffa004f0d0>: Failed to establish a new connection: [Errno -2] Name or service not known'))
[2023-05-02T16:40:52.011+0000] {helpers.py:86} ERROR - HTTPSConnectionPool(host='api.pushshift.io', port=443): Max retries exceeded with url: /reddit/search/submission/?subreddit=OrlandoMagic&sort=created_utc&sort_type=desc&size=500 (Caused by NewConnectionError('<urllib3.connection.HTTPSConnection object at 0xffffa004f0d0>: Failed to establish a new connection: [Errno -2] Name or service not known'))
[2023-05-02T16:40:52.014+0000] {helpers.py:87} ERROR - Retrying! 9 attempts before skipping!
[2023-05-02T17:12:32.938+0000] {logging_mixin.py:137} INFO - HTTPSConnectionPool(host='api.pushshift.io', port=443): Max retries exceeded with url: /reddit/search/submission/?subreddit=OrlandoMagic&sort=created_utc&sort_type=desc&size=500 (Caused by NewConnectionError('<urllib3.connection.HTTPSConnection object at 0xffffa004f410>: Failed to establish a new connection: [Errno -2] Name or service not known'))
[2023-05-02T17:12:32.945+0000] {helpers.py:86} ERROR - HTTPSConnectionPool(host='api.pushshift.io', port=443): Max retries exceeded with url: /reddit/search/submission/?subreddit=OrlandoMagic&sort=created_utc&sort_type=desc&size=500 (Caused by NewConnectionError('<urllib3.connection.HTTPSConnection object at 0xffffa004f410>: Failed to establish a new connection: [Errno -2] Name or service not known'))
[2023-05-02T17:12:32.951+0000] {helpers.py:87} ERROR - Retrying! 8 attempts before skipping!
[2023-05-02T17:12:34.009+0000] {logging_mixin.py:137} INFO - HTTPSConnectionPool(host='api.pushshift.io', port=443): Max retries exceeded with url: /reddit/search/submission/?subreddit=OrlandoMagic&sort=created_utc&sort_type=desc&size=500 (Caused by NewConnectionError('<urllib3.connection.HTTPSConnection object at 0xffffa004f0d0>: Failed to establish a new connection: [Errno -2] Name or service not known'))
[2023-05-02T17:12:34.013+0000] {helpers.py:86} ERROR - HTTPSConnectionPool(host='api.pushshift.io', port=443): Max retries exceeded with url: /reddit/search/submission/?subreddit=OrlandoMagic&sort=created_utc&sort_type=desc&size=500 (Caused by NewConnectionError('<urllib3.connection.HTTPSConnection object at 0xffffa004f0d0>: Failed to establish a new connection: [Errno -2] Name or service not known'))
[2023-05-02T17:12:34.016+0000] {helpers.py:87} ERROR - Retrying! 7 attempts before skipping!
[2023-05-02T17:12:35.075+0000] {logging_mixin.py:137} INFO - HTTPSConnectionPool(host='api.pushshift.io', port=443): Max retries exceeded with url: /reddit/search/submission/?subreddit=OrlandoMagic&sort=created_utc&sort_type=desc&size=500 (Caused by NewConnectionError('<urllib3.connection.HTTPSConnection object at 0xffffa004f410>: Failed to establish a new connection: [Errno -2] Name or service not known'))
[2023-05-02T17:12:35.080+0000] {helpers.py:86} ERROR - HTTPSConnectionPool(host='api.pushshift.io', port=443): Max retries exceeded with url: /reddit/search/submission/?subreddit=OrlandoMagic&sort=created_utc&sort_type=desc&size=500 (Caused by NewConnectionError('<urllib3.connection.HTTPSConnection object at 0xffffa004f410>: Failed to establish a new connection: [Errno -2] Name or service not known'))
[2023-05-02T17:12:35.084+0000] {helpers.py:87} ERROR - Retrying! 6 attempts before skipping!
[2023-05-02T17:12:36.104+0000] {logging_mixin.py:137} INFO - HTTPSConnectionPool(host='api.pushshift.io', port=443): Max retries exceeded with url: /reddit/search/submission/?subreddit=OrlandoMagic&sort=created_utc&sort_type=desc&size=500 (Caused by NewConnectionError('<urllib3.connection.HTTPSConnection object at 0xffffa004f0d0>: Failed to establish a new connection: [Errno -2] Name or service not known'))
[2023-05-02T17:12:36.108+0000] {helpers.py:86} ERROR - HTTPSConnectionPool(host='api.pushshift.io', port=443): Max retries exceeded with url: /reddit/search/submission/?subreddit=OrlandoMagic&sort=created_utc&sort_type=desc&size=500 (Caused by NewConnectionError('<urllib3.connection.HTTPSConnection object at 0xffffa004f0d0>: Failed to establish a new connection: [Errno -2] Name or service not known'))
[2023-05-02T17:12:36.111+0000] {helpers.py:87} ERROR - Retrying! 5 attempts before skipping!
[2023-05-02T17:12:37.122+0000] {logging_mixin.py:137} INFO - HTTPSConnectionPool(host='api.pushshift.io', port=443): Max retries exceeded with url: /reddit/search/submission/?subreddit=OrlandoMagic&sort=created_utc&sort_type=desc&size=500 (Caused by NewConnectionError('<urllib3.connection.HTTPSConnection object at 0xffffa004f410>: Failed to establish a new connection: [Errno -2] Name or service not known'))
[2023-05-02T17:12:37.124+0000] {helpers.py:86} ERROR - HTTPSConnectionPool(host='api.pushshift.io', port=443): Max retries exceeded with url: /reddit/search/submission/?subreddit=OrlandoMagic&sort=created_utc&sort_type=desc&size=500 (Caused by NewConnectionError('<urllib3.connection.HTTPSConnection object at 0xffffa004f410>: Failed to establish a new connection: [Errno -2] Name or service not known'))
[2023-05-02T17:12:37.125+0000] {helpers.py:87} ERROR - Retrying! 4 attempts before skipping!
[2023-05-02T17:12:38.151+0000] {logging_mixin.py:137} INFO - HTTPSConnectionPool(host='api.pushshift.io', port=443): Max retries exceeded with url: /reddit/search/submission/?subreddit=OrlandoMagic&sort=created_utc&sort_type=desc&size=500 (Caused by NewConnectionError('<urllib3.connection.HTTPSConnection object at 0xffffa004f0d0>: Failed to establish a new connection: [Errno -2] Name or service not known'))
[2023-05-02T17:12:38.161+0000] {helpers.py:86} ERROR - HTTPSConnectionPool(host='api.pushshift.io', port=443): Max retries exceeded with url: /reddit/search/submission/?subreddit=OrlandoMagic&sort=created_utc&sort_type=desc&size=500 (Caused by NewConnectionError('<urllib3.connection.HTTPSConnection object at 0xffffa004f0d0>: Failed to establish a new connection: [Errno -2] Name or service not known'))
[2023-05-02T17:12:38.163+0000] {helpers.py:87} ERROR - Retrying! 3 attempts before skipping!
[2023-05-02T17:12:39.196+0000] {logging_mixin.py:137} INFO - HTTPSConnectionPool(host='api.pushshift.io', port=443): Max retries exceeded with url: /reddit/search/submission/?subreddit=OrlandoMagic&sort=created_utc&sort_type=desc&size=500 (Caused by NewConnectionError('<urllib3.connection.HTTPSConnection object at 0xffffa004f410>: Failed to establish a new connection: [Errno -2] Name or service not known'))
[2023-05-02T17:12:39.202+0000] {helpers.py:86} ERROR - HTTPSConnectionPool(host='api.pushshift.io', port=443): Max retries exceeded with url: /reddit/search/submission/?subreddit=OrlandoMagic&sort=created_utc&sort_type=desc&size=500 (Caused by NewConnectionError('<urllib3.connection.HTTPSConnection object at 0xffffa004f410>: Failed to establish a new connection: [Errno -2] Name or service not known'))
[2023-05-02T17:12:39.205+0000] {helpers.py:87} ERROR - Retrying! 2 attempts before skipping!
[2023-05-02T17:12:40.239+0000] {logging_mixin.py:137} INFO - HTTPSConnectionPool(host='api.pushshift.io', port=443): Max retries exceeded with url: /reddit/search/submission/?subreddit=OrlandoMagic&sort=created_utc&sort_type=desc&size=500 (Caused by NewConnectionError('<urllib3.connection.HTTPSConnection object at 0xffffa004f0d0>: Failed to establish a new connection: [Errno -2] Name or service not known'))
[2023-05-02T17:12:40.241+0000] {helpers.py:86} ERROR - HTTPSConnectionPool(host='api.pushshift.io', port=443): Max retries exceeded with url: /reddit/search/submission/?subreddit=OrlandoMagic&sort=created_utc&sort_type=desc&size=500 (Caused by NewConnectionError('<urllib3.connection.HTTPSConnection object at 0xffffa004f0d0>: Failed to establish a new connection: [Errno -2] Name or service not known'))
[2023-05-02T17:12:40.244+0000] {helpers.py:87} ERROR - Retrying! 1 attempts before skipping!
[2023-05-02T17:12:40.616+0000] {local_task_job.py:277} WARNING - State of this instance has been externally set to failed. Terminating instance.
[2023-05-02T17:12:40.620+0000] {process_utils.py:133} INFO - Sending Signals.SIGTERM to group 22666. PIDs of all processes in the group: [22666]
[2023-05-02T17:12:40.622+0000] {process_utils.py:84} INFO - Sending the signal Signals.SIGTERM to group 22666
[2023-05-02T17:12:40.623+0000] {taskinstance.py:1488} ERROR - Received SIGTERM. Terminating subprocesses.
[2023-05-02T17:12:40.650+0000] {process_utils.py:79} INFO - Process psutil.Process(pid=22666, status='terminated', exitcode=0, started='15:52:37') (22666) terminated with exit code 0
