[2023-05-10T02:32:59.311+0000] {taskinstance.py:1090} INFO - Dependencies all met for dep_context=non-requeueable deps ti=<TaskInstance: scrape_and_save_to_csv.scrape_teams_9-16 scheduled__2023-05-01T01:00:00+00:00 [queued]>
[2023-05-10T02:32:59.337+0000] {taskinstance.py:1090} INFO - Dependencies all met for dep_context=requeueable deps ti=<TaskInstance: scrape_and_save_to_csv.scrape_teams_9-16 scheduled__2023-05-01T01:00:00+00:00 [queued]>
[2023-05-10T02:32:59.340+0000] {taskinstance.py:1288} INFO - 
--------------------------------------------------------------------------------
[2023-05-10T02:32:59.342+0000] {taskinstance.py:1289} INFO - Starting attempt 1 of 1
[2023-05-10T02:32:59.345+0000] {taskinstance.py:1290} INFO - 
--------------------------------------------------------------------------------
[2023-05-10T02:32:59.433+0000] {taskinstance.py:1309} INFO - Executing <Task(PythonOperator): scrape_teams_9-16> on 2023-05-01 01:00:00+00:00
[2023-05-10T02:32:59.443+0000] {standard_task_runner.py:55} INFO - Started process 17785 to run task
[2023-05-10T02:32:59.461+0000] {standard_task_runner.py:82} INFO - Running: ['***', 'tasks', 'run', 'scrape_and_save_to_csv', 'scrape_teams_9-16', 'scheduled__2023-05-01T01:00:00+00:00', '--job-id', '4032', '--raw', '--subdir', 'DAGS_FOLDER/scrape_and_push_dag.py', '--cfg-path', '/tmp/tmp6gdz399b']
[2023-05-10T02:32:59.470+0000] {standard_task_runner.py:83} INFO - Job 4032: Subtask scrape_teams_9-16
[2023-05-10T02:32:59.800+0000] {task_command.py:389} INFO - Running <TaskInstance: scrape_and_save_to_csv.scrape_teams_9-16 scheduled__2023-05-01T01:00:00+00:00 [running]> on host f41dbfa3d325
[2023-05-10T02:33:00.019+0000] {warnings.py:110} WARNING - /home/***/.local/lib/python3.7/site-packages/***/utils/context.py:205: AirflowContextDeprecationWarning: Accessing 'execution_date' from the template is deprecated and will be removed in a future version. Please use 'data_interval_start' or 'logical_date' instead.
  warnings.warn(_create_deprecation_warning(key, self._deprecation_replacements[key]))

[2023-05-10T02:33:00.150+0000] {taskinstance.py:1518} INFO - Exporting the following env vars:
AIRFLOW_CTX_DAG_OWNER=***
AIRFLOW_CTX_DAG_ID=scrape_and_save_to_csv
AIRFLOW_CTX_TASK_ID=scrape_teams_9-16
AIRFLOW_CTX_EXECUTION_DATE=2023-05-01T01:00:00+00:00
AIRFLOW_CTX_TRY_NUMBER=1
AIRFLOW_CTX_DAG_RUN_ID=scheduled__2023-05-01T01:00:00+00:00
[2023-05-10T02:33:01.738+0000] {logging_mixin.py:137} INFO - 2023-05-10 02:31:16 2023-05-01 00:00:00+00:00
[2023-05-10T02:33:01.739+0000] {helpers.py:99} ERROR - can't compare offset-naive and offset-aware datetimes
[2023-05-10T02:33:01.740+0000] {helpers.py:100} ERROR - Retrying! 9 attempts before skipping!
[2023-05-10T02:33:03.467+0000] {logging_mixin.py:137} INFO - 2023-05-10 02:31:16 2023-05-01 00:00:00+00:00
[2023-05-10T02:33:03.469+0000] {helpers.py:99} ERROR - can't compare offset-naive and offset-aware datetimes
[2023-05-10T02:33:03.470+0000] {helpers.py:100} ERROR - Retrying! 8 attempts before skipping!
[2023-05-10T02:33:05.284+0000] {logging_mixin.py:137} INFO - 2023-05-10 02:31:16 2023-05-01 00:00:00+00:00
[2023-05-10T02:33:05.286+0000] {helpers.py:99} ERROR - can't compare offset-naive and offset-aware datetimes
[2023-05-10T02:33:05.288+0000] {helpers.py:100} ERROR - Retrying! 7 attempts before skipping!
[2023-05-10T02:33:07.076+0000] {logging_mixin.py:137} INFO - 2023-05-10 02:31:16 2023-05-01 00:00:00+00:00
[2023-05-10T02:33:07.077+0000] {helpers.py:99} ERROR - can't compare offset-naive and offset-aware datetimes
[2023-05-10T02:33:07.078+0000] {helpers.py:100} ERROR - Retrying! 6 attempts before skipping!
[2023-05-10T02:33:08.998+0000] {logging_mixin.py:137} INFO - 2023-05-10 02:31:16 2023-05-01 00:00:00+00:00
[2023-05-10T02:33:09.000+0000] {helpers.py:99} ERROR - can't compare offset-naive and offset-aware datetimes
[2023-05-10T02:33:09.001+0000] {helpers.py:100} ERROR - Retrying! 5 attempts before skipping!
[2023-05-10T02:33:10.708+0000] {logging_mixin.py:137} INFO - 2023-05-10 02:31:16 2023-05-01 00:00:00+00:00
[2023-05-10T02:33:10.710+0000] {helpers.py:99} ERROR - can't compare offset-naive and offset-aware datetimes
[2023-05-10T02:33:10.715+0000] {helpers.py:100} ERROR - Retrying! 4 attempts before skipping!
[2023-05-10T02:33:12.617+0000] {logging_mixin.py:137} INFO - 2023-05-10 02:31:16 2023-05-01 00:00:00+00:00
[2023-05-10T02:33:12.618+0000] {helpers.py:99} ERROR - can't compare offset-naive and offset-aware datetimes
[2023-05-10T02:33:12.619+0000] {helpers.py:100} ERROR - Retrying! 3 attempts before skipping!
[2023-05-10T02:33:14.397+0000] {logging_mixin.py:137} INFO - 2023-05-10 02:31:16 2023-05-01 00:00:00+00:00
[2023-05-10T02:33:14.398+0000] {helpers.py:99} ERROR - can't compare offset-naive and offset-aware datetimes
[2023-05-10T02:33:14.400+0000] {helpers.py:100} ERROR - Retrying! 2 attempts before skipping!
[2023-05-10T02:33:16.039+0000] {logging_mixin.py:137} INFO - 2023-05-10 02:31:16 2023-05-01 00:00:00+00:00
[2023-05-10T02:33:16.039+0000] {helpers.py:99} ERROR - can't compare offset-naive and offset-aware datetimes
[2023-05-10T02:33:16.040+0000] {helpers.py:100} ERROR - Retrying! 1 attempts before skipping!
[2023-05-10T02:33:17.878+0000] {logging_mixin.py:137} INFO - 2023-05-10 02:31:16 2023-05-01 00:00:00+00:00
[2023-05-10T02:33:17.880+0000] {helpers.py:99} ERROR - can't compare offset-naive and offset-aware datetimes
[2023-05-10T02:33:17.881+0000] {helpers.py:100} ERROR - Retrying! 0 attempts before skipping!
[2023-05-10T02:33:19.543+0000] {logging_mixin.py:137} INFO - 2023-05-10 02:31:16 2023-05-01 00:00:00+00:00
[2023-05-10T02:33:19.545+0000] {helpers.py:99} ERROR - can't compare offset-naive and offset-aware datetimes
[2023-05-10T02:33:19.546+0000] {helpers.py:100} ERROR - Retrying! -1 attempts before skipping!
[2023-05-10T02:33:21.321+0000] {logging_mixin.py:137} INFO - 2023-05-10 02:32:52 2023-05-01 00:00:00+00:00
[2023-05-10T02:33:21.323+0000] {helpers.py:99} ERROR - can't compare offset-naive and offset-aware datetimes
[2023-05-10T02:33:21.324+0000] {helpers.py:100} ERROR - Retrying! 9 attempts before skipping!
[2023-05-10T02:33:23.125+0000] {logging_mixin.py:137} INFO - 2023-05-10 02:32:52 2023-05-01 00:00:00+00:00
[2023-05-10T02:33:23.126+0000] {helpers.py:99} ERROR - can't compare offset-naive and offset-aware datetimes
[2023-05-10T02:33:23.128+0000] {helpers.py:100} ERROR - Retrying! 8 attempts before skipping!
[2023-05-10T02:33:25.238+0000] {logging_mixin.py:137} INFO - 2023-05-10 02:32:52 2023-05-01 00:00:00+00:00
[2023-05-10T02:33:25.240+0000] {helpers.py:99} ERROR - can't compare offset-naive and offset-aware datetimes
[2023-05-10T02:33:25.244+0000] {helpers.py:100} ERROR - Retrying! 7 attempts before skipping!
[2023-05-10T02:33:27.090+0000] {logging_mixin.py:137} INFO - 2023-05-10 02:32:52 2023-05-01 00:00:00+00:00
[2023-05-10T02:33:27.092+0000] {helpers.py:99} ERROR - can't compare offset-naive and offset-aware datetimes
[2023-05-10T02:33:27.093+0000] {helpers.py:100} ERROR - Retrying! 6 attempts before skipping!
[2023-05-10T02:33:29.310+0000] {logging_mixin.py:137} INFO - 2023-05-10 02:33:18 2023-05-01 00:00:00+00:00
[2023-05-10T02:33:29.312+0000] {helpers.py:99} ERROR - can't compare offset-naive and offset-aware datetimes
[2023-05-10T02:33:29.313+0000] {helpers.py:100} ERROR - Retrying! 5 attempts before skipping!
[2023-05-10T02:33:31.262+0000] {logging_mixin.py:137} INFO - 2023-05-10 02:33:19 2023-05-01 00:00:00+00:00
[2023-05-10T02:33:31.264+0000] {helpers.py:99} ERROR - can't compare offset-naive and offset-aware datetimes
[2023-05-10T02:33:31.266+0000] {helpers.py:100} ERROR - Retrying! 4 attempts before skipping!
[2023-05-10T02:33:33.134+0000] {logging_mixin.py:137} INFO - 2023-05-10 02:33:19 2023-05-01 00:00:00+00:00
[2023-05-10T02:33:33.136+0000] {helpers.py:99} ERROR - can't compare offset-naive and offset-aware datetimes
[2023-05-10T02:33:33.137+0000] {helpers.py:100} ERROR - Retrying! 3 attempts before skipping!
[2023-05-10T02:33:35.029+0000] {logging_mixin.py:137} INFO - 2023-05-10 02:33:19 2023-05-01 00:00:00+00:00
[2023-05-10T02:33:35.030+0000] {helpers.py:99} ERROR - can't compare offset-naive and offset-aware datetimes
[2023-05-10T02:33:35.032+0000] {helpers.py:100} ERROR - Retrying! 2 attempts before skipping!
[2023-05-10T02:33:36.743+0000] {logging_mixin.py:137} INFO - 2023-05-10 02:33:19 2023-05-01 00:00:00+00:00
[2023-05-10T02:33:36.744+0000] {helpers.py:99} ERROR - can't compare offset-naive and offset-aware datetimes
[2023-05-10T02:33:36.745+0000] {helpers.py:100} ERROR - Retrying! 1 attempts before skipping!
[2023-05-10T02:33:39.935+0000] {logging_mixin.py:137} INFO - 2023-05-10 02:33:19 2023-05-01 00:00:00+00:00
[2023-05-10T02:33:39.938+0000] {helpers.py:99} ERROR - can't compare offset-naive and offset-aware datetimes
[2023-05-10T02:33:39.940+0000] {helpers.py:100} ERROR - Retrying! 0 attempts before skipping!
[2023-05-10T02:33:45.669+0000] {logging_mixin.py:137} INFO - 2023-05-10 02:33:19 2023-05-01 00:00:00+00:00
[2023-05-10T02:33:45.673+0000] {helpers.py:99} ERROR - can't compare offset-naive and offset-aware datetimes
[2023-05-10T02:33:45.676+0000] {helpers.py:100} ERROR - Retrying! -1 attempts before skipping!
[2023-05-10T02:33:52.348+0000] {logging_mixin.py:137} INFO - 2023-05-10 02:31:42 2023-05-01 00:00:00+00:00
[2023-05-10T02:33:52.350+0000] {helpers.py:99} ERROR - can't compare offset-naive and offset-aware datetimes
[2023-05-10T02:33:52.351+0000] {helpers.py:100} ERROR - Retrying! 9 attempts before skipping!
[2023-05-10T02:34:00.172+0000] {logging_mixin.py:137} INFO - 2023-05-10 02:31:42 2023-05-01 00:00:00+00:00
[2023-05-10T02:34:00.176+0000] {helpers.py:99} ERROR - can't compare offset-naive and offset-aware datetimes
[2023-05-10T02:34:00.179+0000] {helpers.py:100} ERROR - Retrying! 8 attempts before skipping!
[2023-05-10T02:34:08.039+0000] {logging_mixin.py:137} INFO - 2023-05-10 02:31:42 2023-05-01 00:00:00+00:00
[2023-05-10T02:34:08.042+0000] {helpers.py:99} ERROR - can't compare offset-naive and offset-aware datetimes
[2023-05-10T02:34:08.079+0000] {helpers.py:100} ERROR - Retrying! 7 attempts before skipping!
[2023-05-10T02:34:15.790+0000] {logging_mixin.py:137} INFO - 2023-05-10 02:31:42 2023-05-01 00:00:00+00:00
[2023-05-10T02:34:15.801+0000] {helpers.py:99} ERROR - can't compare offset-naive and offset-aware datetimes
[2023-05-10T02:34:15.803+0000] {helpers.py:100} ERROR - Retrying! 6 attempts before skipping!
[2023-05-10T02:34:23.652+0000] {logging_mixin.py:137} INFO - 2023-05-10 02:31:42 2023-05-01 00:00:00+00:00
[2023-05-10T02:34:23.654+0000] {helpers.py:99} ERROR - can't compare offset-naive and offset-aware datetimes
[2023-05-10T02:34:23.655+0000] {helpers.py:100} ERROR - Retrying! 5 attempts before skipping!
[2023-05-10T02:34:31.957+0000] {logging_mixin.py:137} INFO - 2023-05-10 02:31:42 2023-05-01 00:00:00+00:00
[2023-05-10T02:34:31.965+0000] {helpers.py:99} ERROR - can't compare offset-naive and offset-aware datetimes
[2023-05-10T02:34:31.966+0000] {helpers.py:100} ERROR - Retrying! 4 attempts before skipping!
[2023-05-10T02:34:39.721+0000] {logging_mixin.py:137} INFO - 2023-05-10 02:31:42 2023-05-01 00:00:00+00:00
[2023-05-10T02:34:39.725+0000] {helpers.py:99} ERROR - can't compare offset-naive and offset-aware datetimes
[2023-05-10T02:34:39.728+0000] {helpers.py:100} ERROR - Retrying! 3 attempts before skipping!
[2023-05-10T02:34:47.485+0000] {logging_mixin.py:137} INFO - 2023-05-10 02:31:42 2023-05-01 00:00:00+00:00
[2023-05-10T02:34:47.489+0000] {helpers.py:99} ERROR - can't compare offset-naive and offset-aware datetimes
[2023-05-10T02:34:47.491+0000] {helpers.py:100} ERROR - Retrying! 2 attempts before skipping!
[2023-05-10T02:34:55.691+0000] {logging_mixin.py:137} INFO - 2023-05-10 02:31:42 2023-05-01 00:00:00+00:00
[2023-05-10T02:34:55.694+0000] {helpers.py:99} ERROR - can't compare offset-naive and offset-aware datetimes
[2023-05-10T02:34:55.697+0000] {helpers.py:100} ERROR - Retrying! 1 attempts before skipping!
[2023-05-10T02:35:03.310+0000] {logging_mixin.py:137} INFO - 2023-05-10 02:31:42 2023-05-01 00:00:00+00:00
[2023-05-10T02:35:03.315+0000] {helpers.py:99} ERROR - can't compare offset-naive and offset-aware datetimes
[2023-05-10T02:35:03.317+0000] {helpers.py:100} ERROR - Retrying! 0 attempts before skipping!
[2023-05-10T02:35:11.791+0000] {logging_mixin.py:137} INFO - 2023-05-10 02:31:42 2023-05-01 00:00:00+00:00
[2023-05-10T02:35:11.796+0000] {helpers.py:99} ERROR - can't compare offset-naive and offset-aware datetimes
[2023-05-10T02:35:11.798+0000] {helpers.py:100} ERROR - Retrying! -1 attempts before skipping!
[2023-05-10T02:35:19.904+0000] {logging_mixin.py:137} INFO - 2023-05-10 02:19:35 2023-05-01 00:00:00+00:00
[2023-05-10T02:35:19.913+0000] {helpers.py:99} ERROR - can't compare offset-naive and offset-aware datetimes
[2023-05-10T02:35:19.915+0000] {helpers.py:100} ERROR - Retrying! 9 attempts before skipping!
[2023-05-10T02:35:27.596+0000] {logging_mixin.py:137} INFO - 2023-05-10 02:19:35 2023-05-01 00:00:00+00:00
[2023-05-10T02:35:27.598+0000] {helpers.py:99} ERROR - can't compare offset-naive and offset-aware datetimes
[2023-05-10T02:35:27.599+0000] {helpers.py:100} ERROR - Retrying! 8 attempts before skipping!
[2023-05-10T02:35:35.394+0000] {logging_mixin.py:137} INFO - 2023-05-10 02:19:35 2023-05-01 00:00:00+00:00
[2023-05-10T02:35:35.397+0000] {helpers.py:99} ERROR - can't compare offset-naive and offset-aware datetimes
[2023-05-10T02:35:35.398+0000] {helpers.py:100} ERROR - Retrying! 7 attempts before skipping!
[2023-05-10T02:35:43.579+0000] {logging_mixin.py:137} INFO - 2023-05-10 02:19:35 2023-05-01 00:00:00+00:00
[2023-05-10T02:35:43.580+0000] {helpers.py:99} ERROR - can't compare offset-naive and offset-aware datetimes
[2023-05-10T02:35:43.581+0000] {helpers.py:100} ERROR - Retrying! 6 attempts before skipping!
[2023-05-10T02:35:51.324+0000] {logging_mixin.py:137} INFO - 2023-05-10 02:19:35 2023-05-01 00:00:00+00:00
[2023-05-10T02:35:51.326+0000] {helpers.py:99} ERROR - can't compare offset-naive and offset-aware datetimes
[2023-05-10T02:35:51.327+0000] {helpers.py:100} ERROR - Retrying! 5 attempts before skipping!
[2023-05-10T02:35:59.699+0000] {logging_mixin.py:137} INFO - 2023-05-10 02:19:35 2023-05-01 00:00:00+00:00
[2023-05-10T02:35:59.701+0000] {helpers.py:99} ERROR - can't compare offset-naive and offset-aware datetimes
[2023-05-10T02:35:59.702+0000] {helpers.py:100} ERROR - Retrying! 4 attempts before skipping!
[2023-05-10T02:36:07.884+0000] {logging_mixin.py:137} INFO - 2023-05-10 02:19:35 2023-05-01 00:00:00+00:00
[2023-05-10T02:36:07.886+0000] {helpers.py:99} ERROR - can't compare offset-naive and offset-aware datetimes
[2023-05-10T02:36:07.887+0000] {helpers.py:100} ERROR - Retrying! 3 attempts before skipping!
[2023-05-10T02:36:15.837+0000] {logging_mixin.py:137} INFO - 2023-05-10 02:19:35 2023-05-01 00:00:00+00:00
[2023-05-10T02:36:15.840+0000] {helpers.py:99} ERROR - can't compare offset-naive and offset-aware datetimes
[2023-05-10T02:36:15.841+0000] {helpers.py:100} ERROR - Retrying! 2 attempts before skipping!
[2023-05-10T02:36:23.513+0000] {logging_mixin.py:137} INFO - 2023-05-10 02:19:35 2023-05-01 00:00:00+00:00
[2023-05-10T02:36:23.517+0000] {helpers.py:99} ERROR - can't compare offset-naive and offset-aware datetimes
[2023-05-10T02:36:23.519+0000] {helpers.py:100} ERROR - Retrying! 1 attempts before skipping!
[2023-05-10T02:36:31.669+0000] {logging_mixin.py:137} INFO - 2023-05-10 02:19:35 2023-05-01 00:00:00+00:00
[2023-05-10T02:36:31.671+0000] {helpers.py:99} ERROR - can't compare offset-naive and offset-aware datetimes
[2023-05-10T02:36:31.672+0000] {helpers.py:100} ERROR - Retrying! 0 attempts before skipping!
[2023-05-10T02:36:39.386+0000] {logging_mixin.py:137} INFO - 2023-05-10 02:19:35 2023-05-01 00:00:00+00:00
[2023-05-10T02:36:39.390+0000] {helpers.py:99} ERROR - can't compare offset-naive and offset-aware datetimes
[2023-05-10T02:36:39.403+0000] {helpers.py:100} ERROR - Retrying! -1 attempts before skipping!
[2023-05-10T02:36:47.557+0000] {logging_mixin.py:137} INFO - 2023-05-10 02:34:11 2023-05-01 00:00:00+00:00
[2023-05-10T02:36:47.561+0000] {helpers.py:99} ERROR - can't compare offset-naive and offset-aware datetimes
[2023-05-10T02:36:47.562+0000] {helpers.py:100} ERROR - Retrying! 9 attempts before skipping!
[2023-05-10T02:36:55.896+0000] {logging_mixin.py:137} INFO - 2023-05-10 02:34:11 2023-05-01 00:00:00+00:00
[2023-05-10T02:36:55.901+0000] {helpers.py:99} ERROR - can't compare offset-naive and offset-aware datetimes
[2023-05-10T02:36:55.902+0000] {helpers.py:100} ERROR - Retrying! 8 attempts before skipping!
[2023-05-10T02:37:03.646+0000] {logging_mixin.py:137} INFO - 2023-05-10 02:34:11 2023-05-01 00:00:00+00:00
[2023-05-10T02:37:03.648+0000] {helpers.py:99} ERROR - can't compare offset-naive and offset-aware datetimes
[2023-05-10T02:37:03.650+0000] {helpers.py:100} ERROR - Retrying! 7 attempts before skipping!
[2023-05-10T02:37:11.386+0000] {logging_mixin.py:137} INFO - 2023-05-10 02:34:11 2023-05-01 00:00:00+00:00
[2023-05-10T02:37:11.390+0000] {helpers.py:99} ERROR - can't compare offset-naive and offset-aware datetimes
[2023-05-10T02:37:11.392+0000] {helpers.py:100} ERROR - Retrying! 6 attempts before skipping!
[2023-05-10T02:37:19.636+0000] {logging_mixin.py:137} INFO - 2023-05-10 02:34:11 2023-05-01 00:00:00+00:00
[2023-05-10T02:37:19.637+0000] {helpers.py:99} ERROR - can't compare offset-naive and offset-aware datetimes
[2023-05-10T02:37:19.638+0000] {helpers.py:100} ERROR - Retrying! 5 attempts before skipping!
[2023-05-10T02:37:27.780+0000] {logging_mixin.py:137} INFO - 2023-05-10 02:37:17 2023-05-01 00:00:00+00:00
[2023-05-10T02:37:27.787+0000] {helpers.py:99} ERROR - can't compare offset-naive and offset-aware datetimes
[2023-05-10T02:37:27.788+0000] {helpers.py:100} ERROR - Retrying! 4 attempts before skipping!
[2023-05-10T02:37:35.749+0000] {logging_mixin.py:137} INFO - 2023-05-10 02:37:17 2023-05-01 00:00:00+00:00
[2023-05-10T02:37:35.755+0000] {helpers.py:99} ERROR - can't compare offset-naive and offset-aware datetimes
[2023-05-10T02:37:35.756+0000] {helpers.py:100} ERROR - Retrying! 3 attempts before skipping!
[2023-05-10T02:37:44.054+0000] {logging_mixin.py:137} INFO - 2023-05-10 02:37:17 2023-05-01 00:00:00+00:00
[2023-05-10T02:37:44.057+0000] {helpers.py:99} ERROR - can't compare offset-naive and offset-aware datetimes
[2023-05-10T02:37:44.059+0000] {helpers.py:100} ERROR - Retrying! 2 attempts before skipping!
[2023-05-10T02:37:51.872+0000] {logging_mixin.py:137} INFO - 2023-05-10 02:37:17 2023-05-01 00:00:00+00:00
[2023-05-10T02:37:51.875+0000] {helpers.py:99} ERROR - can't compare offset-naive and offset-aware datetimes
[2023-05-10T02:37:51.877+0000] {helpers.py:100} ERROR - Retrying! 1 attempts before skipping!
[2023-05-10T02:37:59.547+0000] {logging_mixin.py:137} INFO - 2023-05-10 02:37:17 2023-05-01 00:00:00+00:00
[2023-05-10T02:37:59.551+0000] {helpers.py:99} ERROR - can't compare offset-naive and offset-aware datetimes
[2023-05-10T02:37:59.553+0000] {helpers.py:100} ERROR - Retrying! 0 attempts before skipping!
[2023-05-10T02:38:07.662+0000] {logging_mixin.py:137} INFO - 2023-05-10 02:37:17 2023-05-01 00:00:00+00:00
[2023-05-10T02:38:07.666+0000] {helpers.py:99} ERROR - can't compare offset-naive and offset-aware datetimes
[2023-05-10T02:38:07.668+0000] {helpers.py:100} ERROR - Retrying! -1 attempts before skipping!
[2023-05-10T02:38:15.491+0000] {logging_mixin.py:137} INFO - 2023-05-10 02:37:35 2023-05-01 00:00:00+00:00
[2023-05-10T02:38:15.492+0000] {helpers.py:99} ERROR - can't compare offset-naive and offset-aware datetimes
[2023-05-10T02:38:15.493+0000] {helpers.py:100} ERROR - Retrying! 9 attempts before skipping!
[2023-05-10T02:38:23.723+0000] {logging_mixin.py:137} INFO - 2023-05-10 02:38:09 2023-05-01 00:00:00+00:00
[2023-05-10T02:38:23.725+0000] {helpers.py:99} ERROR - can't compare offset-naive and offset-aware datetimes
[2023-05-10T02:38:23.726+0000] {helpers.py:100} ERROR - Retrying! 8 attempts before skipping!
[2023-05-10T02:38:31.516+0000] {logging_mixin.py:137} INFO - 2023-05-10 02:38:14 2023-05-01 00:00:00+00:00
[2023-05-10T02:38:31.519+0000] {helpers.py:99} ERROR - can't compare offset-naive and offset-aware datetimes
[2023-05-10T02:38:31.520+0000] {helpers.py:100} ERROR - Retrying! 7 attempts before skipping!
[2023-05-10T02:38:38.727+0000] {local_task_job.py:277} WARNING - State of this instance has been externally set to failed. Terminating instance.
[2023-05-10T02:38:38.747+0000] {process_utils.py:133} INFO - Sending Signals.SIGTERM to group 17785. PIDs of all processes in the group: [17785]
[2023-05-10T02:38:38.770+0000] {process_utils.py:84} INFO - Sending the signal Signals.SIGTERM to group 17785
[2023-05-10T02:38:38.777+0000] {taskinstance.py:1488} ERROR - Received SIGTERM. Terminating subprocesses.
[2023-05-10T02:38:38.784+0000] {helpers.py:99} ERROR - Task received SIGTERM signal
[2023-05-10T02:38:38.791+0000] {helpers.py:100} ERROR - Retrying! 6 attempts before skipping!
[2023-05-10T02:38:40.785+0000] {logging_mixin.py:137} INFO - 2023-05-10 02:38:14 2023-05-01 00:00:00+00:00
[2023-05-10T02:38:40.788+0000] {helpers.py:99} ERROR - can't compare offset-naive and offset-aware datetimes
[2023-05-10T02:38:40.820+0000] {helpers.py:100} ERROR - Retrying! 5 attempts before skipping!
[2023-05-10T02:38:48.486+0000] {logging_mixin.py:137} INFO - 2023-05-10 02:38:14 2023-05-01 00:00:00+00:00
[2023-05-10T02:38:48.489+0000] {helpers.py:99} ERROR - can't compare offset-naive and offset-aware datetimes
[2023-05-10T02:38:48.490+0000] {helpers.py:100} ERROR - Retrying! 4 attempts before skipping!
[2023-05-10T02:38:56.675+0000] {logging_mixin.py:137} INFO - 2023-05-10 02:38:14 2023-05-01 00:00:00+00:00
[2023-05-10T02:38:56.677+0000] {helpers.py:99} ERROR - can't compare offset-naive and offset-aware datetimes
[2023-05-10T02:38:56.677+0000] {helpers.py:100} ERROR - Retrying! 3 attempts before skipping!
[2023-05-10T02:39:06.399+0000] {logging_mixin.py:137} INFO - 2023-05-10 02:38:51 2023-05-01 00:00:00+00:00
[2023-05-10T02:39:06.402+0000] {helpers.py:99} ERROR - can't compare offset-naive and offset-aware datetimes
[2023-05-10T02:39:06.404+0000] {helpers.py:100} ERROR - Retrying! 2 attempts before skipping!
[2023-05-10T02:39:17.237+0000] {logging_mixin.py:137} INFO - 2023-05-10 02:39:04 2023-05-01 00:00:00+00:00
[2023-05-10T02:39:17.242+0000] {helpers.py:99} ERROR - can't compare offset-naive and offset-aware datetimes
[2023-05-10T02:39:17.244+0000] {helpers.py:100} ERROR - Retrying! 1 attempts before skipping!
[2023-05-10T02:39:27.913+0000] {logging_mixin.py:137} INFO - 2023-05-10 02:39:15 2023-05-01 00:00:00+00:00
[2023-05-10T02:39:27.914+0000] {helpers.py:99} ERROR - can't compare offset-naive and offset-aware datetimes
[2023-05-10T02:39:27.915+0000] {helpers.py:100} ERROR - Retrying! 0 attempts before skipping!
[2023-05-10T02:39:38.809+0000] {process_utils.py:147} WARNING - process psutil.Process(pid=17785, name='airflow task ru', status='sleeping', started='02:32:59') did not respond to SIGTERM. Trying SIGKILL
[2023-05-10T02:39:38.837+0000] {process_utils.py:84} INFO - Sending the signal Signals.SIGKILL to group 17785
[2023-05-10T02:39:38.975+0000] {process_utils.py:79} INFO - Process psutil.Process(pid=17785, name='airflow task ru', status='terminated', exitcode=<Negsignal.SIGKILL: -9>, started='02:32:59') (17785) terminated with exit code Negsignal.SIGKILL
[2023-05-10T02:39:38.976+0000] {standard_task_runner.py:170} ERROR - Job 4032 was killed before it finished (likely due to running out of memory)
[2023-05-10T02:41:38.336+0000] {taskinstance.py:1090} INFO - Dependencies all met for dep_context=non-requeueable deps ti=<TaskInstance: scrape_and_save_to_csv.scrape_teams_9-16 scheduled__2023-05-01T01:00:00+00:00 [queued]>
[2023-05-10T02:41:38.351+0000] {taskinstance.py:1090} INFO - Dependencies all met for dep_context=requeueable deps ti=<TaskInstance: scrape_and_save_to_csv.scrape_teams_9-16 scheduled__2023-05-01T01:00:00+00:00 [queued]>
[2023-05-10T02:41:38.352+0000] {taskinstance.py:1288} INFO - 
--------------------------------------------------------------------------------
[2023-05-10T02:41:38.356+0000] {taskinstance.py:1289} INFO - Starting attempt 1 of 1
[2023-05-10T02:41:38.357+0000] {taskinstance.py:1290} INFO - 
--------------------------------------------------------------------------------
[2023-05-10T02:41:38.377+0000] {taskinstance.py:1309} INFO - Executing <Task(PythonOperator): scrape_teams_9-16> on 2023-05-01 01:00:00+00:00
[2023-05-10T02:41:38.388+0000] {standard_task_runner.py:55} INFO - Started process 18039 to run task
[2023-05-10T02:41:38.395+0000] {standard_task_runner.py:82} INFO - Running: ['***', 'tasks', 'run', 'scrape_and_save_to_csv', 'scrape_teams_9-16', 'scheduled__2023-05-01T01:00:00+00:00', '--job-id', '4054', '--raw', '--subdir', 'DAGS_FOLDER/scrape_and_push_dag.py', '--cfg-path', '/tmp/tmpyg6o89ez']
[2023-05-10T02:41:38.406+0000] {standard_task_runner.py:83} INFO - Job 4054: Subtask scrape_teams_9-16
[2023-05-10T02:41:38.537+0000] {task_command.py:389} INFO - Running <TaskInstance: scrape_and_save_to_csv.scrape_teams_9-16 scheduled__2023-05-01T01:00:00+00:00 [running]> on host f41dbfa3d325
[2023-05-10T02:41:38.585+0000] {warnings.py:110} WARNING - /home/***/.local/lib/python3.7/site-packages/***/utils/context.py:205: AirflowContextDeprecationWarning: Accessing 'execution_date' from the template is deprecated and will be removed in a future version. Please use 'data_interval_start' or 'logical_date' instead.
  warnings.warn(_create_deprecation_warning(key, self._deprecation_replacements[key]))

[2023-05-10T02:41:38.640+0000] {taskinstance.py:1518} INFO - Exporting the following env vars:
AIRFLOW_CTX_DAG_OWNER=***
AIRFLOW_CTX_DAG_ID=scrape_and_save_to_csv
AIRFLOW_CTX_TASK_ID=scrape_teams_9-16
AIRFLOW_CTX_EXECUTION_DATE=2023-05-01T01:00:00+00:00
AIRFLOW_CTX_TRY_NUMBER=1
AIRFLOW_CTX_DAG_RUN_ID=scheduled__2023-05-01T01:00:00+00:00
[2023-05-10T02:41:40.151+0000] {logging_mixin.py:137} INFO - 2023-05-10 02:41:29 2023-05-01 00:00:00+00:00
[2023-05-10T02:41:40.154+0000] {helpers.py:100} ERROR - can't compare offset-naive and offset-aware datetimes
[2023-05-10T02:41:40.155+0000] {helpers.py:101} ERROR - Retrying! 9 attempts before skipping!
[2023-05-10T02:41:49.768+0000] {logging_mixin.py:137} INFO - 2023-05-10 02:41:29 2023-05-01 00:00:00+00:00
[2023-05-10T02:41:49.774+0000] {helpers.py:100} ERROR - can't compare offset-naive and offset-aware datetimes
[2023-05-10T02:41:49.775+0000] {helpers.py:101} ERROR - Retrying! 8 attempts before skipping!
[2023-05-10T02:41:59.104+0000] {logging_mixin.py:137} INFO - 2023-05-10 02:41:29 2023-05-01 00:00:00+00:00
[2023-05-10T02:41:59.110+0000] {helpers.py:100} ERROR - can't compare offset-naive and offset-aware datetimes
[2023-05-10T02:41:59.115+0000] {helpers.py:101} ERROR - Retrying! 7 attempts before skipping!
[2023-05-10T02:42:08.273+0000] {logging_mixin.py:137} INFO - 2023-05-10 02:41:29 2023-05-01 00:00:00+00:00
[2023-05-10T02:42:08.275+0000] {helpers.py:100} ERROR - can't compare offset-naive and offset-aware datetimes
[2023-05-10T02:42:08.277+0000] {helpers.py:101} ERROR - Retrying! 6 attempts before skipping!
[2023-05-10T02:42:17.579+0000] {logging_mixin.py:137} INFO - 2023-05-10 02:41:29 2023-05-01 00:00:00+00:00
[2023-05-10T02:42:17.584+0000] {helpers.py:100} ERROR - can't compare offset-naive and offset-aware datetimes
[2023-05-10T02:42:17.585+0000] {helpers.py:101} ERROR - Retrying! 5 attempts before skipping!
[2023-05-10T02:42:26.306+0000] {logging_mixin.py:137} INFO - 2023-05-10 02:41:29 2023-05-01 00:00:00+00:00
[2023-05-10T02:42:26.313+0000] {helpers.py:100} ERROR - can't compare offset-naive and offset-aware datetimes
[2023-05-10T02:42:26.315+0000] {helpers.py:101} ERROR - Retrying! 4 attempts before skipping!
[2023-05-10T02:42:34.515+0000] {logging_mixin.py:137} INFO - 2023-05-10 02:41:29 2023-05-01 00:00:00+00:00
[2023-05-10T02:42:34.516+0000] {helpers.py:100} ERROR - can't compare offset-naive and offset-aware datetimes
[2023-05-10T02:42:34.517+0000] {helpers.py:101} ERROR - Retrying! 3 attempts before skipping!
[2023-05-10T02:42:42.805+0000] {logging_mixin.py:137} INFO - 2023-05-10 02:41:29 2023-05-01 00:00:00+00:00
[2023-05-10T02:42:42.809+0000] {helpers.py:100} ERROR - can't compare offset-naive and offset-aware datetimes
[2023-05-10T02:42:42.811+0000] {helpers.py:101} ERROR - Retrying! 2 attempts before skipping!
[2023-05-10T02:42:49.464+0000] {local_task_job.py:277} WARNING - State of this instance has been externally set to None. Terminating instance.
[2023-05-10T02:42:49.504+0000] {process_utils.py:133} INFO - Sending Signals.SIGTERM to group 18039. PIDs of all processes in the group: [18039]
[2023-05-10T02:42:49.507+0000] {process_utils.py:84} INFO - Sending the signal Signals.SIGTERM to group 18039
[2023-05-10T02:42:49.510+0000] {taskinstance.py:1488} ERROR - Received SIGTERM. Terminating subprocesses.
[2023-05-10T02:42:49.521+0000] {helpers.py:100} ERROR - Task received SIGTERM signal
[2023-05-10T02:42:49.522+0000] {helpers.py:101} ERROR - Retrying! 1 attempts before skipping!
[2023-05-10T02:42:51.152+0000] {logging_mixin.py:137} INFO - 2023-05-10 02:41:29 2023-05-01 00:00:00+00:00
[2023-05-10T02:42:51.161+0000] {helpers.py:100} ERROR - can't compare offset-naive and offset-aware datetimes
[2023-05-10T02:42:51.166+0000] {helpers.py:101} ERROR - Retrying! 0 attempts before skipping!
[2023-05-10T02:42:58.869+0000] {logging_mixin.py:137} INFO - 2023-05-10 02:41:29 2023-05-01 00:00:00+00:00
[2023-05-10T02:42:58.871+0000] {helpers.py:100} ERROR - can't compare offset-naive and offset-aware datetimes
[2023-05-10T02:42:58.872+0000] {helpers.py:101} ERROR - Retrying! -1 attempts before skipping!
[2023-05-10T02:43:07.048+0000] {logging_mixin.py:137} INFO - 2023-05-10 02:42:43 2023-05-01 00:00:00+00:00
[2023-05-10T02:43:07.052+0000] {helpers.py:100} ERROR - can't compare offset-naive and offset-aware datetimes
[2023-05-10T02:43:07.054+0000] {helpers.py:101} ERROR - Retrying! 9 attempts before skipping!
[2023-05-10T02:43:14.852+0000] {logging_mixin.py:137} INFO - 2023-05-10 02:43:01 2023-05-01 00:00:00+00:00
[2023-05-10T02:43:14.856+0000] {helpers.py:100} ERROR - can't compare offset-naive and offset-aware datetimes
[2023-05-10T02:43:14.858+0000] {helpers.py:101} ERROR - Retrying! 8 attempts before skipping!
[2023-05-10T02:43:25.605+0000] {logging_mixin.py:137} INFO - 2023-05-10 02:43:01 2023-05-01 00:00:00+00:00
[2023-05-10T02:43:25.608+0000] {helpers.py:100} ERROR - can't compare offset-naive and offset-aware datetimes
[2023-05-10T02:43:25.608+0000] {helpers.py:101} ERROR - Retrying! 7 attempts before skipping!
[2023-05-10T02:43:36.615+0000] {logging_mixin.py:137} INFO - 2023-05-10 02:43:17 2023-05-01 00:00:00+00:00
[2023-05-10T02:43:36.619+0000] {helpers.py:100} ERROR - can't compare offset-naive and offset-aware datetimes
[2023-05-10T02:43:36.622+0000] {helpers.py:101} ERROR - Retrying! 6 attempts before skipping!
[2023-05-10T02:43:47.391+0000] {logging_mixin.py:137} INFO - 2023-05-10 02:43:17 2023-05-01 00:00:00+00:00
[2023-05-10T02:43:47.393+0000] {helpers.py:100} ERROR - can't compare offset-naive and offset-aware datetimes
[2023-05-10T02:43:47.394+0000] {helpers.py:101} ERROR - Retrying! 5 attempts before skipping!
[2023-05-10T02:43:49.542+0000] {process_utils.py:147} WARNING - process psutil.Process(pid=18039, name='airflow task ru', status='sleeping', started='02:41:38') did not respond to SIGTERM. Trying SIGKILL
[2023-05-10T02:43:49.558+0000] {process_utils.py:84} INFO - Sending the signal Signals.SIGKILL to group 18039
[2023-05-10T02:43:49.675+0000] {process_utils.py:79} INFO - Process psutil.Process(pid=18039, name='airflow task ru', status='terminated', exitcode=<Negsignal.SIGKILL: -9>, started='02:41:38') (18039) terminated with exit code Negsignal.SIGKILL
[2023-05-10T02:43:49.677+0000] {standard_task_runner.py:170} ERROR - Job 4054 was killed before it finished (likely due to running out of memory)
[2023-05-10T02:46:09.724+0000] {taskinstance.py:1090} INFO - Dependencies all met for dep_context=non-requeueable deps ti=<TaskInstance: scrape_and_save_to_csv.scrape_teams_9-16 scheduled__2023-05-01T01:00:00+00:00 [queued]>
[2023-05-10T02:46:09.737+0000] {taskinstance.py:1090} INFO - Dependencies all met for dep_context=requeueable deps ti=<TaskInstance: scrape_and_save_to_csv.scrape_teams_9-16 scheduled__2023-05-01T01:00:00+00:00 [queued]>
[2023-05-10T02:46:09.739+0000] {taskinstance.py:1288} INFO - 
--------------------------------------------------------------------------------
[2023-05-10T02:46:09.739+0000] {taskinstance.py:1289} INFO - Starting attempt 1 of 1
[2023-05-10T02:46:09.742+0000] {taskinstance.py:1290} INFO - 
--------------------------------------------------------------------------------
[2023-05-10T02:46:09.761+0000] {taskinstance.py:1309} INFO - Executing <Task(PythonOperator): scrape_teams_9-16> on 2023-05-01 01:00:00+00:00
[2023-05-10T02:46:09.792+0000] {standard_task_runner.py:55} INFO - Started process 18202 to run task
[2023-05-10T02:46:09.813+0000] {standard_task_runner.py:82} INFO - Running: ['***', 'tasks', 'run', 'scrape_and_save_to_csv', 'scrape_teams_9-16', 'scheduled__2023-05-01T01:00:00+00:00', '--job-id', '4071', '--raw', '--subdir', 'DAGS_FOLDER/scrape_and_push_dag.py', '--cfg-path', '/tmp/tmpnercgwkx']
[2023-05-10T02:46:09.819+0000] {standard_task_runner.py:83} INFO - Job 4071: Subtask scrape_teams_9-16
[2023-05-10T02:46:09.978+0000] {task_command.py:389} INFO - Running <TaskInstance: scrape_and_save_to_csv.scrape_teams_9-16 scheduled__2023-05-01T01:00:00+00:00 [running]> on host f41dbfa3d325
[2023-05-10T02:46:10.023+0000] {warnings.py:110} WARNING - /home/***/.local/lib/python3.7/site-packages/***/utils/context.py:205: AirflowContextDeprecationWarning: Accessing 'execution_date' from the template is deprecated and will be removed in a future version. Please use 'data_interval_start' or 'logical_date' instead.
  warnings.warn(_create_deprecation_warning(key, self._deprecation_replacements[key]))

[2023-05-10T02:46:10.069+0000] {taskinstance.py:1518} INFO - Exporting the following env vars:
AIRFLOW_CTX_DAG_OWNER=***
AIRFLOW_CTX_DAG_ID=scrape_and_save_to_csv
AIRFLOW_CTX_TASK_ID=scrape_teams_9-16
AIRFLOW_CTX_EXECUTION_DATE=2023-05-01T01:00:00+00:00
AIRFLOW_CTX_TRY_NUMBER=1
AIRFLOW_CTX_DAG_RUN_ID=scheduled__2023-05-01T01:00:00+00:00
[2023-05-10T02:46:38.725+0000] {helpers.py:95} INFO - Detroit Pistons: Successfully scraped!
[2023-05-10T02:47:17.488+0000] {helpers.py:95} INFO - Golden State Warriors: Successfully scraped!
[2023-05-10T02:47:52.584+0000] {helpers.py:95} INFO - Houston Rockets: Successfully scraped!
[2023-05-10T02:48:25.196+0000] {helpers.py:95} INFO - Indiana Pacers: Successfully scraped!
[2023-05-10T02:48:59.061+0000] {helpers.py:95} INFO - Los Angeles Clippers: Successfully scraped!
[2023-05-10T02:49:10.724+0000] {helpers.py:95} INFO - Los Angeles Lakers: Successfully scraped!
[2023-05-10T02:49:15.376+0000] {helpers.py:95} INFO - Memphis Grizzlies: Successfully scraped!
[2023-05-10T02:49:19.397+0000] {helpers.py:95} INFO - Miami Heat: Successfully scraped!
[2023-05-10T02:49:19.419+0000] {helpers.py:110} INFO - Saved in /opt/***/data/output_scrape_teams_9-16.csv
[2023-05-10T02:49:19.433+0000] {python.py:177} INFO - Done. Returned value was: None
[2023-05-10T02:49:19.459+0000] {taskinstance.py:1332} INFO - Marking task as SUCCESS. dag_id=scrape_and_save_to_csv, task_id=scrape_teams_9-16, execution_date=20230501T010000, start_date=20230510T024609, end_date=20230510T024919
[2023-05-10T02:49:19.605+0000] {local_task_job.py:212} INFO - Task exited with return code 0
[2023-05-10T02:49:19.633+0000] {taskinstance.py:2596} INFO - 0 downstream tasks scheduled from follow-on schedule check
[2023-05-10T03:22:30.206+0000] {taskinstance.py:1090} INFO - Dependencies all met for dep_context=non-requeueable deps ti=<TaskInstance: scrape_and_save_to_csv.scrape_teams_9-16 scheduled__2023-05-01T01:00:00+00:00 [queued]>
[2023-05-10T03:22:30.233+0000] {taskinstance.py:1090} INFO - Dependencies all met for dep_context=requeueable deps ti=<TaskInstance: scrape_and_save_to_csv.scrape_teams_9-16 scheduled__2023-05-01T01:00:00+00:00 [queued]>
[2023-05-10T03:22:30.235+0000] {taskinstance.py:1288} INFO - 
--------------------------------------------------------------------------------
[2023-05-10T03:22:30.236+0000] {taskinstance.py:1289} INFO - Starting attempt 1 of 1
[2023-05-10T03:22:30.237+0000] {taskinstance.py:1290} INFO - 
--------------------------------------------------------------------------------
[2023-05-10T03:22:30.264+0000] {taskinstance.py:1309} INFO - Executing <Task(PythonOperator): scrape_teams_9-16> on 2023-05-01 01:00:00+00:00
[2023-05-10T03:22:30.290+0000] {standard_task_runner.py:55} INFO - Started process 18619 to run task
[2023-05-10T03:22:30.299+0000] {standard_task_runner.py:82} INFO - Running: ['***', 'tasks', 'run', 'scrape_and_save_to_csv', 'scrape_teams_9-16', 'scheduled__2023-05-01T01:00:00+00:00', '--job-id', '4101', '--raw', '--subdir', 'DAGS_FOLDER/scrape_and_push_dag.py', '--cfg-path', '/tmp/tmpf6hx6a6p']
[2023-05-10T03:22:30.303+0000] {standard_task_runner.py:83} INFO - Job 4101: Subtask scrape_teams_9-16
[2023-05-10T03:22:30.455+0000] {task_command.py:389} INFO - Running <TaskInstance: scrape_and_save_to_csv.scrape_teams_9-16 scheduled__2023-05-01T01:00:00+00:00 [running]> on host f41dbfa3d325
[2023-05-10T03:22:30.490+0000] {warnings.py:110} WARNING - /home/***/.local/lib/python3.7/site-packages/***/utils/context.py:205: AirflowContextDeprecationWarning: Accessing 'execution_date' from the template is deprecated and will be removed in a future version. Please use 'data_interval_start' or 'logical_date' instead.
  warnings.warn(_create_deprecation_warning(key, self._deprecation_replacements[key]))

[2023-05-10T03:22:30.537+0000] {taskinstance.py:1518} INFO - Exporting the following env vars:
AIRFLOW_CTX_DAG_OWNER=***
AIRFLOW_CTX_DAG_ID=scrape_and_save_to_csv
AIRFLOW_CTX_TASK_ID=scrape_teams_9-16
AIRFLOW_CTX_EXECUTION_DATE=2023-05-01T01:00:00+00:00
AIRFLOW_CTX_TRY_NUMBER=1
AIRFLOW_CTX_DAG_RUN_ID=scheduled__2023-05-01T01:00:00+00:00
[2023-05-10T03:22:36.842+0000] {helpers.py:95} INFO - Detroit Pistons: Successfully scraped!
[2023-05-10T03:22:42.288+0000] {helpers.py:95} INFO - Golden State Warriors: Successfully scraped!
[2023-05-10T03:22:46.925+0000] {helpers.py:95} INFO - Houston Rockets: Successfully scraped!
[2023-05-10T03:22:51.060+0000] {helpers.py:95} INFO - Indiana Pacers: Successfully scraped!
[2023-05-10T03:23:09.611+0000] {helpers.py:95} INFO - Los Angeles Clippers: Successfully scraped!
[2023-05-10T03:23:47.777+0000] {helpers.py:95} INFO - Los Angeles Lakers: Successfully scraped!
[2023-05-10T03:24:22.411+0000] {helpers.py:95} INFO - Memphis Grizzlies: Successfully scraped!
[2023-05-10T03:24:49.406+0000] {helpers.py:95} INFO - Miami Heat: Successfully scraped!
[2023-05-10T03:24:49.426+0000] {helpers.py:110} INFO - Saved in /opt/***/data/output_scrape_teams_9-16.csv
[2023-05-10T03:24:49.429+0000] {python.py:177} INFO - Done. Returned value was: None
[2023-05-10T03:24:49.443+0000] {taskinstance.py:1332} INFO - Marking task as SUCCESS. dag_id=scrape_and_save_to_csv, task_id=scrape_teams_9-16, execution_date=20230501T010000, start_date=20230510T032230, end_date=20230510T032449
[2023-05-10T03:24:49.554+0000] {local_task_job.py:212} INFO - Task exited with return code 0
[2023-05-10T03:24:49.592+0000] {taskinstance.py:2596} INFO - 1 downstream tasks scheduled from follow-on schedule check
