[2023-05-10T01:46:47.842+0000] {taskinstance.py:1090} INFO - Dependencies all met for dep_context=non-requeueable deps ti=<TaskInstance: scrape_and_save_to_csv.scrape_teams_9-16 scheduled__2022-05-05T01:00:00+00:00 [queued]>
[2023-05-10T01:46:47.883+0000] {taskinstance.py:1090} INFO - Dependencies all met for dep_context=requeueable deps ti=<TaskInstance: scrape_and_save_to_csv.scrape_teams_9-16 scheduled__2022-05-05T01:00:00+00:00 [queued]>
[2023-05-10T01:46:47.888+0000] {taskinstance.py:1288} INFO - 
--------------------------------------------------------------------------------
[2023-05-10T01:46:47.889+0000] {taskinstance.py:1289} INFO - Starting attempt 1 of 1
[2023-05-10T01:46:47.890+0000] {taskinstance.py:1290} INFO - 
--------------------------------------------------------------------------------
[2023-05-10T01:46:47.906+0000] {taskinstance.py:1309} INFO - Executing <Task(PythonOperator): scrape_teams_9-16> on 2022-05-05 01:00:00+00:00
[2023-05-10T01:46:47.914+0000] {standard_task_runner.py:55} INFO - Started process 16272 to run task
[2023-05-10T01:46:47.920+0000] {standard_task_runner.py:82} INFO - Running: ['***', 'tasks', 'run', 'scrape_and_save_to_csv', 'scrape_teams_9-16', 'scheduled__2022-05-05T01:00:00+00:00', '--job-id', '3868', '--raw', '--subdir', 'DAGS_FOLDER/scrape_and_push_dag.py', '--cfg-path', '/tmp/tmp5isft3uw']
[2023-05-10T01:46:47.928+0000] {standard_task_runner.py:83} INFO - Job 3868: Subtask scrape_teams_9-16
[2023-05-10T01:46:48.018+0000] {task_command.py:389} INFO - Running <TaskInstance: scrape_and_save_to_csv.scrape_teams_9-16 scheduled__2022-05-05T01:00:00+00:00 [running]> on host f41dbfa3d325
[2023-05-10T01:46:48.069+0000] {warnings.py:110} WARNING - /home/***/.local/lib/python3.7/site-packages/***/utils/context.py:205: AirflowContextDeprecationWarning: Accessing 'execution_date' from the template is deprecated and will be removed in a future version. Please use 'data_interval_start' or 'logical_date' instead.
  warnings.warn(_create_deprecation_warning(key, self._deprecation_replacements[key]))

[2023-05-10T01:46:48.118+0000] {taskinstance.py:1518} INFO - Exporting the following env vars:
AIRFLOW_CTX_DAG_OWNER=***
AIRFLOW_CTX_DAG_ID=scrape_and_save_to_csv
AIRFLOW_CTX_TASK_ID=scrape_teams_9-16
AIRFLOW_CTX_EXECUTION_DATE=2022-05-05T01:00:00+00:00
AIRFLOW_CTX_TRY_NUMBER=1
AIRFLOW_CTX_DAG_RUN_ID=scheduled__2022-05-05T01:00:00+00:00
[2023-05-10T01:46:51.259+0000] {helpers.py:94} INFO - Detroit Pistons: Successfully scraped!
[2023-05-10T01:46:58.151+0000] {helpers.py:94} INFO - Golden State Warriors: Successfully scraped!
[2023-05-10T01:47:06.037+0000] {helpers.py:94} INFO - Houston Rockets: Successfully scraped!
[2023-05-10T01:47:10.158+0000] {helpers.py:94} INFO - Indiana Pacers: Successfully scraped!
[2023-05-10T01:47:13.825+0000] {helpers.py:94} INFO - Los Angeles Clippers: Successfully scraped!
[2023-05-10T01:47:22.225+0000] {helpers.py:94} INFO - Los Angeles Lakers: Successfully scraped!
[2023-05-10T01:47:26.373+0000] {helpers.py:94} INFO - Memphis Grizzlies: Successfully scraped!
[2023-05-10T01:47:34.835+0000] {helpers.py:94} INFO - Miami Heat: Successfully scraped!
[2023-05-10T01:47:34.842+0000] {helpers.py:109} INFO - Saved in /opt/***/data/output_scrape_teams_9-16.csv
[2023-05-10T01:47:34.844+0000] {python.py:177} INFO - Done. Returned value was: None
[2023-05-10T01:47:34.855+0000] {taskinstance.py:1332} INFO - Marking task as SUCCESS. dag_id=scrape_and_save_to_csv, task_id=scrape_teams_9-16, execution_date=20220505T010000, start_date=20230510T014647, end_date=20230510T014734
[2023-05-10T01:47:34.899+0000] {local_task_job.py:212} INFO - Task exited with return code 0
[2023-05-10T01:47:34.922+0000] {taskinstance.py:2596} INFO - 1 downstream tasks scheduled from follow-on schedule check
