[2023-05-11T03:55:24.437+0000] {taskinstance.py:1090} INFO - Dependencies all met for dep_context=non-requeueable deps ti=<TaskInstance: scrape_and_save_to_csv.scrape_teams_1-8 scheduled__2023-05-11T02:00:00+00:00 [queued]>
[2023-05-11T03:55:24.447+0000] {taskinstance.py:1090} INFO - Dependencies all met for dep_context=requeueable deps ti=<TaskInstance: scrape_and_save_to_csv.scrape_teams_1-8 scheduled__2023-05-11T02:00:00+00:00 [queued]>
[2023-05-11T03:55:24.448+0000] {taskinstance.py:1288} INFO - 
--------------------------------------------------------------------------------
[2023-05-11T03:55:24.449+0000] {taskinstance.py:1289} INFO - Starting attempt 1 of 1
[2023-05-11T03:55:24.450+0000] {taskinstance.py:1290} INFO - 
--------------------------------------------------------------------------------
[2023-05-11T03:55:24.464+0000] {taskinstance.py:1309} INFO - Executing <Task(PythonOperator): scrape_teams_1-8> on 2023-05-11 02:00:00+00:00
[2023-05-11T03:55:24.470+0000] {standard_task_runner.py:55} INFO - Started process 28720 to run task
[2023-05-11T03:55:24.474+0000] {standard_task_runner.py:82} INFO - Running: ['***', 'tasks', 'run', 'scrape_and_save_to_csv', 'scrape_teams_1-8', 'scheduled__2023-05-11T02:00:00+00:00', '--job-id', '4231', '--raw', '--subdir', 'DAGS_FOLDER/scrape_and_push_dag.py', '--cfg-path', '/tmp/tmppwsfmssa']
[2023-05-11T03:55:24.477+0000] {standard_task_runner.py:83} INFO - Job 4231: Subtask scrape_teams_1-8
[2023-05-11T03:55:24.581+0000] {task_command.py:389} INFO - Running <TaskInstance: scrape_and_save_to_csv.scrape_teams_1-8 scheduled__2023-05-11T02:00:00+00:00 [running]> on host f41dbfa3d325
[2023-05-11T03:55:24.628+0000] {warnings.py:110} WARNING - /home/***/.local/lib/python3.7/site-packages/***/utils/context.py:205: AirflowContextDeprecationWarning: Accessing 'execution_date' from the template is deprecated and will be removed in a future version. Please use 'data_interval_start' or 'logical_date' instead.
  warnings.warn(_create_deprecation_warning(key, self._deprecation_replacements[key]))

[2023-05-11T03:55:24.671+0000] {taskinstance.py:1518} INFO - Exporting the following env vars:
AIRFLOW_CTX_DAG_OWNER=***
AIRFLOW_CTX_DAG_ID=scrape_and_save_to_csv
AIRFLOW_CTX_TASK_ID=scrape_teams_1-8
AIRFLOW_CTX_EXECUTION_DATE=2023-05-11T02:00:00+00:00
AIRFLOW_CTX_TRY_NUMBER=1
AIRFLOW_CTX_DAG_RUN_ID=scheduled__2023-05-11T02:00:00+00:00
[2023-05-11T03:55:24.690+0000] {sessions.py:161} WARNING - Retrying due to ConnectionError(MaxRetryError("HTTPSConnectionPool(host='www.reddit.com', port=443): Max retries exceeded with url: /api/v1/access_token (Caused by NewConnectionError('<urllib3.connection.HTTPSConnection object at 0xffff9478e050>: Failed to establish a new connection: [Errno -2] Name or service not known'))")) status: GET https://oauth.reddit.com/r/AtlantaHawks/comments/
[2023-05-11T03:55:25.908+0000] {sessions.py:161} WARNING - Retrying due to ConnectionError(MaxRetryError("HTTPSConnectionPool(host='www.reddit.com', port=443): Max retries exceeded with url: /api/v1/access_token (Caused by NewConnectionError('<urllib3.connection.HTTPSConnection object at 0xffff9478e150>: Failed to establish a new connection: [Errno -2] Name or service not known'))")) status: GET https://oauth.reddit.com/r/AtlantaHawks/comments/
[2023-05-11T03:55:28.660+0000] {helpers.py:100} ERROR - error with request HTTPSConnectionPool(host='www.reddit.com', port=443): Max retries exceeded with url: /api/v1/access_token (Caused by NewConnectionError('<urllib3.connection.HTTPSConnection object at 0xffff9478ea90>: Failed to establish a new connection: [Errno -2] Name or service not known'))
[2023-05-11T03:55:28.663+0000] {helpers.py:101} ERROR - Retrying! 9 attempts before skipping!
[2023-05-11T03:55:29.674+0000] {sessions.py:161} WARNING - Retrying due to ConnectionError(MaxRetryError("HTTPSConnectionPool(host='www.reddit.com', port=443): Max retries exceeded with url: /api/v1/access_token (Caused by NewConnectionError('<urllib3.connection.HTTPSConnection object at 0xffff94798290>: Failed to establish a new connection: [Errno -2] Name or service not known'))")) status: GET https://oauth.reddit.com/r/AtlantaHawks/comments/
[2023-05-11T03:55:30.327+0000] {sessions.py:161} WARNING - Retrying due to ConnectionError(MaxRetryError("HTTPSConnectionPool(host='www.reddit.com', port=443): Max retries exceeded with url: /api/v1/access_token (Caused by NewConnectionError('<urllib3.connection.HTTPSConnection object at 0xffff94798510>: Failed to establish a new connection: [Errno -2] Name or service not known'))")) status: GET https://oauth.reddit.com/r/AtlantaHawks/comments/
[2023-05-11T03:55:33.519+0000] {helpers.py:100} ERROR - error with request HTTPSConnectionPool(host='www.reddit.com', port=443): Max retries exceeded with url: /api/v1/access_token (Caused by NewConnectionError('<urllib3.connection.HTTPSConnection object at 0xffff94798ed0>: Failed to establish a new connection: [Errno -2] Name or service not known'))
[2023-05-11T03:55:33.545+0000] {helpers.py:101} ERROR - Retrying! 8 attempts before skipping!
[2023-05-11T03:55:34.555+0000] {sessions.py:161} WARNING - Retrying due to ConnectionError(MaxRetryError("HTTPSConnectionPool(host='www.reddit.com', port=443): Max retries exceeded with url: /api/v1/access_token (Caused by NewConnectionError('<urllib3.connection.HTTPSConnection object at 0xffff947a4050>: Failed to establish a new connection: [Errno -2] Name or service not known'))")) status: GET https://oauth.reddit.com/r/AtlantaHawks/comments/
[2023-05-11T03:55:36.456+0000] {sessions.py:161} WARNING - Retrying due to ConnectionError(MaxRetryError("HTTPSConnectionPool(host='www.reddit.com', port=443): Max retries exceeded with url: /api/v1/access_token (Caused by NewConnectionError('<urllib3.connection.HTTPSConnection object at 0xffff947a4750>: Failed to establish a new connection: [Errno -2] Name or service not known'))")) status: GET https://oauth.reddit.com/r/AtlantaHawks/comments/
[2023-05-11T03:55:40.318+0000] {helpers.py:100} ERROR - error with request HTTPSConnectionPool(host='www.reddit.com', port=443): Max retries exceeded with url: /api/v1/access_token (Caused by NewConnectionError('<urllib3.connection.HTTPSConnection object at 0xffff947ad110>: Failed to establish a new connection: [Errno -2] Name or service not known'))
[2023-05-11T03:55:40.319+0000] {helpers.py:101} ERROR - Retrying! 7 attempts before skipping!
[2023-05-11T03:55:41.335+0000] {sessions.py:161} WARNING - Retrying due to ConnectionError(MaxRetryError("HTTPSConnectionPool(host='www.reddit.com', port=443): Max retries exceeded with url: /api/v1/access_token (Caused by NewConnectionError('<urllib3.connection.HTTPSConnection object at 0xffff947ad350>: Failed to establish a new connection: [Errno -2] Name or service not known'))")) status: GET https://oauth.reddit.com/r/AtlantaHawks/comments/
[2023-05-11T03:55:42.098+0000] {sessions.py:161} WARNING - Retrying due to ConnectionError(MaxRetryError("HTTPSConnectionPool(host='www.reddit.com', port=443): Max retries exceeded with url: /api/v1/access_token (Caused by NewConnectionError('<urllib3.connection.HTTPSConnection object at 0xffff947a4a90>: Failed to establish a new connection: [Errno -2] Name or service not known'))")) status: GET https://oauth.reddit.com/r/AtlantaHawks/comments/
[2023-05-11T03:55:45.513+0000] {helpers.py:100} ERROR - error with request HTTPSConnectionPool(host='www.reddit.com', port=443): Max retries exceeded with url: /api/v1/access_token (Caused by NewConnectionError('<urllib3.connection.HTTPSConnection object at 0xffff947a4210>: Failed to establish a new connection: [Errno -2] Name or service not known'))
[2023-05-11T03:55:45.525+0000] {helpers.py:101} ERROR - Retrying! 6 attempts before skipping!
[2023-05-11T03:55:46.535+0000] {sessions.py:161} WARNING - Retrying due to ConnectionError(MaxRetryError("HTTPSConnectionPool(host='www.reddit.com', port=443): Max retries exceeded with url: /api/v1/access_token (Caused by NewConnectionError('<urllib3.connection.HTTPSConnection object at 0xffff94798590>: Failed to establish a new connection: [Errno -2] Name or service not known'))")) status: GET https://oauth.reddit.com/r/AtlantaHawks/comments/
[2023-05-11T03:55:47.616+0000] {sessions.py:161} WARNING - Retrying due to ConnectionError(MaxRetryError("HTTPSConnectionPool(host='www.reddit.com', port=443): Max retries exceeded with url: /api/v1/access_token (Caused by NewConnectionError('<urllib3.connection.HTTPSConnection object at 0xffff94798a50>: Failed to establish a new connection: [Errno -2] Name or service not known'))")) status: GET https://oauth.reddit.com/r/AtlantaHawks/comments/
[2023-05-11T03:55:51.092+0000] {helpers.py:100} ERROR - error with request ('Connection aborted.', OSError(0, 'Error'))
[2023-05-11T03:55:51.096+0000] {helpers.py:101} ERROR - Retrying! 5 attempts before skipping!
[2023-05-11T04:34:24.657+0000] {helpers.py:95} INFO - Atlanta Hawks: Successfully scraped!
[2023-05-11T04:34:31.250+0000] {helpers.py:95} INFO - Boston Celtics: Successfully scraped!
[2023-05-11T04:34:32.102+0000] {helpers.py:95} INFO - Brooklyn Nets: Successfully scraped!
[2023-05-11T04:34:32.934+0000] {helpers.py:95} INFO - Charlotte Hornets: Successfully scraped!
[2023-05-11T04:34:34.112+0000] {helpers.py:95} INFO - Chicago Bulls: Successfully scraped!
[2023-05-11T04:34:35.077+0000] {helpers.py:95} INFO - Cleveland Cavaliers: Successfully scraped!
[2023-05-11T04:34:36.067+0000] {helpers.py:95} INFO - Dallas Mavericks: Successfully scraped!
[2023-05-11T04:34:42.732+0000] {helpers.py:95} INFO - Denver Nuggets: Successfully scraped!
[2023-05-11T04:34:42.745+0000] {helpers.py:110} INFO - Saved in /opt/***/data/output_scrape_teams_1-8.csv
[2023-05-11T04:34:42.758+0000] {python.py:177} INFO - Done. Returned value was: None
[2023-05-11T04:34:42.778+0000] {taskinstance.py:1332} INFO - Marking task as SUCCESS. dag_id=scrape_and_save_to_csv, task_id=scrape_teams_1-8, execution_date=20230511T020000, start_date=20230511T035524, end_date=20230511T043442
[2023-05-11T04:34:42.854+0000] {local_task_job.py:212} INFO - Task exited with return code 0
[2023-05-11T04:34:42.893+0000] {taskinstance.py:2596} INFO - 0 downstream tasks scheduled from follow-on schedule check
