[2023-05-01T09:42:24.056+0000] {taskinstance.py:1090} INFO - Dependencies all met for dep_context=non-requeueable deps ti=<TaskInstance: scrape_and_save_to_csv.scrape_teams_9-16 scheduled__2023-05-01T08:30:00+00:00 [queued]>
[2023-05-01T09:42:24.072+0000] {taskinstance.py:1090} INFO - Dependencies all met for dep_context=requeueable deps ti=<TaskInstance: scrape_and_save_to_csv.scrape_teams_9-16 scheduled__2023-05-01T08:30:00+00:00 [queued]>
[2023-05-01T09:42:24.077+0000] {taskinstance.py:1288} INFO - 
--------------------------------------------------------------------------------
[2023-05-01T09:42:24.078+0000] {taskinstance.py:1289} INFO - Starting attempt 1 of 1
[2023-05-01T09:42:24.080+0000] {taskinstance.py:1290} INFO - 
--------------------------------------------------------------------------------
[2023-05-01T09:42:24.099+0000] {taskinstance.py:1309} INFO - Executing <Task(PythonOperator): scrape_teams_9-16> on 2023-05-01 08:30:00+00:00
[2023-05-01T09:42:24.116+0000] {standard_task_runner.py:55} INFO - Started process 5726 to run task
[2023-05-01T09:42:24.122+0000] {standard_task_runner.py:82} INFO - Running: ['***', 'tasks', 'run', 'scrape_and_save_to_csv', 'scrape_teams_9-16', 'scheduled__2023-05-01T08:30:00+00:00', '--job-id', '2030', '--raw', '--subdir', 'DAGS_FOLDER/scrape_and_save_csv_dag.py', '--cfg-path', '/tmp/tmpjd12oau1']
[2023-05-01T09:42:24.134+0000] {standard_task_runner.py:83} INFO - Job 2030: Subtask scrape_teams_9-16
[2023-05-01T09:42:24.292+0000] {task_command.py:389} INFO - Running <TaskInstance: scrape_and_save_to_csv.scrape_teams_9-16 scheduled__2023-05-01T08:30:00+00:00 [running]> on host 5d4cd8acb346
[2023-05-01T09:42:24.416+0000] {taskinstance.py:1518} INFO - Exporting the following env vars:
AIRFLOW_CTX_DAG_OWNER=***
AIRFLOW_CTX_DAG_ID=scrape_and_save_to_csv
AIRFLOW_CTX_TASK_ID=scrape_teams_9-16
AIRFLOW_CTX_EXECUTION_DATE=2023-05-01T08:30:00+00:00
AIRFLOW_CTX_TRY_NUMBER=1
AIRFLOW_CTX_DAG_RUN_ID=scheduled__2023-05-01T08:30:00+00:00
[2023-05-01T09:42:24.429+0000] {logging_mixin.py:137} INFO - HTTPSConnectionPool(host='api.pushshift.io', port=443): Max retries exceeded with url: /reddit/search/submission/?subreddit=DetroitPistons&sort=created_utc&sort_type=desc&size=500 (Caused by NewConnectionError('<urllib3.connection.HTTPSConnection object at 0xffffa00a7bd0>: Failed to establish a new connection: [Errno -2] Name or service not known'))
[2023-05-01T09:42:24.431+0000] {helpers.py:86} ERROR - HTTPSConnectionPool(host='api.pushshift.io', port=443): Max retries exceeded with url: /reddit/search/submission/?subreddit=DetroitPistons&sort=created_utc&sort_type=desc&size=500 (Caused by NewConnectionError('<urllib3.connection.HTTPSConnection object at 0xffffa00a7bd0>: Failed to establish a new connection: [Errno -2] Name or service not known'))
[2023-05-01T09:42:24.433+0000] {helpers.py:87} ERROR - Retrying! 9 attempts before skipping!
[2023-05-01T09:42:25.447+0000] {logging_mixin.py:137} INFO - HTTPSConnectionPool(host='api.pushshift.io', port=443): Max retries exceeded with url: /reddit/search/submission/?subreddit=DetroitPistons&sort=created_utc&sort_type=desc&size=500 (Caused by NewConnectionError('<urllib3.connection.HTTPSConnection object at 0xffffa004cc10>: Failed to establish a new connection: [Errno -2] Name or service not known'))
[2023-05-01T09:42:25.451+0000] {helpers.py:86} ERROR - HTTPSConnectionPool(host='api.pushshift.io', port=443): Max retries exceeded with url: /reddit/search/submission/?subreddit=DetroitPistons&sort=created_utc&sort_type=desc&size=500 (Caused by NewConnectionError('<urllib3.connection.HTTPSConnection object at 0xffffa004cc10>: Failed to establish a new connection: [Errno -2] Name or service not known'))
[2023-05-01T09:42:25.452+0000] {helpers.py:87} ERROR - Retrying! 8 attempts before skipping!
[2023-05-01T09:42:26.465+0000] {logging_mixin.py:137} INFO - HTTPSConnectionPool(host='api.pushshift.io', port=443): Max retries exceeded with url: /reddit/search/submission/?subreddit=DetroitPistons&sort=created_utc&sort_type=desc&size=500 (Caused by NewConnectionError('<urllib3.connection.HTTPSConnection object at 0xffffa004ca50>: Failed to establish a new connection: [Errno -2] Name or service not known'))
[2023-05-01T09:42:26.469+0000] {helpers.py:86} ERROR - HTTPSConnectionPool(host='api.pushshift.io', port=443): Max retries exceeded with url: /reddit/search/submission/?subreddit=DetroitPistons&sort=created_utc&sort_type=desc&size=500 (Caused by NewConnectionError('<urllib3.connection.HTTPSConnection object at 0xffffa004ca50>: Failed to establish a new connection: [Errno -2] Name or service not known'))
[2023-05-01T09:42:26.470+0000] {helpers.py:87} ERROR - Retrying! 7 attempts before skipping!
[2023-05-01T09:42:27.481+0000] {logging_mixin.py:137} INFO - HTTPSConnectionPool(host='api.pushshift.io', port=443): Max retries exceeded with url: /reddit/search/submission/?subreddit=DetroitPistons&sort=created_utc&sort_type=desc&size=500 (Caused by NewConnectionError('<urllib3.connection.HTTPSConnection object at 0xffffa004c810>: Failed to establish a new connection: [Errno -2] Name or service not known'))
[2023-05-01T09:42:27.484+0000] {helpers.py:86} ERROR - HTTPSConnectionPool(host='api.pushshift.io', port=443): Max retries exceeded with url: /reddit/search/submission/?subreddit=DetroitPistons&sort=created_utc&sort_type=desc&size=500 (Caused by NewConnectionError('<urllib3.connection.HTTPSConnection object at 0xffffa004c810>: Failed to establish a new connection: [Errno -2] Name or service not known'))
[2023-05-01T09:42:27.486+0000] {helpers.py:87} ERROR - Retrying! 6 attempts before skipping!
[2023-05-01T09:42:28.496+0000] {logging_mixin.py:137} INFO - HTTPSConnectionPool(host='api.pushshift.io', port=443): Max retries exceeded with url: /reddit/search/submission/?subreddit=DetroitPistons&sort=created_utc&sort_type=desc&size=500 (Caused by NewConnectionError('<urllib3.connection.HTTPSConnection object at 0xffffa004ccd0>: Failed to establish a new connection: [Errno -2] Name or service not known'))
[2023-05-01T09:42:28.498+0000] {helpers.py:86} ERROR - HTTPSConnectionPool(host='api.pushshift.io', port=443): Max retries exceeded with url: /reddit/search/submission/?subreddit=DetroitPistons&sort=created_utc&sort_type=desc&size=500 (Caused by NewConnectionError('<urllib3.connection.HTTPSConnection object at 0xffffa004ccd0>: Failed to establish a new connection: [Errno -2] Name or service not known'))
[2023-05-01T09:42:28.500+0000] {helpers.py:87} ERROR - Retrying! 5 attempts before skipping!
[2023-05-01T09:42:29.509+0000] {logging_mixin.py:137} INFO - HTTPSConnectionPool(host='api.pushshift.io', port=443): Max retries exceeded with url: /reddit/search/submission/?subreddit=DetroitPistons&sort=created_utc&sort_type=desc&size=500 (Caused by NewConnectionError('<urllib3.connection.HTTPSConnection object at 0xffffa004c750>: Failed to establish a new connection: [Errno -2] Name or service not known'))
[2023-05-01T09:42:29.511+0000] {helpers.py:86} ERROR - HTTPSConnectionPool(host='api.pushshift.io', port=443): Max retries exceeded with url: /reddit/search/submission/?subreddit=DetroitPistons&sort=created_utc&sort_type=desc&size=500 (Caused by NewConnectionError('<urllib3.connection.HTTPSConnection object at 0xffffa004c750>: Failed to establish a new connection: [Errno -2] Name or service not known'))
[2023-05-01T09:42:29.511+0000] {helpers.py:87} ERROR - Retrying! 4 attempts before skipping!
[2023-05-01T09:42:30.660+0000] {logging_mixin.py:137} INFO - HTTPSConnectionPool(host='api.pushshift.io', port=443): Max retries exceeded with url: /reddit/search/submission/?subreddit=DetroitPistons&sort=created_utc&sort_type=desc&size=500 (Caused by NewConnectionError('<urllib3.connection.HTTPSConnection object at 0xffffa004cfd0>: Failed to establish a new connection: [Errno -2] Name or service not known'))
[2023-05-01T09:42:30.724+0000] {helpers.py:86} ERROR - HTTPSConnectionPool(host='api.pushshift.io', port=443): Max retries exceeded with url: /reddit/search/submission/?subreddit=DetroitPistons&sort=created_utc&sort_type=desc&size=500 (Caused by NewConnectionError('<urllib3.connection.HTTPSConnection object at 0xffffa004cfd0>: Failed to establish a new connection: [Errno -2] Name or service not known'))
[2023-05-01T09:42:30.727+0000] {helpers.py:87} ERROR - Retrying! 3 attempts before skipping!
[2023-05-01T09:42:31.744+0000] {logging_mixin.py:137} INFO - HTTPSConnectionPool(host='api.pushshift.io', port=443): Max retries exceeded with url: /reddit/search/submission/?subreddit=DetroitPistons&sort=created_utc&sort_type=desc&size=500 (Caused by NewConnectionError('<urllib3.connection.HTTPSConnection object at 0xffffa004c790>: Failed to establish a new connection: [Errno -2] Name or service not known'))
[2023-05-01T09:42:31.746+0000] {helpers.py:86} ERROR - HTTPSConnectionPool(host='api.pushshift.io', port=443): Max retries exceeded with url: /reddit/search/submission/?subreddit=DetroitPistons&sort=created_utc&sort_type=desc&size=500 (Caused by NewConnectionError('<urllib3.connection.HTTPSConnection object at 0xffffa004c790>: Failed to establish a new connection: [Errno -2] Name or service not known'))
[2023-05-01T09:42:31.747+0000] {helpers.py:87} ERROR - Retrying! 2 attempts before skipping!
[2023-05-01T09:42:32.770+0000] {logging_mixin.py:137} INFO - HTTPSConnectionPool(host='api.pushshift.io', port=443): Max retries exceeded with url: /reddit/search/submission/?subreddit=DetroitPistons&sort=created_utc&sort_type=desc&size=500 (Caused by NewConnectionError('<urllib3.connection.HTTPSConnection object at 0xffffa004c7d0>: Failed to establish a new connection: [Errno -2] Name or service not known'))
[2023-05-01T09:42:32.772+0000] {helpers.py:86} ERROR - HTTPSConnectionPool(host='api.pushshift.io', port=443): Max retries exceeded with url: /reddit/search/submission/?subreddit=DetroitPistons&sort=created_utc&sort_type=desc&size=500 (Caused by NewConnectionError('<urllib3.connection.HTTPSConnection object at 0xffffa004c7d0>: Failed to establish a new connection: [Errno -2] Name or service not known'))
[2023-05-01T09:42:32.774+0000] {helpers.py:87} ERROR - Retrying! 1 attempts before skipping!
[2023-05-01T09:42:33.795+0000] {logging_mixin.py:137} INFO - HTTPSConnectionPool(host='api.pushshift.io', port=443): Max retries exceeded with url: /reddit/search/submission/?subreddit=DetroitPistons&sort=created_utc&sort_type=desc&size=500 (Caused by NewConnectionError('<urllib3.connection.HTTPSConnection object at 0xffffa004c8d0>: Failed to establish a new connection: [Errno -2] Name or service not known'))
[2023-05-01T09:42:33.801+0000] {helpers.py:86} ERROR - HTTPSConnectionPool(host='api.pushshift.io', port=443): Max retries exceeded with url: /reddit/search/submission/?subreddit=DetroitPistons&sort=created_utc&sort_type=desc&size=500 (Caused by NewConnectionError('<urllib3.connection.HTTPSConnection object at 0xffffa004c8d0>: Failed to establish a new connection: [Errno -2] Name or service not known'))
[2023-05-01T09:42:33.808+0000] {helpers.py:87} ERROR - Retrying! 0 attempts before skipping!
[2023-05-01T09:42:34.823+0000] {logging_mixin.py:137} INFO - HTTPSConnectionPool(host='api.pushshift.io', port=443): Max retries exceeded with url: /reddit/search/submission/?subreddit=DetroitPistons&sort=created_utc&sort_type=desc&size=500 (Caused by NewConnectionError('<urllib3.connection.HTTPSConnection object at 0xffffa004c950>: Failed to establish a new connection: [Errno -2] Name or service not known'))
[2023-05-01T09:42:34.825+0000] {helpers.py:86} ERROR - HTTPSConnectionPool(host='api.pushshift.io', port=443): Max retries exceeded with url: /reddit/search/submission/?subreddit=DetroitPistons&sort=created_utc&sort_type=desc&size=500 (Caused by NewConnectionError('<urllib3.connection.HTTPSConnection object at 0xffffa004c950>: Failed to establish a new connection: [Errno -2] Name or service not known'))
[2023-05-01T09:42:34.826+0000] {helpers.py:87} ERROR - Retrying! -1 attempts before skipping!
[2023-05-01T09:42:35.842+0000] {logging_mixin.py:137} INFO - HTTPSConnectionPool(host='api.pushshift.io', port=443): Max retries exceeded with url: /reddit/search/submission/?subreddit=warriors&sort=created_utc&sort_type=desc&size=500 (Caused by NewConnectionError('<urllib3.connection.HTTPSConnection object at 0xffffa004c9d0>: Failed to establish a new connection: [Errno -2] Name or service not known'))
[2023-05-01T09:42:35.847+0000] {helpers.py:86} ERROR - HTTPSConnectionPool(host='api.pushshift.io', port=443): Max retries exceeded with url: /reddit/search/submission/?subreddit=warriors&sort=created_utc&sort_type=desc&size=500 (Caused by NewConnectionError('<urllib3.connection.HTTPSConnection object at 0xffffa004c9d0>: Failed to establish a new connection: [Errno -2] Name or service not known'))
[2023-05-01T09:42:35.849+0000] {helpers.py:87} ERROR - Retrying! 9 attempts before skipping!
[2023-05-01T09:42:36.861+0000] {logging_mixin.py:137} INFO - HTTPSConnectionPool(host='api.pushshift.io', port=443): Max retries exceeded with url: /reddit/search/submission/?subreddit=warriors&sort=created_utc&sort_type=desc&size=500 (Caused by NewConnectionError('<urllib3.connection.HTTPSConnection object at 0xffffa004ca50>: Failed to establish a new connection: [Errno -2] Name or service not known'))
[2023-05-01T09:42:36.862+0000] {helpers.py:86} ERROR - HTTPSConnectionPool(host='api.pushshift.io', port=443): Max retries exceeded with url: /reddit/search/submission/?subreddit=warriors&sort=created_utc&sort_type=desc&size=500 (Caused by NewConnectionError('<urllib3.connection.HTTPSConnection object at 0xffffa004ca50>: Failed to establish a new connection: [Errno -2] Name or service not known'))
[2023-05-01T09:42:36.864+0000] {helpers.py:87} ERROR - Retrying! 8 attempts before skipping!
[2023-05-01T09:42:37.876+0000] {logging_mixin.py:137} INFO - HTTPSConnectionPool(host='api.pushshift.io', port=443): Max retries exceeded with url: /reddit/search/submission/?subreddit=warriors&sort=created_utc&sort_type=desc&size=500 (Caused by NewConnectionError('<urllib3.connection.HTTPSConnection object at 0xffffa004c810>: Failed to establish a new connection: [Errno -2] Name or service not known'))
[2023-05-01T09:42:37.879+0000] {helpers.py:86} ERROR - HTTPSConnectionPool(host='api.pushshift.io', port=443): Max retries exceeded with url: /reddit/search/submission/?subreddit=warriors&sort=created_utc&sort_type=desc&size=500 (Caused by NewConnectionError('<urllib3.connection.HTTPSConnection object at 0xffffa004c810>: Failed to establish a new connection: [Errno -2] Name or service not known'))
[2023-05-01T09:42:37.880+0000] {helpers.py:87} ERROR - Retrying! 7 attempts before skipping!
[2023-05-01T09:42:38.926+0000] {logging_mixin.py:137} INFO - HTTPSConnectionPool(host='api.pushshift.io', port=443): Max retries exceeded with url: /reddit/search/submission/?subreddit=warriors&sort=created_utc&sort_type=desc&size=500 (Caused by NewConnectionError('<urllib3.connection.HTTPSConnection object at 0xffffa004ce10>: Failed to establish a new connection: [Errno -2] Name or service not known'))
[2023-05-01T09:42:38.930+0000] {helpers.py:86} ERROR - HTTPSConnectionPool(host='api.pushshift.io', port=443): Max retries exceeded with url: /reddit/search/submission/?subreddit=warriors&sort=created_utc&sort_type=desc&size=500 (Caused by NewConnectionError('<urllib3.connection.HTTPSConnection object at 0xffffa004ce10>: Failed to establish a new connection: [Errno -2] Name or service not known'))
[2023-05-01T09:42:38.936+0000] {helpers.py:87} ERROR - Retrying! 6 attempts before skipping!
[2023-05-01T09:42:39.960+0000] {logging_mixin.py:137} INFO - HTTPSConnectionPool(host='api.pushshift.io', port=443): Max retries exceeded with url: /reddit/search/submission/?subreddit=warriors&sort=created_utc&sort_type=desc&size=500 (Caused by NewConnectionError('<urllib3.connection.HTTPSConnection object at 0xffffa004c990>: Failed to establish a new connection: [Errno -2] Name or service not known'))
[2023-05-01T09:42:39.964+0000] {helpers.py:86} ERROR - HTTPSConnectionPool(host='api.pushshift.io', port=443): Max retries exceeded with url: /reddit/search/submission/?subreddit=warriors&sort=created_utc&sort_type=desc&size=500 (Caused by NewConnectionError('<urllib3.connection.HTTPSConnection object at 0xffffa004c990>: Failed to establish a new connection: [Errno -2] Name or service not known'))
[2023-05-01T09:42:39.967+0000] {helpers.py:87} ERROR - Retrying! 5 attempts before skipping!
[2023-05-01T09:42:40.982+0000] {logging_mixin.py:137} INFO - HTTPSConnectionPool(host='api.pushshift.io', port=443): Max retries exceeded with url: /reddit/search/submission/?subreddit=warriors&sort=created_utc&sort_type=desc&size=500 (Caused by NewConnectionError('<urllib3.connection.HTTPSConnection object at 0xffffa004cf90>: Failed to establish a new connection: [Errno -2] Name or service not known'))
[2023-05-01T09:42:40.984+0000] {helpers.py:86} ERROR - HTTPSConnectionPool(host='api.pushshift.io', port=443): Max retries exceeded with url: /reddit/search/submission/?subreddit=warriors&sort=created_utc&sort_type=desc&size=500 (Caused by NewConnectionError('<urllib3.connection.HTTPSConnection object at 0xffffa004cf90>: Failed to establish a new connection: [Errno -2] Name or service not known'))
[2023-05-01T09:42:40.986+0000] {helpers.py:87} ERROR - Retrying! 4 attempts before skipping!
[2023-05-01T09:42:42.013+0000] {logging_mixin.py:137} INFO - HTTPSConnectionPool(host='api.pushshift.io', port=443): Max retries exceeded with url: /reddit/search/submission/?subreddit=warriors&sort=created_utc&sort_type=desc&size=500 (Caused by NewConnectionError('<urllib3.connection.HTTPSConnection object at 0xffffa004cfd0>: Failed to establish a new connection: [Errno -2] Name or service not known'))
[2023-05-01T09:42:42.019+0000] {helpers.py:86} ERROR - HTTPSConnectionPool(host='api.pushshift.io', port=443): Max retries exceeded with url: /reddit/search/submission/?subreddit=warriors&sort=created_utc&sort_type=desc&size=500 (Caused by NewConnectionError('<urllib3.connection.HTTPSConnection object at 0xffffa004cfd0>: Failed to establish a new connection: [Errno -2] Name or service not known'))
[2023-05-01T09:42:42.022+0000] {helpers.py:87} ERROR - Retrying! 3 attempts before skipping!
[2023-05-01T09:42:43.034+0000] {logging_mixin.py:137} INFO - HTTPSConnectionPool(host='api.pushshift.io', port=443): Max retries exceeded with url: /reddit/search/submission/?subreddit=warriors&sort=created_utc&sort_type=desc&size=500 (Caused by NewConnectionError('<urllib3.connection.HTTPSConnection object at 0xffffa004c7d0>: Failed to establish a new connection: [Errno -2] Name or service not known'))
[2023-05-01T09:42:43.036+0000] {helpers.py:86} ERROR - HTTPSConnectionPool(host='api.pushshift.io', port=443): Max retries exceeded with url: /reddit/search/submission/?subreddit=warriors&sort=created_utc&sort_type=desc&size=500 (Caused by NewConnectionError('<urllib3.connection.HTTPSConnection object at 0xffffa004c7d0>: Failed to establish a new connection: [Errno -2] Name or service not known'))
[2023-05-01T09:42:43.039+0000] {helpers.py:87} ERROR - Retrying! 2 attempts before skipping!
[2023-05-01T09:42:44.066+0000] {logging_mixin.py:137} INFO - HTTPSConnectionPool(host='api.pushshift.io', port=443): Max retries exceeded with url: /reddit/search/submission/?subreddit=warriors&sort=created_utc&sort_type=desc&size=500 (Caused by NewConnectionError('<urllib3.connection.HTTPSConnection object at 0xffffa004c8d0>: Failed to establish a new connection: [Errno -2] Name or service not known'))
[2023-05-01T09:42:44.072+0000] {helpers.py:86} ERROR - HTTPSConnectionPool(host='api.pushshift.io', port=443): Max retries exceeded with url: /reddit/search/submission/?subreddit=warriors&sort=created_utc&sort_type=desc&size=500 (Caused by NewConnectionError('<urllib3.connection.HTTPSConnection object at 0xffffa004c8d0>: Failed to establish a new connection: [Errno -2] Name or service not known'))
[2023-05-01T09:42:44.078+0000] {helpers.py:87} ERROR - Retrying! 1 attempts before skipping!
[2023-05-01T09:42:45.116+0000] {logging_mixin.py:137} INFO - HTTPSConnectionPool(host='api.pushshift.io', port=443): Max retries exceeded with url: /reddit/search/submission/?subreddit=warriors&sort=created_utc&sort_type=desc&size=500 (Caused by NewConnectionError('<urllib3.connection.HTTPSConnection object at 0xffffa004ccd0>: Failed to establish a new connection: [Errno -2] Name or service not known'))
[2023-05-01T09:42:45.127+0000] {helpers.py:86} ERROR - HTTPSConnectionPool(host='api.pushshift.io', port=443): Max retries exceeded with url: /reddit/search/submission/?subreddit=warriors&sort=created_utc&sort_type=desc&size=500 (Caused by NewConnectionError('<urllib3.connection.HTTPSConnection object at 0xffffa004ccd0>: Failed to establish a new connection: [Errno -2] Name or service not known'))
[2023-05-01T09:42:45.128+0000] {helpers.py:87} ERROR - Retrying! 0 attempts before skipping!
[2023-05-01T09:42:46.162+0000] {logging_mixin.py:137} INFO - HTTPSConnectionPool(host='api.pushshift.io', port=443): Max retries exceeded with url: /reddit/search/submission/?subreddit=warriors&sort=created_utc&sort_type=desc&size=500 (Caused by NewConnectionError('<urllib3.connection.HTTPSConnection object at 0xffffa004c9d0>: Failed to establish a new connection: [Errno -2] Name or service not known'))
[2023-05-01T09:42:46.165+0000] {helpers.py:86} ERROR - HTTPSConnectionPool(host='api.pushshift.io', port=443): Max retries exceeded with url: /reddit/search/submission/?subreddit=warriors&sort=created_utc&sort_type=desc&size=500 (Caused by NewConnectionError('<urllib3.connection.HTTPSConnection object at 0xffffa004c9d0>: Failed to establish a new connection: [Errno -2] Name or service not known'))
[2023-05-01T09:42:46.169+0000] {helpers.py:87} ERROR - Retrying! -1 attempts before skipping!
[2023-05-01T09:42:47.203+0000] {logging_mixin.py:137} INFO - HTTPSConnectionPool(host='api.pushshift.io', port=443): Max retries exceeded with url: /reddit/search/submission/?subreddit=rockets&sort=created_utc&sort_type=desc&size=500 (Caused by NewConnectionError('<urllib3.connection.HTTPSConnection object at 0xffffa004c750>: Failed to establish a new connection: [Errno -2] Name or service not known'))
[2023-05-01T09:42:47.210+0000] {helpers.py:86} ERROR - HTTPSConnectionPool(host='api.pushshift.io', port=443): Max retries exceeded with url: /reddit/search/submission/?subreddit=rockets&sort=created_utc&sort_type=desc&size=500 (Caused by NewConnectionError('<urllib3.connection.HTTPSConnection object at 0xffffa004c750>: Failed to establish a new connection: [Errno -2] Name or service not known'))
[2023-05-01T09:42:47.212+0000] {helpers.py:87} ERROR - Retrying! 9 attempts before skipping!
[2023-05-01T09:42:48.244+0000] {logging_mixin.py:137} INFO - HTTPSConnectionPool(host='api.pushshift.io', port=443): Max retries exceeded with url: /reddit/search/submission/?subreddit=rockets&sort=created_utc&sort_type=desc&size=500 (Caused by NewConnectionError('<urllib3.connection.HTTPSConnection object at 0xffffa004c810>: Failed to establish a new connection: [Errno -2] Name or service not known'))
[2023-05-01T09:42:48.253+0000] {helpers.py:86} ERROR - HTTPSConnectionPool(host='api.pushshift.io', port=443): Max retries exceeded with url: /reddit/search/submission/?subreddit=rockets&sort=created_utc&sort_type=desc&size=500 (Caused by NewConnectionError('<urllib3.connection.HTTPSConnection object at 0xffffa004c810>: Failed to establish a new connection: [Errno -2] Name or service not known'))
[2023-05-01T09:42:48.254+0000] {helpers.py:87} ERROR - Retrying! 8 attempts before skipping!
[2023-05-01T09:42:49.275+0000] {logging_mixin.py:137} INFO - HTTPSConnectionPool(host='api.pushshift.io', port=443): Max retries exceeded with url: /reddit/search/submission/?subreddit=rockets&sort=created_utc&sort_type=desc&size=500 (Caused by NewConnectionError('<urllib3.connection.HTTPSConnection object at 0xffffa004ce10>: Failed to establish a new connection: [Errno -2] Name or service not known'))
[2023-05-01T09:42:49.278+0000] {helpers.py:86} ERROR - HTTPSConnectionPool(host='api.pushshift.io', port=443): Max retries exceeded with url: /reddit/search/submission/?subreddit=rockets&sort=created_utc&sort_type=desc&size=500 (Caused by NewConnectionError('<urllib3.connection.HTTPSConnection object at 0xffffa004ce10>: Failed to establish a new connection: [Errno -2] Name or service not known'))
[2023-05-01T09:42:49.280+0000] {helpers.py:87} ERROR - Retrying! 7 attempts before skipping!
[2023-05-01T09:42:50.307+0000] {logging_mixin.py:137} INFO - HTTPSConnectionPool(host='api.pushshift.io', port=443): Max retries exceeded with url: /reddit/search/submission/?subreddit=rockets&sort=created_utc&sort_type=desc&size=500 (Caused by NewConnectionError('<urllib3.connection.HTTPSConnection object at 0xffffa004c610>: Failed to establish a new connection: [Errno -2] Name or service not known'))
[2023-05-01T09:42:50.310+0000] {helpers.py:86} ERROR - HTTPSConnectionPool(host='api.pushshift.io', port=443): Max retries exceeded with url: /reddit/search/submission/?subreddit=rockets&sort=created_utc&sort_type=desc&size=500 (Caused by NewConnectionError('<urllib3.connection.HTTPSConnection object at 0xffffa004c610>: Failed to establish a new connection: [Errno -2] Name or service not known'))
[2023-05-01T09:42:50.315+0000] {helpers.py:87} ERROR - Retrying! 6 attempts before skipping!
[2023-05-01T10:48:53.456+0000] {logging_mixin.py:137} INFO - HTTPSConnectionPool(host='api.pushshift.io', port=443): Max retries exceeded with url: /reddit/search/submission/?subreddit=rockets&sort=created_utc&sort_type=desc&size=500 (Caused by NewConnectionError('<urllib3.connection.HTTPSConnection object at 0xffffa004c790>: Failed to establish a new connection: [Errno -2] Name or service not known'))
[2023-05-01T10:48:53.461+0000] {helpers.py:86} ERROR - HTTPSConnectionPool(host='api.pushshift.io', port=443): Max retries exceeded with url: /reddit/search/submission/?subreddit=rockets&sort=created_utc&sort_type=desc&size=500 (Caused by NewConnectionError('<urllib3.connection.HTTPSConnection object at 0xffffa004c790>: Failed to establish a new connection: [Errno -2] Name or service not known'))
[2023-05-01T10:48:53.462+0000] {helpers.py:87} ERROR - Retrying! 5 attempts before skipping!
[2023-05-01T10:48:54.505+0000] {logging_mixin.py:137} INFO - HTTPSConnectionPool(host='api.pushshift.io', port=443): Max retries exceeded with url: /reddit/search/submission/?subreddit=rockets&sort=created_utc&sort_type=desc&size=500 (Caused by NewConnectionError('<urllib3.connection.HTTPSConnection object at 0xffffa004cd10>: Failed to establish a new connection: [Errno -2] Name or service not known'))
[2023-05-01T10:48:54.511+0000] {helpers.py:86} ERROR - HTTPSConnectionPool(host='api.pushshift.io', port=443): Max retries exceeded with url: /reddit/search/submission/?subreddit=rockets&sort=created_utc&sort_type=desc&size=500 (Caused by NewConnectionError('<urllib3.connection.HTTPSConnection object at 0xffffa004cd10>: Failed to establish a new connection: [Errno -2] Name or service not known'))
[2023-05-01T10:48:54.513+0000] {helpers.py:87} ERROR - Retrying! 4 attempts before skipping!
[2023-05-01T10:48:55.536+0000] {logging_mixin.py:137} INFO - HTTPSConnectionPool(host='api.pushshift.io', port=443): Max retries exceeded with url: /reddit/search/submission/?subreddit=rockets&sort=created_utc&sort_type=desc&size=500 (Caused by NewConnectionError('<urllib3.connection.HTTPSConnection object at 0xffffa004cfd0>: Failed to establish a new connection: [Errno -2] Name or service not known'))
[2023-05-01T10:48:55.548+0000] {helpers.py:86} ERROR - HTTPSConnectionPool(host='api.pushshift.io', port=443): Max retries exceeded with url: /reddit/search/submission/?subreddit=rockets&sort=created_utc&sort_type=desc&size=500 (Caused by NewConnectionError('<urllib3.connection.HTTPSConnection object at 0xffffa004cfd0>: Failed to establish a new connection: [Errno -2] Name or service not known'))
[2023-05-01T10:48:55.555+0000] {helpers.py:87} ERROR - Retrying! 3 attempts before skipping!
[2023-05-01T10:48:56.577+0000] {logging_mixin.py:137} INFO - HTTPSConnectionPool(host='api.pushshift.io', port=443): Max retries exceeded with url: /reddit/search/submission/?subreddit=rockets&sort=created_utc&sort_type=desc&size=500 (Caused by NewConnectionError('<urllib3.connection.HTTPSConnection object at 0xffffa004c8d0>: Failed to establish a new connection: [Errno -2] Name or service not known'))
[2023-05-01T10:48:56.586+0000] {helpers.py:86} ERROR - HTTPSConnectionPool(host='api.pushshift.io', port=443): Max retries exceeded with url: /reddit/search/submission/?subreddit=rockets&sort=created_utc&sort_type=desc&size=500 (Caused by NewConnectionError('<urllib3.connection.HTTPSConnection object at 0xffffa004c8d0>: Failed to establish a new connection: [Errno -2] Name or service not known'))
[2023-05-01T10:48:56.596+0000] {helpers.py:87} ERROR - Retrying! 2 attempts before skipping!
[2023-05-01T10:48:57.609+0000] {logging_mixin.py:137} INFO - HTTPSConnectionPool(host='api.pushshift.io', port=443): Max retries exceeded with url: /reddit/search/submission/?subreddit=rockets&sort=created_utc&sort_type=desc&size=500 (Caused by NewConnectionError('<urllib3.connection.HTTPSConnection object at 0xffffa004ccd0>: Failed to establish a new connection: [Errno -2] Name or service not known'))
[2023-05-01T10:48:57.613+0000] {helpers.py:86} ERROR - HTTPSConnectionPool(host='api.pushshift.io', port=443): Max retries exceeded with url: /reddit/search/submission/?subreddit=rockets&sort=created_utc&sort_type=desc&size=500 (Caused by NewConnectionError('<urllib3.connection.HTTPSConnection object at 0xffffa004ccd0>: Failed to establish a new connection: [Errno -2] Name or service not known'))
[2023-05-01T10:48:57.617+0000] {helpers.py:87} ERROR - Retrying! 1 attempts before skipping!
[2023-05-01T10:48:58.644+0000] {logging_mixin.py:137} INFO - HTTPSConnectionPool(host='api.pushshift.io', port=443): Max retries exceeded with url: /reddit/search/submission/?subreddit=rockets&sort=created_utc&sort_type=desc&size=500 (Caused by NewConnectionError('<urllib3.connection.HTTPSConnection object at 0xffffa004c990>: Failed to establish a new connection: [Errno -2] Name or service not known'))
[2023-05-01T10:48:58.645+0000] {helpers.py:86} ERROR - HTTPSConnectionPool(host='api.pushshift.io', port=443): Max retries exceeded with url: /reddit/search/submission/?subreddit=rockets&sort=created_utc&sort_type=desc&size=500 (Caused by NewConnectionError('<urllib3.connection.HTTPSConnection object at 0xffffa004c990>: Failed to establish a new connection: [Errno -2] Name or service not known'))
[2023-05-01T10:48:58.647+0000] {helpers.py:87} ERROR - Retrying! 0 attempts before skipping!
[2023-05-01T10:48:59.660+0000] {logging_mixin.py:137} INFO - HTTPSConnectionPool(host='api.pushshift.io', port=443): Max retries exceeded with url: /reddit/search/submission/?subreddit=rockets&sort=created_utc&sort_type=desc&size=500 (Caused by NewConnectionError('<urllib3.connection.HTTPSConnection object at 0xffffa004c750>: Failed to establish a new connection: [Errno -2] Name or service not known'))
[2023-05-01T10:48:59.663+0000] {helpers.py:86} ERROR - HTTPSConnectionPool(host='api.pushshift.io', port=443): Max retries exceeded with url: /reddit/search/submission/?subreddit=rockets&sort=created_utc&sort_type=desc&size=500 (Caused by NewConnectionError('<urllib3.connection.HTTPSConnection object at 0xffffa004c750>: Failed to establish a new connection: [Errno -2] Name or service not known'))
[2023-05-01T10:48:59.667+0000] {helpers.py:87} ERROR - Retrying! -1 attempts before skipping!
[2023-05-01T10:49:00.681+0000] {logging_mixin.py:137} INFO - HTTPSConnectionPool(host='api.pushshift.io', port=443): Max retries exceeded with url: /reddit/search/submission/?subreddit=pacers&sort=created_utc&sort_type=desc&size=500 (Caused by NewConnectionError('<urllib3.connection.HTTPSConnection object at 0xffffa004cf90>: Failed to establish a new connection: [Errno -2] Name or service not known'))
[2023-05-01T10:49:00.682+0000] {helpers.py:86} ERROR - HTTPSConnectionPool(host='api.pushshift.io', port=443): Max retries exceeded with url: /reddit/search/submission/?subreddit=pacers&sort=created_utc&sort_type=desc&size=500 (Caused by NewConnectionError('<urllib3.connection.HTTPSConnection object at 0xffffa004cf90>: Failed to establish a new connection: [Errno -2] Name or service not known'))
[2023-05-01T10:49:00.683+0000] {helpers.py:87} ERROR - Retrying! 9 attempts before skipping!
[2023-05-01T10:49:01.695+0000] {logging_mixin.py:137} INFO - HTTPSConnectionPool(host='api.pushshift.io', port=443): Max retries exceeded with url: /reddit/search/submission/?subreddit=pacers&sort=created_utc&sort_type=desc&size=500 (Caused by NewConnectionError('<urllib3.connection.HTTPSConnection object at 0xffffa004ce10>: Failed to establish a new connection: [Errno -2] Name or service not known'))
[2023-05-01T10:49:01.697+0000] {helpers.py:86} ERROR - HTTPSConnectionPool(host='api.pushshift.io', port=443): Max retries exceeded with url: /reddit/search/submission/?subreddit=pacers&sort=created_utc&sort_type=desc&size=500 (Caused by NewConnectionError('<urllib3.connection.HTTPSConnection object at 0xffffa004ce10>: Failed to establish a new connection: [Errno -2] Name or service not known'))
[2023-05-01T10:49:01.699+0000] {helpers.py:87} ERROR - Retrying! 8 attempts before skipping!
[2023-05-01T10:49:02.710+0000] {logging_mixin.py:137} INFO - HTTPSConnectionPool(host='api.pushshift.io', port=443): Max retries exceeded with url: /reddit/search/submission/?subreddit=pacers&sort=created_utc&sort_type=desc&size=500 (Caused by NewConnectionError('<urllib3.connection.HTTPSConnection object at 0xffffa004c610>: Failed to establish a new connection: [Errno -2] Name or service not known'))
[2023-05-01T10:49:02.711+0000] {helpers.py:86} ERROR - HTTPSConnectionPool(host='api.pushshift.io', port=443): Max retries exceeded with url: /reddit/search/submission/?subreddit=pacers&sort=created_utc&sort_type=desc&size=500 (Caused by NewConnectionError('<urllib3.connection.HTTPSConnection object at 0xffffa004c610>: Failed to establish a new connection: [Errno -2] Name or service not known'))
[2023-05-01T10:49:02.712+0000] {helpers.py:87} ERROR - Retrying! 7 attempts before skipping!
[2023-05-01T10:49:03.729+0000] {logging_mixin.py:137} INFO - HTTPSConnectionPool(host='api.pushshift.io', port=443): Max retries exceeded with url: /reddit/search/submission/?subreddit=pacers&sort=created_utc&sort_type=desc&size=500 (Caused by NewConnectionError('<urllib3.connection.HTTPSConnection object at 0xffffa004cb10>: Failed to establish a new connection: [Errno -2] Name or service not known'))
[2023-05-01T10:49:03.732+0000] {helpers.py:86} ERROR - HTTPSConnectionPool(host='api.pushshift.io', port=443): Max retries exceeded with url: /reddit/search/submission/?subreddit=pacers&sort=created_utc&sort_type=desc&size=500 (Caused by NewConnectionError('<urllib3.connection.HTTPSConnection object at 0xffffa004cb10>: Failed to establish a new connection: [Errno -2] Name or service not known'))
[2023-05-01T10:49:03.735+0000] {helpers.py:87} ERROR - Retrying! 6 attempts before skipping!
[2023-05-01T10:49:04.767+0000] {logging_mixin.py:137} INFO - HTTPSConnectionPool(host='api.pushshift.io', port=443): Max retries exceeded with url: /reddit/search/submission/?subreddit=pacers&sort=created_utc&sort_type=desc&size=500 (Caused by NewConnectionError('<urllib3.connection.HTTPSConnection object at 0xffffa004c7d0>: Failed to establish a new connection: [Errno -2] Name or service not known'))
[2023-05-01T10:49:04.771+0000] {helpers.py:86} ERROR - HTTPSConnectionPool(host='api.pushshift.io', port=443): Max retries exceeded with url: /reddit/search/submission/?subreddit=pacers&sort=created_utc&sort_type=desc&size=500 (Caused by NewConnectionError('<urllib3.connection.HTTPSConnection object at 0xffffa004c7d0>: Failed to establish a new connection: [Errno -2] Name or service not known'))
[2023-05-01T10:49:04.773+0000] {helpers.py:87} ERROR - Retrying! 5 attempts before skipping!
[2023-05-01T10:49:05.786+0000] {logging_mixin.py:137} INFO - HTTPSConnectionPool(host='api.pushshift.io', port=443): Max retries exceeded with url: /reddit/search/submission/?subreddit=pacers&sort=created_utc&sort_type=desc&size=500 (Caused by NewConnectionError('<urllib3.connection.HTTPSConnection object at 0xffffa004cfd0>: Failed to establish a new connection: [Errno -2] Name or service not known'))
[2023-05-01T10:49:05.789+0000] {helpers.py:86} ERROR - HTTPSConnectionPool(host='api.pushshift.io', port=443): Max retries exceeded with url: /reddit/search/submission/?subreddit=pacers&sort=created_utc&sort_type=desc&size=500 (Caused by NewConnectionError('<urllib3.connection.HTTPSConnection object at 0xffffa004cfd0>: Failed to establish a new connection: [Errno -2] Name or service not known'))
[2023-05-01T10:49:05.797+0000] {helpers.py:87} ERROR - Retrying! 4 attempts before skipping!
[2023-05-01T10:49:06.740+0000] {local_task_job.py:277} WARNING - State of this instance has been externally set to failed. Terminating instance.
[2023-05-01T10:49:06.752+0000] {process_utils.py:133} INFO - Sending Signals.SIGTERM to group 5726. PIDs of all processes in the group: [5726]
[2023-05-01T10:49:06.753+0000] {process_utils.py:84} INFO - Sending the signal Signals.SIGTERM to group 5726
[2023-05-01T10:49:06.755+0000] {taskinstance.py:1488} ERROR - Received SIGTERM. Terminating subprocesses.
[2023-05-01T10:49:06.849+0000] {process_utils.py:79} INFO - Process psutil.Process(pid=5726, status='terminated', exitcode=0, started='09:42:23') (5726) terminated with exit code 0
