[2023-05-09T22:44:05.475+0000] {taskinstance.py:1090} INFO - Dependencies all met for dep_context=non-requeueable deps ti=<TaskInstance: scrape_and_save_to_csv.scrape_teams_25-30 scheduled__2022-05-03T02:00:00+00:00 [queued]>
[2023-05-09T22:44:05.499+0000] {taskinstance.py:1090} INFO - Dependencies all met for dep_context=requeueable deps ti=<TaskInstance: scrape_and_save_to_csv.scrape_teams_25-30 scheduled__2022-05-03T02:00:00+00:00 [queued]>
[2023-05-09T22:44:05.508+0000] {taskinstance.py:1288} INFO - 
--------------------------------------------------------------------------------
[2023-05-09T22:44:05.510+0000] {taskinstance.py:1289} INFO - Starting attempt 1 of 1
[2023-05-09T22:44:05.511+0000] {taskinstance.py:1290} INFO - 
--------------------------------------------------------------------------------
[2023-05-09T22:44:05.546+0000] {taskinstance.py:1309} INFO - Executing <Task(PythonOperator): scrape_teams_25-30> on 2022-05-03 02:00:00+00:00
[2023-05-09T22:44:05.579+0000] {standard_task_runner.py:55} INFO - Started process 14584 to run task
[2023-05-09T22:44:05.585+0000] {standard_task_runner.py:82} INFO - Running: ['***', 'tasks', 'run', 'scrape_and_save_to_csv', 'scrape_teams_25-30', 'scheduled__2022-05-03T02:00:00+00:00', '--job-id', '3587', '--raw', '--subdir', 'DAGS_FOLDER/scrape_and_push_dag.py', '--cfg-path', '/tmp/tmpfw_o8c9w']
[2023-05-09T22:44:05.597+0000] {standard_task_runner.py:83} INFO - Job 3587: Subtask scrape_teams_25-30
[2023-05-09T22:44:05.837+0000] {task_command.py:389} INFO - Running <TaskInstance: scrape_and_save_to_csv.scrape_teams_25-30 scheduled__2022-05-03T02:00:00+00:00 [running]> on host f41dbfa3d325
[2023-05-09T22:44:05.920+0000] {warnings.py:110} WARNING - /home/***/.local/lib/python3.7/site-packages/***/utils/context.py:205: AirflowContextDeprecationWarning: Accessing 'execution_date' from the template is deprecated and will be removed in a future version. Please use 'data_interval_start' or 'logical_date' instead.
  warnings.warn(_create_deprecation_warning(key, self._deprecation_replacements[key]))

[2023-05-09T22:44:06.000+0000] {taskinstance.py:1518} INFO - Exporting the following env vars:
AIRFLOW_CTX_DAG_OWNER=***
AIRFLOW_CTX_DAG_ID=scrape_and_save_to_csv
AIRFLOW_CTX_TASK_ID=scrape_teams_25-30
AIRFLOW_CTX_EXECUTION_DATE=2022-05-03T02:00:00+00:00
AIRFLOW_CTX_TRY_NUMBER=1
AIRFLOW_CTX_DAG_RUN_ID=scheduled__2022-05-03T02:00:00+00:00
[2023-05-09T22:44:10.083+0000] {helpers.py:94} INFO - Portland Trail Blazers: Successfully scraped!
[2023-05-09T22:44:23.179+0000] {helpers.py:94} INFO - Sacramento Kings: Successfully scraped!
[2023-05-09T22:44:39.157+0000] {helpers.py:94} INFO - San Antonio Spurs: Successfully scraped!
[2023-05-09T22:44:55.354+0000] {helpers.py:94} INFO - Toronto Raptors: Successfully scraped!
[2023-05-09T22:45:11.849+0000] {helpers.py:94} INFO - Utah Jazz: Successfully scraped!
[2023-05-09T22:45:27.804+0000] {helpers.py:94} INFO - Washington Wizards: Successfully scraped!
[2023-05-09T22:45:27.826+0000] {helpers.py:109} INFO - Saved in /opt/***/data/output_scrape_teams_25-30.csv
[2023-05-09T22:45:27.830+0000] {python.py:177} INFO - Done. Returned value was: None
[2023-05-09T22:45:27.860+0000] {taskinstance.py:1332} INFO - Marking task as SUCCESS. dag_id=scrape_and_save_to_csv, task_id=scrape_teams_25-30, execution_date=20220503T020000, start_date=20230509T224405, end_date=20230509T224527
[2023-05-09T22:45:27.993+0000] {local_task_job.py:212} INFO - Task exited with return code 0
[2023-05-09T22:45:28.029+0000] {taskinstance.py:2596} INFO - 0 downstream tasks scheduled from follow-on schedule check
