[2023-05-19T01:01:51.003+0000] {taskinstance.py:1090} INFO - Dependencies all met for dep_context=non-requeueable deps ti=<TaskInstance: scrape_and_save_to_csv.join_csv scheduled__2023-05-19T00:00:00+00:00 [queued]>
[2023-05-19T01:01:51.012+0000] {taskinstance.py:1090} INFO - Dependencies all met for dep_context=requeueable deps ti=<TaskInstance: scrape_and_save_to_csv.join_csv scheduled__2023-05-19T00:00:00+00:00 [queued]>
[2023-05-19T01:01:51.014+0000] {taskinstance.py:1288} INFO - 
--------------------------------------------------------------------------------
[2023-05-19T01:01:51.015+0000] {taskinstance.py:1289} INFO - Starting attempt 1 of 1
[2023-05-19T01:01:51.016+0000] {taskinstance.py:1290} INFO - 
--------------------------------------------------------------------------------
[2023-05-19T01:01:51.025+0000] {taskinstance.py:1309} INFO - Executing <Task(PythonOperator): join_csv> on 2023-05-19 00:00:00+00:00
[2023-05-19T01:01:51.031+0000] {standard_task_runner.py:55} INFO - Started process 504 to run task
[2023-05-19T01:01:51.035+0000] {standard_task_runner.py:82} INFO - Running: ['***', 'tasks', 'run', 'scrape_and_save_to_csv', 'join_csv', 'scheduled__2023-05-19T00:00:00+00:00', '--job-id', '4400', '--raw', '--subdir', 'DAGS_FOLDER/scrape_and_push_dag.py', '--cfg-path', '/tmp/tmpf0_pf5qm']
[2023-05-19T01:01:51.039+0000] {standard_task_runner.py:83} INFO - Job 4400: Subtask join_csv
[2023-05-19T01:01:51.115+0000] {task_command.py:389} INFO - Running <TaskInstance: scrape_and_save_to_csv.join_csv scheduled__2023-05-19T00:00:00+00:00 [running]> on host cbefa40f06e8
[2023-05-19T01:01:51.172+0000] {taskinstance.py:1518} INFO - Exporting the following env vars:
AIRFLOW_CTX_DAG_OWNER=***
AIRFLOW_CTX_DAG_ID=scrape_and_save_to_csv
AIRFLOW_CTX_TASK_ID=join_csv
AIRFLOW_CTX_EXECUTION_DATE=2023-05-19T00:00:00+00:00
AIRFLOW_CTX_TRY_NUMBER=1
AIRFLOW_CTX_DAG_RUN_ID=scheduled__2023-05-19T00:00:00+00:00
[2023-05-19T01:01:51.193+0000] {python.py:177} INFO - Done. Returned value was: None
[2023-05-19T01:01:51.203+0000] {taskinstance.py:1332} INFO - Marking task as SUCCESS. dag_id=scrape_and_save_to_csv, task_id=join_csv, execution_date=20230519T000000, start_date=20230519T010151, end_date=20230519T010151
[2023-05-19T01:01:51.249+0000] {local_task_job.py:212} INFO - Task exited with return code 0
[2023-05-19T01:01:51.270+0000] {taskinstance.py:2596} INFO - 1 downstream tasks scheduled from follow-on schedule check
