[2023-04-30T16:32:00.092+0000] {taskinstance.py:1090} INFO - Dependencies all met for dep_context=non-requeueable deps ti=<TaskInstance: scrape_and_save_to_csv.scrape_teams_9-16 scheduled__2023-04-30T15:30:00+00:00 [queued]>
[2023-04-30T16:32:00.124+0000] {taskinstance.py:1090} INFO - Dependencies all met for dep_context=requeueable deps ti=<TaskInstance: scrape_and_save_to_csv.scrape_teams_9-16 scheduled__2023-04-30T15:30:00+00:00 [queued]>
[2023-04-30T16:32:00.130+0000] {taskinstance.py:1288} INFO - 
--------------------------------------------------------------------------------
[2023-04-30T16:32:00.136+0000] {taskinstance.py:1289} INFO - Starting attempt 1 of 1
[2023-04-30T16:32:00.140+0000] {taskinstance.py:1290} INFO - 
--------------------------------------------------------------------------------
[2023-04-30T16:32:00.167+0000] {taskinstance.py:1309} INFO - Executing <Task(PythonOperator): scrape_teams_9-16> on 2023-04-30 15:30:00+00:00
[2023-04-30T16:32:00.178+0000] {standard_task_runner.py:55} INFO - Started process 939 to run task
[2023-04-30T16:32:00.199+0000] {standard_task_runner.py:82} INFO - Running: ['***', 'tasks', 'run', 'scrape_and_save_to_csv', 'scrape_teams_9-16', 'scheduled__2023-04-30T15:30:00+00:00', '--job-id', '1911', '--raw', '--subdir', 'DAGS_FOLDER/scrape_and_save_csv_dag.py', '--cfg-path', '/tmp/tmp6gx6n8t3']
[2023-04-30T16:32:00.204+0000] {standard_task_runner.py:83} INFO - Job 1911: Subtask scrape_teams_9-16
[2023-04-30T16:32:00.351+0000] {task_command.py:389} INFO - Running <TaskInstance: scrape_and_save_to_csv.scrape_teams_9-16 scheduled__2023-04-30T15:30:00+00:00 [running]> on host b5cee175690f
[2023-04-30T16:32:00.492+0000] {taskinstance.py:1518} INFO - Exporting the following env vars:
AIRFLOW_CTX_DAG_OWNER=***
AIRFLOW_CTX_DAG_ID=scrape_and_save_to_csv
AIRFLOW_CTX_TASK_ID=scrape_teams_9-16
AIRFLOW_CTX_EXECUTION_DATE=2023-04-30T15:30:00+00:00
AIRFLOW_CTX_TRY_NUMBER=1
AIRFLOW_CTX_DAG_RUN_ID=scheduled__2023-04-30T15:30:00+00:00
[2023-04-30T16:44:41.352+0000] {local_task_job.py:277} WARNING - State of this instance has been externally set to failed. Terminating instance.
[2023-04-30T16:44:41.357+0000] {process_utils.py:133} INFO - Sending Signals.SIGTERM to group 939. PIDs of all processes in the group: [939]
[2023-04-30T16:44:41.359+0000] {process_utils.py:84} INFO - Sending the signal Signals.SIGTERM to group 939
[2023-04-30T16:44:41.362+0000] {taskinstance.py:1488} ERROR - Received SIGTERM. Terminating subprocesses.
[2023-04-30T16:44:41.367+0000] {helpers.py:73} ERROR - Task received SIGTERM signal
[2023-04-30T16:44:41.368+0000] {helpers.py:74} ERROR - Retrying! 9 attempts before skipping!
[2023-04-30T16:44:43.141+0000] {warnings.py:110} WARNING - /home/***/.local/lib/python3.7/site-packages/***/utils/context.py:313: AirflowContextDeprecationWarning: Accessing 'execution_date' from the template is deprecated and will be removed in a future version. Please use 'data_interval_start' or 'logical_date' instead.
  warnings.warn(_create_deprecation_warning(k, replacements))

[2023-04-30T16:44:43.147+0000] {helpers.py:69} INFO - Pistons: Successfully scraped!
[2023-04-30T16:44:44.360+0000] {helpers.py:69} INFO - Warriors: Successfully scraped!
[2023-04-30T16:44:46.816+0000] {helpers.py:69} INFO - Rockets: Successfully scraped!
[2023-04-30T16:44:47.805+0000] {helpers.py:69} INFO - Pacers: Successfully scraped!
[2023-04-30T16:44:48.629+0000] {helpers.py:69} INFO - Clippers: Successfully scraped!
[2023-04-30T16:44:51.148+0000] {helpers.py:69} INFO - Lakers: Successfully scraped!
[2023-04-30T16:44:52.306+0000] {helpers.py:69} INFO - Grizzlies: Successfully scraped!
[2023-04-30T16:44:54.460+0000] {helpers.py:69} INFO - Heat: Successfully scraped!
[2023-04-30T16:44:54.465+0000] {helpers.py:83} INFO - Saved in /opt/***/data/output_scrape_teams_9-16.csv
[2023-04-30T16:44:54.467+0000] {python.py:177} INFO - Done. Returned value was: None
[2023-04-30T16:44:54.482+0000] {taskinstance.py:1332} INFO - Marking task as SUCCESS. dag_id=scrape_and_save_to_csv, task_id=scrape_teams_9-16, execution_date=20230430T153000, start_date=20230430T163200, end_date=20230430T164454
[2023-04-30T16:44:54.530+0000] {process_utils.py:79} INFO - Process psutil.Process(pid=939, status='terminated', exitcode=0, started='16:31:59') (939) terminated with exit code 0
