[2023-05-10T13:28:57.623+0000] {taskinstance.py:1090} INFO - Dependencies all met for dep_context=non-requeueable deps ti=<TaskInstance: scrape_and_save_to_csv.scrape_teams_25-30 scheduled__2023-05-10T12:00:00+00:00 [queued]>
[2023-05-10T13:28:57.636+0000] {taskinstance.py:1090} INFO - Dependencies all met for dep_context=requeueable deps ti=<TaskInstance: scrape_and_save_to_csv.scrape_teams_25-30 scheduled__2023-05-10T12:00:00+00:00 [queued]>
[2023-05-10T13:28:57.637+0000] {taskinstance.py:1288} INFO - 
--------------------------------------------------------------------------------
[2023-05-10T13:28:57.639+0000] {taskinstance.py:1289} INFO - Starting attempt 1 of 1
[2023-05-10T13:28:57.646+0000] {taskinstance.py:1290} INFO - 
--------------------------------------------------------------------------------
[2023-05-10T13:28:57.663+0000] {taskinstance.py:1309} INFO - Executing <Task(PythonOperator): scrape_teams_25-30> on 2023-05-10 12:00:00+00:00
[2023-05-10T13:28:57.671+0000] {standard_task_runner.py:55} INFO - Started process 21174 to run task
[2023-05-10T13:28:57.677+0000] {standard_task_runner.py:82} INFO - Running: ['***', 'tasks', 'run', 'scrape_and_save_to_csv', 'scrape_teams_25-30', 'scheduled__2023-05-10T12:00:00+00:00', '--job-id', '4166', '--raw', '--subdir', 'DAGS_FOLDER/scrape_and_push_dag.py', '--cfg-path', '/tmp/tmp5d76_3qx']
[2023-05-10T13:28:57.680+0000] {standard_task_runner.py:83} INFO - Job 4166: Subtask scrape_teams_25-30
[2023-05-10T13:28:57.815+0000] {task_command.py:389} INFO - Running <TaskInstance: scrape_and_save_to_csv.scrape_teams_25-30 scheduled__2023-05-10T12:00:00+00:00 [running]> on host f41dbfa3d325
[2023-05-10T13:28:57.863+0000] {warnings.py:110} WARNING - /home/***/.local/lib/python3.7/site-packages/***/utils/context.py:205: AirflowContextDeprecationWarning: Accessing 'execution_date' from the template is deprecated and will be removed in a future version. Please use 'data_interval_start' or 'logical_date' instead.
  warnings.warn(_create_deprecation_warning(key, self._deprecation_replacements[key]))

[2023-05-10T13:28:57.907+0000] {taskinstance.py:1518} INFO - Exporting the following env vars:
AIRFLOW_CTX_DAG_OWNER=***
AIRFLOW_CTX_DAG_ID=scrape_and_save_to_csv
AIRFLOW_CTX_TASK_ID=scrape_teams_25-30
AIRFLOW_CTX_EXECUTION_DATE=2023-05-10T12:00:00+00:00
AIRFLOW_CTX_TRY_NUMBER=1
AIRFLOW_CTX_DAG_RUN_ID=scheduled__2023-05-10T12:00:00+00:00
[2023-05-10T14:51:21.759+0000] {sessions.py:161} WARNING - Retrying due to ReadTimeout(ReadTimeoutError("HTTPSConnectionPool(host='www.reddit.com', port=443): Read timed out. (read timeout=16.0)")) status: GET https://oauth.reddit.com/r/ripcity/comments/
[2023-05-10T14:51:24.911+0000] {helpers.py:95} INFO - Portland Trail Blazers: Successfully scraped!
[2023-05-10T14:51:25.750+0000] {helpers.py:95} INFO - Sacramento Kings: Successfully scraped!
[2023-05-10T14:51:26.752+0000] {helpers.py:95} INFO - San Antonio Spurs: Successfully scraped!
[2023-05-10T14:51:43.822+0000] {sessions.py:161} WARNING - Retrying due to ReadTimeout(ReadTimeoutError("HTTPSConnectionPool(host='oauth.reddit.com', port=443): Read timed out. (read timeout=16.0)")) status: GET https://oauth.reddit.com/r/torontoraptors/comments/
[2023-05-10T14:51:45.720+0000] {helpers.py:95} INFO - Toronto Raptors: Successfully scraped!
[2023-05-10T16:29:12.116+0000] {helpers.py:95} INFO - Utah Jazz: Successfully scraped!
[2023-05-10T16:29:13.359+0000] {helpers.py:95} INFO - Washington Wizards: Successfully scraped!
[2023-05-10T16:29:13.375+0000] {helpers.py:110} INFO - Saved in /opt/***/data/output_scrape_teams_25-30.csv
[2023-05-10T16:29:13.376+0000] {python.py:177} INFO - Done. Returned value was: None
[2023-05-10T16:29:13.396+0000] {taskinstance.py:1332} INFO - Marking task as SUCCESS. dag_id=scrape_and_save_to_csv, task_id=scrape_teams_25-30, execution_date=20230510T120000, start_date=20230510T132857, end_date=20230510T162913
[2023-05-10T16:29:13.445+0000] {local_task_job.py:212} INFO - Task exited with return code 0
[2023-05-10T16:29:13.476+0000] {taskinstance.py:2596} INFO - 0 downstream tasks scheduled from follow-on schedule check
