[2023-05-01T03:30:02.258+0000] {taskinstance.py:1090} INFO - Dependencies all met for dep_context=non-requeueable deps ti=<TaskInstance: scrape_and_save_to_csv.scrape_teams_17-24 scheduled__2023-05-01T02:30:00+00:00 [queued]>
[2023-05-01T03:30:02.299+0000] {taskinstance.py:1090} INFO - Dependencies all met for dep_context=requeueable deps ti=<TaskInstance: scrape_and_save_to_csv.scrape_teams_17-24 scheduled__2023-05-01T02:30:00+00:00 [queued]>
[2023-05-01T03:30:02.303+0000] {taskinstance.py:1288} INFO - 
--------------------------------------------------------------------------------
[2023-05-01T03:30:02.311+0000] {taskinstance.py:1289} INFO - Starting attempt 1 of 1
[2023-05-01T03:30:02.312+0000] {taskinstance.py:1290} INFO - 
--------------------------------------------------------------------------------
[2023-05-01T03:30:02.370+0000] {taskinstance.py:1309} INFO - Executing <Task(PythonOperator): scrape_teams_17-24> on 2023-05-01 02:30:00+00:00
[2023-05-01T03:30:02.380+0000] {standard_task_runner.py:55} INFO - Started process 2273 to run task
[2023-05-01T03:30:02.402+0000] {standard_task_runner.py:82} INFO - Running: ['***', 'tasks', 'run', 'scrape_and_save_to_csv', 'scrape_teams_17-24', 'scheduled__2023-05-01T02:30:00+00:00', '--job-id', '1994', '--raw', '--subdir', 'DAGS_FOLDER/scrape_and_save_csv_dag.py', '--cfg-path', '/tmp/tmp4mwkavif']
[2023-05-01T03:30:02.407+0000] {standard_task_runner.py:83} INFO - Job 1994: Subtask scrape_teams_17-24
[2023-05-01T03:30:02.634+0000] {task_command.py:389} INFO - Running <TaskInstance: scrape_and_save_to_csv.scrape_teams_17-24 scheduled__2023-05-01T02:30:00+00:00 [running]> on host 5d4cd8acb346
[2023-05-01T03:30:02.814+0000] {taskinstance.py:1518} INFO - Exporting the following env vars:
AIRFLOW_CTX_DAG_OWNER=***
AIRFLOW_CTX_DAG_ID=scrape_and_save_to_csv
AIRFLOW_CTX_TASK_ID=scrape_teams_17-24
AIRFLOW_CTX_EXECUTION_DATE=2023-05-01T02:30:00+00:00
AIRFLOW_CTX_TRY_NUMBER=1
AIRFLOW_CTX_DAG_RUN_ID=scheduled__2023-05-01T02:30:00+00:00
[2023-05-01T03:30:05.354+0000] {warnings.py:110} WARNING - /home/***/.local/lib/python3.7/site-packages/***/utils/context.py:313: AirflowContextDeprecationWarning: Accessing 'execution_date' from the template is deprecated and will be removed in a future version. Please use 'data_interval_start' or 'logical_date' instead.
  warnings.warn(_create_deprecation_warning(k, replacements))

[2023-05-01T03:30:05.972+0000] {helpers.py:80} INFO - Milwaukee Bucks: Successfully scraped!
[2023-05-01T03:30:10.104+0000] {helpers.py:80} INFO - Minnesota Timberwolves: Successfully scraped!
[2023-05-01T03:30:13.700+0000] {helpers.py:80} INFO - New Orleans Pelicans: Successfully scraped!
[2023-05-01T03:30:18.133+0000] {helpers.py:80} INFO - New York Knicks: Successfully scraped!
[2023-05-01T03:30:22.250+0000] {helpers.py:80} INFO - Oklahoma City Thunder: Successfully scraped!
[2023-05-01T03:30:27.443+0000] {helpers.py:80} INFO - Orlando Magic: Successfully scraped!
[2023-05-01T03:30:31.417+0000] {helpers.py:80} INFO - Philadelphia 76ers: Successfully scraped!
[2023-05-01T03:30:36.206+0000] {helpers.py:80} INFO - Phoenix Suns: Successfully scraped!
[2023-05-01T03:30:36.243+0000] {helpers.py:96} INFO - Saved in /opt/***/data/output_scrape_teams_17-24.csv
[2023-05-01T03:30:36.250+0000] {python.py:177} INFO - Done. Returned value was: None
[2023-05-01T03:30:36.264+0000] {taskinstance.py:1332} INFO - Marking task as SUCCESS. dag_id=scrape_and_save_to_csv, task_id=scrape_teams_17-24, execution_date=20230501T023000, start_date=20230501T033002, end_date=20230501T033036
[2023-05-01T03:30:36.355+0000] {local_task_job.py:212} INFO - Task exited with return code 0
[2023-05-01T03:30:36.390+0000] {taskinstance.py:2596} INFO - 0 downstream tasks scheduled from follow-on schedule check
