[2023-05-03T17:39:33.754+0000] {taskinstance.py:1090} INFO - Dependencies all met for dep_context=non-requeueable deps ti=<TaskInstance: scrape_and_save_to_csv.scrape_teams_17-24 scheduled__2023-05-03T14:30:00+00:00 [queued]>
[2023-05-03T17:39:33.788+0000] {taskinstance.py:1090} INFO - Dependencies all met for dep_context=requeueable deps ti=<TaskInstance: scrape_and_save_to_csv.scrape_teams_17-24 scheduled__2023-05-03T14:30:00+00:00 [queued]>
[2023-05-03T17:39:33.789+0000] {taskinstance.py:1288} INFO - 
--------------------------------------------------------------------------------
[2023-05-03T17:39:33.790+0000] {taskinstance.py:1289} INFO - Starting attempt 1 of 1
[2023-05-03T17:39:33.796+0000] {taskinstance.py:1290} INFO - 
--------------------------------------------------------------------------------
[2023-05-03T17:39:33.821+0000] {taskinstance.py:1309} INFO - Executing <Task(PythonOperator): scrape_teams_17-24> on 2023-05-03 14:30:00+00:00
[2023-05-03T17:39:33.831+0000] {standard_task_runner.py:55} INFO - Started process 31771 to run task
[2023-05-03T17:39:33.863+0000] {standard_task_runner.py:82} INFO - Running: ['***', 'tasks', 'run', 'scrape_and_save_to_csv', 'scrape_teams_17-24', 'scheduled__2023-05-03T14:30:00+00:00', '--job-id', '2386', '--raw', '--subdir', 'DAGS_FOLDER/scrape_and_save_csv_dag.py', '--cfg-path', '/tmp/tmp93guaj9z']
[2023-05-03T17:39:33.867+0000] {standard_task_runner.py:83} INFO - Job 2386: Subtask scrape_teams_17-24
[2023-05-03T17:39:34.049+0000] {task_command.py:389} INFO - Running <TaskInstance: scrape_and_save_to_csv.scrape_teams_17-24 scheduled__2023-05-03T14:30:00+00:00 [running]> on host 5d4cd8acb346
[2023-05-03T17:39:34.171+0000] {taskinstance.py:1518} INFO - Exporting the following env vars:
AIRFLOW_CTX_DAG_OWNER=***
AIRFLOW_CTX_DAG_ID=scrape_and_save_to_csv
AIRFLOW_CTX_TASK_ID=scrape_teams_17-24
AIRFLOW_CTX_EXECUTION_DATE=2023-05-03T14:30:00+00:00
AIRFLOW_CTX_TRY_NUMBER=1
AIRFLOW_CTX_DAG_RUN_ID=scheduled__2023-05-03T14:30:00+00:00
[2023-05-03T17:39:34.372+0000] {logging_mixin.py:137} INFO - Expecting value: line 1 column 1 (char 0)
[2023-05-03T17:39:34.375+0000] {helpers.py:86} ERROR - Expecting value: line 1 column 1 (char 0)
[2023-05-03T17:39:34.376+0000] {helpers.py:87} ERROR - Retrying! 9 attempts before skipping!
[2023-05-03T17:39:35.529+0000] {logging_mixin.py:137} INFO - Expecting value: line 1 column 1 (char 0)
[2023-05-03T17:39:35.530+0000] {helpers.py:86} ERROR - Expecting value: line 1 column 1 (char 0)
[2023-05-03T17:39:35.531+0000] {helpers.py:87} ERROR - Retrying! 8 attempts before skipping!
[2023-05-03T17:39:36.677+0000] {logging_mixin.py:137} INFO - Expecting value: line 1 column 1 (char 0)
[2023-05-03T17:39:36.678+0000] {helpers.py:86} ERROR - Expecting value: line 1 column 1 (char 0)
[2023-05-03T17:39:36.679+0000] {helpers.py:87} ERROR - Retrying! 7 attempts before skipping!
[2023-05-03T17:39:37.849+0000] {logging_mixin.py:137} INFO - Expecting value: line 1 column 1 (char 0)
[2023-05-03T17:39:37.850+0000] {helpers.py:86} ERROR - Expecting value: line 1 column 1 (char 0)
[2023-05-03T17:39:37.851+0000] {helpers.py:87} ERROR - Retrying! 6 attempts before skipping!
[2023-05-03T17:39:39.007+0000] {logging_mixin.py:137} INFO - Expecting value: line 1 column 1 (char 0)
[2023-05-03T17:39:39.009+0000] {helpers.py:86} ERROR - Expecting value: line 1 column 1 (char 0)
[2023-05-03T17:39:39.010+0000] {helpers.py:87} ERROR - Retrying! 5 attempts before skipping!
[2023-05-03T17:39:41.313+0000] {logging_mixin.py:137} INFO - Expecting value: line 1 column 1 (char 0)
[2023-05-03T17:39:41.372+0000] {helpers.py:86} ERROR - Expecting value: line 1 column 1 (char 0)
[2023-05-03T17:39:41.406+0000] {helpers.py:87} ERROR - Retrying! 4 attempts before skipping!
[2023-05-03T17:39:42.670+0000] {logging_mixin.py:137} INFO - Expecting value: line 1 column 1 (char 0)
[2023-05-03T17:39:42.676+0000] {helpers.py:86} ERROR - Expecting value: line 1 column 1 (char 0)
[2023-05-03T17:39:42.690+0000] {helpers.py:87} ERROR - Retrying! 3 attempts before skipping!
[2023-05-03T17:39:43.927+0000] {logging_mixin.py:137} INFO - Expecting value: line 1 column 1 (char 0)
[2023-05-03T17:39:43.937+0000] {helpers.py:86} ERROR - Expecting value: line 1 column 1 (char 0)
[2023-05-03T17:39:43.938+0000] {helpers.py:87} ERROR - Retrying! 2 attempts before skipping!
[2023-05-03T17:39:45.156+0000] {logging_mixin.py:137} INFO - Expecting value: line 1 column 1 (char 0)
[2023-05-03T17:39:45.159+0000] {helpers.py:86} ERROR - Expecting value: line 1 column 1 (char 0)
[2023-05-03T17:39:45.160+0000] {helpers.py:87} ERROR - Retrying! 1 attempts before skipping!
[2023-05-03T17:39:46.305+0000] {logging_mixin.py:137} INFO - Expecting value: line 1 column 1 (char 0)
[2023-05-03T17:39:46.307+0000] {helpers.py:86} ERROR - Expecting value: line 1 column 1 (char 0)
[2023-05-03T17:39:46.310+0000] {helpers.py:87} ERROR - Retrying! 0 attempts before skipping!
[2023-05-03T17:39:47.464+0000] {logging_mixin.py:137} INFO - Expecting value: line 1 column 1 (char 0)
[2023-05-03T17:39:47.468+0000] {helpers.py:86} ERROR - Expecting value: line 1 column 1 (char 0)
[2023-05-03T17:39:47.470+0000] {helpers.py:87} ERROR - Retrying! -1 attempts before skipping!
[2023-05-03T17:39:48.623+0000] {logging_mixin.py:137} INFO - Expecting value: line 1 column 1 (char 0)
[2023-05-03T17:39:48.632+0000] {helpers.py:86} ERROR - Expecting value: line 1 column 1 (char 0)
[2023-05-03T17:39:48.664+0000] {helpers.py:87} ERROR - Retrying! 9 attempts before skipping!
[2023-05-03T17:39:49.832+0000] {logging_mixin.py:137} INFO - Expecting value: line 1 column 1 (char 0)
[2023-05-03T17:39:49.833+0000] {helpers.py:86} ERROR - Expecting value: line 1 column 1 (char 0)
[2023-05-03T17:39:49.839+0000] {helpers.py:87} ERROR - Retrying! 8 attempts before skipping!
[2023-05-03T17:39:51.024+0000] {logging_mixin.py:137} INFO - Expecting value: line 1 column 1 (char 0)
[2023-05-03T17:39:51.032+0000] {helpers.py:86} ERROR - Expecting value: line 1 column 1 (char 0)
[2023-05-03T17:39:51.064+0000] {helpers.py:87} ERROR - Retrying! 7 attempts before skipping!
[2023-05-03T17:39:52.237+0000] {logging_mixin.py:137} INFO - Expecting value: line 1 column 1 (char 0)
[2023-05-03T17:39:52.240+0000] {helpers.py:86} ERROR - Expecting value: line 1 column 1 (char 0)
[2023-05-03T17:39:52.242+0000] {helpers.py:87} ERROR - Retrying! 6 attempts before skipping!
[2023-05-03T17:39:53.398+0000] {logging_mixin.py:137} INFO - Expecting value: line 1 column 1 (char 0)
[2023-05-03T17:39:53.399+0000] {helpers.py:86} ERROR - Expecting value: line 1 column 1 (char 0)
[2023-05-03T17:39:53.400+0000] {helpers.py:87} ERROR - Retrying! 5 attempts before skipping!
[2023-05-03T17:39:54.546+0000] {logging_mixin.py:137} INFO - Expecting value: line 1 column 1 (char 0)
[2023-05-03T17:39:54.570+0000] {helpers.py:86} ERROR - Expecting value: line 1 column 1 (char 0)
[2023-05-03T17:39:54.576+0000] {helpers.py:87} ERROR - Retrying! 4 attempts before skipping!
[2023-05-03T17:39:55.753+0000] {logging_mixin.py:137} INFO - Expecting value: line 1 column 1 (char 0)
[2023-05-03T17:39:55.761+0000] {helpers.py:86} ERROR - Expecting value: line 1 column 1 (char 0)
[2023-05-03T17:39:55.769+0000] {helpers.py:87} ERROR - Retrying! 3 attempts before skipping!
[2023-05-03T17:39:57.259+0000] {logging_mixin.py:137} INFO - Expecting value: line 1 column 1 (char 0)
[2023-05-03T17:39:57.290+0000] {helpers.py:86} ERROR - Expecting value: line 1 column 1 (char 0)
[2023-05-03T17:39:57.299+0000] {helpers.py:87} ERROR - Retrying! 2 attempts before skipping!
[2023-05-03T17:39:58.849+0000] {logging_mixin.py:137} INFO - Expecting value: line 1 column 1 (char 0)
[2023-05-03T17:39:58.876+0000] {helpers.py:86} ERROR - Expecting value: line 1 column 1 (char 0)
[2023-05-03T17:39:58.878+0000] {helpers.py:87} ERROR - Retrying! 1 attempts before skipping!
[2023-05-03T17:40:00.111+0000] {logging_mixin.py:137} INFO - Expecting value: line 1 column 1 (char 0)
[2023-05-03T17:40:00.115+0000] {helpers.py:86} ERROR - Expecting value: line 1 column 1 (char 0)
[2023-05-03T17:40:00.116+0000] {helpers.py:87} ERROR - Retrying! 0 attempts before skipping!
[2023-05-03T17:40:01.378+0000] {logging_mixin.py:137} INFO - Expecting value: line 1 column 1 (char 0)
[2023-05-03T17:40:01.386+0000] {helpers.py:86} ERROR - Expecting value: line 1 column 1 (char 0)
[2023-05-03T17:40:01.387+0000] {helpers.py:87} ERROR - Retrying! -1 attempts before skipping!
[2023-05-03T17:40:02.655+0000] {logging_mixin.py:137} INFO - Expecting value: line 1 column 1 (char 0)
[2023-05-03T17:40:02.656+0000] {helpers.py:86} ERROR - Expecting value: line 1 column 1 (char 0)
[2023-05-03T17:40:02.657+0000] {helpers.py:87} ERROR - Retrying! 9 attempts before skipping!
[2023-05-03T17:40:03.806+0000] {logging_mixin.py:137} INFO - Expecting value: line 1 column 1 (char 0)
[2023-05-03T17:40:03.807+0000] {helpers.py:86} ERROR - Expecting value: line 1 column 1 (char 0)
[2023-05-03T17:40:03.809+0000] {helpers.py:87} ERROR - Retrying! 8 attempts before skipping!
[2023-05-03T17:40:04.993+0000] {logging_mixin.py:137} INFO - Expecting value: line 1 column 1 (char 0)
[2023-05-03T17:40:05.010+0000] {helpers.py:86} ERROR - Expecting value: line 1 column 1 (char 0)
[2023-05-03T17:40:05.011+0000] {helpers.py:87} ERROR - Retrying! 7 attempts before skipping!
[2023-05-03T17:40:06.173+0000] {logging_mixin.py:137} INFO - Expecting value: line 1 column 1 (char 0)
[2023-05-03T17:40:06.174+0000] {helpers.py:86} ERROR - Expecting value: line 1 column 1 (char 0)
[2023-05-03T17:40:06.176+0000] {helpers.py:87} ERROR - Retrying! 6 attempts before skipping!
[2023-05-03T17:40:07.350+0000] {logging_mixin.py:137} INFO - Expecting value: line 1 column 1 (char 0)
[2023-05-03T17:40:07.352+0000] {helpers.py:86} ERROR - Expecting value: line 1 column 1 (char 0)
[2023-05-03T17:40:07.353+0000] {helpers.py:87} ERROR - Retrying! 5 attempts before skipping!
[2023-05-03T17:40:08.667+0000] {logging_mixin.py:137} INFO - Expecting value: line 1 column 1 (char 0)
[2023-05-03T17:40:08.668+0000] {helpers.py:86} ERROR - Expecting value: line 1 column 1 (char 0)
[2023-05-03T17:40:08.669+0000] {helpers.py:87} ERROR - Retrying! 4 attempts before skipping!
[2023-05-03T17:40:09.834+0000] {logging_mixin.py:137} INFO - Expecting value: line 1 column 1 (char 0)
[2023-05-03T17:40:09.835+0000] {helpers.py:86} ERROR - Expecting value: line 1 column 1 (char 0)
[2023-05-03T17:40:09.837+0000] {helpers.py:87} ERROR - Retrying! 3 attempts before skipping!
[2023-05-03T17:40:10.985+0000] {logging_mixin.py:137} INFO - Expecting value: line 1 column 1 (char 0)
[2023-05-03T17:40:10.986+0000] {helpers.py:86} ERROR - Expecting value: line 1 column 1 (char 0)
[2023-05-03T17:40:10.987+0000] {helpers.py:87} ERROR - Retrying! 2 attempts before skipping!
[2023-05-03T17:40:12.134+0000] {logging_mixin.py:137} INFO - Expecting value: line 1 column 1 (char 0)
[2023-05-03T17:40:12.136+0000] {helpers.py:86} ERROR - Expecting value: line 1 column 1 (char 0)
[2023-05-03T17:40:12.137+0000] {helpers.py:87} ERROR - Retrying! 1 attempts before skipping!
[2023-05-03T17:40:13.301+0000] {logging_mixin.py:137} INFO - Expecting value: line 1 column 1 (char 0)
[2023-05-03T17:40:13.303+0000] {helpers.py:86} ERROR - Expecting value: line 1 column 1 (char 0)
[2023-05-03T17:40:13.305+0000] {helpers.py:87} ERROR - Retrying! 0 attempts before skipping!
[2023-05-03T17:40:14.456+0000] {logging_mixin.py:137} INFO - Expecting value: line 1 column 1 (char 0)
[2023-05-03T17:40:14.457+0000] {helpers.py:86} ERROR - Expecting value: line 1 column 1 (char 0)
[2023-05-03T17:40:14.458+0000] {helpers.py:87} ERROR - Retrying! -1 attempts before skipping!
[2023-05-03T17:40:15.694+0000] {logging_mixin.py:137} INFO - Expecting value: line 1 column 1 (char 0)
[2023-05-03T17:40:15.695+0000] {helpers.py:86} ERROR - Expecting value: line 1 column 1 (char 0)
[2023-05-03T17:40:15.696+0000] {helpers.py:87} ERROR - Retrying! 9 attempts before skipping!
[2023-05-03T17:40:16.842+0000] {logging_mixin.py:137} INFO - Expecting value: line 1 column 1 (char 0)
[2023-05-03T17:40:16.844+0000] {helpers.py:86} ERROR - Expecting value: line 1 column 1 (char 0)
[2023-05-03T17:40:16.845+0000] {helpers.py:87} ERROR - Retrying! 8 attempts before skipping!
[2023-05-03T17:40:18.004+0000] {logging_mixin.py:137} INFO - Expecting value: line 1 column 1 (char 0)
[2023-05-03T17:40:18.006+0000] {helpers.py:86} ERROR - Expecting value: line 1 column 1 (char 0)
[2023-05-03T17:40:18.006+0000] {helpers.py:87} ERROR - Retrying! 7 attempts before skipping!
[2023-05-03T17:40:19.165+0000] {logging_mixin.py:137} INFO - Expecting value: line 1 column 1 (char 0)
[2023-05-03T17:40:19.166+0000] {helpers.py:86} ERROR - Expecting value: line 1 column 1 (char 0)
[2023-05-03T17:40:19.168+0000] {helpers.py:87} ERROR - Retrying! 6 attempts before skipping!
[2023-05-03T17:40:20.330+0000] {logging_mixin.py:137} INFO - Expecting value: line 1 column 1 (char 0)
[2023-05-03T17:40:20.333+0000] {helpers.py:86} ERROR - Expecting value: line 1 column 1 (char 0)
[2023-05-03T17:40:20.336+0000] {helpers.py:87} ERROR - Retrying! 5 attempts before skipping!
[2023-05-03T17:40:21.480+0000] {logging_mixin.py:137} INFO - Expecting value: line 1 column 1 (char 0)
[2023-05-03T17:40:21.481+0000] {helpers.py:86} ERROR - Expecting value: line 1 column 1 (char 0)
[2023-05-03T17:40:21.482+0000] {helpers.py:87} ERROR - Retrying! 4 attempts before skipping!
[2023-05-03T17:40:22.732+0000] {logging_mixin.py:137} INFO - Expecting value: line 1 column 1 (char 0)
[2023-05-03T17:40:22.733+0000] {helpers.py:86} ERROR - Expecting value: line 1 column 1 (char 0)
[2023-05-03T17:40:22.734+0000] {helpers.py:87} ERROR - Retrying! 3 attempts before skipping!
[2023-05-03T17:40:24.108+0000] {logging_mixin.py:137} INFO - Expecting value: line 1 column 1 (char 0)
[2023-05-03T17:40:24.109+0000] {helpers.py:86} ERROR - Expecting value: line 1 column 1 (char 0)
[2023-05-03T17:40:24.110+0000] {helpers.py:87} ERROR - Retrying! 2 attempts before skipping!
[2023-05-03T17:40:25.385+0000] {logging_mixin.py:137} INFO - Expecting value: line 1 column 1 (char 0)
[2023-05-03T17:40:25.387+0000] {helpers.py:86} ERROR - Expecting value: line 1 column 1 (char 0)
[2023-05-03T17:40:25.388+0000] {helpers.py:87} ERROR - Retrying! 1 attempts before skipping!
[2023-05-03T17:40:26.544+0000] {logging_mixin.py:137} INFO - Expecting value: line 1 column 1 (char 0)
[2023-05-03T17:40:26.545+0000] {helpers.py:86} ERROR - Expecting value: line 1 column 1 (char 0)
[2023-05-03T17:40:26.546+0000] {helpers.py:87} ERROR - Retrying! 0 attempts before skipping!
[2023-05-03T17:40:27.708+0000] {logging_mixin.py:137} INFO - Expecting value: line 1 column 1 (char 0)
[2023-05-03T17:40:27.709+0000] {helpers.py:86} ERROR - Expecting value: line 1 column 1 (char 0)
[2023-05-03T17:40:27.710+0000] {helpers.py:87} ERROR - Retrying! -1 attempts before skipping!
[2023-05-03T17:40:29.052+0000] {logging_mixin.py:137} INFO - Expecting value: line 1 column 1 (char 0)
[2023-05-03T17:40:29.053+0000] {helpers.py:86} ERROR - Expecting value: line 1 column 1 (char 0)
[2023-05-03T17:40:29.054+0000] {helpers.py:87} ERROR - Retrying! 9 attempts before skipping!
[2023-05-03T17:40:30.204+0000] {logging_mixin.py:137} INFO - Expecting value: line 1 column 1 (char 0)
[2023-05-03T17:40:30.204+0000] {helpers.py:86} ERROR - Expecting value: line 1 column 1 (char 0)
[2023-05-03T17:40:30.206+0000] {helpers.py:87} ERROR - Retrying! 8 attempts before skipping!
[2023-05-03T17:40:31.363+0000] {logging_mixin.py:137} INFO - Expecting value: line 1 column 1 (char 0)
[2023-05-03T17:40:31.365+0000] {helpers.py:86} ERROR - Expecting value: line 1 column 1 (char 0)
[2023-05-03T17:40:31.366+0000] {helpers.py:87} ERROR - Retrying! 7 attempts before skipping!
[2023-05-03T17:40:32.520+0000] {logging_mixin.py:137} INFO - Expecting value: line 1 column 1 (char 0)
[2023-05-03T17:40:32.521+0000] {helpers.py:86} ERROR - Expecting value: line 1 column 1 (char 0)
[2023-05-03T17:40:32.522+0000] {helpers.py:87} ERROR - Retrying! 6 attempts before skipping!
[2023-05-03T17:40:33.671+0000] {logging_mixin.py:137} INFO - Expecting value: line 1 column 1 (char 0)
[2023-05-03T17:40:33.672+0000] {helpers.py:86} ERROR - Expecting value: line 1 column 1 (char 0)
[2023-05-03T17:40:33.673+0000] {helpers.py:87} ERROR - Retrying! 5 attempts before skipping!
[2023-05-03T17:40:34.824+0000] {logging_mixin.py:137} INFO - Expecting value: line 1 column 1 (char 0)
[2023-05-03T17:40:34.826+0000] {helpers.py:86} ERROR - Expecting value: line 1 column 1 (char 0)
[2023-05-03T17:40:34.827+0000] {helpers.py:87} ERROR - Retrying! 4 attempts before skipping!
[2023-05-03T17:40:35.981+0000] {logging_mixin.py:137} INFO - Expecting value: line 1 column 1 (char 0)
[2023-05-03T17:40:35.982+0000] {helpers.py:86} ERROR - Expecting value: line 1 column 1 (char 0)
[2023-05-03T17:40:35.983+0000] {helpers.py:87} ERROR - Retrying! 3 attempts before skipping!
[2023-05-03T17:40:37.141+0000] {logging_mixin.py:137} INFO - Expecting value: line 1 column 1 (char 0)
[2023-05-03T17:40:37.143+0000] {helpers.py:86} ERROR - Expecting value: line 1 column 1 (char 0)
[2023-05-03T17:40:37.143+0000] {helpers.py:87} ERROR - Retrying! 2 attempts before skipping!
[2023-05-03T17:40:38.396+0000] {logging_mixin.py:137} INFO - Expecting value: line 1 column 1 (char 0)
[2023-05-03T17:40:38.398+0000] {helpers.py:86} ERROR - Expecting value: line 1 column 1 (char 0)
[2023-05-03T17:40:38.399+0000] {helpers.py:87} ERROR - Retrying! 1 attempts before skipping!
[2023-05-03T17:40:39.577+0000] {logging_mixin.py:137} INFO - Expecting value: line 1 column 1 (char 0)
[2023-05-03T17:40:39.578+0000] {helpers.py:86} ERROR - Expecting value: line 1 column 1 (char 0)
[2023-05-03T17:40:39.580+0000] {helpers.py:87} ERROR - Retrying! 0 attempts before skipping!
[2023-05-03T17:40:40.745+0000] {logging_mixin.py:137} INFO - Expecting value: line 1 column 1 (char 0)
[2023-05-03T17:40:40.746+0000] {helpers.py:86} ERROR - Expecting value: line 1 column 1 (char 0)
[2023-05-03T17:40:40.747+0000] {helpers.py:87} ERROR - Retrying! -1 attempts before skipping!
[2023-05-03T17:40:41.889+0000] {logging_mixin.py:137} INFO - Expecting value: line 1 column 1 (char 0)
[2023-05-03T17:40:41.891+0000] {helpers.py:86} ERROR - Expecting value: line 1 column 1 (char 0)
[2023-05-03T17:40:41.892+0000] {helpers.py:87} ERROR - Retrying! 9 attempts before skipping!
[2023-05-03T17:40:43.046+0000] {logging_mixin.py:137} INFO - Expecting value: line 1 column 1 (char 0)
[2023-05-03T17:40:43.048+0000] {helpers.py:86} ERROR - Expecting value: line 1 column 1 (char 0)
[2023-05-03T17:40:43.054+0000] {helpers.py:87} ERROR - Retrying! 8 attempts before skipping!
[2023-05-03T17:40:44.202+0000] {logging_mixin.py:137} INFO - Expecting value: line 1 column 1 (char 0)
[2023-05-03T17:40:44.203+0000] {helpers.py:86} ERROR - Expecting value: line 1 column 1 (char 0)
[2023-05-03T17:40:44.204+0000] {helpers.py:87} ERROR - Retrying! 7 attempts before skipping!
[2023-05-03T17:40:45.351+0000] {logging_mixin.py:137} INFO - Expecting value: line 1 column 1 (char 0)
[2023-05-03T17:40:45.352+0000] {helpers.py:86} ERROR - Expecting value: line 1 column 1 (char 0)
[2023-05-03T17:40:45.353+0000] {helpers.py:87} ERROR - Retrying! 6 attempts before skipping!
[2023-05-03T17:40:46.496+0000] {logging_mixin.py:137} INFO - Expecting value: line 1 column 1 (char 0)
[2023-05-03T17:40:46.498+0000] {helpers.py:86} ERROR - Expecting value: line 1 column 1 (char 0)
[2023-05-03T17:40:46.499+0000] {helpers.py:87} ERROR - Retrying! 5 attempts before skipping!
[2023-05-03T17:40:47.656+0000] {logging_mixin.py:137} INFO - Expecting value: line 1 column 1 (char 0)
[2023-05-03T17:40:47.657+0000] {helpers.py:86} ERROR - Expecting value: line 1 column 1 (char 0)
[2023-05-03T17:40:47.658+0000] {helpers.py:87} ERROR - Retrying! 4 attempts before skipping!
[2023-05-03T17:40:48.997+0000] {logging_mixin.py:137} INFO - Expecting value: line 1 column 1 (char 0)
[2023-05-03T17:40:48.998+0000] {helpers.py:86} ERROR - Expecting value: line 1 column 1 (char 0)
[2023-05-03T17:40:48.999+0000] {helpers.py:87} ERROR - Retrying! 3 attempts before skipping!
[2023-05-03T17:40:50.145+0000] {logging_mixin.py:137} INFO - Expecting value: line 1 column 1 (char 0)
[2023-05-03T17:40:50.151+0000] {helpers.py:86} ERROR - Expecting value: line 1 column 1 (char 0)
[2023-05-03T17:40:50.152+0000] {helpers.py:87} ERROR - Retrying! 2 attempts before skipping!
[2023-05-03T17:40:51.391+0000] {logging_mixin.py:137} INFO - Expecting value: line 1 column 1 (char 0)
[2023-05-03T17:40:51.393+0000] {helpers.py:86} ERROR - Expecting value: line 1 column 1 (char 0)
[2023-05-03T17:40:51.398+0000] {helpers.py:87} ERROR - Retrying! 1 attempts before skipping!
[2023-05-03T17:40:52.553+0000] {logging_mixin.py:137} INFO - Expecting value: line 1 column 1 (char 0)
[2023-05-03T17:40:52.555+0000] {helpers.py:86} ERROR - Expecting value: line 1 column 1 (char 0)
[2023-05-03T17:40:52.556+0000] {helpers.py:87} ERROR - Retrying! 0 attempts before skipping!
[2023-05-03T17:40:53.712+0000] {logging_mixin.py:137} INFO - Expecting value: line 1 column 1 (char 0)
[2023-05-03T17:40:53.714+0000] {helpers.py:86} ERROR - Expecting value: line 1 column 1 (char 0)
[2023-05-03T17:40:53.716+0000] {helpers.py:87} ERROR - Retrying! -1 attempts before skipping!
[2023-05-03T17:40:54.871+0000] {logging_mixin.py:137} INFO - Expecting value: line 1 column 1 (char 0)
[2023-05-03T17:40:54.873+0000] {helpers.py:86} ERROR - Expecting value: line 1 column 1 (char 0)
[2023-05-03T17:40:54.874+0000] {helpers.py:87} ERROR - Retrying! 9 attempts before skipping!
[2023-05-03T17:40:56.051+0000] {logging_mixin.py:137} INFO - Expecting value: line 1 column 1 (char 0)
[2023-05-03T17:40:56.052+0000] {helpers.py:86} ERROR - Expecting value: line 1 column 1 (char 0)
[2023-05-03T17:40:56.053+0000] {helpers.py:87} ERROR - Retrying! 8 attempts before skipping!
[2023-05-03T17:40:57.203+0000] {logging_mixin.py:137} INFO - Expecting value: line 1 column 1 (char 0)
[2023-05-03T17:40:57.205+0000] {helpers.py:86} ERROR - Expecting value: line 1 column 1 (char 0)
[2023-05-03T17:40:57.229+0000] {helpers.py:87} ERROR - Retrying! 7 attempts before skipping!
[2023-05-03T17:40:58.379+0000] {logging_mixin.py:137} INFO - Expecting value: line 1 column 1 (char 0)
[2023-05-03T17:40:58.380+0000] {helpers.py:86} ERROR - Expecting value: line 1 column 1 (char 0)
[2023-05-03T17:40:58.382+0000] {helpers.py:87} ERROR - Retrying! 6 attempts before skipping!
[2023-05-03T17:40:59.525+0000] {logging_mixin.py:137} INFO - Expecting value: line 1 column 1 (char 0)
[2023-05-03T17:40:59.542+0000] {helpers.py:86} ERROR - Expecting value: line 1 column 1 (char 0)
[2023-05-03T17:40:59.544+0000] {helpers.py:87} ERROR - Retrying! 5 attempts before skipping!
[2023-05-03T17:41:00.692+0000] {logging_mixin.py:137} INFO - Expecting value: line 1 column 1 (char 0)
[2023-05-03T17:41:00.694+0000] {helpers.py:86} ERROR - Expecting value: line 1 column 1 (char 0)
[2023-05-03T17:41:00.695+0000] {helpers.py:87} ERROR - Retrying! 4 attempts before skipping!
[2023-05-03T17:41:01.845+0000] {logging_mixin.py:137} INFO - Expecting value: line 1 column 1 (char 0)
[2023-05-03T17:41:01.846+0000] {helpers.py:86} ERROR - Expecting value: line 1 column 1 (char 0)
[2023-05-03T17:41:01.847+0000] {helpers.py:87} ERROR - Retrying! 3 attempts before skipping!
[2023-05-03T17:41:03.026+0000] {logging_mixin.py:137} INFO - Expecting value: line 1 column 1 (char 0)
[2023-05-03T17:41:03.028+0000] {helpers.py:86} ERROR - Expecting value: line 1 column 1 (char 0)
[2023-05-03T17:41:03.030+0000] {helpers.py:87} ERROR - Retrying! 2 attempts before skipping!
[2023-05-03T17:41:04.197+0000] {logging_mixin.py:137} INFO - Expecting value: line 1 column 1 (char 0)
[2023-05-03T17:41:04.198+0000] {helpers.py:86} ERROR - Expecting value: line 1 column 1 (char 0)
[2023-05-03T17:41:04.199+0000] {helpers.py:87} ERROR - Retrying! 1 attempts before skipping!
[2023-05-03T17:41:05.342+0000] {logging_mixin.py:137} INFO - Expecting value: line 1 column 1 (char 0)
[2023-05-03T17:41:05.343+0000] {helpers.py:86} ERROR - Expecting value: line 1 column 1 (char 0)
[2023-05-03T17:41:05.344+0000] {helpers.py:87} ERROR - Retrying! 0 attempts before skipping!
[2023-05-03T17:41:06.490+0000] {logging_mixin.py:137} INFO - Expecting value: line 1 column 1 (char 0)
[2023-05-03T17:41:06.491+0000] {helpers.py:86} ERROR - Expecting value: line 1 column 1 (char 0)
[2023-05-03T17:41:06.492+0000] {helpers.py:87} ERROR - Retrying! -1 attempts before skipping!
[2023-05-03T17:41:07.661+0000] {logging_mixin.py:137} INFO - Expecting value: line 1 column 1 (char 0)
[2023-05-03T17:41:07.680+0000] {helpers.py:86} ERROR - Expecting value: line 1 column 1 (char 0)
[2023-05-03T17:41:07.681+0000] {helpers.py:87} ERROR - Retrying! 9 attempts before skipping!
[2023-05-03T17:41:08.845+0000] {logging_mixin.py:137} INFO - Expecting value: line 1 column 1 (char 0)
[2023-05-03T17:41:08.846+0000] {helpers.py:86} ERROR - Expecting value: line 1 column 1 (char 0)
[2023-05-03T17:41:08.847+0000] {helpers.py:87} ERROR - Retrying! 8 attempts before skipping!
[2023-05-03T17:41:10.003+0000] {logging_mixin.py:137} INFO - Expecting value: line 1 column 1 (char 0)
[2023-05-03T17:41:10.004+0000] {helpers.py:86} ERROR - Expecting value: line 1 column 1 (char 0)
[2023-05-03T17:41:10.005+0000] {helpers.py:87} ERROR - Retrying! 7 attempts before skipping!
[2023-05-03T17:41:11.172+0000] {logging_mixin.py:137} INFO - Expecting value: line 1 column 1 (char 0)
[2023-05-03T17:41:11.173+0000] {helpers.py:86} ERROR - Expecting value: line 1 column 1 (char 0)
[2023-05-03T17:41:11.174+0000] {helpers.py:87} ERROR - Retrying! 6 attempts before skipping!
[2023-05-03T17:41:13.864+0000] {logging_mixin.py:137} INFO - Expecting value: line 1 column 1 (char 0)
[2023-05-03T17:41:13.888+0000] {helpers.py:86} ERROR - Expecting value: line 1 column 1 (char 0)
[2023-05-03T17:41:13.907+0000] {helpers.py:87} ERROR - Retrying! 5 attempts before skipping!
[2023-05-03T17:41:15.097+0000] {logging_mixin.py:137} INFO - Expecting value: line 1 column 1 (char 0)
[2023-05-03T17:41:15.106+0000] {helpers.py:86} ERROR - Expecting value: line 1 column 1 (char 0)
[2023-05-03T17:41:15.115+0000] {helpers.py:87} ERROR - Retrying! 4 attempts before skipping!
[2023-05-03T17:41:16.286+0000] {logging_mixin.py:137} INFO - Expecting value: line 1 column 1 (char 0)
[2023-05-03T17:41:16.308+0000] {helpers.py:86} ERROR - Expecting value: line 1 column 1 (char 0)
[2023-05-03T17:41:16.310+0000] {helpers.py:87} ERROR - Retrying! 3 attempts before skipping!
[2023-05-03T17:41:17.513+0000] {logging_mixin.py:137} INFO - Expecting value: line 1 column 1 (char 0)
[2023-05-03T17:41:17.514+0000] {helpers.py:86} ERROR - Expecting value: line 1 column 1 (char 0)
[2023-05-03T17:41:17.516+0000] {helpers.py:87} ERROR - Retrying! 2 attempts before skipping!
[2023-05-03T17:41:18.697+0000] {logging_mixin.py:137} INFO - Expecting value: line 1 column 1 (char 0)
[2023-05-03T17:41:18.699+0000] {helpers.py:86} ERROR - Expecting value: line 1 column 1 (char 0)
[2023-05-03T17:41:18.699+0000] {helpers.py:87} ERROR - Retrying! 1 attempts before skipping!
[2023-05-03T17:41:19.887+0000] {logging_mixin.py:137} INFO - Expecting value: line 1 column 1 (char 0)
[2023-05-03T17:41:19.891+0000] {helpers.py:86} ERROR - Expecting value: line 1 column 1 (char 0)
[2023-05-03T17:41:19.892+0000] {helpers.py:87} ERROR - Retrying! 0 attempts before skipping!
[2023-05-03T17:41:21.070+0000] {logging_mixin.py:137} INFO - Expecting value: line 1 column 1 (char 0)
[2023-05-03T17:41:21.071+0000] {helpers.py:86} ERROR - Expecting value: line 1 column 1 (char 0)
[2023-05-03T17:41:21.072+0000] {helpers.py:87} ERROR - Retrying! -1 attempts before skipping!
[2023-05-03T17:41:22.101+0000] {helpers.py:96} INFO - Saved in /opt/***/data/output_scrape_teams_17-24.csv
[2023-05-03T17:41:22.102+0000] {python.py:177} INFO - Done. Returned value was: None
[2023-05-03T17:41:22.122+0000] {taskinstance.py:1332} INFO - Marking task as SUCCESS. dag_id=scrape_and_save_to_csv, task_id=scrape_teams_17-24, execution_date=20230503T143000, start_date=20230503T173933, end_date=20230503T174122
[2023-05-03T17:41:22.190+0000] {local_task_job.py:212} INFO - Task exited with return code 0
[2023-05-03T17:41:22.225+0000] {taskinstance.py:2596} INFO - 0 downstream tasks scheduled from follow-on schedule check
