[2023-05-02T03:46:10.185+0000] {taskinstance.py:1090} INFO - Dependencies all met for dep_context=non-requeueable deps ti=<TaskInstance: scrape_and_save_to_csv.scrape_teams_9-16 scheduled__2023-05-02T02:30:00+00:00 [queued]>
[2023-05-02T03:46:10.225+0000] {taskinstance.py:1090} INFO - Dependencies all met for dep_context=requeueable deps ti=<TaskInstance: scrape_and_save_to_csv.scrape_teams_9-16 scheduled__2023-05-02T02:30:00+00:00 [queued]>
[2023-05-02T03:46:10.250+0000] {taskinstance.py:1288} INFO - 
--------------------------------------------------------------------------------
[2023-05-02T03:46:10.252+0000] {taskinstance.py:1289} INFO - Starting attempt 1 of 1
[2023-05-02T03:46:10.254+0000] {taskinstance.py:1290} INFO - 
--------------------------------------------------------------------------------
[2023-05-02T03:46:10.288+0000] {taskinstance.py:1309} INFO - Executing <Task(PythonOperator): scrape_teams_9-16> on 2023-05-02 02:30:00+00:00
[2023-05-02T03:46:10.299+0000] {standard_task_runner.py:55} INFO - Started process 11369 to run task
[2023-05-02T03:46:10.305+0000] {standard_task_runner.py:82} INFO - Running: ['***', 'tasks', 'run', 'scrape_and_save_to_csv', 'scrape_teams_9-16', 'scheduled__2023-05-02T02:30:00+00:00', '--job-id', '2148', '--raw', '--subdir', 'DAGS_FOLDER/scrape_and_save_csv_dag.py', '--cfg-path', '/tmp/tmpwid_jxl4']
[2023-05-02T03:46:10.309+0000] {standard_task_runner.py:83} INFO - Job 2148: Subtask scrape_teams_9-16
[2023-05-02T03:46:10.480+0000] {task_command.py:389} INFO - Running <TaskInstance: scrape_and_save_to_csv.scrape_teams_9-16 scheduled__2023-05-02T02:30:00+00:00 [running]> on host 5d4cd8acb346
[2023-05-02T03:46:10.575+0000] {taskinstance.py:1518} INFO - Exporting the following env vars:
AIRFLOW_CTX_DAG_OWNER=***
AIRFLOW_CTX_DAG_ID=scrape_and_save_to_csv
AIRFLOW_CTX_TASK_ID=scrape_teams_9-16
AIRFLOW_CTX_EXECUTION_DATE=2023-05-02T02:30:00+00:00
AIRFLOW_CTX_TRY_NUMBER=1
AIRFLOW_CTX_DAG_RUN_ID=scheduled__2023-05-02T02:30:00+00:00
[2023-05-02T03:46:33.996+0000] {warnings.py:110} WARNING - /home/***/.local/lib/python3.7/site-packages/***/utils/context.py:313: AirflowContextDeprecationWarning: Accessing 'execution_date' from the template is deprecated and will be removed in a future version. Please use 'data_interval_start' or 'logical_date' instead.
  warnings.warn(_create_deprecation_warning(k, replacements))

[2023-05-02T03:46:34.389+0000] {helpers.py:80} INFO - Detroit Pistons: Successfully scraped!
[2023-05-02T04:19:45.866+0000] {local_task_job.py:277} WARNING - State of this instance has been externally set to failed. Terminating instance.
[2023-05-02T04:19:45.871+0000] {process_utils.py:133} INFO - Sending Signals.SIGTERM to group 11369. PIDs of all processes in the group: [11369]
[2023-05-02T04:19:45.872+0000] {process_utils.py:84} INFO - Sending the signal Signals.SIGTERM to group 11369
[2023-05-02T04:19:45.873+0000] {taskinstance.py:1488} ERROR - Received SIGTERM. Terminating subprocesses.
[2023-05-02T04:19:45.879+0000] {logging_mixin.py:137} INFO - Task received SIGTERM signal
[2023-05-02T04:19:45.880+0000] {helpers.py:86} ERROR - Task received SIGTERM signal
[2023-05-02T04:19:45.881+0000] {helpers.py:87} ERROR - Retrying! 9 attempts before skipping!
[2023-05-02T04:19:49.838+0000] {helpers.py:80} INFO - Golden State Warriors: Successfully scraped!
[2023-05-02T04:19:52.333+0000] {helpers.py:80} INFO - Houston Rockets: Successfully scraped!
[2023-05-02T04:19:55.664+0000] {helpers.py:80} INFO - Indiana Pacers: Successfully scraped!
[2023-05-02T04:19:59.505+0000] {helpers.py:80} INFO - Los Angeles Clippers: Successfully scraped!
[2023-05-02T04:20:02.426+0000] {helpers.py:80} INFO - Los Angeles Lakers: Successfully scraped!
[2023-05-02T04:20:06.020+0000] {helpers.py:80} INFO - Memphis Grizzlies: Successfully scraped!
[2023-05-02T04:20:12.577+0000] {helpers.py:80} INFO - Miami Heat: Successfully scraped!
[2023-05-02T04:20:12.604+0000] {helpers.py:96} INFO - Saved in /opt/***/data/output_scrape_teams_9-16.csv
[2023-05-02T04:20:12.613+0000] {python.py:177} INFO - Done. Returned value was: None
[2023-05-02T04:20:12.626+0000] {taskinstance.py:1332} INFO - Marking task as SUCCESS. dag_id=scrape_and_save_to_csv, task_id=scrape_teams_9-16, execution_date=20230502T023000, start_date=20230502T034610, end_date=20230502T042012
[2023-05-02T04:20:12.697+0000] {process_utils.py:79} INFO - Process psutil.Process(pid=11369, status='terminated', exitcode=0, started='03:46:09') (11369) terminated with exit code 0
