[2023-05-11T00:36:03.530+0000] {processor.py:153} INFO - Started process (PID=20712) to work on /opt/airflow/dags/scrape_and_push_dag.py
[2023-05-11T00:36:03.532+0000] {processor.py:743} INFO - Processing file /opt/airflow/dags/scrape_and_push_dag.py for tasks to queue
[2023-05-11T00:36:03.533+0000] {logging_mixin.py:137} INFO - [2023-05-11T00:36:03.533+0000] {dagbag.py:532} INFO - Filling up the DagBag from /opt/airflow/dags/scrape_and_push_dag.py
[2023-05-11T00:36:03.814+0000] {processor.py:753} INFO - DAG(s) dict_keys(['scrape_and_save_to_csv']) retrieved from /opt/airflow/dags/scrape_and_push_dag.py
[2023-05-11T00:36:03.837+0000] {logging_mixin.py:137} INFO - [2023-05-11T00:36:03.837+0000] {dag.py:2705} INFO - Sync 1 DAGs
[2023-05-11T00:36:03.854+0000] {logging_mixin.py:137} INFO - [2023-05-11T00:36:03.854+0000] {dag.py:3456} INFO - Setting next_dagrun for scrape_and_save_to_csv to 2023-05-10T23:00:00+00:00, run_after=2023-05-11T00:00:00+00:00
[2023-05-11T00:36:03.870+0000] {processor.py:175} INFO - Processing /opt/airflow/dags/scrape_and_push_dag.py took 0.342 seconds
[2023-05-11T01:25:18.842+0000] {processor.py:153} INFO - Started process (PID=20726) to work on /opt/airflow/dags/scrape_and_push_dag.py
[2023-05-11T01:25:18.849+0000] {processor.py:743} INFO - Processing file /opt/airflow/dags/scrape_and_push_dag.py for tasks to queue
[2023-05-11T01:25:18.852+0000] {logging_mixin.py:137} INFO - [2023-05-11T01:25:18.852+0000] {dagbag.py:532} INFO - Filling up the DagBag from /opt/airflow/dags/scrape_and_push_dag.py
[2023-05-11T01:25:19.695+0000] {processor.py:753} INFO - DAG(s) dict_keys(['scrape_and_save_to_csv']) retrieved from /opt/airflow/dags/scrape_and_push_dag.py
[2023-05-11T01:25:19.720+0000] {logging_mixin.py:137} INFO - [2023-05-11T01:25:19.720+0000] {dag.py:2705} INFO - Sync 1 DAGs
[2023-05-11T01:25:19.755+0000] {processor.py:175} INFO - Processing /opt/airflow/dags/scrape_and_push_dag.py took 0.930 seconds
[2023-05-11T01:25:25.785+0000] {processor.py:153} INFO - Started process (PID=20740) to work on /opt/airflow/dags/scrape_and_push_dag.py
[2023-05-11T01:25:25.788+0000] {processor.py:743} INFO - Processing file /opt/airflow/dags/scrape_and_push_dag.py for tasks to queue
[2023-05-11T01:25:25.789+0000] {logging_mixin.py:137} INFO - [2023-05-11T01:25:25.789+0000] {dagbag.py:532} INFO - Filling up the DagBag from /opt/airflow/dags/scrape_and_push_dag.py
[2023-05-11T01:25:26.124+0000] {processor.py:753} INFO - DAG(s) dict_keys(['scrape_and_save_to_csv']) retrieved from /opt/airflow/dags/scrape_and_push_dag.py
[2023-05-11T01:25:26.144+0000] {logging_mixin.py:137} INFO - [2023-05-11T01:25:26.143+0000] {taskinstance.py:1778} ERROR - {'DAG Id': 'scrape_and_save_to_csv', 'Task Id': 'scrape_teams_17-24', 'Run Id': 'scheduled__2023-05-10T23:00:00+00:00', 'Hostname': 'f41dbfa3d325', 'External Executor Id': '2532703b-ed41-4be9-a201-29220d5adcfa'}
[2023-05-11T01:25:26.157+0000] {logging_mixin.py:137} INFO - [2023-05-11T01:25:26.157+0000] {taskinstance.py:1332} INFO - Marking task as FAILED. dag_id=scrape_and_save_to_csv, task_id=scrape_teams_17-24, execution_date=20230510T230000, start_date=20230511T003605, end_date=20230511T012526
[2023-05-11T01:25:26.164+0000] {processor.py:713} INFO - Executed failure callback for <TaskInstance: scrape_and_save_to_csv.scrape_teams_17-24 scheduled__2023-05-10T23:00:00+00:00 [failed]> in state failed
[2023-05-11T01:25:26.176+0000] {logging_mixin.py:137} INFO - [2023-05-11T01:25:26.175+0000] {dag.py:2705} INFO - Sync 1 DAGs
[2023-05-11T01:25:26.200+0000] {processor.py:175} INFO - Processing /opt/airflow/dags/scrape_and_push_dag.py took 0.418 seconds
[2023-05-11T02:15:04.321+0000] {processor.py:153} INFO - Started process (PID=20742) to work on /opt/airflow/dags/scrape_and_push_dag.py
[2023-05-11T02:15:04.328+0000] {processor.py:743} INFO - Processing file /opt/airflow/dags/scrape_and_push_dag.py for tasks to queue
[2023-05-11T02:15:04.330+0000] {logging_mixin.py:137} INFO - [2023-05-11T02:15:04.329+0000] {dagbag.py:532} INFO - Filling up the DagBag from /opt/airflow/dags/scrape_and_push_dag.py
[2023-05-11T02:15:04.615+0000] {processor.py:753} INFO - DAG(s) dict_keys(['scrape_and_save_to_csv']) retrieved from /opt/airflow/dags/scrape_and_push_dag.py
[2023-05-11T02:15:04.634+0000] {logging_mixin.py:137} INFO - [2023-05-11T02:15:04.633+0000] {taskinstance.py:1778} ERROR - {'DAG Id': 'scrape_and_save_to_csv', 'Task Id': 'scrape_teams_9-16', 'Run Id': 'scheduled__2023-05-10T23:00:00+00:00', 'Hostname': 'f41dbfa3d325', 'External Executor Id': '382d4e28-cabb-441d-81ef-0f7aefe28449'}
[2023-05-11T02:15:04.645+0000] {logging_mixin.py:137} INFO - [2023-05-11T02:15:04.645+0000] {taskinstance.py:1332} INFO - Marking task as FAILED. dag_id=scrape_and_save_to_csv, task_id=scrape_teams_9-16, execution_date=20230510T230000, start_date=20230511T003605, end_date=20230511T021504
[2023-05-11T02:15:04.651+0000] {processor.py:713} INFO - Executed failure callback for <TaskInstance: scrape_and_save_to_csv.scrape_teams_9-16 scheduled__2023-05-10T23:00:00+00:00 [failed]> in state failed
[2023-05-11T02:15:04.655+0000] {logging_mixin.py:137} INFO - [2023-05-11T02:15:04.655+0000] {taskinstance.py:1778} ERROR - {'DAG Id': 'scrape_and_save_to_csv', 'Task Id': 'scrape_teams_1-8', 'Run Id': 'scheduled__2023-05-10T23:00:00+00:00', 'Hostname': 'f41dbfa3d325', 'External Executor Id': 'b5331e92-8345-4de6-ba19-65aa32c1c24f'}
[2023-05-11T02:15:04.661+0000] {logging_mixin.py:137} INFO - [2023-05-11T02:15:04.661+0000] {taskinstance.py:1332} INFO - Marking task as FAILED. dag_id=scrape_and_save_to_csv, task_id=scrape_teams_1-8, execution_date=20230510T230000, start_date=20230511T003605, end_date=20230511T021504
[2023-05-11T02:15:04.663+0000] {processor.py:713} INFO - Executed failure callback for <TaskInstance: scrape_and_save_to_csv.scrape_teams_1-8 scheduled__2023-05-10T23:00:00+00:00 [failed]> in state failed
[2023-05-11T02:15:04.665+0000] {logging_mixin.py:137} INFO - [2023-05-11T02:15:04.665+0000] {taskinstance.py:1778} ERROR - {'DAG Id': 'scrape_and_save_to_csv', 'Task Id': 'scrape_teams_25-30', 'Run Id': 'scheduled__2023-05-10T23:00:00+00:00', 'Hostname': 'f41dbfa3d325', 'External Executor Id': '84e88775-9f11-498f-8648-30213896db5f'}
[2023-05-11T02:15:04.670+0000] {logging_mixin.py:137} INFO - [2023-05-11T02:15:04.670+0000] {taskinstance.py:1332} INFO - Marking task as FAILED. dag_id=scrape_and_save_to_csv, task_id=scrape_teams_25-30, execution_date=20230510T230000, start_date=20230511T003605, end_date=20230511T021504
[2023-05-11T02:15:04.672+0000] {processor.py:713} INFO - Executed failure callback for <TaskInstance: scrape_and_save_to_csv.scrape_teams_25-30 scheduled__2023-05-10T23:00:00+00:00 [failed]> in state failed
[2023-05-11T02:15:04.682+0000] {logging_mixin.py:137} INFO - [2023-05-11T02:15:04.681+0000] {dag.py:2705} INFO - Sync 1 DAGs
[2023-05-11T02:15:04.726+0000] {processor.py:175} INFO - Processing /opt/airflow/dags/scrape_and_push_dag.py took 0.408 seconds
[2023-05-11T03:04:13.333+0000] {processor.py:153} INFO - Started process (PID=20756) to work on /opt/airflow/dags/scrape_and_push_dag.py
[2023-05-11T03:04:13.338+0000] {processor.py:743} INFO - Processing file /opt/airflow/dags/scrape_and_push_dag.py for tasks to queue
[2023-05-11T03:04:13.341+0000] {logging_mixin.py:137} INFO - [2023-05-11T03:04:13.341+0000] {dagbag.py:532} INFO - Filling up the DagBag from /opt/airflow/dags/scrape_and_push_dag.py
[2023-05-11T03:04:14.164+0000] {processor.py:753} INFO - DAG(s) dict_keys(['scrape_and_save_to_csv']) retrieved from /opt/airflow/dags/scrape_and_push_dag.py
[2023-05-11T03:04:14.182+0000] {logging_mixin.py:137} INFO - [2023-05-11T03:04:14.182+0000] {dag.py:2705} INFO - Sync 1 DAGs
[2023-05-11T03:04:14.208+0000] {processor.py:175} INFO - Processing /opt/airflow/dags/scrape_and_push_dag.py took 0.885 seconds
[2023-05-11T03:04:20.703+0000] {processor.py:153} INFO - Started process (PID=20765) to work on /opt/airflow/dags/scrape_and_push_dag.py
[2023-05-11T03:04:20.705+0000] {processor.py:743} INFO - Processing file /opt/airflow/dags/scrape_and_push_dag.py for tasks to queue
[2023-05-11T03:04:20.706+0000] {logging_mixin.py:137} INFO - [2023-05-11T03:04:20.706+0000] {dagbag.py:532} INFO - Filling up the DagBag from /opt/airflow/dags/scrape_and_push_dag.py
[2023-05-11T03:04:21.035+0000] {processor.py:753} INFO - DAG(s) dict_keys(['scrape_and_save_to_csv']) retrieved from /opt/airflow/dags/scrape_and_push_dag.py
[2023-05-11T03:04:21.054+0000] {logging_mixin.py:137} INFO - [2023-05-11T03:04:21.054+0000] {taskinstance.py:1778} ERROR - {'DAG Id': 'scrape_and_save_to_csv', 'Task Id': 'scrape_teams_1-8', 'Run Id': 'scheduled__2023-05-11T01:00:00+00:00', 'Hostname': 'f41dbfa3d325', 'External Executor Id': '975e6b2c-843f-481f-8be9-5c7864de54ea'}
[2023-05-11T03:04:21.065+0000] {logging_mixin.py:137} INFO - [2023-05-11T03:04:21.065+0000] {taskinstance.py:1332} INFO - Marking task as FAILED. dag_id=scrape_and_save_to_csv, task_id=scrape_teams_1-8, execution_date=20230511T010000, start_date=20230511T021506, end_date=20230511T030421
[2023-05-11T03:04:21.072+0000] {processor.py:713} INFO - Executed failure callback for <TaskInstance: scrape_and_save_to_csv.scrape_teams_1-8 scheduled__2023-05-11T01:00:00+00:00 [failed]> in state failed
[2023-05-11T03:04:21.105+0000] {logging_mixin.py:137} INFO - [2023-05-11T03:04:21.104+0000] {dag.py:2705} INFO - Sync 1 DAGs
[2023-05-11T03:04:21.124+0000] {processor.py:175} INFO - Processing /opt/airflow/dags/scrape_and_push_dag.py took 0.423 seconds
[2023-05-11T03:55:21.600+0000] {processor.py:153} INFO - Started process (PID=20767) to work on /opt/airflow/dags/scrape_and_push_dag.py
[2023-05-11T03:55:21.602+0000] {processor.py:743} INFO - Processing file /opt/airflow/dags/scrape_and_push_dag.py for tasks to queue
[2023-05-11T03:55:21.603+0000] {logging_mixin.py:137} INFO - [2023-05-11T03:55:21.603+0000] {dagbag.py:532} INFO - Filling up the DagBag from /opt/airflow/dags/scrape_and_push_dag.py
[2023-05-11T03:55:21.878+0000] {processor.py:753} INFO - DAG(s) dict_keys(['scrape_and_save_to_csv']) retrieved from /opt/airflow/dags/scrape_and_push_dag.py
[2023-05-11T03:55:21.897+0000] {logging_mixin.py:137} INFO - [2023-05-11T03:55:21.896+0000] {taskinstance.py:1778} ERROR - {'DAG Id': 'scrape_and_save_to_csv', 'Task Id': 'scrape_teams_17-24', 'Run Id': 'scheduled__2023-05-11T01:00:00+00:00', 'Hostname': 'f41dbfa3d325', 'External Executor Id': 'ec931403-25f8-4325-ab5c-0ce33fc3b545'}
[2023-05-11T03:55:21.909+0000] {logging_mixin.py:137} INFO - [2023-05-11T03:55:21.909+0000] {taskinstance.py:1332} INFO - Marking task as FAILED. dag_id=scrape_and_save_to_csv, task_id=scrape_teams_17-24, execution_date=20230511T010000, start_date=20230511T021506, end_date=20230511T035521
[2023-05-11T03:55:21.914+0000] {processor.py:713} INFO - Executed failure callback for <TaskInstance: scrape_and_save_to_csv.scrape_teams_17-24 scheduled__2023-05-11T01:00:00+00:00 [failed]> in state failed
[2023-05-11T03:55:21.916+0000] {logging_mixin.py:137} INFO - [2023-05-11T03:55:21.916+0000] {taskinstance.py:1778} ERROR - {'DAG Id': 'scrape_and_save_to_csv', 'Task Id': 'scrape_teams_9-16', 'Run Id': 'scheduled__2023-05-11T01:00:00+00:00', 'Hostname': 'f41dbfa3d325', 'External Executor Id': '565b6fce-0702-4851-b38f-7b72f9b15904'}
[2023-05-11T03:55:21.922+0000] {logging_mixin.py:137} INFO - [2023-05-11T03:55:21.922+0000] {taskinstance.py:1332} INFO - Marking task as FAILED. dag_id=scrape_and_save_to_csv, task_id=scrape_teams_9-16, execution_date=20230511T010000, start_date=20230511T021506, end_date=20230511T035521
[2023-05-11T03:55:21.934+0000] {processor.py:713} INFO - Executed failure callback for <TaskInstance: scrape_and_save_to_csv.scrape_teams_9-16 scheduled__2023-05-11T01:00:00+00:00 [failed]> in state failed
[2023-05-11T03:55:21.937+0000] {logging_mixin.py:137} INFO - [2023-05-11T03:55:21.936+0000] {taskinstance.py:1778} ERROR - {'DAG Id': 'scrape_and_save_to_csv', 'Task Id': 'scrape_teams_25-30', 'Run Id': 'scheduled__2023-05-11T01:00:00+00:00', 'Hostname': 'f41dbfa3d325', 'External Executor Id': '5612287d-2cba-49b9-9b06-59e3f8cc9047'}
[2023-05-11T03:55:21.943+0000] {logging_mixin.py:137} INFO - [2023-05-11T03:55:21.943+0000] {taskinstance.py:1332} INFO - Marking task as FAILED. dag_id=scrape_and_save_to_csv, task_id=scrape_teams_25-30, execution_date=20230511T010000, start_date=20230511T021506, end_date=20230511T035521
[2023-05-11T03:55:21.946+0000] {processor.py:713} INFO - Executed failure callback for <TaskInstance: scrape_and_save_to_csv.scrape_teams_25-30 scheduled__2023-05-11T01:00:00+00:00 [failed]> in state failed
[2023-05-11T03:55:21.960+0000] {logging_mixin.py:137} INFO - [2023-05-11T03:55:21.959+0000] {dag.py:2705} INFO - Sync 1 DAGs
[2023-05-11T03:55:21.979+0000] {processor.py:175} INFO - Processing /opt/airflow/dags/scrape_and_push_dag.py took 0.383 seconds
[2023-05-11T03:55:29.632+0000] {processor.py:153} INFO - Started process (PID=20781) to work on /opt/airflow/dags/scrape_and_push_dag.py
[2023-05-11T03:55:29.635+0000] {processor.py:743} INFO - Processing file /opt/airflow/dags/scrape_and_push_dag.py for tasks to queue
[2023-05-11T03:55:29.640+0000] {logging_mixin.py:137} INFO - [2023-05-11T03:55:29.640+0000] {dagbag.py:532} INFO - Filling up the DagBag from /opt/airflow/dags/scrape_and_push_dag.py
[2023-05-11T03:55:30.092+0000] {processor.py:753} INFO - DAG(s) dict_keys(['scrape_and_save_to_csv']) retrieved from /opt/airflow/dags/scrape_and_push_dag.py
[2023-05-11T03:55:30.111+0000] {logging_mixin.py:137} INFO - [2023-05-11T03:55:30.111+0000] {taskinstance.py:1778} ERROR - {'DAG Id': 'scrape_and_save_to_csv', 'Task Id': 'scrape_teams_9-16', 'Run Id': 'scheduled__2023-05-11T00:00:00+00:00', 'Hostname': 'f41dbfa3d325', 'External Executor Id': 'cafc65d7-a7e1-424d-a35c-a9c7c3e473d0'}
[2023-05-11T03:55:30.123+0000] {logging_mixin.py:137} INFO - [2023-05-11T03:55:30.123+0000] {taskinstance.py:1332} INFO - Marking task as FAILED. dag_id=scrape_and_save_to_csv, task_id=scrape_teams_9-16, execution_date=20230511T000000, start_date=20230511T012520, end_date=20230511T035530
[2023-05-11T03:55:30.129+0000] {processor.py:713} INFO - Executed failure callback for <TaskInstance: scrape_and_save_to_csv.scrape_teams_9-16 scheduled__2023-05-11T00:00:00+00:00 [failed]> in state failed
[2023-05-11T03:55:30.138+0000] {logging_mixin.py:137} INFO - [2023-05-11T03:55:30.138+0000] {dag.py:2705} INFO - Sync 1 DAGs
[2023-05-11T03:55:30.159+0000] {processor.py:175} INFO - Processing /opt/airflow/dags/scrape_and_push_dag.py took 0.531 seconds
[2023-05-11T04:34:21.168+0000] {processor.py:153} INFO - Started process (PID=20783) to work on /opt/airflow/dags/scrape_and_push_dag.py
[2023-05-11T04:34:21.172+0000] {processor.py:743} INFO - Processing file /opt/airflow/dags/scrape_and_push_dag.py for tasks to queue
[2023-05-11T04:34:21.177+0000] {logging_mixin.py:137} INFO - [2023-05-11T04:34:21.177+0000] {dagbag.py:532} INFO - Filling up the DagBag from /opt/airflow/dags/scrape_and_push_dag.py
[2023-05-11T04:34:22.229+0000] {processor.py:753} INFO - DAG(s) dict_keys(['scrape_and_save_to_csv']) retrieved from /opt/airflow/dags/scrape_and_push_dag.py
[2023-05-11T04:34:22.318+0000] {logging_mixin.py:137} INFO - [2023-05-11T04:34:22.317+0000] {taskinstance.py:1778} ERROR - {'DAG Id': 'scrape_and_save_to_csv', 'Task Id': 'scrape_teams_25-30', 'Run Id': 'scheduled__2023-05-11T00:00:00+00:00', 'Hostname': 'f41dbfa3d325', 'External Executor Id': '4398cb80-90d7-4e3a-bbaf-3afefc943ca6'}
[2023-05-11T04:34:22.347+0000] {logging_mixin.py:137} INFO - [2023-05-11T04:34:22.347+0000] {taskinstance.py:1332} INFO - Marking task as FAILED. dag_id=scrape_and_save_to_csv, task_id=scrape_teams_25-30, execution_date=20230511T000000, start_date=20230511T012520, end_date=20230511T043422
[2023-05-11T04:34:22.387+0000] {processor.py:713} INFO - Executed failure callback for <TaskInstance: scrape_and_save_to_csv.scrape_teams_25-30 scheduled__2023-05-11T00:00:00+00:00 [failed]> in state failed
[2023-05-11T04:34:22.504+0000] {logging_mixin.py:137} INFO - [2023-05-11T04:34:22.504+0000] {taskinstance.py:1778} ERROR - {'DAG Id': 'scrape_and_save_to_csv', 'Task Id': 'scrape_teams_1-8', 'Run Id': 'scheduled__2023-05-11T00:00:00+00:00', 'Hostname': 'f41dbfa3d325', 'External Executor Id': '2d67aaf8-ce63-4ae1-a4d0-d7a945b9c548'}
[2023-05-11T04:34:22.514+0000] {logging_mixin.py:137} INFO - [2023-05-11T04:34:22.514+0000] {taskinstance.py:1332} INFO - Marking task as FAILED. dag_id=scrape_and_save_to_csv, task_id=scrape_teams_1-8, execution_date=20230511T000000, start_date=20230511T012520, end_date=20230511T043422
[2023-05-11T04:34:22.519+0000] {processor.py:713} INFO - Executed failure callback for <TaskInstance: scrape_and_save_to_csv.scrape_teams_1-8 scheduled__2023-05-11T00:00:00+00:00 [failed]> in state failed
[2023-05-11T04:34:22.523+0000] {logging_mixin.py:137} INFO - [2023-05-11T04:34:22.522+0000] {taskinstance.py:1778} ERROR - {'DAG Id': 'scrape_and_save_to_csv', 'Task Id': 'scrape_teams_17-24', 'Run Id': 'scheduled__2023-05-11T00:00:00+00:00', 'Hostname': 'f41dbfa3d325', 'External Executor Id': 'fd9110d9-8192-476a-bb4b-b57732e5e612'}
[2023-05-11T04:34:22.534+0000] {logging_mixin.py:137} INFO - [2023-05-11T04:34:22.534+0000] {taskinstance.py:1332} INFO - Marking task as FAILED. dag_id=scrape_and_save_to_csv, task_id=scrape_teams_17-24, execution_date=20230511T000000, start_date=20230511T012520, end_date=20230511T043422
[2023-05-11T04:34:22.544+0000] {processor.py:713} INFO - Executed failure callback for <TaskInstance: scrape_and_save_to_csv.scrape_teams_17-24 scheduled__2023-05-11T00:00:00+00:00 [failed]> in state failed
[2023-05-11T04:34:22.584+0000] {logging_mixin.py:137} INFO - [2023-05-11T04:34:22.584+0000] {dag.py:2705} INFO - Sync 1 DAGs
[2023-05-11T04:34:22.637+0000] {processor.py:175} INFO - Processing /opt/airflow/dags/scrape_and_push_dag.py took 1.479 seconds
[2023-05-11T04:34:28.900+0000] {processor.py:153} INFO - Started process (PID=20797) to work on /opt/airflow/dags/scrape_and_push_dag.py
[2023-05-11T04:34:28.919+0000] {processor.py:743} INFO - Processing file /opt/airflow/dags/scrape_and_push_dag.py for tasks to queue
[2023-05-11T04:34:28.953+0000] {logging_mixin.py:137} INFO - [2023-05-11T04:34:28.953+0000] {dagbag.py:532} INFO - Filling up the DagBag from /opt/airflow/dags/scrape_and_push_dag.py
[2023-05-11T04:34:30.139+0000] {processor.py:753} INFO - DAG(s) dict_keys(['scrape_and_save_to_csv']) retrieved from /opt/airflow/dags/scrape_and_push_dag.py
[2023-05-11T04:34:30.182+0000] {logging_mixin.py:137} INFO - [2023-05-11T04:34:30.181+0000] {taskinstance.py:1778} ERROR - {'DAG Id': 'scrape_and_save_to_csv', 'Task Id': 'scrape_teams_17-24', 'Run Id': 'scheduled__2023-05-11T02:00:00+00:00', 'Hostname': 'f41dbfa3d325', 'External Executor Id': 'fc3ba36a-b633-42ee-ae25-254c821c0a90'}
[2023-05-11T04:34:30.201+0000] {logging_mixin.py:137} INFO - [2023-05-11T04:34:30.201+0000] {taskinstance.py:1332} INFO - Marking task as FAILED. dag_id=scrape_and_save_to_csv, task_id=scrape_teams_17-24, execution_date=20230511T020000, start_date=20230511T035524, end_date=20230511T043430
[2023-05-11T04:34:30.214+0000] {processor.py:713} INFO - Executed failure callback for <TaskInstance: scrape_and_save_to_csv.scrape_teams_17-24 scheduled__2023-05-11T02:00:00+00:00 [failed]> in state failed
[2023-05-11T04:34:30.252+0000] {logging_mixin.py:137} INFO - [2023-05-11T04:34:30.252+0000] {dag.py:2705} INFO - Sync 1 DAGs
[2023-05-11T04:34:30.297+0000] {processor.py:175} INFO - Processing /opt/airflow/dags/scrape_and_push_dag.py took 1.408 seconds
[2023-05-11T04:51:52.151+0000] {processor.py:153} INFO - Started process (PID=20799) to work on /opt/airflow/dags/scrape_and_push_dag.py
[2023-05-11T04:51:52.189+0000] {processor.py:743} INFO - Processing file /opt/airflow/dags/scrape_and_push_dag.py for tasks to queue
[2023-05-11T04:51:52.200+0000] {logging_mixin.py:137} INFO - [2023-05-11T04:51:52.200+0000] {dagbag.py:532} INFO - Filling up the DagBag from /opt/airflow/dags/scrape_and_push_dag.py
[2023-05-11T04:51:53.172+0000] {processor.py:753} INFO - DAG(s) dict_keys(['scrape_and_save_to_csv']) retrieved from /opt/airflow/dags/scrape_and_push_dag.py
[2023-05-11T04:51:53.234+0000] {logging_mixin.py:137} INFO - [2023-05-11T04:51:53.232+0000] {taskinstance.py:1778} ERROR - {'DAG Id': 'scrape_and_save_to_csv', 'Task Id': 'scrape_teams_9-16', 'Run Id': 'scheduled__2023-05-11T02:00:00+00:00', 'Hostname': 'f41dbfa3d325', 'External Executor Id': '80dd1c9f-40ae-4216-90a3-ca6ebaef2471'}
[2023-05-11T04:51:53.275+0000] {logging_mixin.py:137} INFO - [2023-05-11T04:51:53.275+0000] {taskinstance.py:1332} INFO - Marking task as FAILED. dag_id=scrape_and_save_to_csv, task_id=scrape_teams_9-16, execution_date=20230511T020000, start_date=20230511T035524, end_date=20230511T045153
[2023-05-11T04:51:53.295+0000] {processor.py:713} INFO - Executed failure callback for <TaskInstance: scrape_and_save_to_csv.scrape_teams_9-16 scheduled__2023-05-11T02:00:00+00:00 [failed]> in state failed
[2023-05-11T04:51:53.307+0000] {logging_mixin.py:137} INFO - [2023-05-11T04:51:53.307+0000] {taskinstance.py:1778} ERROR - {'DAG Id': 'scrape_and_save_to_csv', 'Task Id': 'scrape_teams_1-8', 'Run Id': 'scheduled__2023-05-11T02:00:00+00:00', 'Hostname': 'f41dbfa3d325', 'External Executor Id': '65f84ec3-3ea1-4b6a-8e0c-1e3a325b98a6'}
[2023-05-11T04:51:53.324+0000] {logging_mixin.py:137} INFO - [2023-05-11T04:51:53.323+0000] {taskinstance.py:1332} INFO - Marking task as FAILED. dag_id=scrape_and_save_to_csv, task_id=scrape_teams_1-8, execution_date=20230511T020000, start_date=20230511T035524, end_date=20230511T045153
[2023-05-11T04:51:53.332+0000] {processor.py:713} INFO - Executed failure callback for <TaskInstance: scrape_and_save_to_csv.scrape_teams_1-8 scheduled__2023-05-11T02:00:00+00:00 [failed]> in state failed
[2023-05-11T04:51:53.338+0000] {logging_mixin.py:137} INFO - [2023-05-11T04:51:53.338+0000] {taskinstance.py:1778} ERROR - {'DAG Id': 'scrape_and_save_to_csv', 'Task Id': 'scrape_teams_25-30', 'Run Id': 'scheduled__2023-05-11T02:00:00+00:00', 'Hostname': 'f41dbfa3d325', 'External Executor Id': '910b72db-a71f-42c5-8f69-dd494d6aa6c4'}
[2023-05-11T04:51:53.353+0000] {logging_mixin.py:137} INFO - [2023-05-11T04:51:53.353+0000] {taskinstance.py:1332} INFO - Marking task as FAILED. dag_id=scrape_and_save_to_csv, task_id=scrape_teams_25-30, execution_date=20230511T020000, start_date=20230511T035524, end_date=20230511T045153
[2023-05-11T04:51:53.408+0000] {processor.py:713} INFO - Executed failure callback for <TaskInstance: scrape_and_save_to_csv.scrape_teams_25-30 scheduled__2023-05-11T02:00:00+00:00 [failed]> in state failed
[2023-05-11T04:51:53.449+0000] {logging_mixin.py:137} INFO - [2023-05-11T04:51:53.448+0000] {dag.py:2705} INFO - Sync 1 DAGs
[2023-05-11T04:51:53.487+0000] {logging_mixin.py:137} INFO - [2023-05-11T04:51:53.487+0000] {dag.py:3456} INFO - Setting next_dagrun for scrape_and_save_to_csv to 2023-05-11T04:00:00+00:00, run_after=2023-05-11T05:00:00+00:00
[2023-05-11T04:51:53.523+0000] {processor.py:175} INFO - Processing /opt/airflow/dags/scrape_and_push_dag.py took 1.376 seconds
[2023-05-11T04:52:00.126+0000] {processor.py:153} INFO - Started process (PID=20808) to work on /opt/airflow/dags/scrape_and_push_dag.py
[2023-05-11T04:52:00.128+0000] {processor.py:743} INFO - Processing file /opt/airflow/dags/scrape_and_push_dag.py for tasks to queue
[2023-05-11T04:52:00.129+0000] {logging_mixin.py:137} INFO - [2023-05-11T04:52:00.129+0000] {dagbag.py:532} INFO - Filling up the DagBag from /opt/airflow/dags/scrape_and_push_dag.py
[2023-05-11T04:52:00.496+0000] {processor.py:753} INFO - DAG(s) dict_keys(['scrape_and_save_to_csv']) retrieved from /opt/airflow/dags/scrape_and_push_dag.py
[2023-05-11T04:52:00.515+0000] {logging_mixin.py:137} INFO - [2023-05-11T04:52:00.514+0000] {taskinstance.py:1778} ERROR - {'DAG Id': 'scrape_and_save_to_csv', 'Task Id': 'scrape_teams_1-8', 'Run Id': 'scheduled__2023-05-11T03:00:00+00:00', 'Hostname': 'f41dbfa3d325', 'External Executor Id': 'f0944049-a68e-46b3-a198-1d85d2cb1ace'}
[2023-05-11T04:52:00.526+0000] {logging_mixin.py:137} INFO - [2023-05-11T04:52:00.526+0000] {taskinstance.py:1332} INFO - Marking task as FAILED. dag_id=scrape_and_save_to_csv, task_id=scrape_teams_1-8, execution_date=20230511T030000, start_date=20230511T043427, end_date=20230511T045200
[2023-05-11T04:52:00.533+0000] {processor.py:713} INFO - Executed failure callback for <TaskInstance: scrape_and_save_to_csv.scrape_teams_1-8 scheduled__2023-05-11T03:00:00+00:00 [failed]> in state failed
[2023-05-11T04:52:00.545+0000] {logging_mixin.py:137} INFO - [2023-05-11T04:52:00.544+0000] {dag.py:2705} INFO - Sync 1 DAGs
[2023-05-11T04:52:00.589+0000] {processor.py:175} INFO - Processing /opt/airflow/dags/scrape_and_push_dag.py took 0.467 seconds
[2023-05-11T05:22:24.014+0000] {processor.py:153} INFO - Started process (PID=20810) to work on /opt/airflow/dags/scrape_and_push_dag.py
[2023-05-11T05:22:24.018+0000] {processor.py:743} INFO - Processing file /opt/airflow/dags/scrape_and_push_dag.py for tasks to queue
[2023-05-11T05:22:24.022+0000] {logging_mixin.py:137} INFO - [2023-05-11T05:22:24.021+0000] {dagbag.py:532} INFO - Filling up the DagBag from /opt/airflow/dags/scrape_and_push_dag.py
[2023-05-11T05:22:25.059+0000] {processor.py:753} INFO - DAG(s) dict_keys(['scrape_and_save_to_csv']) retrieved from /opt/airflow/dags/scrape_and_push_dag.py
[2023-05-11T05:22:25.117+0000] {logging_mixin.py:137} INFO - [2023-05-11T05:22:25.117+0000] {dag.py:2705} INFO - Sync 1 DAGs
[2023-05-11T05:22:25.195+0000] {processor.py:175} INFO - Processing /opt/airflow/dags/scrape_and_push_dag.py took 1.184 seconds
[2023-05-11T05:22:55.488+0000] {processor.py:153} INFO - Started process (PID=20824) to work on /opt/airflow/dags/scrape_and_push_dag.py
[2023-05-11T05:22:55.492+0000] {processor.py:743} INFO - Processing file /opt/airflow/dags/scrape_and_push_dag.py for tasks to queue
[2023-05-11T05:22:55.495+0000] {logging_mixin.py:137} INFO - [2023-05-11T05:22:55.495+0000] {dagbag.py:532} INFO - Filling up the DagBag from /opt/airflow/dags/scrape_and_push_dag.py
[2023-05-11T05:22:55.961+0000] {processor.py:753} INFO - DAG(s) dict_keys(['scrape_and_save_to_csv']) retrieved from /opt/airflow/dags/scrape_and_push_dag.py
[2023-05-11T05:22:55.978+0000] {logging_mixin.py:137} INFO - [2023-05-11T05:22:55.978+0000] {dag.py:2705} INFO - Sync 1 DAGs
[2023-05-11T05:22:55.995+0000] {logging_mixin.py:137} INFO - [2023-05-11T05:22:55.995+0000] {dag.py:3456} INFO - Setting next_dagrun for scrape_and_save_to_csv to 2023-05-11T05:00:00+00:00, run_after=2023-05-11T06:00:00+00:00
[2023-05-11T05:22:56.005+0000] {processor.py:175} INFO - Processing /opt/airflow/dags/scrape_and_push_dag.py took 0.522 seconds
[2023-05-11T05:23:26.337+0000] {processor.py:153} INFO - Started process (PID=20833) to work on /opt/airflow/dags/scrape_and_push_dag.py
[2023-05-11T05:23:26.339+0000] {processor.py:743} INFO - Processing file /opt/airflow/dags/scrape_and_push_dag.py for tasks to queue
[2023-05-11T05:23:26.346+0000] {logging_mixin.py:137} INFO - [2023-05-11T05:23:26.346+0000] {dagbag.py:532} INFO - Filling up the DagBag from /opt/airflow/dags/scrape_and_push_dag.py
[2023-05-11T05:23:26.627+0000] {processor.py:753} INFO - DAG(s) dict_keys(['scrape_and_save_to_csv']) retrieved from /opt/airflow/dags/scrape_and_push_dag.py
[2023-05-11T05:23:26.645+0000] {logging_mixin.py:137} INFO - [2023-05-11T05:23:26.645+0000] {dag.py:2705} INFO - Sync 1 DAGs
[2023-05-11T05:23:26.661+0000] {logging_mixin.py:137} INFO - [2023-05-11T05:23:26.660+0000] {dag.py:3456} INFO - Setting next_dagrun for scrape_and_save_to_csv to 2023-05-11T05:00:00+00:00, run_after=2023-05-11T06:00:00+00:00
[2023-05-11T05:23:26.671+0000] {processor.py:175} INFO - Processing /opt/airflow/dags/scrape_and_push_dag.py took 0.338 seconds
[2023-05-11T05:23:56.994+0000] {processor.py:153} INFO - Started process (PID=20842) to work on /opt/airflow/dags/scrape_and_push_dag.py
[2023-05-11T05:23:56.997+0000] {processor.py:743} INFO - Processing file /opt/airflow/dags/scrape_and_push_dag.py for tasks to queue
[2023-05-11T05:23:56.999+0000] {logging_mixin.py:137} INFO - [2023-05-11T05:23:56.999+0000] {dagbag.py:532} INFO - Filling up the DagBag from /opt/airflow/dags/scrape_and_push_dag.py
[2023-05-11T05:23:57.285+0000] {processor.py:753} INFO - DAG(s) dict_keys(['scrape_and_save_to_csv']) retrieved from /opt/airflow/dags/scrape_and_push_dag.py
[2023-05-11T05:23:57.303+0000] {logging_mixin.py:137} INFO - [2023-05-11T05:23:57.302+0000] {dag.py:2705} INFO - Sync 1 DAGs
[2023-05-11T05:23:57.319+0000] {logging_mixin.py:137} INFO - [2023-05-11T05:23:57.319+0000] {dag.py:3456} INFO - Setting next_dagrun for scrape_and_save_to_csv to 2023-05-11T05:00:00+00:00, run_after=2023-05-11T06:00:00+00:00
[2023-05-11T05:23:57.329+0000] {processor.py:175} INFO - Processing /opt/airflow/dags/scrape_and_push_dag.py took 0.339 seconds
[2023-05-11T05:24:27.594+0000] {processor.py:153} INFO - Started process (PID=20851) to work on /opt/airflow/dags/scrape_and_push_dag.py
[2023-05-11T05:24:27.597+0000] {processor.py:743} INFO - Processing file /opt/airflow/dags/scrape_and_push_dag.py for tasks to queue
[2023-05-11T05:24:27.599+0000] {logging_mixin.py:137} INFO - [2023-05-11T05:24:27.599+0000] {dagbag.py:532} INFO - Filling up the DagBag from /opt/airflow/dags/scrape_and_push_dag.py
[2023-05-11T05:24:27.916+0000] {processor.py:753} INFO - DAG(s) dict_keys(['scrape_and_save_to_csv']) retrieved from /opt/airflow/dags/scrape_and_push_dag.py
[2023-05-11T05:24:27.934+0000] {logging_mixin.py:137} INFO - [2023-05-11T05:24:27.934+0000] {dag.py:2705} INFO - Sync 1 DAGs
[2023-05-11T05:24:27.948+0000] {logging_mixin.py:137} INFO - [2023-05-11T05:24:27.948+0000] {dag.py:3456} INFO - Setting next_dagrun for scrape_and_save_to_csv to 2023-05-11T05:00:00+00:00, run_after=2023-05-11T06:00:00+00:00
[2023-05-11T05:24:27.959+0000] {processor.py:175} INFO - Processing /opt/airflow/dags/scrape_and_push_dag.py took 0.369 seconds
[2023-05-11T05:24:58.216+0000] {processor.py:153} INFO - Started process (PID=20860) to work on /opt/airflow/dags/scrape_and_push_dag.py
[2023-05-11T05:24:58.219+0000] {processor.py:743} INFO - Processing file /opt/airflow/dags/scrape_and_push_dag.py for tasks to queue
[2023-05-11T05:24:58.221+0000] {logging_mixin.py:137} INFO - [2023-05-11T05:24:58.220+0000] {dagbag.py:532} INFO - Filling up the DagBag from /opt/airflow/dags/scrape_and_push_dag.py
[2023-05-11T05:24:58.736+0000] {processor.py:753} INFO - DAG(s) dict_keys(['scrape_and_save_to_csv']) retrieved from /opt/airflow/dags/scrape_and_push_dag.py
[2023-05-11T05:24:58.765+0000] {logging_mixin.py:137} INFO - [2023-05-11T05:24:58.764+0000] {dag.py:2705} INFO - Sync 1 DAGs
[2023-05-11T05:24:58.785+0000] {logging_mixin.py:137} INFO - [2023-05-11T05:24:58.785+0000] {dag.py:3456} INFO - Setting next_dagrun for scrape_and_save_to_csv to 2023-05-11T05:00:00+00:00, run_after=2023-05-11T06:00:00+00:00
[2023-05-11T05:24:58.800+0000] {processor.py:175} INFO - Processing /opt/airflow/dags/scrape_and_push_dag.py took 0.589 seconds
[2023-05-11T05:25:29.201+0000] {processor.py:153} INFO - Started process (PID=20869) to work on /opt/airflow/dags/scrape_and_push_dag.py
[2023-05-11T05:25:29.203+0000] {processor.py:743} INFO - Processing file /opt/airflow/dags/scrape_and_push_dag.py for tasks to queue
[2023-05-11T05:25:29.205+0000] {logging_mixin.py:137} INFO - [2023-05-11T05:25:29.205+0000] {dagbag.py:532} INFO - Filling up the DagBag from /opt/airflow/dags/scrape_and_push_dag.py
[2023-05-11T05:25:29.510+0000] {processor.py:753} INFO - DAG(s) dict_keys(['scrape_and_save_to_csv']) retrieved from /opt/airflow/dags/scrape_and_push_dag.py
[2023-05-11T05:25:29.529+0000] {logging_mixin.py:137} INFO - [2023-05-11T05:25:29.529+0000] {dag.py:2705} INFO - Sync 1 DAGs
[2023-05-11T05:25:29.544+0000] {logging_mixin.py:137} INFO - [2023-05-11T05:25:29.544+0000] {dag.py:3456} INFO - Setting next_dagrun for scrape_and_save_to_csv to 2023-05-11T05:00:00+00:00, run_after=2023-05-11T06:00:00+00:00
[2023-05-11T05:25:29.555+0000] {processor.py:175} INFO - Processing /opt/airflow/dags/scrape_and_push_dag.py took 0.358 seconds
[2023-05-11T05:25:59.655+0000] {processor.py:153} INFO - Started process (PID=20878) to work on /opt/airflow/dags/scrape_and_push_dag.py
[2023-05-11T05:25:59.657+0000] {processor.py:743} INFO - Processing file /opt/airflow/dags/scrape_and_push_dag.py for tasks to queue
[2023-05-11T05:25:59.658+0000] {logging_mixin.py:137} INFO - [2023-05-11T05:25:59.658+0000] {dagbag.py:532} INFO - Filling up the DagBag from /opt/airflow/dags/scrape_and_push_dag.py
[2023-05-11T05:25:59.961+0000] {processor.py:753} INFO - DAG(s) dict_keys(['scrape_and_save_to_csv']) retrieved from /opt/airflow/dags/scrape_and_push_dag.py
[2023-05-11T05:25:59.984+0000] {logging_mixin.py:137} INFO - [2023-05-11T05:25:59.983+0000] {dag.py:2705} INFO - Sync 1 DAGs
[2023-05-11T05:26:00.003+0000] {logging_mixin.py:137} INFO - [2023-05-11T05:26:00.003+0000] {dag.py:3456} INFO - Setting next_dagrun for scrape_and_save_to_csv to 2023-05-11T05:00:00+00:00, run_after=2023-05-11T06:00:00+00:00
[2023-05-11T05:26:00.024+0000] {processor.py:175} INFO - Processing /opt/airflow/dags/scrape_and_push_dag.py took 0.372 seconds
[2023-05-11T05:26:30.232+0000] {processor.py:153} INFO - Started process (PID=20888) to work on /opt/airflow/dags/scrape_and_push_dag.py
[2023-05-11T05:26:30.235+0000] {processor.py:743} INFO - Processing file /opt/airflow/dags/scrape_and_push_dag.py for tasks to queue
[2023-05-11T05:26:30.237+0000] {logging_mixin.py:137} INFO - [2023-05-11T05:26:30.237+0000] {dagbag.py:532} INFO - Filling up the DagBag from /opt/airflow/dags/scrape_and_push_dag.py
[2023-05-11T05:26:30.522+0000] {processor.py:753} INFO - DAG(s) dict_keys(['scrape_and_save_to_csv']) retrieved from /opt/airflow/dags/scrape_and_push_dag.py
[2023-05-11T05:26:30.539+0000] {logging_mixin.py:137} INFO - [2023-05-11T05:26:30.539+0000] {dag.py:2705} INFO - Sync 1 DAGs
[2023-05-11T05:26:30.554+0000] {logging_mixin.py:137} INFO - [2023-05-11T05:26:30.554+0000] {dag.py:3456} INFO - Setting next_dagrun for scrape_and_save_to_csv to 2023-05-11T05:00:00+00:00, run_after=2023-05-11T06:00:00+00:00
[2023-05-11T05:26:30.564+0000] {processor.py:175} INFO - Processing /opt/airflow/dags/scrape_and_push_dag.py took 0.336 seconds
[2023-05-11T05:27:00.625+0000] {processor.py:153} INFO - Started process (PID=20898) to work on /opt/airflow/dags/scrape_and_push_dag.py
[2023-05-11T05:27:00.627+0000] {processor.py:743} INFO - Processing file /opt/airflow/dags/scrape_and_push_dag.py for tasks to queue
[2023-05-11T05:27:00.628+0000] {logging_mixin.py:137} INFO - [2023-05-11T05:27:00.628+0000] {dagbag.py:532} INFO - Filling up the DagBag from /opt/airflow/dags/scrape_and_push_dag.py
[2023-05-11T05:27:00.986+0000] {processor.py:753} INFO - DAG(s) dict_keys(['scrape_and_save_to_csv']) retrieved from /opt/airflow/dags/scrape_and_push_dag.py
[2023-05-11T05:27:01.009+0000] {logging_mixin.py:137} INFO - [2023-05-11T05:27:01.008+0000] {dag.py:2705} INFO - Sync 1 DAGs
[2023-05-11T05:27:01.026+0000] {logging_mixin.py:137} INFO - [2023-05-11T05:27:01.026+0000] {dag.py:3456} INFO - Setting next_dagrun for scrape_and_save_to_csv to 2023-05-11T05:00:00+00:00, run_after=2023-05-11T06:00:00+00:00
[2023-05-11T05:27:01.037+0000] {processor.py:175} INFO - Processing /opt/airflow/dags/scrape_and_push_dag.py took 0.416 seconds
