[2023-05-02T18:30:01.808+0000] {taskinstance.py:1090} INFO - Dependencies all met for dep_context=non-requeueable deps ti=<TaskInstance: scrape_and_save_to_csv.scrape_teams_1-8 scheduled__2023-05-02T17:30:00+00:00 [queued]>
[2023-05-02T18:30:01.828+0000] {taskinstance.py:1090} INFO - Dependencies all met for dep_context=requeueable deps ti=<TaskInstance: scrape_and_save_to_csv.scrape_teams_1-8 scheduled__2023-05-02T17:30:00+00:00 [queued]>
[2023-05-02T18:30:01.829+0000] {taskinstance.py:1288} INFO - 
--------------------------------------------------------------------------------
[2023-05-02T18:30:01.830+0000] {taskinstance.py:1289} INFO - Starting attempt 1 of 1
[2023-05-02T18:30:01.848+0000] {taskinstance.py:1290} INFO - 
--------------------------------------------------------------------------------
[2023-05-02T18:30:01.866+0000] {taskinstance.py:1309} INFO - Executing <Task(PythonOperator): scrape_teams_1-8> on 2023-05-02 17:30:00+00:00
[2023-05-02T18:30:01.879+0000] {standard_task_runner.py:55} INFO - Started process 22989 to run task
[2023-05-02T18:30:01.890+0000] {standard_task_runner.py:82} INFO - Running: ['***', 'tasks', 'run', 'scrape_and_save_to_csv', 'scrape_teams_1-8', 'scheduled__2023-05-02T17:30:00+00:00', '--job-id', '2246', '--raw', '--subdir', 'DAGS_FOLDER/scrape_and_save_csv_dag.py', '--cfg-path', '/tmp/tmpw78u2z_l']
[2023-05-02T18:30:01.898+0000] {standard_task_runner.py:83} INFO - Job 2246: Subtask scrape_teams_1-8
[2023-05-02T18:30:02.054+0000] {task_command.py:389} INFO - Running <TaskInstance: scrape_and_save_to_csv.scrape_teams_1-8 scheduled__2023-05-02T17:30:00+00:00 [running]> on host 5d4cd8acb346
[2023-05-02T18:30:02.245+0000] {taskinstance.py:1518} INFO - Exporting the following env vars:
AIRFLOW_CTX_DAG_OWNER=***
AIRFLOW_CTX_DAG_ID=scrape_and_save_to_csv
AIRFLOW_CTX_TASK_ID=scrape_teams_1-8
AIRFLOW_CTX_EXECUTION_DATE=2023-05-02T17:30:00+00:00
AIRFLOW_CTX_TRY_NUMBER=1
AIRFLOW_CTX_DAG_RUN_ID=scheduled__2023-05-02T17:30:00+00:00
[2023-05-02T18:30:06.494+0000] {warnings.py:110} WARNING - /home/***/.local/lib/python3.7/site-packages/***/utils/context.py:313: AirflowContextDeprecationWarning: Accessing 'execution_date' from the template is deprecated and will be removed in a future version. Please use 'data_interval_start' or 'logical_date' instead.
  warnings.warn(_create_deprecation_warning(k, replacements))

[2023-05-02T18:30:06.947+0000] {helpers.py:80} INFO - Atlanta Hawks: Successfully scraped!
[2023-05-02T18:30:10.018+0000] {helpers.py:80} INFO - Boston Celtics: Successfully scraped!
[2023-05-02T18:30:12.926+0000] {helpers.py:80} INFO - Brooklyn Nets: Successfully scraped!
[2023-05-02T18:30:16.895+0000] {helpers.py:80} INFO - Charlotte Hornets: Successfully scraped!
[2023-05-02T18:30:19.961+0000] {helpers.py:80} INFO - Chicago Bulls: Successfully scraped!
[2023-05-02T18:30:23.344+0000] {helpers.py:80} INFO - Cleveland Cavaliers: Successfully scraped!
[2023-05-02T18:30:26.701+0000] {helpers.py:80} INFO - Dallas Mavericks: Successfully scraped!
[2023-05-02T18:30:29.622+0000] {helpers.py:80} INFO - Denver Nuggets: Successfully scraped!
[2023-05-02T18:30:29.656+0000] {helpers.py:96} INFO - Saved in /opt/***/data/output_scrape_teams_1-8.csv
[2023-05-02T18:30:29.660+0000] {python.py:177} INFO - Done. Returned value was: None
[2023-05-02T18:30:29.683+0000] {taskinstance.py:1332} INFO - Marking task as SUCCESS. dag_id=scrape_and_save_to_csv, task_id=scrape_teams_1-8, execution_date=20230502T173000, start_date=20230502T183001, end_date=20230502T183029
[2023-05-02T18:30:29.803+0000] {local_task_job.py:212} INFO - Task exited with return code 0
[2023-05-02T18:30:29.851+0000] {taskinstance.py:2596} INFO - 0 downstream tasks scheduled from follow-on schedule check
