[2023-05-01T07:17:11.215+0000] {taskinstance.py:1090} INFO - Dependencies all met for dep_context=non-requeueable deps ti=<TaskInstance: scrape_and_save_to_csv.scrape_teams_25-30 scheduled__2023-05-01T05:30:00+00:00 [queued]>
[2023-05-01T07:17:11.234+0000] {taskinstance.py:1090} INFO - Dependencies all met for dep_context=requeueable deps ti=<TaskInstance: scrape_and_save_to_csv.scrape_teams_25-30 scheduled__2023-05-01T05:30:00+00:00 [queued]>
[2023-05-01T07:17:11.235+0000] {taskinstance.py:1288} INFO - 
--------------------------------------------------------------------------------
[2023-05-01T07:17:11.236+0000] {taskinstance.py:1289} INFO - Starting attempt 1 of 1
[2023-05-01T07:17:11.238+0000] {taskinstance.py:1290} INFO - 
--------------------------------------------------------------------------------
[2023-05-01T07:17:11.265+0000] {taskinstance.py:1309} INFO - Executing <Task(PythonOperator): scrape_teams_25-30> on 2023-05-01 05:30:00+00:00
[2023-05-01T07:17:11.273+0000] {standard_task_runner.py:55} INFO - Started process 5656 to run task
[2023-05-01T07:17:11.279+0000] {standard_task_runner.py:82} INFO - Running: ['***', 'tasks', 'run', 'scrape_and_save_to_csv', 'scrape_teams_25-30', 'scheduled__2023-05-01T05:30:00+00:00', '--job-id', '2015', '--raw', '--subdir', 'DAGS_FOLDER/scrape_and_save_csv_dag.py', '--cfg-path', '/tmp/tmpud9sxbr8']
[2023-05-01T07:17:11.283+0000] {standard_task_runner.py:83} INFO - Job 2015: Subtask scrape_teams_25-30
[2023-05-01T07:17:11.396+0000] {task_command.py:389} INFO - Running <TaskInstance: scrape_and_save_to_csv.scrape_teams_25-30 scheduled__2023-05-01T05:30:00+00:00 [running]> on host 5d4cd8acb346
[2023-05-01T07:17:11.518+0000] {taskinstance.py:1518} INFO - Exporting the following env vars:
AIRFLOW_CTX_DAG_OWNER=***
AIRFLOW_CTX_DAG_ID=scrape_and_save_to_csv
AIRFLOW_CTX_TASK_ID=scrape_teams_25-30
AIRFLOW_CTX_EXECUTION_DATE=2023-05-01T05:30:00+00:00
AIRFLOW_CTX_TRY_NUMBER=1
AIRFLOW_CTX_DAG_RUN_ID=scheduled__2023-05-01T05:30:00+00:00
[2023-05-01T07:17:11.531+0000] {logging_mixin.py:137} INFO - HTTPSConnectionPool(host='api.pushshift.io', port=443): Max retries exceeded with url: /reddit/search/submission/?subreddit=ripcity&sort=created_utc&sort_type=desc&size=500 (Caused by NewConnectionError('<urllib3.connection.HTTPSConnection object at 0xffffa0044290>: Failed to establish a new connection: [Errno -2] Name or service not known'))
[2023-05-01T07:17:11.538+0000] {helpers.py:86} ERROR - HTTPSConnectionPool(host='api.pushshift.io', port=443): Max retries exceeded with url: /reddit/search/submission/?subreddit=ripcity&sort=created_utc&sort_type=desc&size=500 (Caused by NewConnectionError('<urllib3.connection.HTTPSConnection object at 0xffffa0044290>: Failed to establish a new connection: [Errno -2] Name or service not known'))
[2023-05-01T07:17:11.539+0000] {helpers.py:87} ERROR - Retrying! 9 attempts before skipping!
[2023-05-01T07:17:12.625+0000] {logging_mixin.py:137} INFO - HTTPSConnectionPool(host='api.pushshift.io', port=443): Max retries exceeded with url: /reddit/search/submission/?subreddit=ripcity&sort=created_utc&sort_type=desc&size=500 (Caused by NewConnectionError('<urllib3.connection.HTTPSConnection object at 0xffffa004d650>: Failed to establish a new connection: [Errno -2] Name or service not known'))
[2023-05-01T07:17:12.634+0000] {helpers.py:86} ERROR - HTTPSConnectionPool(host='api.pushshift.io', port=443): Max retries exceeded with url: /reddit/search/submission/?subreddit=ripcity&sort=created_utc&sort_type=desc&size=500 (Caused by NewConnectionError('<urllib3.connection.HTTPSConnection object at 0xffffa004d650>: Failed to establish a new connection: [Errno -2] Name or service not known'))
[2023-05-01T07:17:12.640+0000] {helpers.py:87} ERROR - Retrying! 8 attempts before skipping!
[2023-05-01T07:17:13.652+0000] {logging_mixin.py:137} INFO - HTTPSConnectionPool(host='api.pushshift.io', port=443): Max retries exceeded with url: /reddit/search/submission/?subreddit=ripcity&sort=created_utc&sort_type=desc&size=500 (Caused by NewConnectionError('<urllib3.connection.HTTPSConnection object at 0xffffa004d110>: Failed to establish a new connection: [Errno -2] Name or service not known'))
[2023-05-01T07:17:13.657+0000] {helpers.py:86} ERROR - HTTPSConnectionPool(host='api.pushshift.io', port=443): Max retries exceeded with url: /reddit/search/submission/?subreddit=ripcity&sort=created_utc&sort_type=desc&size=500 (Caused by NewConnectionError('<urllib3.connection.HTTPSConnection object at 0xffffa004d110>: Failed to establish a new connection: [Errno -2] Name or service not known'))
[2023-05-01T07:17:13.658+0000] {helpers.py:87} ERROR - Retrying! 7 attempts before skipping!
[2023-05-01T07:17:14.673+0000] {logging_mixin.py:137} INFO - HTTPSConnectionPool(host='api.pushshift.io', port=443): Max retries exceeded with url: /reddit/search/submission/?subreddit=ripcity&sort=created_utc&sort_type=desc&size=500 (Caused by NewConnectionError('<urllib3.connection.HTTPSConnection object at 0xffffa004d650>: Failed to establish a new connection: [Errno -2] Name or service not known'))
[2023-05-01T07:17:14.675+0000] {helpers.py:86} ERROR - HTTPSConnectionPool(host='api.pushshift.io', port=443): Max retries exceeded with url: /reddit/search/submission/?subreddit=ripcity&sort=created_utc&sort_type=desc&size=500 (Caused by NewConnectionError('<urllib3.connection.HTTPSConnection object at 0xffffa004d650>: Failed to establish a new connection: [Errno -2] Name or service not known'))
[2023-05-01T07:17:14.678+0000] {helpers.py:87} ERROR - Retrying! 6 attempts before skipping!
[2023-05-01T07:17:15.693+0000] {logging_mixin.py:137} INFO - HTTPSConnectionPool(host='api.pushshift.io', port=443): Max retries exceeded with url: /reddit/search/submission/?subreddit=ripcity&sort=created_utc&sort_type=desc&size=500 (Caused by NewConnectionError('<urllib3.connection.HTTPSConnection object at 0xffffa004d110>: Failed to establish a new connection: [Errno -2] Name or service not known'))
[2023-05-01T07:17:15.697+0000] {helpers.py:86} ERROR - HTTPSConnectionPool(host='api.pushshift.io', port=443): Max retries exceeded with url: /reddit/search/submission/?subreddit=ripcity&sort=created_utc&sort_type=desc&size=500 (Caused by NewConnectionError('<urllib3.connection.HTTPSConnection object at 0xffffa004d110>: Failed to establish a new connection: [Errno -2] Name or service not known'))
[2023-05-01T07:17:15.699+0000] {helpers.py:87} ERROR - Retrying! 5 attempts before skipping!
[2023-05-01T07:17:16.706+0000] {logging_mixin.py:137} INFO - HTTPSConnectionPool(host='api.pushshift.io', port=443): Max retries exceeded with url: /reddit/search/submission/?subreddit=ripcity&sort=created_utc&sort_type=desc&size=500 (Caused by NewConnectionError('<urllib3.connection.HTTPSConnection object at 0xffffa004d650>: Failed to establish a new connection: [Errno -2] Name or service not known'))
[2023-05-01T07:17:16.708+0000] {helpers.py:86} ERROR - HTTPSConnectionPool(host='api.pushshift.io', port=443): Max retries exceeded with url: /reddit/search/submission/?subreddit=ripcity&sort=created_utc&sort_type=desc&size=500 (Caused by NewConnectionError('<urllib3.connection.HTTPSConnection object at 0xffffa004d650>: Failed to establish a new connection: [Errno -2] Name or service not known'))
[2023-05-01T07:17:16.709+0000] {helpers.py:87} ERROR - Retrying! 4 attempts before skipping!
[2023-05-01T07:17:17.717+0000] {logging_mixin.py:137} INFO - HTTPSConnectionPool(host='api.pushshift.io', port=443): Max retries exceeded with url: /reddit/search/submission/?subreddit=ripcity&sort=created_utc&sort_type=desc&size=500 (Caused by NewConnectionError('<urllib3.connection.HTTPSConnection object at 0xffffa004d110>: Failed to establish a new connection: [Errno -2] Name or service not known'))
[2023-05-01T07:17:17.719+0000] {helpers.py:86} ERROR - HTTPSConnectionPool(host='api.pushshift.io', port=443): Max retries exceeded with url: /reddit/search/submission/?subreddit=ripcity&sort=created_utc&sort_type=desc&size=500 (Caused by NewConnectionError('<urllib3.connection.HTTPSConnection object at 0xffffa004d110>: Failed to establish a new connection: [Errno -2] Name or service not known'))
[2023-05-01T07:17:17.724+0000] {helpers.py:87} ERROR - Retrying! 3 attempts before skipping!
[2023-05-01T07:17:18.734+0000] {logging_mixin.py:137} INFO - HTTPSConnectionPool(host='api.pushshift.io', port=443): Max retries exceeded with url: /reddit/search/submission/?subreddit=ripcity&sort=created_utc&sort_type=desc&size=500 (Caused by NewConnectionError('<urllib3.connection.HTTPSConnection object at 0xffffa004d650>: Failed to establish a new connection: [Errno -2] Name or service not known'))
[2023-05-01T07:17:18.736+0000] {helpers.py:86} ERROR - HTTPSConnectionPool(host='api.pushshift.io', port=443): Max retries exceeded with url: /reddit/search/submission/?subreddit=ripcity&sort=created_utc&sort_type=desc&size=500 (Caused by NewConnectionError('<urllib3.connection.HTTPSConnection object at 0xffffa004d650>: Failed to establish a new connection: [Errno -2] Name or service not known'))
[2023-05-01T07:17:18.741+0000] {helpers.py:87} ERROR - Retrying! 2 attempts before skipping!
[2023-05-01T07:17:19.753+0000] {logging_mixin.py:137} INFO - HTTPSConnectionPool(host='api.pushshift.io', port=443): Max retries exceeded with url: /reddit/search/submission/?subreddit=ripcity&sort=created_utc&sort_type=desc&size=500 (Caused by NewConnectionError('<urllib3.connection.HTTPSConnection object at 0xffffa004d110>: Failed to establish a new connection: [Errno -2] Name or service not known'))
[2023-05-01T07:17:19.756+0000] {helpers.py:86} ERROR - HTTPSConnectionPool(host='api.pushshift.io', port=443): Max retries exceeded with url: /reddit/search/submission/?subreddit=ripcity&sort=created_utc&sort_type=desc&size=500 (Caused by NewConnectionError('<urllib3.connection.HTTPSConnection object at 0xffffa004d110>: Failed to establish a new connection: [Errno -2] Name or service not known'))
[2023-05-01T07:17:19.757+0000] {helpers.py:87} ERROR - Retrying! 1 attempts before skipping!
[2023-05-01T07:17:20.771+0000] {logging_mixin.py:137} INFO - HTTPSConnectionPool(host='api.pushshift.io', port=443): Max retries exceeded with url: /reddit/search/submission/?subreddit=ripcity&sort=created_utc&sort_type=desc&size=500 (Caused by NewConnectionError('<urllib3.connection.HTTPSConnection object at 0xffffa004d650>: Failed to establish a new connection: [Errno -2] Name or service not known'))
[2023-05-01T07:17:20.774+0000] {helpers.py:86} ERROR - HTTPSConnectionPool(host='api.pushshift.io', port=443): Max retries exceeded with url: /reddit/search/submission/?subreddit=ripcity&sort=created_utc&sort_type=desc&size=500 (Caused by NewConnectionError('<urllib3.connection.HTTPSConnection object at 0xffffa004d650>: Failed to establish a new connection: [Errno -2] Name or service not known'))
[2023-05-01T07:17:20.776+0000] {helpers.py:87} ERROR - Retrying! 0 attempts before skipping!
[2023-05-01T07:17:21.796+0000] {logging_mixin.py:137} INFO - HTTPSConnectionPool(host='api.pushshift.io', port=443): Max retries exceeded with url: /reddit/search/submission/?subreddit=ripcity&sort=created_utc&sort_type=desc&size=500 (Caused by NewConnectionError('<urllib3.connection.HTTPSConnection object at 0xffffa004d110>: Failed to establish a new connection: [Errno -2] Name or service not known'))
[2023-05-01T07:17:21.802+0000] {helpers.py:86} ERROR - HTTPSConnectionPool(host='api.pushshift.io', port=443): Max retries exceeded with url: /reddit/search/submission/?subreddit=ripcity&sort=created_utc&sort_type=desc&size=500 (Caused by NewConnectionError('<urllib3.connection.HTTPSConnection object at 0xffffa004d110>: Failed to establish a new connection: [Errno -2] Name or service not known'))
[2023-05-01T07:17:21.804+0000] {helpers.py:87} ERROR - Retrying! -1 attempts before skipping!
[2023-05-01T07:17:22.813+0000] {logging_mixin.py:137} INFO - HTTPSConnectionPool(host='api.pushshift.io', port=443): Max retries exceeded with url: /reddit/search/submission/?subreddit=kings&sort=created_utc&sort_type=desc&size=500 (Caused by NewConnectionError('<urllib3.connection.HTTPSConnection object at 0xffffa004d110>: Failed to establish a new connection: [Errno -2] Name or service not known'))
[2023-05-01T07:17:22.816+0000] {helpers.py:86} ERROR - HTTPSConnectionPool(host='api.pushshift.io', port=443): Max retries exceeded with url: /reddit/search/submission/?subreddit=kings&sort=created_utc&sort_type=desc&size=500 (Caused by NewConnectionError('<urllib3.connection.HTTPSConnection object at 0xffffa004d110>: Failed to establish a new connection: [Errno -2] Name or service not known'))
[2023-05-01T07:17:22.818+0000] {helpers.py:87} ERROR - Retrying! 9 attempts before skipping!
[2023-05-01T07:17:23.863+0000] {logging_mixin.py:137} INFO - HTTPSConnectionPool(host='api.pushshift.io', port=443): Max retries exceeded with url: /reddit/search/submission/?subreddit=kings&sort=created_utc&sort_type=desc&size=500 (Caused by NewConnectionError('<urllib3.connection.HTTPSConnection object at 0xffffa004d050>: Failed to establish a new connection: [Errno -2] Name or service not known'))
[2023-05-01T07:17:23.866+0000] {helpers.py:86} ERROR - HTTPSConnectionPool(host='api.pushshift.io', port=443): Max retries exceeded with url: /reddit/search/submission/?subreddit=kings&sort=created_utc&sort_type=desc&size=500 (Caused by NewConnectionError('<urllib3.connection.HTTPSConnection object at 0xffffa004d050>: Failed to establish a new connection: [Errno -2] Name or service not known'))
[2023-05-01T07:17:23.868+0000] {helpers.py:87} ERROR - Retrying! 8 attempts before skipping!
[2023-05-01T07:17:24.898+0000] {logging_mixin.py:137} INFO - HTTPSConnectionPool(host='api.pushshift.io', port=443): Max retries exceeded with url: /reddit/search/submission/?subreddit=kings&sort=created_utc&sort_type=desc&size=500 (Caused by NewConnectionError('<urllib3.connection.HTTPSConnection object at 0xffffa004d110>: Failed to establish a new connection: [Errno -2] Name or service not known'))
[2023-05-01T07:17:24.904+0000] {helpers.py:86} ERROR - HTTPSConnectionPool(host='api.pushshift.io', port=443): Max retries exceeded with url: /reddit/search/submission/?subreddit=kings&sort=created_utc&sort_type=desc&size=500 (Caused by NewConnectionError('<urllib3.connection.HTTPSConnection object at 0xffffa004d110>: Failed to establish a new connection: [Errno -2] Name or service not known'))
[2023-05-01T07:17:24.906+0000] {helpers.py:87} ERROR - Retrying! 7 attempts before skipping!
[2023-05-01T07:17:25.917+0000] {logging_mixin.py:137} INFO - HTTPSConnectionPool(host='api.pushshift.io', port=443): Max retries exceeded with url: /reddit/search/submission/?subreddit=kings&sort=created_utc&sort_type=desc&size=500 (Caused by NewConnectionError('<urllib3.connection.HTTPSConnection object at 0xffffa004d050>: Failed to establish a new connection: [Errno -2] Name or service not known'))
[2023-05-01T07:17:25.920+0000] {helpers.py:86} ERROR - HTTPSConnectionPool(host='api.pushshift.io', port=443): Max retries exceeded with url: /reddit/search/submission/?subreddit=kings&sort=created_utc&sort_type=desc&size=500 (Caused by NewConnectionError('<urllib3.connection.HTTPSConnection object at 0xffffa004d050>: Failed to establish a new connection: [Errno -2] Name or service not known'))
[2023-05-01T07:17:25.921+0000] {helpers.py:87} ERROR - Retrying! 6 attempts before skipping!
[2023-05-01T07:17:26.936+0000] {logging_mixin.py:137} INFO - HTTPSConnectionPool(host='api.pushshift.io', port=443): Max retries exceeded with url: /reddit/search/submission/?subreddit=kings&sort=created_utc&sort_type=desc&size=500 (Caused by NewConnectionError('<urllib3.connection.HTTPSConnection object at 0xffffa004d110>: Failed to establish a new connection: [Errno -2] Name or service not known'))
[2023-05-01T07:17:26.938+0000] {helpers.py:86} ERROR - HTTPSConnectionPool(host='api.pushshift.io', port=443): Max retries exceeded with url: /reddit/search/submission/?subreddit=kings&sort=created_utc&sort_type=desc&size=500 (Caused by NewConnectionError('<urllib3.connection.HTTPSConnection object at 0xffffa004d110>: Failed to establish a new connection: [Errno -2] Name or service not known'))
[2023-05-01T07:17:26.940+0000] {helpers.py:87} ERROR - Retrying! 5 attempts before skipping!
[2023-05-01T07:17:27.951+0000] {logging_mixin.py:137} INFO - HTTPSConnectionPool(host='api.pushshift.io', port=443): Max retries exceeded with url: /reddit/search/submission/?subreddit=kings&sort=created_utc&sort_type=desc&size=500 (Caused by NewConnectionError('<urllib3.connection.HTTPSConnection object at 0xffffa004d050>: Failed to establish a new connection: [Errno -2] Name or service not known'))
[2023-05-01T07:17:27.957+0000] {helpers.py:86} ERROR - HTTPSConnectionPool(host='api.pushshift.io', port=443): Max retries exceeded with url: /reddit/search/submission/?subreddit=kings&sort=created_utc&sort_type=desc&size=500 (Caused by NewConnectionError('<urllib3.connection.HTTPSConnection object at 0xffffa004d050>: Failed to establish a new connection: [Errno -2] Name or service not known'))
[2023-05-01T07:17:27.959+0000] {helpers.py:87} ERROR - Retrying! 4 attempts before skipping!
[2023-05-01T07:17:28.984+0000] {logging_mixin.py:137} INFO - HTTPSConnectionPool(host='api.pushshift.io', port=443): Max retries exceeded with url: /reddit/search/submission/?subreddit=kings&sort=created_utc&sort_type=desc&size=500 (Caused by NewConnectionError('<urllib3.connection.HTTPSConnection object at 0xffffa004d110>: Failed to establish a new connection: [Errno -2] Name or service not known'))
[2023-05-01T07:17:28.987+0000] {helpers.py:86} ERROR - HTTPSConnectionPool(host='api.pushshift.io', port=443): Max retries exceeded with url: /reddit/search/submission/?subreddit=kings&sort=created_utc&sort_type=desc&size=500 (Caused by NewConnectionError('<urllib3.connection.HTTPSConnection object at 0xffffa004d110>: Failed to establish a new connection: [Errno -2] Name or service not known'))
[2023-05-01T07:17:28.988+0000] {helpers.py:87} ERROR - Retrying! 3 attempts before skipping!
[2023-05-01T07:17:30.010+0000] {logging_mixin.py:137} INFO - HTTPSConnectionPool(host='api.pushshift.io', port=443): Max retries exceeded with url: /reddit/search/submission/?subreddit=kings&sort=created_utc&sort_type=desc&size=500 (Caused by NewConnectionError('<urllib3.connection.HTTPSConnection object at 0xffffa004d050>: Failed to establish a new connection: [Errno -2] Name or service not known'))
[2023-05-01T07:17:30.012+0000] {helpers.py:86} ERROR - HTTPSConnectionPool(host='api.pushshift.io', port=443): Max retries exceeded with url: /reddit/search/submission/?subreddit=kings&sort=created_utc&sort_type=desc&size=500 (Caused by NewConnectionError('<urllib3.connection.HTTPSConnection object at 0xffffa004d050>: Failed to establish a new connection: [Errno -2] Name or service not known'))
[2023-05-01T07:17:30.014+0000] {helpers.py:87} ERROR - Retrying! 2 attempts before skipping!
[2023-05-01T07:17:31.037+0000] {logging_mixin.py:137} INFO - HTTPSConnectionPool(host='api.pushshift.io', port=443): Max retries exceeded with url: /reddit/search/submission/?subreddit=kings&sort=created_utc&sort_type=desc&size=500 (Caused by NewConnectionError('<urllib3.connection.HTTPSConnection object at 0xffffa004d110>: Failed to establish a new connection: [Errno -2] Name or service not known'))
[2023-05-01T07:17:31.039+0000] {helpers.py:86} ERROR - HTTPSConnectionPool(host='api.pushshift.io', port=443): Max retries exceeded with url: /reddit/search/submission/?subreddit=kings&sort=created_utc&sort_type=desc&size=500 (Caused by NewConnectionError('<urllib3.connection.HTTPSConnection object at 0xffffa004d110>: Failed to establish a new connection: [Errno -2] Name or service not known'))
[2023-05-01T07:17:31.042+0000] {helpers.py:87} ERROR - Retrying! 1 attempts before skipping!
[2023-05-01T07:17:32.068+0000] {logging_mixin.py:137} INFO - HTTPSConnectionPool(host='api.pushshift.io', port=443): Max retries exceeded with url: /reddit/search/submission/?subreddit=kings&sort=created_utc&sort_type=desc&size=500 (Caused by NewConnectionError('<urllib3.connection.HTTPSConnection object at 0xffffa004d050>: Failed to establish a new connection: [Errno -2] Name or service not known'))
[2023-05-01T07:17:32.073+0000] {helpers.py:86} ERROR - HTTPSConnectionPool(host='api.pushshift.io', port=443): Max retries exceeded with url: /reddit/search/submission/?subreddit=kings&sort=created_utc&sort_type=desc&size=500 (Caused by NewConnectionError('<urllib3.connection.HTTPSConnection object at 0xffffa004d050>: Failed to establish a new connection: [Errno -2] Name or service not known'))
[2023-05-01T07:17:32.082+0000] {helpers.py:87} ERROR - Retrying! 0 attempts before skipping!
[2023-05-01T07:17:33.095+0000] {logging_mixin.py:137} INFO - HTTPSConnectionPool(host='api.pushshift.io', port=443): Max retries exceeded with url: /reddit/search/submission/?subreddit=kings&sort=created_utc&sort_type=desc&size=500 (Caused by NewConnectionError('<urllib3.connection.HTTPSConnection object at 0xffffa004d110>: Failed to establish a new connection: [Errno -2] Name or service not known'))
[2023-05-01T07:17:33.099+0000] {helpers.py:86} ERROR - HTTPSConnectionPool(host='api.pushshift.io', port=443): Max retries exceeded with url: /reddit/search/submission/?subreddit=kings&sort=created_utc&sort_type=desc&size=500 (Caused by NewConnectionError('<urllib3.connection.HTTPSConnection object at 0xffffa004d110>: Failed to establish a new connection: [Errno -2] Name or service not known'))
[2023-05-01T07:17:33.102+0000] {helpers.py:87} ERROR - Retrying! -1 attempts before skipping!
[2023-05-01T07:17:34.115+0000] {logging_mixin.py:137} INFO - HTTPSConnectionPool(host='api.pushshift.io', port=443): Max retries exceeded with url: /reddit/search/submission/?subreddit=NBASpurs&sort=created_utc&sort_type=desc&size=500 (Caused by NewConnectionError('<urllib3.connection.HTTPSConnection object at 0xffffa004d110>: Failed to establish a new connection: [Errno -2] Name or service not known'))
[2023-05-01T07:17:34.123+0000] {helpers.py:86} ERROR - HTTPSConnectionPool(host='api.pushshift.io', port=443): Max retries exceeded with url: /reddit/search/submission/?subreddit=NBASpurs&sort=created_utc&sort_type=desc&size=500 (Caused by NewConnectionError('<urllib3.connection.HTTPSConnection object at 0xffffa004d110>: Failed to establish a new connection: [Errno -2] Name or service not known'))
[2023-05-01T07:17:34.124+0000] {helpers.py:87} ERROR - Retrying! 9 attempts before skipping!
[2023-05-01T07:17:35.136+0000] {logging_mixin.py:137} INFO - HTTPSConnectionPool(host='api.pushshift.io', port=443): Max retries exceeded with url: /reddit/search/submission/?subreddit=NBASpurs&sort=created_utc&sort_type=desc&size=500 (Caused by NewConnectionError('<urllib3.connection.HTTPSConnection object at 0xffffa004d250>: Failed to establish a new connection: [Errno -2] Name or service not known'))
[2023-05-01T07:17:35.137+0000] {helpers.py:86} ERROR - HTTPSConnectionPool(host='api.pushshift.io', port=443): Max retries exceeded with url: /reddit/search/submission/?subreddit=NBASpurs&sort=created_utc&sort_type=desc&size=500 (Caused by NewConnectionError('<urllib3.connection.HTTPSConnection object at 0xffffa004d250>: Failed to establish a new connection: [Errno -2] Name or service not known'))
[2023-05-01T07:17:35.141+0000] {helpers.py:87} ERROR - Retrying! 8 attempts before skipping!
[2023-05-01T07:17:36.173+0000] {logging_mixin.py:137} INFO - HTTPSConnectionPool(host='api.pushshift.io', port=443): Max retries exceeded with url: /reddit/search/submission/?subreddit=NBASpurs&sort=created_utc&sort_type=desc&size=500 (Caused by NewConnectionError('<urllib3.connection.HTTPSConnection object at 0xffffa004d110>: Failed to establish a new connection: [Errno -2] Name or service not known'))
[2023-05-01T07:17:36.179+0000] {helpers.py:86} ERROR - HTTPSConnectionPool(host='api.pushshift.io', port=443): Max retries exceeded with url: /reddit/search/submission/?subreddit=NBASpurs&sort=created_utc&sort_type=desc&size=500 (Caused by NewConnectionError('<urllib3.connection.HTTPSConnection object at 0xffffa004d110>: Failed to establish a new connection: [Errno -2] Name or service not known'))
[2023-05-01T07:17:36.183+0000] {helpers.py:87} ERROR - Retrying! 7 attempts before skipping!
[2023-05-01T07:48:11.904+0000] {warnings.py:110} WARNING - /home/***/.local/lib/python3.7/site-packages/***/utils/context.py:313: AirflowContextDeprecationWarning: Accessing 'execution_date' from the template is deprecated and will be removed in a future version. Please use 'data_interval_start' or 'logical_date' instead.
  warnings.warn(_create_deprecation_warning(k, replacements))

[2023-05-01T07:48:14.738+0000] {helpers.py:80} INFO - San Antonio Spurs: Successfully scraped!
[2023-05-01T07:48:15.103+0000] {logging_mixin.py:137} INFO - HTTPSConnectionPool(host='api.pushshift.io', port=443): Max retries exceeded with url: /reddit/search/submission/?subreddit=torontoraptors&sort=created_utc&sort_type=desc&size=500 (Caused by NewConnectionError('<urllib3.connection.HTTPSConnection object at 0xffff9bc64690>: Failed to establish a new connection: [Errno -2] Name or service not known'))
[2023-05-01T07:48:15.226+0000] {helpers.py:86} ERROR - HTTPSConnectionPool(host='api.pushshift.io', port=443): Max retries exceeded with url: /reddit/search/submission/?subreddit=torontoraptors&sort=created_utc&sort_type=desc&size=500 (Caused by NewConnectionError('<urllib3.connection.HTTPSConnection object at 0xffff9bc64690>: Failed to establish a new connection: [Errno -2] Name or service not known'))
[2023-05-01T07:48:15.253+0000] {helpers.py:87} ERROR - Retrying! 9 attempts before skipping!
[2023-05-01T07:48:16.274+0000] {logging_mixin.py:137} INFO - HTTPSConnectionPool(host='api.pushshift.io', port=443): Max retries exceeded with url: /reddit/search/submission/?subreddit=torontoraptors&sort=created_utc&sort_type=desc&size=500 (Caused by NewConnectionError('<urllib3.connection.HTTPSConnection object at 0xffff9bc64310>: Failed to establish a new connection: [Errno -2] Name or service not known'))
[2023-05-01T07:48:16.276+0000] {helpers.py:86} ERROR - HTTPSConnectionPool(host='api.pushshift.io', port=443): Max retries exceeded with url: /reddit/search/submission/?subreddit=torontoraptors&sort=created_utc&sort_type=desc&size=500 (Caused by NewConnectionError('<urllib3.connection.HTTPSConnection object at 0xffff9bc64310>: Failed to establish a new connection: [Errno -2] Name or service not known'))
[2023-05-01T07:48:16.278+0000] {helpers.py:87} ERROR - Retrying! 8 attempts before skipping!
[2023-05-01T07:48:17.295+0000] {logging_mixin.py:137} INFO - HTTPSConnectionPool(host='api.pushshift.io', port=443): Max retries exceeded with url: /reddit/search/submission/?subreddit=torontoraptors&sort=created_utc&sort_type=desc&size=500 (Caused by NewConnectionError('<urllib3.connection.HTTPSConnection object at 0xffff9bc64190>: Failed to establish a new connection: [Errno -2] Name or service not known'))
[2023-05-01T07:48:17.298+0000] {helpers.py:86} ERROR - HTTPSConnectionPool(host='api.pushshift.io', port=443): Max retries exceeded with url: /reddit/search/submission/?subreddit=torontoraptors&sort=created_utc&sort_type=desc&size=500 (Caused by NewConnectionError('<urllib3.connection.HTTPSConnection object at 0xffff9bc64190>: Failed to establish a new connection: [Errno -2] Name or service not known'))
[2023-05-01T07:48:17.302+0000] {helpers.py:87} ERROR - Retrying! 7 attempts before skipping!
[2023-05-01T07:48:18.313+0000] {logging_mixin.py:137} INFO - HTTPSConnectionPool(host='api.pushshift.io', port=443): Max retries exceeded with url: /reddit/search/submission/?subreddit=torontoraptors&sort=created_utc&sort_type=desc&size=500 (Caused by NewConnectionError('<urllib3.connection.HTTPSConnection object at 0xffff9bc64350>: Failed to establish a new connection: [Errno -2] Name or service not known'))
[2023-05-01T07:48:18.316+0000] {helpers.py:86} ERROR - HTTPSConnectionPool(host='api.pushshift.io', port=443): Max retries exceeded with url: /reddit/search/submission/?subreddit=torontoraptors&sort=created_utc&sort_type=desc&size=500 (Caused by NewConnectionError('<urllib3.connection.HTTPSConnection object at 0xffff9bc64350>: Failed to establish a new connection: [Errno -2] Name or service not known'))
[2023-05-01T07:48:18.318+0000] {helpers.py:87} ERROR - Retrying! 6 attempts before skipping!
[2023-05-01T07:48:19.327+0000] {logging_mixin.py:137} INFO - HTTPSConnectionPool(host='api.pushshift.io', port=443): Max retries exceeded with url: /reddit/search/submission/?subreddit=torontoraptors&sort=created_utc&sort_type=desc&size=500 (Caused by NewConnectionError('<urllib3.connection.HTTPSConnection object at 0xffff9bc645d0>: Failed to establish a new connection: [Errno -2] Name or service not known'))
[2023-05-01T07:48:19.330+0000] {helpers.py:86} ERROR - HTTPSConnectionPool(host='api.pushshift.io', port=443): Max retries exceeded with url: /reddit/search/submission/?subreddit=torontoraptors&sort=created_utc&sort_type=desc&size=500 (Caused by NewConnectionError('<urllib3.connection.HTTPSConnection object at 0xffff9bc645d0>: Failed to establish a new connection: [Errno -2] Name or service not known'))
[2023-05-01T07:48:19.332+0000] {helpers.py:87} ERROR - Retrying! 5 attempts before skipping!
[2023-05-01T07:48:20.340+0000] {logging_mixin.py:137} INFO - HTTPSConnectionPool(host='api.pushshift.io', port=443): Max retries exceeded with url: /reddit/search/submission/?subreddit=torontoraptors&sort=created_utc&sort_type=desc&size=500 (Caused by NewConnectionError('<urllib3.connection.HTTPSConnection object at 0xffff9bc64690>: Failed to establish a new connection: [Errno -2] Name or service not known'))
[2023-05-01T07:48:20.342+0000] {helpers.py:86} ERROR - HTTPSConnectionPool(host='api.pushshift.io', port=443): Max retries exceeded with url: /reddit/search/submission/?subreddit=torontoraptors&sort=created_utc&sort_type=desc&size=500 (Caused by NewConnectionError('<urllib3.connection.HTTPSConnection object at 0xffff9bc64690>: Failed to establish a new connection: [Errno -2] Name or service not known'))
[2023-05-01T07:48:20.344+0000] {helpers.py:87} ERROR - Retrying! 4 attempts before skipping!
[2023-05-01T07:48:21.363+0000] {logging_mixin.py:137} INFO - HTTPSConnectionPool(host='api.pushshift.io', port=443): Max retries exceeded with url: /reddit/search/submission/?subreddit=torontoraptors&sort=created_utc&sort_type=desc&size=500 (Caused by NewConnectionError('<urllib3.connection.HTTPSConnection object at 0xffff9bc647d0>: Failed to establish a new connection: [Errno -2] Name or service not known'))
[2023-05-01T07:48:21.367+0000] {helpers.py:86} ERROR - HTTPSConnectionPool(host='api.pushshift.io', port=443): Max retries exceeded with url: /reddit/search/submission/?subreddit=torontoraptors&sort=created_utc&sort_type=desc&size=500 (Caused by NewConnectionError('<urllib3.connection.HTTPSConnection object at 0xffff9bc647d0>: Failed to establish a new connection: [Errno -2] Name or service not known'))
[2023-05-01T07:48:21.370+0000] {helpers.py:87} ERROR - Retrying! 3 attempts before skipping!
[2023-05-01T07:48:22.389+0000] {logging_mixin.py:137} INFO - HTTPSConnectionPool(host='api.pushshift.io', port=443): Max retries exceeded with url: /reddit/search/submission/?subreddit=torontoraptors&sort=created_utc&sort_type=desc&size=500 (Caused by NewConnectionError('<urllib3.connection.HTTPSConnection object at 0xffff9bc64790>: Failed to establish a new connection: [Errno -2] Name or service not known'))
[2023-05-01T07:48:22.396+0000] {helpers.py:86} ERROR - HTTPSConnectionPool(host='api.pushshift.io', port=443): Max retries exceeded with url: /reddit/search/submission/?subreddit=torontoraptors&sort=created_utc&sort_type=desc&size=500 (Caused by NewConnectionError('<urllib3.connection.HTTPSConnection object at 0xffff9bc64790>: Failed to establish a new connection: [Errno -2] Name or service not known'))
[2023-05-01T07:48:22.399+0000] {helpers.py:87} ERROR - Retrying! 2 attempts before skipping!
[2023-05-01T07:48:23.408+0000] {logging_mixin.py:137} INFO - HTTPSConnectionPool(host='api.pushshift.io', port=443): Max retries exceeded with url: /reddit/search/submission/?subreddit=torontoraptors&sort=created_utc&sort_type=desc&size=500 (Caused by NewConnectionError('<urllib3.connection.HTTPSConnection object at 0xffff9bc64290>: Failed to establish a new connection: [Errno -2] Name or service not known'))
[2023-05-01T07:48:23.410+0000] {helpers.py:86} ERROR - HTTPSConnectionPool(host='api.pushshift.io', port=443): Max retries exceeded with url: /reddit/search/submission/?subreddit=torontoraptors&sort=created_utc&sort_type=desc&size=500 (Caused by NewConnectionError('<urllib3.connection.HTTPSConnection object at 0xffff9bc64290>: Failed to establish a new connection: [Errno -2] Name or service not known'))
[2023-05-01T07:48:23.413+0000] {helpers.py:87} ERROR - Retrying! 1 attempts before skipping!
[2023-05-01T07:48:24.282+0000] {local_task_job.py:277} WARNING - State of this instance has been externally set to failed. Terminating instance.
[2023-05-01T07:48:24.311+0000] {process_utils.py:133} INFO - Sending Signals.SIGTERM to group 5656. PIDs of all processes in the group: [5656]
[2023-05-01T07:48:24.315+0000] {process_utils.py:84} INFO - Sending the signal Signals.SIGTERM to group 5656
[2023-05-01T07:48:24.317+0000] {taskinstance.py:1488} ERROR - Received SIGTERM. Terminating subprocesses.
[2023-05-01T07:48:24.424+0000] {process_utils.py:79} INFO - Process psutil.Process(pid=5656, status='terminated', exitcode=0, started='07:17:10') (5656) terminated with exit code 0
