[2023-05-10T02:43:10.060+0000] {taskinstance.py:1090} INFO - Dependencies all met for dep_context=non-requeueable deps ti=<TaskInstance: scrape_and_save_to_csv.scrape_teams_1-8 manual__2023-05-10T02:43:07.849010+00:00 [queued]>
[2023-05-10T02:43:10.108+0000] {taskinstance.py:1090} INFO - Dependencies all met for dep_context=requeueable deps ti=<TaskInstance: scrape_and_save_to_csv.scrape_teams_1-8 manual__2023-05-10T02:43:07.849010+00:00 [queued]>
[2023-05-10T02:43:10.130+0000] {taskinstance.py:1288} INFO - 
--------------------------------------------------------------------------------
[2023-05-10T02:43:10.133+0000] {taskinstance.py:1289} INFO - Starting attempt 1 of 1
[2023-05-10T02:43:10.138+0000] {taskinstance.py:1290} INFO - 
--------------------------------------------------------------------------------
[2023-05-10T02:43:10.209+0000] {taskinstance.py:1309} INFO - Executing <Task(PythonOperator): scrape_teams_1-8> on 2023-05-10 02:43:07.849010+00:00
[2023-05-10T02:43:10.222+0000] {standard_task_runner.py:55} INFO - Started process 18106 to run task
[2023-05-10T02:43:10.263+0000] {standard_task_runner.py:82} INFO - Running: ['***', 'tasks', 'run', 'scrape_and_save_to_csv', 'scrape_teams_1-8', 'manual__2023-05-10T02:43:07.849010+00:00', '--job-id', '4059', '--raw', '--subdir', 'DAGS_FOLDER/scrape_and_push_dag.py', '--cfg-path', '/tmp/tmput7b25ha']
[2023-05-10T02:43:10.286+0000] {standard_task_runner.py:83} INFO - Job 4059: Subtask scrape_teams_1-8
[2023-05-10T02:43:10.495+0000] {task_command.py:389} INFO - Running <TaskInstance: scrape_and_save_to_csv.scrape_teams_1-8 manual__2023-05-10T02:43:07.849010+00:00 [running]> on host f41dbfa3d325
[2023-05-10T02:43:10.616+0000] {warnings.py:110} WARNING - /home/***/.local/lib/python3.7/site-packages/***/utils/context.py:205: AirflowContextDeprecationWarning: Accessing 'execution_date' from the template is deprecated and will be removed in a future version. Please use 'data_interval_start' or 'logical_date' instead.
  warnings.warn(_create_deprecation_warning(key, self._deprecation_replacements[key]))

[2023-05-10T02:43:10.739+0000] {taskinstance.py:1518} INFO - Exporting the following env vars:
AIRFLOW_CTX_DAG_OWNER=***
AIRFLOW_CTX_DAG_ID=scrape_and_save_to_csv
AIRFLOW_CTX_TASK_ID=scrape_teams_1-8
AIRFLOW_CTX_EXECUTION_DATE=2023-05-10T02:43:07.849010+00:00
AIRFLOW_CTX_TRY_NUMBER=1
AIRFLOW_CTX_DAG_RUN_ID=manual__2023-05-10T02:43:07.849010+00:00
[2023-05-10T02:43:12.298+0000] {helpers.py:95} INFO - Atlanta Hawks: Successfully scraped!
[2023-05-10T02:44:03.787+0000] {helpers.py:95} INFO - Boston Celtics: Successfully scraped!
[2023-05-10T02:44:14.395+0000] {helpers.py:95} INFO - Brooklyn Nets: Successfully scraped!
[2023-05-10T02:44:25.025+0000] {helpers.py:95} INFO - Charlotte Hornets: Successfully scraped!
[2023-05-10T02:44:35.722+0000] {helpers.py:95} INFO - Chicago Bulls: Successfully scraped!
[2023-05-10T02:44:46.697+0000] {helpers.py:95} INFO - Cleveland Cavaliers: Successfully scraped!
[2023-05-10T02:44:56.079+0000] {helpers.py:95} INFO - Dallas Mavericks: Successfully scraped!
[2023-05-10T02:45:32.829+0000] {helpers.py:95} INFO - Denver Nuggets: Successfully scraped!
[2023-05-10T02:45:32.836+0000] {helpers.py:110} INFO - Saved in /opt/***/data/output_scrape_teams_1-8.csv
[2023-05-10T02:45:32.838+0000] {python.py:177} INFO - Done. Returned value was: None
[2023-05-10T02:45:32.849+0000] {taskinstance.py:1332} INFO - Marking task as SUCCESS. dag_id=scrape_and_save_to_csv, task_id=scrape_teams_1-8, execution_date=20230510T024307, start_date=20230510T024310, end_date=20230510T024532
[2023-05-10T02:45:32.926+0000] {local_task_job.py:212} INFO - Task exited with return code 0
[2023-05-10T02:45:32.951+0000] {taskinstance.py:2596} INFO - 0 downstream tasks scheduled from follow-on schedule check
