[2023-04-29T23:33:41.346+0000] {taskinstance.py:1090} INFO - Dependencies all met for dep_context=non-requeueable deps ti=<TaskInstance: push_to_bigquery.push_csv_to_cloud_storage scheduled__2023-04-29T22:30:00+00:00 [queued]>
[2023-04-29T23:33:41.370+0000] {taskinstance.py:1090} INFO - Dependencies all met for dep_context=requeueable deps ti=<TaskInstance: push_to_bigquery.push_csv_to_cloud_storage scheduled__2023-04-29T22:30:00+00:00 [queued]>
[2023-04-29T23:33:41.372+0000] {taskinstance.py:1288} INFO - 
--------------------------------------------------------------------------------
[2023-04-29T23:33:41.374+0000] {taskinstance.py:1289} INFO - Starting attempt 1 of 1
[2023-04-29T23:33:41.375+0000] {taskinstance.py:1290} INFO - 
--------------------------------------------------------------------------------
[2023-04-29T23:33:41.394+0000] {taskinstance.py:1309} INFO - Executing <Task(PythonOperator): push_csv_to_cloud_storage> on 2023-04-29 22:30:00+00:00
[2023-04-29T23:33:41.402+0000] {standard_task_runner.py:55} INFO - Started process 2936 to run task
[2023-04-29T23:33:41.408+0000] {standard_task_runner.py:82} INFO - Running: ['***', 'tasks', 'run', 'push_to_bigquery', 'push_csv_to_cloud_storage', 'scheduled__2023-04-29T22:30:00+00:00', '--job-id', '1843', '--raw', '--subdir', 'DAGS_FOLDER/push_to_bigquery_dag.py', '--cfg-path', '/tmp/tmp6a5xpg4g']
[2023-04-29T23:33:41.411+0000] {standard_task_runner.py:83} INFO - Job 1843: Subtask push_csv_to_cloud_storage
[2023-04-29T23:33:41.522+0000] {task_command.py:389} INFO - Running <TaskInstance: push_to_bigquery.push_csv_to_cloud_storage scheduled__2023-04-29T22:30:00+00:00 [running]> on host b5cee175690f
[2023-04-29T23:33:41.557+0000] {warnings.py:110} WARNING - /home/***/.local/lib/python3.7/site-packages/***/utils/context.py:205: AirflowContextDeprecationWarning: Accessing 'execution_date' from the template is deprecated and will be removed in a future version. Please use 'data_interval_start' or 'logical_date' instead.
  warnings.warn(_create_deprecation_warning(key, self._deprecation_replacements[key]))

[2023-04-29T23:33:41.590+0000] {taskinstance.py:1518} INFO - Exporting the following env vars:
AIRFLOW_CTX_DAG_OWNER=***
AIRFLOW_CTX_DAG_ID=push_to_bigquery
AIRFLOW_CTX_TASK_ID=push_csv_to_cloud_storage
AIRFLOW_CTX_EXECUTION_DATE=2023-04-29T22:30:00+00:00
AIRFLOW_CTX_TRY_NUMBER=1
AIRFLOW_CTX_DAG_RUN_ID=scheduled__2023-04-29T22:30:00+00:00
[2023-04-29T23:33:41.644+0000] {connectionpool.py:813} WARNING - Retrying (Retry(total=2, connect=None, read=None, redirect=None, status=None)) after connection broken by 'NewConnectionError('<urllib3.connection.HTTPSConnection object at 0xffff6c3da390>: Failed to establish a new connection: [Errno -2] Name or service not known')': /token
[2023-04-29T23:33:41.649+0000] {connectionpool.py:813} WARNING - Retrying (Retry(total=1, connect=None, read=None, redirect=None, status=None)) after connection broken by 'NewConnectionError('<urllib3.connection.HTTPSConnection object at 0xffff6c3da810>: Failed to establish a new connection: [Errno -2] Name or service not known')': /token
[2023-04-29T23:33:41.653+0000] {connectionpool.py:813} WARNING - Retrying (Retry(total=0, connect=None, read=None, redirect=None, status=None)) after connection broken by 'NewConnectionError('<urllib3.connection.HTTPSConnection object at 0xffff6c3dab90>: Failed to establish a new connection: [Errno -2] Name or service not known')': /token
[2023-04-29T23:33:43.335+0000] {connectionpool.py:813} WARNING - Retrying (Retry(total=2, connect=None, read=None, redirect=None, status=None)) after connection broken by 'NewConnectionError('<urllib3.connection.HTTPSConnection object at 0xffff6c40a550>: Failed to establish a new connection: [Errno -2] Name or service not known')': /token
[2023-04-29T23:33:43.346+0000] {connectionpool.py:813} WARNING - Retrying (Retry(total=1, connect=None, read=None, redirect=None, status=None)) after connection broken by 'NewConnectionError('<urllib3.connection.HTTPSConnection object at 0xffff6c40ab50>: Failed to establish a new connection: [Errno -2] Name or service not known')': /token
[2023-04-29T23:33:43.357+0000] {connectionpool.py:813} WARNING - Retrying (Retry(total=0, connect=None, read=None, redirect=None, status=None)) after connection broken by 'NewConnectionError('<urllib3.connection.HTTPSConnection object at 0xffff6c40af10>: Failed to establish a new connection: [Errno -2] Name or service not known')': /token
[2023-04-29T23:33:45.946+0000] {connectionpool.py:813} WARNING - Retrying (Retry(total=2, connect=None, read=None, redirect=None, status=None)) after connection broken by 'NewConnectionError('<urllib3.connection.HTTPSConnection object at 0xffff6c3968d0>: Failed to establish a new connection: [Errno -2] Name or service not known')': /token
[2023-04-29T23:33:45.961+0000] {connectionpool.py:813} WARNING - Retrying (Retry(total=1, connect=None, read=None, redirect=None, status=None)) after connection broken by 'NewConnectionError('<urllib3.connection.HTTPSConnection object at 0xffff6c396f10>: Failed to establish a new connection: [Errno -2] Name or service not known')': /token
[2023-04-29T23:33:45.974+0000] {connectionpool.py:813} WARNING - Retrying (Retry(total=0, connect=None, read=None, redirect=None, status=None)) after connection broken by 'NewConnectionError('<urllib3.connection.HTTPSConnection object at 0xffff6c39f3d0>: Failed to establish a new connection: [Errno -2] Name or service not known')': /token
[2023-04-29T23:33:53.717+0000] {connectionpool.py:813} WARNING - Retrying (Retry(total=2, connect=None, read=None, redirect=None, status=None)) after connection broken by 'NewConnectionError('<urllib3.connection.HTTPSConnection object at 0xffff6c39fe90>: Failed to establish a new connection: [Errno -2] Name or service not known')': /token
[2023-04-29T23:33:53.728+0000] {connectionpool.py:813} WARNING - Retrying (Retry(total=1, connect=None, read=None, redirect=None, status=None)) after connection broken by 'NewConnectionError('<urllib3.connection.HTTPSConnection object at 0xffff6c3a94d0>: Failed to establish a new connection: [Errno -2] Name or service not known')': /token
[2023-04-29T23:33:53.738+0000] {connectionpool.py:813} WARNING - Retrying (Retry(total=0, connect=None, read=None, redirect=None, status=None)) after connection broken by 'NewConnectionError('<urllib3.connection.HTTPSConnection object at 0xffff6c396210>: Failed to establish a new connection: [Errno -2] Name or service not known')': /token
[2023-04-29T23:34:03.612+0000] {connectionpool.py:813} WARNING - Retrying (Retry(total=2, connect=None, read=None, redirect=None, status=None)) after connection broken by 'NewConnectionError('<urllib3.connection.HTTPSConnection object at 0xffff6c40afd0>: Failed to establish a new connection: [Errno -2] Name or service not known')': /token
[2023-04-29T23:34:03.628+0000] {connectionpool.py:813} WARNING - Retrying (Retry(total=1, connect=None, read=None, redirect=None, status=None)) after connection broken by 'NewConnectionError('<urllib3.connection.HTTPSConnection object at 0xffff6c40a810>: Failed to establish a new connection: [Errno -2] Name or service not known')': /token
[2023-04-29T23:34:03.632+0000] {connectionpool.py:813} WARNING - Retrying (Retry(total=0, connect=None, read=None, redirect=None, status=None)) after connection broken by 'NewConnectionError('<urllib3.connection.HTTPSConnection object at 0xffff6c3a9950>: Failed to establish a new connection: [Errno -2] Name or service not known')': /token
[2023-04-30T00:00:24.271+0000] {local_task_job.py:277} WARNING - State of this instance has been externally set to failed. Terminating instance.
[2023-04-30T00:00:24.280+0000] {process_utils.py:133} INFO - Sending Signals.SIGTERM to group 2936. PIDs of all processes in the group: [2936]
[2023-04-30T00:00:24.281+0000] {process_utils.py:84} INFO - Sending the signal Signals.SIGTERM to group 2936
[2023-04-30T00:00:24.283+0000] {taskinstance.py:1488} ERROR - Received SIGTERM. Terminating subprocesses.
[2023-04-30T00:00:24.378+0000] {process_utils.py:79} INFO - Process psutil.Process(pid=2936, status='terminated', exitcode=0, started='23:33:40') (2936) terminated with exit code 0
