[2023-05-10T01:48:24.835+0000] {taskinstance.py:1090} INFO - Dependencies all met for dep_context=non-requeueable deps ti=<TaskInstance: scrape_and_save_to_csv.push_csv_to_cloud_storage scheduled__2022-05-05T02:00:00+00:00 [queued]>
[2023-05-10T01:48:24.842+0000] {taskinstance.py:1090} INFO - Dependencies all met for dep_context=requeueable deps ti=<TaskInstance: scrape_and_save_to_csv.push_csv_to_cloud_storage scheduled__2022-05-05T02:00:00+00:00 [queued]>
[2023-05-10T01:48:24.843+0000] {taskinstance.py:1288} INFO - 
--------------------------------------------------------------------------------
[2023-05-10T01:48:24.844+0000] {taskinstance.py:1289} INFO - Starting attempt 1 of 1
[2023-05-10T01:48:24.845+0000] {taskinstance.py:1290} INFO - 
--------------------------------------------------------------------------------
[2023-05-10T01:48:24.853+0000] {taskinstance.py:1309} INFO - Executing <Task(PythonOperator): push_csv_to_cloud_storage> on 2022-05-05 02:00:00+00:00
[2023-05-10T01:48:24.857+0000] {standard_task_runner.py:55} INFO - Started process 16333 to run task
[2023-05-10T01:48:24.862+0000] {standard_task_runner.py:82} INFO - Running: ['***', 'tasks', 'run', 'scrape_and_save_to_csv', 'push_csv_to_cloud_storage', 'scheduled__2022-05-05T02:00:00+00:00', '--job-id', '3878', '--raw', '--subdir', 'DAGS_FOLDER/scrape_and_push_dag.py', '--cfg-path', '/tmp/tmpfrb8j1pd']
[2023-05-10T01:48:24.869+0000] {standard_task_runner.py:83} INFO - Job 3878: Subtask push_csv_to_cloud_storage
[2023-05-10T01:48:24.931+0000] {task_command.py:389} INFO - Running <TaskInstance: scrape_and_save_to_csv.push_csv_to_cloud_storage scheduled__2022-05-05T02:00:00+00:00 [running]> on host f41dbfa3d325
[2023-05-10T01:48:24.961+0000] {warnings.py:110} WARNING - /home/***/.local/lib/python3.7/site-packages/***/utils/context.py:205: AirflowContextDeprecationWarning: Accessing 'execution_date' from the template is deprecated and will be removed in a future version. Please use 'data_interval_start' or 'logical_date' instead.
  warnings.warn(_create_deprecation_warning(key, self._deprecation_replacements[key]))

[2023-05-10T01:48:24.997+0000] {taskinstance.py:1518} INFO - Exporting the following env vars:
AIRFLOW_CTX_DAG_OWNER=***
AIRFLOW_CTX_DAG_ID=scrape_and_save_to_csv
AIRFLOW_CTX_TASK_ID=push_csv_to_cloud_storage
AIRFLOW_CTX_EXECUTION_DATE=2022-05-05T02:00:00+00:00
AIRFLOW_CTX_TRY_NUMBER=1
AIRFLOW_CTX_DAG_RUN_ID=scheduled__2022-05-05T02:00:00+00:00
[2023-05-10T01:48:25.294+0000] {logging_mixin.py:137} INFO - File /opt/***/data/all_teams.csv has been uploaded to Google Cloud Storage Bucket trendba-bucket-1
[2023-05-10T01:48:25.295+0000] {python.py:177} INFO - Done. Returned value was: None
[2023-05-10T01:48:25.309+0000] {taskinstance.py:1332} INFO - Marking task as SUCCESS. dag_id=scrape_and_save_to_csv, task_id=push_csv_to_cloud_storage, execution_date=20220505T020000, start_date=20230510T014824, end_date=20230510T014825
[2023-05-10T01:48:25.360+0000] {local_task_job.py:212} INFO - Task exited with return code 0
[2023-05-10T01:48:25.377+0000] {taskinstance.py:2596} INFO - 0 downstream tasks scheduled from follow-on schedule check
