[2023-05-10T02:43:10.119+0000] {taskinstance.py:1090} INFO - Dependencies all met for dep_context=non-requeueable deps ti=<TaskInstance: scrape_and_save_to_csv.scrape_teams_9-16 manual__2023-05-10T02:43:07.849010+00:00 [queued]>
[2023-05-10T02:43:10.169+0000] {taskinstance.py:1090} INFO - Dependencies all met for dep_context=requeueable deps ti=<TaskInstance: scrape_and_save_to_csv.scrape_teams_9-16 manual__2023-05-10T02:43:07.849010+00:00 [queued]>
[2023-05-10T02:43:10.174+0000] {taskinstance.py:1288} INFO - 
--------------------------------------------------------------------------------
[2023-05-10T02:43:10.176+0000] {taskinstance.py:1289} INFO - Starting attempt 1 of 1
[2023-05-10T02:43:10.178+0000] {taskinstance.py:1290} INFO - 
--------------------------------------------------------------------------------
[2023-05-10T02:43:10.253+0000] {taskinstance.py:1309} INFO - Executing <Task(PythonOperator): scrape_teams_9-16> on 2023-05-10 02:43:07.849010+00:00
[2023-05-10T02:43:10.268+0000] {standard_task_runner.py:55} INFO - Started process 18107 to run task
[2023-05-10T02:43:10.300+0000] {standard_task_runner.py:82} INFO - Running: ['***', 'tasks', 'run', 'scrape_and_save_to_csv', 'scrape_teams_9-16', 'manual__2023-05-10T02:43:07.849010+00:00', '--job-id', '4060', '--raw', '--subdir', 'DAGS_FOLDER/scrape_and_push_dag.py', '--cfg-path', '/tmp/tmpevbib4sl']
[2023-05-10T02:43:10.315+0000] {standard_task_runner.py:83} INFO - Job 4060: Subtask scrape_teams_9-16
[2023-05-10T02:43:10.592+0000] {task_command.py:389} INFO - Running <TaskInstance: scrape_and_save_to_csv.scrape_teams_9-16 manual__2023-05-10T02:43:07.849010+00:00 [running]> on host f41dbfa3d325
[2023-05-10T02:43:10.679+0000] {warnings.py:110} WARNING - /home/***/.local/lib/python3.7/site-packages/***/utils/context.py:205: AirflowContextDeprecationWarning: Accessing 'execution_date' from the template is deprecated and will be removed in a future version. Please use 'data_interval_start' or 'logical_date' instead.
  warnings.warn(_create_deprecation_warning(key, self._deprecation_replacements[key]))

[2023-05-10T02:43:10.808+0000] {taskinstance.py:1518} INFO - Exporting the following env vars:
AIRFLOW_CTX_DAG_OWNER=***
AIRFLOW_CTX_DAG_ID=scrape_and_save_to_csv
AIRFLOW_CTX_TASK_ID=scrape_teams_9-16
AIRFLOW_CTX_EXECUTION_DATE=2023-05-10T02:43:07.849010+00:00
AIRFLOW_CTX_TRY_NUMBER=1
AIRFLOW_CTX_DAG_RUN_ID=manual__2023-05-10T02:43:07.849010+00:00
[2023-05-10T02:43:12.429+0000] {helpers.py:95} INFO - Detroit Pistons: Successfully scraped!
[2023-05-10T02:43:43.262+0000] {helpers.py:95} INFO - Golden State Warriors: Successfully scraped!
[2023-05-10T02:43:54.018+0000] {helpers.py:95} INFO - Houston Rockets: Successfully scraped!
[2023-05-10T02:44:04.652+0000] {helpers.py:95} INFO - Indiana Pacers: Successfully scraped!
[2023-05-10T02:44:15.453+0000] {helpers.py:95} INFO - Los Angeles Clippers: Successfully scraped!
[2023-05-10T02:45:06.305+0000] {helpers.py:95} INFO - Los Angeles Lakers: Successfully scraped!
[2023-05-10T02:45:14.225+0000] {helpers.py:95} INFO - Memphis Grizzlies: Successfully scraped!
[2023-05-10T02:45:35.512+0000] {helpers.py:95} INFO - Miami Heat: Successfully scraped!
[2023-05-10T02:45:35.521+0000] {helpers.py:110} INFO - Saved in /opt/***/data/output_scrape_teams_9-16.csv
[2023-05-10T02:45:35.523+0000] {python.py:177} INFO - Done. Returned value was: None
[2023-05-10T02:45:35.544+0000] {taskinstance.py:1332} INFO - Marking task as SUCCESS. dag_id=scrape_and_save_to_csv, task_id=scrape_teams_9-16, execution_date=20230510T024307, start_date=20230510T024310, end_date=20230510T024535
[2023-05-10T02:45:35.575+0000] {local_task_job.py:212} INFO - Task exited with return code 0
[2023-05-10T02:45:35.599+0000] {taskinstance.py:2596} INFO - 0 downstream tasks scheduled from follow-on schedule check
