[2023-05-09T21:28:02.951+0000] {taskinstance.py:1090} INFO - Dependencies all met for dep_context=non-requeueable deps ti=<TaskInstance: scrape_and_save_to_csv.push_csv_to_cloud_storage scheduled__2022-05-01T11:00:00+00:00 [queued]>
[2023-05-09T21:28:02.959+0000] {taskinstance.py:1090} INFO - Dependencies all met for dep_context=requeueable deps ti=<TaskInstance: scrape_and_save_to_csv.push_csv_to_cloud_storage scheduled__2022-05-01T11:00:00+00:00 [queued]>
[2023-05-09T21:28:02.960+0000] {taskinstance.py:1288} INFO - 
--------------------------------------------------------------------------------
[2023-05-09T21:28:02.962+0000] {taskinstance.py:1289} INFO - Starting attempt 1 of 1
[2023-05-09T21:28:02.963+0000] {taskinstance.py:1290} INFO - 
--------------------------------------------------------------------------------
[2023-05-09T21:28:02.971+0000] {taskinstance.py:1309} INFO - Executing <Task(PythonOperator): push_csv_to_cloud_storage> on 2022-05-01 11:00:00+00:00
[2023-05-09T21:28:02.977+0000] {standard_task_runner.py:55} INFO - Started process 12168 to run task
[2023-05-09T21:28:02.981+0000] {standard_task_runner.py:82} INFO - Running: ['***', 'tasks', 'run', 'scrape_and_save_to_csv', 'push_csv_to_cloud_storage', 'scheduled__2022-05-01T11:00:00+00:00', '--job-id', '3358', '--raw', '--subdir', 'DAGS_FOLDER/scrape_and_push_dag.py', '--cfg-path', '/tmp/tmpu7bgdjc0']
[2023-05-09T21:28:02.984+0000] {standard_task_runner.py:83} INFO - Job 3358: Subtask push_csv_to_cloud_storage
[2023-05-09T21:28:03.077+0000] {task_command.py:389} INFO - Running <TaskInstance: scrape_and_save_to_csv.push_csv_to_cloud_storage scheduled__2022-05-01T11:00:00+00:00 [running]> on host f41dbfa3d325
[2023-05-09T21:28:03.105+0000] {warnings.py:110} WARNING - /home/***/.local/lib/python3.7/site-packages/***/utils/context.py:205: AirflowContextDeprecationWarning: Accessing 'execution_date' from the template is deprecated and will be removed in a future version. Please use 'data_interval_start' or 'logical_date' instead.
  warnings.warn(_create_deprecation_warning(key, self._deprecation_replacements[key]))

[2023-05-09T21:28:03.138+0000] {taskinstance.py:1518} INFO - Exporting the following env vars:
AIRFLOW_CTX_DAG_OWNER=***
AIRFLOW_CTX_DAG_ID=scrape_and_save_to_csv
AIRFLOW_CTX_TASK_ID=push_csv_to_cloud_storage
AIRFLOW_CTX_EXECUTION_DATE=2022-05-01T11:00:00+00:00
AIRFLOW_CTX_TRY_NUMBER=1
AIRFLOW_CTX_DAG_RUN_ID=scheduled__2022-05-01T11:00:00+00:00
[2023-05-09T21:28:05.953+0000] {logging_mixin.py:137} INFO - File /opt/***/data/all_teams.csv has been uploaded to Google Cloud Storage Bucket trendba-bucket-1
[2023-05-09T21:28:05.955+0000] {python.py:177} INFO - Done. Returned value was: None
[2023-05-09T21:28:05.968+0000] {taskinstance.py:1332} INFO - Marking task as SUCCESS. dag_id=scrape_and_save_to_csv, task_id=push_csv_to_cloud_storage, execution_date=20220501T110000, start_date=20230509T212802, end_date=20230509T212805
[2023-05-09T21:28:05.992+0000] {local_task_job.py:212} INFO - Task exited with return code 0
[2023-05-09T21:28:06.007+0000] {taskinstance.py:2596} INFO - 0 downstream tasks scheduled from follow-on schedule check
