[2023-05-10T02:29:38.021+0000] {taskinstance.py:1090} INFO - Dependencies all met for dep_context=non-requeueable deps ti=<TaskInstance: scrape_and_save_to_csv.scrape_teams_9-16 manual__2023-05-10T02:29:35.512807+00:00 [queued]>
[2023-05-10T02:29:38.058+0000] {taskinstance.py:1090} INFO - Dependencies all met for dep_context=requeueable deps ti=<TaskInstance: scrape_and_save_to_csv.scrape_teams_9-16 manual__2023-05-10T02:29:35.512807+00:00 [queued]>
[2023-05-10T02:29:38.065+0000] {taskinstance.py:1288} INFO - 
--------------------------------------------------------------------------------
[2023-05-10T02:29:38.068+0000] {taskinstance.py:1289} INFO - Starting attempt 1 of 1
[2023-05-10T02:29:38.073+0000] {taskinstance.py:1290} INFO - 
--------------------------------------------------------------------------------
[2023-05-10T02:29:38.109+0000] {taskinstance.py:1309} INFO - Executing <Task(PythonOperator): scrape_teams_9-16> on 2023-05-10 02:29:35.512807+00:00
[2023-05-10T02:29:38.117+0000] {standard_task_runner.py:55} INFO - Started process 17689 to run task
[2023-05-10T02:29:38.135+0000] {standard_task_runner.py:82} INFO - Running: ['***', 'tasks', 'run', 'scrape_and_save_to_csv', 'scrape_teams_9-16', 'manual__2023-05-10T02:29:35.512807+00:00', '--job-id', '4024', '--raw', '--subdir', 'DAGS_FOLDER/scrape_and_push_dag.py', '--cfg-path', '/tmp/tmp6e2qmmsu']
[2023-05-10T02:29:38.154+0000] {standard_task_runner.py:83} INFO - Job 4024: Subtask scrape_teams_9-16
[2023-05-10T02:29:38.382+0000] {task_command.py:389} INFO - Running <TaskInstance: scrape_and_save_to_csv.scrape_teams_9-16 manual__2023-05-10T02:29:35.512807+00:00 [running]> on host f41dbfa3d325
[2023-05-10T02:29:38.448+0000] {warnings.py:110} WARNING - /home/***/.local/lib/python3.7/site-packages/***/utils/context.py:205: AirflowContextDeprecationWarning: Accessing 'execution_date' from the template is deprecated and will be removed in a future version. Please use 'data_interval_start' or 'logical_date' instead.
  warnings.warn(_create_deprecation_warning(key, self._deprecation_replacements[key]))

[2023-05-10T02:29:38.521+0000] {taskinstance.py:1518} INFO - Exporting the following env vars:
AIRFLOW_CTX_DAG_OWNER=***
AIRFLOW_CTX_DAG_ID=scrape_and_save_to_csv
AIRFLOW_CTX_TASK_ID=scrape_teams_9-16
AIRFLOW_CTX_EXECUTION_DATE=2023-05-10T02:29:35.512807+00:00
AIRFLOW_CTX_TRY_NUMBER=1
AIRFLOW_CTX_DAG_RUN_ID=manual__2023-05-10T02:29:35.512807+00:00
[2023-05-10T02:29:39.951+0000] {helpers.py:98} ERROR - can't compare offset-naive and offset-aware datetimes
[2023-05-10T02:29:39.952+0000] {helpers.py:99} ERROR - Retrying! 9 attempts before skipping!
[2023-05-10T02:29:41.668+0000] {helpers.py:98} ERROR - can't compare offset-naive and offset-aware datetimes
[2023-05-10T02:29:41.671+0000] {helpers.py:99} ERROR - Retrying! 8 attempts before skipping!
[2023-05-10T02:29:43.356+0000] {helpers.py:98} ERROR - can't compare offset-naive and offset-aware datetimes
[2023-05-10T02:29:43.357+0000] {helpers.py:99} ERROR - Retrying! 7 attempts before skipping!
[2023-05-10T02:29:44.981+0000] {helpers.py:98} ERROR - can't compare offset-naive and offset-aware datetimes
[2023-05-10T02:29:44.998+0000] {helpers.py:99} ERROR - Retrying! 6 attempts before skipping!
[2023-05-10T02:29:46.670+0000] {helpers.py:98} ERROR - can't compare offset-naive and offset-aware datetimes
[2023-05-10T02:29:46.672+0000] {helpers.py:99} ERROR - Retrying! 5 attempts before skipping!
[2023-05-10T02:29:48.365+0000] {helpers.py:98} ERROR - can't compare offset-naive and offset-aware datetimes
[2023-05-10T02:29:48.368+0000] {helpers.py:99} ERROR - Retrying! 4 attempts before skipping!
[2023-05-10T02:29:50.191+0000] {helpers.py:98} ERROR - can't compare offset-naive and offset-aware datetimes
[2023-05-10T02:29:50.192+0000] {helpers.py:99} ERROR - Retrying! 3 attempts before skipping!
[2023-05-10T02:29:51.828+0000] {helpers.py:98} ERROR - can't compare offset-naive and offset-aware datetimes
[2023-05-10T02:29:51.838+0000] {helpers.py:99} ERROR - Retrying! 2 attempts before skipping!
[2023-05-10T02:29:53.554+0000] {helpers.py:98} ERROR - can't compare offset-naive and offset-aware datetimes
[2023-05-10T02:29:53.558+0000] {helpers.py:99} ERROR - Retrying! 1 attempts before skipping!
[2023-05-10T02:29:55.243+0000] {helpers.py:98} ERROR - can't compare offset-naive and offset-aware datetimes
[2023-05-10T02:29:55.245+0000] {helpers.py:99} ERROR - Retrying! 0 attempts before skipping!
[2023-05-10T02:29:56.858+0000] {helpers.py:98} ERROR - can't compare offset-naive and offset-aware datetimes
[2023-05-10T02:29:56.859+0000] {helpers.py:99} ERROR - Retrying! -1 attempts before skipping!
[2023-05-10T02:29:58.570+0000] {helpers.py:98} ERROR - can't compare offset-naive and offset-aware datetimes
[2023-05-10T02:29:58.572+0000] {helpers.py:99} ERROR - Retrying! 9 attempts before skipping!
[2023-05-10T02:30:00.480+0000] {helpers.py:98} ERROR - can't compare offset-naive and offset-aware datetimes
[2023-05-10T02:30:00.482+0000] {helpers.py:99} ERROR - Retrying! 8 attempts before skipping!
[2023-05-10T02:30:02.264+0000] {helpers.py:98} ERROR - can't compare offset-naive and offset-aware datetimes
[2023-05-10T02:30:02.267+0000] {helpers.py:99} ERROR - Retrying! 7 attempts before skipping!
[2023-05-10T02:30:03.447+0000] {local_task_job.py:277} WARNING - State of this instance has been externally set to failed. Terminating instance.
[2023-05-10T02:30:03.455+0000] {process_utils.py:133} INFO - Sending Signals.SIGTERM to group 17689. PIDs of all processes in the group: [17689]
[2023-05-10T02:30:03.460+0000] {process_utils.py:84} INFO - Sending the signal Signals.SIGTERM to group 17689
[2023-05-10T02:30:03.462+0000] {taskinstance.py:1488} ERROR - Received SIGTERM. Terminating subprocesses.
[2023-05-10T02:30:03.464+0000] {helpers.py:98} ERROR - Task received SIGTERM signal
[2023-05-10T02:30:03.465+0000] {helpers.py:99} ERROR - Retrying! 6 attempts before skipping!
[2023-05-10T02:30:05.300+0000] {helpers.py:98} ERROR - can't compare offset-naive and offset-aware datetimes
[2023-05-10T02:30:05.302+0000] {helpers.py:99} ERROR - Retrying! 5 attempts before skipping!
[2023-05-10T02:30:09.337+0000] {helpers.py:98} ERROR - can't compare offset-naive and offset-aware datetimes
[2023-05-10T02:30:09.339+0000] {helpers.py:99} ERROR - Retrying! 4 attempts before skipping!
[2023-05-10T02:30:12.274+0000] {helpers.py:98} ERROR - can't compare offset-naive and offset-aware datetimes
[2023-05-10T02:30:12.275+0000] {helpers.py:99} ERROR - Retrying! 3 attempts before skipping!
[2023-05-10T02:30:15.624+0000] {helpers.py:98} ERROR - can't compare offset-naive and offset-aware datetimes
[2023-05-10T02:30:15.627+0000] {helpers.py:99} ERROR - Retrying! 2 attempts before skipping!
[2023-05-10T02:30:18.977+0000] {helpers.py:98} ERROR - can't compare offset-naive and offset-aware datetimes
[2023-05-10T02:30:18.980+0000] {helpers.py:99} ERROR - Retrying! 1 attempts before skipping!
[2023-05-10T02:30:21.801+0000] {helpers.py:98} ERROR - can't compare offset-naive and offset-aware datetimes
[2023-05-10T02:30:21.804+0000] {helpers.py:99} ERROR - Retrying! 0 attempts before skipping!
[2023-05-10T02:30:24.691+0000] {helpers.py:98} ERROR - can't compare offset-naive and offset-aware datetimes
[2023-05-10T02:30:24.693+0000] {helpers.py:99} ERROR - Retrying! -1 attempts before skipping!
[2023-05-10T02:30:28.046+0000] {helpers.py:98} ERROR - can't compare offset-naive and offset-aware datetimes
[2023-05-10T02:30:28.049+0000] {helpers.py:99} ERROR - Retrying! 9 attempts before skipping!
[2023-05-10T02:30:30.831+0000] {helpers.py:98} ERROR - can't compare offset-naive and offset-aware datetimes
[2023-05-10T02:30:30.838+0000] {helpers.py:99} ERROR - Retrying! 8 attempts before skipping!
[2023-05-10T02:30:33.667+0000] {helpers.py:98} ERROR - can't compare offset-naive and offset-aware datetimes
[2023-05-10T02:30:33.668+0000] {helpers.py:99} ERROR - Retrying! 7 attempts before skipping!
[2023-05-10T02:30:37.050+0000] {helpers.py:98} ERROR - can't compare offset-naive and offset-aware datetimes
[2023-05-10T02:30:37.051+0000] {helpers.py:99} ERROR - Retrying! 6 attempts before skipping!
[2023-05-10T02:30:39.770+0000] {helpers.py:98} ERROR - can't compare offset-naive and offset-aware datetimes
[2023-05-10T02:30:39.785+0000] {helpers.py:99} ERROR - Retrying! 5 attempts before skipping!
[2023-05-10T02:30:42.616+0000] {helpers.py:98} ERROR - can't compare offset-naive and offset-aware datetimes
[2023-05-10T02:30:42.619+0000] {helpers.py:99} ERROR - Retrying! 4 attempts before skipping!
[2023-05-10T02:30:45.954+0000] {helpers.py:98} ERROR - can't compare offset-naive and offset-aware datetimes
[2023-05-10T02:30:45.955+0000] {helpers.py:99} ERROR - Retrying! 3 attempts before skipping!
[2023-05-10T02:30:48.909+0000] {helpers.py:98} ERROR - can't compare offset-naive and offset-aware datetimes
[2023-05-10T02:30:48.912+0000] {helpers.py:99} ERROR - Retrying! 2 attempts before skipping!
[2023-05-10T02:30:51.708+0000] {helpers.py:98} ERROR - can't compare offset-naive and offset-aware datetimes
[2023-05-10T02:30:51.712+0000] {helpers.py:99} ERROR - Retrying! 1 attempts before skipping!
[2023-05-10T02:30:54.547+0000] {helpers.py:98} ERROR - can't compare offset-naive and offset-aware datetimes
[2023-05-10T02:30:54.549+0000] {helpers.py:99} ERROR - Retrying! 0 attempts before skipping!
[2023-05-10T02:30:57.809+0000] {helpers.py:98} ERROR - can't compare offset-naive and offset-aware datetimes
[2023-05-10T02:30:57.811+0000] {helpers.py:99} ERROR - Retrying! -1 attempts before skipping!
[2023-05-10T02:31:00.534+0000] {helpers.py:98} ERROR - can't compare offset-naive and offset-aware datetimes
[2023-05-10T02:31:00.541+0000] {helpers.py:99} ERROR - Retrying! 9 attempts before skipping!
[2023-05-10T02:31:03.297+0000] {helpers.py:98} ERROR - can't compare offset-naive and offset-aware datetimes
[2023-05-10T02:31:03.300+0000] {helpers.py:99} ERROR - Retrying! 8 attempts before skipping!
[2023-05-10T02:31:03.466+0000] {process_utils.py:147} WARNING - process psutil.Process(pid=17689, name='airflow task ru', status='sleeping', started='02:29:37') did not respond to SIGTERM. Trying SIGKILL
[2023-05-10T02:31:03.473+0000] {process_utils.py:84} INFO - Sending the signal Signals.SIGKILL to group 17689
[2023-05-10T02:31:03.570+0000] {process_utils.py:79} INFO - Process psutil.Process(pid=17689, name='airflow task ru', status='terminated', exitcode=<Negsignal.SIGKILL: -9>, started='02:29:37') (17689) terminated with exit code Negsignal.SIGKILL
[2023-05-10T02:31:03.571+0000] {standard_task_runner.py:170} ERROR - Job 4024 was killed before it finished (likely due to running out of memory)
