[2023-05-07T03:19:41.947+0000] {taskinstance.py:1090} INFO - Dependencies all met for dep_context=non-requeueable deps ti=<TaskInstance: scrape_and_save_to_csv.scrape_teams_9-16 scheduled__2022-05-01T13:00:00+00:00 [queued]>
[2023-05-07T03:19:41.967+0000] {taskinstance.py:1090} INFO - Dependencies all met for dep_context=requeueable deps ti=<TaskInstance: scrape_and_save_to_csv.scrape_teams_9-16 scheduled__2022-05-01T13:00:00+00:00 [queued]>
[2023-05-07T03:19:41.969+0000] {taskinstance.py:1288} INFO - 
--------------------------------------------------------------------------------
[2023-05-07T03:19:41.970+0000] {taskinstance.py:1289} INFO - Starting attempt 1 of 1
[2023-05-07T03:19:41.972+0000] {taskinstance.py:1290} INFO - 
--------------------------------------------------------------------------------
[2023-05-07T03:19:41.988+0000] {taskinstance.py:1309} INFO - Executing <Task(PythonOperator): scrape_teams_9-16> on 2022-05-01 13:00:00+00:00
[2023-05-07T03:19:41.999+0000] {standard_task_runner.py:55} INFO - Started process 1211 to run task
[2023-05-07T03:19:42.005+0000] {standard_task_runner.py:82} INFO - Running: ['***', 'tasks', 'run', 'scrape_and_save_to_csv', 'scrape_teams_9-16', 'scheduled__2022-05-01T13:00:00+00:00', '--job-id', '2710', '--raw', '--subdir', 'DAGS_FOLDER/scrape_and_push_dag.py', '--cfg-path', '/tmp/tmp5z3300vs']
[2023-05-07T03:19:42.009+0000] {standard_task_runner.py:83} INFO - Job 2710: Subtask scrape_teams_9-16
[2023-05-07T03:19:42.123+0000] {task_command.py:389} INFO - Running <TaskInstance: scrape_and_save_to_csv.scrape_teams_9-16 scheduled__2022-05-01T13:00:00+00:00 [running]> on host 6589836e9c08
[2023-05-07T03:19:42.218+0000] {taskinstance.py:1518} INFO - Exporting the following env vars:
AIRFLOW_CTX_DAG_OWNER=***
AIRFLOW_CTX_DAG_ID=scrape_and_save_to_csv
AIRFLOW_CTX_TASK_ID=scrape_teams_9-16
AIRFLOW_CTX_EXECUTION_DATE=2022-05-01T13:00:00+00:00
AIRFLOW_CTX_TRY_NUMBER=1
AIRFLOW_CTX_DAG_RUN_ID=scheduled__2022-05-01T13:00:00+00:00
[2023-05-07T03:19:42.220+0000] {taskinstance.py:1776} ERROR - Task failed with exception
Traceback (most recent call last):
  File "/home/airflow/.local/lib/python3.7/site-packages/airflow/operators/python.py", line 175, in execute
    return_value = self.execute_callable()
  File "/home/airflow/.local/lib/python3.7/site-packages/airflow/operators/python.py", line 192, in execute_callable
    return self.python_callable(*self.op_args, **self.op_kwargs)
TypeError: scrape_and_save() missing 1 required positional argument: 'current_date'
[2023-05-07T03:19:42.241+0000] {taskinstance.py:1332} INFO - Marking task as FAILED. dag_id=scrape_and_save_to_csv, task_id=scrape_teams_9-16, execution_date=20220501T130000, start_date=20230507T031941, end_date=20230507T031942
[2023-05-07T03:19:42.254+0000] {standard_task_runner.py:105} ERROR - Failed to execute job 2710 for task scrape_teams_9-16 (scrape_and_save() missing 1 required positional argument: 'current_date'; 1211)
[2023-05-07T03:19:42.301+0000] {local_task_job.py:212} INFO - Task exited with return code 1
[2023-05-07T03:19:42.331+0000] {taskinstance.py:2596} INFO - 0 downstream tasks scheduled from follow-on schedule check
[2023-05-07T03:27:15.941+0000] {taskinstance.py:1090} INFO - Dependencies all met for dep_context=non-requeueable deps ti=<TaskInstance: scrape_and_save_to_csv.scrape_teams_9-16 scheduled__2022-05-01T13:00:00+00:00 [queued]>
[2023-05-07T03:27:15.951+0000] {taskinstance.py:1090} INFO - Dependencies all met for dep_context=requeueable deps ti=<TaskInstance: scrape_and_save_to_csv.scrape_teams_9-16 scheduled__2022-05-01T13:00:00+00:00 [queued]>
[2023-05-07T03:27:15.952+0000] {taskinstance.py:1288} INFO - 
--------------------------------------------------------------------------------
[2023-05-07T03:27:15.954+0000] {taskinstance.py:1289} INFO - Starting attempt 1 of 1
[2023-05-07T03:27:15.956+0000] {taskinstance.py:1290} INFO - 
--------------------------------------------------------------------------------
[2023-05-07T03:27:15.967+0000] {taskinstance.py:1309} INFO - Executing <Task(PythonOperator): scrape_teams_9-16> on 2022-05-01 13:00:00+00:00
[2023-05-07T03:27:15.979+0000] {standard_task_runner.py:55} INFO - Started process 1702 to run task
[2023-05-07T03:27:15.995+0000] {standard_task_runner.py:82} INFO - Running: ['***', 'tasks', 'run', 'scrape_and_save_to_csv', 'scrape_teams_9-16', 'scheduled__2022-05-01T13:00:00+00:00', '--job-id', '2818', '--raw', '--subdir', 'DAGS_FOLDER/scrape_and_push_dag.py', '--cfg-path', '/tmp/tmpt9a83zxd']
[2023-05-07T03:27:15.999+0000] {standard_task_runner.py:83} INFO - Job 2818: Subtask scrape_teams_9-16
[2023-05-07T03:27:16.139+0000] {task_command.py:389} INFO - Running <TaskInstance: scrape_and_save_to_csv.scrape_teams_9-16 scheduled__2022-05-01T13:00:00+00:00 [running]> on host 6589836e9c08
[2023-05-07T03:27:16.210+0000] {warnings.py:110} WARNING - /home/***/.local/lib/python3.7/site-packages/***/utils/context.py:205: AirflowContextDeprecationWarning: Accessing 'execution_date' from the template is deprecated and will be removed in a future version. Please use 'data_interval_start' or 'logical_date' instead.
  warnings.warn(_create_deprecation_warning(key, self._deprecation_replacements[key]))

[2023-05-07T03:27:16.277+0000] {taskinstance.py:1518} INFO - Exporting the following env vars:
AIRFLOW_CTX_DAG_OWNER=***
AIRFLOW_CTX_DAG_ID=scrape_and_save_to_csv
AIRFLOW_CTX_TASK_ID=scrape_teams_9-16
AIRFLOW_CTX_EXECUTION_DATE=2022-05-01T13:00:00+00:00
AIRFLOW_CTX_TRY_NUMBER=1
AIRFLOW_CTX_DAG_RUN_ID=scheduled__2022-05-01T13:00:00+00:00
[2023-05-07T03:27:16.548+0000] {logging_mixin.py:137} INFO - Expecting value: line 1 column 1 (char 0)
[2023-05-07T03:27:16.558+0000] {helpers.py:92} ERROR - Expecting value: line 1 column 1 (char 0)
[2023-05-07T03:27:16.568+0000] {helpers.py:93} ERROR - Retrying! 9 attempts before skipping!
[2023-05-07T03:27:17.760+0000] {logging_mixin.py:137} INFO - Expecting value: line 1 column 1 (char 0)
[2023-05-07T03:27:17.761+0000] {helpers.py:92} ERROR - Expecting value: line 1 column 1 (char 0)
[2023-05-07T03:27:17.789+0000] {helpers.py:93} ERROR - Retrying! 8 attempts before skipping!
[2023-05-07T03:27:19.086+0000] {logging_mixin.py:137} INFO - Expecting value: line 1 column 1 (char 0)
[2023-05-07T03:27:19.096+0000] {helpers.py:92} ERROR - Expecting value: line 1 column 1 (char 0)
[2023-05-07T03:27:19.097+0000] {helpers.py:93} ERROR - Retrying! 7 attempts before skipping!
[2023-05-07T03:27:20.281+0000] {logging_mixin.py:137} INFO - Expecting value: line 1 column 1 (char 0)
[2023-05-07T03:27:20.284+0000] {helpers.py:92} ERROR - Expecting value: line 1 column 1 (char 0)
[2023-05-07T03:27:20.287+0000] {helpers.py:93} ERROR - Retrying! 6 attempts before skipping!
[2023-05-07T03:27:21.474+0000] {logging_mixin.py:137} INFO - Expecting value: line 1 column 1 (char 0)
[2023-05-07T03:27:21.475+0000] {helpers.py:92} ERROR - Expecting value: line 1 column 1 (char 0)
[2023-05-07T03:27:21.476+0000] {helpers.py:93} ERROR - Retrying! 5 attempts before skipping!
[2023-05-07T03:27:23.055+0000] {logging_mixin.py:137} INFO - Expecting value: line 1 column 1 (char 0)
[2023-05-07T03:27:23.057+0000] {helpers.py:92} ERROR - Expecting value: line 1 column 1 (char 0)
[2023-05-07T03:27:23.058+0000] {helpers.py:93} ERROR - Retrying! 4 attempts before skipping!
[2023-05-07T03:27:24.330+0000] {logging_mixin.py:137} INFO - Expecting value: line 1 column 1 (char 0)
[2023-05-07T03:27:24.332+0000] {helpers.py:92} ERROR - Expecting value: line 1 column 1 (char 0)
[2023-05-07T03:27:24.333+0000] {helpers.py:93} ERROR - Retrying! 3 attempts before skipping!
[2023-05-07T03:27:25.610+0000] {logging_mixin.py:137} INFO - Expecting value: line 1 column 1 (char 0)
[2023-05-07T03:27:25.626+0000] {helpers.py:92} ERROR - Expecting value: line 1 column 1 (char 0)
[2023-05-07T03:27:25.629+0000] {helpers.py:93} ERROR - Retrying! 2 attempts before skipping!
[2023-05-07T03:27:26.191+0000] {local_task_job.py:277} WARNING - State of this instance has been externally set to failed. Terminating instance.
[2023-05-07T03:27:26.227+0000] {process_utils.py:133} INFO - Sending Signals.SIGTERM to group 1702. PIDs of all processes in the group: [1702]
[2023-05-07T03:27:26.239+0000] {process_utils.py:84} INFO - Sending the signal Signals.SIGTERM to group 1702
[2023-05-07T03:27:26.241+0000] {taskinstance.py:1488} ERROR - Received SIGTERM. Terminating subprocesses.
[2023-05-07T03:27:26.337+0000] {process_utils.py:79} INFO - Process psutil.Process(pid=1702, status='terminated', exitcode=0, started='03:27:15') (1702) terminated with exit code 0
[2023-05-07T04:19:56.734+0000] {taskinstance.py:1090} INFO - Dependencies all met for dep_context=non-requeueable deps ti=<TaskInstance: scrape_and_save_to_csv.scrape_teams_9-16 scheduled__2022-05-01T13:00:00+00:00 [queued]>
[2023-05-07T04:19:56.743+0000] {taskinstance.py:1090} INFO - Dependencies all met for dep_context=requeueable deps ti=<TaskInstance: scrape_and_save_to_csv.scrape_teams_9-16 scheduled__2022-05-01T13:00:00+00:00 [queued]>
[2023-05-07T04:19:56.745+0000] {taskinstance.py:1288} INFO - 
--------------------------------------------------------------------------------
[2023-05-07T04:19:56.746+0000] {taskinstance.py:1289} INFO - Starting attempt 1 of 1
[2023-05-07T04:19:56.747+0000] {taskinstance.py:1290} INFO - 
--------------------------------------------------------------------------------
[2023-05-07T04:19:56.758+0000] {taskinstance.py:1309} INFO - Executing <Task(PythonOperator): scrape_teams_9-16> on 2022-05-01 13:00:00+00:00
[2023-05-07T04:19:56.766+0000] {standard_task_runner.py:55} INFO - Started process 932 to run task
[2023-05-07T04:19:56.772+0000] {standard_task_runner.py:82} INFO - Running: ['***', 'tasks', 'run', 'scrape_and_save_to_csv', 'scrape_teams_9-16', 'scheduled__2022-05-01T13:00:00+00:00', '--job-id', '2883', '--raw', '--subdir', 'DAGS_FOLDER/scrape_and_push_dag.py', '--cfg-path', '/tmp/tmprodebprf']
[2023-05-07T04:19:56.774+0000] {standard_task_runner.py:83} INFO - Job 2883: Subtask scrape_teams_9-16
[2023-05-07T04:19:56.843+0000] {task_command.py:389} INFO - Running <TaskInstance: scrape_and_save_to_csv.scrape_teams_9-16 scheduled__2022-05-01T13:00:00+00:00 [running]> on host 6589836e9c08
[2023-05-07T04:19:56.900+0000] {warnings.py:110} WARNING - /home/***/.local/lib/python3.7/site-packages/***/utils/context.py:205: AirflowContextDeprecationWarning: Accessing 'execution_date' from the template is deprecated and will be removed in a future version. Please use 'data_interval_start' or 'logical_date' instead.
  warnings.warn(_create_deprecation_warning(key, self._deprecation_replacements[key]))

[2023-05-07T04:19:56.933+0000] {taskinstance.py:1518} INFO - Exporting the following env vars:
AIRFLOW_CTX_DAG_OWNER=***
AIRFLOW_CTX_DAG_ID=scrape_and_save_to_csv
AIRFLOW_CTX_TASK_ID=scrape_teams_9-16
AIRFLOW_CTX_EXECUTION_DATE=2022-05-01T13:00:00+00:00
AIRFLOW_CTX_TRY_NUMBER=1
AIRFLOW_CTX_DAG_RUN_ID=scheduled__2022-05-01T13:00:00+00:00
[2023-05-07T04:19:57.425+0000] {logging_mixin.py:137} INFO - Expecting value: line 1 column 1 (char 0)
[2023-05-07T04:19:57.427+0000] {helpers.py:92} ERROR - Expecting value: line 1 column 1 (char 0)
[2023-05-07T04:19:57.428+0000] {helpers.py:93} ERROR - Retrying! 9 attempts before skipping!
[2023-05-07T04:19:58.792+0000] {logging_mixin.py:137} INFO - Expecting value: line 1 column 1 (char 0)
[2023-05-07T04:19:58.793+0000] {helpers.py:92} ERROR - Expecting value: line 1 column 1 (char 0)
[2023-05-07T04:19:58.794+0000] {helpers.py:93} ERROR - Retrying! 8 attempts before skipping!
[2023-05-07T04:19:59.986+0000] {logging_mixin.py:137} INFO - Expecting value: line 1 column 1 (char 0)
[2023-05-07T04:19:59.989+0000] {helpers.py:92} ERROR - Expecting value: line 1 column 1 (char 0)
[2023-05-07T04:19:59.992+0000] {helpers.py:93} ERROR - Retrying! 7 attempts before skipping!
[2023-05-07T04:20:01.184+0000] {logging_mixin.py:137} INFO - Expecting value: line 1 column 1 (char 0)
[2023-05-07T04:20:01.186+0000] {helpers.py:92} ERROR - Expecting value: line 1 column 1 (char 0)
[2023-05-07T04:20:01.188+0000] {helpers.py:93} ERROR - Retrying! 6 attempts before skipping!
[2023-05-07T04:20:02.468+0000] {logging_mixin.py:137} INFO - Expecting value: line 1 column 1 (char 0)
[2023-05-07T04:20:02.470+0000] {helpers.py:92} ERROR - Expecting value: line 1 column 1 (char 0)
[2023-05-07T04:20:02.471+0000] {helpers.py:93} ERROR - Retrying! 5 attempts before skipping!
[2023-05-07T04:20:03.847+0000] {logging_mixin.py:137} INFO - Expecting value: line 1 column 1 (char 0)
[2023-05-07T04:20:03.850+0000] {helpers.py:92} ERROR - Expecting value: line 1 column 1 (char 0)
[2023-05-07T04:20:03.850+0000] {helpers.py:93} ERROR - Retrying! 4 attempts before skipping!
[2023-05-07T04:20:05.002+0000] {logging_mixin.py:137} INFO - Expecting value: line 1 column 1 (char 0)
[2023-05-07T04:20:05.003+0000] {helpers.py:92} ERROR - Expecting value: line 1 column 1 (char 0)
[2023-05-07T04:20:05.004+0000] {helpers.py:93} ERROR - Retrying! 3 attempts before skipping!
[2023-05-07T04:20:06.165+0000] {logging_mixin.py:137} INFO - Expecting value: line 1 column 1 (char 0)
[2023-05-07T04:20:06.166+0000] {helpers.py:92} ERROR - Expecting value: line 1 column 1 (char 0)
[2023-05-07T04:20:06.167+0000] {helpers.py:93} ERROR - Retrying! 2 attempts before skipping!
[2023-05-07T04:20:07.422+0000] {logging_mixin.py:137} INFO - Expecting value: line 1 column 1 (char 0)
[2023-05-07T04:20:07.424+0000] {helpers.py:92} ERROR - Expecting value: line 1 column 1 (char 0)
[2023-05-07T04:20:07.425+0000] {helpers.py:93} ERROR - Retrying! 1 attempts before skipping!
[2023-05-07T04:20:08.649+0000] {logging_mixin.py:137} INFO - Expecting value: line 1 column 1 (char 0)
[2023-05-07T04:20:08.651+0000] {helpers.py:92} ERROR - Expecting value: line 1 column 1 (char 0)
[2023-05-07T04:20:08.658+0000] {helpers.py:93} ERROR - Retrying! 0 attempts before skipping!
[2023-05-07T04:20:09.819+0000] {logging_mixin.py:137} INFO - Expecting value: line 1 column 1 (char 0)
[2023-05-07T04:20:09.820+0000] {helpers.py:92} ERROR - Expecting value: line 1 column 1 (char 0)
[2023-05-07T04:20:09.821+0000] {helpers.py:93} ERROR - Retrying! -1 attempts before skipping!
[2023-05-07T04:20:11.457+0000] {warnings.py:110} WARNING - /home/***/.local/lib/python3.7/site-packages/***/utils/context.py:313: AirflowContextDeprecationWarning: Accessing 'execution_date' from the template is deprecated and will be removed in a future version. Please use 'data_interval_start' or 'logical_date' instead.
  warnings.warn(_create_deprecation_warning(k, replacements))

[2023-05-07T04:20:11.475+0000] {helpers.py:86} INFO - Golden State Warriors: Successfully scraped!
[2023-05-07T04:20:11.840+0000] {logging_mixin.py:137} INFO - Expecting value: line 1 column 1 (char 0)
[2023-05-07T04:20:11.844+0000] {helpers.py:92} ERROR - Expecting value: line 1 column 1 (char 0)
[2023-05-07T04:20:11.846+0000] {helpers.py:93} ERROR - Retrying! 9 attempts before skipping!
[2023-05-07T04:20:13.363+0000] {logging_mixin.py:137} INFO - Expecting value: line 1 column 1 (char 0)
[2023-05-07T04:20:13.365+0000] {helpers.py:92} ERROR - Expecting value: line 1 column 1 (char 0)
[2023-05-07T04:20:13.368+0000] {helpers.py:93} ERROR - Retrying! 8 attempts before skipping!
[2023-05-07T04:20:14.615+0000] {logging_mixin.py:137} INFO - Expecting value: line 1 column 1 (char 0)
[2023-05-07T04:20:14.616+0000] {helpers.py:92} ERROR - Expecting value: line 1 column 1 (char 0)
[2023-05-07T04:20:14.618+0000] {helpers.py:93} ERROR - Retrying! 7 attempts before skipping!
[2023-05-07T04:20:15.941+0000] {logging_mixin.py:137} INFO - Expecting value: line 1 column 1 (char 0)
[2023-05-07T04:20:15.942+0000] {helpers.py:92} ERROR - Expecting value: line 1 column 1 (char 0)
[2023-05-07T04:20:15.972+0000] {helpers.py:93} ERROR - Retrying! 6 attempts before skipping!
[2023-05-07T04:20:17.222+0000] {logging_mixin.py:137} INFO - Expecting value: line 1 column 1 (char 0)
[2023-05-07T04:20:17.223+0000] {helpers.py:92} ERROR - Expecting value: line 1 column 1 (char 0)
[2023-05-07T04:20:17.225+0000] {helpers.py:93} ERROR - Retrying! 5 attempts before skipping!
[2023-05-07T04:20:18.384+0000] {logging_mixin.py:137} INFO - Expecting value: line 1 column 1 (char 0)
[2023-05-07T04:20:18.386+0000] {helpers.py:92} ERROR - Expecting value: line 1 column 1 (char 0)
[2023-05-07T04:20:18.388+0000] {helpers.py:93} ERROR - Retrying! 4 attempts before skipping!
[2023-05-07T04:20:19.648+0000] {logging_mixin.py:137} INFO - Expecting value: line 1 column 1 (char 0)
[2023-05-07T04:20:19.650+0000] {helpers.py:92} ERROR - Expecting value: line 1 column 1 (char 0)
[2023-05-07T04:20:19.651+0000] {helpers.py:93} ERROR - Retrying! 3 attempts before skipping!
[2023-05-07T04:20:20.815+0000] {logging_mixin.py:137} INFO - Expecting value: line 1 column 1 (char 0)
[2023-05-07T04:20:20.817+0000] {helpers.py:92} ERROR - Expecting value: line 1 column 1 (char 0)
[2023-05-07T04:20:20.818+0000] {helpers.py:93} ERROR - Retrying! 2 attempts before skipping!
[2023-05-07T04:20:22.333+0000] {helpers.py:86} INFO - Houston Rockets: Successfully scraped!
[2023-05-07T04:20:22.710+0000] {logging_mixin.py:137} INFO - Expecting value: line 1 column 1 (char 0)
[2023-05-07T04:20:22.714+0000] {helpers.py:92} ERROR - Expecting value: line 1 column 1 (char 0)
[2023-05-07T04:20:22.717+0000] {helpers.py:93} ERROR - Retrying! 9 attempts before skipping!
[2023-05-07T04:20:23.868+0000] {logging_mixin.py:137} INFO - Expecting value: line 1 column 1 (char 0)
[2023-05-07T04:20:23.893+0000] {helpers.py:92} ERROR - Expecting value: line 1 column 1 (char 0)
[2023-05-07T04:20:23.928+0000] {helpers.py:93} ERROR - Retrying! 8 attempts before skipping!
[2023-05-07T04:20:25.492+0000] {logging_mixin.py:137} INFO - Expecting value: line 1 column 1 (char 0)
[2023-05-07T04:20:25.494+0000] {helpers.py:92} ERROR - Expecting value: line 1 column 1 (char 0)
[2023-05-07T04:20:25.495+0000] {helpers.py:93} ERROR - Retrying! 7 attempts before skipping!
[2023-05-07T04:20:26.769+0000] {logging_mixin.py:137} INFO - Expecting value: line 1 column 1 (char 0)
[2023-05-07T04:20:26.770+0000] {helpers.py:92} ERROR - Expecting value: line 1 column 1 (char 0)
[2023-05-07T04:20:26.771+0000] {helpers.py:93} ERROR - Retrying! 6 attempts before skipping!
[2023-05-07T04:20:28.023+0000] {logging_mixin.py:137} INFO - Expecting value: line 1 column 1 (char 0)
[2023-05-07T04:20:28.025+0000] {helpers.py:92} ERROR - Expecting value: line 1 column 1 (char 0)
[2023-05-07T04:20:28.026+0000] {helpers.py:93} ERROR - Retrying! 5 attempts before skipping!
[2023-05-07T04:20:29.463+0000] {logging_mixin.py:137} INFO - Expecting value: line 1 column 1 (char 0)
[2023-05-07T04:20:29.465+0000] {helpers.py:92} ERROR - Expecting value: line 1 column 1 (char 0)
[2023-05-07T04:20:29.467+0000] {helpers.py:93} ERROR - Retrying! 4 attempts before skipping!
[2023-05-07T04:20:30.813+0000] {logging_mixin.py:137} INFO - Expecting value: line 1 column 1 (char 0)
[2023-05-07T04:20:30.814+0000] {helpers.py:92} ERROR - Expecting value: line 1 column 1 (char 0)
[2023-05-07T04:20:30.816+0000] {helpers.py:93} ERROR - Retrying! 3 attempts before skipping!
[2023-05-07T04:20:32.063+0000] {logging_mixin.py:137} INFO - Expecting value: line 1 column 1 (char 0)
[2023-05-07T04:20:32.064+0000] {helpers.py:92} ERROR - Expecting value: line 1 column 1 (char 0)
[2023-05-07T04:20:32.066+0000] {helpers.py:93} ERROR - Retrying! 2 attempts before skipping!
[2023-05-07T04:20:33.369+0000] {logging_mixin.py:137} INFO - Expecting value: line 1 column 1 (char 0)
[2023-05-07T04:20:33.370+0000] {helpers.py:92} ERROR - Expecting value: line 1 column 1 (char 0)
[2023-05-07T04:20:33.371+0000] {helpers.py:93} ERROR - Retrying! 1 attempts before skipping!
[2023-05-07T04:20:34.526+0000] {logging_mixin.py:137} INFO - Expecting value: line 1 column 1 (char 0)
[2023-05-07T04:20:34.527+0000] {helpers.py:92} ERROR - Expecting value: line 1 column 1 (char 0)
[2023-05-07T04:20:34.530+0000] {helpers.py:93} ERROR - Retrying! 0 attempts before skipping!
[2023-05-07T04:20:35.781+0000] {logging_mixin.py:137} INFO - Expecting value: line 1 column 1 (char 0)
[2023-05-07T04:20:35.782+0000] {helpers.py:92} ERROR - Expecting value: line 1 column 1 (char 0)
[2023-05-07T04:20:35.783+0000] {helpers.py:93} ERROR - Retrying! -1 attempts before skipping!
[2023-05-07T04:20:37.129+0000] {logging_mixin.py:137} INFO - Expecting value: line 1 column 1 (char 0)
[2023-05-07T04:20:37.131+0000] {helpers.py:92} ERROR - Expecting value: line 1 column 1 (char 0)
[2023-05-07T04:20:37.132+0000] {helpers.py:93} ERROR - Retrying! 9 attempts before skipping!
[2023-05-07T04:20:38.579+0000] {logging_mixin.py:137} INFO - Expecting value: line 1 column 1 (char 0)
[2023-05-07T04:20:38.581+0000] {helpers.py:92} ERROR - Expecting value: line 1 column 1 (char 0)
[2023-05-07T04:20:38.583+0000] {helpers.py:93} ERROR - Retrying! 8 attempts before skipping!
[2023-05-07T04:20:39.769+0000] {logging_mixin.py:137} INFO - Expecting value: line 1 column 1 (char 0)
[2023-05-07T04:20:39.770+0000] {helpers.py:92} ERROR - Expecting value: line 1 column 1 (char 0)
[2023-05-07T04:20:39.771+0000] {helpers.py:93} ERROR - Retrying! 7 attempts before skipping!
[2023-05-07T04:20:41.133+0000] {logging_mixin.py:137} INFO - Expecting value: line 1 column 1 (char 0)
[2023-05-07T04:20:41.139+0000] {helpers.py:92} ERROR - Expecting value: line 1 column 1 (char 0)
[2023-05-07T04:20:41.142+0000] {helpers.py:93} ERROR - Retrying! 6 attempts before skipping!
[2023-05-07T04:20:42.561+0000] {logging_mixin.py:137} INFO - Expecting value: line 1 column 1 (char 0)
[2023-05-07T04:20:42.562+0000] {helpers.py:92} ERROR - Expecting value: line 1 column 1 (char 0)
[2023-05-07T04:20:42.563+0000] {helpers.py:93} ERROR - Retrying! 5 attempts before skipping!
[2023-05-07T04:20:43.713+0000] {logging_mixin.py:137} INFO - Expecting value: line 1 column 1 (char 0)
[2023-05-07T04:20:43.714+0000] {helpers.py:92} ERROR - Expecting value: line 1 column 1 (char 0)
[2023-05-07T04:20:43.715+0000] {helpers.py:93} ERROR - Retrying! 4 attempts before skipping!
[2023-05-07T04:20:44.863+0000] {logging_mixin.py:137} INFO - Expecting value: line 1 column 1 (char 0)
[2023-05-07T04:20:44.864+0000] {helpers.py:92} ERROR - Expecting value: line 1 column 1 (char 0)
[2023-05-07T04:20:44.865+0000] {helpers.py:93} ERROR - Retrying! 3 attempts before skipping!
[2023-05-07T04:20:46.014+0000] {logging_mixin.py:137} INFO - Expecting value: line 1 column 1 (char 0)
[2023-05-07T04:20:46.016+0000] {helpers.py:92} ERROR - Expecting value: line 1 column 1 (char 0)
[2023-05-07T04:20:46.017+0000] {helpers.py:93} ERROR - Retrying! 2 attempts before skipping!
[2023-05-07T04:20:47.531+0000] {helpers.py:86} INFO - Los Angeles Clippers: Successfully scraped!
[2023-05-07T04:20:47.692+0000] {logging_mixin.py:137} INFO - Expecting value: line 1 column 1 (char 0)
[2023-05-07T04:20:47.693+0000] {helpers.py:92} ERROR - Expecting value: line 1 column 1 (char 0)
[2023-05-07T04:20:47.695+0000] {helpers.py:93} ERROR - Retrying! 9 attempts before skipping!
[2023-05-07T04:20:49.046+0000] {logging_mixin.py:137} INFO - Expecting value: line 1 column 1 (char 0)
[2023-05-07T04:20:49.052+0000] {helpers.py:92} ERROR - Expecting value: line 1 column 1 (char 0)
[2023-05-07T04:20:49.055+0000] {helpers.py:93} ERROR - Retrying! 8 attempts before skipping!
[2023-05-07T04:20:50.366+0000] {logging_mixin.py:137} INFO - Expecting value: line 1 column 1 (char 0)
[2023-05-07T04:20:50.367+0000] {helpers.py:92} ERROR - Expecting value: line 1 column 1 (char 0)
[2023-05-07T04:20:50.369+0000] {helpers.py:93} ERROR - Retrying! 7 attempts before skipping!
[2023-05-07T04:20:51.539+0000] {logging_mixin.py:137} INFO - Expecting value: line 1 column 1 (char 0)
[2023-05-07T04:20:51.541+0000] {helpers.py:92} ERROR - Expecting value: line 1 column 1 (char 0)
[2023-05-07T04:20:51.542+0000] {helpers.py:93} ERROR - Retrying! 6 attempts before skipping!
[2023-05-07T04:20:52.700+0000] {logging_mixin.py:137} INFO - Expecting value: line 1 column 1 (char 0)
[2023-05-07T04:20:52.701+0000] {helpers.py:92} ERROR - Expecting value: line 1 column 1 (char 0)
[2023-05-07T04:20:52.702+0000] {helpers.py:93} ERROR - Retrying! 5 attempts before skipping!
[2023-05-07T04:20:53.862+0000] {logging_mixin.py:137} INFO - Expecting value: line 1 column 1 (char 0)
[2023-05-07T04:20:53.863+0000] {helpers.py:92} ERROR - Expecting value: line 1 column 1 (char 0)
[2023-05-07T04:20:53.864+0000] {helpers.py:93} ERROR - Retrying! 4 attempts before skipping!
[2023-05-07T04:20:55.028+0000] {logging_mixin.py:137} INFO - Expecting value: line 1 column 1 (char 0)
[2023-05-07T04:20:55.036+0000] {helpers.py:92} ERROR - Expecting value: line 1 column 1 (char 0)
[2023-05-07T04:20:55.038+0000] {helpers.py:93} ERROR - Retrying! 3 attempts before skipping!
[2023-05-07T04:20:56.421+0000] {logging_mixin.py:137} INFO - Expecting value: line 1 column 1 (char 0)
[2023-05-07T04:20:56.430+0000] {helpers.py:92} ERROR - Expecting value: line 1 column 1 (char 0)
[2023-05-07T04:20:56.432+0000] {helpers.py:93} ERROR - Retrying! 2 attempts before skipping!
[2023-05-07T04:20:57.573+0000] {logging_mixin.py:137} INFO - Expecting value: line 1 column 1 (char 0)
[2023-05-07T04:20:57.574+0000] {helpers.py:92} ERROR - Expecting value: line 1 column 1 (char 0)
[2023-05-07T04:20:57.576+0000] {helpers.py:93} ERROR - Retrying! 1 attempts before skipping!
[2023-05-07T04:20:58.745+0000] {logging_mixin.py:137} INFO - Expecting value: line 1 column 1 (char 0)
[2023-05-07T04:20:58.746+0000] {helpers.py:92} ERROR - Expecting value: line 1 column 1 (char 0)
[2023-05-07T04:20:58.747+0000] {helpers.py:93} ERROR - Retrying! 0 attempts before skipping!
[2023-05-07T04:21:00.079+0000] {logging_mixin.py:137} INFO - Expecting value: line 1 column 1 (char 0)
[2023-05-07T04:21:00.087+0000] {helpers.py:92} ERROR - Expecting value: line 1 column 1 (char 0)
[2023-05-07T04:21:00.088+0000] {helpers.py:93} ERROR - Retrying! -1 attempts before skipping!
[2023-05-07T04:21:01.410+0000] {logging_mixin.py:137} INFO - Expecting value: line 1 column 1 (char 0)
[2023-05-07T04:21:01.412+0000] {helpers.py:92} ERROR - Expecting value: line 1 column 1 (char 0)
[2023-05-07T04:21:01.413+0000] {helpers.py:93} ERROR - Retrying! 9 attempts before skipping!
[2023-05-07T04:21:02.571+0000] {logging_mixin.py:137} INFO - Expecting value: line 1 column 1 (char 0)
[2023-05-07T04:21:02.572+0000] {helpers.py:92} ERROR - Expecting value: line 1 column 1 (char 0)
[2023-05-07T04:21:02.573+0000] {helpers.py:93} ERROR - Retrying! 8 attempts before skipping!
[2023-05-07T04:21:03.917+0000] {logging_mixin.py:137} INFO - Expecting value: line 1 column 1 (char 0)
[2023-05-07T04:21:03.919+0000] {helpers.py:92} ERROR - Expecting value: line 1 column 1 (char 0)
[2023-05-07T04:21:03.951+0000] {helpers.py:93} ERROR - Retrying! 7 attempts before skipping!
[2023-05-07T04:21:05.104+0000] {logging_mixin.py:137} INFO - Expecting value: line 1 column 1 (char 0)
[2023-05-07T04:21:05.105+0000] {helpers.py:92} ERROR - Expecting value: line 1 column 1 (char 0)
[2023-05-07T04:21:05.106+0000] {helpers.py:93} ERROR - Retrying! 6 attempts before skipping!
[2023-05-07T04:21:06.394+0000] {logging_mixin.py:137} INFO - Expecting value: line 1 column 1 (char 0)
[2023-05-07T04:21:06.395+0000] {helpers.py:92} ERROR - Expecting value: line 1 column 1 (char 0)
[2023-05-07T04:21:06.396+0000] {helpers.py:93} ERROR - Retrying! 5 attempts before skipping!
[2023-05-07T04:21:07.559+0000] {logging_mixin.py:137} INFO - Expecting value: line 1 column 1 (char 0)
[2023-05-07T04:21:07.560+0000] {helpers.py:92} ERROR - Expecting value: line 1 column 1 (char 0)
[2023-05-07T04:21:07.561+0000] {helpers.py:93} ERROR - Retrying! 4 attempts before skipping!
[2023-05-07T04:21:08.814+0000] {logging_mixin.py:137} INFO - Expecting value: line 1 column 1 (char 0)
[2023-05-07T04:21:08.815+0000] {helpers.py:92} ERROR - Expecting value: line 1 column 1 (char 0)
[2023-05-07T04:21:08.816+0000] {helpers.py:93} ERROR - Retrying! 3 attempts before skipping!
[2023-05-07T04:21:09.966+0000] {logging_mixin.py:137} INFO - Expecting value: line 1 column 1 (char 0)
[2023-05-07T04:21:09.967+0000] {helpers.py:92} ERROR - Expecting value: line 1 column 1 (char 0)
[2023-05-07T04:21:09.968+0000] {helpers.py:93} ERROR - Retrying! 2 attempts before skipping!
[2023-05-07T04:21:11.289+0000] {logging_mixin.py:137} INFO - Expecting value: line 1 column 1 (char 0)
[2023-05-07T04:21:11.290+0000] {helpers.py:92} ERROR - Expecting value: line 1 column 1 (char 0)
[2023-05-07T04:21:11.292+0000] {helpers.py:93} ERROR - Retrying! 1 attempts before skipping!
[2023-05-07T04:21:12.450+0000] {logging_mixin.py:137} INFO - Expecting value: line 1 column 1 (char 0)
[2023-05-07T04:21:12.451+0000] {helpers.py:92} ERROR - Expecting value: line 1 column 1 (char 0)
[2023-05-07T04:21:12.453+0000] {helpers.py:93} ERROR - Retrying! 0 attempts before skipping!
[2023-05-07T04:21:13.634+0000] {logging_mixin.py:137} INFO - Expecting value: line 1 column 1 (char 0)
[2023-05-07T04:21:13.635+0000] {helpers.py:92} ERROR - Expecting value: line 1 column 1 (char 0)
[2023-05-07T04:21:13.637+0000] {helpers.py:93} ERROR - Retrying! -1 attempts before skipping!
[2023-05-07T04:21:14.976+0000] {logging_mixin.py:137} INFO - Expecting value: line 1 column 1 (char 0)
[2023-05-07T04:21:14.978+0000] {helpers.py:92} ERROR - Expecting value: line 1 column 1 (char 0)
[2023-05-07T04:21:14.980+0000] {helpers.py:93} ERROR - Retrying! 9 attempts before skipping!
[2023-05-07T04:21:16.501+0000] {logging_mixin.py:137} INFO - Expecting value: line 1 column 1 (char 0)
[2023-05-07T04:21:16.502+0000] {helpers.py:92} ERROR - Expecting value: line 1 column 1 (char 0)
[2023-05-07T04:21:16.503+0000] {helpers.py:93} ERROR - Retrying! 8 attempts before skipping!
[2023-05-07T04:21:17.648+0000] {logging_mixin.py:137} INFO - Expecting value: line 1 column 1 (char 0)
[2023-05-07T04:21:17.651+0000] {helpers.py:92} ERROR - Expecting value: line 1 column 1 (char 0)
[2023-05-07T04:21:17.653+0000] {helpers.py:93} ERROR - Retrying! 7 attempts before skipping!
[2023-05-07T04:21:19.001+0000] {logging_mixin.py:137} INFO - Expecting value: line 1 column 1 (char 0)
[2023-05-07T04:21:19.013+0000] {helpers.py:92} ERROR - Expecting value: line 1 column 1 (char 0)
[2023-05-07T04:21:19.014+0000] {helpers.py:93} ERROR - Retrying! 6 attempts before skipping!
[2023-05-07T04:21:20.259+0000] {logging_mixin.py:137} INFO - Expecting value: line 1 column 1 (char 0)
[2023-05-07T04:21:20.259+0000] {helpers.py:92} ERROR - Expecting value: line 1 column 1 (char 0)
[2023-05-07T04:21:20.260+0000] {helpers.py:93} ERROR - Retrying! 5 attempts before skipping!
[2023-05-07T04:21:21.449+0000] {logging_mixin.py:137} INFO - Expecting value: line 1 column 1 (char 0)
[2023-05-07T04:21:21.451+0000] {helpers.py:92} ERROR - Expecting value: line 1 column 1 (char 0)
[2023-05-07T04:21:21.454+0000] {helpers.py:93} ERROR - Retrying! 4 attempts before skipping!
[2023-05-07T04:21:22.726+0000] {logging_mixin.py:137} INFO - Expecting value: line 1 column 1 (char 0)
[2023-05-07T04:21:22.726+0000] {helpers.py:92} ERROR - Expecting value: line 1 column 1 (char 0)
[2023-05-07T04:21:22.728+0000] {helpers.py:93} ERROR - Retrying! 3 attempts before skipping!
[2023-05-07T04:21:23.977+0000] {logging_mixin.py:137} INFO - Expecting value: line 1 column 1 (char 0)
[2023-05-07T04:21:23.978+0000] {helpers.py:92} ERROR - Expecting value: line 1 column 1 (char 0)
[2023-05-07T04:21:23.979+0000] {helpers.py:93} ERROR - Retrying! 2 attempts before skipping!
[2023-05-07T04:21:25.990+0000] {logging_mixin.py:137} INFO - Expecting value: line 1 column 1 (char 0)
[2023-05-07T04:21:26.022+0000] {helpers.py:92} ERROR - Expecting value: line 1 column 1 (char 0)
[2023-05-07T04:21:26.034+0000] {helpers.py:93} ERROR - Retrying! 1 attempts before skipping!
[2023-05-07T04:21:27.373+0000] {logging_mixin.py:137} INFO - Expecting value: line 1 column 1 (char 0)
[2023-05-07T04:21:27.377+0000] {helpers.py:92} ERROR - Expecting value: line 1 column 1 (char 0)
[2023-05-07T04:21:27.381+0000] {helpers.py:93} ERROR - Retrying! 0 attempts before skipping!
[2023-05-07T04:21:28.587+0000] {logging_mixin.py:137} INFO - Expecting value: line 1 column 1 (char 0)
[2023-05-07T04:21:28.594+0000] {helpers.py:92} ERROR - Expecting value: line 1 column 1 (char 0)
[2023-05-07T04:21:28.598+0000] {helpers.py:93} ERROR - Retrying! -1 attempts before skipping!
[2023-05-07T04:21:29.626+0000] {helpers.py:102} INFO - Saved in /opt/***/data/output_scrape_teams_9-16.csv
[2023-05-07T04:21:29.637+0000] {python.py:177} INFO - Done. Returned value was: None
[2023-05-07T04:21:29.801+0000] {taskinstance.py:1332} INFO - Marking task as SUCCESS. dag_id=scrape_and_save_to_csv, task_id=scrape_teams_9-16, execution_date=20220501T130000, start_date=20230507T041956, end_date=20230507T042129
[2023-05-07T04:21:29.905+0000] {local_task_job.py:212} INFO - Task exited with return code 0
[2023-05-07T04:21:29.940+0000] {taskinstance.py:2596} INFO - 0 downstream tasks scheduled from follow-on schedule check
[2023-05-07T05:34:43.766+0000] {taskinstance.py:1090} INFO - Dependencies all met for dep_context=non-requeueable deps ti=<TaskInstance: scrape_and_save_to_csv.scrape_teams_9-16 scheduled__2022-05-01T13:00:00+00:00 [queued]>
[2023-05-07T05:34:43.775+0000] {taskinstance.py:1090} INFO - Dependencies all met for dep_context=requeueable deps ti=<TaskInstance: scrape_and_save_to_csv.scrape_teams_9-16 scheduled__2022-05-01T13:00:00+00:00 [queued]>
[2023-05-07T05:34:43.776+0000] {taskinstance.py:1288} INFO - 
--------------------------------------------------------------------------------
[2023-05-07T05:34:43.778+0000] {taskinstance.py:1289} INFO - Starting attempt 1 of 1
[2023-05-07T05:34:43.780+0000] {taskinstance.py:1290} INFO - 
--------------------------------------------------------------------------------
[2023-05-07T05:34:43.790+0000] {taskinstance.py:1309} INFO - Executing <Task(PythonOperator): scrape_teams_9-16> on 2022-05-01 13:00:00+00:00
[2023-05-07T05:34:43.798+0000] {standard_task_runner.py:55} INFO - Started process 2769 to run task
[2023-05-07T05:34:43.802+0000] {standard_task_runner.py:82} INFO - Running: ['***', 'tasks', 'run', 'scrape_and_save_to_csv', 'scrape_teams_9-16', 'scheduled__2022-05-01T13:00:00+00:00', '--job-id', '2959', '--raw', '--subdir', 'DAGS_FOLDER/scrape_and_push_dag.py', '--cfg-path', '/tmp/tmpbpo0k6ej']
[2023-05-07T05:34:43.806+0000] {standard_task_runner.py:83} INFO - Job 2959: Subtask scrape_teams_9-16
[2023-05-07T05:34:43.888+0000] {task_command.py:389} INFO - Running <TaskInstance: scrape_and_save_to_csv.scrape_teams_9-16 scheduled__2022-05-01T13:00:00+00:00 [running]> on host 6589836e9c08
[2023-05-07T05:34:43.921+0000] {warnings.py:110} WARNING - /home/***/.local/lib/python3.7/site-packages/***/utils/context.py:205: AirflowContextDeprecationWarning: Accessing 'execution_date' from the template is deprecated and will be removed in a future version. Please use 'data_interval_start' or 'logical_date' instead.
  warnings.warn(_create_deprecation_warning(key, self._deprecation_replacements[key]))

[2023-05-07T05:34:44.031+0000] {taskinstance.py:1518} INFO - Exporting the following env vars:
AIRFLOW_CTX_DAG_OWNER=***
AIRFLOW_CTX_DAG_ID=scrape_and_save_to_csv
AIRFLOW_CTX_TASK_ID=scrape_teams_9-16
AIRFLOW_CTX_EXECUTION_DATE=2022-05-01T13:00:00+00:00
AIRFLOW_CTX_TRY_NUMBER=1
AIRFLOW_CTX_DAG_RUN_ID=scheduled__2022-05-01T13:00:00+00:00
[2023-05-07T05:34:45.050+0000] {logging_mixin.py:137} INFO - ('Connection aborted.', OSError(0, 'Error'))
[2023-05-07T06:38:41.590+0000] {helpers.py:92} ERROR - ('Connection aborted.', OSError(0, 'Error'))
[2023-05-07T06:38:41.596+0000] {helpers.py:93} ERROR - Retrying! 9 attempts before skipping!
[2023-05-07T06:38:43.321+0000] {warnings.py:110} WARNING - /home/***/.local/lib/python3.7/site-packages/***/utils/context.py:313: AirflowContextDeprecationWarning: Accessing 'execution_date' from the template is deprecated and will be removed in a future version. Please use 'data_interval_start' or 'logical_date' instead.
  warnings.warn(_create_deprecation_warning(k, replacements))

[2023-05-07T06:38:43.375+0000] {helpers.py:86} INFO - Detroit Pistons: Successfully scraped!
[2023-05-07T06:38:44.011+0000] {helpers.py:86} INFO - Golden State Warriors: Successfully scraped!
[2023-05-07T06:38:44.618+0000] {helpers.py:86} INFO - Houston Rockets: Successfully scraped!
[2023-05-07T06:38:45.041+0000] {helpers.py:86} INFO - Indiana Pacers: Successfully scraped!
[2023-05-07T06:38:45.623+0000] {helpers.py:86} INFO - Los Angeles Clippers: Successfully scraped!
[2023-05-07T06:38:46.248+0000] {helpers.py:86} INFO - Los Angeles Lakers: Successfully scraped!
[2023-05-07T06:38:47.249+0000] {logging_mixin.py:137} INFO - ('Connection aborted.', RemoteDisconnected('Remote end closed connection without response'))
[2023-05-07T06:38:47.255+0000] {helpers.py:92} ERROR - ('Connection aborted.', RemoteDisconnected('Remote end closed connection without response'))
[2023-05-07T06:38:47.257+0000] {helpers.py:93} ERROR - Retrying! 9 attempts before skipping!
[2023-05-07T06:38:49.816+0000] {helpers.py:86} INFO - Memphis Grizzlies: Successfully scraped!
[2023-05-07T06:38:51.596+0000] {helpers.py:86} INFO - Miami Heat: Successfully scraped!
[2023-05-07T06:38:51.612+0000] {helpers.py:102} INFO - Saved in /opt/***/data/output_scrape_teams_9-16.csv
[2023-05-07T06:38:51.614+0000] {python.py:177} INFO - Done. Returned value was: None
[2023-05-07T06:38:51.638+0000] {taskinstance.py:1332} INFO - Marking task as SUCCESS. dag_id=scrape_and_save_to_csv, task_id=scrape_teams_9-16, execution_date=20220501T130000, start_date=20230507T053443, end_date=20230507T063851
[2023-05-07T06:38:51.678+0000] {local_task_job.py:212} INFO - Task exited with return code 0
[2023-05-07T06:38:51.699+0000] {taskinstance.py:2596} INFO - 0 downstream tasks scheduled from follow-on schedule check
[2023-05-07T15:48:57.019+0000] {taskinstance.py:1090} INFO - Dependencies all met for dep_context=non-requeueable deps ti=<TaskInstance: scrape_and_save_to_csv.scrape_teams_9-16 scheduled__2022-05-01T13:00:00+00:00 [queued]>
[2023-05-07T15:48:57.037+0000] {taskinstance.py:1090} INFO - Dependencies all met for dep_context=requeueable deps ti=<TaskInstance: scrape_and_save_to_csv.scrape_teams_9-16 scheduled__2022-05-01T13:00:00+00:00 [queued]>
[2023-05-07T15:48:57.043+0000] {taskinstance.py:1288} INFO - 
--------------------------------------------------------------------------------
[2023-05-07T15:48:57.044+0000] {taskinstance.py:1289} INFO - Starting attempt 1 of 1
[2023-05-07T15:48:57.045+0000] {taskinstance.py:1290} INFO - 
--------------------------------------------------------------------------------
[2023-05-07T15:48:57.064+0000] {taskinstance.py:1309} INFO - Executing <Task(PythonOperator): scrape_teams_9-16> on 2022-05-01 13:00:00+00:00
[2023-05-07T15:48:57.071+0000] {standard_task_runner.py:55} INFO - Started process 4165 to run task
[2023-05-07T15:48:57.075+0000] {standard_task_runner.py:82} INFO - Running: ['***', 'tasks', 'run', 'scrape_and_save_to_csv', 'scrape_teams_9-16', 'scheduled__2022-05-01T13:00:00+00:00', '--job-id', '3039', '--raw', '--subdir', 'DAGS_FOLDER/scrape_and_push_dag.py', '--cfg-path', '/tmp/tmpom6f7z4r']
[2023-05-07T15:48:57.079+0000] {standard_task_runner.py:83} INFO - Job 3039: Subtask scrape_teams_9-16
[2023-05-07T15:48:57.231+0000] {task_command.py:389} INFO - Running <TaskInstance: scrape_and_save_to_csv.scrape_teams_9-16 scheduled__2022-05-01T13:00:00+00:00 [running]> on host 6589836e9c08
[2023-05-07T15:48:57.289+0000] {warnings.py:110} WARNING - /home/***/.local/lib/python3.7/site-packages/***/utils/context.py:205: AirflowContextDeprecationWarning: Accessing 'execution_date' from the template is deprecated and will be removed in a future version. Please use 'data_interval_start' or 'logical_date' instead.
  warnings.warn(_create_deprecation_warning(key, self._deprecation_replacements[key]))

[2023-05-07T15:48:57.337+0000] {taskinstance.py:1518} INFO - Exporting the following env vars:
AIRFLOW_CTX_DAG_OWNER=***
AIRFLOW_CTX_DAG_ID=scrape_and_save_to_csv
AIRFLOW_CTX_TASK_ID=scrape_teams_9-16
AIRFLOW_CTX_EXECUTION_DATE=2022-05-01T13:00:00+00:00
AIRFLOW_CTX_TRY_NUMBER=1
AIRFLOW_CTX_DAG_RUN_ID=scheduled__2022-05-01T13:00:00+00:00
[2023-05-07T15:48:57.617+0000] {logging_mixin.py:137} INFO - Expecting value: line 1 column 1 (char 0)
[2023-05-07T15:48:57.618+0000] {helpers.py:93} ERROR - Expecting value: line 1 column 1 (char 0)
[2023-05-07T15:48:57.619+0000] {helpers.py:94} ERROR - Retrying! 9 attempts before skipping!
[2023-05-07T15:48:58.769+0000] {logging_mixin.py:137} INFO - Expecting value: line 1 column 1 (char 0)
[2023-05-07T15:48:58.771+0000] {helpers.py:93} ERROR - Expecting value: line 1 column 1 (char 0)
[2023-05-07T15:48:58.772+0000] {helpers.py:94} ERROR - Retrying! 8 attempts before skipping!
[2023-05-07T15:49:00.012+0000] {logging_mixin.py:137} INFO - Expecting value: line 1 column 1 (char 0)
[2023-05-07T15:49:00.013+0000] {helpers.py:93} ERROR - Expecting value: line 1 column 1 (char 0)
[2023-05-07T15:49:00.015+0000] {helpers.py:94} ERROR - Retrying! 7 attempts before skipping!
[2023-05-07T15:49:01.354+0000] {logging_mixin.py:137} INFO - Expecting value: line 1 column 1 (char 0)
[2023-05-07T15:49:01.355+0000] {helpers.py:93} ERROR - Expecting value: line 1 column 1 (char 0)
[2023-05-07T15:49:01.356+0000] {helpers.py:94} ERROR - Retrying! 6 attempts before skipping!
[2023-05-07T15:49:02.632+0000] {logging_mixin.py:137} INFO - Expecting value: line 1 column 1 (char 0)
[2023-05-07T15:49:02.634+0000] {helpers.py:93} ERROR - Expecting value: line 1 column 1 (char 0)
[2023-05-07T15:49:02.634+0000] {helpers.py:94} ERROR - Retrying! 5 attempts before skipping!
[2023-05-07T15:49:03.799+0000] {logging_mixin.py:137} INFO - Expecting value: line 1 column 1 (char 0)
[2023-05-07T15:49:03.800+0000] {helpers.py:93} ERROR - Expecting value: line 1 column 1 (char 0)
[2023-05-07T15:49:03.836+0000] {helpers.py:94} ERROR - Retrying! 4 attempts before skipping!
[2023-05-07T15:49:05.180+0000] {logging_mixin.py:137} INFO - Expecting value: line 1 column 1 (char 0)
[2023-05-07T15:49:05.187+0000] {helpers.py:93} ERROR - Expecting value: line 1 column 1 (char 0)
[2023-05-07T15:49:05.189+0000] {helpers.py:94} ERROR - Retrying! 3 attempts before skipping!
[2023-05-07T15:49:06.345+0000] {logging_mixin.py:137} INFO - Expecting value: line 1 column 1 (char 0)
[2023-05-07T15:49:06.347+0000] {helpers.py:93} ERROR - Expecting value: line 1 column 1 (char 0)
[2023-05-07T15:49:06.348+0000] {helpers.py:94} ERROR - Retrying! 2 attempts before skipping!
[2023-05-07T15:49:07.501+0000] {logging_mixin.py:137} INFO - Expecting value: line 1 column 1 (char 0)
[2023-05-07T15:49:07.502+0000] {helpers.py:93} ERROR - Expecting value: line 1 column 1 (char 0)
[2023-05-07T15:49:07.504+0000] {helpers.py:94} ERROR - Retrying! 1 attempts before skipping!
[2023-05-07T15:49:08.729+0000] {logging_mixin.py:137} INFO - Expecting value: line 1 column 1 (char 0)
[2023-05-07T15:49:08.733+0000] {helpers.py:93} ERROR - Expecting value: line 1 column 1 (char 0)
[2023-05-07T15:49:08.746+0000] {helpers.py:94} ERROR - Retrying! 0 attempts before skipping!
[2023-05-07T15:49:10.103+0000] {logging_mixin.py:137} INFO - Expecting value: line 1 column 1 (char 0)
[2023-05-07T15:49:10.107+0000] {helpers.py:93} ERROR - Expecting value: line 1 column 1 (char 0)
[2023-05-07T15:49:10.115+0000] {helpers.py:94} ERROR - Retrying! -1 attempts before skipping!
[2023-05-07T15:49:11.833+0000] {logging_mixin.py:137} INFO - Expecting value: line 1 column 1 (char 0)
[2023-05-07T15:49:11.836+0000] {helpers.py:93} ERROR - Expecting value: line 1 column 1 (char 0)
[2023-05-07T15:49:11.839+0000] {helpers.py:94} ERROR - Retrying! 9 attempts before skipping!
[2023-05-07T15:49:13.016+0000] {logging_mixin.py:137} INFO - Expecting value: line 1 column 1 (char 0)
[2023-05-07T15:49:13.018+0000] {helpers.py:93} ERROR - Expecting value: line 1 column 1 (char 0)
[2023-05-07T15:49:13.018+0000] {helpers.py:94} ERROR - Retrying! 8 attempts before skipping!
[2023-05-07T15:49:14.339+0000] {logging_mixin.py:137} INFO - Expecting value: line 1 column 1 (char 0)
[2023-05-07T15:49:14.340+0000] {helpers.py:93} ERROR - Expecting value: line 1 column 1 (char 0)
[2023-05-07T15:49:14.341+0000] {helpers.py:94} ERROR - Retrying! 7 attempts before skipping!
[2023-05-07T15:49:15.535+0000] {logging_mixin.py:137} INFO - Expecting value: line 1 column 1 (char 0)
[2023-05-07T15:49:15.537+0000] {helpers.py:93} ERROR - Expecting value: line 1 column 1 (char 0)
[2023-05-07T15:49:15.544+0000] {helpers.py:94} ERROR - Retrying! 6 attempts before skipping!
[2023-05-07T15:49:16.709+0000] {logging_mixin.py:137} INFO - Expecting value: line 1 column 1 (char 0)
[2023-05-07T15:49:16.712+0000] {helpers.py:93} ERROR - Expecting value: line 1 column 1 (char 0)
[2023-05-07T15:49:16.714+0000] {helpers.py:94} ERROR - Retrying! 5 attempts before skipping!
[2023-05-07T15:49:18.082+0000] {logging_mixin.py:137} INFO - Expecting value: line 1 column 1 (char 0)
[2023-05-07T15:49:18.084+0000] {helpers.py:93} ERROR - Expecting value: line 1 column 1 (char 0)
[2023-05-07T15:49:18.085+0000] {helpers.py:94} ERROR - Retrying! 4 attempts before skipping!
[2023-05-07T15:49:19.245+0000] {logging_mixin.py:137} INFO - Expecting value: line 1 column 1 (char 0)
[2023-05-07T15:49:19.247+0000] {helpers.py:93} ERROR - Expecting value: line 1 column 1 (char 0)
[2023-05-07T15:49:19.248+0000] {helpers.py:94} ERROR - Retrying! 3 attempts before skipping!
[2023-05-07T15:49:20.759+0000] {logging_mixin.py:137} INFO - Expecting value: line 1 column 1 (char 0)
[2023-05-07T15:49:20.761+0000] {helpers.py:93} ERROR - Expecting value: line 1 column 1 (char 0)
[2023-05-07T15:49:20.763+0000] {helpers.py:94} ERROR - Retrying! 2 attempts before skipping!
[2023-05-07T15:49:21.923+0000] {logging_mixin.py:137} INFO - Expecting value: line 1 column 1 (char 0)
[2023-05-07T15:49:21.930+0000] {helpers.py:93} ERROR - Expecting value: line 1 column 1 (char 0)
[2023-05-07T15:49:21.932+0000] {helpers.py:94} ERROR - Retrying! 1 attempts before skipping!
[2023-05-07T15:49:23.090+0000] {logging_mixin.py:137} INFO - Expecting value: line 1 column 1 (char 0)
[2023-05-07T15:49:23.091+0000] {helpers.py:93} ERROR - Expecting value: line 1 column 1 (char 0)
[2023-05-07T15:49:23.092+0000] {helpers.py:94} ERROR - Retrying! 0 attempts before skipping!
[2023-05-07T15:49:24.245+0000] {logging_mixin.py:137} INFO - Expecting value: line 1 column 1 (char 0)
[2023-05-07T15:49:24.246+0000] {helpers.py:93} ERROR - Expecting value: line 1 column 1 (char 0)
[2023-05-07T15:49:24.247+0000] {helpers.py:94} ERROR - Retrying! -1 attempts before skipping!
[2023-05-07T15:49:25.645+0000] {logging_mixin.py:137} INFO - Expecting value: line 1 column 1 (char 0)
[2023-05-07T15:49:25.652+0000] {helpers.py:93} ERROR - Expecting value: line 1 column 1 (char 0)
[2023-05-07T15:49:25.669+0000] {helpers.py:94} ERROR - Retrying! 9 attempts before skipping!
[2023-05-07T15:49:26.838+0000] {logging_mixin.py:137} INFO - Expecting value: line 1 column 1 (char 0)
[2023-05-07T15:49:26.839+0000] {helpers.py:93} ERROR - Expecting value: line 1 column 1 (char 0)
[2023-05-07T15:49:26.840+0000] {helpers.py:94} ERROR - Retrying! 8 attempts before skipping!
[2023-05-07T15:49:28.353+0000] {logging_mixin.py:137} INFO - Expecting value: line 1 column 1 (char 0)
[2023-05-07T15:49:28.355+0000] {helpers.py:93} ERROR - Expecting value: line 1 column 1 (char 0)
[2023-05-07T15:49:28.356+0000] {helpers.py:94} ERROR - Retrying! 7 attempts before skipping!
[2023-05-07T15:49:29.726+0000] {logging_mixin.py:137} INFO - Expecting value: line 1 column 1 (char 0)
[2023-05-07T15:49:29.730+0000] {helpers.py:93} ERROR - Expecting value: line 1 column 1 (char 0)
[2023-05-07T15:49:29.733+0000] {helpers.py:94} ERROR - Retrying! 6 attempts before skipping!
[2023-05-07T15:49:30.890+0000] {logging_mixin.py:137} INFO - Expecting value: line 1 column 1 (char 0)
[2023-05-07T15:49:30.909+0000] {helpers.py:93} ERROR - Expecting value: line 1 column 1 (char 0)
[2023-05-07T15:49:30.910+0000] {helpers.py:94} ERROR - Retrying! 5 attempts before skipping!
[2023-05-07T15:49:32.074+0000] {logging_mixin.py:137} INFO - Expecting value: line 1 column 1 (char 0)
[2023-05-07T15:49:32.076+0000] {helpers.py:93} ERROR - Expecting value: line 1 column 1 (char 0)
[2023-05-07T15:49:32.079+0000] {helpers.py:94} ERROR - Retrying! 4 attempts before skipping!
[2023-05-07T15:49:33.234+0000] {logging_mixin.py:137} INFO - Expecting value: line 1 column 1 (char 0)
[2023-05-07T15:49:33.235+0000] {helpers.py:93} ERROR - Expecting value: line 1 column 1 (char 0)
[2023-05-07T15:49:33.237+0000] {helpers.py:94} ERROR - Retrying! 3 attempts before skipping!
[2023-05-07T15:49:34.398+0000] {logging_mixin.py:137} INFO - Expecting value: line 1 column 1 (char 0)
[2023-05-07T15:49:34.399+0000] {helpers.py:93} ERROR - Expecting value: line 1 column 1 (char 0)
[2023-05-07T15:49:34.400+0000] {helpers.py:94} ERROR - Retrying! 2 attempts before skipping!
[2023-05-07T15:49:35.661+0000] {logging_mixin.py:137} INFO - Expecting value: line 1 column 1 (char 0)
[2023-05-07T15:49:35.663+0000] {helpers.py:93} ERROR - Expecting value: line 1 column 1 (char 0)
[2023-05-07T15:49:35.664+0000] {helpers.py:94} ERROR - Retrying! 1 attempts before skipping!
[2023-05-07T15:49:36.824+0000] {logging_mixin.py:137} INFO - Expecting value: line 1 column 1 (char 0)
[2023-05-07T15:49:36.843+0000] {helpers.py:93} ERROR - Expecting value: line 1 column 1 (char 0)
[2023-05-07T15:49:36.849+0000] {helpers.py:94} ERROR - Retrying! 0 attempts before skipping!
[2023-05-07T15:49:38.000+0000] {logging_mixin.py:137} INFO - Expecting value: line 1 column 1 (char 0)
[2023-05-07T15:49:38.001+0000] {helpers.py:93} ERROR - Expecting value: line 1 column 1 (char 0)
[2023-05-07T15:49:38.002+0000] {helpers.py:94} ERROR - Retrying! -1 attempts before skipping!
[2023-05-07T15:49:39.348+0000] {logging_mixin.py:137} INFO - Expecting value: line 1 column 1 (char 0)
[2023-05-07T15:49:39.349+0000] {helpers.py:93} ERROR - Expecting value: line 1 column 1 (char 0)
[2023-05-07T15:49:39.350+0000] {helpers.py:94} ERROR - Retrying! 9 attempts before skipping!
[2023-05-07T15:49:40.528+0000] {logging_mixin.py:137} INFO - Expecting value: line 1 column 1 (char 0)
[2023-05-07T15:49:40.529+0000] {helpers.py:93} ERROR - Expecting value: line 1 column 1 (char 0)
[2023-05-07T15:49:40.535+0000] {helpers.py:94} ERROR - Retrying! 8 attempts before skipping!
[2023-05-07T15:49:41.896+0000] {logging_mixin.py:137} INFO - Expecting value: line 1 column 1 (char 0)
[2023-05-07T15:49:41.916+0000] {helpers.py:93} ERROR - Expecting value: line 1 column 1 (char 0)
[2023-05-07T15:49:41.918+0000] {helpers.py:94} ERROR - Retrying! 7 attempts before skipping!
[2023-05-07T15:49:43.124+0000] {logging_mixin.py:137} INFO - Expecting value: line 1 column 1 (char 0)
[2023-05-07T15:49:43.125+0000] {helpers.py:93} ERROR - Expecting value: line 1 column 1 (char 0)
[2023-05-07T15:49:43.125+0000] {helpers.py:94} ERROR - Retrying! 6 attempts before skipping!
[2023-05-07T15:49:44.275+0000] {logging_mixin.py:137} INFO - Expecting value: line 1 column 1 (char 0)
[2023-05-07T15:49:44.277+0000] {helpers.py:93} ERROR - Expecting value: line 1 column 1 (char 0)
[2023-05-07T15:49:44.278+0000] {helpers.py:94} ERROR - Retrying! 5 attempts before skipping!
[2023-05-07T15:49:45.432+0000] {logging_mixin.py:137} INFO - Expecting value: line 1 column 1 (char 0)
[2023-05-07T15:49:45.433+0000] {helpers.py:93} ERROR - Expecting value: line 1 column 1 (char 0)
[2023-05-07T15:49:45.435+0000] {helpers.py:94} ERROR - Retrying! 4 attempts before skipping!
[2023-05-07T15:49:46.623+0000] {logging_mixin.py:137} INFO - Expecting value: line 1 column 1 (char 0)
[2023-05-07T15:49:46.624+0000] {helpers.py:93} ERROR - Expecting value: line 1 column 1 (char 0)
[2023-05-07T15:49:46.625+0000] {helpers.py:94} ERROR - Retrying! 3 attempts before skipping!
[2023-05-07T15:49:47.873+0000] {logging_mixin.py:137} INFO - Expecting value: line 1 column 1 (char 0)
[2023-05-07T15:49:47.874+0000] {helpers.py:93} ERROR - Expecting value: line 1 column 1 (char 0)
[2023-05-07T15:49:47.875+0000] {helpers.py:94} ERROR - Retrying! 2 attempts before skipping!
[2023-05-07T15:49:49.028+0000] {logging_mixin.py:137} INFO - Expecting value: line 1 column 1 (char 0)
[2023-05-07T15:49:49.029+0000] {helpers.py:93} ERROR - Expecting value: line 1 column 1 (char 0)
[2023-05-07T15:49:49.030+0000] {helpers.py:94} ERROR - Retrying! 1 attempts before skipping!
[2023-05-07T15:49:50.196+0000] {logging_mixin.py:137} INFO - Expecting value: line 1 column 1 (char 0)
[2023-05-07T15:49:50.198+0000] {helpers.py:93} ERROR - Expecting value: line 1 column 1 (char 0)
[2023-05-07T15:49:50.207+0000] {helpers.py:94} ERROR - Retrying! 0 attempts before skipping!
[2023-05-07T15:49:51.361+0000] {logging_mixin.py:137} INFO - Expecting value: line 1 column 1 (char 0)
[2023-05-07T15:49:51.362+0000] {helpers.py:93} ERROR - Expecting value: line 1 column 1 (char 0)
[2023-05-07T15:49:51.363+0000] {helpers.py:94} ERROR - Retrying! -1 attempts before skipping!
[2023-05-07T15:49:52.732+0000] {logging_mixin.py:137} INFO - Expecting value: line 1 column 1 (char 0)
[2023-05-07T15:49:52.735+0000] {helpers.py:93} ERROR - Expecting value: line 1 column 1 (char 0)
[2023-05-07T15:49:52.737+0000] {helpers.py:94} ERROR - Retrying! 9 attempts before skipping!
[2023-05-07T15:49:54.064+0000] {logging_mixin.py:137} INFO - Expecting value: line 1 column 1 (char 0)
[2023-05-07T15:49:54.087+0000] {helpers.py:93} ERROR - Expecting value: line 1 column 1 (char 0)
[2023-05-07T15:49:54.089+0000] {helpers.py:94} ERROR - Retrying! 8 attempts before skipping!
[2023-05-07T15:49:55.438+0000] {logging_mixin.py:137} INFO - Expecting value: line 1 column 1 (char 0)
[2023-05-07T15:49:55.439+0000] {helpers.py:93} ERROR - Expecting value: line 1 column 1 (char 0)
[2023-05-07T15:49:55.440+0000] {helpers.py:94} ERROR - Retrying! 7 attempts before skipping!
[2023-05-07T15:49:56.762+0000] {logging_mixin.py:137} INFO - Expecting value: line 1 column 1 (char 0)
[2023-05-07T15:49:56.763+0000] {helpers.py:93} ERROR - Expecting value: line 1 column 1 (char 0)
[2023-05-07T15:49:56.765+0000] {helpers.py:94} ERROR - Retrying! 6 attempts before skipping!
[2023-05-07T15:49:57.929+0000] {logging_mixin.py:137} INFO - Expecting value: line 1 column 1 (char 0)
[2023-05-07T15:49:57.969+0000] {helpers.py:93} ERROR - Expecting value: line 1 column 1 (char 0)
[2023-05-07T15:49:57.977+0000] {helpers.py:94} ERROR - Retrying! 5 attempts before skipping!
[2023-05-07T15:49:59.157+0000] {logging_mixin.py:137} INFO - Expecting value: line 1 column 1 (char 0)
[2023-05-07T15:49:59.159+0000] {helpers.py:93} ERROR - Expecting value: line 1 column 1 (char 0)
[2023-05-07T15:49:59.160+0000] {helpers.py:94} ERROR - Retrying! 4 attempts before skipping!
[2023-05-07T15:50:00.336+0000] {logging_mixin.py:137} INFO - Expecting value: line 1 column 1 (char 0)
[2023-05-07T15:50:00.337+0000] {helpers.py:93} ERROR - Expecting value: line 1 column 1 (char 0)
[2023-05-07T15:50:00.338+0000] {helpers.py:94} ERROR - Retrying! 3 attempts before skipping!
[2023-05-07T15:50:01.497+0000] {logging_mixin.py:137} INFO - Expecting value: line 1 column 1 (char 0)
[2023-05-07T15:50:01.498+0000] {helpers.py:93} ERROR - Expecting value: line 1 column 1 (char 0)
[2023-05-07T15:50:01.499+0000] {helpers.py:94} ERROR - Retrying! 2 attempts before skipping!
[2023-05-07T15:50:02.789+0000] {logging_mixin.py:137} INFO - Expecting value: line 1 column 1 (char 0)
[2023-05-07T15:50:02.796+0000] {helpers.py:93} ERROR - Expecting value: line 1 column 1 (char 0)
[2023-05-07T15:50:02.813+0000] {helpers.py:94} ERROR - Retrying! 1 attempts before skipping!
[2023-05-07T15:50:03.993+0000] {logging_mixin.py:137} INFO - Expecting value: line 1 column 1 (char 0)
[2023-05-07T15:50:03.996+0000] {helpers.py:93} ERROR - Expecting value: line 1 column 1 (char 0)
[2023-05-07T15:50:03.997+0000] {helpers.py:94} ERROR - Retrying! 0 attempts before skipping!
[2023-05-07T15:50:05.267+0000] {logging_mixin.py:137} INFO - Expecting value: line 1 column 1 (char 0)
[2023-05-07T15:50:05.268+0000] {helpers.py:93} ERROR - Expecting value: line 1 column 1 (char 0)
[2023-05-07T15:50:05.269+0000] {helpers.py:94} ERROR - Retrying! -1 attempts before skipping!
[2023-05-07T15:50:06.420+0000] {logging_mixin.py:137} INFO - Expecting value: line 1 column 1 (char 0)
[2023-05-07T15:50:06.421+0000] {helpers.py:93} ERROR - Expecting value: line 1 column 1 (char 0)
[2023-05-07T15:50:06.421+0000] {helpers.py:94} ERROR - Retrying! 9 attempts before skipping!
[2023-05-07T15:50:07.574+0000] {logging_mixin.py:137} INFO - Expecting value: line 1 column 1 (char 0)
[2023-05-07T15:50:07.576+0000] {helpers.py:93} ERROR - Expecting value: line 1 column 1 (char 0)
[2023-05-07T15:50:07.577+0000] {helpers.py:94} ERROR - Retrying! 8 attempts before skipping!
[2023-05-07T15:50:08.920+0000] {logging_mixin.py:137} INFO - Expecting value: line 1 column 1 (char 0)
[2023-05-07T15:50:08.922+0000] {helpers.py:93} ERROR - Expecting value: line 1 column 1 (char 0)
[2023-05-07T15:50:08.922+0000] {helpers.py:94} ERROR - Retrying! 7 attempts before skipping!
[2023-05-07T15:50:10.294+0000] {logging_mixin.py:137} INFO - Expecting value: line 1 column 1 (char 0)
[2023-05-07T15:50:10.298+0000] {helpers.py:93} ERROR - Expecting value: line 1 column 1 (char 0)
[2023-05-07T15:50:10.301+0000] {helpers.py:94} ERROR - Retrying! 6 attempts before skipping!
[2023-05-07T15:50:11.493+0000] {logging_mixin.py:137} INFO - Expecting value: line 1 column 1 (char 0)
[2023-05-07T15:50:11.494+0000] {helpers.py:93} ERROR - Expecting value: line 1 column 1 (char 0)
[2023-05-07T15:50:11.495+0000] {helpers.py:94} ERROR - Retrying! 5 attempts before skipping!
[2023-05-07T15:50:12.674+0000] {logging_mixin.py:137} INFO - Expecting value: line 1 column 1 (char 0)
[2023-05-07T15:50:12.675+0000] {helpers.py:93} ERROR - Expecting value: line 1 column 1 (char 0)
[2023-05-07T15:50:12.677+0000] {helpers.py:94} ERROR - Retrying! 4 attempts before skipping!
[2023-05-07T15:50:14.022+0000] {logging_mixin.py:137} INFO - Expecting value: line 1 column 1 (char 0)
[2023-05-07T15:50:14.024+0000] {helpers.py:93} ERROR - Expecting value: line 1 column 1 (char 0)
[2023-05-07T15:50:14.026+0000] {helpers.py:94} ERROR - Retrying! 3 attempts before skipping!
[2023-05-07T15:50:15.408+0000] {logging_mixin.py:137} INFO - Expecting value: line 1 column 1 (char 0)
[2023-05-07T15:50:15.411+0000] {helpers.py:93} ERROR - Expecting value: line 1 column 1 (char 0)
[2023-05-07T15:50:15.413+0000] {helpers.py:94} ERROR - Retrying! 2 attempts before skipping!
[2023-05-07T15:50:16.747+0000] {logging_mixin.py:137} INFO - Expecting value: line 1 column 1 (char 0)
[2023-05-07T15:50:16.748+0000] {helpers.py:93} ERROR - Expecting value: line 1 column 1 (char 0)
[2023-05-07T15:50:16.750+0000] {helpers.py:94} ERROR - Retrying! 1 attempts before skipping!
[2023-05-07T15:50:17.899+0000] {logging_mixin.py:137} INFO - Expecting value: line 1 column 1 (char 0)
[2023-05-07T15:50:17.906+0000] {helpers.py:93} ERROR - Expecting value: line 1 column 1 (char 0)
[2023-05-07T15:50:17.908+0000] {helpers.py:94} ERROR - Retrying! 0 attempts before skipping!
[2023-05-07T15:50:19.056+0000] {logging_mixin.py:137} INFO - Expecting value: line 1 column 1 (char 0)
[2023-05-07T15:50:19.057+0000] {helpers.py:93} ERROR - Expecting value: line 1 column 1 (char 0)
[2023-05-07T15:50:19.058+0000] {helpers.py:94} ERROR - Retrying! -1 attempts before skipping!
[2023-05-07T15:50:20.636+0000] {warnings.py:110} WARNING - /home/***/.local/lib/python3.7/site-packages/***/utils/context.py:313: AirflowContextDeprecationWarning: Accessing 'execution_date' from the template is deprecated and will be removed in a future version. Please use 'data_interval_start' or 'logical_date' instead.
  warnings.warn(_create_deprecation_warning(k, replacements))

[2023-05-07T15:50:20.668+0000] {logging_mixin.py:137} INFO -             scrape_timestamp  ...                                           selftext
0  2022-05-01T13:00:00+00:00  ...  Yall been my 2nd-3rd favorite team since Ja r...

[1 rows x 8 columns]
[2023-05-07T15:50:20.670+0000] {helpers.py:87} INFO - Memphis Grizzlies: Successfully scraped!
[2023-05-07T15:50:20.820+0000] {logging_mixin.py:137} INFO - Expecting value: line 1 column 1 (char 0)
[2023-05-07T15:50:20.821+0000] {helpers.py:93} ERROR - Expecting value: line 1 column 1 (char 0)
[2023-05-07T15:50:20.824+0000] {helpers.py:94} ERROR - Retrying! 9 attempts before skipping!
[2023-05-07T15:50:22.080+0000] {logging_mixin.py:137} INFO - Expecting value: line 1 column 1 (char 0)
[2023-05-07T15:50:22.089+0000] {helpers.py:93} ERROR - Expecting value: line 1 column 1 (char 0)
[2023-05-07T15:50:22.096+0000] {helpers.py:94} ERROR - Retrying! 8 attempts before skipping!
[2023-05-07T15:50:23.258+0000] {logging_mixin.py:137} INFO - Expecting value: line 1 column 1 (char 0)
[2023-05-07T15:50:23.261+0000] {helpers.py:93} ERROR - Expecting value: line 1 column 1 (char 0)
[2023-05-07T15:50:23.263+0000] {helpers.py:94} ERROR - Retrying! 7 attempts before skipping!
[2023-05-07T15:50:24.769+0000] {logging_mixin.py:137} INFO - Expecting value: line 1 column 1 (char 0)
[2023-05-07T15:50:24.772+0000] {helpers.py:93} ERROR - Expecting value: line 1 column 1 (char 0)
[2023-05-07T15:50:24.773+0000] {helpers.py:94} ERROR - Retrying! 6 attempts before skipping!
[2023-05-07T15:50:25.926+0000] {logging_mixin.py:137} INFO - Expecting value: line 1 column 1 (char 0)
[2023-05-07T15:50:25.927+0000] {helpers.py:93} ERROR - Expecting value: line 1 column 1 (char 0)
[2023-05-07T15:50:25.929+0000] {helpers.py:94} ERROR - Retrying! 5 attempts before skipping!
[2023-05-07T15:50:27.082+0000] {logging_mixin.py:137} INFO - Expecting value: line 1 column 1 (char 0)
[2023-05-07T15:50:27.084+0000] {helpers.py:93} ERROR - Expecting value: line 1 column 1 (char 0)
[2023-05-07T15:50:27.085+0000] {helpers.py:94} ERROR - Retrying! 4 attempts before skipping!
[2023-05-07T15:50:28.269+0000] {logging_mixin.py:137} INFO - Expecting value: line 1 column 1 (char 0)
[2023-05-07T15:50:28.271+0000] {helpers.py:93} ERROR - Expecting value: line 1 column 1 (char 0)
[2023-05-07T15:50:28.273+0000] {helpers.py:94} ERROR - Retrying! 3 attempts before skipping!
[2023-05-07T15:50:29.424+0000] {logging_mixin.py:137} INFO - Expecting value: line 1 column 1 (char 0)
[2023-05-07T15:50:29.425+0000] {helpers.py:93} ERROR - Expecting value: line 1 column 1 (char 0)
[2023-05-07T15:50:29.426+0000] {helpers.py:94} ERROR - Retrying! 2 attempts before skipping!
[2023-05-07T15:50:30.741+0000] {logging_mixin.py:137} INFO - Expecting value: line 1 column 1 (char 0)
[2023-05-07T15:50:30.742+0000] {helpers.py:93} ERROR - Expecting value: line 1 column 1 (char 0)
[2023-05-07T15:50:30.743+0000] {helpers.py:94} ERROR - Retrying! 1 attempts before skipping!
[2023-05-07T15:50:31.892+0000] {logging_mixin.py:137} INFO - Expecting value: line 1 column 1 (char 0)
[2023-05-07T15:50:31.894+0000] {helpers.py:93} ERROR - Expecting value: line 1 column 1 (char 0)
[2023-05-07T15:50:31.894+0000] {helpers.py:94} ERROR - Retrying! 0 attempts before skipping!
[2023-05-07T15:50:33.047+0000] {logging_mixin.py:137} INFO - Expecting value: line 1 column 1 (char 0)
[2023-05-07T15:50:33.049+0000] {helpers.py:93} ERROR - Expecting value: line 1 column 1 (char 0)
[2023-05-07T15:50:33.051+0000] {helpers.py:94} ERROR - Retrying! -1 attempts before skipping!
[2023-05-07T15:50:34.071+0000] {helpers.py:103} INFO - Saved in /opt/***/data/output_scrape_teams_9-16.csv
[2023-05-07T15:50:34.074+0000] {python.py:177} INFO - Done. Returned value was:             scrape_timestamp  ...                                           selftext
0  2022-05-01T13:00:00+00:00  ...  Yall been my 2nd-3rd favorite team since Ja r...

[1 rows x 8 columns]
[2023-05-07T15:50:34.100+0000] {xcom.py:635} ERROR - Object of type DataFrame is not JSON serializable. If you are using pickle instead of JSON for XCom, then you need to enable pickle support for XCom in your *** config or make sure to decorate your object with attr.
[2023-05-07T15:50:34.113+0000] {taskinstance.py:1776} ERROR - Task failed with exception
Traceback (most recent call last):
  File "/home/airflow/.local/lib/python3.7/site-packages/airflow/utils/session.py", line 72, in wrapper
    return func(*args, **kwargs)
  File "/home/airflow/.local/lib/python3.7/site-packages/airflow/models/taskinstance.py", line 2305, in xcom_push
    session=session,
  File "/home/airflow/.local/lib/python3.7/site-packages/airflow/utils/session.py", line 72, in wrapper
    return func(*args, **kwargs)
  File "/home/airflow/.local/lib/python3.7/site-packages/airflow/models/xcom.py", line 240, in set
    map_index=map_index,
  File "/home/airflow/.local/lib/python3.7/site-packages/airflow/models/xcom.py", line 627, in serialize_value
    return json.dumps(value, cls=XComEncoder).encode("UTF-8")
  File "/usr/local/lib/python3.7/json/__init__.py", line 238, in dumps
    **kw).encode(obj)
  File "/home/airflow/.local/lib/python3.7/site-packages/airflow/utils/json.py", line 176, in encode
    return super().encode(o)
  File "/usr/local/lib/python3.7/json/encoder.py", line 199, in encode
    chunks = self.iterencode(o, _one_shot=True)
  File "/usr/local/lib/python3.7/json/encoder.py", line 257, in iterencode
    return _iterencode(o, 0)
  File "/home/airflow/.local/lib/python3.7/site-packages/airflow/utils/json.py", line 170, in default
    return super().default(o)
  File "/usr/local/lib/python3.7/json/encoder.py", line 179, in default
    raise TypeError(f'Object of type {o.__class__.__name__} '
TypeError: Object of type DataFrame is not JSON serializable
[2023-05-07T15:50:34.127+0000] {taskinstance.py:1332} INFO - Marking task as FAILED. dag_id=scrape_and_save_to_csv, task_id=scrape_teams_9-16, execution_date=20220501T130000, start_date=20230507T154857, end_date=20230507T155034
[2023-05-07T15:50:34.144+0000] {standard_task_runner.py:105} ERROR - Failed to execute job 3039 for task scrape_teams_9-16 (Object of type DataFrame is not JSON serializable; 4165)
[2023-05-07T15:50:34.176+0000] {local_task_job.py:212} INFO - Task exited with return code 1
[2023-05-07T15:50:34.201+0000] {taskinstance.py:2596} INFO - 0 downstream tasks scheduled from follow-on schedule check
[2023-05-08T23:46:30.553+0000] {taskinstance.py:1090} INFO - Dependencies all met for dep_context=non-requeueable deps ti=<TaskInstance: scrape_and_save_to_csv.scrape_teams_9-16 scheduled__2022-05-01T13:00:00+00:00 [queued]>
[2023-05-08T23:46:30.561+0000] {taskinstance.py:1090} INFO - Dependencies all met for dep_context=requeueable deps ti=<TaskInstance: scrape_and_save_to_csv.scrape_teams_9-16 scheduled__2022-05-01T13:00:00+00:00 [queued]>
[2023-05-08T23:46:30.562+0000] {taskinstance.py:1288} INFO - 
--------------------------------------------------------------------------------
[2023-05-08T23:46:30.564+0000] {taskinstance.py:1289} INFO - Starting attempt 1 of 1
[2023-05-08T23:46:30.565+0000] {taskinstance.py:1290} INFO - 
--------------------------------------------------------------------------------
[2023-05-08T23:46:30.577+0000] {taskinstance.py:1309} INFO - Executing <Task(PythonOperator): scrape_teams_9-16> on 2022-05-01 13:00:00+00:00
[2023-05-08T23:46:30.584+0000] {standard_task_runner.py:55} INFO - Started process 405 to run task
[2023-05-08T23:46:30.592+0000] {standard_task_runner.py:82} INFO - Running: ['***', 'tasks', 'run', 'scrape_and_save_to_csv', 'scrape_teams_9-16', 'scheduled__2022-05-01T13:00:00+00:00', '--job-id', '3159', '--raw', '--subdir', 'DAGS_FOLDER/scrape_and_push_dag.py', '--cfg-path', '/tmp/tmpcpixv3fm']
[2023-05-08T23:46:30.594+0000] {standard_task_runner.py:83} INFO - Job 3159: Subtask scrape_teams_9-16
[2023-05-08T23:46:30.684+0000] {task_command.py:389} INFO - Running <TaskInstance: scrape_and_save_to_csv.scrape_teams_9-16 scheduled__2022-05-01T13:00:00+00:00 [running]> on host f41dbfa3d325
[2023-05-08T23:46:30.722+0000] {warnings.py:110} WARNING - /home/***/.local/lib/python3.7/site-packages/***/utils/context.py:205: AirflowContextDeprecationWarning: Accessing 'execution_date' from the template is deprecated and will be removed in a future version. Please use 'data_interval_start' or 'logical_date' instead.
  warnings.warn(_create_deprecation_warning(key, self._deprecation_replacements[key]))

[2023-05-08T23:46:30.769+0000] {taskinstance.py:1518} INFO - Exporting the following env vars:
AIRFLOW_CTX_DAG_OWNER=***
AIRFLOW_CTX_DAG_ID=scrape_and_save_to_csv
AIRFLOW_CTX_TASK_ID=scrape_teams_9-16
AIRFLOW_CTX_EXECUTION_DATE=2022-05-01T13:00:00+00:00
AIRFLOW_CTX_TRY_NUMBER=1
AIRFLOW_CTX_DAG_RUN_ID=scheduled__2022-05-01T13:00:00+00:00
[2023-05-08T23:46:30.772+0000] {taskinstance.py:1776} ERROR - Task failed with exception
Traceback (most recent call last):
  File "/home/airflow/.local/lib/python3.7/site-packages/airflow/operators/python.py", line 175, in execute
    return_value = self.execute_callable()
  File "/home/airflow/.local/lib/python3.7/site-packages/airflow/operators/python.py", line 192, in execute_callable
    return self.python_callable(*self.op_args, **self.op_kwargs)
  File "/opt/airflow/dags/helpers.py", line 59, in scrape_and_save
    after = datetime.fromisoformat(f"{{ execution_date }}")
ValueError: Invalid isoformat string: '{ execution_date }'
[2023-05-08T23:46:30.788+0000] {taskinstance.py:1332} INFO - Marking task as FAILED. dag_id=scrape_and_save_to_csv, task_id=scrape_teams_9-16, execution_date=20220501T130000, start_date=20230508T234630, end_date=20230508T234630
[2023-05-08T23:46:30.798+0000] {standard_task_runner.py:105} ERROR - Failed to execute job 3159 for task scrape_teams_9-16 (Invalid isoformat string: '{ execution_date }'; 405)
[2023-05-08T23:46:30.842+0000] {local_task_job.py:212} INFO - Task exited with return code 1
[2023-05-08T23:46:30.872+0000] {taskinstance.py:2596} INFO - 0 downstream tasks scheduled from follow-on schedule check
[2023-05-09T21:30:06.299+0000] {taskinstance.py:1090} INFO - Dependencies all met for dep_context=non-requeueable deps ti=<TaskInstance: scrape_and_save_to_csv.scrape_teams_9-16 scheduled__2022-05-01T13:00:00+00:00 [queued]>
[2023-05-09T21:30:06.311+0000] {taskinstance.py:1090} INFO - Dependencies all met for dep_context=requeueable deps ti=<TaskInstance: scrape_and_save_to_csv.scrape_teams_9-16 scheduled__2022-05-01T13:00:00+00:00 [queued]>
[2023-05-09T21:30:06.312+0000] {taskinstance.py:1288} INFO - 
--------------------------------------------------------------------------------
[2023-05-09T21:30:06.329+0000] {taskinstance.py:1289} INFO - Starting attempt 1 of 1
[2023-05-09T21:30:06.333+0000] {taskinstance.py:1290} INFO - 
--------------------------------------------------------------------------------
[2023-05-09T21:30:06.350+0000] {taskinstance.py:1309} INFO - Executing <Task(PythonOperator): scrape_teams_9-16> on 2022-05-01 13:00:00+00:00
[2023-05-09T21:30:06.360+0000] {standard_task_runner.py:55} INFO - Started process 12246 to run task
[2023-05-09T21:30:06.369+0000] {standard_task_runner.py:82} INFO - Running: ['***', 'tasks', 'run', 'scrape_and_save_to_csv', 'scrape_teams_9-16', 'scheduled__2022-05-01T13:00:00+00:00', '--job-id', '3367', '--raw', '--subdir', 'DAGS_FOLDER/scrape_and_push_dag.py', '--cfg-path', '/tmp/tmpaj5vwk1f']
[2023-05-09T21:30:06.376+0000] {standard_task_runner.py:83} INFO - Job 3367: Subtask scrape_teams_9-16
[2023-05-09T21:30:06.566+0000] {task_command.py:389} INFO - Running <TaskInstance: scrape_and_save_to_csv.scrape_teams_9-16 scheduled__2022-05-01T13:00:00+00:00 [running]> on host f41dbfa3d325
[2023-05-09T21:30:06.623+0000] {warnings.py:110} WARNING - /home/***/.local/lib/python3.7/site-packages/***/utils/context.py:205: AirflowContextDeprecationWarning: Accessing 'execution_date' from the template is deprecated and will be removed in a future version. Please use 'data_interval_start' or 'logical_date' instead.
  warnings.warn(_create_deprecation_warning(key, self._deprecation_replacements[key]))

[2023-05-09T21:30:06.673+0000] {taskinstance.py:1518} INFO - Exporting the following env vars:
AIRFLOW_CTX_DAG_OWNER=***
AIRFLOW_CTX_DAG_ID=scrape_and_save_to_csv
AIRFLOW_CTX_TASK_ID=scrape_teams_9-16
AIRFLOW_CTX_EXECUTION_DATE=2022-05-01T13:00:00+00:00
AIRFLOW_CTX_TRY_NUMBER=1
AIRFLOW_CTX_DAG_RUN_ID=scheduled__2022-05-01T13:00:00+00:00
[2023-05-09T21:30:11.599+0000] {helpers.py:94} INFO - Detroit Pistons: Successfully scraped!
[2023-05-09T21:30:26.046+0000] {helpers.py:94} INFO - Golden State Warriors: Successfully scraped!
[2023-05-09T21:30:41.197+0000] {helpers.py:94} INFO - Houston Rockets: Successfully scraped!
[2023-05-09T21:30:56.510+0000] {helpers.py:94} INFO - Indiana Pacers: Successfully scraped!
[2023-05-09T21:31:12.276+0000] {helpers.py:94} INFO - Los Angeles Clippers: Successfully scraped!
[2023-05-09T21:31:27.862+0000] {helpers.py:94} INFO - Los Angeles Lakers: Successfully scraped!
[2023-05-09T21:31:42.663+0000] {helpers.py:94} INFO - Memphis Grizzlies: Successfully scraped!
[2023-05-09T21:31:54.331+0000] {helpers.py:94} INFO - Miami Heat: Successfully scraped!
[2023-05-09T21:31:54.357+0000] {helpers.py:109} INFO - Saved in /opt/***/data/output_scrape_teams_9-16.csv
[2023-05-09T21:31:54.360+0000] {python.py:177} INFO - Done. Returned value was: None
[2023-05-09T21:31:54.385+0000] {taskinstance.py:1332} INFO - Marking task as SUCCESS. dag_id=scrape_and_save_to_csv, task_id=scrape_teams_9-16, execution_date=20220501T130000, start_date=20230509T213006, end_date=20230509T213154
[2023-05-09T21:31:54.509+0000] {local_task_job.py:212} INFO - Task exited with return code 0
[2023-05-09T21:31:54.550+0000] {taskinstance.py:2596} INFO - 0 downstream tasks scheduled from follow-on schedule check
