[2023-05-08T23:47:12.864+0000] {taskinstance.py:1090} INFO - Dependencies all met for dep_context=non-requeueable deps ti=<TaskInstance: scrape_and_save_to_csv.scrape_teams_9-16 scheduled__2022-05-02T07:00:00+00:00 [queued]>
[2023-05-08T23:47:12.876+0000] {taskinstance.py:1090} INFO - Dependencies all met for dep_context=requeueable deps ti=<TaskInstance: scrape_and_save_to_csv.scrape_teams_9-16 scheduled__2022-05-02T07:00:00+00:00 [queued]>
[2023-05-08T23:47:12.877+0000] {taskinstance.py:1288} INFO - 
--------------------------------------------------------------------------------
[2023-05-08T23:47:12.880+0000] {taskinstance.py:1289} INFO - Starting attempt 1 of 1
[2023-05-08T23:47:12.881+0000] {taskinstance.py:1290} INFO - 
--------------------------------------------------------------------------------
[2023-05-08T23:47:12.895+0000] {taskinstance.py:1309} INFO - Executing <Task(PythonOperator): scrape_teams_9-16> on 2022-05-02 07:00:00+00:00
[2023-05-08T23:47:12.901+0000] {standard_task_runner.py:55} INFO - Started process 634 to run task
[2023-05-08T23:47:12.910+0000] {standard_task_runner.py:82} INFO - Running: ['***', 'tasks', 'run', 'scrape_and_save_to_csv', 'scrape_teams_9-16', 'scheduled__2022-05-02T07:00:00+00:00', '--job-id', '3232', '--raw', '--subdir', 'DAGS_FOLDER/scrape_and_push_dag.py', '--cfg-path', '/tmp/tmpjngtaxk3']
[2023-05-08T23:47:12.914+0000] {standard_task_runner.py:83} INFO - Job 3232: Subtask scrape_teams_9-16
[2023-05-08T23:47:13.008+0000] {task_command.py:389} INFO - Running <TaskInstance: scrape_and_save_to_csv.scrape_teams_9-16 scheduled__2022-05-02T07:00:00+00:00 [running]> on host f41dbfa3d325
[2023-05-08T23:47:13.048+0000] {warnings.py:110} WARNING - /home/***/.local/lib/python3.7/site-packages/***/utils/context.py:205: AirflowContextDeprecationWarning: Accessing 'execution_date' from the template is deprecated and will be removed in a future version. Please use 'data_interval_start' or 'logical_date' instead.
  warnings.warn(_create_deprecation_warning(key, self._deprecation_replacements[key]))

[2023-05-08T23:47:13.094+0000] {taskinstance.py:1518} INFO - Exporting the following env vars:
AIRFLOW_CTX_DAG_OWNER=***
AIRFLOW_CTX_DAG_ID=scrape_and_save_to_csv
AIRFLOW_CTX_TASK_ID=scrape_teams_9-16
AIRFLOW_CTX_EXECUTION_DATE=2022-05-02T07:00:00+00:00
AIRFLOW_CTX_TRY_NUMBER=1
AIRFLOW_CTX_DAG_RUN_ID=scheduled__2022-05-02T07:00:00+00:00
[2023-05-08T23:47:13.097+0000] {taskinstance.py:1776} ERROR - Task failed with exception
Traceback (most recent call last):
  File "/home/airflow/.local/lib/python3.7/site-packages/airflow/operators/python.py", line 175, in execute
    return_value = self.execute_callable()
  File "/home/airflow/.local/lib/python3.7/site-packages/airflow/operators/python.py", line 192, in execute_callable
    return self.python_callable(*self.op_args, **self.op_kwargs)
  File "/opt/airflow/dags/helpers.py", line 59, in scrape_and_save
    after = datetime.fromisoformat(f"{{ execution_date }}")
ValueError: Invalid isoformat string: '{ execution_date }'
[2023-05-08T23:47:13.107+0000] {taskinstance.py:1332} INFO - Marking task as FAILED. dag_id=scrape_and_save_to_csv, task_id=scrape_teams_9-16, execution_date=20220502T070000, start_date=20230508T234712, end_date=20230508T234713
[2023-05-08T23:47:13.115+0000] {standard_task_runner.py:105} ERROR - Failed to execute job 3232 for task scrape_teams_9-16 (Invalid isoformat string: '{ execution_date }'; 634)
[2023-05-08T23:47:13.158+0000] {local_task_job.py:212} INFO - Task exited with return code 1
[2023-05-08T23:47:13.179+0000] {taskinstance.py:2596} INFO - 0 downstream tasks scheduled from follow-on schedule check
[2023-05-09T22:06:04.890+0000] {taskinstance.py:1090} INFO - Dependencies all met for dep_context=non-requeueable deps ti=<TaskInstance: scrape_and_save_to_csv.scrape_teams_9-16 scheduled__2022-05-02T07:00:00+00:00 [queued]>
[2023-05-09T22:06:04.918+0000] {taskinstance.py:1090} INFO - Dependencies all met for dep_context=requeueable deps ti=<TaskInstance: scrape_and_save_to_csv.scrape_teams_9-16 scheduled__2022-05-02T07:00:00+00:00 [queued]>
[2023-05-09T22:06:04.933+0000] {taskinstance.py:1288} INFO - 
--------------------------------------------------------------------------------
[2023-05-09T22:06:04.937+0000] {taskinstance.py:1289} INFO - Starting attempt 1 of 1
[2023-05-09T22:06:04.940+0000] {taskinstance.py:1290} INFO - 
--------------------------------------------------------------------------------
[2023-05-09T22:06:04.965+0000] {taskinstance.py:1309} INFO - Executing <Task(PythonOperator): scrape_teams_9-16> on 2022-05-02 07:00:00+00:00
[2023-05-09T22:06:04.998+0000] {standard_task_runner.py:55} INFO - Started process 13390 to run task
[2023-05-09T22:06:05.003+0000] {standard_task_runner.py:82} INFO - Running: ['***', 'tasks', 'run', 'scrape_and_save_to_csv', 'scrape_teams_9-16', 'scheduled__2022-05-02T07:00:00+00:00', '--job-id', '3473', '--raw', '--subdir', 'DAGS_FOLDER/scrape_and_push_dag.py', '--cfg-path', '/tmp/tmpnf72l1gc']
[2023-05-09T22:06:05.014+0000] {standard_task_runner.py:83} INFO - Job 3473: Subtask scrape_teams_9-16
[2023-05-09T22:06:05.196+0000] {task_command.py:389} INFO - Running <TaskInstance: scrape_and_save_to_csv.scrape_teams_9-16 scheduled__2022-05-02T07:00:00+00:00 [running]> on host f41dbfa3d325
[2023-05-09T22:06:05.275+0000] {warnings.py:110} WARNING - /home/***/.local/lib/python3.7/site-packages/***/utils/context.py:205: AirflowContextDeprecationWarning: Accessing 'execution_date' from the template is deprecated and will be removed in a future version. Please use 'data_interval_start' or 'logical_date' instead.
  warnings.warn(_create_deprecation_warning(key, self._deprecation_replacements[key]))

[2023-05-09T22:06:05.354+0000] {taskinstance.py:1518} INFO - Exporting the following env vars:
AIRFLOW_CTX_DAG_OWNER=***
AIRFLOW_CTX_DAG_ID=scrape_and_save_to_csv
AIRFLOW_CTX_TASK_ID=scrape_teams_9-16
AIRFLOW_CTX_EXECUTION_DATE=2022-05-02T07:00:00+00:00
AIRFLOW_CTX_TRY_NUMBER=1
AIRFLOW_CTX_DAG_RUN_ID=scheduled__2022-05-02T07:00:00+00:00
[2023-05-09T22:06:12.001+0000] {helpers.py:94} INFO - Detroit Pistons: Successfully scraped!
[2023-05-09T22:06:26.862+0000] {helpers.py:94} INFO - Golden State Warriors: Successfully scraped!
[2023-05-09T22:06:42.995+0000] {helpers.py:94} INFO - Houston Rockets: Successfully scraped!
[2023-05-09T22:06:58.412+0000] {helpers.py:94} INFO - Indiana Pacers: Successfully scraped!
[2023-05-09T22:07:14.348+0000] {helpers.py:94} INFO - Los Angeles Clippers: Successfully scraped!
[2023-05-09T22:07:30.361+0000] {helpers.py:94} INFO - Los Angeles Lakers: Successfully scraped!
[2023-05-09T22:07:44.065+0000] {helpers.py:94} INFO - Memphis Grizzlies: Successfully scraped!
[2023-05-09T22:07:55.980+0000] {helpers.py:94} INFO - Miami Heat: Successfully scraped!
[2023-05-09T22:07:55.999+0000] {helpers.py:109} INFO - Saved in /opt/***/data/output_scrape_teams_9-16.csv
[2023-05-09T22:07:56.001+0000] {python.py:177} INFO - Done. Returned value was: None
[2023-05-09T22:07:56.024+0000] {taskinstance.py:1332} INFO - Marking task as SUCCESS. dag_id=scrape_and_save_to_csv, task_id=scrape_teams_9-16, execution_date=20220502T070000, start_date=20230509T220604, end_date=20230509T220756
[2023-05-09T22:07:56.163+0000] {local_task_job.py:212} INFO - Task exited with return code 0
[2023-05-09T22:07:56.192+0000] {taskinstance.py:2596} INFO - 0 downstream tasks scheduled from follow-on schedule check
