[2023-05-01T07:17:11.374+0000] {taskinstance.py:1090} INFO - Dependencies all met for dep_context=non-requeueable deps ti=<TaskInstance: push_to_bigquery.push_csv_to_cloud_storage scheduled__2023-05-01T05:30:00+00:00 [queued]>
[2023-05-01T07:17:11.384+0000] {taskinstance.py:1090} INFO - Dependencies all met for dep_context=requeueable deps ti=<TaskInstance: push_to_bigquery.push_csv_to_cloud_storage scheduled__2023-05-01T05:30:00+00:00 [queued]>
[2023-05-01T07:17:11.388+0000] {taskinstance.py:1288} INFO - 
--------------------------------------------------------------------------------
[2023-05-01T07:17:11.390+0000] {taskinstance.py:1289} INFO - Starting attempt 1 of 1
[2023-05-01T07:17:11.391+0000] {taskinstance.py:1290} INFO - 
--------------------------------------------------------------------------------
[2023-05-01T07:17:11.409+0000] {taskinstance.py:1309} INFO - Executing <Task(PythonOperator): push_csv_to_cloud_storage> on 2023-05-01 05:30:00+00:00
[2023-05-01T07:17:11.416+0000] {standard_task_runner.py:55} INFO - Started process 5658 to run task
[2023-05-01T07:17:11.421+0000] {standard_task_runner.py:82} INFO - Running: ['***', 'tasks', 'run', 'push_to_bigquery', 'push_csv_to_cloud_storage', 'scheduled__2023-05-01T05:30:00+00:00', '--job-id', '2018', '--raw', '--subdir', 'DAGS_FOLDER/push_to_bigquery_dag.py', '--cfg-path', '/tmp/tmp7ya48mto']
[2023-05-01T07:17:11.431+0000] {standard_task_runner.py:83} INFO - Job 2018: Subtask push_csv_to_cloud_storage
[2023-05-01T07:17:11.530+0000] {task_command.py:389} INFO - Running <TaskInstance: push_to_bigquery.push_csv_to_cloud_storage scheduled__2023-05-01T05:30:00+00:00 [running]> on host 5d4cd8acb346
[2023-05-01T07:17:11.561+0000] {warnings.py:110} WARNING - /home/***/.local/lib/python3.7/site-packages/***/utils/context.py:205: AirflowContextDeprecationWarning: Accessing 'execution_date' from the template is deprecated and will be removed in a future version. Please use 'data_interval_start' or 'logical_date' instead.
  warnings.warn(_create_deprecation_warning(key, self._deprecation_replacements[key]))

[2023-05-01T07:17:12.584+0000] {taskinstance.py:1518} INFO - Exporting the following env vars:
AIRFLOW_CTX_DAG_OWNER=***
AIRFLOW_CTX_DAG_ID=push_to_bigquery
AIRFLOW_CTX_TASK_ID=push_csv_to_cloud_storage
AIRFLOW_CTX_EXECUTION_DATE=2023-05-01T05:30:00+00:00
AIRFLOW_CTX_TRY_NUMBER=1
AIRFLOW_CTX_DAG_RUN_ID=scheduled__2023-05-01T05:30:00+00:00
[2023-05-01T07:17:12.675+0000] {connectionpool.py:813} WARNING - Retrying (Retry(total=2, connect=None, read=None, redirect=None, status=None)) after connection broken by 'NewConnectionError('<urllib3.connection.HTTPSConnection object at 0xffff9bfd3550>: Failed to establish a new connection: [Errno -2] Name or service not known')': /token
[2023-05-01T07:17:12.684+0000] {connectionpool.py:813} WARNING - Retrying (Retry(total=1, connect=None, read=None, redirect=None, status=None)) after connection broken by 'NewConnectionError('<urllib3.connection.HTTPSConnection object at 0xffff9bfd3a50>: Failed to establish a new connection: [Errno -2] Name or service not known')': /token
[2023-05-01T07:17:12.689+0000] {connectionpool.py:813} WARNING - Retrying (Retry(total=0, connect=None, read=None, redirect=None, status=None)) after connection broken by 'NewConnectionError('<urllib3.connection.HTTPSConnection object at 0xffff9bfd3dd0>: Failed to establish a new connection: [Errno -2] Name or service not known')': /token
[2023-05-01T07:17:13.021+0000] {connectionpool.py:813} WARNING - Retrying (Retry(total=2, connect=None, read=None, redirect=None, status=None)) after connection broken by 'NewConnectionError('<urllib3.connection.HTTPSConnection object at 0xffff9bf85750>: Failed to establish a new connection: [Errno -2] Name or service not known')': /token
[2023-05-01T07:17:13.027+0000] {connectionpool.py:813} WARNING - Retrying (Retry(total=1, connect=None, read=None, redirect=None, status=None)) after connection broken by 'NewConnectionError('<urllib3.connection.HTTPSConnection object at 0xffff9bf85d50>: Failed to establish a new connection: [Errno -2] Name or service not known')': /token
[2023-05-01T07:17:13.035+0000] {connectionpool.py:813} WARNING - Retrying (Retry(total=0, connect=None, read=None, redirect=None, status=None)) after connection broken by 'NewConnectionError('<urllib3.connection.HTTPSConnection object at 0xffff9bf8d150>: Failed to establish a new connection: [Errno -2] Name or service not known')': /token
[2023-05-01T07:17:13.609+0000] {connectionpool.py:813} WARNING - Retrying (Retry(total=2, connect=None, read=None, redirect=None, status=None)) after connection broken by 'NewConnectionError('<urllib3.connection.HTTPSConnection object at 0xffff9bf8dad0>: Failed to establish a new connection: [Errno -2] Name or service not known')': /token
[2023-05-01T07:17:13.616+0000] {connectionpool.py:813} WARNING - Retrying (Retry(total=1, connect=None, read=None, redirect=None, status=None)) after connection broken by 'NewConnectionError('<urllib3.connection.HTTPSConnection object at 0xffff9bf99150>: Failed to establish a new connection: [Errno -2] Name or service not known')': /token
[2023-05-01T07:17:13.624+0000] {connectionpool.py:813} WARNING - Retrying (Retry(total=0, connect=None, read=None, redirect=None, status=None)) after connection broken by 'NewConnectionError('<urllib3.connection.HTTPSConnection object at 0xffff9bf995d0>: Failed to establish a new connection: [Errno -2] Name or service not known')': /token
[2023-05-01T07:17:14.246+0000] {connectionpool.py:813} WARNING - Retrying (Retry(total=2, connect=None, read=None, redirect=None, status=None)) after connection broken by 'NewConnectionError('<urllib3.connection.HTTPSConnection object at 0xffff9bfa1050>: Failed to establish a new connection: [Errno -2] Name or service not known')': /token
[2023-05-01T07:17:14.254+0000] {connectionpool.py:813} WARNING - Retrying (Retry(total=1, connect=None, read=None, redirect=None, status=None)) after connection broken by 'NewConnectionError('<urllib3.connection.HTTPSConnection object at 0xffff9bfa16d0>: Failed to establish a new connection: [Errno -2] Name or service not known')': /token
[2023-05-01T07:17:14.260+0000] {connectionpool.py:813} WARNING - Retrying (Retry(total=0, connect=None, read=None, redirect=None, status=None)) after connection broken by 'NewConnectionError('<urllib3.connection.HTTPSConnection object at 0xffff9bf8d3d0>: Failed to establish a new connection: [Errno -2] Name or service not known')': /token
[2023-05-01T07:17:27.494+0000] {connectionpool.py:813} WARNING - Retrying (Retry(total=2, connect=None, read=None, redirect=None, status=None)) after connection broken by 'NewConnectionError('<urllib3.connection.HTTPSConnection object at 0xffff9bf85c50>: Failed to establish a new connection: [Errno -2] Name or service not known')': /token
[2023-05-01T07:17:27.502+0000] {connectionpool.py:813} WARNING - Retrying (Retry(total=1, connect=None, read=None, redirect=None, status=None)) after connection broken by 'NewConnectionError('<urllib3.connection.HTTPSConnection object at 0xffff9bf85a10>: Failed to establish a new connection: [Errno -2] Name or service not known')': /token
[2023-05-01T07:17:27.512+0000] {connectionpool.py:813} WARNING - Retrying (Retry(total=0, connect=None, read=None, redirect=None, status=None)) after connection broken by 'NewConnectionError('<urllib3.connection.HTTPSConnection object at 0xffff9bfa1b50>: Failed to establish a new connection: [Errno -2] Name or service not known')': /token
[2023-05-01T07:17:27.760+0000] {connectionpool.py:813} WARNING - Retrying (Retry(total=2, connect=None, read=None, redirect=None, status=None)) after connection broken by 'NewConnectionError('<urllib3.connection.HTTPSConnection object at 0xffff9bfa8590>: Failed to establish a new connection: [Errno -2] Name or service not known')': /token
[2023-05-01T07:17:27.768+0000] {connectionpool.py:813} WARNING - Retrying (Retry(total=1, connect=None, read=None, redirect=None, status=None)) after connection broken by 'NewConnectionError('<urllib3.connection.HTTPSConnection object at 0xffff9bfa8c50>: Failed to establish a new connection: [Errno -2] Name or service not known')': /token
[2023-05-01T07:17:27.776+0000] {connectionpool.py:813} WARNING - Retrying (Retry(total=0, connect=None, read=None, redirect=None, status=None)) after connection broken by 'NewConnectionError('<urllib3.connection.HTTPSConnection object at 0xffff9bfb30d0>: Failed to establish a new connection: [Errno -2] Name or service not known')': /token
[2023-05-01T07:17:32.586+0000] {connectionpool.py:813} WARNING - Retrying (Retry(total=2, connect=None, read=None, redirect=None, status=None)) after connection broken by 'NewConnectionError('<urllib3.connection.HTTPSConnection object at 0xffff9bfb3b10>: Failed to establish a new connection: [Errno -2] Name or service not known')': /token
[2023-05-01T07:17:32.595+0000] {connectionpool.py:813} WARNING - Retrying (Retry(total=1, connect=None, read=None, redirect=None, status=None)) after connection broken by 'NewConnectionError('<urllib3.connection.HTTPSConnection object at 0xffff9bfa80d0>: Failed to establish a new connection: [Errno -2] Name or service not known')': /token
[2023-05-01T07:17:32.603+0000] {connectionpool.py:813} WARNING - Retrying (Retry(total=0, connect=None, read=None, redirect=None, status=None)) after connection broken by 'NewConnectionError('<urllib3.connection.HTTPSConnection object at 0xffff9bfa1f90>: Failed to establish a new connection: [Errno -2] Name or service not known')': /token
[2023-05-01T07:48:24.237+0000] {local_task_job.py:277} WARNING - State of this instance has been externally set to failed. Terminating instance.
[2023-05-01T07:48:24.255+0000] {process_utils.py:133} INFO - Sending Signals.SIGTERM to group 5658. PIDs of all processes in the group: [5658]
[2023-05-01T07:48:24.258+0000] {process_utils.py:84} INFO - Sending the signal Signals.SIGTERM to group 5658
[2023-05-01T07:48:24.268+0000] {taskinstance.py:1488} ERROR - Received SIGTERM. Terminating subprocesses.
[2023-05-01T07:48:24.446+0000] {process_utils.py:79} INFO - Process psutil.Process(pid=5658, status='terminated', exitcode=0, started='07:17:10') (5658) terminated with exit code 0
