[2023-04-29T18:33:58.481+0000] {taskinstance.py:1090} INFO - Dependencies all met for dep_context=non-requeueable deps ti=<TaskInstance: scrape_and_save_to_csv.trigger_push_dag scheduled__2023-04-29T17:30:00+00:00 [queued]>
[2023-04-29T18:33:58.493+0000] {taskinstance.py:1090} INFO - Dependencies all met for dep_context=requeueable deps ti=<TaskInstance: scrape_and_save_to_csv.trigger_push_dag scheduled__2023-04-29T17:30:00+00:00 [queued]>
[2023-04-29T18:33:58.496+0000] {taskinstance.py:1288} INFO - 
--------------------------------------------------------------------------------
[2023-04-29T18:33:58.498+0000] {taskinstance.py:1289} INFO - Starting attempt 1 of 1
[2023-04-29T18:33:58.501+0000] {taskinstance.py:1290} INFO - 
--------------------------------------------------------------------------------
[2023-04-29T18:33:58.517+0000] {taskinstance.py:1309} INFO - Executing <Task(TriggerDagRunOperator): trigger_push_dag> on 2023-04-29 17:30:00+00:00
[2023-04-29T18:33:58.528+0000] {standard_task_runner.py:55} INFO - Started process 1739 to run task
[2023-04-29T18:33:58.533+0000] {standard_task_runner.py:82} INFO - Running: ['***', 'tasks', 'run', 'scrape_and_save_to_csv', 'trigger_push_dag', 'scheduled__2023-04-29T17:30:00+00:00', '--job-id', '1814', '--raw', '--subdir', 'DAGS_FOLDER/scrape_and_save_csv_dag.py', '--cfg-path', '/tmp/tmp_lga5o_n']
[2023-04-29T18:33:58.537+0000] {standard_task_runner.py:83} INFO - Job 1814: Subtask trigger_push_dag
[2023-04-29T18:33:58.674+0000] {task_command.py:389} INFO - Running <TaskInstance: scrape_and_save_to_csv.trigger_push_dag scheduled__2023-04-29T17:30:00+00:00 [running]> on host b5cee175690f
[2023-04-29T18:33:58.792+0000] {taskinstance.py:1518} INFO - Exporting the following env vars:
AIRFLOW_CTX_DAG_OWNER=***
AIRFLOW_CTX_DAG_ID=scrape_and_save_to_csv
AIRFLOW_CTX_TASK_ID=trigger_push_dag
AIRFLOW_CTX_EXECUTION_DATE=2023-04-29T17:30:00+00:00
AIRFLOW_CTX_TRY_NUMBER=1
AIRFLOW_CTX_DAG_RUN_ID=scheduled__2023-04-29T17:30:00+00:00
[2023-04-29T18:33:58.884+0000] {taskinstance.py:1332} INFO - Marking task as SUCCESS. dag_id=scrape_and_save_to_csv, task_id=trigger_push_dag, execution_date=20230429T173000, start_date=20230429T183358, end_date=20230429T183358
[2023-04-29T18:33:58.917+0000] {local_task_job.py:212} INFO - Task exited with return code 0
[2023-04-29T18:33:58.934+0000] {taskinstance.py:2596} INFO - 0 downstream tasks scheduled from follow-on schedule check
