[2023-05-01T17:30:01.252+0000] {taskinstance.py:1090} INFO - Dependencies all met for dep_context=non-requeueable deps ti=<TaskInstance: scrape_and_save_to_csv.scrape_teams_25-30 scheduled__2023-05-01T16:30:00+00:00 [queued]>
[2023-05-01T17:30:01.274+0000] {taskinstance.py:1090} INFO - Dependencies all met for dep_context=requeueable deps ti=<TaskInstance: scrape_and_save_to_csv.scrape_teams_25-30 scheduled__2023-05-01T16:30:00+00:00 [queued]>
[2023-05-01T17:30:01.277+0000] {taskinstance.py:1288} INFO - 
--------------------------------------------------------------------------------
[2023-05-01T17:30:01.279+0000] {taskinstance.py:1289} INFO - Starting attempt 1 of 1
[2023-05-01T17:30:01.282+0000] {taskinstance.py:1290} INFO - 
--------------------------------------------------------------------------------
[2023-05-01T17:30:01.306+0000] {taskinstance.py:1309} INFO - Executing <Task(PythonOperator): scrape_teams_25-30> on 2023-05-01 16:30:00+00:00
[2023-05-01T17:30:01.315+0000] {standard_task_runner.py:55} INFO - Started process 8088 to run task
[2023-05-01T17:30:01.330+0000] {standard_task_runner.py:82} INFO - Running: ['***', 'tasks', 'run', 'scrape_and_save_to_csv', 'scrape_teams_25-30', 'scheduled__2023-05-01T16:30:00+00:00', '--job-id', '2078', '--raw', '--subdir', 'DAGS_FOLDER/scrape_and_save_csv_dag.py', '--cfg-path', '/tmp/tmpbsa_mqg7']
[2023-05-01T17:30:01.340+0000] {standard_task_runner.py:83} INFO - Job 2078: Subtask scrape_teams_25-30
[2023-05-01T17:30:01.499+0000] {task_command.py:389} INFO - Running <TaskInstance: scrape_and_save_to_csv.scrape_teams_25-30 scheduled__2023-05-01T16:30:00+00:00 [running]> on host 5d4cd8acb346
[2023-05-01T17:30:01.616+0000] {taskinstance.py:1518} INFO - Exporting the following env vars:
AIRFLOW_CTX_DAG_OWNER=***
AIRFLOW_CTX_DAG_ID=scrape_and_save_to_csv
AIRFLOW_CTX_TASK_ID=scrape_teams_25-30
AIRFLOW_CTX_EXECUTION_DATE=2023-05-01T16:30:00+00:00
AIRFLOW_CTX_TRY_NUMBER=1
AIRFLOW_CTX_DAG_RUN_ID=scheduled__2023-05-01T16:30:00+00:00
[2023-05-01T17:30:05.244+0000] {warnings.py:110} WARNING - /home/***/.local/lib/python3.7/site-packages/***/utils/context.py:313: AirflowContextDeprecationWarning: Accessing 'execution_date' from the template is deprecated and will be removed in a future version. Please use 'data_interval_start' or 'logical_date' instead.
  warnings.warn(_create_deprecation_warning(k, replacements))

[2023-05-01T17:30:05.639+0000] {helpers.py:80} INFO - Portland Trail Blazers: Successfully scraped!
[2023-05-01T17:30:08.369+0000] {helpers.py:80} INFO - Sacramento Kings: Successfully scraped!
[2023-05-01T17:30:11.716+0000] {helpers.py:80} INFO - San Antonio Spurs: Successfully scraped!
[2023-05-01T17:30:16.133+0000] {helpers.py:80} INFO - Toronto Raptors: Successfully scraped!
[2023-05-01T17:30:21.447+0000] {helpers.py:80} INFO - Utah Jazz: Successfully scraped!
[2023-05-01T17:30:26.672+0000] {helpers.py:80} INFO - Washington Wizards: Successfully scraped!
[2023-05-01T17:30:26.729+0000] {helpers.py:96} INFO - Saved in /opt/***/data/output_scrape_teams_25-30.csv
[2023-05-01T17:30:26.734+0000] {python.py:177} INFO - Done. Returned value was: None
[2023-05-01T17:30:26.761+0000] {taskinstance.py:1332} INFO - Marking task as SUCCESS. dag_id=scrape_and_save_to_csv, task_id=scrape_teams_25-30, execution_date=20230501T163000, start_date=20230501T173001, end_date=20230501T173026
[2023-05-01T17:30:26.927+0000] {local_task_job.py:212} INFO - Task exited with return code 0
[2023-05-01T17:30:26.988+0000] {taskinstance.py:2596} INFO - 0 downstream tasks scheduled from follow-on schedule check
