[2023-05-03T21:30:37.438+0000] {taskinstance.py:1090} INFO - Dependencies all met for dep_context=non-requeueable deps ti=<TaskInstance: scrape_and_save_to_csv.join_csv scheduled__2023-05-03T20:30:00+00:00 [queued]>
[2023-05-03T21:30:37.444+0000] {taskinstance.py:1090} INFO - Dependencies all met for dep_context=requeueable deps ti=<TaskInstance: scrape_and_save_to_csv.join_csv scheduled__2023-05-03T20:30:00+00:00 [queued]>
[2023-05-03T21:30:37.445+0000] {taskinstance.py:1288} INFO - 
--------------------------------------------------------------------------------
[2023-05-03T21:30:37.446+0000] {taskinstance.py:1289} INFO - Starting attempt 1 of 1
[2023-05-03T21:30:37.447+0000] {taskinstance.py:1290} INFO - 
--------------------------------------------------------------------------------
[2023-05-03T21:30:37.456+0000] {taskinstance.py:1309} INFO - Executing <Task(PythonOperator): join_csv> on 2023-05-03 20:30:00+00:00
[2023-05-03T21:30:37.460+0000] {standard_task_runner.py:55} INFO - Started process 37194 to run task
[2023-05-03T21:30:37.464+0000] {standard_task_runner.py:82} INFO - Running: ['***', 'tasks', 'run', 'scrape_and_save_to_csv', 'join_csv', 'scheduled__2023-05-03T20:30:00+00:00', '--job-id', '2430', '--raw', '--subdir', 'DAGS_FOLDER/scrape_and_save_csv_dag.py', '--cfg-path', '/tmp/tmpgt1eooyq']
[2023-05-03T21:30:37.467+0000] {standard_task_runner.py:83} INFO - Job 2430: Subtask join_csv
[2023-05-03T21:30:37.547+0000] {task_command.py:389} INFO - Running <TaskInstance: scrape_and_save_to_csv.join_csv scheduled__2023-05-03T20:30:00+00:00 [running]> on host 5d4cd8acb346
[2023-05-03T21:30:37.601+0000] {taskinstance.py:1518} INFO - Exporting the following env vars:
AIRFLOW_CTX_DAG_OWNER=***
AIRFLOW_CTX_DAG_ID=scrape_and_save_to_csv
AIRFLOW_CTX_TASK_ID=join_csv
AIRFLOW_CTX_EXECUTION_DATE=2023-05-03T20:30:00+00:00
AIRFLOW_CTX_TRY_NUMBER=1
AIRFLOW_CTX_DAG_RUN_ID=scheduled__2023-05-03T20:30:00+00:00
[2023-05-03T21:30:37.766+0000] {python.py:177} INFO - Done. Returned value was: None
[2023-05-03T21:30:37.776+0000] {taskinstance.py:1332} INFO - Marking task as SUCCESS. dag_id=scrape_and_save_to_csv, task_id=join_csv, execution_date=20230503T203000, start_date=20230503T213037, end_date=20230503T213037
[2023-05-03T21:30:37.801+0000] {local_task_job.py:212} INFO - Task exited with return code 0
[2023-05-03T21:30:37.819+0000] {taskinstance.py:2596} INFO - 1 downstream tasks scheduled from follow-on schedule check
