[2023-05-09T23:33:09.110+0000] {taskinstance.py:1090} INFO - Dependencies all met for dep_context=non-requeueable deps ti=<TaskInstance: scrape_and_save_to_csv.scrape_teams_25-30 scheduled__2022-05-03T13:00:00+00:00 [queued]>
[2023-05-09T23:33:09.130+0000] {taskinstance.py:1090} INFO - Dependencies all met for dep_context=requeueable deps ti=<TaskInstance: scrape_and_save_to_csv.scrape_teams_25-30 scheduled__2022-05-03T13:00:00+00:00 [queued]>
[2023-05-09T23:33:09.136+0000] {taskinstance.py:1288} INFO - 
--------------------------------------------------------------------------------
[2023-05-09T23:33:09.138+0000] {taskinstance.py:1289} INFO - Starting attempt 1 of 1
[2023-05-09T23:33:09.140+0000] {taskinstance.py:1290} INFO - 
--------------------------------------------------------------------------------
[2023-05-09T23:33:09.166+0000] {taskinstance.py:1309} INFO - Executing <Task(PythonOperator): scrape_teams_25-30> on 2022-05-03 13:00:00+00:00
[2023-05-09T23:33:09.173+0000] {standard_task_runner.py:55} INFO - Started process 15148 to run task
[2023-05-09T23:33:09.177+0000] {standard_task_runner.py:82} INFO - Running: ['***', 'tasks', 'run', 'scrape_and_save_to_csv', 'scrape_teams_25-30', 'scheduled__2022-05-03T13:00:00+00:00', '--job-id', '3655', '--raw', '--subdir', 'DAGS_FOLDER/scrape_and_push_dag.py', '--cfg-path', '/tmp/tmpnzue74f2']
[2023-05-09T23:33:09.182+0000] {standard_task_runner.py:83} INFO - Job 3655: Subtask scrape_teams_25-30
[2023-05-09T23:33:09.276+0000] {task_command.py:389} INFO - Running <TaskInstance: scrape_and_save_to_csv.scrape_teams_25-30 scheduled__2022-05-03T13:00:00+00:00 [running]> on host f41dbfa3d325
[2023-05-09T23:33:09.321+0000] {warnings.py:110} WARNING - /home/***/.local/lib/python3.7/site-packages/***/utils/context.py:205: AirflowContextDeprecationWarning: Accessing 'execution_date' from the template is deprecated and will be removed in a future version. Please use 'data_interval_start' or 'logical_date' instead.
  warnings.warn(_create_deprecation_warning(key, self._deprecation_replacements[key]))

[2023-05-09T23:33:09.386+0000] {taskinstance.py:1518} INFO - Exporting the following env vars:
AIRFLOW_CTX_DAG_OWNER=***
AIRFLOW_CTX_DAG_ID=scrape_and_save_to_csv
AIRFLOW_CTX_TASK_ID=scrape_teams_25-30
AIRFLOW_CTX_EXECUTION_DATE=2022-05-03T13:00:00+00:00
AIRFLOW_CTX_TRY_NUMBER=1
AIRFLOW_CTX_DAG_RUN_ID=scheduled__2022-05-03T13:00:00+00:00
[2023-05-09T23:33:10.787+0000] {helpers.py:94} INFO - Portland Trail Blazers: Successfully scraped!
[2023-05-09T23:33:26.797+0000] {sessions.py:161} WARNING - Retrying due to ReadTimeout(ReadTimeoutError("HTTPSConnectionPool(host='oauth.reddit.com', port=443): Read timed out. (read timeout=16.0)")) status: GET https://oauth.reddit.com/r/kings/search/
[2023-05-09T23:33:28.605+0000] {helpers.py:94} INFO - Sacramento Kings: Successfully scraped!
[2023-05-09T23:33:29.042+0000] {helpers.py:94} INFO - San Antonio Spurs: Successfully scraped!
[2023-05-09T23:33:29.507+0000] {helpers.py:94} INFO - Toronto Raptors: Successfully scraped!
[2023-05-09T23:33:29.695+0000] {helpers.py:94} INFO - Utah Jazz: Successfully scraped!
[2023-05-09T23:33:30.105+0000] {helpers.py:94} INFO - Washington Wizards: Successfully scraped!
[2023-05-09T23:33:30.113+0000] {helpers.py:109} INFO - Saved in /opt/***/data/output_scrape_teams_25-30.csv
[2023-05-09T23:33:30.115+0000] {python.py:177} INFO - Done. Returned value was: None
[2023-05-09T23:33:30.130+0000] {taskinstance.py:1332} INFO - Marking task as SUCCESS. dag_id=scrape_and_save_to_csv, task_id=scrape_teams_25-30, execution_date=20220503T130000, start_date=20230509T233309, end_date=20230509T233330
[2023-05-09T23:33:30.165+0000] {local_task_job.py:212} INFO - Task exited with return code 0
[2023-05-09T23:33:30.199+0000] {taskinstance.py:2596} INFO - 0 downstream tasks scheduled from follow-on schedule check
