[2023-05-04T12:28:38.680+0000] {taskinstance.py:1090} INFO - Dependencies all met for dep_context=non-requeueable deps ti=<TaskInstance: scrape_and_save_to_csv.scrape_teams_17-24 scheduled__2023-05-04T05:30:00+00:00 [queued]>
[2023-05-04T12:28:38.748+0000] {taskinstance.py:1090} INFO - Dependencies all met for dep_context=requeueable deps ti=<TaskInstance: scrape_and_save_to_csv.scrape_teams_17-24 scheduled__2023-05-04T05:30:00+00:00 [queued]>
[2023-05-04T12:28:38.772+0000] {taskinstance.py:1288} INFO - 
--------------------------------------------------------------------------------
[2023-05-04T12:28:38.776+0000] {taskinstance.py:1289} INFO - Starting attempt 1 of 1
[2023-05-04T12:28:38.779+0000] {taskinstance.py:1290} INFO - 
--------------------------------------------------------------------------------
[2023-05-04T12:28:38.984+0000] {taskinstance.py:1309} INFO - Executing <Task(PythonOperator): scrape_teams_17-24> on 2023-05-04 05:30:00+00:00
[2023-05-04T12:28:39.106+0000] {standard_task_runner.py:55} INFO - Started process 40244 to run task
[2023-05-04T12:28:39.150+0000] {standard_task_runner.py:82} INFO - Running: ['***', 'tasks', 'run', 'scrape_and_save_to_csv', 'scrape_teams_17-24', 'scheduled__2023-05-04T05:30:00+00:00', '--job-id', '2484', '--raw', '--subdir', 'DAGS_FOLDER/scrape_and_save_csv_dag.py', '--cfg-path', '/tmp/tmp3e1_9_z9']
[2023-05-04T12:28:39.175+0000] {standard_task_runner.py:83} INFO - Job 2484: Subtask scrape_teams_17-24
[2023-05-04T12:28:39.750+0000] {task_command.py:389} INFO - Running <TaskInstance: scrape_and_save_to_csv.scrape_teams_17-24 scheduled__2023-05-04T05:30:00+00:00 [running]> on host 5d4cd8acb346
[2023-05-04T12:28:40.641+0000] {taskinstance.py:1518} INFO - Exporting the following env vars:
AIRFLOW_CTX_DAG_OWNER=***
AIRFLOW_CTX_DAG_ID=scrape_and_save_to_csv
AIRFLOW_CTX_TASK_ID=scrape_teams_17-24
AIRFLOW_CTX_EXECUTION_DATE=2023-05-04T05:30:00+00:00
AIRFLOW_CTX_TRY_NUMBER=1
AIRFLOW_CTX_DAG_RUN_ID=scheduled__2023-05-04T05:30:00+00:00
[2023-05-04T12:28:45.287+0000] {warnings.py:110} WARNING - /home/***/.local/lib/python3.7/site-packages/***/utils/context.py:313: AirflowContextDeprecationWarning: Accessing 'execution_date' from the template is deprecated and will be removed in a future version. Please use 'data_interval_start' or 'logical_date' instead.
  warnings.warn(_create_deprecation_warning(k, replacements))

[2023-05-04T13:47:45.192+0000] {helpers.py:80} INFO - Milwaukee Bucks: Successfully scraped!
[2023-05-04T13:47:51.862+0000] {helpers.py:80} INFO - Minnesota Timberwolves: Successfully scraped!
[2023-05-04T13:47:58.659+0000] {helpers.py:80} INFO - New Orleans Pelicans: Successfully scraped!
[2023-05-04T13:48:02.096+0000] {logging_mixin.py:137} INFO - ("Connection broken: InvalidChunkLength(got length b'', 0 bytes read)", InvalidChunkLength(got length b'', 0 bytes read))
[2023-05-04T13:48:02.122+0000] {helpers.py:86} ERROR - ("Connection broken: InvalidChunkLength(got length b'', 0 bytes read)", InvalidChunkLength(got length b'', 0 bytes read))
[2023-05-04T13:48:02.134+0000] {helpers.py:87} ERROR - Retrying! 9 attempts before skipping!
[2023-05-04T13:48:06.389+0000] {helpers.py:80} INFO - New York Knicks: Successfully scraped!
[2023-05-04T13:48:11.469+0000] {helpers.py:80} INFO - Oklahoma City Thunder: Successfully scraped!
[2023-05-04T14:39:57.726+0000] {logging_mixin.py:137} INFO - ('Connection aborted.', RemoteDisconnected('Remote end closed connection without response'))
[2023-05-04T14:39:57.737+0000] {helpers.py:86} ERROR - ('Connection aborted.', RemoteDisconnected('Remote end closed connection without response'))
[2023-05-04T14:39:57.750+0000] {helpers.py:87} ERROR - Retrying! 9 attempts before skipping!
[2023-05-04T14:40:02.357+0000] {helpers.py:80} INFO - Orlando Magic: Successfully scraped!
[2023-05-04T14:40:06.414+0000] {local_task_job.py:277} WARNING - State of this instance has been externally set to failed. Terminating instance.
[2023-05-04T14:40:06.431+0000] {process_utils.py:133} INFO - Sending Signals.SIGTERM to group 40244. PIDs of all processes in the group: [40244]
[2023-05-04T14:40:06.439+0000] {process_utils.py:84} INFO - Sending the signal Signals.SIGTERM to group 40244
[2023-05-04T14:40:06.443+0000] {taskinstance.py:1488} ERROR - Received SIGTERM. Terminating subprocesses.
[2023-05-04T14:40:06.446+0000] {logging_mixin.py:137} INFO - Task received SIGTERM signal
[2023-05-04T14:40:06.449+0000] {helpers.py:86} ERROR - Task received SIGTERM signal
[2023-05-04T14:40:06.454+0000] {helpers.py:87} ERROR - Retrying! 9 attempts before skipping!
[2023-05-04T15:21:42.621+0000] {process_utils.py:147} WARNING - process psutil.Process(pid=40244, name='airflow task ru', status='sleeping', started='12:28:38') did not respond to SIGTERM. Trying SIGKILL
[2023-05-04T15:21:42.652+0000] {process_utils.py:84} INFO - Sending the signal Signals.SIGKILL to group 40244
[2023-05-04T15:21:43.485+0000] {process_utils.py:79} INFO - Process psutil.Process(pid=40244, name='airflow task ru', status='terminated', exitcode=<Negsignal.SIGKILL: -9>, started='12:28:38') (40244) terminated with exit code Negsignal.SIGKILL
[2023-05-04T15:21:43.490+0000] {standard_task_runner.py:170} ERROR - Job 2484 was killed before it finished (likely due to running out of memory)
