[2023-05-10T02:49:20.967+0000] {taskinstance.py:1090} INFO - Dependencies all met for dep_context=non-requeueable deps ti=<TaskInstance: scrape_and_save_to_csv.join_csv scheduled__2023-05-01T01:00:00+00:00 [queued]>
[2023-05-10T02:56:08.508+0000] {taskinstance.py:1090} INFO - Dependencies all met for dep_context=requeueable deps ti=<TaskInstance: scrape_and_save_to_csv.join_csv scheduled__2023-05-01T01:00:00+00:00 [queued]>
[2023-05-10T02:56:08.509+0000] {taskinstance.py:1288} INFO - 
--------------------------------------------------------------------------------
[2023-05-10T02:56:08.510+0000] {taskinstance.py:1289} INFO - Starting attempt 1 of 1
[2023-05-10T02:56:08.511+0000] {taskinstance.py:1290} INFO - 
--------------------------------------------------------------------------------
[2023-05-10T02:56:08.522+0000] {taskinstance.py:1309} INFO - Executing <Task(PythonOperator): join_csv> on 2023-05-01 01:00:00+00:00
[2023-05-10T02:56:08.528+0000] {standard_task_runner.py:55} INFO - Started process 18295 to run task
[2023-05-10T02:56:08.532+0000] {standard_task_runner.py:82} INFO - Running: ['***', 'tasks', 'run', 'scrape_and_save_to_csv', 'join_csv', 'scheduled__2023-05-01T01:00:00+00:00', '--job-id', '4079', '--raw', '--subdir', 'DAGS_FOLDER/scrape_and_push_dag.py', '--cfg-path', '/tmp/tmpe6y5btol']
[2023-05-10T02:56:08.535+0000] {standard_task_runner.py:83} INFO - Job 4079: Subtask join_csv
[2023-05-10T02:56:08.601+0000] {task_command.py:389} INFO - Running <TaskInstance: scrape_and_save_to_csv.join_csv scheduled__2023-05-01T01:00:00+00:00 [running]> on host f41dbfa3d325
[2023-05-10T02:56:08.771+0000] {taskinstance.py:1518} INFO - Exporting the following env vars:
AIRFLOW_CTX_DAG_OWNER=***
AIRFLOW_CTX_DAG_ID=scrape_and_save_to_csv
AIRFLOW_CTX_TASK_ID=join_csv
AIRFLOW_CTX_EXECUTION_DATE=2023-05-01T01:00:00+00:00
AIRFLOW_CTX_TRY_NUMBER=1
AIRFLOW_CTX_DAG_RUN_ID=scheduled__2023-05-01T01:00:00+00:00
[2023-05-10T02:56:09.179+0000] {python.py:177} INFO - Done. Returned value was: None
[2023-05-10T02:56:09.221+0000] {taskinstance.py:1332} INFO - Marking task as SUCCESS. dag_id=scrape_and_save_to_csv, task_id=join_csv, execution_date=20230501T010000, start_date=20230510T024920, end_date=20230510T025609
[2023-05-10T02:56:09.349+0000] {local_task_job.py:212} INFO - Task exited with return code 0
[2023-05-10T02:56:09.412+0000] {taskinstance.py:2596} INFO - 1 downstream tasks scheduled from follow-on schedule check
[2023-05-10T03:24:50.163+0000] {taskinstance.py:1090} INFO - Dependencies all met for dep_context=non-requeueable deps ti=<TaskInstance: scrape_and_save_to_csv.join_csv scheduled__2023-05-01T01:00:00+00:00 [queued]>
[2023-05-10T03:24:50.170+0000] {taskinstance.py:1090} INFO - Dependencies all met for dep_context=requeueable deps ti=<TaskInstance: scrape_and_save_to_csv.join_csv scheduled__2023-05-01T01:00:00+00:00 [queued]>
[2023-05-10T03:24:50.171+0000] {taskinstance.py:1288} INFO - 
--------------------------------------------------------------------------------
[2023-05-10T03:24:50.172+0000] {taskinstance.py:1289} INFO - Starting attempt 1 of 1
[2023-05-10T03:24:50.173+0000] {taskinstance.py:1290} INFO - 
--------------------------------------------------------------------------------
[2023-05-10T03:24:50.181+0000] {taskinstance.py:1309} INFO - Executing <Task(PythonOperator): join_csv> on 2023-05-01 01:00:00+00:00
[2023-05-10T03:24:50.186+0000] {standard_task_runner.py:55} INFO - Started process 18689 to run task
[2023-05-10T03:24:50.189+0000] {standard_task_runner.py:82} INFO - Running: ['***', 'tasks', 'run', 'scrape_and_save_to_csv', 'join_csv', 'scheduled__2023-05-01T01:00:00+00:00', '--job-id', '4105', '--raw', '--subdir', 'DAGS_FOLDER/scrape_and_push_dag.py', '--cfg-path', '/tmp/tmp3gdj5gnj']
[2023-05-10T03:24:50.192+0000] {standard_task_runner.py:83} INFO - Job 4105: Subtask join_csv
[2023-05-10T03:24:50.278+0000] {task_command.py:389} INFO - Running <TaskInstance: scrape_and_save_to_csv.join_csv scheduled__2023-05-01T01:00:00+00:00 [running]> on host f41dbfa3d325
[2023-05-10T03:24:50.332+0000] {taskinstance.py:1518} INFO - Exporting the following env vars:
AIRFLOW_CTX_DAG_OWNER=***
AIRFLOW_CTX_DAG_ID=scrape_and_save_to_csv
AIRFLOW_CTX_TASK_ID=join_csv
AIRFLOW_CTX_EXECUTION_DATE=2023-05-01T01:00:00+00:00
AIRFLOW_CTX_TRY_NUMBER=1
AIRFLOW_CTX_DAG_RUN_ID=scheduled__2023-05-01T01:00:00+00:00
[2023-05-10T03:24:50.430+0000] {python.py:177} INFO - Done. Returned value was: None
[2023-05-10T03:24:50.440+0000] {taskinstance.py:1332} INFO - Marking task as SUCCESS. dag_id=scrape_and_save_to_csv, task_id=join_csv, execution_date=20230501T010000, start_date=20230510T032450, end_date=20230510T032450
[2023-05-10T03:24:50.483+0000] {local_task_job.py:212} INFO - Task exited with return code 0
[2023-05-10T03:24:50.502+0000] {taskinstance.py:2596} INFO - 1 downstream tasks scheduled from follow-on schedule check
