[2023-05-10T02:56:17.781+0000] {taskinstance.py:1090} INFO - Dependencies all met for dep_context=non-requeueable deps ti=<TaskInstance: scrape_and_save_to_csv.scrape_teams_25-30 scheduled__2023-05-01T03:00:00+00:00 [queued]>
[2023-05-10T02:56:17.835+0000] {taskinstance.py:1090} INFO - Dependencies all met for dep_context=requeueable deps ti=<TaskInstance: scrape_and_save_to_csv.scrape_teams_25-30 scheduled__2023-05-01T03:00:00+00:00 [queued]>
[2023-05-10T02:56:17.846+0000] {taskinstance.py:1288} INFO - 
--------------------------------------------------------------------------------
[2023-05-10T02:56:17.848+0000] {taskinstance.py:1289} INFO - Starting attempt 1 of 1
[2023-05-10T02:56:17.851+0000] {taskinstance.py:1290} INFO - 
--------------------------------------------------------------------------------
[2023-05-10T02:56:17.911+0000] {taskinstance.py:1309} INFO - Executing <Task(PythonOperator): scrape_teams_25-30> on 2023-05-01 03:00:00+00:00
[2023-05-10T02:56:17.946+0000] {standard_task_runner.py:55} INFO - Started process 18311 to run task
[2023-05-10T02:56:17.949+0000] {standard_task_runner.py:82} INFO - Running: ['***', 'tasks', 'run', 'scrape_and_save_to_csv', 'scrape_teams_25-30', 'scheduled__2023-05-01T03:00:00+00:00', '--job-id', '4083', '--raw', '--subdir', 'DAGS_FOLDER/scrape_and_push_dag.py', '--cfg-path', '/tmp/tmpek47zw2z']
[2023-05-10T02:56:17.956+0000] {standard_task_runner.py:83} INFO - Job 4083: Subtask scrape_teams_25-30
[2023-05-10T02:56:18.127+0000] {task_command.py:389} INFO - Running <TaskInstance: scrape_and_save_to_csv.scrape_teams_25-30 scheduled__2023-05-01T03:00:00+00:00 [running]> on host f41dbfa3d325
[2023-05-10T02:56:18.209+0000] {warnings.py:110} WARNING - /home/***/.local/lib/python3.7/site-packages/***/utils/context.py:205: AirflowContextDeprecationWarning: Accessing 'execution_date' from the template is deprecated and will be removed in a future version. Please use 'data_interval_start' or 'logical_date' instead.
  warnings.warn(_create_deprecation_warning(key, self._deprecation_replacements[key]))

[2023-05-10T02:56:18.276+0000] {taskinstance.py:1518} INFO - Exporting the following env vars:
AIRFLOW_CTX_DAG_OWNER=***
AIRFLOW_CTX_DAG_ID=scrape_and_save_to_csv
AIRFLOW_CTX_TASK_ID=scrape_teams_25-30
AIRFLOW_CTX_EXECUTION_DATE=2023-05-01T03:00:00+00:00
AIRFLOW_CTX_TRY_NUMBER=1
AIRFLOW_CTX_DAG_RUN_ID=scheduled__2023-05-01T03:00:00+00:00
[2023-05-10T02:56:23.283+0000] {helpers.py:95} INFO - Portland Trail Blazers: Successfully scraped!
[2023-05-10T02:56:27.871+0000] {helpers.py:95} INFO - Sacramento Kings: Successfully scraped!
[2023-05-10T02:56:32.311+0000] {helpers.py:95} INFO - San Antonio Spurs: Successfully scraped!
[2023-05-10T02:56:37.167+0000] {helpers.py:95} INFO - Toronto Raptors: Successfully scraped!
[2023-05-10T02:56:41.646+0000] {helpers.py:95} INFO - Utah Jazz: Successfully scraped!
[2023-05-10T02:56:46.562+0000] {helpers.py:95} INFO - Washington Wizards: Successfully scraped!
[2023-05-10T02:56:46.604+0000] {helpers.py:110} INFO - Saved in /opt/***/data/output_scrape_teams_25-30.csv
[2023-05-10T02:56:46.613+0000] {python.py:177} INFO - Done. Returned value was: None
[2023-05-10T02:56:46.661+0000] {taskinstance.py:1332} INFO - Marking task as SUCCESS. dag_id=scrape_and_save_to_csv, task_id=scrape_teams_25-30, execution_date=20230501T030000, start_date=20230510T025617, end_date=20230510T025646
[2023-05-10T02:56:46.911+0000] {local_task_job.py:212} INFO - Task exited with return code 0
[2023-05-10T02:56:46.954+0000] {taskinstance.py:2596} INFO - 0 downstream tasks scheduled from follow-on schedule check
[2023-05-10T03:24:57.322+0000] {taskinstance.py:1090} INFO - Dependencies all met for dep_context=non-requeueable deps ti=<TaskInstance: scrape_and_save_to_csv.scrape_teams_25-30 scheduled__2023-05-01T03:00:00+00:00 [queued]>
[2023-05-10T03:24:57.357+0000] {taskinstance.py:1090} INFO - Dependencies all met for dep_context=requeueable deps ti=<TaskInstance: scrape_and_save_to_csv.scrape_teams_25-30 scheduled__2023-05-01T03:00:00+00:00 [queued]>
[2023-05-10T03:24:57.358+0000] {taskinstance.py:1288} INFO - 
--------------------------------------------------------------------------------
[2023-05-10T03:24:57.360+0000] {taskinstance.py:1289} INFO - Starting attempt 1 of 1
[2023-05-10T03:24:57.362+0000] {taskinstance.py:1290} INFO - 
--------------------------------------------------------------------------------
[2023-05-10T03:24:57.384+0000] {taskinstance.py:1309} INFO - Executing <Task(PythonOperator): scrape_teams_25-30> on 2023-05-01 03:00:00+00:00
[2023-05-10T03:24:57.390+0000] {standard_task_runner.py:55} INFO - Started process 18716 to run task
[2023-05-10T03:24:57.403+0000] {standard_task_runner.py:82} INFO - Running: ['***', 'tasks', 'run', 'scrape_and_save_to_csv', 'scrape_teams_25-30', 'scheduled__2023-05-01T03:00:00+00:00', '--job-id', '4114', '--raw', '--subdir', 'DAGS_FOLDER/scrape_and_push_dag.py', '--cfg-path', '/tmp/tmpe8sk5tk4']
[2023-05-10T03:24:57.410+0000] {standard_task_runner.py:83} INFO - Job 4114: Subtask scrape_teams_25-30
[2023-05-10T03:24:57.542+0000] {task_command.py:389} INFO - Running <TaskInstance: scrape_and_save_to_csv.scrape_teams_25-30 scheduled__2023-05-01T03:00:00+00:00 [running]> on host f41dbfa3d325
[2023-05-10T03:24:57.591+0000] {warnings.py:110} WARNING - /home/***/.local/lib/python3.7/site-packages/***/utils/context.py:205: AirflowContextDeprecationWarning: Accessing 'execution_date' from the template is deprecated and will be removed in a future version. Please use 'data_interval_start' or 'logical_date' instead.
  warnings.warn(_create_deprecation_warning(key, self._deprecation_replacements[key]))

[2023-05-10T03:24:57.630+0000] {taskinstance.py:1518} INFO - Exporting the following env vars:
AIRFLOW_CTX_DAG_OWNER=***
AIRFLOW_CTX_DAG_ID=scrape_and_save_to_csv
AIRFLOW_CTX_TASK_ID=scrape_teams_25-30
AIRFLOW_CTX_EXECUTION_DATE=2023-05-01T03:00:00+00:00
AIRFLOW_CTX_TRY_NUMBER=1
AIRFLOW_CTX_DAG_RUN_ID=scheduled__2023-05-01T03:00:00+00:00
[2023-05-10T03:25:25.487+0000] {helpers.py:95} INFO - Portland Trail Blazers: Successfully scraped!
[2023-05-10T03:26:05.002+0000] {helpers.py:95} INFO - Sacramento Kings: Successfully scraped!
[2023-05-10T03:26:44.423+0000] {helpers.py:95} INFO - San Antonio Spurs: Successfully scraped!
[2023-05-10T03:27:25.104+0000] {helpers.py:95} INFO - Toronto Raptors: Successfully scraped!
[2023-05-10T03:28:04.733+0000] {helpers.py:95} INFO - Utah Jazz: Successfully scraped!
[2023-05-10T03:28:44.790+0000] {helpers.py:95} INFO - Washington Wizards: Successfully scraped!
[2023-05-10T03:28:44.818+0000] {helpers.py:110} INFO - Saved in /opt/***/data/output_scrape_teams_25-30.csv
[2023-05-10T03:28:44.820+0000] {python.py:177} INFO - Done. Returned value was: None
[2023-05-10T03:28:44.840+0000] {taskinstance.py:1332} INFO - Marking task as SUCCESS. dag_id=scrape_and_save_to_csv, task_id=scrape_teams_25-30, execution_date=20230501T030000, start_date=20230510T032457, end_date=20230510T032844
[2023-05-10T03:28:44.936+0000] {local_task_job.py:212} INFO - Task exited with return code 0
[2023-05-10T03:28:44.968+0000] {taskinstance.py:2596} INFO - 0 downstream tasks scheduled from follow-on schedule check
