[2023-05-04T12:28:49.978+0000] {taskinstance.py:1090} INFO - Dependencies all met for dep_context=non-requeueable deps ti=<TaskInstance: scrape_and_save_to_csv.scrape_teams_9-16 scheduled__2023-05-04T06:30:00+00:00 [queued]>
[2023-05-04T12:28:49.997+0000] {taskinstance.py:1090} INFO - Dependencies all met for dep_context=requeueable deps ti=<TaskInstance: scrape_and_save_to_csv.scrape_teams_9-16 scheduled__2023-05-04T06:30:00+00:00 [queued]>
[2023-05-04T12:28:50.002+0000] {taskinstance.py:1288} INFO - 
--------------------------------------------------------------------------------
[2023-05-04T12:28:50.004+0000] {taskinstance.py:1289} INFO - Starting attempt 1 of 1
[2023-05-04T12:28:50.005+0000] {taskinstance.py:1290} INFO - 
--------------------------------------------------------------------------------
[2023-05-04T12:28:50.077+0000] {taskinstance.py:1309} INFO - Executing <Task(PythonOperator): scrape_teams_9-16> on 2023-05-04 06:30:00+00:00
[2023-05-04T12:28:50.142+0000] {standard_task_runner.py:55} INFO - Started process 40270 to run task
[2023-05-04T12:28:50.161+0000] {standard_task_runner.py:82} INFO - Running: ['***', 'tasks', 'run', 'scrape_and_save_to_csv', 'scrape_teams_9-16', 'scheduled__2023-05-04T06:30:00+00:00', '--job-id', '2497', '--raw', '--subdir', 'DAGS_FOLDER/scrape_and_save_csv_dag.py', '--cfg-path', '/tmp/tmpw05qbit5']
[2023-05-04T12:28:50.168+0000] {standard_task_runner.py:83} INFO - Job 2497: Subtask scrape_teams_9-16
[2023-05-04T12:28:50.559+0000] {task_command.py:389} INFO - Running <TaskInstance: scrape_and_save_to_csv.scrape_teams_9-16 scheduled__2023-05-04T06:30:00+00:00 [running]> on host 5d4cd8acb346
[2023-05-04T12:28:50.971+0000] {taskinstance.py:1518} INFO - Exporting the following env vars:
AIRFLOW_CTX_DAG_OWNER=***
AIRFLOW_CTX_DAG_ID=scrape_and_save_to_csv
AIRFLOW_CTX_TASK_ID=scrape_teams_9-16
AIRFLOW_CTX_EXECUTION_DATE=2023-05-04T06:30:00+00:00
AIRFLOW_CTX_TRY_NUMBER=1
AIRFLOW_CTX_DAG_RUN_ID=scheduled__2023-05-04T06:30:00+00:00
[2023-05-04T13:47:48.353+0000] {warnings.py:110} WARNING - /home/***/.local/lib/python3.7/site-packages/***/utils/context.py:313: AirflowContextDeprecationWarning: Accessing 'execution_date' from the template is deprecated and will be removed in a future version. Please use 'data_interval_start' or 'logical_date' instead.
  warnings.warn(_create_deprecation_warning(k, replacements))

[2023-05-04T13:47:51.349+0000] {helpers.py:80} INFO - Detroit Pistons: Successfully scraped!
[2023-05-04T13:47:57.404+0000] {helpers.py:80} INFO - Golden State Warriors: Successfully scraped!
[2023-05-04T13:48:01.301+0000] {helpers.py:80} INFO - Houston Rockets: Successfully scraped!
[2023-05-04T13:48:02.089+0000] {logging_mixin.py:137} INFO - ('Connection aborted.', RemoteDisconnected('Remote end closed connection without response'))
[2023-05-04T13:48:02.114+0000] {helpers.py:86} ERROR - ('Connection aborted.', RemoteDisconnected('Remote end closed connection without response'))
[2023-05-04T13:48:02.125+0000] {helpers.py:87} ERROR - Retrying! 9 attempts before skipping!
[2023-05-04T13:48:06.401+0000] {helpers.py:80} INFO - Indiana Pacers: Successfully scraped!
[2023-05-04T14:40:06.098+0000] {local_task_job.py:277} WARNING - State of this instance has been externally set to failed. Terminating instance.
[2023-05-04T14:40:06.121+0000] {process_utils.py:133} INFO - Sending Signals.SIGTERM to group 40270. PIDs of all processes in the group: [40270]
[2023-05-04T14:40:06.133+0000] {process_utils.py:84} INFO - Sending the signal Signals.SIGTERM to group 40270
[2023-05-04T14:40:06.176+0000] {taskinstance.py:1488} ERROR - Received SIGTERM. Terminating subprocesses.
[2023-05-04T14:40:06.221+0000] {logging_mixin.py:137} INFO - Task received SIGTERM signal
[2023-05-04T14:40:06.227+0000] {helpers.py:86} ERROR - Task received SIGTERM signal
[2023-05-04T14:40:06.229+0000] {helpers.py:87} ERROR - Retrying! 9 attempts before skipping!
[2023-05-04T14:40:08.441+0000] {logging_mixin.py:137} INFO - ('Connection aborted.', OSError(0, 'Error'))
[2023-05-04T14:40:08.444+0000] {helpers.py:86} ERROR - ('Connection aborted.', OSError(0, 'Error'))
[2023-05-04T14:40:08.448+0000] {helpers.py:87} ERROR - Retrying! 8 attempts before skipping!
[2023-05-04T14:40:12.852+0000] {helpers.py:80} INFO - Los Angeles Clippers: Successfully scraped!
[2023-05-04T14:40:18.096+0000] {helpers.py:80} INFO - Los Angeles Lakers: Successfully scraped!
[2023-05-04T15:21:36.269+0000] {helpers.py:80} INFO - Memphis Grizzlies: Successfully scraped!
[2023-05-04T15:21:42.162+0000] {helpers.py:80} INFO - Miami Heat: Successfully scraped!
[2023-05-04T15:21:42.263+0000] {helpers.py:96} INFO - Saved in /opt/***/data/output_scrape_teams_9-16.csv
[2023-05-04T15:21:42.321+0000] {process_utils.py:147} WARNING - process psutil.Process(pid=40270, name='airflow task ru', status='running', started='12:28:49') did not respond to SIGTERM. Trying SIGKILL
[2023-05-04T15:21:42.341+0000] {python.py:177} INFO - Done. Returned value was: None
[2023-05-04T15:21:42.368+0000] {process_utils.py:84} INFO - Sending the signal Signals.SIGKILL to group 40270
[2023-05-04T15:21:43.012+0000] {process_utils.py:79} INFO - Process psutil.Process(pid=40270, name='airflow task ru', status='terminated', exitcode=<Negsignal.SIGKILL: -9>, started='12:28:49') (40270) terminated with exit code Negsignal.SIGKILL
[2023-05-04T15:21:43.016+0000] {standard_task_runner.py:170} ERROR - Job 2497 was killed before it finished (likely due to running out of memory)
