[2023-05-03T05:10:50.002+0000] {taskinstance.py:1090} INFO - Dependencies all met for dep_context=non-requeueable deps ti=<TaskInstance: scrape_and_save_to_csv.scrape_teams_17-24 scheduled__2023-05-03T03:30:00+00:00 [queued]>
[2023-05-03T05:10:50.009+0000] {taskinstance.py:1090} INFO - Dependencies all met for dep_context=requeueable deps ti=<TaskInstance: scrape_and_save_to_csv.scrape_teams_17-24 scheduled__2023-05-03T03:30:00+00:00 [queued]>
[2023-05-03T05:10:50.010+0000] {taskinstance.py:1288} INFO - 
--------------------------------------------------------------------------------
[2023-05-03T05:10:50.011+0000] {taskinstance.py:1289} INFO - Starting attempt 1 of 1
[2023-05-03T05:10:50.012+0000] {taskinstance.py:1290} INFO - 
--------------------------------------------------------------------------------
[2023-05-03T05:10:50.021+0000] {taskinstance.py:1309} INFO - Executing <Task(PythonOperator): scrape_teams_17-24> on 2023-05-03 03:30:00+00:00
[2023-05-03T05:10:50.026+0000] {standard_task_runner.py:55} INFO - Started process 31446 to run task
[2023-05-03T05:10:50.030+0000] {standard_task_runner.py:82} INFO - Running: ['***', 'tasks', 'run', 'scrape_and_save_to_csv', 'scrape_teams_17-24', 'scheduled__2023-05-03T03:30:00+00:00', '--job-id', '2317', '--raw', '--subdir', 'DAGS_FOLDER/scrape_and_save_csv_dag.py', '--cfg-path', '/tmp/tmpy6mcvnr_']
[2023-05-03T05:10:50.032+0000] {standard_task_runner.py:83} INFO - Job 2317: Subtask scrape_teams_17-24
[2023-05-03T05:10:50.091+0000] {task_command.py:389} INFO - Running <TaskInstance: scrape_and_save_to_csv.scrape_teams_17-24 scheduled__2023-05-03T03:30:00+00:00 [running]> on host 5d4cd8acb346
[2023-05-03T05:10:50.147+0000] {taskinstance.py:1518} INFO - Exporting the following env vars:
AIRFLOW_CTX_DAG_OWNER=***
AIRFLOW_CTX_DAG_ID=scrape_and_save_to_csv
AIRFLOW_CTX_TASK_ID=scrape_teams_17-24
AIRFLOW_CTX_EXECUTION_DATE=2023-05-03T03:30:00+00:00
AIRFLOW_CTX_TRY_NUMBER=1
AIRFLOW_CTX_DAG_RUN_ID=scheduled__2023-05-03T03:30:00+00:00
[2023-05-03T05:10:52.027+0000] {warnings.py:110} WARNING - /home/***/.local/lib/python3.7/site-packages/***/utils/context.py:313: AirflowContextDeprecationWarning: Accessing 'execution_date' from the template is deprecated and will be removed in a future version. Please use 'data_interval_start' or 'logical_date' instead.
  warnings.warn(_create_deprecation_warning(k, replacements))

[2023-05-03T05:10:52.769+0000] {helpers.py:80} INFO - Milwaukee Bucks: Successfully scraped!
[2023-05-03T05:10:55.304+0000] {helpers.py:80} INFO - Minnesota Timberwolves: Successfully scraped!
[2023-05-03T05:10:58.065+0000] {logging_mixin.py:137} INFO - ('Connection broken: IncompleteRead(1442 bytes read, 8798 more expected)', IncompleteRead(1442 bytes read, 8798 more expected))
[2023-05-03T05:10:58.067+0000] {helpers.py:86} ERROR - ('Connection broken: IncompleteRead(1442 bytes read, 8798 more expected)', IncompleteRead(1442 bytes read, 8798 more expected))
[2023-05-03T05:10:58.069+0000] {helpers.py:87} ERROR - Retrying! 9 attempts before skipping!
[2023-05-03T05:11:02.757+0000] {helpers.py:80} INFO - New Orleans Pelicans: Successfully scraped!
[2023-05-03T05:11:03.850+0000] {logging_mixin.py:137} INFO - ('Connection aborted.', RemoteDisconnected('Remote end closed connection without response'))
[2023-05-03T05:11:03.854+0000] {helpers.py:86} ERROR - ('Connection aborted.', RemoteDisconnected('Remote end closed connection without response'))
[2023-05-03T05:11:03.855+0000] {helpers.py:87} ERROR - Retrying! 9 attempts before skipping!
[2023-05-03T06:32:35.050+0000] {helpers.py:80} INFO - New York Knicks: Successfully scraped!
[2023-05-03T06:32:38.108+0000] {helpers.py:80} INFO - Oklahoma City Thunder: Successfully scraped!
[2023-05-03T09:34:34.350+0000] {local_task_job.py:277} WARNING - State of this instance has been externally set to failed. Terminating instance.
[2023-05-03T09:34:34.479+0000] {process_utils.py:133} INFO - Sending Signals.SIGTERM to group 31446. PIDs of all processes in the group: [31446]
[2023-05-03T09:34:34.488+0000] {process_utils.py:84} INFO - Sending the signal Signals.SIGTERM to group 31446
[2023-05-03T09:34:34.501+0000] {taskinstance.py:1488} ERROR - Received SIGTERM. Terminating subprocesses.
[2023-05-03T09:34:34.535+0000] {logging_mixin.py:137} INFO - Task received SIGTERM signal
[2023-05-03T09:34:34.555+0000] {helpers.py:86} ERROR - Task received SIGTERM signal
[2023-05-03T09:34:34.559+0000] {helpers.py:87} ERROR - Retrying! 9 attempts before skipping!
[2023-05-03T12:38:28.646+0000] {process_utils.py:147} WARNING - process psutil.Process(pid=31446, name='airflow task ru', status='sleeping', started='05:10:49') did not respond to SIGTERM. Trying SIGKILL
[2023-05-03T12:38:28.736+0000] {process_utils.py:84} INFO - Sending the signal Signals.SIGKILL to group 31446
[2023-05-03T12:38:29.926+0000] {process_utils.py:79} INFO - Process psutil.Process(pid=31446, name='airflow task ru', status='terminated', exitcode=<Negsignal.SIGKILL: -9>, started='05:10:49') (31446) terminated with exit code Negsignal.SIGKILL
[2023-05-03T12:38:29.952+0000] {standard_task_runner.py:170} ERROR - Job 2317 was killed before it finished (likely due to running out of memory)
