[2023-04-30T15:43:06.319+0000] {taskinstance.py:1090} INFO - Dependencies all met for dep_context=non-requeueable deps ti=<TaskInstance: scrape_and_save_to_csv.trigger_push_dag scheduled__2023-04-30T06:30:00+00:00 [queued]>
[2023-04-30T15:43:06.335+0000] {taskinstance.py:1090} INFO - Dependencies all met for dep_context=requeueable deps ti=<TaskInstance: scrape_and_save_to_csv.trigger_push_dag scheduled__2023-04-30T06:30:00+00:00 [queued]>
[2023-04-30T15:43:06.348+0000] {taskinstance.py:1288} INFO - 
--------------------------------------------------------------------------------
[2023-04-30T15:43:06.350+0000] {taskinstance.py:1289} INFO - Starting attempt 1 of 1
[2023-04-30T15:43:06.351+0000] {taskinstance.py:1290} INFO - 
--------------------------------------------------------------------------------
[2023-04-30T15:43:06.360+0000] {taskinstance.py:1309} INFO - Executing <Task(TriggerDagRunOperator): trigger_push_dag> on 2023-04-30 06:30:00+00:00
[2023-04-30T15:43:06.366+0000] {standard_task_runner.py:55} INFO - Started process 155 to run task
[2023-04-30T15:43:06.370+0000] {standard_task_runner.py:82} INFO - Running: ['***', 'tasks', 'run', 'scrape_and_save_to_csv', 'trigger_push_dag', 'scheduled__2023-04-30T06:30:00+00:00', '--job-id', '1907', '--raw', '--subdir', 'DAGS_FOLDER/scrape_and_save_csv_dag.py', '--cfg-path', '/tmp/tmpizda3gb_']
[2023-04-30T15:43:06.374+0000] {standard_task_runner.py:83} INFO - Job 1907: Subtask trigger_push_dag
[2023-04-30T15:43:06.432+0000] {task_command.py:389} INFO - Running <TaskInstance: scrape_and_save_to_csv.trigger_push_dag scheduled__2023-04-30T06:30:00+00:00 [running]> on host b5cee175690f
[2023-04-30T15:43:06.484+0000] {taskinstance.py:1518} INFO - Exporting the following env vars:
AIRFLOW_CTX_DAG_OWNER=***
AIRFLOW_CTX_DAG_ID=scrape_and_save_to_csv
AIRFLOW_CTX_TASK_ID=trigger_push_dag
AIRFLOW_CTX_EXECUTION_DATE=2023-04-30T06:30:00+00:00
AIRFLOW_CTX_TRY_NUMBER=1
AIRFLOW_CTX_DAG_RUN_ID=scheduled__2023-04-30T06:30:00+00:00
[2023-04-30T15:43:06.551+0000] {taskinstance.py:1332} INFO - Marking task as SUCCESS. dag_id=scrape_and_save_to_csv, task_id=trigger_push_dag, execution_date=20230430T063000, start_date=20230430T154306, end_date=20230430T154306
[2023-04-30T15:43:06.582+0000] {local_task_job.py:212} INFO - Task exited with return code 0
[2023-04-30T15:43:06.597+0000] {taskinstance.py:2596} INFO - 0 downstream tasks scheduled from follow-on schedule check
