[2023-05-04T15:21:35.384+0000] {taskinstance.py:1090} INFO - Dependencies all met for dep_context=non-requeueable deps ti=<TaskInstance: scrape_and_save_to_csv.scrape_teams_9-16 scheduled__2023-05-04T07:30:00+00:00 [queued]>
[2023-05-04T15:21:35.395+0000] {taskinstance.py:1090} INFO - Dependencies all met for dep_context=requeueable deps ti=<TaskInstance: scrape_and_save_to_csv.scrape_teams_9-16 scheduled__2023-05-04T07:30:00+00:00 [queued]>
[2023-05-04T15:21:35.398+0000] {taskinstance.py:1288} INFO - 
--------------------------------------------------------------------------------
[2023-05-04T15:21:35.402+0000] {taskinstance.py:1289} INFO - Starting attempt 1 of 1
[2023-05-04T15:21:35.403+0000] {taskinstance.py:1290} INFO - 
--------------------------------------------------------------------------------
[2023-05-04T15:21:35.416+0000] {taskinstance.py:1309} INFO - Executing <Task(PythonOperator): scrape_teams_9-16> on 2023-05-04 07:30:00+00:00
[2023-05-04T15:21:35.424+0000] {standard_task_runner.py:55} INFO - Started process 40338 to run task
[2023-05-04T15:21:35.433+0000] {standard_task_runner.py:82} INFO - Running: ['***', 'tasks', 'run', 'scrape_and_save_to_csv', 'scrape_teams_9-16', 'scheduled__2023-05-04T07:30:00+00:00', '--job-id', '2508', '--raw', '--subdir', 'DAGS_FOLDER/scrape_and_save_csv_dag.py', '--cfg-path', '/tmp/tmpj3n4b_v6']
[2023-05-04T15:21:35.439+0000] {standard_task_runner.py:83} INFO - Job 2508: Subtask scrape_teams_9-16
[2023-05-04T15:21:35.543+0000] {task_command.py:389} INFO - Running <TaskInstance: scrape_and_save_to_csv.scrape_teams_9-16 scheduled__2023-05-04T07:30:00+00:00 [running]> on host 5d4cd8acb346
[2023-05-04T15:21:35.651+0000] {taskinstance.py:1518} INFO - Exporting the following env vars:
AIRFLOW_CTX_DAG_OWNER=***
AIRFLOW_CTX_DAG_ID=scrape_and_save_to_csv
AIRFLOW_CTX_TASK_ID=scrape_teams_9-16
AIRFLOW_CTX_EXECUTION_DATE=2023-05-04T07:30:00+00:00
AIRFLOW_CTX_TRY_NUMBER=1
AIRFLOW_CTX_DAG_RUN_ID=scheduled__2023-05-04T07:30:00+00:00
[2023-05-04T15:21:38.873+0000] {warnings.py:110} WARNING - /home/***/.local/lib/python3.7/site-packages/***/utils/context.py:313: AirflowContextDeprecationWarning: Accessing 'execution_date' from the template is deprecated and will be removed in a future version. Please use 'data_interval_start' or 'logical_date' instead.
  warnings.warn(_create_deprecation_warning(k, replacements))

[2023-05-04T15:21:39.491+0000] {helpers.py:80} INFO - Detroit Pistons: Successfully scraped!
[2023-05-04T15:21:50.090+0000] {helpers.py:80} INFO - Golden State Warriors: Successfully scraped!
[2023-05-04T15:21:50.838+0000] {logging_mixin.py:137} INFO - Expecting value: line 1 column 1 (char 0)
[2023-05-04T15:21:50.841+0000] {helpers.py:86} ERROR - Expecting value: line 1 column 1 (char 0)
[2023-05-04T15:21:50.843+0000] {helpers.py:87} ERROR - Retrying! 9 attempts before skipping!
[2023-05-04T15:21:53.214+0000] {logging_mixin.py:137} INFO - Expecting value: line 1 column 1 (char 0)
[2023-05-04T15:21:53.224+0000] {helpers.py:86} ERROR - Expecting value: line 1 column 1 (char 0)
[2023-05-04T15:21:53.235+0000] {helpers.py:87} ERROR - Retrying! 8 attempts before skipping!
[2023-05-04T15:21:54.784+0000] {logging_mixin.py:137} INFO - Expecting value: line 1 column 1 (char 0)
[2023-05-04T15:21:54.787+0000] {helpers.py:86} ERROR - Expecting value: line 1 column 1 (char 0)
[2023-05-04T15:21:54.828+0000] {helpers.py:87} ERROR - Retrying! 7 attempts before skipping!
[2023-05-04T15:21:56.373+0000] {logging_mixin.py:137} INFO - Expecting value: line 1 column 1 (char 0)
[2023-05-04T15:21:56.375+0000] {helpers.py:86} ERROR - Expecting value: line 1 column 1 (char 0)
[2023-05-04T15:21:56.377+0000] {helpers.py:87} ERROR - Retrying! 6 attempts before skipping!
[2023-05-04T15:21:58.109+0000] {logging_mixin.py:137} INFO - Expecting value: line 1 column 1 (char 0)
[2023-05-04T15:21:58.111+0000] {helpers.py:86} ERROR - Expecting value: line 1 column 1 (char 0)
[2023-05-04T15:21:58.112+0000] {helpers.py:87} ERROR - Retrying! 5 attempts before skipping!
[2023-05-04T15:21:59.864+0000] {logging_mixin.py:137} INFO - Expecting value: line 1 column 1 (char 0)
[2023-05-04T15:21:59.888+0000] {helpers.py:86} ERROR - Expecting value: line 1 column 1 (char 0)
[2023-05-04T15:21:59.890+0000] {helpers.py:87} ERROR - Retrying! 4 attempts before skipping!
[2023-05-04T15:22:01.387+0000] {logging_mixin.py:137} INFO - Expecting value: line 1 column 1 (char 0)
[2023-05-04T15:22:01.388+0000] {helpers.py:86} ERROR - Expecting value: line 1 column 1 (char 0)
[2023-05-04T15:22:01.389+0000] {helpers.py:87} ERROR - Retrying! 3 attempts before skipping!
[2023-05-04T15:22:02.829+0000] {logging_mixin.py:137} INFO - Expecting value: line 1 column 1 (char 0)
[2023-05-04T15:22:02.831+0000] {helpers.py:86} ERROR - Expecting value: line 1 column 1 (char 0)
[2023-05-04T15:22:02.832+0000] {helpers.py:87} ERROR - Retrying! 2 attempts before skipping!
[2023-05-04T15:22:04.344+0000] {logging_mixin.py:137} INFO - Expecting value: line 1 column 1 (char 0)
[2023-05-04T15:22:04.346+0000] {helpers.py:86} ERROR - Expecting value: line 1 column 1 (char 0)
[2023-05-04T15:22:04.347+0000] {helpers.py:87} ERROR - Retrying! 1 attempts before skipping!
[2023-05-04T15:22:05.779+0000] {logging_mixin.py:137} INFO - Expecting value: line 1 column 1 (char 0)
[2023-05-04T15:22:05.780+0000] {helpers.py:86} ERROR - Expecting value: line 1 column 1 (char 0)
[2023-05-04T15:22:05.782+0000] {helpers.py:87} ERROR - Retrying! 0 attempts before skipping!
[2023-05-04T15:22:07.273+0000] {logging_mixin.py:137} INFO - Expecting value: line 1 column 1 (char 0)
[2023-05-04T15:22:07.275+0000] {helpers.py:86} ERROR - Expecting value: line 1 column 1 (char 0)
[2023-05-04T15:22:07.277+0000] {helpers.py:87} ERROR - Retrying! -1 attempts before skipping!
[2023-05-04T15:22:08.781+0000] {logging_mixin.py:137} INFO - Expecting value: line 1 column 1 (char 0)
[2023-05-04T15:22:08.783+0000] {helpers.py:86} ERROR - Expecting value: line 1 column 1 (char 0)
[2023-05-04T15:22:08.785+0000] {helpers.py:87} ERROR - Retrying! 9 attempts before skipping!
[2023-05-04T15:22:10.259+0000] {logging_mixin.py:137} INFO - Expecting value: line 1 column 1 (char 0)
[2023-05-04T15:22:10.260+0000] {helpers.py:86} ERROR - Expecting value: line 1 column 1 (char 0)
[2023-05-04T15:22:10.262+0000] {helpers.py:87} ERROR - Retrying! 8 attempts before skipping!
[2023-05-04T15:22:12.067+0000] {logging_mixin.py:137} INFO - Expecting value: line 1 column 1 (char 0)
[2023-05-04T15:22:12.068+0000] {helpers.py:86} ERROR - Expecting value: line 1 column 1 (char 0)
[2023-05-04T15:22:12.073+0000] {helpers.py:87} ERROR - Retrying! 7 attempts before skipping!
[2023-05-04T15:22:14.090+0000] {logging_mixin.py:137} INFO - Expecting value: line 1 column 1 (char 0)
[2023-05-04T15:22:14.091+0000] {helpers.py:86} ERROR - Expecting value: line 1 column 1 (char 0)
[2023-05-04T15:22:14.092+0000] {helpers.py:87} ERROR - Retrying! 6 attempts before skipping!
[2023-05-04T15:22:15.837+0000] {logging_mixin.py:137} INFO - Expecting value: line 1 column 1 (char 0)
[2023-05-04T15:22:15.839+0000] {helpers.py:86} ERROR - Expecting value: line 1 column 1 (char 0)
[2023-05-04T15:22:15.840+0000] {helpers.py:87} ERROR - Retrying! 5 attempts before skipping!
[2023-05-04T15:22:17.357+0000] {logging_mixin.py:137} INFO - Expecting value: line 1 column 1 (char 0)
[2023-05-04T15:22:17.359+0000] {helpers.py:86} ERROR - Expecting value: line 1 column 1 (char 0)
[2023-05-04T15:22:17.360+0000] {helpers.py:87} ERROR - Retrying! 4 attempts before skipping!
[2023-05-04T15:22:19.059+0000] {logging_mixin.py:137} INFO - Expecting value: line 1 column 1 (char 0)
[2023-05-04T15:22:19.061+0000] {helpers.py:86} ERROR - Expecting value: line 1 column 1 (char 0)
[2023-05-04T15:22:19.062+0000] {helpers.py:87} ERROR - Retrying! 3 attempts before skipping!
[2023-05-04T15:22:21.002+0000] {logging_mixin.py:137} INFO - Expecting value: line 1 column 1 (char 0)
[2023-05-04T15:22:21.005+0000] {helpers.py:86} ERROR - Expecting value: line 1 column 1 (char 0)
[2023-05-04T15:22:21.006+0000] {helpers.py:87} ERROR - Retrying! 2 attempts before skipping!
[2023-05-04T15:22:22.460+0000] {logging_mixin.py:137} INFO - Expecting value: line 1 column 1 (char 0)
[2023-05-04T15:22:22.463+0000] {helpers.py:86} ERROR - Expecting value: line 1 column 1 (char 0)
[2023-05-04T15:22:22.465+0000] {helpers.py:87} ERROR - Retrying! 1 attempts before skipping!
[2023-05-04T15:22:23.979+0000] {logging_mixin.py:137} INFO - Expecting value: line 1 column 1 (char 0)
[2023-05-04T15:22:23.980+0000] {helpers.py:86} ERROR - Expecting value: line 1 column 1 (char 0)
[2023-05-04T15:22:23.982+0000] {helpers.py:87} ERROR - Retrying! 0 attempts before skipping!
[2023-05-04T15:22:25.557+0000] {logging_mixin.py:137} INFO - Expecting value: line 1 column 1 (char 0)
[2023-05-04T15:22:25.558+0000] {helpers.py:86} ERROR - Expecting value: line 1 column 1 (char 0)
[2023-05-04T15:22:25.559+0000] {helpers.py:87} ERROR - Retrying! -1 attempts before skipping!
[2023-05-04T15:22:27.262+0000] {logging_mixin.py:137} INFO - Expecting value: line 1 column 1 (char 0)
[2023-05-04T15:22:27.264+0000] {helpers.py:86} ERROR - Expecting value: line 1 column 1 (char 0)
[2023-05-04T15:22:27.265+0000] {helpers.py:87} ERROR - Retrying! 9 attempts before skipping!
[2023-05-04T15:22:28.899+0000] {logging_mixin.py:137} INFO - Expecting value: line 1 column 1 (char 0)
[2023-05-04T15:22:28.900+0000] {helpers.py:86} ERROR - Expecting value: line 1 column 1 (char 0)
[2023-05-04T15:22:28.902+0000] {helpers.py:87} ERROR - Retrying! 8 attempts before skipping!
[2023-05-04T15:22:30.390+0000] {logging_mixin.py:137} INFO - Expecting value: line 1 column 1 (char 0)
[2023-05-04T15:22:30.391+0000] {helpers.py:86} ERROR - Expecting value: line 1 column 1 (char 0)
[2023-05-04T15:22:30.393+0000] {helpers.py:87} ERROR - Retrying! 7 attempts before skipping!
[2023-05-04T15:22:31.874+0000] {logging_mixin.py:137} INFO - Expecting value: line 1 column 1 (char 0)
[2023-05-04T15:22:31.876+0000] {helpers.py:86} ERROR - Expecting value: line 1 column 1 (char 0)
[2023-05-04T15:22:31.877+0000] {helpers.py:87} ERROR - Retrying! 6 attempts before skipping!
[2023-05-04T15:22:33.885+0000] {logging_mixin.py:137} INFO - Expecting value: line 1 column 1 (char 0)
[2023-05-04T15:22:33.888+0000] {helpers.py:86} ERROR - Expecting value: line 1 column 1 (char 0)
[2023-05-04T15:22:33.890+0000] {helpers.py:87} ERROR - Retrying! 5 attempts before skipping!
[2023-05-04T15:22:35.421+0000] {logging_mixin.py:137} INFO - Expecting value: line 1 column 1 (char 0)
[2023-05-04T15:22:35.423+0000] {helpers.py:86} ERROR - Expecting value: line 1 column 1 (char 0)
[2023-05-04T15:22:35.425+0000] {helpers.py:87} ERROR - Retrying! 4 attempts before skipping!
[2023-05-04T15:22:36.879+0000] {logging_mixin.py:137} INFO - Expecting value: line 1 column 1 (char 0)
[2023-05-04T15:22:36.880+0000] {helpers.py:86} ERROR - Expecting value: line 1 column 1 (char 0)
[2023-05-04T15:22:36.881+0000] {helpers.py:87} ERROR - Retrying! 3 attempts before skipping!
[2023-05-04T15:22:38.304+0000] {logging_mixin.py:137} INFO - Expecting value: line 1 column 1 (char 0)
[2023-05-04T15:22:38.305+0000] {helpers.py:86} ERROR - Expecting value: line 1 column 1 (char 0)
[2023-05-04T15:22:38.307+0000] {helpers.py:87} ERROR - Retrying! 2 attempts before skipping!
[2023-05-04T15:22:40.119+0000] {logging_mixin.py:137} INFO - Expecting value: line 1 column 1 (char 0)
[2023-05-04T15:22:40.121+0000] {helpers.py:86} ERROR - Expecting value: line 1 column 1 (char 0)
[2023-05-04T15:22:40.122+0000] {helpers.py:87} ERROR - Retrying! 1 attempts before skipping!
[2023-05-04T15:22:41.820+0000] {logging_mixin.py:137} INFO - Expecting value: line 1 column 1 (char 0)
[2023-05-04T15:22:41.822+0000] {helpers.py:86} ERROR - Expecting value: line 1 column 1 (char 0)
[2023-05-04T15:22:41.823+0000] {helpers.py:87} ERROR - Retrying! 0 attempts before skipping!
[2023-05-04T15:22:43.303+0000] {logging_mixin.py:137} INFO - Expecting value: line 1 column 1 (char 0)
[2023-05-04T15:22:43.305+0000] {helpers.py:86} ERROR - Expecting value: line 1 column 1 (char 0)
[2023-05-04T15:22:43.306+0000] {helpers.py:87} ERROR - Retrying! -1 attempts before skipping!
[2023-05-04T15:22:45.113+0000] {logging_mixin.py:137} INFO - Expecting value: line 1 column 1 (char 0)
[2023-05-04T15:22:45.116+0000] {helpers.py:86} ERROR - Expecting value: line 1 column 1 (char 0)
[2023-05-04T15:22:45.118+0000] {helpers.py:87} ERROR - Retrying! 9 attempts before skipping!
[2023-05-04T15:22:46.783+0000] {logging_mixin.py:137} INFO - Expecting value: line 1 column 1 (char 0)
[2023-05-04T15:22:46.785+0000] {helpers.py:86} ERROR - Expecting value: line 1 column 1 (char 0)
[2023-05-04T15:22:46.787+0000] {helpers.py:87} ERROR - Retrying! 8 attempts before skipping!
[2023-05-04T15:22:48.097+0000] {logging_mixin.py:137} INFO - Expecting value: line 1 column 1 (char 0)
[2023-05-04T15:22:48.098+0000] {helpers.py:86} ERROR - Expecting value: line 1 column 1 (char 0)
[2023-05-04T15:22:48.099+0000] {helpers.py:87} ERROR - Retrying! 7 attempts before skipping!
[2023-05-04T15:22:50.464+0000] {logging_mixin.py:137} INFO - Expecting value: line 1 column 1 (char 0)
[2023-05-04T15:22:50.465+0000] {helpers.py:86} ERROR - Expecting value: line 1 column 1 (char 0)
[2023-05-04T15:22:50.467+0000] {helpers.py:87} ERROR - Retrying! 6 attempts before skipping!
[2023-05-04T15:22:52.069+0000] {logging_mixin.py:137} INFO - Expecting value: line 1 column 1 (char 0)
[2023-05-04T15:22:52.073+0000] {helpers.py:86} ERROR - Expecting value: line 1 column 1 (char 0)
[2023-05-04T15:22:52.074+0000] {helpers.py:87} ERROR - Retrying! 5 attempts before skipping!
[2023-05-04T15:22:53.861+0000] {logging_mixin.py:137} INFO - Expecting value: line 1 column 1 (char 0)
[2023-05-04T15:22:53.884+0000] {helpers.py:86} ERROR - Expecting value: line 1 column 1 (char 0)
[2023-05-04T15:22:53.886+0000] {helpers.py:87} ERROR - Retrying! 4 attempts before skipping!
[2023-05-04T15:22:55.383+0000] {logging_mixin.py:137} INFO - Expecting value: line 1 column 1 (char 0)
[2023-05-04T15:22:55.384+0000] {helpers.py:86} ERROR - Expecting value: line 1 column 1 (char 0)
[2023-05-04T15:22:55.386+0000] {helpers.py:87} ERROR - Retrying! 3 attempts before skipping!
[2023-05-04T15:22:56.910+0000] {logging_mixin.py:137} INFO - Expecting value: line 1 column 1 (char 0)
[2023-05-04T15:22:56.911+0000] {helpers.py:86} ERROR - Expecting value: line 1 column 1 (char 0)
[2023-05-04T15:22:56.912+0000] {helpers.py:87} ERROR - Retrying! 2 attempts before skipping!
[2023-05-04T15:22:58.420+0000] {logging_mixin.py:137} INFO - Expecting value: line 1 column 1 (char 0)
[2023-05-04T15:22:58.421+0000] {helpers.py:86} ERROR - Expecting value: line 1 column 1 (char 0)
[2023-05-04T15:22:58.423+0000] {helpers.py:87} ERROR - Retrying! 1 attempts before skipping!
[2023-05-04T15:22:59.908+0000] {logging_mixin.py:137} INFO - Expecting value: line 1 column 1 (char 0)
[2023-05-04T15:22:59.909+0000] {helpers.py:86} ERROR - Expecting value: line 1 column 1 (char 0)
[2023-05-04T15:22:59.910+0000] {helpers.py:87} ERROR - Retrying! 0 attempts before skipping!
[2023-05-04T15:23:01.396+0000] {logging_mixin.py:137} INFO - Expecting value: line 1 column 1 (char 0)
[2023-05-04T15:23:01.398+0000] {helpers.py:86} ERROR - Expecting value: line 1 column 1 (char 0)
[2023-05-04T15:23:01.404+0000] {helpers.py:87} ERROR - Retrying! -1 attempts before skipping!
[2023-05-04T15:23:03.125+0000] {logging_mixin.py:137} INFO - Expecting value: line 1 column 1 (char 0)
[2023-05-04T15:23:03.146+0000] {helpers.py:86} ERROR - Expecting value: line 1 column 1 (char 0)
[2023-05-04T15:23:03.147+0000] {helpers.py:87} ERROR - Retrying! 9 attempts before skipping!
[2023-05-04T15:23:04.844+0000] {logging_mixin.py:137} INFO - Expecting value: line 1 column 1 (char 0)
[2023-05-04T15:23:04.846+0000] {helpers.py:86} ERROR - Expecting value: line 1 column 1 (char 0)
[2023-05-04T15:23:04.848+0000] {helpers.py:87} ERROR - Retrying! 8 attempts before skipping!
[2023-05-04T15:23:06.390+0000] {logging_mixin.py:137} INFO - Expecting value: line 1 column 1 (char 0)
[2023-05-04T15:23:06.391+0000] {helpers.py:86} ERROR - Expecting value: line 1 column 1 (char 0)
[2023-05-04T15:23:06.393+0000] {helpers.py:87} ERROR - Retrying! 7 attempts before skipping!
[2023-05-04T15:23:08.119+0000] {logging_mixin.py:137} INFO - Expecting value: line 1 column 1 (char 0)
[2023-05-04T15:23:08.122+0000] {helpers.py:86} ERROR - Expecting value: line 1 column 1 (char 0)
[2023-05-04T15:23:08.124+0000] {helpers.py:87} ERROR - Retrying! 6 attempts before skipping!
[2023-05-04T15:23:09.641+0000] {logging_mixin.py:137} INFO - Expecting value: line 1 column 1 (char 0)
[2023-05-04T15:23:09.642+0000] {helpers.py:86} ERROR - Expecting value: line 1 column 1 (char 0)
[2023-05-04T15:23:09.643+0000] {helpers.py:87} ERROR - Retrying! 5 attempts before skipping!
[2023-05-04T15:23:11.151+0000] {logging_mixin.py:137} INFO - Expecting value: line 1 column 1 (char 0)
[2023-05-04T15:23:11.152+0000] {helpers.py:86} ERROR - Expecting value: line 1 column 1 (char 0)
[2023-05-04T15:23:11.153+0000] {helpers.py:87} ERROR - Retrying! 4 attempts before skipping!
[2023-05-04T15:23:12.678+0000] {logging_mixin.py:137} INFO - Expecting value: line 1 column 1 (char 0)
[2023-05-04T15:23:12.680+0000] {helpers.py:86} ERROR - Expecting value: line 1 column 1 (char 0)
[2023-05-04T15:23:12.682+0000] {helpers.py:87} ERROR - Retrying! 3 attempts before skipping!
[2023-05-04T15:23:14.181+0000] {logging_mixin.py:137} INFO - Expecting value: line 1 column 1 (char 0)
[2023-05-04T15:23:14.183+0000] {helpers.py:86} ERROR - Expecting value: line 1 column 1 (char 0)
[2023-05-04T15:23:14.185+0000] {helpers.py:87} ERROR - Retrying! 2 attempts before skipping!
[2023-05-04T15:23:16.660+0000] {logging_mixin.py:137} INFO - Expecting value: line 1 column 1 (char 0)
[2023-05-04T15:23:16.780+0000] {helpers.py:86} ERROR - Expecting value: line 1 column 1 (char 0)
[2023-05-04T15:23:16.796+0000] {helpers.py:87} ERROR - Retrying! 1 attempts before skipping!
[2023-05-04T15:23:18.459+0000] {logging_mixin.py:137} INFO - Expecting value: line 1 column 1 (char 0)
[2023-05-04T15:23:18.463+0000] {helpers.py:86} ERROR - Expecting value: line 1 column 1 (char 0)
[2023-05-04T15:23:18.465+0000] {helpers.py:87} ERROR - Retrying! 0 attempts before skipping!
[2023-05-04T15:23:19.941+0000] {logging_mixin.py:137} INFO - Expecting value: line 1 column 1 (char 0)
[2023-05-04T15:23:19.943+0000] {helpers.py:86} ERROR - Expecting value: line 1 column 1 (char 0)
[2023-05-04T15:23:19.945+0000] {helpers.py:87} ERROR - Retrying! -1 attempts before skipping!
[2023-05-04T15:23:21.395+0000] {logging_mixin.py:137} INFO - Expecting value: line 1 column 1 (char 0)
[2023-05-04T15:23:21.396+0000] {helpers.py:86} ERROR - Expecting value: line 1 column 1 (char 0)
[2023-05-04T15:23:21.397+0000] {helpers.py:87} ERROR - Retrying! 9 attempts before skipping!
[2023-05-04T15:23:23.089+0000] {logging_mixin.py:137} INFO - Expecting value: line 1 column 1 (char 0)
[2023-05-04T15:23:23.090+0000] {helpers.py:86} ERROR - Expecting value: line 1 column 1 (char 0)
[2023-05-04T15:23:23.091+0000] {helpers.py:87} ERROR - Retrying! 8 attempts before skipping!
[2023-05-04T15:23:25.117+0000] {logging_mixin.py:137} INFO - Expecting value: line 1 column 1 (char 0)
[2023-05-04T15:23:25.120+0000] {helpers.py:86} ERROR - Expecting value: line 1 column 1 (char 0)
[2023-05-04T15:23:25.121+0000] {helpers.py:87} ERROR - Retrying! 7 attempts before skipping!
[2023-05-04T15:23:26.822+0000] {logging_mixin.py:137} INFO - Expecting value: line 1 column 1 (char 0)
[2023-05-04T15:23:26.826+0000] {helpers.py:86} ERROR - Expecting value: line 1 column 1 (char 0)
[2023-05-04T15:23:26.850+0000] {helpers.py:87} ERROR - Retrying! 6 attempts before skipping!
[2023-05-04T15:23:28.341+0000] {logging_mixin.py:137} INFO - Expecting value: line 1 column 1 (char 0)
[2023-05-04T15:23:28.342+0000] {helpers.py:86} ERROR - Expecting value: line 1 column 1 (char 0)
[2023-05-04T15:23:28.343+0000] {helpers.py:87} ERROR - Retrying! 5 attempts before skipping!
[2023-05-04T15:23:29.885+0000] {logging_mixin.py:137} INFO - Expecting value: line 1 column 1 (char 0)
[2023-05-04T15:23:29.886+0000] {helpers.py:86} ERROR - Expecting value: line 1 column 1 (char 0)
[2023-05-04T15:23:29.887+0000] {helpers.py:87} ERROR - Retrying! 4 attempts before skipping!
[2023-05-04T15:23:31.393+0000] {logging_mixin.py:137} INFO - Expecting value: line 1 column 1 (char 0)
[2023-05-04T15:23:31.400+0000] {helpers.py:86} ERROR - Expecting value: line 1 column 1 (char 0)
[2023-05-04T15:23:31.402+0000] {helpers.py:87} ERROR - Retrying! 3 attempts before skipping!
[2023-05-04T15:23:33.441+0000] {logging_mixin.py:137} INFO - Expecting value: line 1 column 1 (char 0)
[2023-05-04T15:23:33.442+0000] {helpers.py:86} ERROR - Expecting value: line 1 column 1 (char 0)
[2023-05-04T15:23:33.443+0000] {helpers.py:87} ERROR - Retrying! 2 attempts before skipping!
[2023-05-04T15:23:34.932+0000] {logging_mixin.py:137} INFO - Expecting value: line 1 column 1 (char 0)
[2023-05-04T15:23:34.934+0000] {helpers.py:86} ERROR - Expecting value: line 1 column 1 (char 0)
[2023-05-04T15:23:34.935+0000] {helpers.py:87} ERROR - Retrying! 1 attempts before skipping!
[2023-05-04T15:23:36.379+0000] {logging_mixin.py:137} INFO - Expecting value: line 1 column 1 (char 0)
[2023-05-04T15:23:36.380+0000] {helpers.py:86} ERROR - Expecting value: line 1 column 1 (char 0)
[2023-05-04T15:23:36.382+0000] {helpers.py:87} ERROR - Retrying! 0 attempts before skipping!
[2023-05-04T15:23:37.926+0000] {logging_mixin.py:137} INFO - Expecting value: line 1 column 1 (char 0)
[2023-05-04T15:23:37.928+0000] {helpers.py:86} ERROR - Expecting value: line 1 column 1 (char 0)
[2023-05-04T15:23:37.930+0000] {helpers.py:87} ERROR - Retrying! -1 attempts before skipping!
[2023-05-04T15:23:39.082+0000] {helpers.py:96} INFO - Saved in /opt/***/data/output_scrape_teams_9-16.csv
[2023-05-04T15:23:39.122+0000] {python.py:177} INFO - Done. Returned value was: None
[2023-05-04T15:23:39.209+0000] {taskinstance.py:1332} INFO - Marking task as SUCCESS. dag_id=scrape_and_save_to_csv, task_id=scrape_teams_9-16, execution_date=20230504T073000, start_date=20230504T152135, end_date=20230504T152339
[2023-05-04T15:23:40.226+0000] {local_task_job.py:212} INFO - Task exited with return code 0
[2023-05-04T15:23:40.284+0000] {taskinstance.py:2596} INFO - 0 downstream tasks scheduled from follow-on schedule check
