[2023-05-01T07:48:14.922+0000] {taskinstance.py:1090} INFO - Dependencies all met for dep_context=non-requeueable deps ti=<TaskInstance: scrape_and_save_to_csv.scrape_teams_1-8 scheduled__2023-05-01T06:30:00+00:00 [queued]>
[2023-05-01T07:48:14.962+0000] {taskinstance.py:1090} INFO - Dependencies all met for dep_context=requeueable deps ti=<TaskInstance: scrape_and_save_to_csv.scrape_teams_1-8 scheduled__2023-05-01T06:30:00+00:00 [queued]>
[2023-05-01T07:48:14.970+0000] {taskinstance.py:1288} INFO - 
--------------------------------------------------------------------------------
[2023-05-01T07:48:14.983+0000] {taskinstance.py:1289} INFO - Starting attempt 1 of 1
[2023-05-01T07:48:14.992+0000] {taskinstance.py:1290} INFO - 
--------------------------------------------------------------------------------
[2023-05-01T07:48:15.024+0000] {taskinstance.py:1309} INFO - Executing <Task(PythonOperator): scrape_teams_1-8> on 2023-05-01 06:30:00+00:00
[2023-05-01T07:48:15.037+0000] {standard_task_runner.py:55} INFO - Started process 5685 to run task
[2023-05-01T07:48:15.045+0000] {standard_task_runner.py:82} INFO - Running: ['***', 'tasks', 'run', 'scrape_and_save_to_csv', 'scrape_teams_1-8', 'scheduled__2023-05-01T06:30:00+00:00', '--job-id', '2023', '--raw', '--subdir', 'DAGS_FOLDER/scrape_and_save_csv_dag.py', '--cfg-path', '/tmp/tmpql3nt10_']
[2023-05-01T07:48:15.050+0000] {standard_task_runner.py:83} INFO - Job 2023: Subtask scrape_teams_1-8
[2023-05-01T07:48:15.207+0000] {task_command.py:389} INFO - Running <TaskInstance: scrape_and_save_to_csv.scrape_teams_1-8 scheduled__2023-05-01T06:30:00+00:00 [running]> on host 5d4cd8acb346
[2023-05-01T07:48:15.367+0000] {taskinstance.py:1518} INFO - Exporting the following env vars:
AIRFLOW_CTX_DAG_OWNER=***
AIRFLOW_CTX_DAG_ID=scrape_and_save_to_csv
AIRFLOW_CTX_TASK_ID=scrape_teams_1-8
AIRFLOW_CTX_EXECUTION_DATE=2023-05-01T06:30:00+00:00
AIRFLOW_CTX_TRY_NUMBER=1
AIRFLOW_CTX_DAG_RUN_ID=scheduled__2023-05-01T06:30:00+00:00
[2023-05-01T07:48:15.401+0000] {logging_mixin.py:137} INFO - HTTPSConnectionPool(host='api.pushshift.io', port=443): Max retries exceeded with url: /reddit/search/submission/?subreddit=AtlantaHawks&sort=created_utc&sort_type=desc&size=500 (Caused by NewConnectionError('<urllib3.connection.HTTPSConnection object at 0xffffa003b510>: Failed to establish a new connection: [Errno -2] Name or service not known'))
[2023-05-01T07:48:15.403+0000] {helpers.py:86} ERROR - HTTPSConnectionPool(host='api.pushshift.io', port=443): Max retries exceeded with url: /reddit/search/submission/?subreddit=AtlantaHawks&sort=created_utc&sort_type=desc&size=500 (Caused by NewConnectionError('<urllib3.connection.HTTPSConnection object at 0xffffa003b510>: Failed to establish a new connection: [Errno -2] Name or service not known'))
[2023-05-01T07:48:15.407+0000] {helpers.py:87} ERROR - Retrying! 9 attempts before skipping!
[2023-05-01T07:48:16.415+0000] {logging_mixin.py:137} INFO - HTTPSConnectionPool(host='api.pushshift.io', port=443): Max retries exceeded with url: /reddit/search/submission/?subreddit=AtlantaHawks&sort=created_utc&sort_type=desc&size=500 (Caused by NewConnectionError('<urllib3.connection.HTTPSConnection object at 0xffffa004e2d0>: Failed to establish a new connection: [Errno -2] Name or service not known'))
[2023-05-01T07:48:16.417+0000] {helpers.py:86} ERROR - HTTPSConnectionPool(host='api.pushshift.io', port=443): Max retries exceeded with url: /reddit/search/submission/?subreddit=AtlantaHawks&sort=created_utc&sort_type=desc&size=500 (Caused by NewConnectionError('<urllib3.connection.HTTPSConnection object at 0xffffa004e2d0>: Failed to establish a new connection: [Errno -2] Name or service not known'))
[2023-05-01T07:48:16.419+0000] {helpers.py:87} ERROR - Retrying! 8 attempts before skipping!
[2023-05-01T07:48:17.424+0000] {logging_mixin.py:137} INFO - HTTPSConnectionPool(host='api.pushshift.io', port=443): Max retries exceeded with url: /reddit/search/submission/?subreddit=AtlantaHawks&sort=created_utc&sort_type=desc&size=500 (Caused by NewConnectionError('<urllib3.connection.HTTPSConnection object at 0xffffa004e0d0>: Failed to establish a new connection: [Errno -2] Name or service not known'))
[2023-05-01T07:48:17.428+0000] {helpers.py:86} ERROR - HTTPSConnectionPool(host='api.pushshift.io', port=443): Max retries exceeded with url: /reddit/search/submission/?subreddit=AtlantaHawks&sort=created_utc&sort_type=desc&size=500 (Caused by NewConnectionError('<urllib3.connection.HTTPSConnection object at 0xffffa004e0d0>: Failed to establish a new connection: [Errno -2] Name or service not known'))
[2023-05-01T07:48:17.429+0000] {helpers.py:87} ERROR - Retrying! 7 attempts before skipping!
[2023-05-01T07:48:18.440+0000] {logging_mixin.py:137} INFO - HTTPSConnectionPool(host='api.pushshift.io', port=443): Max retries exceeded with url: /reddit/search/submission/?subreddit=AtlantaHawks&sort=created_utc&sort_type=desc&size=500 (Caused by NewConnectionError('<urllib3.connection.HTTPSConnection object at 0xffffa004e2d0>: Failed to establish a new connection: [Errno -2] Name or service not known'))
[2023-05-01T07:48:18.442+0000] {helpers.py:86} ERROR - HTTPSConnectionPool(host='api.pushshift.io', port=443): Max retries exceeded with url: /reddit/search/submission/?subreddit=AtlantaHawks&sort=created_utc&sort_type=desc&size=500 (Caused by NewConnectionError('<urllib3.connection.HTTPSConnection object at 0xffffa004e2d0>: Failed to establish a new connection: [Errno -2] Name or service not known'))
[2023-05-01T07:48:18.445+0000] {helpers.py:87} ERROR - Retrying! 6 attempts before skipping!
[2023-05-01T07:48:19.454+0000] {logging_mixin.py:137} INFO - HTTPSConnectionPool(host='api.pushshift.io', port=443): Max retries exceeded with url: /reddit/search/submission/?subreddit=AtlantaHawks&sort=created_utc&sort_type=desc&size=500 (Caused by NewConnectionError('<urllib3.connection.HTTPSConnection object at 0xffffa004e0d0>: Failed to establish a new connection: [Errno -2] Name or service not known'))
[2023-05-01T07:48:19.457+0000] {helpers.py:86} ERROR - HTTPSConnectionPool(host='api.pushshift.io', port=443): Max retries exceeded with url: /reddit/search/submission/?subreddit=AtlantaHawks&sort=created_utc&sort_type=desc&size=500 (Caused by NewConnectionError('<urllib3.connection.HTTPSConnection object at 0xffffa004e0d0>: Failed to establish a new connection: [Errno -2] Name or service not known'))
[2023-05-01T07:48:19.458+0000] {helpers.py:87} ERROR - Retrying! 5 attempts before skipping!
[2023-05-01T07:48:20.475+0000] {logging_mixin.py:137} INFO - HTTPSConnectionPool(host='api.pushshift.io', port=443): Max retries exceeded with url: /reddit/search/submission/?subreddit=AtlantaHawks&sort=created_utc&sort_type=desc&size=500 (Caused by NewConnectionError('<urllib3.connection.HTTPSConnection object at 0xffffa004e2d0>: Failed to establish a new connection: [Errno -2] Name or service not known'))
[2023-05-01T07:48:20.477+0000] {helpers.py:86} ERROR - HTTPSConnectionPool(host='api.pushshift.io', port=443): Max retries exceeded with url: /reddit/search/submission/?subreddit=AtlantaHawks&sort=created_utc&sort_type=desc&size=500 (Caused by NewConnectionError('<urllib3.connection.HTTPSConnection object at 0xffffa004e2d0>: Failed to establish a new connection: [Errno -2] Name or service not known'))
[2023-05-01T07:48:20.478+0000] {helpers.py:87} ERROR - Retrying! 4 attempts before skipping!
[2023-05-01T07:48:21.487+0000] {logging_mixin.py:137} INFO - HTTPSConnectionPool(host='api.pushshift.io', port=443): Max retries exceeded with url: /reddit/search/submission/?subreddit=AtlantaHawks&sort=created_utc&sort_type=desc&size=500 (Caused by NewConnectionError('<urllib3.connection.HTTPSConnection object at 0xffffa004e0d0>: Failed to establish a new connection: [Errno -2] Name or service not known'))
[2023-05-01T07:48:21.488+0000] {helpers.py:86} ERROR - HTTPSConnectionPool(host='api.pushshift.io', port=443): Max retries exceeded with url: /reddit/search/submission/?subreddit=AtlantaHawks&sort=created_utc&sort_type=desc&size=500 (Caused by NewConnectionError('<urllib3.connection.HTTPSConnection object at 0xffffa004e0d0>: Failed to establish a new connection: [Errno -2] Name or service not known'))
[2023-05-01T07:48:21.492+0000] {helpers.py:87} ERROR - Retrying! 3 attempts before skipping!
[2023-05-01T07:48:22.508+0000] {logging_mixin.py:137} INFO - HTTPSConnectionPool(host='api.pushshift.io', port=443): Max retries exceeded with url: /reddit/search/submission/?subreddit=AtlantaHawks&sort=created_utc&sort_type=desc&size=500 (Caused by NewConnectionError('<urllib3.connection.HTTPSConnection object at 0xffffa004e2d0>: Failed to establish a new connection: [Errno -2] Name or service not known'))
[2023-05-01T07:48:22.515+0000] {helpers.py:86} ERROR - HTTPSConnectionPool(host='api.pushshift.io', port=443): Max retries exceeded with url: /reddit/search/submission/?subreddit=AtlantaHawks&sort=created_utc&sort_type=desc&size=500 (Caused by NewConnectionError('<urllib3.connection.HTTPSConnection object at 0xffffa004e2d0>: Failed to establish a new connection: [Errno -2] Name or service not known'))
[2023-05-01T07:48:22.521+0000] {helpers.py:87} ERROR - Retrying! 2 attempts before skipping!
[2023-05-01T07:48:23.531+0000] {logging_mixin.py:137} INFO - HTTPSConnectionPool(host='api.pushshift.io', port=443): Max retries exceeded with url: /reddit/search/submission/?subreddit=AtlantaHawks&sort=created_utc&sort_type=desc&size=500 (Caused by NewConnectionError('<urllib3.connection.HTTPSConnection object at 0xffffa004e0d0>: Failed to establish a new connection: [Errno -2] Name or service not known'))
[2023-05-01T07:48:23.533+0000] {helpers.py:86} ERROR - HTTPSConnectionPool(host='api.pushshift.io', port=443): Max retries exceeded with url: /reddit/search/submission/?subreddit=AtlantaHawks&sort=created_utc&sort_type=desc&size=500 (Caused by NewConnectionError('<urllib3.connection.HTTPSConnection object at 0xffffa004e0d0>: Failed to establish a new connection: [Errno -2] Name or service not known'))
[2023-05-01T07:48:23.536+0000] {helpers.py:87} ERROR - Retrying! 1 attempts before skipping!
[2023-05-01T07:48:24.549+0000] {logging_mixin.py:137} INFO - HTTPSConnectionPool(host='api.pushshift.io', port=443): Max retries exceeded with url: /reddit/search/submission/?subreddit=AtlantaHawks&sort=created_utc&sort_type=desc&size=500 (Caused by NewConnectionError('<urllib3.connection.HTTPSConnection object at 0xffffa004e2d0>: Failed to establish a new connection: [Errno -2] Name or service not known'))
[2023-05-01T07:48:24.550+0000] {helpers.py:86} ERROR - HTTPSConnectionPool(host='api.pushshift.io', port=443): Max retries exceeded with url: /reddit/search/submission/?subreddit=AtlantaHawks&sort=created_utc&sort_type=desc&size=500 (Caused by NewConnectionError('<urllib3.connection.HTTPSConnection object at 0xffffa004e2d0>: Failed to establish a new connection: [Errno -2] Name or service not known'))
[2023-05-01T07:48:24.552+0000] {helpers.py:87} ERROR - Retrying! 0 attempts before skipping!
[2023-05-01T07:48:25.559+0000] {logging_mixin.py:137} INFO - HTTPSConnectionPool(host='api.pushshift.io', port=443): Max retries exceeded with url: /reddit/search/submission/?subreddit=AtlantaHawks&sort=created_utc&sort_type=desc&size=500 (Caused by NewConnectionError('<urllib3.connection.HTTPSConnection object at 0xffffa004e0d0>: Failed to establish a new connection: [Errno -2] Name or service not known'))
[2023-05-01T07:48:25.562+0000] {helpers.py:86} ERROR - HTTPSConnectionPool(host='api.pushshift.io', port=443): Max retries exceeded with url: /reddit/search/submission/?subreddit=AtlantaHawks&sort=created_utc&sort_type=desc&size=500 (Caused by NewConnectionError('<urllib3.connection.HTTPSConnection object at 0xffffa004e0d0>: Failed to establish a new connection: [Errno -2] Name or service not known'))
[2023-05-01T07:48:25.565+0000] {helpers.py:87} ERROR - Retrying! -1 attempts before skipping!
[2023-05-01T07:48:26.575+0000] {logging_mixin.py:137} INFO - HTTPSConnectionPool(host='api.pushshift.io', port=443): Max retries exceeded with url: /reddit/search/submission/?subreddit=bostonceltics&sort=created_utc&sort_type=desc&size=500 (Caused by NewConnectionError('<urllib3.connection.HTTPSConnection object at 0xffffa004e0d0>: Failed to establish a new connection: [Errno -2] Name or service not known'))
[2023-05-01T07:48:26.585+0000] {helpers.py:86} ERROR - HTTPSConnectionPool(host='api.pushshift.io', port=443): Max retries exceeded with url: /reddit/search/submission/?subreddit=bostonceltics&sort=created_utc&sort_type=desc&size=500 (Caused by NewConnectionError('<urllib3.connection.HTTPSConnection object at 0xffffa004e0d0>: Failed to establish a new connection: [Errno -2] Name or service not known'))
[2023-05-01T07:48:26.587+0000] {helpers.py:87} ERROR - Retrying! 9 attempts before skipping!
[2023-05-01T07:48:27.596+0000] {logging_mixin.py:137} INFO - HTTPSConnectionPool(host='api.pushshift.io', port=443): Max retries exceeded with url: /reddit/search/submission/?subreddit=bostonceltics&sort=created_utc&sort_type=desc&size=500 (Caused by NewConnectionError('<urllib3.connection.HTTPSConnection object at 0xffffa004e050>: Failed to establish a new connection: [Errno -2] Name or service not known'))
[2023-05-01T07:48:27.599+0000] {helpers.py:86} ERROR - HTTPSConnectionPool(host='api.pushshift.io', port=443): Max retries exceeded with url: /reddit/search/submission/?subreddit=bostonceltics&sort=created_utc&sort_type=desc&size=500 (Caused by NewConnectionError('<urllib3.connection.HTTPSConnection object at 0xffffa004e050>: Failed to establish a new connection: [Errno -2] Name or service not known'))
[2023-05-01T07:48:27.602+0000] {helpers.py:87} ERROR - Retrying! 8 attempts before skipping!
[2023-05-01T07:48:28.624+0000] {logging_mixin.py:137} INFO - HTTPSConnectionPool(host='api.pushshift.io', port=443): Max retries exceeded with url: /reddit/search/submission/?subreddit=bostonceltics&sort=created_utc&sort_type=desc&size=500 (Caused by NewConnectionError('<urllib3.connection.HTTPSConnection object at 0xffffa004e0d0>: Failed to establish a new connection: [Errno -2] Name or service not known'))
[2023-05-01T07:48:28.631+0000] {helpers.py:86} ERROR - HTTPSConnectionPool(host='api.pushshift.io', port=443): Max retries exceeded with url: /reddit/search/submission/?subreddit=bostonceltics&sort=created_utc&sort_type=desc&size=500 (Caused by NewConnectionError('<urllib3.connection.HTTPSConnection object at 0xffffa004e0d0>: Failed to establish a new connection: [Errno -2] Name or service not known'))
[2023-05-01T07:48:28.635+0000] {helpers.py:87} ERROR - Retrying! 7 attempts before skipping!
[2023-05-01T07:48:29.652+0000] {logging_mixin.py:137} INFO - HTTPSConnectionPool(host='api.pushshift.io', port=443): Max retries exceeded with url: /reddit/search/submission/?subreddit=bostonceltics&sort=created_utc&sort_type=desc&size=500 (Caused by NewConnectionError('<urllib3.connection.HTTPSConnection object at 0xffffa004e050>: Failed to establish a new connection: [Errno -2] Name or service not known'))
[2023-05-01T07:48:29.654+0000] {helpers.py:86} ERROR - HTTPSConnectionPool(host='api.pushshift.io', port=443): Max retries exceeded with url: /reddit/search/submission/?subreddit=bostonceltics&sort=created_utc&sort_type=desc&size=500 (Caused by NewConnectionError('<urllib3.connection.HTTPSConnection object at 0xffffa004e050>: Failed to establish a new connection: [Errno -2] Name or service not known'))
[2023-05-01T07:48:29.658+0000] {helpers.py:87} ERROR - Retrying! 6 attempts before skipping!
[2023-05-01T07:48:30.678+0000] {logging_mixin.py:137} INFO - HTTPSConnectionPool(host='api.pushshift.io', port=443): Max retries exceeded with url: /reddit/search/submission/?subreddit=bostonceltics&sort=created_utc&sort_type=desc&size=500 (Caused by NewConnectionError('<urllib3.connection.HTTPSConnection object at 0xffffa004e0d0>: Failed to establish a new connection: [Errno -2] Name or service not known'))
[2023-05-01T07:48:30.680+0000] {helpers.py:86} ERROR - HTTPSConnectionPool(host='api.pushshift.io', port=443): Max retries exceeded with url: /reddit/search/submission/?subreddit=bostonceltics&sort=created_utc&sort_type=desc&size=500 (Caused by NewConnectionError('<urllib3.connection.HTTPSConnection object at 0xffffa004e0d0>: Failed to establish a new connection: [Errno -2] Name or service not known'))
[2023-05-01T07:48:30.684+0000] {helpers.py:87} ERROR - Retrying! 5 attempts before skipping!
[2023-05-01T07:48:31.704+0000] {logging_mixin.py:137} INFO - HTTPSConnectionPool(host='api.pushshift.io', port=443): Max retries exceeded with url: /reddit/search/submission/?subreddit=bostonceltics&sort=created_utc&sort_type=desc&size=500 (Caused by NewConnectionError('<urllib3.connection.HTTPSConnection object at 0xffffa004e050>: Failed to establish a new connection: [Errno -2] Name or service not known'))
[2023-05-01T07:48:31.709+0000] {helpers.py:86} ERROR - HTTPSConnectionPool(host='api.pushshift.io', port=443): Max retries exceeded with url: /reddit/search/submission/?subreddit=bostonceltics&sort=created_utc&sort_type=desc&size=500 (Caused by NewConnectionError('<urllib3.connection.HTTPSConnection object at 0xffffa004e050>: Failed to establish a new connection: [Errno -2] Name or service not known'))
[2023-05-01T07:48:31.712+0000] {helpers.py:87} ERROR - Retrying! 4 attempts before skipping!
[2023-05-01T07:48:32.735+0000] {logging_mixin.py:137} INFO - HTTPSConnectionPool(host='api.pushshift.io', port=443): Max retries exceeded with url: /reddit/search/submission/?subreddit=bostonceltics&sort=created_utc&sort_type=desc&size=500 (Caused by NewConnectionError('<urllib3.connection.HTTPSConnection object at 0xffffa004e0d0>: Failed to establish a new connection: [Errno -2] Name or service not known'))
[2023-05-01T07:48:32.739+0000] {helpers.py:86} ERROR - HTTPSConnectionPool(host='api.pushshift.io', port=443): Max retries exceeded with url: /reddit/search/submission/?subreddit=bostonceltics&sort=created_utc&sort_type=desc&size=500 (Caused by NewConnectionError('<urllib3.connection.HTTPSConnection object at 0xffffa004e0d0>: Failed to establish a new connection: [Errno -2] Name or service not known'))
[2023-05-01T07:48:32.746+0000] {helpers.py:87} ERROR - Retrying! 3 attempts before skipping!
[2023-05-01T07:48:33.772+0000] {logging_mixin.py:137} INFO - HTTPSConnectionPool(host='api.pushshift.io', port=443): Max retries exceeded with url: /reddit/search/submission/?subreddit=bostonceltics&sort=created_utc&sort_type=desc&size=500 (Caused by NewConnectionError('<urllib3.connection.HTTPSConnection object at 0xffffa004e050>: Failed to establish a new connection: [Errno -2] Name or service not known'))
[2023-05-01T07:48:33.776+0000] {helpers.py:86} ERROR - HTTPSConnectionPool(host='api.pushshift.io', port=443): Max retries exceeded with url: /reddit/search/submission/?subreddit=bostonceltics&sort=created_utc&sort_type=desc&size=500 (Caused by NewConnectionError('<urllib3.connection.HTTPSConnection object at 0xffffa004e050>: Failed to establish a new connection: [Errno -2] Name or service not known'))
[2023-05-01T07:48:33.780+0000] {helpers.py:87} ERROR - Retrying! 2 attempts before skipping!
[2023-05-01T07:48:34.808+0000] {logging_mixin.py:137} INFO - HTTPSConnectionPool(host='api.pushshift.io', port=443): Max retries exceeded with url: /reddit/search/submission/?subreddit=bostonceltics&sort=created_utc&sort_type=desc&size=500 (Caused by NewConnectionError('<urllib3.connection.HTTPSConnection object at 0xffffa004e0d0>: Failed to establish a new connection: [Errno -2] Name or service not known'))
[2023-05-01T07:48:34.812+0000] {helpers.py:86} ERROR - HTTPSConnectionPool(host='api.pushshift.io', port=443): Max retries exceeded with url: /reddit/search/submission/?subreddit=bostonceltics&sort=created_utc&sort_type=desc&size=500 (Caused by NewConnectionError('<urllib3.connection.HTTPSConnection object at 0xffffa004e0d0>: Failed to establish a new connection: [Errno -2] Name or service not known'))
[2023-05-01T07:48:34.814+0000] {helpers.py:87} ERROR - Retrying! 1 attempts before skipping!
[2023-05-01T07:48:35.835+0000] {logging_mixin.py:137} INFO - HTTPSConnectionPool(host='api.pushshift.io', port=443): Max retries exceeded with url: /reddit/search/submission/?subreddit=bostonceltics&sort=created_utc&sort_type=desc&size=500 (Caused by NewConnectionError('<urllib3.connection.HTTPSConnection object at 0xffffa004e050>: Failed to establish a new connection: [Errno -2] Name or service not known'))
[2023-05-01T07:48:35.839+0000] {helpers.py:86} ERROR - HTTPSConnectionPool(host='api.pushshift.io', port=443): Max retries exceeded with url: /reddit/search/submission/?subreddit=bostonceltics&sort=created_utc&sort_type=desc&size=500 (Caused by NewConnectionError('<urllib3.connection.HTTPSConnection object at 0xffffa004e050>: Failed to establish a new connection: [Errno -2] Name or service not known'))
[2023-05-01T07:48:35.840+0000] {helpers.py:87} ERROR - Retrying! 0 attempts before skipping!
[2023-05-01T07:48:36.857+0000] {logging_mixin.py:137} INFO - HTTPSConnectionPool(host='api.pushshift.io', port=443): Max retries exceeded with url: /reddit/search/submission/?subreddit=bostonceltics&sort=created_utc&sort_type=desc&size=500 (Caused by NewConnectionError('<urllib3.connection.HTTPSConnection object at 0xffffa004e0d0>: Failed to establish a new connection: [Errno -2] Name or service not known'))
[2023-05-01T07:48:36.860+0000] {helpers.py:86} ERROR - HTTPSConnectionPool(host='api.pushshift.io', port=443): Max retries exceeded with url: /reddit/search/submission/?subreddit=bostonceltics&sort=created_utc&sort_type=desc&size=500 (Caused by NewConnectionError('<urllib3.connection.HTTPSConnection object at 0xffffa004e0d0>: Failed to establish a new connection: [Errno -2] Name or service not known'))
[2023-05-01T07:48:36.862+0000] {helpers.py:87} ERROR - Retrying! -1 attempts before skipping!
[2023-05-01T07:48:37.883+0000] {logging_mixin.py:137} INFO - HTTPSConnectionPool(host='api.pushshift.io', port=443): Max retries exceeded with url: /reddit/search/submission/?subreddit=gonets&sort=created_utc&sort_type=desc&size=500 (Caused by NewConnectionError('<urllib3.connection.HTTPSConnection object at 0xffffa004e0d0>: Failed to establish a new connection: [Errno -2] Name or service not known'))
[2023-05-01T07:48:37.885+0000] {helpers.py:86} ERROR - HTTPSConnectionPool(host='api.pushshift.io', port=443): Max retries exceeded with url: /reddit/search/submission/?subreddit=gonets&sort=created_utc&sort_type=desc&size=500 (Caused by NewConnectionError('<urllib3.connection.HTTPSConnection object at 0xffffa004e0d0>: Failed to establish a new connection: [Errno -2] Name or service not known'))
[2023-05-01T07:48:37.888+0000] {helpers.py:87} ERROR - Retrying! 9 attempts before skipping!
[2023-05-01T07:48:38.909+0000] {logging_mixin.py:137} INFO - HTTPSConnectionPool(host='api.pushshift.io', port=443): Max retries exceeded with url: /reddit/search/submission/?subreddit=gonets&sort=created_utc&sort_type=desc&size=500 (Caused by NewConnectionError('<urllib3.connection.HTTPSConnection object at 0xffffa004e210>: Failed to establish a new connection: [Errno -2] Name or service not known'))
[2023-05-01T07:48:38.914+0000] {helpers.py:86} ERROR - HTTPSConnectionPool(host='api.pushshift.io', port=443): Max retries exceeded with url: /reddit/search/submission/?subreddit=gonets&sort=created_utc&sort_type=desc&size=500 (Caused by NewConnectionError('<urllib3.connection.HTTPSConnection object at 0xffffa004e210>: Failed to establish a new connection: [Errno -2] Name or service not known'))
[2023-05-01T07:48:38.920+0000] {helpers.py:87} ERROR - Retrying! 8 attempts before skipping!
[2023-05-01T07:48:39.956+0000] {logging_mixin.py:137} INFO - HTTPSConnectionPool(host='api.pushshift.io', port=443): Max retries exceeded with url: /reddit/search/submission/?subreddit=gonets&sort=created_utc&sort_type=desc&size=500 (Caused by NewConnectionError('<urllib3.connection.HTTPSConnection object at 0xffffa004e0d0>: Failed to establish a new connection: [Errno -2] Name or service not known'))
[2023-05-01T07:48:39.967+0000] {helpers.py:86} ERROR - HTTPSConnectionPool(host='api.pushshift.io', port=443): Max retries exceeded with url: /reddit/search/submission/?subreddit=gonets&sort=created_utc&sort_type=desc&size=500 (Caused by NewConnectionError('<urllib3.connection.HTTPSConnection object at 0xffffa004e0d0>: Failed to establish a new connection: [Errno -2] Name or service not known'))
[2023-05-01T07:48:39.973+0000] {helpers.py:87} ERROR - Retrying! 7 attempts before skipping!
[2023-05-01T08:37:07.010+0000] {logging_mixin.py:137} INFO - HTTPSConnectionPool(host='api.pushshift.io', port=443): Max retries exceeded with url: /reddit/search/submission/?subreddit=gonets&sort=created_utc&sort_type=desc&size=500 (Caused by NewConnectionError('<urllib3.connection.HTTPSConnection object at 0xffffa004e210>: Failed to establish a new connection: [Errno -2] Name or service not known'))
[2023-05-01T08:37:07.014+0000] {helpers.py:86} ERROR - HTTPSConnectionPool(host='api.pushshift.io', port=443): Max retries exceeded with url: /reddit/search/submission/?subreddit=gonets&sort=created_utc&sort_type=desc&size=500 (Caused by NewConnectionError('<urllib3.connection.HTTPSConnection object at 0xffffa004e210>: Failed to establish a new connection: [Errno -2] Name or service not known'))
[2023-05-01T08:37:07.016+0000] {helpers.py:87} ERROR - Retrying! 6 attempts before skipping!
[2023-05-01T08:37:08.048+0000] {logging_mixin.py:137} INFO - HTTPSConnectionPool(host='api.pushshift.io', port=443): Max retries exceeded with url: /reddit/search/submission/?subreddit=gonets&sort=created_utc&sort_type=desc&size=500 (Caused by NewConnectionError('<urllib3.connection.HTTPSConnection object at 0xffffa004e0d0>: Failed to establish a new connection: [Errno -2] Name or service not known'))
[2023-05-01T08:37:08.054+0000] {helpers.py:86} ERROR - HTTPSConnectionPool(host='api.pushshift.io', port=443): Max retries exceeded with url: /reddit/search/submission/?subreddit=gonets&sort=created_utc&sort_type=desc&size=500 (Caused by NewConnectionError('<urllib3.connection.HTTPSConnection object at 0xffffa004e0d0>: Failed to establish a new connection: [Errno -2] Name or service not known'))
[2023-05-01T08:37:08.057+0000] {helpers.py:87} ERROR - Retrying! 5 attempts before skipping!
[2023-05-01T08:37:09.069+0000] {logging_mixin.py:137} INFO - HTTPSConnectionPool(host='api.pushshift.io', port=443): Max retries exceeded with url: /reddit/search/submission/?subreddit=gonets&sort=created_utc&sort_type=desc&size=500 (Caused by NewConnectionError('<urllib3.connection.HTTPSConnection object at 0xffffa004e210>: Failed to establish a new connection: [Errno -2] Name or service not known'))
[2023-05-01T08:37:09.070+0000] {helpers.py:86} ERROR - HTTPSConnectionPool(host='api.pushshift.io', port=443): Max retries exceeded with url: /reddit/search/submission/?subreddit=gonets&sort=created_utc&sort_type=desc&size=500 (Caused by NewConnectionError('<urllib3.connection.HTTPSConnection object at 0xffffa004e210>: Failed to establish a new connection: [Errno -2] Name or service not known'))
[2023-05-01T08:37:09.071+0000] {helpers.py:87} ERROR - Retrying! 4 attempts before skipping!
[2023-05-01T08:37:10.086+0000] {logging_mixin.py:137} INFO - HTTPSConnectionPool(host='api.pushshift.io', port=443): Max retries exceeded with url: /reddit/search/submission/?subreddit=gonets&sort=created_utc&sort_type=desc&size=500 (Caused by NewConnectionError('<urllib3.connection.HTTPSConnection object at 0xffffa004e0d0>: Failed to establish a new connection: [Errno -2] Name or service not known'))
[2023-05-01T08:37:10.087+0000] {helpers.py:86} ERROR - HTTPSConnectionPool(host='api.pushshift.io', port=443): Max retries exceeded with url: /reddit/search/submission/?subreddit=gonets&sort=created_utc&sort_type=desc&size=500 (Caused by NewConnectionError('<urllib3.connection.HTTPSConnection object at 0xffffa004e0d0>: Failed to establish a new connection: [Errno -2] Name or service not known'))
[2023-05-01T08:37:10.088+0000] {helpers.py:87} ERROR - Retrying! 3 attempts before skipping!
[2023-05-01T08:37:11.099+0000] {logging_mixin.py:137} INFO - HTTPSConnectionPool(host='api.pushshift.io', port=443): Max retries exceeded with url: /reddit/search/submission/?subreddit=gonets&sort=created_utc&sort_type=desc&size=500 (Caused by NewConnectionError('<urllib3.connection.HTTPSConnection object at 0xffffa004e210>: Failed to establish a new connection: [Errno -2] Name or service not known'))
[2023-05-01T08:37:11.103+0000] {helpers.py:86} ERROR - HTTPSConnectionPool(host='api.pushshift.io', port=443): Max retries exceeded with url: /reddit/search/submission/?subreddit=gonets&sort=created_utc&sort_type=desc&size=500 (Caused by NewConnectionError('<urllib3.connection.HTTPSConnection object at 0xffffa004e210>: Failed to establish a new connection: [Errno -2] Name or service not known'))
[2023-05-01T08:37:11.107+0000] {helpers.py:87} ERROR - Retrying! 2 attempts before skipping!
[2023-05-01T08:37:12.119+0000] {logging_mixin.py:137} INFO - HTTPSConnectionPool(host='api.pushshift.io', port=443): Max retries exceeded with url: /reddit/search/submission/?subreddit=gonets&sort=created_utc&sort_type=desc&size=500 (Caused by NewConnectionError('<urllib3.connection.HTTPSConnection object at 0xffffa004e0d0>: Failed to establish a new connection: [Errno -2] Name or service not known'))
[2023-05-01T08:37:12.121+0000] {helpers.py:86} ERROR - HTTPSConnectionPool(host='api.pushshift.io', port=443): Max retries exceeded with url: /reddit/search/submission/?subreddit=gonets&sort=created_utc&sort_type=desc&size=500 (Caused by NewConnectionError('<urllib3.connection.HTTPSConnection object at 0xffffa004e0d0>: Failed to establish a new connection: [Errno -2] Name or service not known'))
[2023-05-01T08:37:12.122+0000] {helpers.py:87} ERROR - Retrying! 1 attempts before skipping!
[2023-05-01T08:37:13.131+0000] {logging_mixin.py:137} INFO - HTTPSConnectionPool(host='api.pushshift.io', port=443): Max retries exceeded with url: /reddit/search/submission/?subreddit=gonets&sort=created_utc&sort_type=desc&size=500 (Caused by NewConnectionError('<urllib3.connection.HTTPSConnection object at 0xffffa004e210>: Failed to establish a new connection: [Errno -2] Name or service not known'))
[2023-05-01T08:37:13.133+0000] {helpers.py:86} ERROR - HTTPSConnectionPool(host='api.pushshift.io', port=443): Max retries exceeded with url: /reddit/search/submission/?subreddit=gonets&sort=created_utc&sort_type=desc&size=500 (Caused by NewConnectionError('<urllib3.connection.HTTPSConnection object at 0xffffa004e210>: Failed to establish a new connection: [Errno -2] Name or service not known'))
[2023-05-01T08:37:13.134+0000] {helpers.py:87} ERROR - Retrying! 0 attempts before skipping!
[2023-05-01T08:37:14.144+0000] {logging_mixin.py:137} INFO - HTTPSConnectionPool(host='api.pushshift.io', port=443): Max retries exceeded with url: /reddit/search/submission/?subreddit=gonets&sort=created_utc&sort_type=desc&size=500 (Caused by NewConnectionError('<urllib3.connection.HTTPSConnection object at 0xffffa004e0d0>: Failed to establish a new connection: [Errno -2] Name or service not known'))
[2023-05-01T08:37:14.148+0000] {helpers.py:86} ERROR - HTTPSConnectionPool(host='api.pushshift.io', port=443): Max retries exceeded with url: /reddit/search/submission/?subreddit=gonets&sort=created_utc&sort_type=desc&size=500 (Caused by NewConnectionError('<urllib3.connection.HTTPSConnection object at 0xffffa004e0d0>: Failed to establish a new connection: [Errno -2] Name or service not known'))
[2023-05-01T08:37:14.149+0000] {helpers.py:87} ERROR - Retrying! -1 attempts before skipping!
[2023-05-01T08:37:15.158+0000] {logging_mixin.py:137} INFO - HTTPSConnectionPool(host='api.pushshift.io', port=443): Max retries exceeded with url: /reddit/search/submission/?subreddit=CharlotteHornets&sort=created_utc&sort_type=desc&size=500 (Caused by NewConnectionError('<urllib3.connection.HTTPSConnection object at 0xffffa004e0d0>: Failed to establish a new connection: [Errno -2] Name or service not known'))
[2023-05-01T08:37:15.161+0000] {helpers.py:86} ERROR - HTTPSConnectionPool(host='api.pushshift.io', port=443): Max retries exceeded with url: /reddit/search/submission/?subreddit=CharlotteHornets&sort=created_utc&sort_type=desc&size=500 (Caused by NewConnectionError('<urllib3.connection.HTTPSConnection object at 0xffffa004e0d0>: Failed to establish a new connection: [Errno -2] Name or service not known'))
[2023-05-01T08:37:15.163+0000] {helpers.py:87} ERROR - Retrying! 9 attempts before skipping!
[2023-05-01T08:37:16.171+0000] {logging_mixin.py:137} INFO - HTTPSConnectionPool(host='api.pushshift.io', port=443): Max retries exceeded with url: /reddit/search/submission/?subreddit=CharlotteHornets&sort=created_utc&sort_type=desc&size=500 (Caused by NewConnectionError('<urllib3.connection.HTTPSConnection object at 0xffffa004e510>: Failed to establish a new connection: [Errno -2] Name or service not known'))
[2023-05-01T08:37:16.173+0000] {helpers.py:86} ERROR - HTTPSConnectionPool(host='api.pushshift.io', port=443): Max retries exceeded with url: /reddit/search/submission/?subreddit=CharlotteHornets&sort=created_utc&sort_type=desc&size=500 (Caused by NewConnectionError('<urllib3.connection.HTTPSConnection object at 0xffffa004e510>: Failed to establish a new connection: [Errno -2] Name or service not known'))
[2023-05-01T08:37:16.174+0000] {helpers.py:87} ERROR - Retrying! 8 attempts before skipping!
[2023-05-01T08:37:17.182+0000] {logging_mixin.py:137} INFO - HTTPSConnectionPool(host='api.pushshift.io', port=443): Max retries exceeded with url: /reddit/search/submission/?subreddit=CharlotteHornets&sort=created_utc&sort_type=desc&size=500 (Caused by NewConnectionError('<urllib3.connection.HTTPSConnection object at 0xffffa004e0d0>: Failed to establish a new connection: [Errno -2] Name or service not known'))
[2023-05-01T08:37:17.185+0000] {helpers.py:86} ERROR - HTTPSConnectionPool(host='api.pushshift.io', port=443): Max retries exceeded with url: /reddit/search/submission/?subreddit=CharlotteHornets&sort=created_utc&sort_type=desc&size=500 (Caused by NewConnectionError('<urllib3.connection.HTTPSConnection object at 0xffffa004e0d0>: Failed to establish a new connection: [Errno -2] Name or service not known'))
[2023-05-01T08:37:17.186+0000] {helpers.py:87} ERROR - Retrying! 7 attempts before skipping!
[2023-05-01T08:37:18.198+0000] {logging_mixin.py:137} INFO - HTTPSConnectionPool(host='api.pushshift.io', port=443): Max retries exceeded with url: /reddit/search/submission/?subreddit=CharlotteHornets&sort=created_utc&sort_type=desc&size=500 (Caused by NewConnectionError('<urllib3.connection.HTTPSConnection object at 0xffffa004e510>: Failed to establish a new connection: [Errno -2] Name or service not known'))
[2023-05-01T08:37:18.202+0000] {helpers.py:86} ERROR - HTTPSConnectionPool(host='api.pushshift.io', port=443): Max retries exceeded with url: /reddit/search/submission/?subreddit=CharlotteHornets&sort=created_utc&sort_type=desc&size=500 (Caused by NewConnectionError('<urllib3.connection.HTTPSConnection object at 0xffffa004e510>: Failed to establish a new connection: [Errno -2] Name or service not known'))
[2023-05-01T08:37:18.203+0000] {helpers.py:87} ERROR - Retrying! 6 attempts before skipping!
[2023-05-01T08:37:19.214+0000] {logging_mixin.py:137} INFO - HTTPSConnectionPool(host='api.pushshift.io', port=443): Max retries exceeded with url: /reddit/search/submission/?subreddit=CharlotteHornets&sort=created_utc&sort_type=desc&size=500 (Caused by NewConnectionError('<urllib3.connection.HTTPSConnection object at 0xffffa004e0d0>: Failed to establish a new connection: [Errno -2] Name or service not known'))
[2023-05-01T08:37:19.217+0000] {helpers.py:86} ERROR - HTTPSConnectionPool(host='api.pushshift.io', port=443): Max retries exceeded with url: /reddit/search/submission/?subreddit=CharlotteHornets&sort=created_utc&sort_type=desc&size=500 (Caused by NewConnectionError('<urllib3.connection.HTTPSConnection object at 0xffffa004e0d0>: Failed to establish a new connection: [Errno -2] Name or service not known'))
[2023-05-01T08:37:19.218+0000] {helpers.py:87} ERROR - Retrying! 5 attempts before skipping!
[2023-05-01T08:37:20.234+0000] {logging_mixin.py:137} INFO - HTTPSConnectionPool(host='api.pushshift.io', port=443): Max retries exceeded with url: /reddit/search/submission/?subreddit=CharlotteHornets&sort=created_utc&sort_type=desc&size=500 (Caused by NewConnectionError('<urllib3.connection.HTTPSConnection object at 0xffffa004e510>: Failed to establish a new connection: [Errno -2] Name or service not known'))
[2023-05-01T08:37:20.237+0000] {helpers.py:86} ERROR - HTTPSConnectionPool(host='api.pushshift.io', port=443): Max retries exceeded with url: /reddit/search/submission/?subreddit=CharlotteHornets&sort=created_utc&sort_type=desc&size=500 (Caused by NewConnectionError('<urllib3.connection.HTTPSConnection object at 0xffffa004e510>: Failed to establish a new connection: [Errno -2] Name or service not known'))
[2023-05-01T08:37:20.241+0000] {helpers.py:87} ERROR - Retrying! 4 attempts before skipping!
[2023-05-01T08:37:21.252+0000] {logging_mixin.py:137} INFO - HTTPSConnectionPool(host='api.pushshift.io', port=443): Max retries exceeded with url: /reddit/search/submission/?subreddit=CharlotteHornets&sort=created_utc&sort_type=desc&size=500 (Caused by NewConnectionError('<urllib3.connection.HTTPSConnection object at 0xffffa004e0d0>: Failed to establish a new connection: [Errno -2] Name or service not known'))
[2023-05-01T08:37:21.255+0000] {helpers.py:86} ERROR - HTTPSConnectionPool(host='api.pushshift.io', port=443): Max retries exceeded with url: /reddit/search/submission/?subreddit=CharlotteHornets&sort=created_utc&sort_type=desc&size=500 (Caused by NewConnectionError('<urllib3.connection.HTTPSConnection object at 0xffffa004e0d0>: Failed to establish a new connection: [Errno -2] Name or service not known'))
[2023-05-01T08:37:21.257+0000] {helpers.py:87} ERROR - Retrying! 3 attempts before skipping!
[2023-05-01T08:37:21.520+0000] {local_task_job.py:277} WARNING - State of this instance has been externally set to failed. Terminating instance.
[2023-05-01T08:37:21.528+0000] {process_utils.py:133} INFO - Sending Signals.SIGTERM to group 5685. PIDs of all processes in the group: [5685]
[2023-05-01T08:37:21.529+0000] {process_utils.py:84} INFO - Sending the signal Signals.SIGTERM to group 5685
[2023-05-01T08:37:21.531+0000] {taskinstance.py:1488} ERROR - Received SIGTERM. Terminating subprocesses.
[2023-05-01T08:37:21.584+0000] {process_utils.py:79} INFO - Process psutil.Process(pid=5685, status='terminated', exitcode=0, started='07:48:14') (5685) terminated with exit code 0
