[2023-05-11T00:36:05.488+0000] {taskinstance.py:1090} INFO - Dependencies all met for dep_context=non-requeueable deps ti=<TaskInstance: scrape_and_save_to_csv.scrape_teams_1-8 scheduled__2023-05-10T23:00:00+00:00 [queued]>
[2023-05-11T00:36:05.497+0000] {taskinstance.py:1090} INFO - Dependencies all met for dep_context=requeueable deps ti=<TaskInstance: scrape_and_save_to_csv.scrape_teams_1-8 scheduled__2023-05-10T23:00:00+00:00 [queued]>
[2023-05-11T00:36:05.499+0000] {taskinstance.py:1288} INFO - 
--------------------------------------------------------------------------------
[2023-05-11T00:36:05.501+0000] {taskinstance.py:1289} INFO - Starting attempt 1 of 1
[2023-05-11T00:36:05.502+0000] {taskinstance.py:1290} INFO - 
--------------------------------------------------------------------------------
[2023-05-11T00:36:05.516+0000] {taskinstance.py:1309} INFO - Executing <Task(PythonOperator): scrape_teams_1-8> on 2023-05-10 23:00:00+00:00
[2023-05-11T00:36:05.542+0000] {standard_task_runner.py:55} INFO - Started process 28636 to run task
[2023-05-11T00:36:05.550+0000] {standard_task_runner.py:82} INFO - Running: ['***', 'tasks', 'run', 'scrape_and_save_to_csv', 'scrape_teams_1-8', 'scheduled__2023-05-10T23:00:00+00:00', '--job-id', '4220', '--raw', '--subdir', 'DAGS_FOLDER/scrape_and_push_dag.py', '--cfg-path', '/tmp/tmpsc9neodg']
[2023-05-11T00:36:05.553+0000] {standard_task_runner.py:83} INFO - Job 4220: Subtask scrape_teams_1-8
[2023-05-11T00:36:05.652+0000] {task_command.py:389} INFO - Running <TaskInstance: scrape_and_save_to_csv.scrape_teams_1-8 scheduled__2023-05-10T23:00:00+00:00 [running]> on host f41dbfa3d325
[2023-05-11T00:36:05.710+0000] {warnings.py:110} WARNING - /home/***/.local/lib/python3.7/site-packages/***/utils/context.py:205: AirflowContextDeprecationWarning: Accessing 'execution_date' from the template is deprecated and will be removed in a future version. Please use 'data_interval_start' or 'logical_date' instead.
  warnings.warn(_create_deprecation_warning(key, self._deprecation_replacements[key]))

[2023-05-11T00:36:05.765+0000] {taskinstance.py:1518} INFO - Exporting the following env vars:
AIRFLOW_CTX_DAG_OWNER=***
AIRFLOW_CTX_DAG_ID=scrape_and_save_to_csv
AIRFLOW_CTX_TASK_ID=scrape_teams_1-8
AIRFLOW_CTX_EXECUTION_DATE=2023-05-10T23:00:00+00:00
AIRFLOW_CTX_TRY_NUMBER=1
AIRFLOW_CTX_DAG_RUN_ID=scheduled__2023-05-10T23:00:00+00:00
[2023-05-11T00:36:05.781+0000] {sessions.py:161} WARNING - Retrying due to ConnectionError(MaxRetryError("HTTPSConnectionPool(host='www.reddit.com', port=443): Max retries exceeded with url: /api/v1/access_token (Caused by NewConnectionError('<urllib3.connection.HTTPSConnection object at 0xffff947b3410>: Failed to establish a new connection: [Errno -2] Name or service not known'))")) status: GET https://oauth.reddit.com/r/AtlantaHawks/comments/
[2023-05-11T00:36:05.809+0000] {sessions.py:161} WARNING - Retrying due to ConnectionError(MaxRetryError("HTTPSConnectionPool(host='www.reddit.com', port=443): Max retries exceeded with url: /api/v1/access_token (Caused by NewConnectionError('<urllib3.connection.HTTPSConnection object at 0xffff947b3510>: Failed to establish a new connection: [Errno -2] Name or service not known'))")) status: GET https://oauth.reddit.com/r/AtlantaHawks/comments/
[2023-05-11T00:36:08.801+0000] {helpers.py:100} ERROR - error with request HTTPSConnectionPool(host='www.reddit.com', port=443): Max retries exceeded with url: /api/v1/access_token (Caused by NewConnectionError('<urllib3.connection.HTTPSConnection object at 0xffff947bc0d0>: Failed to establish a new connection: [Errno -2] Name or service not known'))
[2023-05-11T00:36:08.804+0000] {helpers.py:101} ERROR - Retrying! 9 attempts before skipping!
[2023-05-11T00:36:09.810+0000] {sessions.py:161} WARNING - Retrying due to ConnectionError(MaxRetryError("HTTPSConnectionPool(host='www.reddit.com', port=443): Max retries exceeded with url: /api/v1/access_token (Caused by NewConnectionError('<urllib3.connection.HTTPSConnection object at 0xffff947bc350>: Failed to establish a new connection: [Errno -2] Name or service not known'))")) status: GET https://oauth.reddit.com/r/AtlantaHawks/comments/
[2023-05-11T00:36:10.307+0000] {sessions.py:161} WARNING - Retrying due to ConnectionError(MaxRetryError("HTTPSConnectionPool(host='www.reddit.com', port=443): Max retries exceeded with url: /api/v1/access_token (Caused by NewConnectionError('<urllib3.connection.HTTPSConnection object at 0xffff947bc910>: Failed to establish a new connection: [Errno -2] Name or service not known'))")) status: GET https://oauth.reddit.com/r/AtlantaHawks/comments/
[2023-05-11T00:36:13.587+0000] {helpers.py:100} ERROR - error with request HTTPSConnectionPool(host='www.reddit.com', port=443): Max retries exceeded with url: /api/v1/access_token (Caused by NewConnectionError('<urllib3.connection.HTTPSConnection object at 0xffff947b3b10>: Failed to establish a new connection: [Errno -2] Name or service not known'))
[2023-05-11T00:36:13.590+0000] {helpers.py:101} ERROR - Retrying! 8 attempts before skipping!
[2023-05-11T00:36:14.610+0000] {sessions.py:161} WARNING - Retrying due to ConnectionError(MaxRetryError("HTTPSConnectionPool(host='www.reddit.com', port=443): Max retries exceeded with url: /api/v1/access_token (Caused by NewConnectionError('<urllib3.connection.HTTPSConnection object at 0xffff947b3990>: Failed to establish a new connection: [Errno -2] Name or service not known'))")) status: GET https://oauth.reddit.com/r/AtlantaHawks/comments/
[2023-05-11T00:36:15.653+0000] {sessions.py:161} WARNING - Retrying due to ConnectionError(MaxRetryError("HTTPSConnectionPool(host='www.reddit.com', port=443): Max retries exceeded with url: /api/v1/access_token (Caused by NewConnectionError('<urllib3.connection.HTTPSConnection object at 0xffff947f6cd0>: Failed to establish a new connection: [Errno -2] Name or service not known'))")) status: GET https://oauth.reddit.com/r/AtlantaHawks/comments/
[2023-05-11T00:36:18.416+0000] {helpers.py:100} ERROR - error with request HTTPSConnectionPool(host='www.reddit.com', port=443): Max retries exceeded with url: /api/v1/access_token (Caused by NewConnectionError('<urllib3.connection.HTTPSConnection object at 0xffff947c5150>: Failed to establish a new connection: [Errno -2] Name or service not known'))
[2023-05-11T00:36:18.419+0000] {helpers.py:101} ERROR - Retrying! 7 attempts before skipping!
[2023-05-11T00:36:19.431+0000] {sessions.py:161} WARNING - Retrying due to ConnectionError(MaxRetryError("HTTPSConnectionPool(host='www.reddit.com', port=443): Max retries exceeded with url: /api/v1/access_token (Caused by NewConnectionError('<urllib3.connection.HTTPSConnection object at 0xffff947c5490>: Failed to establish a new connection: [Errno -2] Name or service not known'))")) status: GET https://oauth.reddit.com/r/AtlantaHawks/comments/
[2023-05-11T00:36:21.216+0000] {sessions.py:161} WARNING - Retrying due to ConnectionError(MaxRetryError("HTTPSConnectionPool(host='www.reddit.com', port=443): Max retries exceeded with url: /api/v1/access_token (Caused by NewConnectionError('<urllib3.connection.HTTPSConnection object at 0xffff947c5e10>: Failed to establish a new connection: [Errno -2] Name or service not known'))")) status: GET https://oauth.reddit.com/r/AtlantaHawks/comments/
[2023-05-11T00:36:24.702+0000] {helpers.py:100} ERROR - error with request HTTPSConnectionPool(host='www.reddit.com', port=443): Max retries exceeded with url: /api/v1/access_token (Caused by NewConnectionError('<urllib3.connection.HTTPSConnection object at 0xffff947cd1d0>: Failed to establish a new connection: [Errno -2] Name or service not known'))
[2023-05-11T00:36:24.703+0000] {helpers.py:101} ERROR - Retrying! 6 attempts before skipping!
[2023-05-11T00:36:25.729+0000] {sessions.py:161} WARNING - Retrying due to ConnectionError(MaxRetryError("HTTPSConnectionPool(host='www.reddit.com', port=443): Max retries exceeded with url: /api/v1/access_token (Caused by NewConnectionError('<urllib3.connection.HTTPSConnection object at 0xffff947cd450>: Failed to establish a new connection: [Errno -2] Name or service not known'))")) status: GET https://oauth.reddit.com/r/AtlantaHawks/comments/
[2023-05-11T00:36:27.256+0000] {sessions.py:161} WARNING - Retrying due to ConnectionError(MaxRetryError("HTTPSConnectionPool(host='www.reddit.com', port=443): Max retries exceeded with url: /api/v1/access_token (Caused by NewConnectionError('<urllib3.connection.HTTPSConnection object at 0xffff94759050>: Failed to establish a new connection: [Errno -2] Name or service not known'))")) status: GET https://oauth.reddit.com/r/AtlantaHawks/comments/
[2023-05-11T00:36:30.170+0000] {helpers.py:100} ERROR - error with request HTTPSConnectionPool(host='www.reddit.com', port=443): Max retries exceeded with url: /api/v1/access_token (Caused by NewConnectionError('<urllib3.connection.HTTPSConnection object at 0xffff947c5c90>: Failed to establish a new connection: [Errno -2] Name or service not known'))
[2023-05-11T00:36:30.172+0000] {helpers.py:101} ERROR - Retrying! 5 attempts before skipping!
[2023-05-11T00:36:31.185+0000] {sessions.py:161} WARNING - Retrying due to ConnectionError(MaxRetryError("HTTPSConnectionPool(host='www.reddit.com', port=443): Max retries exceeded with url: /api/v1/access_token (Caused by NewConnectionError('<urllib3.connection.HTTPSConnection object at 0xffff947c5bd0>: Failed to establish a new connection: [Errno -2] Name or service not known'))")) status: GET https://oauth.reddit.com/r/AtlantaHawks/comments/
[2023-05-11T00:36:31.591+0000] {sessions.py:161} WARNING - Retrying due to ConnectionError(MaxRetryError("HTTPSConnectionPool(host='www.reddit.com', port=443): Max retries exceeded with url: /api/v1/access_token (Caused by NewConnectionError('<urllib3.connection.HTTPSConnection object at 0xffff947c5650>: Failed to establish a new connection: [Errno -2] Name or service not known'))")) status: GET https://oauth.reddit.com/r/AtlantaHawks/comments/
[2023-05-11T01:25:20.245+0000] {helpers.py:100} ERROR - error with request HTTPSConnectionPool(host='www.reddit.com', port=443): Max retries exceeded with url: /api/v1/access_token (Caused by NewConnectionError('<urllib3.connection.HTTPSConnection object at 0xffff947f6f50>: Failed to establish a new connection: [Errno -2] Name or service not known'))
[2023-05-11T01:25:20.247+0000] {helpers.py:101} ERROR - Retrying! 4 attempts before skipping!
[2023-05-11T01:25:21.255+0000] {sessions.py:161} WARNING - Retrying due to ConnectionError(MaxRetryError("HTTPSConnectionPool(host='www.reddit.com', port=443): Max retries exceeded with url: /api/v1/access_token (Caused by NewConnectionError('<urllib3.connection.HTTPSConnection object at 0xffff947b3510>: Failed to establish a new connection: [Errno -2] Name or service not known'))")) status: GET https://oauth.reddit.com/r/AtlantaHawks/comments/
[2023-05-11T01:25:21.348+0000] {sessions.py:161} WARNING - Retrying due to ConnectionError(MaxRetryError("HTTPSConnectionPool(host='www.reddit.com', port=443): Max retries exceeded with url: /api/v1/access_token (Caused by NewConnectionError('<urllib3.connection.HTTPSConnection object at 0xffff947b3910>: Failed to establish a new connection: [Errno -2] Name or service not known'))")) status: GET https://oauth.reddit.com/r/AtlantaHawks/comments/
[2023-05-11T01:25:23.624+0000] {helpers.py:100} ERROR - error with request HTTPSConnectionPool(host='www.reddit.com', port=443): Max retries exceeded with url: /api/v1/access_token (Caused by NewConnectionError('<urllib3.connection.HTTPSConnection object at 0xffff94759510>: Failed to establish a new connection: [Errno -2] Name or service not known'))
[2023-05-11T01:25:23.626+0000] {helpers.py:101} ERROR - Retrying! 3 attempts before skipping!
[2023-05-11T01:25:24.638+0000] {sessions.py:161} WARNING - Retrying due to ConnectionError(MaxRetryError("HTTPSConnectionPool(host='www.reddit.com', port=443): Max retries exceeded with url: /api/v1/access_token (Caused by NewConnectionError('<urllib3.connection.HTTPSConnection object at 0xffff94759790>: Failed to establish a new connection: [Errno -2] Name or service not known'))")) status: GET https://oauth.reddit.com/r/AtlantaHawks/comments/
[2023-05-11T01:25:24.684+0000] {sessions.py:161} WARNING - Retrying due to ConnectionError(MaxRetryError("HTTPSConnectionPool(host='www.reddit.com', port=443): Max retries exceeded with url: /api/v1/access_token (Caused by NewConnectionError('<urllib3.connection.HTTPSConnection object at 0xffff94762450>: Failed to establish a new connection: [Errno -2] Name or service not known'))")) status: GET https://oauth.reddit.com/r/AtlantaHawks/comments/
[2023-05-11T01:25:27.379+0000] {helpers.py:100} ERROR - error with request HTTPSConnectionPool(host='www.reddit.com', port=443): Max retries exceeded with url: /api/v1/access_token (Caused by NewConnectionError('<urllib3.connection.HTTPSConnection object at 0xffff94762c50>: Failed to establish a new connection: [Errno -2] Name or service not known'))
[2023-05-11T01:25:27.382+0000] {helpers.py:101} ERROR - Retrying! 2 attempts before skipping!
[2023-05-11T01:25:28.407+0000] {sessions.py:161} WARNING - Retrying due to ConnectionError(MaxRetryError("HTTPSConnectionPool(host='www.reddit.com', port=443): Max retries exceeded with url: /api/v1/access_token (Caused by NewConnectionError('<urllib3.connection.HTTPSConnection object at 0xffff94762990>: Failed to establish a new connection: [Errno -2] Name or service not known'))")) status: GET https://oauth.reddit.com/r/AtlantaHawks/comments/
[2023-05-11T01:25:28.790+0000] {sessions.py:161} WARNING - Retrying due to ConnectionError(MaxRetryError("HTTPSConnectionPool(host='www.reddit.com', port=443): Max retries exceeded with url: /api/v1/access_token (Caused by NewConnectionError('<urllib3.connection.HTTPSConnection object at 0xffff947b3410>: Failed to establish a new connection: [Errno -2] Name or service not known'))")) status: GET https://oauth.reddit.com/r/AtlantaHawks/comments/
[2023-05-11T01:25:30.901+0000] {helpers.py:100} ERROR - error with request HTTPSConnectionPool(host='www.reddit.com', port=443): Max retries exceeded with url: /api/v1/access_token (Caused by NewConnectionError('<urllib3.connection.HTTPSConnection object at 0xffff947f6b10>: Failed to establish a new connection: [Errno -2] Name or service not known'))
[2023-05-11T01:25:30.903+0000] {helpers.py:101} ERROR - Retrying! 1 attempts before skipping!
[2023-05-11T01:25:31.928+0000] {sessions.py:161} WARNING - Retrying due to ConnectionError(MaxRetryError("HTTPSConnectionPool(host='www.reddit.com', port=443): Max retries exceeded with url: /api/v1/access_token (Caused by NewConnectionError('<urllib3.connection.HTTPSConnection object at 0xffff947b3950>: Failed to establish a new connection: [Errno -2] Name or service not known'))")) status: GET https://oauth.reddit.com/r/AtlantaHawks/comments/
[2023-05-11T01:25:32.480+0000] {sessions.py:161} WARNING - Retrying due to ConnectionError(MaxRetryError("HTTPSConnectionPool(host='www.reddit.com', port=443): Max retries exceeded with url: /api/v1/access_token (Caused by NewConnectionError('<urllib3.connection.HTTPSConnection object at 0xffff947c5550>: Failed to establish a new connection: [Errno -2] Name or service not known'))")) status: GET https://oauth.reddit.com/r/AtlantaHawks/comments/
[2023-05-11T01:25:34.682+0000] {helpers.py:100} ERROR - error with request HTTPSConnectionPool(host='www.reddit.com', port=443): Max retries exceeded with url: /api/v1/access_token (Caused by NewConnectionError('<urllib3.connection.HTTPSConnection object at 0xffff947c5450>: Failed to establish a new connection: [Errno -2] Name or service not known'))
[2023-05-11T01:25:34.684+0000] {helpers.py:101} ERROR - Retrying! 0 attempts before skipping!
[2023-05-11T01:25:35.702+0000] {sessions.py:161} WARNING - Retrying due to ConnectionError(MaxRetryError("HTTPSConnectionPool(host='www.reddit.com', port=443): Max retries exceeded with url: /api/v1/access_token (Caused by NewConnectionError('<urllib3.connection.HTTPSConnection object at 0xffff9476d050>: Failed to establish a new connection: [Errno -2] Name or service not known'))")) status: GET https://oauth.reddit.com/r/AtlantaHawks/comments/
[2023-05-11T01:25:36.610+0000] {sessions.py:161} WARNING - Retrying due to ConnectionError(MaxRetryError("HTTPSConnectionPool(host='www.reddit.com', port=443): Max retries exceeded with url: /api/v1/access_token (Caused by NewConnectionError('<urllib3.connection.HTTPSConnection object at 0xffff9476d690>: Failed to establish a new connection: [Errno -2] Name or service not known'))")) status: GET https://oauth.reddit.com/r/AtlantaHawks/comments/
[2023-05-11T01:25:39.072+0000] {helpers.py:100} ERROR - error with request HTTPSConnectionPool(host='www.reddit.com', port=443): Max retries exceeded with url: /api/v1/access_token (Caused by NewConnectionError('<urllib3.connection.HTTPSConnection object at 0xffff947740d0>: Failed to establish a new connection: [Errno -2] Name or service not known'))
[2023-05-11T01:25:39.074+0000] {helpers.py:101} ERROR - Retrying! -1 attempts before skipping!
[2023-05-11T01:25:40.098+0000] {sessions.py:161} WARNING - Retrying due to ConnectionError(MaxRetryError("HTTPSConnectionPool(host='www.reddit.com', port=443): Max retries exceeded with url: /api/v1/access_token (Caused by NewConnectionError('<urllib3.connection.HTTPSConnection object at 0xffff9d6afb50>: Failed to establish a new connection: [Errno -2] Name or service not known'))")) status: GET https://oauth.reddit.com/r/bostonceltics/comments/
[2023-05-11T01:25:41.380+0000] {sessions.py:161} WARNING - Retrying due to ConnectionError(MaxRetryError("HTTPSConnectionPool(host='www.reddit.com', port=443): Max retries exceeded with url: /api/v1/access_token (Caused by NewConnectionError('<urllib3.connection.HTTPSConnection object at 0xffff9476d8d0>: Failed to establish a new connection: [Errno -2] Name or service not known'))")) status: GET https://oauth.reddit.com/r/bostonceltics/comments/
[2023-05-11T01:25:45.243+0000] {helpers.py:100} ERROR - error with request HTTPSConnectionPool(host='www.reddit.com', port=443): Max retries exceeded with url: /api/v1/access_token (Caused by NewConnectionError('<urllib3.connection.HTTPSConnection object at 0xffff947c5310>: Failed to establish a new connection: [Errno -2] Name or service not known'))
[2023-05-11T01:25:45.245+0000] {helpers.py:101} ERROR - Retrying! 9 attempts before skipping!
[2023-05-11T01:25:46.257+0000] {sessions.py:161} WARNING - Retrying due to ConnectionError(MaxRetryError("HTTPSConnectionPool(host='www.reddit.com', port=443): Max retries exceeded with url: /api/v1/access_token (Caused by NewConnectionError('<urllib3.connection.HTTPSConnection object at 0xffff947c5ed0>: Failed to establish a new connection: [Errno -2] Name or service not known'))")) status: GET https://oauth.reddit.com/r/bostonceltics/comments/
[2023-05-11T01:25:46.711+0000] {sessions.py:161} WARNING - Retrying due to ConnectionError(MaxRetryError("HTTPSConnectionPool(host='www.reddit.com', port=443): Max retries exceeded with url: /api/v1/access_token (Caused by NewConnectionError('<urllib3.connection.HTTPSConnection object at 0xffff947c5490>: Failed to establish a new connection: [Errno -2] Name or service not known'))")) status: GET https://oauth.reddit.com/r/bostonceltics/comments/
[2023-05-11T02:15:04.813+0000] {helpers.py:100} ERROR - error with request HTTPSConnectionPool(host='www.reddit.com', port=443): Max retries exceeded with url: /api/v1/access_token (Caused by NewConnectionError('<urllib3.connection.HTTPSConnection object at 0xffff947f6850>: Failed to establish a new connection: [Errno -2] Name or service not known'))
[2023-05-11T02:15:04.815+0000] {helpers.py:101} ERROR - Retrying! 8 attempts before skipping!
[2023-05-11T02:15:05.833+0000] {sessions.py:161} WARNING - Retrying due to ConnectionError(MaxRetryError("HTTPSConnectionPool(host='www.reddit.com', port=443): Max retries exceeded with url: /api/v1/access_token (Caused by NewConnectionError('<urllib3.connection.HTTPSConnection object at 0xffff947b3910>: Failed to establish a new connection: [Errno -2] Name or service not known'))")) status: GET https://oauth.reddit.com/r/bostonceltics/comments/
[2023-05-11T02:15:07.589+0000] {sessions.py:161} WARNING - Retrying due to ConnectionError(MaxRetryError("HTTPSConnectionPool(host='www.reddit.com', port=443): Max retries exceeded with url: /api/v1/access_token (Caused by NewConnectionError('<urllib3.connection.HTTPSConnection object at 0xffff947b3890>: Failed to establish a new connection: [Errno -2] Name or service not known'))")) status: GET https://oauth.reddit.com/r/bostonceltics/comments/
[2023-05-11T02:15:10.832+0000] {helpers.py:100} ERROR - error with request HTTPSConnectionPool(host='www.reddit.com', port=443): Max retries exceeded with url: /api/v1/access_token (Caused by NewConnectionError('<urllib3.connection.HTTPSConnection object at 0xffff94762950>: Failed to establish a new connection: [Errno -2] Name or service not known'))
[2023-05-11T02:15:10.833+0000] {helpers.py:101} ERROR - Retrying! 7 attempts before skipping!
[2023-05-11T02:15:11.840+0000] {sessions.py:161} WARNING - Retrying due to ConnectionError(MaxRetryError("HTTPSConnectionPool(host='www.reddit.com', port=443): Max retries exceeded with url: /api/v1/access_token (Caused by NewConnectionError('<urllib3.connection.HTTPSConnection object at 0xffff94762f90>: Failed to establish a new connection: [Errno -2] Name or service not known'))")) status: GET https://oauth.reddit.com/r/bostonceltics/comments/
[2023-05-11T02:15:12.045+0000] {local_task_job.py:277} WARNING - State of this instance has been externally set to failed. Terminating instance.
[2023-05-11T02:15:12.051+0000] {process_utils.py:133} INFO - Sending Signals.SIGTERM to group 28636. PIDs of all processes in the group: [28636]
[2023-05-11T02:15:12.052+0000] {process_utils.py:84} INFO - Sending the signal Signals.SIGTERM to group 28636
[2023-05-11T02:15:12.054+0000] {taskinstance.py:1488} ERROR - Received SIGTERM. Terminating subprocesses.
[2023-05-11T02:15:12.055+0000] {helpers.py:100} ERROR - Task received SIGTERM signal
[2023-05-11T02:15:12.056+0000] {helpers.py:101} ERROR - Retrying! 6 attempts before skipping!
[2023-05-11T02:15:13.066+0000] {sessions.py:161} WARNING - Retrying due to ConnectionError(MaxRetryError("HTTPSConnectionPool(host='www.reddit.com', port=443): Max retries exceeded with url: /api/v1/access_token (Caused by NewConnectionError('<urllib3.connection.HTTPSConnection object at 0xffff94774690>: Failed to establish a new connection: [Errno -2] Name or service not known'))")) status: GET https://oauth.reddit.com/r/bostonceltics/comments/
[2023-05-11T02:15:14.439+0000] {sessions.py:161} WARNING - Retrying due to ConnectionError(MaxRetryError("HTTPSConnectionPool(host='www.reddit.com', port=443): Max retries exceeded with url: /api/v1/access_token (Caused by NewConnectionError('<urllib3.connection.HTTPSConnection object at 0xffff94762a90>: Failed to establish a new connection: [Errno -2] Name or service not known'))")) status: GET https://oauth.reddit.com/r/bostonceltics/comments/
[2023-05-11T02:15:16.964+0000] {helpers.py:100} ERROR - error with request HTTPSConnectionPool(host='www.reddit.com', port=443): Max retries exceeded with url: /api/v1/access_token (Caused by NewConnectionError('<urllib3.connection.HTTPSConnection object at 0xffff947b3250>: Failed to establish a new connection: [Errno -2] Name or service not known'))
[2023-05-11T02:15:16.965+0000] {helpers.py:101} ERROR - Retrying! 5 attempts before skipping!
[2023-05-11T02:15:17.980+0000] {sessions.py:161} WARNING - Retrying due to ConnectionError(MaxRetryError("HTTPSConnectionPool(host='www.reddit.com', port=443): Max retries exceeded with url: /api/v1/access_token (Caused by NewConnectionError('<urllib3.connection.HTTPSConnection object at 0xffff947b3890>: Failed to establish a new connection: [Errno -2] Name or service not known'))")) status: GET https://oauth.reddit.com/r/bostonceltics/comments/
[2023-05-11T02:15:19.417+0000] {sessions.py:161} WARNING - Retrying due to ConnectionError(MaxRetryError("HTTPSConnectionPool(host='www.reddit.com', port=443): Max retries exceeded with url: /api/v1/access_token (Caused by NewConnectionError('<urllib3.connection.HTTPSConnection object at 0xffff947f6b90>: Failed to establish a new connection: [Errno -2] Name or service not known'))")) status: GET https://oauth.reddit.com/r/bostonceltics/comments/
[2023-05-11T02:15:22.094+0000] {helpers.py:100} ERROR - error with request HTTPSConnectionPool(host='www.reddit.com', port=443): Max retries exceeded with url: /api/v1/access_token (Caused by NewConnectionError('<urllib3.connection.HTTPSConnection object at 0xffff947c5090>: Failed to establish a new connection: [Errno -2] Name or service not known'))
[2023-05-11T02:15:22.096+0000] {helpers.py:101} ERROR - Retrying! 4 attempts before skipping!
[2023-05-11T02:15:23.105+0000] {sessions.py:161} WARNING - Retrying due to ConnectionError(MaxRetryError("HTTPSConnectionPool(host='www.reddit.com', port=443): Max retries exceeded with url: /api/v1/access_token (Caused by NewConnectionError('<urllib3.connection.HTTPSConnection object at 0xffff947c5e50>: Failed to establish a new connection: [Errno -2] Name or service not known'))")) status: GET https://oauth.reddit.com/r/bostonceltics/comments/
[2023-05-11T02:15:24.633+0000] {sessions.py:161} WARNING - Retrying due to ConnectionError(MaxRetryError("HTTPSConnectionPool(host='www.reddit.com', port=443): Max retries exceeded with url: /api/v1/access_token (Caused by NewConnectionError('<urllib3.connection.HTTPSConnection object at 0xffff947c5a90>: Failed to establish a new connection: [Errno -2] Name or service not known'))")) status: GET https://oauth.reddit.com/r/bostonceltics/comments/
[2023-05-11T02:15:27.609+0000] {helpers.py:100} ERROR - error with request HTTPSConnectionPool(host='www.reddit.com', port=443): Max retries exceeded with url: /api/v1/access_token (Caused by NewConnectionError('<urllib3.connection.HTTPSConnection object at 0xffff9476d150>: Failed to establish a new connection: [Errno -2] Name or service not known'))
[2023-05-11T02:15:27.618+0000] {helpers.py:101} ERROR - Retrying! 3 attempts before skipping!
[2023-05-11T02:15:28.631+0000] {sessions.py:161} WARNING - Retrying due to ConnectionError(MaxRetryError("HTTPSConnectionPool(host='www.reddit.com', port=443): Max retries exceeded with url: /api/v1/access_token (Caused by NewConnectionError('<urllib3.connection.HTTPSConnection object at 0xffff9476d050>: Failed to establish a new connection: [Errno -2] Name or service not known'))")) status: GET https://oauth.reddit.com/r/bostonceltics/comments/
[2023-05-11T02:15:30.383+0000] {sessions.py:161} WARNING - Retrying due to ConnectionError(MaxRetryError("HTTPSConnectionPool(host='www.reddit.com', port=443): Max retries exceeded with url: /api/v1/access_token (Caused by NewConnectionError('<urllib3.connection.HTTPSConnection object at 0xffff947832d0>: Failed to establish a new connection: [Errno -2] Name or service not known'))")) status: GET https://oauth.reddit.com/r/bostonceltics/comments/
[2023-05-11T02:15:33.884+0000] {helpers.py:100} ERROR - error with request HTTPSConnectionPool(host='www.reddit.com', port=443): Max retries exceeded with url: /api/v1/access_token (Caused by NewConnectionError('<urllib3.connection.HTTPSConnection object at 0xffff94783a90>: Failed to establish a new connection: [Errno -2] Name or service not known'))
[2023-05-11T02:15:33.886+0000] {helpers.py:101} ERROR - Retrying! 2 attempts before skipping!
[2023-05-11T03:04:13.637+0000] {sessions.py:161} WARNING - Retrying due to ConnectionError(MaxRetryError("HTTPSConnectionPool(host='www.reddit.com', port=443): Max retries exceeded with url: /api/v1/access_token (Caused by NewConnectionError('<urllib3.connection.HTTPSConnection object at 0xffff947c5990>: Failed to establish a new connection: [Errno -2] Name or service not known'))")) status: GET https://oauth.reddit.com/r/bostonceltics/comments/
[2023-05-11T03:04:13.950+0000] {sessions.py:161} WARNING - Retrying due to ConnectionError(MaxRetryError("HTTPSConnectionPool(host='www.reddit.com', port=443): Max retries exceeded with url: /api/v1/access_token (Caused by NewConnectionError('<urllib3.connection.HTTPSConnection object at 0xffff947f6f50>: Failed to establish a new connection: [Errno -2] Name or service not known'))")) status: GET https://oauth.reddit.com/r/bostonceltics/comments/
[2023-05-11T03:04:16.295+0000] {helpers.py:100} ERROR - error with request HTTPSConnectionPool(host='www.reddit.com', port=443): Max retries exceeded with url: /api/v1/access_token (Caused by NewConnectionError('<urllib3.connection.HTTPSConnection object at 0xffff947b3410>: Failed to establish a new connection: [Errno -2] Name or service not known'))
[2023-05-11T03:04:16.298+0000] {helpers.py:101} ERROR - Retrying! 1 attempts before skipping!
[2023-05-11T03:04:17.309+0000] {sessions.py:161} WARNING - Retrying due to ConnectionError(MaxRetryError("HTTPSConnectionPool(host='www.reddit.com', port=443): Max retries exceeded with url: /api/v1/access_token (Caused by NewConnectionError('<urllib3.connection.HTTPSConnection object at 0xffff947b3850>: Failed to establish a new connection: [Errno -2] Name or service not known'))")) status: GET https://oauth.reddit.com/r/bostonceltics/comments/
[2023-05-11T03:04:18.458+0000] {sessions.py:161} WARNING - Retrying due to ConnectionError(MaxRetryError("HTTPSConnectionPool(host='www.reddit.com', port=443): Max retries exceeded with url: /api/v1/access_token (Caused by NewConnectionError('<urllib3.connection.HTTPSConnection object at 0xffff94762ed0>: Failed to establish a new connection: [Errno -2] Name or service not known'))")) status: GET https://oauth.reddit.com/r/bostonceltics/comments/
[2023-05-11T03:04:22.064+0000] {helpers.py:100} ERROR - error with request HTTPSConnectionPool(host='www.reddit.com', port=443): Max retries exceeded with url: /api/v1/access_token (Caused by NewConnectionError('<urllib3.connection.HTTPSConnection object at 0xffff94774f90>: Failed to establish a new connection: [Errno -2] Name or service not known'))
[2023-05-11T03:04:22.067+0000] {helpers.py:101} ERROR - Retrying! 0 attempts before skipping!
[2023-05-11T03:04:23.083+0000] {sessions.py:161} WARNING - Retrying due to ConnectionError(MaxRetryError("HTTPSConnectionPool(host='www.reddit.com', port=443): Max retries exceeded with url: /api/v1/access_token (Caused by NewConnectionError('<urllib3.connection.HTTPSConnection object at 0xffff94783850>: Failed to establish a new connection: [Errno -2] Name or service not known'))")) status: GET https://oauth.reddit.com/r/bostonceltics/comments/
[2023-05-11T03:04:23.268+0000] {sessions.py:161} WARNING - Retrying due to ConnectionError(MaxRetryError("HTTPSConnectionPool(host='www.reddit.com', port=443): Max retries exceeded with url: /api/v1/access_token (Caused by NewConnectionError('<urllib3.connection.HTTPSConnection object at 0xffff947837d0>: Failed to establish a new connection: [Errno -2] Name or service not known'))")) status: GET https://oauth.reddit.com/r/bostonceltics/comments/
[2023-05-11T03:04:25.616+0000] {helpers.py:100} ERROR - error with request HTTPSConnectionPool(host='www.reddit.com', port=443): Max retries exceeded with url: /api/v1/access_token (Caused by NewConnectionError('<urllib3.connection.HTTPSConnection object at 0xffff947892d0>: Failed to establish a new connection: [Errno -2] Name or service not known'))
[2023-05-11T03:04:25.618+0000] {helpers.py:101} ERROR - Retrying! -1 attempts before skipping!
[2023-05-11T03:04:26.638+0000] {sessions.py:161} WARNING - Retrying due to ConnectionError(MaxRetryError("HTTPSConnectionPool(host='www.reddit.com', port=443): Max retries exceeded with url: /api/v1/access_token (Caused by NewConnectionError('<urllib3.connection.HTTPSConnection object at 0xffff94789550>: Failed to establish a new connection: [Errno -2] Name or service not known'))")) status: GET https://oauth.reddit.com/r/gonets/comments/
[2023-05-11T03:04:28.002+0000] {sessions.py:161} WARNING - Retrying due to ConnectionError(MaxRetryError("HTTPSConnectionPool(host='www.reddit.com', port=443): Max retries exceeded with url: /api/v1/access_token (Caused by NewConnectionError('<urllib3.connection.HTTPSConnection object at 0xffff947837d0>: Failed to establish a new connection: [Errno -2] Name or service not known'))")) status: GET https://oauth.reddit.com/r/gonets/comments/
[2023-05-11T03:04:30.468+0000] {helpers.py:100} ERROR - error with request HTTPSConnectionPool(host='www.reddit.com', port=443): Max retries exceeded with url: /api/v1/access_token (Caused by NewConnectionError('<urllib3.connection.HTTPSConnection object at 0xffff94783a90>: Failed to establish a new connection: [Errno -2] Name or service not known'))
[2023-05-11T03:04:30.471+0000] {helpers.py:101} ERROR - Retrying! 9 attempts before skipping!
[2023-05-11T03:04:31.479+0000] {sessions.py:161} WARNING - Retrying due to ConnectionError(MaxRetryError("HTTPSConnectionPool(host='www.reddit.com', port=443): Max retries exceeded with url: /api/v1/access_token (Caused by NewConnectionError('<urllib3.connection.HTTPSConnection object at 0xffff94783950>: Failed to establish a new connection: [Errno -2] Name or service not known'))")) status: GET https://oauth.reddit.com/r/gonets/comments/
[2023-05-11T03:04:32.208+0000] {sessions.py:161} WARNING - Retrying due to ConnectionError(MaxRetryError("HTTPSConnectionPool(host='www.reddit.com', port=443): Max retries exceeded with url: /api/v1/access_token (Caused by NewConnectionError('<urllib3.connection.HTTPSConnection object at 0xffff947f6b10>: Failed to establish a new connection: [Errno -2] Name or service not known'))")) status: GET https://oauth.reddit.com/r/gonets/comments/
[2023-05-11T03:04:36.249+0000] {helpers.py:100} ERROR - error with request HTTPSConnectionPool(host='www.reddit.com', port=443): Max retries exceeded with url: /api/v1/access_token (Caused by NewConnectionError('<urllib3.connection.HTTPSConnection object at 0xffff947748d0>: Failed to establish a new connection: [Errno -2] Name or service not known'))
[2023-05-11T03:04:36.251+0000] {helpers.py:101} ERROR - Retrying! 8 attempts before skipping!
[2023-05-11T03:04:37.261+0000] {sessions.py:161} WARNING - Retrying due to ConnectionError(MaxRetryError("HTTPSConnectionPool(host='www.reddit.com', port=443): Max retries exceeded with url: /api/v1/access_token (Caused by NewConnectionError('<urllib3.connection.HTTPSConnection object at 0xffff94774ed0>: Failed to establish a new connection: [Errno -2] Name or service not known'))")) status: GET https://oauth.reddit.com/r/gonets/comments/
[2023-05-11T03:04:38.021+0000] {sessions.py:161} WARNING - Retrying due to ConnectionError(MaxRetryError("HTTPSConnectionPool(host='www.reddit.com', port=443): Max retries exceeded with url: /api/v1/access_token (Caused by NewConnectionError('<urllib3.connection.HTTPSConnection object at 0xffff94774a50>: Failed to establish a new connection: [Errno -2] Name or service not known'))")) status: GET https://oauth.reddit.com/r/gonets/comments/
[2023-05-11T03:04:41.606+0000] {helpers.py:100} ERROR - error with request HTTPSConnectionPool(host='www.reddit.com', port=443): Max retries exceeded with url: /api/v1/access_token (Caused by NewConnectionError('<urllib3.connection.HTTPSConnection object at 0xffff9476d4d0>: Failed to establish a new connection: [Errno -2] Name or service not known'))
[2023-05-11T03:04:41.608+0000] {helpers.py:101} ERROR - Retrying! 7 attempts before skipping!
[2023-05-11T03:04:42.621+0000] {sessions.py:161} WARNING - Retrying due to ConnectionError(MaxRetryError("HTTPSConnectionPool(host='www.reddit.com', port=443): Max retries exceeded with url: /api/v1/access_token (Caused by NewConnectionError('<urllib3.connection.HTTPSConnection object at 0xffff9476d7d0>: Failed to establish a new connection: [Errno -2] Name or service not known'))")) status: GET https://oauth.reddit.com/r/gonets/comments/
[2023-05-11T03:55:22.583+0000] {sessions.py:161} WARNING - Retrying due to ConnectionError(MaxRetryError("HTTPSConnectionPool(host='www.reddit.com', port=443): Max retries exceeded with url: /api/v1/access_token (Caused by NewConnectionError('<urllib3.connection.HTTPSConnection object at 0xffff94762c50>: Failed to establish a new connection: [Errno -2] Name or service not known'))")) status: GET https://oauth.reddit.com/r/gonets/comments/
[2023-05-11T03:55:25.452+0000] {helpers.py:100} ERROR - error with request HTTPSConnectionPool(host='www.reddit.com', port=443): Max retries exceeded with url: /api/v1/access_token (Caused by NewConnectionError('<urllib3.connection.HTTPSConnection object at 0xffff94762ad0>: Failed to establish a new connection: [Errno -2] Name or service not known'))
[2023-05-11T03:55:25.457+0000] {helpers.py:101} ERROR - Retrying! 6 attempts before skipping!
[2023-05-11T03:55:26.473+0000] {sessions.py:161} WARNING - Retrying due to ConnectionError(MaxRetryError("HTTPSConnectionPool(host='www.reddit.com', port=443): Max retries exceeded with url: /api/v1/access_token (Caused by NewConnectionError('<urllib3.connection.HTTPSConnection object at 0xffff94762390>: Failed to establish a new connection: [Errno -2] Name or service not known'))")) status: GET https://oauth.reddit.com/r/gonets/comments/
[2023-05-11T03:55:28.088+0000] {sessions.py:161} WARNING - Retrying due to ConnectionError(MaxRetryError("HTTPSConnectionPool(host='www.reddit.com', port=443): Max retries exceeded with url: /api/v1/access_token (Caused by NewConnectionError('<urllib3.connection.HTTPSConnection object at 0xffff947596d0>: Failed to establish a new connection: [Errno -2] Name or service not known'))")) status: GET https://oauth.reddit.com/r/gonets/comments/
[2023-05-11T03:55:29.444+0000] {process_utils.py:147} WARNING - process psutil.Process(pid=28636, name='airflow task ru', status='sleeping', started='00:36:05') did not respond to SIGTERM. Trying SIGKILL
[2023-05-11T03:55:29.455+0000] {process_utils.py:84} INFO - Sending the signal Signals.SIGKILL to group 28636
[2023-05-11T03:55:29.486+0000] {process_utils.py:79} INFO - Process psutil.Process(pid=28636, name='airflow task ru', status='terminated', exitcode=<Negsignal.SIGKILL: -9>, started='00:36:05') (28636) terminated with exit code Negsignal.SIGKILL
[2023-05-11T03:55:29.515+0000] {standard_task_runner.py:170} ERROR - Job 4220 was killed before it finished (likely due to running out of memory)
