[2023-04-30T03:30:01.401+0000] {taskinstance.py:1090} INFO - Dependencies all met for dep_context=non-requeueable deps ti=<TaskInstance: push_to_bigquery.push_csv_to_cloud_storage scheduled__2023-04-30T02:30:00+00:00 [queued]>
[2023-04-30T03:30:01.425+0000] {taskinstance.py:1090} INFO - Dependencies all met for dep_context=requeueable deps ti=<TaskInstance: push_to_bigquery.push_csv_to_cloud_storage scheduled__2023-04-30T02:30:00+00:00 [queued]>
[2023-04-30T03:30:01.427+0000] {taskinstance.py:1288} INFO - 
--------------------------------------------------------------------------------
[2023-04-30T03:30:01.429+0000] {taskinstance.py:1289} INFO - Starting attempt 1 of 1
[2023-04-30T03:30:01.430+0000] {taskinstance.py:1290} INFO - 
--------------------------------------------------------------------------------
[2023-04-30T03:30:01.464+0000] {taskinstance.py:1309} INFO - Executing <Task(PythonOperator): push_csv_to_cloud_storage> on 2023-04-30 02:30:00+00:00
[2023-04-30T03:30:01.477+0000] {standard_task_runner.py:55} INFO - Started process 3791 to run task
[2023-04-30T03:30:01.496+0000] {standard_task_runner.py:82} INFO - Running: ['***', 'tasks', 'run', 'push_to_bigquery', 'push_csv_to_cloud_storage', 'scheduled__2023-04-30T02:30:00+00:00', '--job-id', '1863', '--raw', '--subdir', 'DAGS_FOLDER/push_to_bigquery_dag.py', '--cfg-path', '/tmp/tmptb1u_dd5']
[2023-04-30T03:30:01.506+0000] {standard_task_runner.py:83} INFO - Job 1863: Subtask push_csv_to_cloud_storage
[2023-04-30T03:30:01.696+0000] {task_command.py:389} INFO - Running <TaskInstance: push_to_bigquery.push_csv_to_cloud_storage scheduled__2023-04-30T02:30:00+00:00 [running]> on host b5cee175690f
[2023-04-30T03:30:01.754+0000] {warnings.py:110} WARNING - /home/***/.local/lib/python3.7/site-packages/***/utils/context.py:205: AirflowContextDeprecationWarning: Accessing 'execution_date' from the template is deprecated and will be removed in a future version. Please use 'data_interval_start' or 'logical_date' instead.
  warnings.warn(_create_deprecation_warning(key, self._deprecation_replacements[key]))

[2023-04-30T03:30:01.803+0000] {taskinstance.py:1518} INFO - Exporting the following env vars:
AIRFLOW_CTX_DAG_OWNER=***
AIRFLOW_CTX_DAG_ID=push_to_bigquery
AIRFLOW_CTX_TASK_ID=push_csv_to_cloud_storage
AIRFLOW_CTX_EXECUTION_DATE=2023-04-30T02:30:00+00:00
AIRFLOW_CTX_TRY_NUMBER=1
AIRFLOW_CTX_DAG_RUN_ID=scheduled__2023-04-30T02:30:00+00:00
[2023-04-30T03:30:02.286+0000] {logging_mixin.py:137} INFO - File /opt/***/data/all_teams.csv has been uploaded to Google Cloud Storage Bucket trendba-bucket-1
[2023-04-30T03:30:02.288+0000] {python.py:177} INFO - Done. Returned value was: None
[2023-04-30T03:30:02.299+0000] {taskinstance.py:1332} INFO - Marking task as SUCCESS. dag_id=push_to_bigquery, task_id=push_csv_to_cloud_storage, execution_date=20230430T023000, start_date=20230430T033001, end_date=20230430T033002
[2023-04-30T03:30:02.350+0000] {local_task_job.py:212} INFO - Task exited with return code 0
[2023-04-30T03:30:02.372+0000] {taskinstance.py:2596} INFO - 0 downstream tasks scheduled from follow-on schedule check
