[2023-04-28T22:51:28.596+0000] {taskinstance.py:1090} INFO - Dependencies all met for dep_context=non-requeueable deps ti=<TaskInstance: push_to_bigquery.push_csv_to_cloud_storage scheduled__2023-04-27T13:30:00+00:00 [queued]>
[2023-04-28T22:51:28.636+0000] {taskinstance.py:1090} INFO - Dependencies all met for dep_context=requeueable deps ti=<TaskInstance: push_to_bigquery.push_csv_to_cloud_storage scheduled__2023-04-27T13:30:00+00:00 [queued]>
[2023-04-28T22:51:28.641+0000] {taskinstance.py:1288} INFO - 
--------------------------------------------------------------------------------
[2023-04-28T22:51:28.642+0000] {taskinstance.py:1289} INFO - Starting attempt 1 of 1
[2023-04-28T22:51:28.644+0000] {taskinstance.py:1290} INFO - 
--------------------------------------------------------------------------------
[2023-04-28T22:51:28.697+0000] {taskinstance.py:1309} INFO - Executing <Task(PythonOperator): push_csv_to_cloud_storage> on 2023-04-27 13:30:00+00:00
[2023-04-28T22:51:28.738+0000] {standard_task_runner.py:55} INFO - Started process 2020 to run task
[2023-04-28T22:51:28.768+0000] {standard_task_runner.py:82} INFO - Running: ['***', 'tasks', 'run', 'push_to_bigquery', 'push_csv_to_cloud_storage', 'scheduled__2023-04-27T13:30:00+00:00', '--job-id', '1727', '--raw', '--subdir', 'DAGS_FOLDER/push_to_bigquery_dag.py', '--cfg-path', '/tmp/tmpp_xctvkc']
[2023-04-28T22:51:28.782+0000] {standard_task_runner.py:83} INFO - Job 1727: Subtask push_csv_to_cloud_storage
[2023-04-28T22:51:28.929+0000] {task_command.py:389} INFO - Running <TaskInstance: push_to_bigquery.push_csv_to_cloud_storage scheduled__2023-04-27T13:30:00+00:00 [running]> on host def38439e216
[2023-04-28T22:51:29.057+0000] {taskinstance.py:1518} INFO - Exporting the following env vars:
AIRFLOW_CTX_DAG_OWNER=***
AIRFLOW_CTX_DAG_ID=push_to_bigquery
AIRFLOW_CTX_TASK_ID=push_csv_to_cloud_storage
AIRFLOW_CTX_EXECUTION_DATE=2023-04-27T13:30:00+00:00
AIRFLOW_CTX_TRY_NUMBER=1
AIRFLOW_CTX_DAG_RUN_ID=scheduled__2023-04-27T13:30:00+00:00
[2023-04-28T22:51:29.062+0000] {logging_mixin.py:137} INFO - hello world
[2023-04-28T22:51:29.064+0000] {python.py:177} INFO - Done. Returned value was: None
[2023-04-28T22:51:29.081+0000] {taskinstance.py:1332} INFO - Marking task as SUCCESS. dag_id=push_to_bigquery, task_id=push_csv_to_cloud_storage, execution_date=20230427T133000, start_date=20230428T225128, end_date=20230428T225129
[2023-04-28T22:51:29.145+0000] {local_task_job.py:212} INFO - Task exited with return code 0
[2023-04-28T22:51:29.199+0000] {taskinstance.py:2596} INFO - 0 downstream tasks scheduled from follow-on schedule check
