[2023-05-10T01:49:18.769+0000] {taskinstance.py:1090} INFO - Dependencies all met for dep_context=non-requeueable deps ti=<TaskInstance: scrape_and_save_to_csv.scrape_teams_1-8 scheduled__2022-05-05T04:00:00+00:00 [queued]>
[2023-05-10T01:49:18.781+0000] {taskinstance.py:1090} INFO - Dependencies all met for dep_context=requeueable deps ti=<TaskInstance: scrape_and_save_to_csv.scrape_teams_1-8 scheduled__2022-05-05T04:00:00+00:00 [queued]>
[2023-05-10T01:49:18.782+0000] {taskinstance.py:1288} INFO - 
--------------------------------------------------------------------------------
[2023-05-10T01:49:18.784+0000] {taskinstance.py:1289} INFO - Starting attempt 1 of 1
[2023-05-10T01:49:18.785+0000] {taskinstance.py:1290} INFO - 
--------------------------------------------------------------------------------
[2023-05-10T01:49:18.804+0000] {taskinstance.py:1309} INFO - Executing <Task(PythonOperator): scrape_teams_1-8> on 2022-05-05 04:00:00+00:00
[2023-05-10T01:49:18.814+0000] {standard_task_runner.py:55} INFO - Started process 16385 to run task
[2023-05-10T01:49:18.820+0000] {standard_task_runner.py:82} INFO - Running: ['***', 'tasks', 'run', 'scrape_and_save_to_csv', 'scrape_teams_1-8', 'scheduled__2022-05-05T04:00:00+00:00', '--job-id', '3887', '--raw', '--subdir', 'DAGS_FOLDER/scrape_and_push_dag.py', '--cfg-path', '/tmp/tmpb8thl874']
[2023-05-10T01:49:18.826+0000] {standard_task_runner.py:83} INFO - Job 3887: Subtask scrape_teams_1-8
[2023-05-10T01:49:19.041+0000] {task_command.py:389} INFO - Running <TaskInstance: scrape_and_save_to_csv.scrape_teams_1-8 scheduled__2022-05-05T04:00:00+00:00 [running]> on host f41dbfa3d325
[2023-05-10T01:49:19.111+0000] {warnings.py:110} WARNING - /home/***/.local/lib/python3.7/site-packages/***/utils/context.py:205: AirflowContextDeprecationWarning: Accessing 'execution_date' from the template is deprecated and will be removed in a future version. Please use 'data_interval_start' or 'logical_date' instead.
  warnings.warn(_create_deprecation_warning(key, self._deprecation_replacements[key]))

[2023-05-10T01:49:19.160+0000] {taskinstance.py:1518} INFO - Exporting the following env vars:
AIRFLOW_CTX_DAG_OWNER=***
AIRFLOW_CTX_DAG_ID=scrape_and_save_to_csv
AIRFLOW_CTX_TASK_ID=scrape_teams_1-8
AIRFLOW_CTX_EXECUTION_DATE=2022-05-05T04:00:00+00:00
AIRFLOW_CTX_TRY_NUMBER=1
AIRFLOW_CTX_DAG_RUN_ID=scheduled__2022-05-05T04:00:00+00:00
[2023-05-10T01:49:20.302+0000] {helpers.py:94} INFO - Atlanta Hawks: Successfully scraped!
[2023-05-10T01:49:24.392+0000] {helpers.py:94} INFO - Boston Celtics: Successfully scraped!
[2023-05-10T01:49:27.502+0000] {helpers.py:94} INFO - Brooklyn Nets: Successfully scraped!
[2023-05-10T01:49:31.277+0000] {helpers.py:94} INFO - Charlotte Hornets: Successfully scraped!
[2023-05-10T01:49:34.931+0000] {helpers.py:94} INFO - Chicago Bulls: Successfully scraped!
[2023-05-10T01:49:39.090+0000] {helpers.py:94} INFO - Cleveland Cavaliers: Successfully scraped!
[2023-05-10T01:49:42.737+0000] {helpers.py:94} INFO - Dallas Mavericks: Successfully scraped!
[2023-05-10T01:49:51.906+0000] {helpers.py:94} INFO - Denver Nuggets: Successfully scraped!
[2023-05-10T01:49:51.911+0000] {helpers.py:109} INFO - Saved in /opt/***/data/output_scrape_teams_1-8.csv
[2023-05-10T01:49:51.912+0000] {python.py:177} INFO - Done. Returned value was: None
[2023-05-10T01:49:51.922+0000] {taskinstance.py:1332} INFO - Marking task as SUCCESS. dag_id=scrape_and_save_to_csv, task_id=scrape_teams_1-8, execution_date=20220505T040000, start_date=20230510T014918, end_date=20230510T014951
[2023-05-10T01:49:51.947+0000] {local_task_job.py:212} INFO - Task exited with return code 0
[2023-05-10T01:49:51.970+0000] {taskinstance.py:2596} INFO - 0 downstream tasks scheduled from follow-on schedule check
