[2023-05-10T02:25:17.525+0000] {taskinstance.py:1090} INFO - Dependencies all met for dep_context=non-requeueable deps ti=<TaskInstance: scrape_and_save_to_csv.scrape_teams_9-16 manual__2023-05-10T02:25:14.732891+00:00 [queued]>
[2023-05-10T02:25:17.556+0000] {taskinstance.py:1090} INFO - Dependencies all met for dep_context=requeueable deps ti=<TaskInstance: scrape_and_save_to_csv.scrape_teams_9-16 manual__2023-05-10T02:25:14.732891+00:00 [queued]>
[2023-05-10T02:25:17.565+0000] {taskinstance.py:1288} INFO - 
--------------------------------------------------------------------------------
[2023-05-10T02:25:17.567+0000] {taskinstance.py:1289} INFO - Starting attempt 1 of 1
[2023-05-10T02:25:17.569+0000] {taskinstance.py:1290} INFO - 
--------------------------------------------------------------------------------
[2023-05-10T02:25:17.612+0000] {taskinstance.py:1309} INFO - Executing <Task(PythonOperator): scrape_teams_9-16> on 2023-05-10 02:25:14.732891+00:00
[2023-05-10T02:25:17.642+0000] {standard_task_runner.py:55} INFO - Started process 17567 to run task
[2023-05-10T02:25:17.683+0000] {standard_task_runner.py:82} INFO - Running: ['***', 'tasks', 'run', 'scrape_and_save_to_csv', 'scrape_teams_9-16', 'manual__2023-05-10T02:25:14.732891+00:00', '--job-id', '4018', '--raw', '--subdir', 'DAGS_FOLDER/scrape_and_push_dag.py', '--cfg-path', '/tmp/tmps79vp2cv']
[2023-05-10T02:25:17.692+0000] {standard_task_runner.py:83} INFO - Job 4018: Subtask scrape_teams_9-16
[2023-05-10T02:25:17.940+0000] {task_command.py:389} INFO - Running <TaskInstance: scrape_and_save_to_csv.scrape_teams_9-16 manual__2023-05-10T02:25:14.732891+00:00 [running]> on host f41dbfa3d325
[2023-05-10T02:25:18.042+0000] {warnings.py:110} WARNING - /home/***/.local/lib/python3.7/site-packages/***/utils/context.py:205: AirflowContextDeprecationWarning: Accessing 'execution_date' from the template is deprecated and will be removed in a future version. Please use 'data_interval_start' or 'logical_date' instead.
  warnings.warn(_create_deprecation_warning(key, self._deprecation_replacements[key]))

[2023-05-10T02:25:18.156+0000] {taskinstance.py:1518} INFO - Exporting the following env vars:
AIRFLOW_CTX_DAG_OWNER=***
AIRFLOW_CTX_DAG_ID=scrape_and_save_to_csv
AIRFLOW_CTX_TASK_ID=scrape_teams_9-16
AIRFLOW_CTX_EXECUTION_DATE=2023-05-10T02:25:14.732891+00:00
AIRFLOW_CTX_TRY_NUMBER=1
AIRFLOW_CTX_DAG_RUN_ID=manual__2023-05-10T02:25:14.732891+00:00
[2023-05-10T02:25:19.722+0000] {helpers.py:98} ERROR - type object 'datetime.datetime' has no attribute 'datetime'
[2023-05-10T02:25:19.723+0000] {helpers.py:99} ERROR - Retrying! 9 attempts before skipping!
[2023-05-10T02:25:21.465+0000] {helpers.py:98} ERROR - type object 'datetime.datetime' has no attribute 'datetime'
[2023-05-10T02:25:21.467+0000] {helpers.py:99} ERROR - Retrying! 8 attempts before skipping!
[2023-05-10T02:25:23.228+0000] {helpers.py:98} ERROR - type object 'datetime.datetime' has no attribute 'datetime'
[2023-05-10T02:25:23.230+0000] {helpers.py:99} ERROR - Retrying! 7 attempts before skipping!
[2023-05-10T02:25:25.088+0000] {helpers.py:98} ERROR - type object 'datetime.datetime' has no attribute 'datetime'
[2023-05-10T02:25:25.090+0000] {helpers.py:99} ERROR - Retrying! 6 attempts before skipping!
[2023-05-10T02:25:26.755+0000] {helpers.py:98} ERROR - type object 'datetime.datetime' has no attribute 'datetime'
[2023-05-10T02:25:26.756+0000] {helpers.py:99} ERROR - Retrying! 5 attempts before skipping!
[2023-05-10T02:25:28.560+0000] {helpers.py:98} ERROR - type object 'datetime.datetime' has no attribute 'datetime'
[2023-05-10T02:25:28.562+0000] {helpers.py:99} ERROR - Retrying! 4 attempts before skipping!
[2023-05-10T02:25:30.354+0000] {helpers.py:98} ERROR - type object 'datetime.datetime' has no attribute 'datetime'
[2023-05-10T02:25:30.356+0000] {helpers.py:99} ERROR - Retrying! 3 attempts before skipping!
[2023-05-10T02:25:32.116+0000] {helpers.py:98} ERROR - type object 'datetime.datetime' has no attribute 'datetime'
[2023-05-10T02:25:32.119+0000] {helpers.py:99} ERROR - Retrying! 2 attempts before skipping!
[2023-05-10T02:25:33.822+0000] {helpers.py:98} ERROR - type object 'datetime.datetime' has no attribute 'datetime'
[2023-05-10T02:25:33.825+0000] {helpers.py:99} ERROR - Retrying! 1 attempts before skipping!
[2023-05-10T02:25:35.586+0000] {helpers.py:98} ERROR - type object 'datetime.datetime' has no attribute 'datetime'
[2023-05-10T02:25:35.588+0000] {helpers.py:99} ERROR - Retrying! 0 attempts before skipping!
[2023-05-10T02:25:37.334+0000] {helpers.py:98} ERROR - type object 'datetime.datetime' has no attribute 'datetime'
[2023-05-10T02:25:37.336+0000] {helpers.py:99} ERROR - Retrying! -1 attempts before skipping!
[2023-05-10T02:25:39.099+0000] {helpers.py:98} ERROR - type object 'datetime.datetime' has no attribute 'datetime'
[2023-05-10T02:25:39.101+0000] {helpers.py:99} ERROR - Retrying! 9 attempts before skipping!
[2023-05-10T02:25:40.802+0000] {helpers.py:98} ERROR - type object 'datetime.datetime' has no attribute 'datetime'
[2023-05-10T02:25:40.805+0000] {helpers.py:99} ERROR - Retrying! 8 attempts before skipping!
[2023-05-10T02:25:42.543+0000] {helpers.py:98} ERROR - type object 'datetime.datetime' has no attribute 'datetime'
[2023-05-10T02:25:42.544+0000] {helpers.py:99} ERROR - Retrying! 7 attempts before skipping!
[2023-05-10T02:25:44.369+0000] {helpers.py:98} ERROR - type object 'datetime.datetime' has no attribute 'datetime'
[2023-05-10T02:25:44.370+0000] {helpers.py:99} ERROR - Retrying! 6 attempts before skipping!
[2023-05-10T02:25:46.182+0000] {helpers.py:98} ERROR - type object 'datetime.datetime' has no attribute 'datetime'
[2023-05-10T02:25:46.184+0000] {helpers.py:99} ERROR - Retrying! 5 attempts before skipping!
[2023-05-10T02:25:48.046+0000] {helpers.py:98} ERROR - type object 'datetime.datetime' has no attribute 'datetime'
[2023-05-10T02:25:48.048+0000] {helpers.py:99} ERROR - Retrying! 4 attempts before skipping!
[2023-05-10T02:25:49.803+0000] {helpers.py:98} ERROR - type object 'datetime.datetime' has no attribute 'datetime'
[2023-05-10T02:25:49.804+0000] {helpers.py:99} ERROR - Retrying! 3 attempts before skipping!
[2023-05-10T02:25:51.748+0000] {helpers.py:98} ERROR - type object 'datetime.datetime' has no attribute 'datetime'
[2023-05-10T02:25:51.750+0000] {helpers.py:99} ERROR - Retrying! 2 attempts before skipping!
[2023-05-10T02:25:55.965+0000] {helpers.py:98} ERROR - type object 'datetime.datetime' has no attribute 'datetime'
[2023-05-10T02:25:55.967+0000] {helpers.py:99} ERROR - Retrying! 1 attempts before skipping!
[2023-05-10T02:26:01.895+0000] {helpers.py:98} ERROR - type object 'datetime.datetime' has no attribute 'datetime'
[2023-05-10T02:26:01.900+0000] {helpers.py:99} ERROR - Retrying! 0 attempts before skipping!
[2023-05-10T02:26:08.497+0000] {helpers.py:98} ERROR - type object 'datetime.datetime' has no attribute 'datetime'
[2023-05-10T02:26:08.499+0000] {helpers.py:99} ERROR - Retrying! -1 attempts before skipping!
[2023-05-10T02:26:16.280+0000] {helpers.py:98} ERROR - type object 'datetime.datetime' has no attribute 'datetime'
[2023-05-10T02:26:16.281+0000] {helpers.py:99} ERROR - Retrying! 9 attempts before skipping!
[2023-05-10T02:26:24.103+0000] {helpers.py:98} ERROR - type object 'datetime.datetime' has no attribute 'datetime'
[2023-05-10T02:26:24.105+0000] {helpers.py:99} ERROR - Retrying! 8 attempts before skipping!
[2023-05-10T02:26:31.900+0000] {helpers.py:98} ERROR - type object 'datetime.datetime' has no attribute 'datetime'
[2023-05-10T02:26:31.901+0000] {helpers.py:99} ERROR - Retrying! 7 attempts before skipping!
[2023-05-10T02:26:39.586+0000] {helpers.py:98} ERROR - type object 'datetime.datetime' has no attribute 'datetime'
[2023-05-10T02:26:39.591+0000] {helpers.py:99} ERROR - Retrying! 6 attempts before skipping!
[2023-05-10T02:26:47.312+0000] {helpers.py:98} ERROR - type object 'datetime.datetime' has no attribute 'datetime'
[2023-05-10T02:26:47.315+0000] {helpers.py:99} ERROR - Retrying! 5 attempts before skipping!
[2023-05-10T02:26:55.468+0000] {helpers.py:98} ERROR - type object 'datetime.datetime' has no attribute 'datetime'
[2023-05-10T02:26:55.470+0000] {helpers.py:99} ERROR - Retrying! 4 attempts before skipping!
[2023-05-10T02:26:58.583+0000] {local_task_job.py:277} WARNING - State of this instance has been externally set to failed. Terminating instance.
[2023-05-10T02:26:58.589+0000] {process_utils.py:133} INFO - Sending Signals.SIGTERM to group 17567. PIDs of all processes in the group: [17567]
[2023-05-10T02:26:58.590+0000] {process_utils.py:84} INFO - Sending the signal Signals.SIGTERM to group 17567
[2023-05-10T02:26:58.595+0000] {taskinstance.py:1488} ERROR - Received SIGTERM. Terminating subprocesses.
[2023-05-10T02:26:58.596+0000] {helpers.py:98} ERROR - Task received SIGTERM signal
[2023-05-10T02:26:58.597+0000] {helpers.py:99} ERROR - Retrying! 3 attempts before skipping!
[2023-05-10T02:27:03.693+0000] {helpers.py:98} ERROR - type object 'datetime.datetime' has no attribute 'datetime'
[2023-05-10T02:27:03.696+0000] {helpers.py:99} ERROR - Retrying! 2 attempts before skipping!
[2023-05-10T02:27:11.507+0000] {helpers.py:98} ERROR - type object 'datetime.datetime' has no attribute 'datetime'
[2023-05-10T02:27:11.509+0000] {helpers.py:99} ERROR - Retrying! 1 attempts before skipping!
[2023-05-10T02:27:19.365+0000] {helpers.py:98} ERROR - type object 'datetime.datetime' has no attribute 'datetime'
[2023-05-10T02:27:19.366+0000] {helpers.py:99} ERROR - Retrying! 0 attempts before skipping!
[2023-05-10T02:27:26.670+0000] {helpers.py:98} ERROR - type object 'datetime.datetime' has no attribute 'datetime'
[2023-05-10T02:27:26.672+0000] {helpers.py:99} ERROR - Retrying! -1 attempts before skipping!
[2023-05-10T02:27:34.012+0000] {helpers.py:98} ERROR - type object 'datetime.datetime' has no attribute 'datetime'
[2023-05-10T02:27:34.015+0000] {helpers.py:99} ERROR - Retrying! 9 attempts before skipping!
[2023-05-10T02:27:41.060+0000] {helpers.py:98} ERROR - type object 'datetime.datetime' has no attribute 'datetime'
[2023-05-10T02:27:41.061+0000] {helpers.py:99} ERROR - Retrying! 8 attempts before skipping!
[2023-05-10T02:27:47.718+0000] {helpers.py:98} ERROR - type object 'datetime.datetime' has no attribute 'datetime'
[2023-05-10T02:27:47.720+0000] {helpers.py:99} ERROR - Retrying! 7 attempts before skipping!
[2023-05-10T02:27:54.361+0000] {helpers.py:98} ERROR - type object 'datetime.datetime' has no attribute 'datetime'
[2023-05-10T02:27:54.363+0000] {helpers.py:99} ERROR - Retrying! 6 attempts before skipping!
[2023-05-10T02:27:58.595+0000] {process_utils.py:147} WARNING - process psutil.Process(pid=17567, name='airflow task ru', status='sleeping', started='02:25:17') did not respond to SIGTERM. Trying SIGKILL
[2023-05-10T02:27:58.610+0000] {process_utils.py:84} INFO - Sending the signal Signals.SIGKILL to group 17567
[2023-05-10T02:27:58.858+0000] {process_utils.py:79} INFO - Process psutil.Process(pid=17567, name='airflow task ru', status='terminated', exitcode=<Negsignal.SIGKILL: -9>, started='02:25:17') (17567) terminated with exit code Negsignal.SIGKILL
[2023-05-10T02:27:58.860+0000] {standard_task_runner.py:170} ERROR - Job 4018 was killed before it finished (likely due to running out of memory)
