[2023-05-07T03:19:47.929+0000] {taskinstance.py:1090} INFO - Dependencies all met for dep_context=non-requeueable deps ti=<TaskInstance: scrape_and_save_to_csv.scrape_teams_17-24 scheduled__2022-05-01T18:00:00+00:00 [queued]>
[2023-05-07T03:19:47.946+0000] {taskinstance.py:1090} INFO - Dependencies all met for dep_context=requeueable deps ti=<TaskInstance: scrape_and_save_to_csv.scrape_teams_17-24 scheduled__2022-05-01T18:00:00+00:00 [queued]>
[2023-05-07T03:19:47.948+0000] {taskinstance.py:1288} INFO - 
--------------------------------------------------------------------------------
[2023-05-07T03:19:47.949+0000] {taskinstance.py:1289} INFO - Starting attempt 1 of 1
[2023-05-07T03:19:47.950+0000] {taskinstance.py:1290} INFO - 
--------------------------------------------------------------------------------
[2023-05-07T03:19:47.962+0000] {taskinstance.py:1309} INFO - Executing <Task(PythonOperator): scrape_teams_17-24> on 2022-05-01 18:00:00+00:00
[2023-05-07T03:19:47.983+0000] {standard_task_runner.py:55} INFO - Started process 1268 to run task
[2023-05-07T03:19:47.989+0000] {standard_task_runner.py:82} INFO - Running: ['***', 'tasks', 'run', 'scrape_and_save_to_csv', 'scrape_teams_17-24', 'scheduled__2022-05-01T18:00:00+00:00', '--job-id', '2728', '--raw', '--subdir', 'DAGS_FOLDER/scrape_and_push_dag.py', '--cfg-path', '/tmp/tmpzlfizj2w']
[2023-05-07T03:19:47.996+0000] {standard_task_runner.py:83} INFO - Job 2728: Subtask scrape_teams_17-24
[2023-05-07T03:19:48.085+0000] {task_command.py:389} INFO - Running <TaskInstance: scrape_and_save_to_csv.scrape_teams_17-24 scheduled__2022-05-01T18:00:00+00:00 [running]> on host 6589836e9c08
[2023-05-07T03:19:48.161+0000] {taskinstance.py:1518} INFO - Exporting the following env vars:
AIRFLOW_CTX_DAG_OWNER=***
AIRFLOW_CTX_DAG_ID=scrape_and_save_to_csv
AIRFLOW_CTX_TASK_ID=scrape_teams_17-24
AIRFLOW_CTX_EXECUTION_DATE=2022-05-01T18:00:00+00:00
AIRFLOW_CTX_TRY_NUMBER=1
AIRFLOW_CTX_DAG_RUN_ID=scheduled__2022-05-01T18:00:00+00:00
[2023-05-07T03:19:48.165+0000] {taskinstance.py:1776} ERROR - Task failed with exception
Traceback (most recent call last):
  File "/home/airflow/.local/lib/python3.7/site-packages/airflow/operators/python.py", line 175, in execute
    return_value = self.execute_callable()
  File "/home/airflow/.local/lib/python3.7/site-packages/airflow/operators/python.py", line 192, in execute_callable
    return self.python_callable(*self.op_args, **self.op_kwargs)
TypeError: scrape_and_save() missing 1 required positional argument: 'current_date'
[2023-05-07T03:19:48.178+0000] {taskinstance.py:1332} INFO - Marking task as FAILED. dag_id=scrape_and_save_to_csv, task_id=scrape_teams_17-24, execution_date=20220501T180000, start_date=20230507T031947, end_date=20230507T031948
[2023-05-07T03:19:48.190+0000] {standard_task_runner.py:105} ERROR - Failed to execute job 2728 for task scrape_teams_17-24 (scrape_and_save() missing 1 required positional argument: 'current_date'; 1268)
[2023-05-07T03:19:48.241+0000] {local_task_job.py:212} INFO - Task exited with return code 1
[2023-05-07T03:19:48.306+0000] {taskinstance.py:2596} INFO - 0 downstream tasks scheduled from follow-on schedule check
[2023-05-07T15:57:53.532+0000] {taskinstance.py:1090} INFO - Dependencies all met for dep_context=non-requeueable deps ti=<TaskInstance: scrape_and_save_to_csv.scrape_teams_17-24 scheduled__2022-05-01T18:00:00+00:00 [queued]>
[2023-05-07T15:57:53.561+0000] {taskinstance.py:1090} INFO - Dependencies all met for dep_context=requeueable deps ti=<TaskInstance: scrape_and_save_to_csv.scrape_teams_17-24 scheduled__2022-05-01T18:00:00+00:00 [queued]>
[2023-05-07T15:57:53.574+0000] {taskinstance.py:1288} INFO - 
--------------------------------------------------------------------------------
[2023-05-07T15:57:53.576+0000] {taskinstance.py:1289} INFO - Starting attempt 1 of 1
[2023-05-07T15:57:53.577+0000] {taskinstance.py:1290} INFO - 
--------------------------------------------------------------------------------
[2023-05-07T15:57:53.596+0000] {taskinstance.py:1309} INFO - Executing <Task(PythonOperator): scrape_teams_17-24> on 2022-05-01 18:00:00+00:00
[2023-05-07T15:57:53.607+0000] {standard_task_runner.py:55} INFO - Started process 4431 to run task
[2023-05-07T15:57:53.616+0000] {standard_task_runner.py:82} INFO - Running: ['***', 'tasks', 'run', 'scrape_and_save_to_csv', 'scrape_teams_17-24', 'scheduled__2022-05-01T18:00:00+00:00', '--job-id', '3062', '--raw', '--subdir', 'DAGS_FOLDER/scrape_and_push_dag.py', '--cfg-path', '/tmp/tmpecwlo8p5']
[2023-05-07T15:57:53.621+0000] {standard_task_runner.py:83} INFO - Job 3062: Subtask scrape_teams_17-24
[2023-05-07T15:57:53.792+0000] {task_command.py:389} INFO - Running <TaskInstance: scrape_and_save_to_csv.scrape_teams_17-24 scheduled__2022-05-01T18:00:00+00:00 [running]> on host 6589836e9c08
[2023-05-07T15:57:53.827+0000] {warnings.py:110} WARNING - /home/***/.local/lib/python3.7/site-packages/***/utils/context.py:205: AirflowContextDeprecationWarning: Accessing 'execution_date' from the template is deprecated and will be removed in a future version. Please use 'data_interval_start' or 'logical_date' instead.
  warnings.warn(_create_deprecation_warning(key, self._deprecation_replacements[key]))

[2023-05-07T15:57:53.865+0000] {taskinstance.py:1518} INFO - Exporting the following env vars:
AIRFLOW_CTX_DAG_OWNER=***
AIRFLOW_CTX_DAG_ID=scrape_and_save_to_csv
AIRFLOW_CTX_TASK_ID=scrape_teams_17-24
AIRFLOW_CTX_EXECUTION_DATE=2022-05-01T18:00:00+00:00
AIRFLOW_CTX_TRY_NUMBER=1
AIRFLOW_CTX_DAG_RUN_ID=scheduled__2022-05-01T18:00:00+00:00
[2023-05-07T15:57:54.135+0000] {logging_mixin.py:137} INFO - Expecting value: line 1 column 1 (char 0)
[2023-05-07T15:57:54.137+0000] {helpers.py:93} ERROR - Expecting value: line 1 column 1 (char 0)
[2023-05-07T15:57:54.139+0000] {helpers.py:94} ERROR - Retrying! 9 attempts before skipping!
[2023-05-07T15:57:55.507+0000] {logging_mixin.py:137} INFO - Expecting value: line 1 column 1 (char 0)
[2023-05-07T15:57:55.518+0000] {helpers.py:93} ERROR - Expecting value: line 1 column 1 (char 0)
[2023-05-07T15:57:55.523+0000] {helpers.py:94} ERROR - Retrying! 8 attempts before skipping!
[2023-05-07T15:57:56.720+0000] {logging_mixin.py:137} INFO - Expecting value: line 1 column 1 (char 0)
[2023-05-07T15:57:56.722+0000] {helpers.py:93} ERROR - Expecting value: line 1 column 1 (char 0)
[2023-05-07T15:57:56.723+0000] {helpers.py:94} ERROR - Retrying! 7 attempts before skipping!
[2023-05-07T15:57:58.024+0000] {logging_mixin.py:137} INFO - Expecting value: line 1 column 1 (char 0)
[2023-05-07T15:57:58.028+0000] {helpers.py:93} ERROR - Expecting value: line 1 column 1 (char 0)
[2023-05-07T15:57:58.030+0000] {helpers.py:94} ERROR - Retrying! 6 attempts before skipping!
[2023-05-07T15:57:59.181+0000] {logging_mixin.py:137} INFO - Expecting value: line 1 column 1 (char 0)
[2023-05-07T15:57:59.181+0000] {helpers.py:93} ERROR - Expecting value: line 1 column 1 (char 0)
[2023-05-07T15:57:59.182+0000] {helpers.py:94} ERROR - Retrying! 5 attempts before skipping!
[2023-05-07T15:58:00.464+0000] {logging_mixin.py:137} INFO - Expecting value: line 1 column 1 (char 0)
[2023-05-07T15:58:00.466+0000] {helpers.py:93} ERROR - Expecting value: line 1 column 1 (char 0)
[2023-05-07T15:58:00.468+0000] {helpers.py:94} ERROR - Retrying! 4 attempts before skipping!
[2023-05-07T15:58:01.629+0000] {logging_mixin.py:137} INFO - Expecting value: line 1 column 1 (char 0)
[2023-05-07T15:58:01.630+0000] {helpers.py:93} ERROR - Expecting value: line 1 column 1 (char 0)
[2023-05-07T15:58:01.631+0000] {helpers.py:94} ERROR - Retrying! 3 attempts before skipping!
[2023-05-07T15:58:02.897+0000] {logging_mixin.py:137} INFO - Expecting value: line 1 column 1 (char 0)
[2023-05-07T15:58:02.898+0000] {helpers.py:93} ERROR - Expecting value: line 1 column 1 (char 0)
[2023-05-07T15:58:02.899+0000] {helpers.py:94} ERROR - Retrying! 2 attempts before skipping!
[2023-05-07T15:58:04.049+0000] {logging_mixin.py:137} INFO - Expecting value: line 1 column 1 (char 0)
[2023-05-07T15:58:04.051+0000] {helpers.py:93} ERROR - Expecting value: line 1 column 1 (char 0)
[2023-05-07T15:58:04.052+0000] {helpers.py:94} ERROR - Retrying! 1 attempts before skipping!
[2023-05-07T15:58:05.365+0000] {logging_mixin.py:137} INFO - Expecting value: line 1 column 1 (char 0)
[2023-05-07T15:58:05.377+0000] {helpers.py:93} ERROR - Expecting value: line 1 column 1 (char 0)
[2023-05-07T15:58:05.378+0000] {helpers.py:94} ERROR - Retrying! 0 attempts before skipping!
[2023-05-07T15:58:06.626+0000] {logging_mixin.py:137} INFO - Expecting value: line 1 column 1 (char 0)
[2023-05-07T15:58:06.627+0000] {helpers.py:93} ERROR - Expecting value: line 1 column 1 (char 0)
[2023-05-07T15:58:06.628+0000] {helpers.py:94} ERROR - Retrying! -1 attempts before skipping!
[2023-05-07T15:58:08.003+0000] {logging_mixin.py:137} INFO - Expecting value: line 1 column 1 (char 0)
[2023-05-07T15:58:08.004+0000] {helpers.py:93} ERROR - Expecting value: line 1 column 1 (char 0)
[2023-05-07T15:58:08.006+0000] {helpers.py:94} ERROR - Retrying! 9 attempts before skipping!
[2023-05-07T15:58:09.151+0000] {logging_mixin.py:137} INFO - Expecting value: line 1 column 1 (char 0)
[2023-05-07T15:58:09.154+0000] {helpers.py:93} ERROR - Expecting value: line 1 column 1 (char 0)
[2023-05-07T15:58:09.156+0000] {helpers.py:94} ERROR - Retrying! 8 attempts before skipping!
[2023-05-07T15:58:10.482+0000] {logging_mixin.py:137} INFO - Expecting value: line 1 column 1 (char 0)
[2023-05-07T15:58:10.483+0000] {helpers.py:93} ERROR - Expecting value: line 1 column 1 (char 0)
[2023-05-07T15:58:10.484+0000] {helpers.py:94} ERROR - Retrying! 7 attempts before skipping!
[2023-05-07T15:58:11.736+0000] {logging_mixin.py:137} INFO - Expecting value: line 1 column 1 (char 0)
[2023-05-07T15:58:11.738+0000] {helpers.py:93} ERROR - Expecting value: line 1 column 1 (char 0)
[2023-05-07T15:58:11.739+0000] {helpers.py:94} ERROR - Retrying! 6 attempts before skipping!
[2023-05-07T15:58:12.897+0000] {logging_mixin.py:137} INFO - Expecting value: line 1 column 1 (char 0)
[2023-05-07T15:58:12.899+0000] {helpers.py:93} ERROR - Expecting value: line 1 column 1 (char 0)
[2023-05-07T15:58:12.901+0000] {helpers.py:94} ERROR - Retrying! 5 attempts before skipping!
[2023-05-07T15:58:14.145+0000] {logging_mixin.py:137} INFO - Expecting value: line 1 column 1 (char 0)
[2023-05-07T15:58:14.146+0000] {helpers.py:93} ERROR - Expecting value: line 1 column 1 (char 0)
[2023-05-07T15:58:14.147+0000] {helpers.py:94} ERROR - Retrying! 4 attempts before skipping!
[2023-05-07T15:58:15.394+0000] {logging_mixin.py:137} INFO - Expecting value: line 1 column 1 (char 0)
[2023-05-07T15:58:15.396+0000] {helpers.py:93} ERROR - Expecting value: line 1 column 1 (char 0)
[2023-05-07T15:58:15.397+0000] {helpers.py:94} ERROR - Retrying! 3 attempts before skipping!
[2023-05-07T15:58:16.748+0000] {logging_mixin.py:137} INFO - Expecting value: line 1 column 1 (char 0)
[2023-05-07T15:58:16.755+0000] {helpers.py:93} ERROR - Expecting value: line 1 column 1 (char 0)
[2023-05-07T15:58:16.756+0000] {helpers.py:94} ERROR - Retrying! 2 attempts before skipping!
[2023-05-07T15:58:17.904+0000] {logging_mixin.py:137} INFO - Expecting value: line 1 column 1 (char 0)
[2023-05-07T15:58:17.905+0000] {helpers.py:93} ERROR - Expecting value: line 1 column 1 (char 0)
[2023-05-07T15:58:17.907+0000] {helpers.py:94} ERROR - Retrying! 1 attempts before skipping!
[2023-05-07T15:58:19.106+0000] {logging_mixin.py:137} INFO - Expecting value: line 1 column 1 (char 0)
[2023-05-07T15:58:19.108+0000] {helpers.py:93} ERROR - Expecting value: line 1 column 1 (char 0)
[2023-05-07T15:58:19.109+0000] {helpers.py:94} ERROR - Retrying! 0 attempts before skipping!
[2023-05-07T15:58:20.518+0000] {logging_mixin.py:137} INFO - Expecting value: line 1 column 1 (char 0)
[2023-05-07T15:58:20.520+0000] {helpers.py:93} ERROR - Expecting value: line 1 column 1 (char 0)
[2023-05-07T15:58:20.521+0000] {helpers.py:94} ERROR - Retrying! -1 attempts before skipping!
[2023-05-07T15:58:21.850+0000] {logging_mixin.py:137} INFO - Expecting value: line 1 column 1 (char 0)
[2023-05-07T15:58:21.851+0000] {helpers.py:93} ERROR - Expecting value: line 1 column 1 (char 0)
[2023-05-07T15:58:21.852+0000] {helpers.py:94} ERROR - Retrying! 9 attempts before skipping!
[2023-05-07T15:58:22.998+0000] {logging_mixin.py:137} INFO - Expecting value: line 1 column 1 (char 0)
[2023-05-07T15:58:23.000+0000] {helpers.py:93} ERROR - Expecting value: line 1 column 1 (char 0)
[2023-05-07T15:58:23.001+0000] {helpers.py:94} ERROR - Retrying! 8 attempts before skipping!
[2023-05-07T15:58:24.235+0000] {logging_mixin.py:137} INFO - Expecting value: line 1 column 1 (char 0)
[2023-05-07T15:58:24.236+0000] {helpers.py:93} ERROR - Expecting value: line 1 column 1 (char 0)
[2023-05-07T15:58:24.237+0000] {helpers.py:94} ERROR - Retrying! 7 attempts before skipping!
[2023-05-07T15:58:25.384+0000] {logging_mixin.py:137} INFO - Expecting value: line 1 column 1 (char 0)
[2023-05-07T15:58:25.386+0000] {helpers.py:93} ERROR - Expecting value: line 1 column 1 (char 0)
[2023-05-07T15:58:25.387+0000] {helpers.py:94} ERROR - Retrying! 6 attempts before skipping!
[2023-05-07T15:58:26.668+0000] {logging_mixin.py:137} INFO - Expecting value: line 1 column 1 (char 0)
[2023-05-07T15:58:26.669+0000] {helpers.py:93} ERROR - Expecting value: line 1 column 1 (char 0)
[2023-05-07T15:58:26.670+0000] {helpers.py:94} ERROR - Retrying! 5 attempts before skipping!
[2023-05-07T15:58:27.823+0000] {logging_mixin.py:137} INFO - Expecting value: line 1 column 1 (char 0)
[2023-05-07T15:58:27.824+0000] {helpers.py:93} ERROR - Expecting value: line 1 column 1 (char 0)
[2023-05-07T15:58:27.825+0000] {helpers.py:94} ERROR - Retrying! 4 attempts before skipping!
[2023-05-07T15:58:29.076+0000] {logging_mixin.py:137} INFO - Expecting value: line 1 column 1 (char 0)
[2023-05-07T15:58:29.077+0000] {helpers.py:93} ERROR - Expecting value: line 1 column 1 (char 0)
[2023-05-07T15:58:29.078+0000] {helpers.py:94} ERROR - Retrying! 3 attempts before skipping!
[2023-05-07T15:58:30.251+0000] {logging_mixin.py:137} INFO - Expecting value: line 1 column 1 (char 0)
[2023-05-07T15:58:30.261+0000] {helpers.py:93} ERROR - Expecting value: line 1 column 1 (char 0)
[2023-05-07T15:58:30.263+0000] {helpers.py:94} ERROR - Retrying! 2 attempts before skipping!
[2023-05-07T15:58:31.756+0000] {logging_mixin.py:137} INFO - Expecting value: line 1 column 1 (char 0)
[2023-05-07T15:58:31.757+0000] {helpers.py:93} ERROR - Expecting value: line 1 column 1 (char 0)
[2023-05-07T15:58:31.759+0000] {helpers.py:94} ERROR - Retrying! 1 attempts before skipping!
[2023-05-07T15:58:32.929+0000] {logging_mixin.py:137} INFO - Expecting value: line 1 column 1 (char 0)
[2023-05-07T15:58:32.938+0000] {helpers.py:93} ERROR - Expecting value: line 1 column 1 (char 0)
[2023-05-07T15:58:32.939+0000] {helpers.py:94} ERROR - Retrying! 0 attempts before skipping!
[2023-05-07T15:58:34.094+0000] {logging_mixin.py:137} INFO - Expecting value: line 1 column 1 (char 0)
[2023-05-07T15:58:34.097+0000] {helpers.py:93} ERROR - Expecting value: line 1 column 1 (char 0)
[2023-05-07T15:58:34.098+0000] {helpers.py:94} ERROR - Retrying! -1 attempts before skipping!
[2023-05-07T15:58:35.278+0000] {logging_mixin.py:137} INFO - Expecting value: line 1 column 1 (char 0)
[2023-05-07T15:58:35.281+0000] {helpers.py:93} ERROR - Expecting value: line 1 column 1 (char 0)
[2023-05-07T15:58:35.283+0000] {helpers.py:94} ERROR - Retrying! 9 attempts before skipping!
[2023-05-07T15:58:36.445+0000] {logging_mixin.py:137} INFO - Expecting value: line 1 column 1 (char 0)
[2023-05-07T15:58:36.447+0000] {helpers.py:93} ERROR - Expecting value: line 1 column 1 (char 0)
[2023-05-07T15:58:36.448+0000] {helpers.py:94} ERROR - Retrying! 8 attempts before skipping!
[2023-05-07T15:58:37.735+0000] {logging_mixin.py:137} INFO - Expecting value: line 1 column 1 (char 0)
[2023-05-07T15:58:37.736+0000] {helpers.py:93} ERROR - Expecting value: line 1 column 1 (char 0)
[2023-05-07T15:58:37.737+0000] {helpers.py:94} ERROR - Retrying! 7 attempts before skipping!
[2023-05-07T15:58:38.895+0000] {logging_mixin.py:137} INFO - Expecting value: line 1 column 1 (char 0)
[2023-05-07T15:58:38.896+0000] {helpers.py:93} ERROR - Expecting value: line 1 column 1 (char 0)
[2023-05-07T15:58:38.897+0000] {helpers.py:94} ERROR - Retrying! 6 attempts before skipping!
[2023-05-07T15:58:40.261+0000] {logging_mixin.py:137} INFO - Expecting value: line 1 column 1 (char 0)
[2023-05-07T15:58:40.263+0000] {helpers.py:93} ERROR - Expecting value: line 1 column 1 (char 0)
[2023-05-07T15:58:40.264+0000] {helpers.py:94} ERROR - Retrying! 5 attempts before skipping!
[2023-05-07T15:58:41.409+0000] {logging_mixin.py:137} INFO - Expecting value: line 1 column 1 (char 0)
[2023-05-07T15:58:41.411+0000] {helpers.py:93} ERROR - Expecting value: line 1 column 1 (char 0)
[2023-05-07T15:58:41.412+0000] {helpers.py:94} ERROR - Retrying! 4 attempts before skipping!
[2023-05-07T15:58:42.670+0000] {logging_mixin.py:137} INFO - Expecting value: line 1 column 1 (char 0)
[2023-05-07T15:58:42.683+0000] {helpers.py:93} ERROR - Expecting value: line 1 column 1 (char 0)
[2023-05-07T15:58:42.684+0000] {helpers.py:94} ERROR - Retrying! 3 attempts before skipping!
[2023-05-07T15:58:43.873+0000] {logging_mixin.py:137} INFO - Expecting value: line 1 column 1 (char 0)
[2023-05-07T15:58:43.874+0000] {helpers.py:93} ERROR - Expecting value: line 1 column 1 (char 0)
[2023-05-07T15:58:43.875+0000] {helpers.py:94} ERROR - Retrying! 2 attempts before skipping!
[2023-05-07T15:58:45.030+0000] {logging_mixin.py:137} INFO - Expecting value: line 1 column 1 (char 0)
[2023-05-07T15:58:45.032+0000] {helpers.py:93} ERROR - Expecting value: line 1 column 1 (char 0)
[2023-05-07T15:58:45.035+0000] {helpers.py:94} ERROR - Retrying! 1 attempts before skipping!
[2023-05-07T15:58:46.195+0000] {logging_mixin.py:137} INFO - Expecting value: line 1 column 1 (char 0)
[2023-05-07T15:58:46.197+0000] {helpers.py:93} ERROR - Expecting value: line 1 column 1 (char 0)
[2023-05-07T15:58:46.203+0000] {helpers.py:94} ERROR - Retrying! 0 attempts before skipping!
[2023-05-07T15:58:47.700+0000] {logging_mixin.py:137} INFO - Expecting value: line 1 column 1 (char 0)
[2023-05-07T15:58:47.702+0000] {helpers.py:93} ERROR - Expecting value: line 1 column 1 (char 0)
[2023-05-07T15:58:47.704+0000] {helpers.py:94} ERROR - Retrying! -1 attempts before skipping!
[2023-05-07T15:58:48.867+0000] {logging_mixin.py:137} INFO - Expecting value: line 1 column 1 (char 0)
[2023-05-07T15:58:48.868+0000] {helpers.py:93} ERROR - Expecting value: line 1 column 1 (char 0)
[2023-05-07T15:58:48.869+0000] {helpers.py:94} ERROR - Retrying! 9 attempts before skipping!
[2023-05-07T15:58:50.302+0000] {logging_mixin.py:137} INFO - Expecting value: line 1 column 1 (char 0)
[2023-05-07T15:58:50.305+0000] {helpers.py:93} ERROR - Expecting value: line 1 column 1 (char 0)
[2023-05-07T15:58:50.307+0000] {helpers.py:94} ERROR - Retrying! 8 attempts before skipping!
[2023-05-07T15:58:51.746+0000] {logging_mixin.py:137} INFO - Expecting value: line 1 column 1 (char 0)
[2023-05-07T15:58:51.748+0000] {helpers.py:93} ERROR - Expecting value: line 1 column 1 (char 0)
[2023-05-07T15:58:51.750+0000] {helpers.py:94} ERROR - Retrying! 7 attempts before skipping!
[2023-05-07T15:58:52.907+0000] {logging_mixin.py:137} INFO - Expecting value: line 1 column 1 (char 0)
[2023-05-07T15:58:52.909+0000] {helpers.py:93} ERROR - Expecting value: line 1 column 1 (char 0)
[2023-05-07T15:58:52.911+0000] {helpers.py:94} ERROR - Retrying! 6 attempts before skipping!
[2023-05-07T15:58:54.078+0000] {logging_mixin.py:137} INFO - Expecting value: line 1 column 1 (char 0)
[2023-05-07T15:58:54.079+0000] {helpers.py:93} ERROR - Expecting value: line 1 column 1 (char 0)
[2023-05-07T15:58:54.092+0000] {helpers.py:94} ERROR - Retrying! 5 attempts before skipping!
[2023-05-07T15:58:55.244+0000] {logging_mixin.py:137} INFO - Expecting value: line 1 column 1 (char 0)
[2023-05-07T15:58:55.247+0000] {helpers.py:93} ERROR - Expecting value: line 1 column 1 (char 0)
[2023-05-07T15:58:55.251+0000] {helpers.py:94} ERROR - Retrying! 4 attempts before skipping!
[2023-05-07T15:58:56.414+0000] {logging_mixin.py:137} INFO - Expecting value: line 1 column 1 (char 0)
[2023-05-07T15:58:56.415+0000] {helpers.py:93} ERROR - Expecting value: line 1 column 1 (char 0)
[2023-05-07T15:58:56.417+0000] {helpers.py:94} ERROR - Retrying! 3 attempts before skipping!
[2023-05-07T15:58:57.765+0000] {logging_mixin.py:137} INFO - Expecting value: line 1 column 1 (char 0)
[2023-05-07T15:58:57.766+0000] {helpers.py:93} ERROR - Expecting value: line 1 column 1 (char 0)
[2023-05-07T15:58:57.767+0000] {helpers.py:94} ERROR - Retrying! 2 attempts before skipping!
[2023-05-07T15:58:58.953+0000] {logging_mixin.py:137} INFO - Expecting value: line 1 column 1 (char 0)
[2023-05-07T15:58:58.955+0000] {helpers.py:93} ERROR - Expecting value: line 1 column 1 (char 0)
[2023-05-07T15:58:58.957+0000] {helpers.py:94} ERROR - Retrying! 1 attempts before skipping!
[2023-05-07T15:59:00.106+0000] {logging_mixin.py:137} INFO - Expecting value: line 1 column 1 (char 0)
[2023-05-07T15:59:00.108+0000] {helpers.py:93} ERROR - Expecting value: line 1 column 1 (char 0)
[2023-05-07T15:59:00.109+0000] {helpers.py:94} ERROR - Retrying! 0 attempts before skipping!
[2023-05-07T15:59:01.531+0000] {logging_mixin.py:137} INFO - Expecting value: line 1 column 1 (char 0)
[2023-05-07T15:59:01.532+0000] {helpers.py:93} ERROR - Expecting value: line 1 column 1 (char 0)
[2023-05-07T15:59:01.535+0000] {helpers.py:94} ERROR - Retrying! -1 attempts before skipping!
[2023-05-07T15:59:02.912+0000] {logging_mixin.py:137} INFO - Expecting value: line 1 column 1 (char 0)
[2023-05-07T15:59:02.915+0000] {helpers.py:93} ERROR - Expecting value: line 1 column 1 (char 0)
[2023-05-07T15:59:02.918+0000] {helpers.py:94} ERROR - Retrying! 9 attempts before skipping!
[2023-05-07T15:59:04.113+0000] {logging_mixin.py:137} INFO - Expecting value: line 1 column 1 (char 0)
[2023-05-07T15:59:04.115+0000] {helpers.py:93} ERROR - Expecting value: line 1 column 1 (char 0)
[2023-05-07T15:59:04.116+0000] {helpers.py:94} ERROR - Retrying! 8 attempts before skipping!
[2023-05-07T15:59:05.284+0000] {logging_mixin.py:137} INFO - Expecting value: line 1 column 1 (char 0)
[2023-05-07T15:59:05.286+0000] {helpers.py:93} ERROR - Expecting value: line 1 column 1 (char 0)
[2023-05-07T15:59:05.288+0000] {helpers.py:94} ERROR - Retrying! 7 attempts before skipping!
[2023-05-07T15:59:06.445+0000] {logging_mixin.py:137} INFO - Expecting value: line 1 column 1 (char 0)
[2023-05-07T15:59:06.450+0000] {helpers.py:93} ERROR - Expecting value: line 1 column 1 (char 0)
[2023-05-07T15:59:06.452+0000] {helpers.py:94} ERROR - Retrying! 6 attempts before skipping!
[2023-05-07T15:59:07.771+0000] {logging_mixin.py:137} INFO - Expecting value: line 1 column 1 (char 0)
[2023-05-07T15:59:07.773+0000] {helpers.py:93} ERROR - Expecting value: line 1 column 1 (char 0)
[2023-05-07T15:59:07.775+0000] {helpers.py:94} ERROR - Retrying! 5 attempts before skipping!
[2023-05-07T15:59:08.964+0000] {logging_mixin.py:137} INFO - Expecting value: line 1 column 1 (char 0)
[2023-05-07T15:59:08.966+0000] {helpers.py:93} ERROR - Expecting value: line 1 column 1 (char 0)
[2023-05-07T15:59:08.968+0000] {helpers.py:94} ERROR - Retrying! 4 attempts before skipping!
[2023-05-07T15:59:10.142+0000] {logging_mixin.py:137} INFO - Expecting value: line 1 column 1 (char 0)
[2023-05-07T15:59:10.143+0000] {helpers.py:93} ERROR - Expecting value: line 1 column 1 (char 0)
[2023-05-07T15:59:10.146+0000] {helpers.py:94} ERROR - Retrying! 3 attempts before skipping!
[2023-05-07T15:59:11.501+0000] {logging_mixin.py:137} INFO - Expecting value: line 1 column 1 (char 0)
[2023-05-07T15:59:11.501+0000] {helpers.py:93} ERROR - Expecting value: line 1 column 1 (char 0)
[2023-05-07T15:59:11.502+0000] {helpers.py:94} ERROR - Retrying! 2 attempts before skipping!
[2023-05-07T15:59:12.652+0000] {logging_mixin.py:137} INFO - Expecting value: line 1 column 1 (char 0)
[2023-05-07T15:59:12.661+0000] {helpers.py:93} ERROR - Expecting value: line 1 column 1 (char 0)
[2023-05-07T15:59:12.663+0000] {helpers.py:94} ERROR - Retrying! 1 attempts before skipping!
[2023-05-07T15:59:13.945+0000] {logging_mixin.py:137} INFO - Expecting value: line 1 column 1 (char 0)
[2023-05-07T15:59:13.946+0000] {helpers.py:93} ERROR - Expecting value: line 1 column 1 (char 0)
[2023-05-07T15:59:13.947+0000] {helpers.py:94} ERROR - Retrying! 0 attempts before skipping!
[2023-05-07T15:59:15.138+0000] {logging_mixin.py:137} INFO - Expecting value: line 1 column 1 (char 0)
[2023-05-07T15:59:15.139+0000] {helpers.py:93} ERROR - Expecting value: line 1 column 1 (char 0)
[2023-05-07T15:59:15.140+0000] {helpers.py:94} ERROR - Retrying! -1 attempts before skipping!
[2023-05-07T15:59:16.501+0000] {logging_mixin.py:137} INFO - Expecting value: line 1 column 1 (char 0)
[2023-05-07T15:59:16.502+0000] {helpers.py:93} ERROR - Expecting value: line 1 column 1 (char 0)
[2023-05-07T15:59:16.505+0000] {helpers.py:94} ERROR - Retrying! 9 attempts before skipping!
[2023-05-07T15:59:17.863+0000] {logging_mixin.py:137} INFO - Expecting value: line 1 column 1 (char 0)
[2023-05-07T15:59:17.870+0000] {helpers.py:93} ERROR - Expecting value: line 1 column 1 (char 0)
[2023-05-07T15:59:17.871+0000] {helpers.py:94} ERROR - Retrying! 8 attempts before skipping!
[2023-05-07T15:59:19.027+0000] {logging_mixin.py:137} INFO - Expecting value: line 1 column 1 (char 0)
[2023-05-07T15:59:19.028+0000] {helpers.py:93} ERROR - Expecting value: line 1 column 1 (char 0)
[2023-05-07T15:59:19.032+0000] {helpers.py:94} ERROR - Retrying! 7 attempts before skipping!
[2023-05-07T15:59:20.204+0000] {logging_mixin.py:137} INFO - Expecting value: line 1 column 1 (char 0)
[2023-05-07T15:59:20.211+0000] {helpers.py:93} ERROR - Expecting value: line 1 column 1 (char 0)
[2023-05-07T15:59:20.214+0000] {helpers.py:94} ERROR - Retrying! 6 attempts before skipping!
[2023-05-07T15:59:22.400+0000] {warnings.py:110} WARNING - /home/***/.local/lib/python3.7/site-packages/***/utils/context.py:313: AirflowContextDeprecationWarning: Accessing 'execution_date' from the template is deprecated and will be removed in a future version. Please use 'data_interval_start' or 'logical_date' instead.
  warnings.warn(_create_deprecation_warning(k, replacements))

[2023-05-07T15:59:22.427+0000] {logging_mixin.py:137} INFO -             scrape_timestamp   created_timestamp  ...            title selftext
0  2022-05-01T18:00:00+00:00 2022-05-08 04:42:09  ...  Fuck the heat……         

[1 rows x 8 columns]
[2023-05-07T15:59:22.434+0000] {logging_mixin.py:137} INFO -             scrape_timestamp   created_timestamp  ...      title selftext
0  2022-05-01T18:00:00+00:00 2022-05-08 04:21:04  ...  Wait what         

[1 rows x 8 columns]
[2023-05-07T15:59:22.474+0000] {logging_mixin.py:137} INFO -             scrape_timestamp  ...                                           selftext
0  2022-05-01T18:00:00+00:00  ...  Maxey has been amazing these playoffs, especia...

[1 rows x 8 columns]
[2023-05-07T15:59:22.475+0000] {helpers.py:87} INFO - Philadelphia 76ers: Successfully scraped!
[2023-05-07T15:59:22.729+0000] {logging_mixin.py:137} INFO - Expecting value: line 1 column 1 (char 0)
[2023-05-07T15:59:22.731+0000] {helpers.py:93} ERROR - Expecting value: line 1 column 1 (char 0)
[2023-05-07T15:59:22.732+0000] {helpers.py:94} ERROR - Retrying! 9 attempts before skipping!
[2023-05-07T15:59:24.126+0000] {logging_mixin.py:137} INFO - Expecting value: line 1 column 1 (char 0)
[2023-05-07T15:59:24.127+0000] {helpers.py:93} ERROR - Expecting value: line 1 column 1 (char 0)
[2023-05-07T15:59:24.129+0000] {helpers.py:94} ERROR - Retrying! 8 attempts before skipping!
[2023-05-08T23:46:41.667+0000] {taskinstance.py:1090} INFO - Dependencies all met for dep_context=non-requeueable deps ti=<TaskInstance: scrape_and_save_to_csv.scrape_teams_17-24 scheduled__2022-05-01T18:00:00+00:00 [queued]>
[2023-05-08T23:46:41.685+0000] {taskinstance.py:1090} INFO - Dependencies all met for dep_context=requeueable deps ti=<TaskInstance: scrape_and_save_to_csv.scrape_teams_17-24 scheduled__2022-05-01T18:00:00+00:00 [queued]>
[2023-05-08T23:46:41.686+0000] {taskinstance.py:1288} INFO - 
--------------------------------------------------------------------------------
[2023-05-08T23:46:41.687+0000] {taskinstance.py:1289} INFO - Starting attempt 1 of 1
[2023-05-08T23:46:41.688+0000] {taskinstance.py:1290} INFO - 
--------------------------------------------------------------------------------
[2023-05-08T23:46:41.699+0000] {taskinstance.py:1309} INFO - Executing <Task(PythonOperator): scrape_teams_17-24> on 2022-05-01 18:00:00+00:00
[2023-05-08T23:46:41.707+0000] {standard_task_runner.py:55} INFO - Started process 464 to run task
[2023-05-08T23:46:41.712+0000] {standard_task_runner.py:82} INFO - Running: ['***', 'tasks', 'run', 'scrape_and_save_to_csv', 'scrape_teams_17-24', 'scheduled__2022-05-01T18:00:00+00:00', '--job-id', '3177', '--raw', '--subdir', 'DAGS_FOLDER/scrape_and_push_dag.py', '--cfg-path', '/tmp/tmp2bwxjpot']
[2023-05-08T23:46:41.715+0000] {standard_task_runner.py:83} INFO - Job 3177: Subtask scrape_teams_17-24
[2023-05-08T23:46:41.812+0000] {task_command.py:389} INFO - Running <TaskInstance: scrape_and_save_to_csv.scrape_teams_17-24 scheduled__2022-05-01T18:00:00+00:00 [running]> on host f41dbfa3d325
[2023-05-08T23:46:41.852+0000] {warnings.py:110} WARNING - /home/***/.local/lib/python3.7/site-packages/***/utils/context.py:205: AirflowContextDeprecationWarning: Accessing 'execution_date' from the template is deprecated and will be removed in a future version. Please use 'data_interval_start' or 'logical_date' instead.
  warnings.warn(_create_deprecation_warning(key, self._deprecation_replacements[key]))

[2023-05-08T23:46:41.897+0000] {taskinstance.py:1518} INFO - Exporting the following env vars:
AIRFLOW_CTX_DAG_OWNER=***
AIRFLOW_CTX_DAG_ID=scrape_and_save_to_csv
AIRFLOW_CTX_TASK_ID=scrape_teams_17-24
AIRFLOW_CTX_EXECUTION_DATE=2022-05-01T18:00:00+00:00
AIRFLOW_CTX_TRY_NUMBER=1
AIRFLOW_CTX_DAG_RUN_ID=scheduled__2022-05-01T18:00:00+00:00
[2023-05-08T23:46:41.900+0000] {taskinstance.py:1776} ERROR - Task failed with exception
Traceback (most recent call last):
  File "/home/airflow/.local/lib/python3.7/site-packages/airflow/operators/python.py", line 175, in execute
    return_value = self.execute_callable()
  File "/home/airflow/.local/lib/python3.7/site-packages/airflow/operators/python.py", line 192, in execute_callable
    return self.python_callable(*self.op_args, **self.op_kwargs)
  File "/opt/airflow/dags/helpers.py", line 59, in scrape_and_save
    after = datetime.fromisoformat(f"{{ execution_date }}")
ValueError: Invalid isoformat string: '{ execution_date }'
[2023-05-08T23:46:41.913+0000] {taskinstance.py:1332} INFO - Marking task as FAILED. dag_id=scrape_and_save_to_csv, task_id=scrape_teams_17-24, execution_date=20220501T180000, start_date=20230508T234641, end_date=20230508T234641
[2023-05-08T23:46:41.926+0000] {standard_task_runner.py:105} ERROR - Failed to execute job 3177 for task scrape_teams_17-24 (Invalid isoformat string: '{ execution_date }'; 464)
[2023-05-08T23:46:41.969+0000] {local_task_job.py:212} INFO - Task exited with return code 1
[2023-05-08T23:46:41.992+0000] {taskinstance.py:2596} INFO - 0 downstream tasks scheduled from follow-on schedule check
[2023-05-09T21:40:06.022+0000] {taskinstance.py:1090} INFO - Dependencies all met for dep_context=non-requeueable deps ti=<TaskInstance: scrape_and_save_to_csv.scrape_teams_17-24 scheduled__2022-05-01T18:00:00+00:00 [queued]>
[2023-05-09T21:40:06.048+0000] {taskinstance.py:1090} INFO - Dependencies all met for dep_context=requeueable deps ti=<TaskInstance: scrape_and_save_to_csv.scrape_teams_17-24 scheduled__2022-05-01T18:00:00+00:00 [queued]>
[2023-05-09T21:40:06.050+0000] {taskinstance.py:1288} INFO - 
--------------------------------------------------------------------------------
[2023-05-09T21:40:06.052+0000] {taskinstance.py:1289} INFO - Starting attempt 1 of 1
[2023-05-09T21:40:06.054+0000] {taskinstance.py:1290} INFO - 
--------------------------------------------------------------------------------
[2023-05-09T21:40:06.075+0000] {taskinstance.py:1309} INFO - Executing <Task(PythonOperator): scrape_teams_17-24> on 2022-05-01 18:00:00+00:00
[2023-05-09T21:40:06.085+0000] {standard_task_runner.py:55} INFO - Started process 12564 to run task
[2023-05-09T21:40:06.100+0000] {standard_task_runner.py:82} INFO - Running: ['***', 'tasks', 'run', 'scrape_and_save_to_csv', 'scrape_teams_17-24', 'scheduled__2022-05-01T18:00:00+00:00', '--job-id', '3395', '--raw', '--subdir', 'DAGS_FOLDER/scrape_and_push_dag.py', '--cfg-path', '/tmp/tmp4p677hq8']
[2023-05-09T21:40:06.108+0000] {standard_task_runner.py:83} INFO - Job 3395: Subtask scrape_teams_17-24
[2023-05-09T21:40:06.267+0000] {task_command.py:389} INFO - Running <TaskInstance: scrape_and_save_to_csv.scrape_teams_17-24 scheduled__2022-05-01T18:00:00+00:00 [running]> on host f41dbfa3d325
[2023-05-09T21:40:06.343+0000] {warnings.py:110} WARNING - /home/***/.local/lib/python3.7/site-packages/***/utils/context.py:205: AirflowContextDeprecationWarning: Accessing 'execution_date' from the template is deprecated and will be removed in a future version. Please use 'data_interval_start' or 'logical_date' instead.
  warnings.warn(_create_deprecation_warning(key, self._deprecation_replacements[key]))

[2023-05-09T21:40:06.413+0000] {taskinstance.py:1518} INFO - Exporting the following env vars:
AIRFLOW_CTX_DAG_OWNER=***
AIRFLOW_CTX_DAG_ID=scrape_and_save_to_csv
AIRFLOW_CTX_TASK_ID=scrape_teams_17-24
AIRFLOW_CTX_EXECUTION_DATE=2022-05-01T18:00:00+00:00
AIRFLOW_CTX_TRY_NUMBER=1
AIRFLOW_CTX_DAG_RUN_ID=scheduled__2022-05-01T18:00:00+00:00
[2023-05-09T21:40:14.117+0000] {helpers.py:94} INFO - Milwaukee Bucks: Successfully scraped!
[2023-05-09T21:40:28.371+0000] {helpers.py:94} INFO - Minnesota Timberwolves: Successfully scraped!
[2023-05-09T21:40:44.071+0000] {helpers.py:94} INFO - New Orleans Pelicans: Successfully scraped!
[2023-05-09T21:41:00.388+0000] {helpers.py:94} INFO - New York Knicks: Successfully scraped!
[2023-05-09T21:41:16.065+0000] {helpers.py:94} INFO - Oklahoma City Thunder: Successfully scraped!
[2023-05-09T21:41:32.676+0000] {helpers.py:94} INFO - Orlando Magic: Successfully scraped!
[2023-05-09T21:41:45.371+0000] {helpers.py:94} INFO - Philadelphia 76ers: Successfully scraped!
[2023-05-09T21:41:56.996+0000] {helpers.py:94} INFO - Phoenix Suns: Successfully scraped!
[2023-05-09T21:41:57.028+0000] {helpers.py:109} INFO - Saved in /opt/***/data/output_scrape_teams_17-24.csv
[2023-05-09T21:41:57.031+0000] {python.py:177} INFO - Done. Returned value was: None
[2023-05-09T21:41:57.066+0000] {taskinstance.py:1332} INFO - Marking task as SUCCESS. dag_id=scrape_and_save_to_csv, task_id=scrape_teams_17-24, execution_date=20220501T180000, start_date=20230509T214006, end_date=20230509T214157
[2023-05-09T21:41:57.223+0000] {local_task_job.py:212} INFO - Task exited with return code 0
[2023-05-09T21:41:57.287+0000] {taskinstance.py:2596} INFO - 1 downstream tasks scheduled from follow-on schedule check
