[2023-05-07T03:19:43.139+0000] {taskinstance.py:1090} INFO - Dependencies all met for dep_context=non-requeueable deps ti=<TaskInstance: scrape_and_save_to_csv.scrape_teams_25-30 scheduled__2022-05-01T14:00:00+00:00 [queued]>
[2023-05-07T03:19:43.150+0000] {taskinstance.py:1090} INFO - Dependencies all met for dep_context=requeueable deps ti=<TaskInstance: scrape_and_save_to_csv.scrape_teams_25-30 scheduled__2022-05-01T14:00:00+00:00 [queued]>
[2023-05-07T03:19:43.155+0000] {taskinstance.py:1288} INFO - 
--------------------------------------------------------------------------------
[2023-05-07T03:19:43.166+0000] {taskinstance.py:1289} INFO - Starting attempt 1 of 1
[2023-05-07T03:19:43.167+0000] {taskinstance.py:1290} INFO - 
--------------------------------------------------------------------------------
[2023-05-07T03:19:43.177+0000] {taskinstance.py:1309} INFO - Executing <Task(PythonOperator): scrape_teams_25-30> on 2022-05-01 14:00:00+00:00
[2023-05-07T03:19:43.187+0000] {standard_task_runner.py:55} INFO - Started process 1223 to run task
[2023-05-07T03:19:43.197+0000] {standard_task_runner.py:82} INFO - Running: ['***', 'tasks', 'run', 'scrape_and_save_to_csv', 'scrape_teams_25-30', 'scheduled__2022-05-01T14:00:00+00:00', '--job-id', '2714', '--raw', '--subdir', 'DAGS_FOLDER/scrape_and_push_dag.py', '--cfg-path', '/tmp/tmpgpd1wi8p']
[2023-05-07T03:19:43.200+0000] {standard_task_runner.py:83} INFO - Job 2714: Subtask scrape_teams_25-30
[2023-05-07T03:19:43.295+0000] {task_command.py:389} INFO - Running <TaskInstance: scrape_and_save_to_csv.scrape_teams_25-30 scheduled__2022-05-01T14:00:00+00:00 [running]> on host 6589836e9c08
[2023-05-07T03:19:43.377+0000] {taskinstance.py:1518} INFO - Exporting the following env vars:
AIRFLOW_CTX_DAG_OWNER=***
AIRFLOW_CTX_DAG_ID=scrape_and_save_to_csv
AIRFLOW_CTX_TASK_ID=scrape_teams_25-30
AIRFLOW_CTX_EXECUTION_DATE=2022-05-01T14:00:00+00:00
AIRFLOW_CTX_TRY_NUMBER=1
AIRFLOW_CTX_DAG_RUN_ID=scheduled__2022-05-01T14:00:00+00:00
[2023-05-07T03:19:43.380+0000] {taskinstance.py:1776} ERROR - Task failed with exception
Traceback (most recent call last):
  File "/home/airflow/.local/lib/python3.7/site-packages/airflow/operators/python.py", line 175, in execute
    return_value = self.execute_callable()
  File "/home/airflow/.local/lib/python3.7/site-packages/airflow/operators/python.py", line 192, in execute_callable
    return self.python_callable(*self.op_args, **self.op_kwargs)
TypeError: scrape_and_save() missing 1 required positional argument: 'current_date'
[2023-05-07T03:19:43.392+0000] {taskinstance.py:1332} INFO - Marking task as FAILED. dag_id=scrape_and_save_to_csv, task_id=scrape_teams_25-30, execution_date=20220501T140000, start_date=20230507T031943, end_date=20230507T031943
[2023-05-07T03:19:43.402+0000] {standard_task_runner.py:105} ERROR - Failed to execute job 2714 for task scrape_teams_25-30 (scrape_and_save() missing 1 required positional argument: 'current_date'; 1223)
[2023-05-07T03:19:43.446+0000] {local_task_job.py:212} INFO - Task exited with return code 1
[2023-05-07T03:19:43.490+0000] {taskinstance.py:2596} INFO - 0 downstream tasks scheduled from follow-on schedule check
[2023-05-07T03:27:19.145+0000] {taskinstance.py:1090} INFO - Dependencies all met for dep_context=non-requeueable deps ti=<TaskInstance: scrape_and_save_to_csv.scrape_teams_25-30 scheduled__2022-05-01T14:00:00+00:00 [queued]>
[2023-05-07T03:27:19.166+0000] {taskinstance.py:1090} INFO - Dependencies all met for dep_context=requeueable deps ti=<TaskInstance: scrape_and_save_to_csv.scrape_teams_25-30 scheduled__2022-05-01T14:00:00+00:00 [queued]>
[2023-05-07T03:27:19.169+0000] {taskinstance.py:1288} INFO - 
--------------------------------------------------------------------------------
[2023-05-07T03:27:19.171+0000] {taskinstance.py:1289} INFO - Starting attempt 1 of 1
[2023-05-07T03:27:19.172+0000] {taskinstance.py:1290} INFO - 
--------------------------------------------------------------------------------
[2023-05-07T03:27:19.189+0000] {taskinstance.py:1309} INFO - Executing <Task(PythonOperator): scrape_teams_25-30> on 2022-05-01 14:00:00+00:00
[2023-05-07T03:27:19.197+0000] {standard_task_runner.py:55} INFO - Started process 1711 to run task
[2023-05-07T03:27:19.209+0000] {standard_task_runner.py:82} INFO - Running: ['***', 'tasks', 'run', 'scrape_and_save_to_csv', 'scrape_teams_25-30', 'scheduled__2022-05-01T14:00:00+00:00', '--job-id', '2822', '--raw', '--subdir', 'DAGS_FOLDER/scrape_and_push_dag.py', '--cfg-path', '/tmp/tmpnsmpbxsb']
[2023-05-07T03:27:19.214+0000] {standard_task_runner.py:83} INFO - Job 2822: Subtask scrape_teams_25-30
[2023-05-07T03:27:19.337+0000] {task_command.py:389} INFO - Running <TaskInstance: scrape_and_save_to_csv.scrape_teams_25-30 scheduled__2022-05-01T14:00:00+00:00 [running]> on host 6589836e9c08
[2023-05-07T03:27:19.392+0000] {warnings.py:110} WARNING - /home/***/.local/lib/python3.7/site-packages/***/utils/context.py:205: AirflowContextDeprecationWarning: Accessing 'execution_date' from the template is deprecated and will be removed in a future version. Please use 'data_interval_start' or 'logical_date' instead.
  warnings.warn(_create_deprecation_warning(key, self._deprecation_replacements[key]))

[2023-05-07T03:27:19.457+0000] {taskinstance.py:1518} INFO - Exporting the following env vars:
AIRFLOW_CTX_DAG_OWNER=***
AIRFLOW_CTX_DAG_ID=scrape_and_save_to_csv
AIRFLOW_CTX_TASK_ID=scrape_teams_25-30
AIRFLOW_CTX_EXECUTION_DATE=2022-05-01T14:00:00+00:00
AIRFLOW_CTX_TRY_NUMBER=1
AIRFLOW_CTX_DAG_RUN_ID=scheduled__2022-05-01T14:00:00+00:00
[2023-05-07T03:27:19.635+0000] {logging_mixin.py:137} INFO - Expecting value: line 1 column 1 (char 0)
[2023-05-07T03:27:19.636+0000] {helpers.py:92} ERROR - Expecting value: line 1 column 1 (char 0)
[2023-05-07T03:27:19.638+0000] {helpers.py:93} ERROR - Retrying! 9 attempts before skipping!
[2023-05-07T03:27:21.184+0000] {logging_mixin.py:137} INFO - Expecting value: line 1 column 1 (char 0)
[2023-05-07T03:27:21.186+0000] {helpers.py:92} ERROR - Expecting value: line 1 column 1 (char 0)
[2023-05-07T03:27:21.187+0000] {helpers.py:93} ERROR - Retrying! 8 attempts before skipping!
[2023-05-07T03:27:22.383+0000] {logging_mixin.py:137} INFO - Expecting value: line 1 column 1 (char 0)
[2023-05-07T03:27:22.384+0000] {helpers.py:92} ERROR - Expecting value: line 1 column 1 (char 0)
[2023-05-07T03:27:22.385+0000] {helpers.py:93} ERROR - Retrying! 7 attempts before skipping!
[2023-05-07T03:27:23.577+0000] {logging_mixin.py:137} INFO - Expecting value: line 1 column 1 (char 0)
[2023-05-07T03:27:23.583+0000] {helpers.py:92} ERROR - Expecting value: line 1 column 1 (char 0)
[2023-05-07T03:27:23.586+0000] {helpers.py:93} ERROR - Retrying! 6 attempts before skipping!
[2023-05-07T03:27:24.795+0000] {logging_mixin.py:137} INFO - Expecting value: line 1 column 1 (char 0)
[2023-05-07T03:27:24.796+0000] {helpers.py:92} ERROR - Expecting value: line 1 column 1 (char 0)
[2023-05-07T03:27:24.798+0000] {helpers.py:93} ERROR - Retrying! 5 attempts before skipping!
[2023-05-07T03:27:25.979+0000] {logging_mixin.py:137} INFO - Expecting value: line 1 column 1 (char 0)
[2023-05-07T03:27:25.995+0000] {helpers.py:92} ERROR - Expecting value: line 1 column 1 (char 0)
[2023-05-07T03:27:26.004+0000] {helpers.py:93} ERROR - Retrying! 4 attempts before skipping!
[2023-05-07T03:27:27.179+0000] {logging_mixin.py:137} INFO - Expecting value: line 1 column 1 (char 0)
[2023-05-07T03:27:27.181+0000] {helpers.py:92} ERROR - Expecting value: line 1 column 1 (char 0)
[2023-05-07T03:27:27.182+0000] {helpers.py:93} ERROR - Retrying! 3 attempts before skipping!
[2023-05-07T03:27:28.527+0000] {logging_mixin.py:137} INFO - Expecting value: line 1 column 1 (char 0)
[2023-05-07T03:27:28.529+0000] {helpers.py:92} ERROR - Expecting value: line 1 column 1 (char 0)
[2023-05-07T03:27:28.534+0000] {helpers.py:93} ERROR - Retrying! 2 attempts before skipping!
[2023-05-07T03:27:29.372+0000] {local_task_job.py:277} WARNING - State of this instance has been externally set to failed. Terminating instance.
[2023-05-07T03:27:29.381+0000] {process_utils.py:133} INFO - Sending Signals.SIGTERM to group 1711. PIDs of all processes in the group: [1711]
[2023-05-07T03:27:29.383+0000] {process_utils.py:84} INFO - Sending the signal Signals.SIGTERM to group 1711
[2023-05-07T03:27:29.385+0000] {taskinstance.py:1488} ERROR - Received SIGTERM. Terminating subprocesses.
[2023-05-07T03:27:29.442+0000] {process_utils.py:79} INFO - Process psutil.Process(pid=1711, status='terminated', exitcode=0, started='03:27:18') (1711) terminated with exit code 0
[2023-05-07T04:21:32.397+0000] {taskinstance.py:1090} INFO - Dependencies all met for dep_context=non-requeueable deps ti=<TaskInstance: scrape_and_save_to_csv.scrape_teams_25-30 scheduled__2022-05-01T14:00:00+00:00 [queued]>
[2023-05-07T04:21:32.443+0000] {taskinstance.py:1090} INFO - Dependencies all met for dep_context=requeueable deps ti=<TaskInstance: scrape_and_save_to_csv.scrape_teams_25-30 scheduled__2022-05-01T14:00:00+00:00 [queued]>
[2023-05-07T04:21:32.447+0000] {taskinstance.py:1288} INFO - 
--------------------------------------------------------------------------------
[2023-05-07T04:21:32.452+0000] {taskinstance.py:1289} INFO - Starting attempt 1 of 1
[2023-05-07T04:21:32.456+0000] {taskinstance.py:1290} INFO - 
--------------------------------------------------------------------------------
[2023-05-07T04:21:32.501+0000] {taskinstance.py:1309} INFO - Executing <Task(PythonOperator): scrape_teams_25-30> on 2022-05-01 14:00:00+00:00
[2023-05-07T04:21:32.546+0000] {standard_task_runner.py:55} INFO - Started process 973 to run task
[2023-05-07T04:21:32.571+0000] {standard_task_runner.py:82} INFO - Running: ['***', 'tasks', 'run', 'scrape_and_save_to_csv', 'scrape_teams_25-30', 'scheduled__2022-05-01T14:00:00+00:00', '--job-id', '2885', '--raw', '--subdir', 'DAGS_FOLDER/scrape_and_push_dag.py', '--cfg-path', '/tmp/tmpqk5j3fp0']
[2023-05-07T04:21:32.603+0000] {standard_task_runner.py:83} INFO - Job 2885: Subtask scrape_teams_25-30
[2023-05-07T04:21:33.043+0000] {task_command.py:389} INFO - Running <TaskInstance: scrape_and_save_to_csv.scrape_teams_25-30 scheduled__2022-05-01T14:00:00+00:00 [running]> on host 6589836e9c08
[2023-05-07T04:21:33.130+0000] {warnings.py:110} WARNING - /home/***/.local/lib/python3.7/site-packages/***/utils/context.py:205: AirflowContextDeprecationWarning: Accessing 'execution_date' from the template is deprecated and will be removed in a future version. Please use 'data_interval_start' or 'logical_date' instead.
  warnings.warn(_create_deprecation_warning(key, self._deprecation_replacements[key]))

[2023-05-07T04:21:33.225+0000] {taskinstance.py:1518} INFO - Exporting the following env vars:
AIRFLOW_CTX_DAG_OWNER=***
AIRFLOW_CTX_DAG_ID=scrape_and_save_to_csv
AIRFLOW_CTX_TASK_ID=scrape_teams_25-30
AIRFLOW_CTX_EXECUTION_DATE=2022-05-01T14:00:00+00:00
AIRFLOW_CTX_TRY_NUMBER=1
AIRFLOW_CTX_DAG_RUN_ID=scheduled__2022-05-01T14:00:00+00:00
[2023-05-07T04:21:33.624+0000] {logging_mixin.py:137} INFO - Expecting value: line 1 column 1 (char 0)
[2023-05-07T04:21:33.629+0000] {helpers.py:92} ERROR - Expecting value: line 1 column 1 (char 0)
[2023-05-07T04:21:33.655+0000] {helpers.py:93} ERROR - Retrying! 9 attempts before skipping!
[2023-05-07T04:21:35.010+0000] {logging_mixin.py:137} INFO - Expecting value: line 1 column 1 (char 0)
[2023-05-07T04:21:35.012+0000] {helpers.py:92} ERROR - Expecting value: line 1 column 1 (char 0)
[2023-05-07T04:21:35.013+0000] {helpers.py:93} ERROR - Retrying! 8 attempts before skipping!
[2023-05-07T04:21:36.512+0000] {logging_mixin.py:137} INFO - Expecting value: line 1 column 1 (char 0)
[2023-05-07T04:21:36.513+0000] {helpers.py:92} ERROR - Expecting value: line 1 column 1 (char 0)
[2023-05-07T04:21:36.515+0000] {helpers.py:93} ERROR - Retrying! 7 attempts before skipping!
[2023-05-07T04:21:37.765+0000] {logging_mixin.py:137} INFO - Expecting value: line 1 column 1 (char 0)
[2023-05-07T04:21:37.766+0000] {helpers.py:92} ERROR - Expecting value: line 1 column 1 (char 0)
[2023-05-07T04:21:37.768+0000] {helpers.py:93} ERROR - Retrying! 6 attempts before skipping!
[2023-05-07T04:21:39.065+0000] {logging_mixin.py:137} INFO - Expecting value: line 1 column 1 (char 0)
[2023-05-07T04:21:39.070+0000] {helpers.py:92} ERROR - Expecting value: line 1 column 1 (char 0)
[2023-05-07T04:21:39.073+0000] {helpers.py:93} ERROR - Retrying! 5 attempts before skipping!
[2023-05-07T04:21:40.417+0000] {logging_mixin.py:137} INFO - Expecting value: line 1 column 1 (char 0)
[2023-05-07T04:21:40.448+0000] {helpers.py:92} ERROR - Expecting value: line 1 column 1 (char 0)
[2023-05-07T04:21:40.449+0000] {helpers.py:93} ERROR - Retrying! 4 attempts before skipping!
[2023-05-07T04:21:41.689+0000] {logging_mixin.py:137} INFO - Expecting value: line 1 column 1 (char 0)
[2023-05-07T04:21:41.690+0000] {helpers.py:92} ERROR - Expecting value: line 1 column 1 (char 0)
[2023-05-07T04:21:41.692+0000] {helpers.py:93} ERROR - Retrying! 3 attempts before skipping!
[2023-05-07T04:21:42.937+0000] {logging_mixin.py:137} INFO - Expecting value: line 1 column 1 (char 0)
[2023-05-07T04:21:42.938+0000] {helpers.py:92} ERROR - Expecting value: line 1 column 1 (char 0)
[2023-05-07T04:21:42.941+0000] {helpers.py:93} ERROR - Retrying! 2 attempts before skipping!
[2023-05-07T04:21:44.186+0000] {logging_mixin.py:137} INFO - Expecting value: line 1 column 1 (char 0)
[2023-05-07T04:21:44.187+0000] {helpers.py:92} ERROR - Expecting value: line 1 column 1 (char 0)
[2023-05-07T04:21:44.189+0000] {helpers.py:93} ERROR - Retrying! 1 attempts before skipping!
[2023-05-07T04:21:45.457+0000] {logging_mixin.py:137} INFO - Expecting value: line 1 column 1 (char 0)
[2023-05-07T04:21:45.458+0000] {helpers.py:92} ERROR - Expecting value: line 1 column 1 (char 0)
[2023-05-07T04:21:45.459+0000] {helpers.py:93} ERROR - Retrying! 0 attempts before skipping!
[2023-05-07T04:21:46.849+0000] {logging_mixin.py:137} INFO - Expecting value: line 1 column 1 (char 0)
[2023-05-07T04:21:46.852+0000] {helpers.py:92} ERROR - Expecting value: line 1 column 1 (char 0)
[2023-05-07T04:21:46.854+0000] {helpers.py:93} ERROR - Retrying! -1 attempts before skipping!
[2023-05-07T04:21:48.502+0000] {logging_mixin.py:137} INFO - Expecting value: line 1 column 1 (char 0)
[2023-05-07T04:21:48.504+0000] {helpers.py:92} ERROR - Expecting value: line 1 column 1 (char 0)
[2023-05-07T04:21:48.506+0000] {helpers.py:93} ERROR - Retrying! 9 attempts before skipping!
[2023-05-07T04:21:51.203+0000] {logging_mixin.py:137} INFO - Expecting value: line 1 column 1 (char 0)
[2023-05-07T04:21:51.204+0000] {helpers.py:92} ERROR - Expecting value: line 1 column 1 (char 0)
[2023-05-07T04:21:51.205+0000] {helpers.py:93} ERROR - Retrying! 8 attempts before skipping!
[2023-05-07T04:21:52.863+0000] {logging_mixin.py:137} INFO - Expecting value: line 1 column 1 (char 0)
[2023-05-07T04:21:52.864+0000] {helpers.py:92} ERROR - Expecting value: line 1 column 1 (char 0)
[2023-05-07T04:21:52.866+0000] {helpers.py:93} ERROR - Retrying! 7 attempts before skipping!
[2023-05-07T04:21:54.283+0000] {logging_mixin.py:137} INFO - Expecting value: line 1 column 1 (char 0)
[2023-05-07T04:21:54.285+0000] {helpers.py:92} ERROR - Expecting value: line 1 column 1 (char 0)
[2023-05-07T04:21:54.287+0000] {helpers.py:93} ERROR - Retrying! 6 attempts before skipping!
[2023-05-07T04:21:56.097+0000] {logging_mixin.py:137} INFO - Expecting value: line 1 column 1 (char 0)
[2023-05-07T04:21:56.099+0000] {helpers.py:92} ERROR - Expecting value: line 1 column 1 (char 0)
[2023-05-07T04:21:56.100+0000] {helpers.py:93} ERROR - Retrying! 5 attempts before skipping!
[2023-05-07T04:21:59.210+0000] {logging_mixin.py:137} INFO - Expecting value: line 1 column 1 (char 0)
[2023-05-07T04:21:59.219+0000] {helpers.py:92} ERROR - Expecting value: line 1 column 1 (char 0)
[2023-05-07T04:21:59.223+0000] {helpers.py:93} ERROR - Retrying! 4 attempts before skipping!
[2023-05-07T04:22:00.848+0000] {logging_mixin.py:137} INFO - Expecting value: line 1 column 1 (char 0)
[2023-05-07T04:22:00.849+0000] {helpers.py:92} ERROR - Expecting value: line 1 column 1 (char 0)
[2023-05-07T04:22:00.851+0000] {helpers.py:93} ERROR - Retrying! 3 attempts before skipping!
[2023-05-07T04:22:02.156+0000] {logging_mixin.py:137} INFO - Expecting value: line 1 column 1 (char 0)
[2023-05-07T04:22:02.164+0000] {helpers.py:92} ERROR - Expecting value: line 1 column 1 (char 0)
[2023-05-07T04:22:02.172+0000] {helpers.py:93} ERROR - Retrying! 2 attempts before skipping!
[2023-05-07T04:22:03.360+0000] {logging_mixin.py:137} INFO - Expecting value: line 1 column 1 (char 0)
[2023-05-07T04:22:03.361+0000] {helpers.py:92} ERROR - Expecting value: line 1 column 1 (char 0)
[2023-05-07T04:22:03.362+0000] {helpers.py:93} ERROR - Retrying! 1 attempts before skipping!
[2023-05-07T04:22:04.542+0000] {logging_mixin.py:137} INFO - Expecting value: line 1 column 1 (char 0)
[2023-05-07T04:22:04.543+0000] {helpers.py:92} ERROR - Expecting value: line 1 column 1 (char 0)
[2023-05-07T04:22:04.544+0000] {helpers.py:93} ERROR - Retrying! 0 attempts before skipping!
[2023-05-07T04:22:05.698+0000] {logging_mixin.py:137} INFO - Expecting value: line 1 column 1 (char 0)
[2023-05-07T04:22:05.732+0000] {helpers.py:92} ERROR - Expecting value: line 1 column 1 (char 0)
[2023-05-07T04:22:05.734+0000] {helpers.py:93} ERROR - Retrying! -1 attempts before skipping!
[2023-05-07T04:22:07.079+0000] {logging_mixin.py:137} INFO - Expecting value: line 1 column 1 (char 0)
[2023-05-07T04:22:07.080+0000] {helpers.py:92} ERROR - Expecting value: line 1 column 1 (char 0)
[2023-05-07T04:22:07.082+0000] {helpers.py:93} ERROR - Retrying! 9 attempts before skipping!
[2023-05-07T04:22:08.359+0000] {logging_mixin.py:137} INFO - Expecting value: line 1 column 1 (char 0)
[2023-05-07T04:22:08.360+0000] {helpers.py:92} ERROR - Expecting value: line 1 column 1 (char 0)
[2023-05-07T04:22:08.363+0000] {helpers.py:93} ERROR - Retrying! 8 attempts before skipping!
[2023-05-07T04:22:09.529+0000] {logging_mixin.py:137} INFO - Expecting value: line 1 column 1 (char 0)
[2023-05-07T04:22:09.530+0000] {helpers.py:92} ERROR - Expecting value: line 1 column 1 (char 0)
[2023-05-07T04:22:09.531+0000] {helpers.py:93} ERROR - Retrying! 7 attempts before skipping!
[2023-05-07T04:22:10.680+0000] {logging_mixin.py:137} INFO - Expecting value: line 1 column 1 (char 0)
[2023-05-07T04:22:10.681+0000] {helpers.py:92} ERROR - Expecting value: line 1 column 1 (char 0)
[2023-05-07T04:22:10.682+0000] {helpers.py:93} ERROR - Retrying! 6 attempts before skipping!
[2023-05-07T04:22:12.017+0000] {logging_mixin.py:137} INFO - Expecting value: line 1 column 1 (char 0)
[2023-05-07T04:22:12.018+0000] {helpers.py:92} ERROR - Expecting value: line 1 column 1 (char 0)
[2023-05-07T04:22:12.020+0000] {helpers.py:93} ERROR - Retrying! 5 attempts before skipping!
[2023-05-07T04:22:13.170+0000] {logging_mixin.py:137} INFO - Expecting value: line 1 column 1 (char 0)
[2023-05-07T04:22:13.172+0000] {helpers.py:92} ERROR - Expecting value: line 1 column 1 (char 0)
[2023-05-07T04:22:13.173+0000] {helpers.py:93} ERROR - Retrying! 4 attempts before skipping!
[2023-05-07T04:22:14.496+0000] {logging_mixin.py:137} INFO - Expecting value: line 1 column 1 (char 0)
[2023-05-07T04:22:14.515+0000] {helpers.py:92} ERROR - Expecting value: line 1 column 1 (char 0)
[2023-05-07T04:22:14.518+0000] {helpers.py:93} ERROR - Retrying! 3 attempts before skipping!
[2023-05-07T04:22:15.881+0000] {logging_mixin.py:137} INFO - Expecting value: line 1 column 1 (char 0)
[2023-05-07T04:22:15.882+0000] {helpers.py:92} ERROR - Expecting value: line 1 column 1 (char 0)
[2023-05-07T04:22:15.883+0000] {helpers.py:93} ERROR - Retrying! 2 attempts before skipping!
[2023-05-07T04:22:17.034+0000] {logging_mixin.py:137} INFO - Expecting value: line 1 column 1 (char 0)
[2023-05-07T04:22:17.035+0000] {helpers.py:92} ERROR - Expecting value: line 1 column 1 (char 0)
[2023-05-07T04:22:17.036+0000] {helpers.py:93} ERROR - Retrying! 1 attempts before skipping!
[2023-05-07T04:22:18.327+0000] {logging_mixin.py:137} INFO - Expecting value: line 1 column 1 (char 0)
[2023-05-07T04:22:18.328+0000] {helpers.py:92} ERROR - Expecting value: line 1 column 1 (char 0)
[2023-05-07T04:22:18.329+0000] {helpers.py:93} ERROR - Retrying! 0 attempts before skipping!
[2023-05-07T04:22:19.497+0000] {logging_mixin.py:137} INFO - Expecting value: line 1 column 1 (char 0)
[2023-05-07T04:22:19.526+0000] {helpers.py:92} ERROR - Expecting value: line 1 column 1 (char 0)
[2023-05-07T04:22:19.529+0000] {helpers.py:93} ERROR - Retrying! -1 attempts before skipping!
[2023-05-07T04:22:20.691+0000] {logging_mixin.py:137} INFO - Expecting value: line 1 column 1 (char 0)
[2023-05-07T04:22:20.701+0000] {helpers.py:92} ERROR - Expecting value: line 1 column 1 (char 0)
[2023-05-07T04:22:20.702+0000] {helpers.py:93} ERROR - Retrying! 9 attempts before skipping!
[2023-05-07T04:22:22.025+0000] {logging_mixin.py:137} INFO - Expecting value: line 1 column 1 (char 0)
[2023-05-07T04:22:22.027+0000] {helpers.py:92} ERROR - Expecting value: line 1 column 1 (char 0)
[2023-05-07T04:22:22.030+0000] {helpers.py:93} ERROR - Retrying! 8 attempts before skipping!
[2023-05-07T04:22:23.422+0000] {logging_mixin.py:137} INFO - Expecting value: line 1 column 1 (char 0)
[2023-05-07T04:22:23.423+0000] {helpers.py:92} ERROR - Expecting value: line 1 column 1 (char 0)
[2023-05-07T04:22:23.424+0000] {helpers.py:93} ERROR - Retrying! 7 attempts before skipping!
[2023-05-07T04:22:24.579+0000] {logging_mixin.py:137} INFO - Expecting value: line 1 column 1 (char 0)
[2023-05-07T04:22:24.583+0000] {helpers.py:92} ERROR - Expecting value: line 1 column 1 (char 0)
[2023-05-07T04:22:24.585+0000] {helpers.py:93} ERROR - Retrying! 6 attempts before skipping!
[2023-05-07T04:22:25.765+0000] {logging_mixin.py:137} INFO - Expecting value: line 1 column 1 (char 0)
[2023-05-07T04:22:25.767+0000] {helpers.py:92} ERROR - Expecting value: line 1 column 1 (char 0)
[2023-05-07T04:22:25.769+0000] {helpers.py:93} ERROR - Retrying! 5 attempts before skipping!
[2023-05-07T04:22:27.125+0000] {logging_mixin.py:137} INFO - Expecting value: line 1 column 1 (char 0)
[2023-05-07T04:22:27.151+0000] {helpers.py:92} ERROR - Expecting value: line 1 column 1 (char 0)
[2023-05-07T04:22:27.153+0000] {helpers.py:93} ERROR - Retrying! 4 attempts before skipping!
[2023-05-07T04:22:28.438+0000] {logging_mixin.py:137} INFO - Expecting value: line 1 column 1 (char 0)
[2023-05-07T04:22:28.439+0000] {helpers.py:92} ERROR - Expecting value: line 1 column 1 (char 0)
[2023-05-07T04:22:28.442+0000] {helpers.py:93} ERROR - Retrying! 3 attempts before skipping!
[2023-05-07T04:22:29.727+0000] {logging_mixin.py:137} INFO - Expecting value: line 1 column 1 (char 0)
[2023-05-07T04:22:29.728+0000] {helpers.py:92} ERROR - Expecting value: line 1 column 1 (char 0)
[2023-05-07T04:22:29.737+0000] {helpers.py:93} ERROR - Retrying! 2 attempts before skipping!
[2023-05-07T04:22:30.900+0000] {logging_mixin.py:137} INFO - Expecting value: line 1 column 1 (char 0)
[2023-05-07T04:22:30.901+0000] {helpers.py:92} ERROR - Expecting value: line 1 column 1 (char 0)
[2023-05-07T04:22:30.903+0000] {helpers.py:93} ERROR - Retrying! 1 attempts before skipping!
[2023-05-07T04:22:32.150+0000] {logging_mixin.py:137} INFO - Expecting value: line 1 column 1 (char 0)
[2023-05-07T04:22:32.151+0000] {helpers.py:92} ERROR - Expecting value: line 1 column 1 (char 0)
[2023-05-07T04:22:32.152+0000] {helpers.py:93} ERROR - Retrying! 0 attempts before skipping!
[2023-05-07T04:22:33.301+0000] {logging_mixin.py:137} INFO - Expecting value: line 1 column 1 (char 0)
[2023-05-07T04:22:33.307+0000] {helpers.py:92} ERROR - Expecting value: line 1 column 1 (char 0)
[2023-05-07T04:22:33.308+0000] {helpers.py:93} ERROR - Retrying! -1 attempts before skipping!
[2023-05-07T04:22:34.650+0000] {logging_mixin.py:137} INFO - Expecting value: line 1 column 1 (char 0)
[2023-05-07T04:22:34.651+0000] {helpers.py:92} ERROR - Expecting value: line 1 column 1 (char 0)
[2023-05-07T04:22:34.652+0000] {helpers.py:93} ERROR - Retrying! 9 attempts before skipping!
[2023-05-07T04:22:36.106+0000] {logging_mixin.py:137} INFO - Expecting value: line 1 column 1 (char 0)
[2023-05-07T04:22:36.109+0000] {helpers.py:92} ERROR - Expecting value: line 1 column 1 (char 0)
[2023-05-07T04:22:36.111+0000] {helpers.py:93} ERROR - Retrying! 8 attempts before skipping!
[2023-05-07T04:22:37.475+0000] {logging_mixin.py:137} INFO - Expecting value: line 1 column 1 (char 0)
[2023-05-07T04:22:37.478+0000] {helpers.py:92} ERROR - Expecting value: line 1 column 1 (char 0)
[2023-05-07T04:22:37.479+0000] {helpers.py:93} ERROR - Retrying! 7 attempts before skipping!
[2023-05-07T04:22:38.847+0000] {logging_mixin.py:137} INFO - Expecting value: line 1 column 1 (char 0)
[2023-05-07T04:22:38.850+0000] {helpers.py:92} ERROR - Expecting value: line 1 column 1 (char 0)
[2023-05-07T04:22:38.853+0000] {helpers.py:93} ERROR - Retrying! 6 attempts before skipping!
[2023-05-07T04:22:40.022+0000] {logging_mixin.py:137} INFO - Expecting value: line 1 column 1 (char 0)
[2023-05-07T04:22:40.023+0000] {helpers.py:92} ERROR - Expecting value: line 1 column 1 (char 0)
[2023-05-07T04:22:40.024+0000] {helpers.py:93} ERROR - Retrying! 5 attempts before skipping!
[2023-05-07T04:22:41.185+0000] {logging_mixin.py:137} INFO - Expecting value: line 1 column 1 (char 0)
[2023-05-07T04:22:41.186+0000] {helpers.py:92} ERROR - Expecting value: line 1 column 1 (char 0)
[2023-05-07T04:22:41.187+0000] {helpers.py:93} ERROR - Retrying! 4 attempts before skipping!
[2023-05-07T04:22:42.535+0000] {logging_mixin.py:137} INFO - Expecting value: line 1 column 1 (char 0)
[2023-05-07T04:22:42.537+0000] {helpers.py:92} ERROR - Expecting value: line 1 column 1 (char 0)
[2023-05-07T04:22:42.537+0000] {helpers.py:93} ERROR - Retrying! 3 attempts before skipping!
[2023-05-07T04:22:43.744+0000] {logging_mixin.py:137} INFO - Expecting value: line 1 column 1 (char 0)
[2023-05-07T04:22:43.745+0000] {helpers.py:92} ERROR - Expecting value: line 1 column 1 (char 0)
[2023-05-07T04:22:43.747+0000] {helpers.py:93} ERROR - Retrying! 2 attempts before skipping!
[2023-05-07T04:22:45.127+0000] {logging_mixin.py:137} INFO - Expecting value: line 1 column 1 (char 0)
[2023-05-07T04:22:45.138+0000] {helpers.py:92} ERROR - Expecting value: line 1 column 1 (char 0)
[2023-05-07T04:22:45.142+0000] {helpers.py:93} ERROR - Retrying! 1 attempts before skipping!
[2023-05-07T04:22:46.318+0000] {logging_mixin.py:137} INFO - Expecting value: line 1 column 1 (char 0)
[2023-05-07T04:22:46.327+0000] {helpers.py:92} ERROR - Expecting value: line 1 column 1 (char 0)
[2023-05-07T04:22:46.328+0000] {helpers.py:93} ERROR - Retrying! 0 attempts before skipping!
[2023-05-07T04:22:47.587+0000] {logging_mixin.py:137} INFO - Expecting value: line 1 column 1 (char 0)
[2023-05-07T04:22:47.588+0000] {helpers.py:92} ERROR - Expecting value: line 1 column 1 (char 0)
[2023-05-07T04:22:47.590+0000] {helpers.py:93} ERROR - Retrying! -1 attempts before skipping!
[2023-05-07T04:22:48.973+0000] {logging_mixin.py:137} INFO - Expecting value: line 1 column 1 (char 0)
[2023-05-07T04:22:48.976+0000] {helpers.py:92} ERROR - Expecting value: line 1 column 1 (char 0)
[2023-05-07T04:22:48.977+0000] {helpers.py:93} ERROR - Retrying! 9 attempts before skipping!
[2023-05-07T04:22:50.132+0000] {logging_mixin.py:137} INFO - Expecting value: line 1 column 1 (char 0)
[2023-05-07T04:22:50.134+0000] {helpers.py:92} ERROR - Expecting value: line 1 column 1 (char 0)
[2023-05-07T04:22:50.134+0000] {helpers.py:93} ERROR - Retrying! 8 attempts before skipping!
[2023-05-07T04:22:51.378+0000] {logging_mixin.py:137} INFO - Expecting value: line 1 column 1 (char 0)
[2023-05-07T04:22:51.379+0000] {helpers.py:92} ERROR - Expecting value: line 1 column 1 (char 0)
[2023-05-07T04:22:51.409+0000] {helpers.py:93} ERROR - Retrying! 7 attempts before skipping!
[2023-05-07T04:22:52.582+0000] {logging_mixin.py:137} INFO - Expecting value: line 1 column 1 (char 0)
[2023-05-07T04:22:52.584+0000] {helpers.py:92} ERROR - Expecting value: line 1 column 1 (char 0)
[2023-05-07T04:22:52.584+0000] {helpers.py:93} ERROR - Retrying! 6 attempts before skipping!
[2023-05-07T04:22:53.847+0000] {logging_mixin.py:137} INFO - Expecting value: line 1 column 1 (char 0)
[2023-05-07T04:22:53.854+0000] {helpers.py:92} ERROR - Expecting value: line 1 column 1 (char 0)
[2023-05-07T04:22:53.855+0000] {helpers.py:93} ERROR - Retrying! 5 attempts before skipping!
[2023-05-07T04:22:55.099+0000] {logging_mixin.py:137} INFO - Expecting value: line 1 column 1 (char 0)
[2023-05-07T04:22:55.115+0000] {helpers.py:92} ERROR - Expecting value: line 1 column 1 (char 0)
[2023-05-07T04:22:55.116+0000] {helpers.py:93} ERROR - Retrying! 4 attempts before skipping!
[2023-05-07T04:22:56.361+0000] {logging_mixin.py:137} INFO - Expecting value: line 1 column 1 (char 0)
[2023-05-07T04:22:56.362+0000] {helpers.py:92} ERROR - Expecting value: line 1 column 1 (char 0)
[2023-05-07T04:22:56.363+0000] {helpers.py:93} ERROR - Retrying! 3 attempts before skipping!
[2023-05-07T04:22:57.561+0000] {logging_mixin.py:137} INFO - Expecting value: line 1 column 1 (char 0)
[2023-05-07T04:22:57.562+0000] {helpers.py:92} ERROR - Expecting value: line 1 column 1 (char 0)
[2023-05-07T04:22:57.563+0000] {helpers.py:93} ERROR - Retrying! 2 attempts before skipping!
[2023-05-07T04:22:58.731+0000] {logging_mixin.py:137} INFO - Expecting value: line 1 column 1 (char 0)
[2023-05-07T04:22:58.733+0000] {helpers.py:92} ERROR - Expecting value: line 1 column 1 (char 0)
[2023-05-07T04:22:58.734+0000] {helpers.py:93} ERROR - Retrying! 1 attempts before skipping!
[2023-05-07T04:23:00.031+0000] {logging_mixin.py:137} INFO - Expecting value: line 1 column 1 (char 0)
[2023-05-07T04:23:00.032+0000] {helpers.py:92} ERROR - Expecting value: line 1 column 1 (char 0)
[2023-05-07T04:23:00.041+0000] {helpers.py:93} ERROR - Retrying! 0 attempts before skipping!
[2023-05-07T04:23:01.394+0000] {logging_mixin.py:137} INFO - Expecting value: line 1 column 1 (char 0)
[2023-05-07T04:23:01.395+0000] {helpers.py:92} ERROR - Expecting value: line 1 column 1 (char 0)
[2023-05-07T04:23:01.399+0000] {helpers.py:93} ERROR - Retrying! -1 attempts before skipping!
[2023-05-07T04:23:02.415+0000] {helpers.py:102} INFO - Saved in /opt/***/data/output_scrape_teams_25-30.csv
[2023-05-07T04:23:02.418+0000] {python.py:177} INFO - Done. Returned value was: None
[2023-05-07T04:23:02.449+0000] {taskinstance.py:1332} INFO - Marking task as SUCCESS. dag_id=scrape_and_save_to_csv, task_id=scrape_teams_25-30, execution_date=20220501T140000, start_date=20230507T042132, end_date=20230507T042302
[2023-05-07T04:23:02.537+0000] {local_task_job.py:212} INFO - Task exited with return code 0
[2023-05-07T04:23:02.563+0000] {taskinstance.py:2596} INFO - 0 downstream tasks scheduled from follow-on schedule check
[2023-05-07T06:57:13.144+0000] {taskinstance.py:1090} INFO - Dependencies all met for dep_context=non-requeueable deps ti=<TaskInstance: scrape_and_save_to_csv.scrape_teams_25-30 scheduled__2022-05-01T14:00:00+00:00 [queued]>
[2023-05-07T06:57:13.152+0000] {taskinstance.py:1090} INFO - Dependencies all met for dep_context=requeueable deps ti=<TaskInstance: scrape_and_save_to_csv.scrape_teams_25-30 scheduled__2022-05-01T14:00:00+00:00 [queued]>
[2023-05-07T06:57:13.153+0000] {taskinstance.py:1288} INFO - 
--------------------------------------------------------------------------------
[2023-05-07T06:57:13.155+0000] {taskinstance.py:1289} INFO - Starting attempt 1 of 1
[2023-05-07T06:57:13.155+0000] {taskinstance.py:1290} INFO - 
--------------------------------------------------------------------------------
[2023-05-07T06:57:13.165+0000] {taskinstance.py:1309} INFO - Executing <Task(PythonOperator): scrape_teams_25-30> on 2022-05-01 14:00:00+00:00
[2023-05-07T06:57:13.171+0000] {standard_task_runner.py:55} INFO - Started process 2803 to run task
[2023-05-07T06:57:13.174+0000] {standard_task_runner.py:82} INFO - Running: ['***', 'tasks', 'run', 'scrape_and_save_to_csv', 'scrape_teams_25-30', 'scheduled__2022-05-01T14:00:00+00:00', '--job-id', '2965', '--raw', '--subdir', 'DAGS_FOLDER/scrape_and_push_dag.py', '--cfg-path', '/tmp/tmpdqesni7p']
[2023-05-07T06:57:13.177+0000] {standard_task_runner.py:83} INFO - Job 2965: Subtask scrape_teams_25-30
[2023-05-07T06:57:13.248+0000] {task_command.py:389} INFO - Running <TaskInstance: scrape_and_save_to_csv.scrape_teams_25-30 scheduled__2022-05-01T14:00:00+00:00 [running]> on host 6589836e9c08
[2023-05-07T06:57:13.285+0000] {warnings.py:110} WARNING - /home/***/.local/lib/python3.7/site-packages/***/utils/context.py:205: AirflowContextDeprecationWarning: Accessing 'execution_date' from the template is deprecated and will be removed in a future version. Please use 'data_interval_start' or 'logical_date' instead.
  warnings.warn(_create_deprecation_warning(key, self._deprecation_replacements[key]))

[2023-05-07T06:57:13.328+0000] {taskinstance.py:1518} INFO - Exporting the following env vars:
AIRFLOW_CTX_DAG_OWNER=***
AIRFLOW_CTX_DAG_ID=scrape_and_save_to_csv
AIRFLOW_CTX_TASK_ID=scrape_teams_25-30
AIRFLOW_CTX_EXECUTION_DATE=2022-05-01T14:00:00+00:00
AIRFLOW_CTX_TRY_NUMBER=1
AIRFLOW_CTX_DAG_RUN_ID=scheduled__2022-05-01T14:00:00+00:00
[2023-05-07T06:57:13.761+0000] {logging_mixin.py:137} INFO - Expecting value: line 1 column 1 (char 0)
[2023-05-07T06:57:13.765+0000] {helpers.py:92} ERROR - Expecting value: line 1 column 1 (char 0)
[2023-05-07T06:57:13.777+0000] {helpers.py:93} ERROR - Retrying! 9 attempts before skipping!
[2023-05-07T06:57:15.299+0000] {logging_mixin.py:137} INFO - Expecting value: line 1 column 1 (char 0)
[2023-05-07T06:57:15.304+0000] {helpers.py:92} ERROR - Expecting value: line 1 column 1 (char 0)
[2023-05-07T06:57:15.311+0000] {helpers.py:93} ERROR - Retrying! 8 attempts before skipping!
[2023-05-07T06:57:16.810+0000] {logging_mixin.py:137} INFO - Expecting value: line 1 column 1 (char 0)
[2023-05-07T06:57:16.812+0000] {helpers.py:92} ERROR - Expecting value: line 1 column 1 (char 0)
[2023-05-07T06:57:16.813+0000] {helpers.py:93} ERROR - Retrying! 7 attempts before skipping!
[2023-05-07T06:57:17.956+0000] {logging_mixin.py:137} INFO - Expecting value: line 1 column 1 (char 0)
[2023-05-07T06:57:17.958+0000] {helpers.py:92} ERROR - Expecting value: line 1 column 1 (char 0)
[2023-05-07T06:57:17.959+0000] {helpers.py:93} ERROR - Retrying! 6 attempts before skipping!
[2023-05-07T06:57:19.170+0000] {logging_mixin.py:137} INFO - Expecting value: line 1 column 1 (char 0)
[2023-05-07T06:57:19.172+0000] {helpers.py:92} ERROR - Expecting value: line 1 column 1 (char 0)
[2023-05-07T06:57:19.173+0000] {helpers.py:93} ERROR - Retrying! 5 attempts before skipping!
[2023-05-07T06:57:20.431+0000] {logging_mixin.py:137} INFO - Expecting value: line 1 column 1 (char 0)
[2023-05-07T06:57:20.433+0000] {helpers.py:92} ERROR - Expecting value: line 1 column 1 (char 0)
[2023-05-07T06:57:20.435+0000] {helpers.py:93} ERROR - Retrying! 4 attempts before skipping!
[2023-05-07T06:57:21.582+0000] {logging_mixin.py:137} INFO - Expecting value: line 1 column 1 (char 0)
[2023-05-07T06:57:21.583+0000] {helpers.py:92} ERROR - Expecting value: line 1 column 1 (char 0)
[2023-05-07T06:57:21.585+0000] {helpers.py:93} ERROR - Retrying! 3 attempts before skipping!
[2023-05-07T06:57:22.833+0000] {logging_mixin.py:137} INFO - Expecting value: line 1 column 1 (char 0)
[2023-05-07T06:57:22.836+0000] {helpers.py:92} ERROR - Expecting value: line 1 column 1 (char 0)
[2023-05-07T06:57:22.837+0000] {helpers.py:93} ERROR - Retrying! 2 attempts before skipping!
[2023-05-07T06:57:23.990+0000] {logging_mixin.py:137} INFO - Expecting value: line 1 column 1 (char 0)
[2023-05-07T06:57:23.991+0000] {helpers.py:92} ERROR - Expecting value: line 1 column 1 (char 0)
[2023-05-07T06:57:23.992+0000] {helpers.py:93} ERROR - Retrying! 1 attempts before skipping!
[2023-05-07T06:57:25.301+0000] {logging_mixin.py:137} INFO - Expecting value: line 1 column 1 (char 0)
[2023-05-07T06:57:25.310+0000] {helpers.py:92} ERROR - Expecting value: line 1 column 1 (char 0)
[2023-05-07T06:57:25.311+0000] {helpers.py:93} ERROR - Retrying! 0 attempts before skipping!
[2023-05-07T06:57:26.554+0000] {logging_mixin.py:137} INFO - Expecting value: line 1 column 1 (char 0)
[2023-05-07T06:57:26.555+0000] {helpers.py:92} ERROR - Expecting value: line 1 column 1 (char 0)
[2023-05-07T06:57:26.556+0000] {helpers.py:93} ERROR - Retrying! -1 attempts before skipping!
[2023-05-07T06:57:28.317+0000] {helpers.py:86} INFO - Sacramento Kings: Successfully scraped!
[2023-05-07T06:57:28.806+0000] {logging_mixin.py:137} INFO - Expecting value: line 1 column 1 (char 0)
[2023-05-07T06:57:28.807+0000] {helpers.py:92} ERROR - Expecting value: line 1 column 1 (char 0)
[2023-05-07T06:57:28.809+0000] {helpers.py:93} ERROR - Retrying! 9 attempts before skipping!
[2023-05-07T06:57:30.238+0000] {logging_mixin.py:137} INFO - Expecting value: line 1 column 1 (char 0)
[2023-05-07T06:57:30.239+0000] {helpers.py:92} ERROR - Expecting value: line 1 column 1 (char 0)
[2023-05-07T06:57:30.250+0000] {helpers.py:93} ERROR - Retrying! 8 attempts before skipping!
[2023-05-07T06:57:31.514+0000] {logging_mixin.py:137} INFO - Expecting value: line 1 column 1 (char 0)
[2023-05-07T06:57:31.516+0000] {helpers.py:92} ERROR - Expecting value: line 1 column 1 (char 0)
[2023-05-07T06:57:31.518+0000] {helpers.py:93} ERROR - Retrying! 7 attempts before skipping!
[2023-05-07T06:57:33.032+0000] {helpers.py:86} INFO - San Antonio Spurs: Successfully scraped!
[2023-05-07T06:57:33.211+0000] {logging_mixin.py:137} INFO - Expecting value: line 1 column 1 (char 0)
[2023-05-07T06:57:33.213+0000] {helpers.py:92} ERROR - Expecting value: line 1 column 1 (char 0)
[2023-05-07T06:57:33.214+0000] {helpers.py:93} ERROR - Retrying! 9 attempts before skipping!
[2023-05-07T06:57:34.544+0000] {logging_mixin.py:137} INFO - Expecting value: line 1 column 1 (char 0)
[2023-05-07T06:57:34.546+0000] {helpers.py:92} ERROR - Expecting value: line 1 column 1 (char 0)
[2023-05-07T06:57:34.547+0000] {helpers.py:93} ERROR - Retrying! 8 attempts before skipping!
[2023-05-07T06:57:36.892+0000] {helpers.py:86} INFO - Toronto Raptors: Successfully scraped!
[2023-05-07T06:57:37.460+0000] {logging_mixin.py:137} INFO - Expecting value: line 1 column 1 (char 0)
[2023-05-07T06:57:37.463+0000] {helpers.py:92} ERROR - Expecting value: line 1 column 1 (char 0)
[2023-05-07T06:57:37.465+0000] {helpers.py:93} ERROR - Retrying! 9 attempts before skipping!
[2023-05-07T06:57:38.622+0000] {logging_mixin.py:137} INFO - Expecting value: line 1 column 1 (char 0)
[2023-05-07T06:57:38.624+0000] {helpers.py:92} ERROR - Expecting value: line 1 column 1 (char 0)
[2023-05-07T06:57:38.625+0000] {helpers.py:93} ERROR - Retrying! 8 attempts before skipping!
[2023-05-07T06:57:39.946+0000] {logging_mixin.py:137} INFO - Expecting value: line 1 column 1 (char 0)
[2023-05-07T06:57:39.948+0000] {helpers.py:92} ERROR - Expecting value: line 1 column 1 (char 0)
[2023-05-07T06:57:39.950+0000] {helpers.py:93} ERROR - Retrying! 7 attempts before skipping!
[2023-05-07T06:57:41.137+0000] {logging_mixin.py:137} INFO - Expecting value: line 1 column 1 (char 0)
[2023-05-07T06:57:41.142+0000] {helpers.py:92} ERROR - Expecting value: line 1 column 1 (char 0)
[2023-05-07T06:57:41.158+0000] {helpers.py:93} ERROR - Retrying! 6 attempts before skipping!
[2023-05-07T06:57:42.320+0000] {logging_mixin.py:137} INFO - Expecting value: line 1 column 1 (char 0)
[2023-05-07T06:57:42.322+0000] {helpers.py:92} ERROR - Expecting value: line 1 column 1 (char 0)
[2023-05-07T06:57:42.324+0000] {helpers.py:93} ERROR - Retrying! 5 attempts before skipping!
[2023-05-07T06:57:43.759+0000] {logging_mixin.py:137} INFO - Expecting value: line 1 column 1 (char 0)
[2023-05-07T06:57:43.761+0000] {helpers.py:92} ERROR - Expecting value: line 1 column 1 (char 0)
[2023-05-07T06:57:43.762+0000] {helpers.py:93} ERROR - Retrying! 4 attempts before skipping!
[2023-05-07T06:57:45.205+0000] {logging_mixin.py:137} INFO - Expecting value: line 1 column 1 (char 0)
[2023-05-07T06:57:45.207+0000] {helpers.py:92} ERROR - Expecting value: line 1 column 1 (char 0)
[2023-05-07T06:57:45.208+0000] {helpers.py:93} ERROR - Retrying! 3 attempts before skipping!
[2023-05-07T06:57:46.393+0000] {logging_mixin.py:137} INFO - Expecting value: line 1 column 1 (char 0)
[2023-05-07T06:57:46.399+0000] {helpers.py:92} ERROR - Expecting value: line 1 column 1 (char 0)
[2023-05-07T06:57:46.403+0000] {helpers.py:93} ERROR - Retrying! 2 attempts before skipping!
[2023-05-07T06:57:47.586+0000] {logging_mixin.py:137} INFO - Expecting value: line 1 column 1 (char 0)
[2023-05-07T06:57:47.588+0000] {helpers.py:92} ERROR - Expecting value: line 1 column 1 (char 0)
[2023-05-07T06:57:47.590+0000] {helpers.py:93} ERROR - Retrying! 1 attempts before skipping!
[2023-05-07T06:57:48.832+0000] {logging_mixin.py:137} INFO - Expecting value: line 1 column 1 (char 0)
[2023-05-07T06:57:48.840+0000] {helpers.py:92} ERROR - Expecting value: line 1 column 1 (char 0)
[2023-05-07T06:57:48.841+0000] {helpers.py:93} ERROR - Retrying! 0 attempts before skipping!
[2023-05-07T06:57:50.086+0000] {logging_mixin.py:137} INFO - Expecting value: line 1 column 1 (char 0)
[2023-05-07T06:57:50.088+0000] {helpers.py:92} ERROR - Expecting value: line 1 column 1 (char 0)
[2023-05-07T06:57:50.089+0000] {helpers.py:93} ERROR - Retrying! -1 attempts before skipping!
[2023-05-07T06:57:51.424+0000] {logging_mixin.py:137} INFO - Expecting value: line 1 column 1 (char 0)
[2023-05-07T06:57:51.426+0000] {helpers.py:92} ERROR - Expecting value: line 1 column 1 (char 0)
[2023-05-07T06:57:51.428+0000] {helpers.py:93} ERROR - Retrying! 9 attempts before skipping!
[2023-05-07T06:57:52.933+0000] {logging_mixin.py:137} INFO - Expecting value: line 1 column 1 (char 0)
[2023-05-07T06:57:52.936+0000] {helpers.py:92} ERROR - Expecting value: line 1 column 1 (char 0)
[2023-05-07T06:57:52.939+0000] {helpers.py:93} ERROR - Retrying! 8 attempts before skipping!
[2023-05-07T06:57:53.657+0000] {local_task_job.py:277} WARNING - State of this instance has been externally set to None. Terminating instance.
[2023-05-07T06:57:53.684+0000] {process_utils.py:133} INFO - Sending Signals.SIGTERM to group 2803. PIDs of all processes in the group: [2803]
[2023-05-07T06:57:53.688+0000] {process_utils.py:84} INFO - Sending the signal Signals.SIGTERM to group 2803
[2023-05-07T06:57:53.692+0000] {taskinstance.py:1488} ERROR - Received SIGTERM. Terminating subprocesses.
[2023-05-07T06:57:53.721+0000] {taskinstance.py:1776} ERROR - Task failed with exception
Traceback (most recent call last):
  File "/opt/airflow/dags/helpers.py", line 66, in scrape_and_save
    payloads = json.loads(resp.text)["data"]
  File "/usr/local/lib/python3.7/json/__init__.py", line 348, in loads
    return _default_decoder.decode(s)
  File "/usr/local/lib/python3.7/json/decoder.py", line 337, in decode
    obj, end = self.raw_decode(s, idx=_w(s, 0).end())
  File "/usr/local/lib/python3.7/json/decoder.py", line 355, in raw_decode
    raise JSONDecodeError("Expecting value", s, err.value) from None
json.decoder.JSONDecodeError: Expecting value: line 1 column 1 (char 0)

During handling of the above exception, another exception occurred:

Traceback (most recent call last):
  File "/home/airflow/.local/lib/python3.7/site-packages/airflow/operators/python.py", line 175, in execute
    return_value = self.execute_callable()
  File "/home/airflow/.local/lib/python3.7/site-packages/airflow/operators/python.py", line 192, in execute_callable
    return self.python_callable(*self.op_args, **self.op_kwargs)
  File "/opt/airflow/dags/helpers.py", line 94, in scrape_and_save
    time.sleep(1)
  File "/home/airflow/.local/lib/python3.7/site-packages/airflow/models/taskinstance.py", line 1490, in signal_handler
    raise AirflowException("Task received SIGTERM signal")
airflow.exceptions.AirflowException: Task received SIGTERM signal
[2023-05-07T06:57:53.740+0000] {taskinstance.py:1332} INFO - Marking task as FAILED. dag_id=scrape_and_save_to_csv, task_id=scrape_teams_25-30, execution_date=20220501T140000, start_date=20230507T065713, end_date=20230507T065753
[2023-05-07T06:57:53.830+0000] {standard_task_runner.py:105} ERROR - Failed to execute job 2965 for task scrape_teams_25-30 ((psycopg2.errors.ForeignKeyViolation) insert or update on table "task_fail" violates foreign key constraint "task_fail_ti_fkey"
DETAIL:  Key (dag_id, task_id, run_id, map_index)=(scrape_and_save_to_csv, scrape_teams_25-30, scheduled__2022-05-01T14:00:00+00:00, -1) is not present in table "task_instance".

[SQL: INSERT INTO task_fail (task_id, dag_id, run_id, map_index, start_date, end_date, duration) VALUES (%(task_id)s, %(dag_id)s, %(run_id)s, %(map_index)s, %(start_date)s, %(end_date)s, %(duration)s) RETURNING task_fail.id]
[parameters: {'task_id': 'scrape_teams_25-30', 'dag_id': 'scrape_and_save_to_csv', 'run_id': 'scheduled__2022-05-01T14:00:00+00:00', 'map_index': -1, 'start_date': datetime.datetime(2023, 5, 7, 6, 57, 13, 146678, tzinfo=Timezone('UTC')), 'end_date': datetime.datetime(2023, 5, 7, 6, 57, 53, 739565, tzinfo=Timezone('UTC')), 'duration': 40}]
(Background on this error at: https://sqlalche.me/e/14/gkpj); 2803)
[2023-05-07T06:57:54.036+0000] {process_utils.py:79} INFO - Process psutil.Process(pid=2803, status='terminated', exitcode=1, started='06:57:12') (2803) terminated with exit code 1
[2023-05-07T15:50:42.901+0000] {taskinstance.py:1090} INFO - Dependencies all met for dep_context=non-requeueable deps ti=<TaskInstance: scrape_and_save_to_csv.scrape_teams_25-30 scheduled__2022-05-01T14:00:00+00:00 [queued]>
[2023-05-07T15:50:42.914+0000] {taskinstance.py:1090} INFO - Dependencies all met for dep_context=requeueable deps ti=<TaskInstance: scrape_and_save_to_csv.scrape_teams_25-30 scheduled__2022-05-01T14:00:00+00:00 [queued]>
[2023-05-07T15:50:42.916+0000] {taskinstance.py:1288} INFO - 
--------------------------------------------------------------------------------
[2023-05-07T15:50:42.918+0000] {taskinstance.py:1289} INFO - Starting attempt 1 of 1
[2023-05-07T15:50:42.919+0000] {taskinstance.py:1290} INFO - 
--------------------------------------------------------------------------------
[2023-05-07T15:50:42.946+0000] {taskinstance.py:1309} INFO - Executing <Task(PythonOperator): scrape_teams_25-30> on 2022-05-01 14:00:00+00:00
[2023-05-07T15:50:42.954+0000] {standard_task_runner.py:55} INFO - Started process 4215 to run task
[2023-05-07T15:50:42.960+0000] {standard_task_runner.py:82} INFO - Running: ['***', 'tasks', 'run', 'scrape_and_save_to_csv', 'scrape_teams_25-30', 'scheduled__2022-05-01T14:00:00+00:00', '--job-id', '3045', '--raw', '--subdir', 'DAGS_FOLDER/scrape_and_push_dag.py', '--cfg-path', '/tmp/tmpc6i_99z7']
[2023-05-07T15:50:42.965+0000] {standard_task_runner.py:83} INFO - Job 3045: Subtask scrape_teams_25-30
[2023-05-07T15:50:43.059+0000] {task_command.py:389} INFO - Running <TaskInstance: scrape_and_save_to_csv.scrape_teams_25-30 scheduled__2022-05-01T14:00:00+00:00 [running]> on host 6589836e9c08
[2023-05-07T15:50:43.096+0000] {warnings.py:110} WARNING - /home/***/.local/lib/python3.7/site-packages/***/utils/context.py:205: AirflowContextDeprecationWarning: Accessing 'execution_date' from the template is deprecated and will be removed in a future version. Please use 'data_interval_start' or 'logical_date' instead.
  warnings.warn(_create_deprecation_warning(key, self._deprecation_replacements[key]))

[2023-05-07T15:50:43.174+0000] {taskinstance.py:1518} INFO - Exporting the following env vars:
AIRFLOW_CTX_DAG_OWNER=***
AIRFLOW_CTX_DAG_ID=scrape_and_save_to_csv
AIRFLOW_CTX_TASK_ID=scrape_teams_25-30
AIRFLOW_CTX_EXECUTION_DATE=2022-05-01T14:00:00+00:00
AIRFLOW_CTX_TRY_NUMBER=1
AIRFLOW_CTX_DAG_RUN_ID=scheduled__2022-05-01T14:00:00+00:00
[2023-05-07T15:50:43.540+0000] {logging_mixin.py:137} INFO - Expecting value: line 1 column 1 (char 0)
[2023-05-07T15:50:43.541+0000] {helpers.py:93} ERROR - Expecting value: line 1 column 1 (char 0)
[2023-05-07T15:50:43.542+0000] {helpers.py:94} ERROR - Retrying! 9 attempts before skipping!
[2023-05-07T15:50:44.832+0000] {logging_mixin.py:137} INFO - Expecting value: line 1 column 1 (char 0)
[2023-05-07T15:50:44.874+0000] {helpers.py:93} ERROR - Expecting value: line 1 column 1 (char 0)
[2023-05-07T15:50:44.876+0000] {helpers.py:94} ERROR - Retrying! 8 attempts before skipping!
[2023-05-07T15:50:46.242+0000] {logging_mixin.py:137} INFO - Expecting value: line 1 column 1 (char 0)
[2023-05-07T15:50:46.244+0000] {helpers.py:93} ERROR - Expecting value: line 1 column 1 (char 0)
[2023-05-07T15:50:46.247+0000] {helpers.py:94} ERROR - Retrying! 7 attempts before skipping!
[2023-05-07T15:50:47.439+0000] {logging_mixin.py:137} INFO - Expecting value: line 1 column 1 (char 0)
[2023-05-07T15:50:47.441+0000] {helpers.py:93} ERROR - Expecting value: line 1 column 1 (char 0)
[2023-05-07T15:50:47.442+0000] {helpers.py:94} ERROR - Retrying! 6 attempts before skipping!
[2023-05-07T15:50:48.708+0000] {logging_mixin.py:137} INFO - Expecting value: line 1 column 1 (char 0)
[2023-05-07T15:50:48.712+0000] {helpers.py:93} ERROR - Expecting value: line 1 column 1 (char 0)
[2023-05-07T15:50:48.729+0000] {helpers.py:94} ERROR - Retrying! 5 attempts before skipping!
[2023-05-07T15:50:49.889+0000] {logging_mixin.py:137} INFO - Expecting value: line 1 column 1 (char 0)
[2023-05-07T15:50:49.891+0000] {helpers.py:93} ERROR - Expecting value: line 1 column 1 (char 0)
[2023-05-07T15:50:49.893+0000] {helpers.py:94} ERROR - Retrying! 4 attempts before skipping!
[2023-05-07T15:50:51.053+0000] {logging_mixin.py:137} INFO - Expecting value: line 1 column 1 (char 0)
[2023-05-07T15:50:51.055+0000] {helpers.py:93} ERROR - Expecting value: line 1 column 1 (char 0)
[2023-05-07T15:50:51.056+0000] {helpers.py:94} ERROR - Retrying! 3 attempts before skipping!
[2023-05-07T15:50:52.224+0000] {logging_mixin.py:137} INFO - Expecting value: line 1 column 1 (char 0)
[2023-05-07T15:50:52.225+0000] {helpers.py:93} ERROR - Expecting value: line 1 column 1 (char 0)
[2023-05-07T15:50:52.226+0000] {helpers.py:94} ERROR - Retrying! 2 attempts before skipping!
[2023-05-07T15:50:53.375+0000] {logging_mixin.py:137} INFO - Expecting value: line 1 column 1 (char 0)
[2023-05-07T15:50:53.376+0000] {helpers.py:93} ERROR - Expecting value: line 1 column 1 (char 0)
[2023-05-07T15:50:53.378+0000] {helpers.py:94} ERROR - Retrying! 1 attempts before skipping!
[2023-05-07T15:50:54.537+0000] {logging_mixin.py:137} INFO - Expecting value: line 1 column 1 (char 0)
[2023-05-07T15:50:54.538+0000] {helpers.py:93} ERROR - Expecting value: line 1 column 1 (char 0)
[2023-05-07T15:50:54.539+0000] {helpers.py:94} ERROR - Retrying! 0 attempts before skipping!
[2023-05-07T15:50:55.882+0000] {logging_mixin.py:137} INFO - Expecting value: line 1 column 1 (char 0)
[2023-05-07T15:50:55.883+0000] {helpers.py:93} ERROR - Expecting value: line 1 column 1 (char 0)
[2023-05-07T15:50:55.884+0000] {helpers.py:94} ERROR - Retrying! -1 attempts before skipping!
[2023-05-07T15:50:57.276+0000] {logging_mixin.py:137} INFO - Expecting value: line 1 column 1 (char 0)
[2023-05-07T15:50:57.278+0000] {helpers.py:93} ERROR - Expecting value: line 1 column 1 (char 0)
[2023-05-07T15:50:57.281+0000] {helpers.py:94} ERROR - Retrying! 9 attempts before skipping!
[2023-05-07T15:50:58.434+0000] {logging_mixin.py:137} INFO - Expecting value: line 1 column 1 (char 0)
[2023-05-07T15:50:58.436+0000] {helpers.py:93} ERROR - Expecting value: line 1 column 1 (char 0)
[2023-05-07T15:50:58.437+0000] {helpers.py:94} ERROR - Retrying! 8 attempts before skipping!
[2023-05-07T15:50:59.593+0000] {logging_mixin.py:137} INFO - Expecting value: line 1 column 1 (char 0)
[2023-05-07T15:50:59.595+0000] {helpers.py:93} ERROR - Expecting value: line 1 column 1 (char 0)
[2023-05-07T15:50:59.598+0000] {helpers.py:94} ERROR - Retrying! 7 attempts before skipping!
[2023-05-07T15:51:00.908+0000] {logging_mixin.py:137} INFO - Expecting value: line 1 column 1 (char 0)
[2023-05-07T15:51:00.909+0000] {helpers.py:93} ERROR - Expecting value: line 1 column 1 (char 0)
[2023-05-07T15:51:00.910+0000] {helpers.py:94} ERROR - Retrying! 6 attempts before skipping!
[2023-05-07T15:51:02.066+0000] {logging_mixin.py:137} INFO - Expecting value: line 1 column 1 (char 0)
[2023-05-07T15:51:02.068+0000] {helpers.py:93} ERROR - Expecting value: line 1 column 1 (char 0)
[2023-05-07T15:51:02.070+0000] {helpers.py:94} ERROR - Retrying! 5 attempts before skipping!
[2023-05-07T15:51:03.416+0000] {logging_mixin.py:137} INFO - Expecting value: line 1 column 1 (char 0)
[2023-05-07T15:51:03.456+0000] {helpers.py:93} ERROR - Expecting value: line 1 column 1 (char 0)
[2023-05-07T15:51:03.457+0000] {helpers.py:94} ERROR - Retrying! 4 attempts before skipping!
[2023-05-07T15:51:04.765+0000] {logging_mixin.py:137} INFO - Expecting value: line 1 column 1 (char 0)
[2023-05-07T15:51:04.767+0000] {helpers.py:93} ERROR - Expecting value: line 1 column 1 (char 0)
[2023-05-07T15:51:04.772+0000] {helpers.py:94} ERROR - Retrying! 3 attempts before skipping!
[2023-05-07T15:51:05.930+0000] {logging_mixin.py:137} INFO - Expecting value: line 1 column 1 (char 0)
[2023-05-07T15:51:05.932+0000] {helpers.py:93} ERROR - Expecting value: line 1 column 1 (char 0)
[2023-05-07T15:51:05.934+0000] {helpers.py:94} ERROR - Retrying! 2 attempts before skipping!
[2023-05-07T15:51:07.278+0000] {logging_mixin.py:137} INFO - Expecting value: line 1 column 1 (char 0)
[2023-05-07T15:51:07.279+0000] {helpers.py:93} ERROR - Expecting value: line 1 column 1 (char 0)
[2023-05-07T15:51:07.280+0000] {helpers.py:94} ERROR - Retrying! 1 attempts before skipping!
[2023-05-07T15:51:08.432+0000] {logging_mixin.py:137} INFO - Expecting value: line 1 column 1 (char 0)
[2023-05-07T15:51:08.433+0000] {helpers.py:93} ERROR - Expecting value: line 1 column 1 (char 0)
[2023-05-07T15:51:08.434+0000] {helpers.py:94} ERROR - Retrying! 0 attempts before skipping!
[2023-05-07T15:51:09.809+0000] {logging_mixin.py:137} INFO - Expecting value: line 1 column 1 (char 0)
[2023-05-07T15:51:09.812+0000] {helpers.py:93} ERROR - Expecting value: line 1 column 1 (char 0)
[2023-05-07T15:51:09.814+0000] {helpers.py:94} ERROR - Retrying! -1 attempts before skipping!
[2023-05-07T15:51:11.174+0000] {logging_mixin.py:137} INFO - Expecting value: line 1 column 1 (char 0)
[2023-05-07T15:51:11.181+0000] {helpers.py:93} ERROR - Expecting value: line 1 column 1 (char 0)
[2023-05-07T15:51:11.189+0000] {helpers.py:94} ERROR - Retrying! 9 attempts before skipping!
[2023-05-07T15:51:12.634+0000] {logging_mixin.py:137} INFO - Expecting value: line 1 column 1 (char 0)
[2023-05-07T15:51:12.645+0000] {helpers.py:93} ERROR - Expecting value: line 1 column 1 (char 0)
[2023-05-07T15:51:12.646+0000] {helpers.py:94} ERROR - Retrying! 8 attempts before skipping!
[2023-05-07T15:51:13.971+0000] {logging_mixin.py:137} INFO - Expecting value: line 1 column 1 (char 0)
[2023-05-07T15:51:13.976+0000] {helpers.py:93} ERROR - Expecting value: line 1 column 1 (char 0)
[2023-05-07T15:51:13.987+0000] {helpers.py:94} ERROR - Retrying! 7 attempts before skipping!
[2023-05-07T15:51:15.407+0000] {logging_mixin.py:137} INFO - Expecting value: line 1 column 1 (char 0)
[2023-05-07T15:51:15.435+0000] {helpers.py:93} ERROR - Expecting value: line 1 column 1 (char 0)
[2023-05-07T15:51:15.437+0000] {helpers.py:94} ERROR - Retrying! 6 attempts before skipping!
[2023-05-07T15:51:16.912+0000] {logging_mixin.py:137} INFO - Expecting value: line 1 column 1 (char 0)
[2023-05-07T15:51:16.916+0000] {helpers.py:93} ERROR - Expecting value: line 1 column 1 (char 0)
[2023-05-07T15:51:16.919+0000] {helpers.py:94} ERROR - Retrying! 5 attempts before skipping!
[2023-05-07T15:51:18.099+0000] {logging_mixin.py:137} INFO - Expecting value: line 1 column 1 (char 0)
[2023-05-07T15:51:18.104+0000] {helpers.py:93} ERROR - Expecting value: line 1 column 1 (char 0)
[2023-05-07T15:51:18.107+0000] {helpers.py:94} ERROR - Retrying! 4 attempts before skipping!
[2023-05-07T15:51:19.277+0000] {logging_mixin.py:137} INFO - Expecting value: line 1 column 1 (char 0)
[2023-05-07T15:51:19.281+0000] {helpers.py:93} ERROR - Expecting value: line 1 column 1 (char 0)
[2023-05-07T15:51:19.340+0000] {helpers.py:94} ERROR - Retrying! 3 attempts before skipping!
[2023-05-07T15:51:20.539+0000] {logging_mixin.py:137} INFO - Expecting value: line 1 column 1 (char 0)
[2023-05-07T15:51:20.541+0000] {helpers.py:93} ERROR - Expecting value: line 1 column 1 (char 0)
[2023-05-07T15:51:20.542+0000] {helpers.py:94} ERROR - Retrying! 2 attempts before skipping!
[2023-05-07T15:51:21.782+0000] {logging_mixin.py:137} INFO - Expecting value: line 1 column 1 (char 0)
[2023-05-07T15:51:21.784+0000] {helpers.py:93} ERROR - Expecting value: line 1 column 1 (char 0)
[2023-05-07T15:51:21.786+0000] {helpers.py:94} ERROR - Retrying! 1 attempts before skipping!
[2023-05-07T15:51:22.957+0000] {logging_mixin.py:137} INFO - Expecting value: line 1 column 1 (char 0)
[2023-05-07T15:51:22.959+0000] {helpers.py:93} ERROR - Expecting value: line 1 column 1 (char 0)
[2023-05-07T15:51:22.960+0000] {helpers.py:94} ERROR - Retrying! 0 attempts before skipping!
[2023-05-07T15:51:24.205+0000] {logging_mixin.py:137} INFO - Expecting value: line 1 column 1 (char 0)
[2023-05-07T15:51:24.206+0000] {helpers.py:93} ERROR - Expecting value: line 1 column 1 (char 0)
[2023-05-07T15:51:24.207+0000] {helpers.py:94} ERROR - Retrying! -1 attempts before skipping!
[2023-05-07T15:51:25.373+0000] {logging_mixin.py:137} INFO - Expecting value: line 1 column 1 (char 0)
[2023-05-07T15:51:25.374+0000] {helpers.py:93} ERROR - Expecting value: line 1 column 1 (char 0)
[2023-05-07T15:51:25.375+0000] {helpers.py:94} ERROR - Retrying! 9 attempts before skipping!
[2023-05-07T15:51:26.824+0000] {logging_mixin.py:137} INFO - Expecting value: line 1 column 1 (char 0)
[2023-05-07T15:51:26.828+0000] {helpers.py:93} ERROR - Expecting value: line 1 column 1 (char 0)
[2023-05-07T15:51:26.832+0000] {helpers.py:94} ERROR - Retrying! 8 attempts before skipping!
[2023-05-07T15:51:28.016+0000] {logging_mixin.py:137} INFO - Expecting value: line 1 column 1 (char 0)
[2023-05-07T15:51:28.020+0000] {helpers.py:93} ERROR - Expecting value: line 1 column 1 (char 0)
[2023-05-07T15:51:28.023+0000] {helpers.py:94} ERROR - Retrying! 7 attempts before skipping!
[2023-05-07T15:51:29.432+0000] {logging_mixin.py:137} INFO - Expecting value: line 1 column 1 (char 0)
[2023-05-07T15:51:29.434+0000] {helpers.py:93} ERROR - Expecting value: line 1 column 1 (char 0)
[2023-05-07T15:51:29.435+0000] {helpers.py:94} ERROR - Retrying! 6 attempts before skipping!
[2023-05-07T15:51:30.699+0000] {logging_mixin.py:137} INFO - Expecting value: line 1 column 1 (char 0)
[2023-05-07T15:51:30.700+0000] {helpers.py:93} ERROR - Expecting value: line 1 column 1 (char 0)
[2023-05-07T15:51:30.701+0000] {helpers.py:94} ERROR - Retrying! 5 attempts before skipping!
[2023-05-07T15:51:31.896+0000] {logging_mixin.py:137} INFO - Expecting value: line 1 column 1 (char 0)
[2023-05-07T15:51:31.898+0000] {helpers.py:93} ERROR - Expecting value: line 1 column 1 (char 0)
[2023-05-07T15:51:31.906+0000] {helpers.py:94} ERROR - Retrying! 4 attempts before skipping!
[2023-05-07T15:51:33.062+0000] {logging_mixin.py:137} INFO - Expecting value: line 1 column 1 (char 0)
[2023-05-07T15:51:33.063+0000] {helpers.py:93} ERROR - Expecting value: line 1 column 1 (char 0)
[2023-05-07T15:51:33.064+0000] {helpers.py:94} ERROR - Retrying! 3 attempts before skipping!
[2023-05-07T15:51:34.390+0000] {logging_mixin.py:137} INFO - Expecting value: line 1 column 1 (char 0)
[2023-05-07T15:51:34.392+0000] {helpers.py:93} ERROR - Expecting value: line 1 column 1 (char 0)
[2023-05-07T15:51:34.393+0000] {helpers.py:94} ERROR - Retrying! 2 attempts before skipping!
[2023-05-07T15:51:35.661+0000] {logging_mixin.py:137} INFO - Expecting value: line 1 column 1 (char 0)
[2023-05-07T15:51:35.666+0000] {helpers.py:93} ERROR - Expecting value: line 1 column 1 (char 0)
[2023-05-07T15:51:35.668+0000] {helpers.py:94} ERROR - Retrying! 1 attempts before skipping!
[2023-05-07T15:51:36.820+0000] {logging_mixin.py:137} INFO - Expecting value: line 1 column 1 (char 0)
[2023-05-07T15:51:36.821+0000] {helpers.py:93} ERROR - Expecting value: line 1 column 1 (char 0)
[2023-05-07T15:51:36.823+0000] {helpers.py:94} ERROR - Retrying! 0 attempts before skipping!
[2023-05-07T15:51:38.062+0000] {logging_mixin.py:137} INFO - Expecting value: line 1 column 1 (char 0)
[2023-05-07T15:51:38.063+0000] {helpers.py:93} ERROR - Expecting value: line 1 column 1 (char 0)
[2023-05-07T15:51:38.064+0000] {helpers.py:94} ERROR - Retrying! -1 attempts before skipping!
[2023-05-07T15:51:39.425+0000] {logging_mixin.py:137} INFO - Expecting value: line 1 column 1 (char 0)
[2023-05-07T15:51:39.426+0000] {helpers.py:93} ERROR - Expecting value: line 1 column 1 (char 0)
[2023-05-07T15:51:39.428+0000] {helpers.py:94} ERROR - Retrying! 9 attempts before skipping!
[2023-05-07T15:51:40.584+0000] {logging_mixin.py:137} INFO - Expecting value: line 1 column 1 (char 0)
[2023-05-07T15:51:40.586+0000] {helpers.py:93} ERROR - Expecting value: line 1 column 1 (char 0)
[2023-05-07T15:51:40.588+0000] {helpers.py:94} ERROR - Retrying! 8 attempts before skipping!
[2023-05-07T15:51:41.971+0000] {logging_mixin.py:137} INFO - Expecting value: line 1 column 1 (char 0)
[2023-05-07T15:51:41.985+0000] {helpers.py:93} ERROR - Expecting value: line 1 column 1 (char 0)
[2023-05-07T15:51:41.986+0000] {helpers.py:94} ERROR - Retrying! 7 attempts before skipping!
[2023-05-07T15:51:43.150+0000] {logging_mixin.py:137} INFO - Expecting value: line 1 column 1 (char 0)
[2023-05-07T15:51:43.152+0000] {helpers.py:93} ERROR - Expecting value: line 1 column 1 (char 0)
[2023-05-07T15:51:43.153+0000] {helpers.py:94} ERROR - Retrying! 6 attempts before skipping!
[2023-05-07T15:51:44.516+0000] {logging_mixin.py:137} INFO - Expecting value: line 1 column 1 (char 0)
[2023-05-07T15:51:44.517+0000] {helpers.py:93} ERROR - Expecting value: line 1 column 1 (char 0)
[2023-05-07T15:51:44.518+0000] {helpers.py:94} ERROR - Retrying! 5 attempts before skipping!
[2023-05-07T15:51:45.717+0000] {logging_mixin.py:137} INFO - Expecting value: line 1 column 1 (char 0)
[2023-05-07T15:51:45.719+0000] {helpers.py:93} ERROR - Expecting value: line 1 column 1 (char 0)
[2023-05-07T15:51:45.730+0000] {helpers.py:94} ERROR - Retrying! 4 attempts before skipping!
[2023-05-07T15:51:47.085+0000] {logging_mixin.py:137} INFO - Expecting value: line 1 column 1 (char 0)
[2023-05-07T15:51:47.121+0000] {helpers.py:93} ERROR - Expecting value: line 1 column 1 (char 0)
[2023-05-07T15:51:47.122+0000] {helpers.py:94} ERROR - Retrying! 3 attempts before skipping!
[2023-05-07T15:51:48.284+0000] {logging_mixin.py:137} INFO - Expecting value: line 1 column 1 (char 0)
[2023-05-07T15:51:48.297+0000] {helpers.py:93} ERROR - Expecting value: line 1 column 1 (char 0)
[2023-05-07T15:51:48.298+0000] {helpers.py:94} ERROR - Retrying! 2 attempts before skipping!
[2023-05-07T15:51:49.479+0000] {logging_mixin.py:137} INFO - Expecting value: line 1 column 1 (char 0)
[2023-05-07T15:51:49.482+0000] {helpers.py:93} ERROR - Expecting value: line 1 column 1 (char 0)
[2023-05-07T15:51:49.485+0000] {helpers.py:94} ERROR - Retrying! 1 attempts before skipping!
[2023-05-07T15:51:50.663+0000] {logging_mixin.py:137} INFO - Expecting value: line 1 column 1 (char 0)
[2023-05-07T15:51:50.666+0000] {helpers.py:93} ERROR - Expecting value: line 1 column 1 (char 0)
[2023-05-07T15:51:50.669+0000] {helpers.py:94} ERROR - Retrying! 0 attempts before skipping!
[2023-05-07T15:51:51.981+0000] {logging_mixin.py:137} INFO - Expecting value: line 1 column 1 (char 0)
[2023-05-07T15:51:51.987+0000] {helpers.py:93} ERROR - Expecting value: line 1 column 1 (char 0)
[2023-05-07T15:51:51.990+0000] {helpers.py:94} ERROR - Retrying! -1 attempts before skipping!
[2023-05-07T15:51:53.137+0000] {logging_mixin.py:137} INFO - Expecting value: line 1 column 1 (char 0)
[2023-05-07T15:51:53.138+0000] {helpers.py:93} ERROR - Expecting value: line 1 column 1 (char 0)
[2023-05-07T15:51:53.139+0000] {helpers.py:94} ERROR - Retrying! 9 attempts before skipping!
[2023-05-07T15:51:54.521+0000] {logging_mixin.py:137} INFO - Expecting value: line 1 column 1 (char 0)
[2023-05-07T15:51:54.523+0000] {helpers.py:93} ERROR - Expecting value: line 1 column 1 (char 0)
[2023-05-07T15:51:54.524+0000] {helpers.py:94} ERROR - Retrying! 8 attempts before skipping!
[2023-05-07T15:51:56.177+0000] {logging_mixin.py:137} INFO - Expecting value: line 1 column 1 (char 0)
[2023-05-07T15:51:56.179+0000] {helpers.py:93} ERROR - Expecting value: line 1 column 1 (char 0)
[2023-05-07T15:51:56.180+0000] {helpers.py:94} ERROR - Retrying! 7 attempts before skipping!
[2023-05-07T15:51:57.359+0000] {logging_mixin.py:137} INFO - Expecting value: line 1 column 1 (char 0)
[2023-05-07T15:51:57.361+0000] {helpers.py:93} ERROR - Expecting value: line 1 column 1 (char 0)
[2023-05-07T15:51:57.396+0000] {helpers.py:94} ERROR - Retrying! 6 attempts before skipping!
[2023-05-07T15:51:58.631+0000] {logging_mixin.py:137} INFO - Expecting value: line 1 column 1 (char 0)
[2023-05-07T15:51:58.635+0000] {helpers.py:93} ERROR - Expecting value: line 1 column 1 (char 0)
[2023-05-07T15:51:58.640+0000] {helpers.py:94} ERROR - Retrying! 5 attempts before skipping!
[2023-05-07T15:51:59.990+0000] {logging_mixin.py:137} INFO - Expecting value: line 1 column 1 (char 0)
[2023-05-07T15:51:59.992+0000] {helpers.py:93} ERROR - Expecting value: line 1 column 1 (char 0)
[2023-05-07T15:51:59.995+0000] {helpers.py:94} ERROR - Retrying! 4 attempts before skipping!
[2023-05-07T15:52:01.168+0000] {logging_mixin.py:137} INFO - Expecting value: line 1 column 1 (char 0)
[2023-05-07T15:52:01.171+0000] {helpers.py:93} ERROR - Expecting value: line 1 column 1 (char 0)
[2023-05-07T15:52:01.184+0000] {helpers.py:94} ERROR - Retrying! 3 attempts before skipping!
[2023-05-07T15:52:02.334+0000] {logging_mixin.py:137} INFO - Expecting value: line 1 column 1 (char 0)
[2023-05-07T15:52:02.335+0000] {helpers.py:93} ERROR - Expecting value: line 1 column 1 (char 0)
[2023-05-07T15:52:02.336+0000] {helpers.py:94} ERROR - Retrying! 2 attempts before skipping!
[2023-05-07T15:52:03.485+0000] {logging_mixin.py:137} INFO - Expecting value: line 1 column 1 (char 0)
[2023-05-07T15:52:03.486+0000] {helpers.py:93} ERROR - Expecting value: line 1 column 1 (char 0)
[2023-05-07T15:52:03.487+0000] {helpers.py:94} ERROR - Retrying! 1 attempts before skipping!
[2023-05-07T15:52:04.804+0000] {logging_mixin.py:137} INFO - Expecting value: line 1 column 1 (char 0)
[2023-05-07T15:52:04.806+0000] {helpers.py:93} ERROR - Expecting value: line 1 column 1 (char 0)
[2023-05-07T15:52:04.808+0000] {helpers.py:94} ERROR - Retrying! 0 attempts before skipping!
[2023-05-07T15:52:05.974+0000] {logging_mixin.py:137} INFO - Expecting value: line 1 column 1 (char 0)
[2023-05-07T15:52:05.975+0000] {helpers.py:93} ERROR - Expecting value: line 1 column 1 (char 0)
[2023-05-07T15:52:05.975+0000] {helpers.py:94} ERROR - Retrying! -1 attempts before skipping!
[2023-05-07T15:52:07.002+0000] {helpers.py:103} INFO - Saved in /opt/***/data/output_scrape_teams_25-30.csv
[2023-05-07T15:52:07.005+0000] {python.py:177} INFO - Done. Returned value was: Empty DataFrame
Columns: []
Index: []
[2023-05-07T15:52:07.035+0000] {xcom.py:635} ERROR - Object of type DataFrame is not JSON serializable. If you are using pickle instead of JSON for XCom, then you need to enable pickle support for XCom in your *** config or make sure to decorate your object with attr.
[2023-05-07T15:52:07.044+0000] {taskinstance.py:1776} ERROR - Task failed with exception
Traceback (most recent call last):
  File "/home/airflow/.local/lib/python3.7/site-packages/airflow/utils/session.py", line 72, in wrapper
    return func(*args, **kwargs)
  File "/home/airflow/.local/lib/python3.7/site-packages/airflow/models/taskinstance.py", line 2305, in xcom_push
    session=session,
  File "/home/airflow/.local/lib/python3.7/site-packages/airflow/utils/session.py", line 72, in wrapper
    return func(*args, **kwargs)
  File "/home/airflow/.local/lib/python3.7/site-packages/airflow/models/xcom.py", line 240, in set
    map_index=map_index,
  File "/home/airflow/.local/lib/python3.7/site-packages/airflow/models/xcom.py", line 627, in serialize_value
    return json.dumps(value, cls=XComEncoder).encode("UTF-8")
  File "/usr/local/lib/python3.7/json/__init__.py", line 238, in dumps
    **kw).encode(obj)
  File "/home/airflow/.local/lib/python3.7/site-packages/airflow/utils/json.py", line 176, in encode
    return super().encode(o)
  File "/usr/local/lib/python3.7/json/encoder.py", line 199, in encode
    chunks = self.iterencode(o, _one_shot=True)
  File "/usr/local/lib/python3.7/json/encoder.py", line 257, in iterencode
    return _iterencode(o, 0)
  File "/home/airflow/.local/lib/python3.7/site-packages/airflow/utils/json.py", line 170, in default
    return super().default(o)
  File "/usr/local/lib/python3.7/json/encoder.py", line 179, in default
    raise TypeError(f'Object of type {o.__class__.__name__} '
TypeError: Object of type DataFrame is not JSON serializable
[2023-05-07T15:52:07.057+0000] {taskinstance.py:1332} INFO - Marking task as FAILED. dag_id=scrape_and_save_to_csv, task_id=scrape_teams_25-30, execution_date=20220501T140000, start_date=20230507T155042, end_date=20230507T155207
[2023-05-07T15:52:07.075+0000] {standard_task_runner.py:105} ERROR - Failed to execute job 3045 for task scrape_teams_25-30 (Object of type DataFrame is not JSON serializable; 4215)
[2023-05-07T15:52:07.116+0000] {local_task_job.py:212} INFO - Task exited with return code 1
[2023-05-07T15:52:07.149+0000] {taskinstance.py:2596} INFO - 0 downstream tasks scheduled from follow-on schedule check
[2023-05-08T23:46:32.059+0000] {taskinstance.py:1090} INFO - Dependencies all met for dep_context=non-requeueable deps ti=<TaskInstance: scrape_and_save_to_csv.scrape_teams_25-30 scheduled__2022-05-01T14:00:00+00:00 [queued]>
[2023-05-08T23:46:32.071+0000] {taskinstance.py:1090} INFO - Dependencies all met for dep_context=requeueable deps ti=<TaskInstance: scrape_and_save_to_csv.scrape_teams_25-30 scheduled__2022-05-01T14:00:00+00:00 [queued]>
[2023-05-08T23:46:32.075+0000] {taskinstance.py:1288} INFO - 
--------------------------------------------------------------------------------
[2023-05-08T23:46:32.076+0000] {taskinstance.py:1289} INFO - Starting attempt 1 of 1
[2023-05-08T23:46:32.078+0000] {taskinstance.py:1290} INFO - 
--------------------------------------------------------------------------------
[2023-05-08T23:46:32.088+0000] {taskinstance.py:1309} INFO - Executing <Task(PythonOperator): scrape_teams_25-30> on 2022-05-01 14:00:00+00:00
[2023-05-08T23:46:32.095+0000] {standard_task_runner.py:55} INFO - Started process 415 to run task
[2023-05-08T23:46:32.102+0000] {standard_task_runner.py:82} INFO - Running: ['***', 'tasks', 'run', 'scrape_and_save_to_csv', 'scrape_teams_25-30', 'scheduled__2022-05-01T14:00:00+00:00', '--job-id', '3161', '--raw', '--subdir', 'DAGS_FOLDER/scrape_and_push_dag.py', '--cfg-path', '/tmp/tmpw0t11iw1']
[2023-05-08T23:46:32.105+0000] {standard_task_runner.py:83} INFO - Job 3161: Subtask scrape_teams_25-30
[2023-05-08T23:46:32.185+0000] {task_command.py:389} INFO - Running <TaskInstance: scrape_and_save_to_csv.scrape_teams_25-30 scheduled__2022-05-01T14:00:00+00:00 [running]> on host f41dbfa3d325
[2023-05-08T23:46:32.219+0000] {warnings.py:110} WARNING - /home/***/.local/lib/python3.7/site-packages/***/utils/context.py:205: AirflowContextDeprecationWarning: Accessing 'execution_date' from the template is deprecated and will be removed in a future version. Please use 'data_interval_start' or 'logical_date' instead.
  warnings.warn(_create_deprecation_warning(key, self._deprecation_replacements[key]))

[2023-05-08T23:46:32.269+0000] {taskinstance.py:1518} INFO - Exporting the following env vars:
AIRFLOW_CTX_DAG_OWNER=***
AIRFLOW_CTX_DAG_ID=scrape_and_save_to_csv
AIRFLOW_CTX_TASK_ID=scrape_teams_25-30
AIRFLOW_CTX_EXECUTION_DATE=2022-05-01T14:00:00+00:00
AIRFLOW_CTX_TRY_NUMBER=1
AIRFLOW_CTX_DAG_RUN_ID=scheduled__2022-05-01T14:00:00+00:00
[2023-05-08T23:46:32.274+0000] {taskinstance.py:1776} ERROR - Task failed with exception
Traceback (most recent call last):
  File "/home/airflow/.local/lib/python3.7/site-packages/airflow/operators/python.py", line 175, in execute
    return_value = self.execute_callable()
  File "/home/airflow/.local/lib/python3.7/site-packages/airflow/operators/python.py", line 192, in execute_callable
    return self.python_callable(*self.op_args, **self.op_kwargs)
  File "/opt/airflow/dags/helpers.py", line 59, in scrape_and_save
    after = datetime.fromisoformat(f"{{ execution_date }}")
ValueError: Invalid isoformat string: '{ execution_date }'
[2023-05-08T23:46:32.288+0000] {taskinstance.py:1332} INFO - Marking task as FAILED. dag_id=scrape_and_save_to_csv, task_id=scrape_teams_25-30, execution_date=20220501T140000, start_date=20230508T234632, end_date=20230508T234632
[2023-05-08T23:46:32.300+0000] {standard_task_runner.py:105} ERROR - Failed to execute job 3161 for task scrape_teams_25-30 (Invalid isoformat string: '{ execution_date }'; 415)
[2023-05-08T23:46:32.353+0000] {local_task_job.py:212} INFO - Task exited with return code 1
[2023-05-08T23:46:32.392+0000] {taskinstance.py:2596} INFO - 0 downstream tasks scheduled from follow-on schedule check
[2023-05-09T21:32:07.152+0000] {taskinstance.py:1090} INFO - Dependencies all met for dep_context=non-requeueable deps ti=<TaskInstance: scrape_and_save_to_csv.scrape_teams_25-30 scheduled__2022-05-01T14:00:00+00:00 [queued]>
[2023-05-09T21:32:07.173+0000] {taskinstance.py:1090} INFO - Dependencies all met for dep_context=requeueable deps ti=<TaskInstance: scrape_and_save_to_csv.scrape_teams_25-30 scheduled__2022-05-01T14:00:00+00:00 [queued]>
[2023-05-09T21:32:07.174+0000] {taskinstance.py:1288} INFO - 
--------------------------------------------------------------------------------
[2023-05-09T21:32:07.176+0000] {taskinstance.py:1289} INFO - Starting attempt 1 of 1
[2023-05-09T21:32:07.177+0000] {taskinstance.py:1290} INFO - 
--------------------------------------------------------------------------------
[2023-05-09T21:32:07.202+0000] {taskinstance.py:1309} INFO - Executing <Task(PythonOperator): scrape_teams_25-30> on 2022-05-01 14:00:00+00:00
[2023-05-09T21:32:07.210+0000] {standard_task_runner.py:55} INFO - Started process 12313 to run task
[2023-05-09T21:32:07.219+0000] {standard_task_runner.py:82} INFO - Running: ['***', 'tasks', 'run', 'scrape_and_save_to_csv', 'scrape_teams_25-30', 'scheduled__2022-05-01T14:00:00+00:00', '--job-id', '3373', '--raw', '--subdir', 'DAGS_FOLDER/scrape_and_push_dag.py', '--cfg-path', '/tmp/tmpjspdh3k1']
[2023-05-09T21:32:07.225+0000] {standard_task_runner.py:83} INFO - Job 3373: Subtask scrape_teams_25-30
[2023-05-09T21:32:07.363+0000] {task_command.py:389} INFO - Running <TaskInstance: scrape_and_save_to_csv.scrape_teams_25-30 scheduled__2022-05-01T14:00:00+00:00 [running]> on host f41dbfa3d325
[2023-05-09T21:32:07.411+0000] {warnings.py:110} WARNING - /home/***/.local/lib/python3.7/site-packages/***/utils/context.py:205: AirflowContextDeprecationWarning: Accessing 'execution_date' from the template is deprecated and will be removed in a future version. Please use 'data_interval_start' or 'logical_date' instead.
  warnings.warn(_create_deprecation_warning(key, self._deprecation_replacements[key]))

[2023-05-09T21:32:07.473+0000] {taskinstance.py:1518} INFO - Exporting the following env vars:
AIRFLOW_CTX_DAG_OWNER=***
AIRFLOW_CTX_DAG_ID=scrape_and_save_to_csv
AIRFLOW_CTX_TASK_ID=scrape_teams_25-30
AIRFLOW_CTX_EXECUTION_DATE=2022-05-01T14:00:00+00:00
AIRFLOW_CTX_TRY_NUMBER=1
AIRFLOW_CTX_DAG_RUN_ID=scheduled__2022-05-01T14:00:00+00:00
[2023-05-09T21:32:12.830+0000] {helpers.py:94} INFO - Portland Trail Blazers: Successfully scraped!
[2023-05-09T21:32:26.238+0000] {helpers.py:94} INFO - Sacramento Kings: Successfully scraped!
[2023-05-09T21:32:42.764+0000] {helpers.py:94} INFO - San Antonio Spurs: Successfully scraped!
[2023-05-09T21:32:58.787+0000] {helpers.py:94} INFO - Toronto Raptors: Successfully scraped!
[2023-05-09T21:33:14.627+0000] {helpers.py:94} INFO - Utah Jazz: Successfully scraped!
[2023-05-09T21:33:30.791+0000] {helpers.py:94} INFO - Washington Wizards: Successfully scraped!
[2023-05-09T21:33:30.811+0000] {helpers.py:109} INFO - Saved in /opt/***/data/output_scrape_teams_25-30.csv
[2023-05-09T21:33:30.814+0000] {python.py:177} INFO - Done. Returned value was: None
[2023-05-09T21:33:30.842+0000] {taskinstance.py:1332} INFO - Marking task as SUCCESS. dag_id=scrape_and_save_to_csv, task_id=scrape_teams_25-30, execution_date=20220501T140000, start_date=20230509T213207, end_date=20230509T213330
[2023-05-09T21:33:30.975+0000] {local_task_job.py:212} INFO - Task exited with return code 0
[2023-05-09T21:33:31.015+0000] {taskinstance.py:2596} INFO - 0 downstream tasks scheduled from follow-on schedule check
