[2023-05-02T11:30:01.010+0000] {taskinstance.py:1090} INFO - Dependencies all met for dep_context=non-requeueable deps ti=<TaskInstance: scrape_and_save_to_csv.scrape_teams_9-16 scheduled__2023-05-02T10:30:00+00:00 [queued]>
[2023-05-02T11:30:01.042+0000] {taskinstance.py:1090} INFO - Dependencies all met for dep_context=requeueable deps ti=<TaskInstance: scrape_and_save_to_csv.scrape_teams_9-16 scheduled__2023-05-02T10:30:00+00:00 [queued]>
[2023-05-02T11:30:01.043+0000] {taskinstance.py:1288} INFO - 
--------------------------------------------------------------------------------
[2023-05-02T11:30:01.047+0000] {taskinstance.py:1289} INFO - Starting attempt 1 of 1
[2023-05-02T11:30:01.048+0000] {taskinstance.py:1290} INFO - 
--------------------------------------------------------------------------------
[2023-05-02T11:30:01.069+0000] {taskinstance.py:1309} INFO - Executing <Task(PythonOperator): scrape_teams_9-16> on 2023-05-02 10:30:00+00:00
[2023-05-02T11:30:01.078+0000] {standard_task_runner.py:55} INFO - Started process 21479 to run task
[2023-05-02T11:30:01.089+0000] {standard_task_runner.py:82} INFO - Running: ['***', 'tasks', 'run', 'scrape_and_save_to_csv', 'scrape_teams_9-16', 'scheduled__2023-05-02T10:30:00+00:00', '--job-id', '2208', '--raw', '--subdir', 'DAGS_FOLDER/scrape_and_save_csv_dag.py', '--cfg-path', '/tmp/tmpya2ewe4j']
[2023-05-02T11:30:01.099+0000] {standard_task_runner.py:83} INFO - Job 2208: Subtask scrape_teams_9-16
[2023-05-02T11:30:01.255+0000] {task_command.py:389} INFO - Running <TaskInstance: scrape_and_save_to_csv.scrape_teams_9-16 scheduled__2023-05-02T10:30:00+00:00 [running]> on host 5d4cd8acb346
[2023-05-02T11:30:01.348+0000] {taskinstance.py:1518} INFO - Exporting the following env vars:
AIRFLOW_CTX_DAG_OWNER=***
AIRFLOW_CTX_DAG_ID=scrape_and_save_to_csv
AIRFLOW_CTX_TASK_ID=scrape_teams_9-16
AIRFLOW_CTX_EXECUTION_DATE=2023-05-02T10:30:00+00:00
AIRFLOW_CTX_TRY_NUMBER=1
AIRFLOW_CTX_DAG_RUN_ID=scheduled__2023-05-02T10:30:00+00:00
[2023-05-02T11:30:03.956+0000] {warnings.py:110} WARNING - /home/***/.local/lib/python3.7/site-packages/***/utils/context.py:313: AirflowContextDeprecationWarning: Accessing 'execution_date' from the template is deprecated and will be removed in a future version. Please use 'data_interval_start' or 'logical_date' instead.
  warnings.warn(_create_deprecation_warning(k, replacements))

[2023-05-02T11:30:04.308+0000] {helpers.py:80} INFO - Detroit Pistons: Successfully scraped!
[2023-05-02T11:30:09.053+0000] {helpers.py:80} INFO - Golden State Warriors: Successfully scraped!
[2023-05-02T11:30:12.345+0000] {helpers.py:80} INFO - Houston Rockets: Successfully scraped!
[2023-05-02T11:30:15.705+0000] {helpers.py:80} INFO - Indiana Pacers: Successfully scraped!
[2023-05-02T11:30:19.317+0000] {helpers.py:80} INFO - Los Angeles Clippers: Successfully scraped!
[2023-05-02T11:30:23.349+0000] {helpers.py:80} INFO - Los Angeles Lakers: Successfully scraped!
[2023-05-02T11:30:28.658+0000] {helpers.py:80} INFO - Memphis Grizzlies: Successfully scraped!
[2023-05-02T11:30:31.347+0000] {helpers.py:80} INFO - Miami Heat: Successfully scraped!
[2023-05-02T11:30:31.374+0000] {helpers.py:96} INFO - Saved in /opt/***/data/output_scrape_teams_9-16.csv
[2023-05-02T11:30:31.377+0000] {python.py:177} INFO - Done. Returned value was: None
[2023-05-02T11:30:31.387+0000] {taskinstance.py:1332} INFO - Marking task as SUCCESS. dag_id=scrape_and_save_to_csv, task_id=scrape_teams_9-16, execution_date=20230502T103000, start_date=20230502T113001, end_date=20230502T113031
[2023-05-02T11:30:31.445+0000] {local_task_job.py:212} INFO - Task exited with return code 0
[2023-05-02T11:30:31.465+0000] {taskinstance.py:2596} INFO - 0 downstream tasks scheduled from follow-on schedule check
