[2023-05-02T22:30:02.135+0000] {taskinstance.py:1090} INFO - Dependencies all met for dep_context=non-requeueable deps ti=<TaskInstance: scrape_and_save_to_csv.scrape_teams_17-24 scheduled__2023-05-02T21:30:00+00:00 [queued]>
[2023-05-02T22:30:02.153+0000] {taskinstance.py:1090} INFO - Dependencies all met for dep_context=requeueable deps ti=<TaskInstance: scrape_and_save_to_csv.scrape_teams_17-24 scheduled__2023-05-02T21:30:00+00:00 [queued]>
[2023-05-02T22:30:02.154+0000] {taskinstance.py:1288} INFO - 
--------------------------------------------------------------------------------
[2023-05-02T22:30:02.155+0000] {taskinstance.py:1289} INFO - Starting attempt 1 of 1
[2023-05-02T22:30:02.157+0000] {taskinstance.py:1290} INFO - 
--------------------------------------------------------------------------------
[2023-05-02T22:30:02.183+0000] {taskinstance.py:1309} INFO - Executing <Task(PythonOperator): scrape_teams_17-24> on 2023-05-02 21:30:00+00:00
[2023-05-02T22:30:02.192+0000] {standard_task_runner.py:55} INFO - Started process 28180 to run task
[2023-05-02T22:30:02.209+0000] {standard_task_runner.py:82} INFO - Running: ['***', 'tasks', 'run', 'scrape_and_save_to_csv', 'scrape_teams_17-24', 'scheduled__2023-05-02T21:30:00+00:00', '--job-id', '2278', '--raw', '--subdir', 'DAGS_FOLDER/scrape_and_save_csv_dag.py', '--cfg-path', '/tmp/tmpw5upma2k']
[2023-05-02T22:30:02.227+0000] {standard_task_runner.py:83} INFO - Job 2278: Subtask scrape_teams_17-24
[2023-05-02T22:30:02.405+0000] {task_command.py:389} INFO - Running <TaskInstance: scrape_and_save_to_csv.scrape_teams_17-24 scheduled__2023-05-02T21:30:00+00:00 [running]> on host 5d4cd8acb346
[2023-05-02T22:30:02.506+0000] {taskinstance.py:1518} INFO - Exporting the following env vars:
AIRFLOW_CTX_DAG_OWNER=***
AIRFLOW_CTX_DAG_ID=scrape_and_save_to_csv
AIRFLOW_CTX_TASK_ID=scrape_teams_17-24
AIRFLOW_CTX_EXECUTION_DATE=2023-05-02T21:30:00+00:00
AIRFLOW_CTX_TRY_NUMBER=1
AIRFLOW_CTX_DAG_RUN_ID=scheduled__2023-05-02T21:30:00+00:00
[2023-05-02T22:30:05.780+0000] {warnings.py:110} WARNING - /home/***/.local/lib/python3.7/site-packages/***/utils/context.py:313: AirflowContextDeprecationWarning: Accessing 'execution_date' from the template is deprecated and will be removed in a future version. Please use 'data_interval_start' or 'logical_date' instead.
  warnings.warn(_create_deprecation_warning(k, replacements))

[2023-05-02T22:30:06.247+0000] {helpers.py:80} INFO - Milwaukee Bucks: Successfully scraped!
[2023-05-02T22:30:10.326+0000] {helpers.py:80} INFO - Minnesota Timberwolves: Successfully scraped!
[2023-05-02T22:30:14.180+0000] {helpers.py:80} INFO - New Orleans Pelicans: Successfully scraped!
[2023-05-02T22:30:17.069+0000] {helpers.py:80} INFO - New York Knicks: Successfully scraped!
[2023-05-02T22:30:20.357+0000] {helpers.py:80} INFO - Oklahoma City Thunder: Successfully scraped!
[2023-05-02T22:30:23.480+0000] {helpers.py:80} INFO - Orlando Magic: Successfully scraped!
[2023-05-02T22:30:27.969+0000] {helpers.py:80} INFO - Philadelphia 76ers: Successfully scraped!
[2023-05-02T22:30:32.014+0000] {helpers.py:80} INFO - Phoenix Suns: Successfully scraped!
[2023-05-02T22:30:32.060+0000] {helpers.py:96} INFO - Saved in /opt/***/data/output_scrape_teams_17-24.csv
[2023-05-02T22:30:32.064+0000] {python.py:177} INFO - Done. Returned value was: None
[2023-05-02T22:30:32.086+0000] {taskinstance.py:1332} INFO - Marking task as SUCCESS. dag_id=scrape_and_save_to_csv, task_id=scrape_teams_17-24, execution_date=20230502T213000, start_date=20230502T223002, end_date=20230502T223032
[2023-05-02T22:30:32.198+0000] {local_task_job.py:212} INFO - Task exited with return code 0
[2023-05-02T22:30:32.232+0000] {taskinstance.py:2596} INFO - 0 downstream tasks scheduled from follow-on schedule check
