[2023-04-30T21:39:24.056+0000] {taskinstance.py:1090} INFO - Dependencies all met for dep_context=non-requeueable deps ti=<TaskInstance: scrape_and_save_to_csv.scrape_teams_25-30 scheduled__2023-04-30T20:30:00+00:00 [queued]>
[2023-04-30T21:39:24.073+0000] {taskinstance.py:1090} INFO - Dependencies all met for dep_context=requeueable deps ti=<TaskInstance: scrape_and_save_to_csv.scrape_teams_25-30 scheduled__2023-04-30T20:30:00+00:00 [queued]>
[2023-04-30T21:39:24.074+0000] {taskinstance.py:1288} INFO - 
--------------------------------------------------------------------------------
[2023-04-30T21:39:24.076+0000] {taskinstance.py:1289} INFO - Starting attempt 1 of 1
[2023-04-30T21:39:24.078+0000] {taskinstance.py:1290} INFO - 
--------------------------------------------------------------------------------
[2023-04-30T21:39:24.090+0000] {taskinstance.py:1309} INFO - Executing <Task(PythonOperator): scrape_teams_25-30> on 2023-04-30 20:30:00+00:00
[2023-04-30T21:39:24.097+0000] {standard_task_runner.py:55} INFO - Started process 454 to run task
[2023-04-30T21:39:24.105+0000] {standard_task_runner.py:82} INFO - Running: ['***', 'tasks', 'run', 'scrape_and_save_to_csv', 'scrape_teams_25-30', 'scheduled__2023-04-30T20:30:00+00:00', '--job-id', '1956', '--raw', '--subdir', 'DAGS_FOLDER/scrape_and_save_csv_dag.py', '--cfg-path', '/tmp/tmpaokmnv_j']
[2023-04-30T21:39:24.108+0000] {standard_task_runner.py:83} INFO - Job 1956: Subtask scrape_teams_25-30
[2023-04-30T21:39:24.189+0000] {task_command.py:389} INFO - Running <TaskInstance: scrape_and_save_to_csv.scrape_teams_25-30 scheduled__2023-04-30T20:30:00+00:00 [running]> on host 5d4cd8acb346
[2023-04-30T21:39:24.243+0000] {taskinstance.py:1518} INFO - Exporting the following env vars:
AIRFLOW_CTX_DAG_OWNER=***
AIRFLOW_CTX_DAG_ID=scrape_and_save_to_csv
AIRFLOW_CTX_TASK_ID=scrape_teams_25-30
AIRFLOW_CTX_EXECUTION_DATE=2023-04-30T20:30:00+00:00
AIRFLOW_CTX_TRY_NUMBER=1
AIRFLOW_CTX_DAG_RUN_ID=scheduled__2023-04-30T20:30:00+00:00
[2023-04-30T21:39:24.254+0000] {logging_mixin.py:137} INFO - HTTPSConnectionPool(host='api.pushshift.io', port=443): Max retries exceeded with url: /reddit/search/submission/?subreddit=ripcity&sort=created_utc&sort_type=desc&size=500 (Caused by NewConnectionError('<urllib3.connection.HTTPSConnection object at 0xffffa003c7d0>: Failed to establish a new connection: [Errno -2] Name or service not known'))
[2023-04-30T21:39:24.255+0000] {helpers.py:86} ERROR - HTTPSConnectionPool(host='api.pushshift.io', port=443): Max retries exceeded with url: /reddit/search/submission/?subreddit=ripcity&sort=created_utc&sort_type=desc&size=500 (Caused by NewConnectionError('<urllib3.connection.HTTPSConnection object at 0xffffa003c7d0>: Failed to establish a new connection: [Errno -2] Name or service not known'))
[2023-04-30T21:39:24.257+0000] {helpers.py:87} ERROR - Retrying! 9 attempts before skipping!
[2023-04-30T21:39:25.267+0000] {logging_mixin.py:137} INFO - HTTPSConnectionPool(host='api.pushshift.io', port=443): Max retries exceeded with url: /reddit/search/submission/?subreddit=ripcity&sort=created_utc&sort_type=desc&size=500 (Caused by NewConnectionError('<urllib3.connection.HTTPSConnection object at 0xffffa004d7d0>: Failed to establish a new connection: [Errno -2] Name or service not known'))
[2023-04-30T21:39:25.269+0000] {helpers.py:86} ERROR - HTTPSConnectionPool(host='api.pushshift.io', port=443): Max retries exceeded with url: /reddit/search/submission/?subreddit=ripcity&sort=created_utc&sort_type=desc&size=500 (Caused by NewConnectionError('<urllib3.connection.HTTPSConnection object at 0xffffa004d7d0>: Failed to establish a new connection: [Errno -2] Name or service not known'))
[2023-04-30T21:39:25.270+0000] {helpers.py:87} ERROR - Retrying! 8 attempts before skipping!
[2023-04-30T21:39:26.277+0000] {logging_mixin.py:137} INFO - HTTPSConnectionPool(host='api.pushshift.io', port=443): Max retries exceeded with url: /reddit/search/submission/?subreddit=ripcity&sort=created_utc&sort_type=desc&size=500 (Caused by NewConnectionError('<urllib3.connection.HTTPSConnection object at 0xffffa004d190>: Failed to establish a new connection: [Errno -2] Name or service not known'))
[2023-04-30T21:39:26.279+0000] {helpers.py:86} ERROR - HTTPSConnectionPool(host='api.pushshift.io', port=443): Max retries exceeded with url: /reddit/search/submission/?subreddit=ripcity&sort=created_utc&sort_type=desc&size=500 (Caused by NewConnectionError('<urllib3.connection.HTTPSConnection object at 0xffffa004d190>: Failed to establish a new connection: [Errno -2] Name or service not known'))
[2023-04-30T21:39:26.281+0000] {helpers.py:87} ERROR - Retrying! 7 attempts before skipping!
[2023-04-30T21:39:27.289+0000] {logging_mixin.py:137} INFO - HTTPSConnectionPool(host='api.pushshift.io', port=443): Max retries exceeded with url: /reddit/search/submission/?subreddit=ripcity&sort=created_utc&sort_type=desc&size=500 (Caused by NewConnectionError('<urllib3.connection.HTTPSConnection object at 0xffffa004d110>: Failed to establish a new connection: [Errno -2] Name or service not known'))
[2023-04-30T21:39:27.291+0000] {helpers.py:86} ERROR - HTTPSConnectionPool(host='api.pushshift.io', port=443): Max retries exceeded with url: /reddit/search/submission/?subreddit=ripcity&sort=created_utc&sort_type=desc&size=500 (Caused by NewConnectionError('<urllib3.connection.HTTPSConnection object at 0xffffa004d110>: Failed to establish a new connection: [Errno -2] Name or service not known'))
[2023-04-30T21:39:27.293+0000] {helpers.py:87} ERROR - Retrying! 6 attempts before skipping!
[2023-04-30T21:39:28.308+0000] {logging_mixin.py:137} INFO - HTTPSConnectionPool(host='api.pushshift.io', port=443): Max retries exceeded with url: /reddit/search/submission/?subreddit=ripcity&sort=created_utc&sort_type=desc&size=500 (Caused by NewConnectionError('<urllib3.connection.HTTPSConnection object at 0xffffa004d3d0>: Failed to establish a new connection: [Errno -2] Name or service not known'))
[2023-04-30T21:39:28.311+0000] {helpers.py:86} ERROR - HTTPSConnectionPool(host='api.pushshift.io', port=443): Max retries exceeded with url: /reddit/search/submission/?subreddit=ripcity&sort=created_utc&sort_type=desc&size=500 (Caused by NewConnectionError('<urllib3.connection.HTTPSConnection object at 0xffffa004d3d0>: Failed to establish a new connection: [Errno -2] Name or service not known'))
[2023-04-30T21:39:28.313+0000] {helpers.py:87} ERROR - Retrying! 5 attempts before skipping!
[2023-04-30T21:39:29.325+0000] {logging_mixin.py:137} INFO - HTTPSConnectionPool(host='api.pushshift.io', port=443): Max retries exceeded with url: /reddit/search/submission/?subreddit=ripcity&sort=created_utc&sort_type=desc&size=500 (Caused by NewConnectionError('<urllib3.connection.HTTPSConnection object at 0xffffa004d590>: Failed to establish a new connection: [Errno -2] Name or service not known'))
[2023-04-30T21:39:29.327+0000] {helpers.py:86} ERROR - HTTPSConnectionPool(host='api.pushshift.io', port=443): Max retries exceeded with url: /reddit/search/submission/?subreddit=ripcity&sort=created_utc&sort_type=desc&size=500 (Caused by NewConnectionError('<urllib3.connection.HTTPSConnection object at 0xffffa004d590>: Failed to establish a new connection: [Errno -2] Name or service not known'))
[2023-04-30T21:39:29.328+0000] {helpers.py:87} ERROR - Retrying! 4 attempts before skipping!
[2023-04-30T21:39:30.337+0000] {logging_mixin.py:137} INFO - HTTPSConnectionPool(host='api.pushshift.io', port=443): Max retries exceeded with url: /reddit/search/submission/?subreddit=ripcity&sort=created_utc&sort_type=desc&size=500 (Caused by NewConnectionError('<urllib3.connection.HTTPSConnection object at 0xffffa004d310>: Failed to establish a new connection: [Errno -2] Name or service not known'))
[2023-04-30T21:39:30.339+0000] {helpers.py:86} ERROR - HTTPSConnectionPool(host='api.pushshift.io', port=443): Max retries exceeded with url: /reddit/search/submission/?subreddit=ripcity&sort=created_utc&sort_type=desc&size=500 (Caused by NewConnectionError('<urllib3.connection.HTTPSConnection object at 0xffffa004d310>: Failed to establish a new connection: [Errno -2] Name or service not known'))
[2023-04-30T21:39:30.342+0000] {helpers.py:87} ERROR - Retrying! 3 attempts before skipping!
[2023-04-30T21:39:31.352+0000] {logging_mixin.py:137} INFO - HTTPSConnectionPool(host='api.pushshift.io', port=443): Max retries exceeded with url: /reddit/search/submission/?subreddit=ripcity&sort=created_utc&sort_type=desc&size=500 (Caused by NewConnectionError('<urllib3.connection.HTTPSConnection object at 0xffffa004d1d0>: Failed to establish a new connection: [Errno -2] Name or service not known'))
[2023-04-30T21:39:31.355+0000] {helpers.py:86} ERROR - HTTPSConnectionPool(host='api.pushshift.io', port=443): Max retries exceeded with url: /reddit/search/submission/?subreddit=ripcity&sort=created_utc&sort_type=desc&size=500 (Caused by NewConnectionError('<urllib3.connection.HTTPSConnection object at 0xffffa004d1d0>: Failed to establish a new connection: [Errno -2] Name or service not known'))
[2023-04-30T21:39:31.356+0000] {helpers.py:87} ERROR - Retrying! 2 attempts before skipping!
[2023-04-30T21:39:32.371+0000] {logging_mixin.py:137} INFO - HTTPSConnectionPool(host='api.pushshift.io', port=443): Max retries exceeded with url: /reddit/search/submission/?subreddit=ripcity&sort=created_utc&sort_type=desc&size=500 (Caused by NewConnectionError('<urllib3.connection.HTTPSConnection object at 0xffffa004d150>: Failed to establish a new connection: [Errno -2] Name or service not known'))
[2023-04-30T21:39:32.372+0000] {helpers.py:86} ERROR - HTTPSConnectionPool(host='api.pushshift.io', port=443): Max retries exceeded with url: /reddit/search/submission/?subreddit=ripcity&sort=created_utc&sort_type=desc&size=500 (Caused by NewConnectionError('<urllib3.connection.HTTPSConnection object at 0xffffa004d150>: Failed to establish a new connection: [Errno -2] Name or service not known'))
[2023-04-30T21:39:32.374+0000] {helpers.py:87} ERROR - Retrying! 1 attempts before skipping!
[2023-04-30T21:39:33.385+0000] {logging_mixin.py:137} INFO - HTTPSConnectionPool(host='api.pushshift.io', port=443): Max retries exceeded with url: /reddit/search/submission/?subreddit=ripcity&sort=created_utc&sort_type=desc&size=500 (Caused by NewConnectionError('<urllib3.connection.HTTPSConnection object at 0xffffa004d990>: Failed to establish a new connection: [Errno -2] Name or service not known'))
[2023-04-30T21:39:33.388+0000] {helpers.py:86} ERROR - HTTPSConnectionPool(host='api.pushshift.io', port=443): Max retries exceeded with url: /reddit/search/submission/?subreddit=ripcity&sort=created_utc&sort_type=desc&size=500 (Caused by NewConnectionError('<urllib3.connection.HTTPSConnection object at 0xffffa004d990>: Failed to establish a new connection: [Errno -2] Name or service not known'))
[2023-04-30T21:39:33.390+0000] {helpers.py:87} ERROR - Retrying! 0 attempts before skipping!
[2023-04-30T21:39:34.399+0000] {logging_mixin.py:137} INFO - HTTPSConnectionPool(host='api.pushshift.io', port=443): Max retries exceeded with url: /reddit/search/submission/?subreddit=ripcity&sort=created_utc&sort_type=desc&size=500 (Caused by NewConnectionError('<urllib3.connection.HTTPSConnection object at 0xffffa004d290>: Failed to establish a new connection: [Errno -2] Name or service not known'))
[2023-04-30T21:39:34.400+0000] {helpers.py:86} ERROR - HTTPSConnectionPool(host='api.pushshift.io', port=443): Max retries exceeded with url: /reddit/search/submission/?subreddit=ripcity&sort=created_utc&sort_type=desc&size=500 (Caused by NewConnectionError('<urllib3.connection.HTTPSConnection object at 0xffffa004d290>: Failed to establish a new connection: [Errno -2] Name or service not known'))
[2023-04-30T21:39:34.402+0000] {helpers.py:87} ERROR - Retrying! -1 attempts before skipping!
[2023-04-30T21:39:35.408+0000] {logging_mixin.py:137} INFO - HTTPSConnectionPool(host='api.pushshift.io', port=443): Max retries exceeded with url: /reddit/search/submission/?subreddit=kings&sort=created_utc&sort_type=desc&size=500 (Caused by NewConnectionError('<urllib3.connection.HTTPSConnection object at 0xffffa004d7d0>: Failed to establish a new connection: [Errno -2] Name or service not known'))
[2023-04-30T21:39:35.409+0000] {helpers.py:86} ERROR - HTTPSConnectionPool(host='api.pushshift.io', port=443): Max retries exceeded with url: /reddit/search/submission/?subreddit=kings&sort=created_utc&sort_type=desc&size=500 (Caused by NewConnectionError('<urllib3.connection.HTTPSConnection object at 0xffffa004d7d0>: Failed to establish a new connection: [Errno -2] Name or service not known'))
[2023-04-30T21:39:35.412+0000] {helpers.py:87} ERROR - Retrying! 9 attempts before skipping!
[2023-04-30T21:39:36.420+0000] {logging_mixin.py:137} INFO - HTTPSConnectionPool(host='api.pushshift.io', port=443): Max retries exceeded with url: /reddit/search/submission/?subreddit=kings&sort=created_utc&sort_type=desc&size=500 (Caused by NewConnectionError('<urllib3.connection.HTTPSConnection object at 0xffffa004d190>: Failed to establish a new connection: [Errno -2] Name or service not known'))
[2023-04-30T21:39:36.422+0000] {helpers.py:86} ERROR - HTTPSConnectionPool(host='api.pushshift.io', port=443): Max retries exceeded with url: /reddit/search/submission/?subreddit=kings&sort=created_utc&sort_type=desc&size=500 (Caused by NewConnectionError('<urllib3.connection.HTTPSConnection object at 0xffffa004d190>: Failed to establish a new connection: [Errno -2] Name or service not known'))
[2023-04-30T21:39:36.423+0000] {helpers.py:87} ERROR - Retrying! 8 attempts before skipping!
[2023-04-30T21:39:37.436+0000] {logging_mixin.py:137} INFO - HTTPSConnectionPool(host='api.pushshift.io', port=443): Max retries exceeded with url: /reddit/search/submission/?subreddit=kings&sort=created_utc&sort_type=desc&size=500 (Caused by NewConnectionError('<urllib3.connection.HTTPSConnection object at 0xffffa004d250>: Failed to establish a new connection: [Errno -2] Name or service not known'))
[2023-04-30T21:39:37.437+0000] {helpers.py:86} ERROR - HTTPSConnectionPool(host='api.pushshift.io', port=443): Max retries exceeded with url: /reddit/search/submission/?subreddit=kings&sort=created_utc&sort_type=desc&size=500 (Caused by NewConnectionError('<urllib3.connection.HTTPSConnection object at 0xffffa004d250>: Failed to establish a new connection: [Errno -2] Name or service not known'))
[2023-04-30T21:39:37.438+0000] {helpers.py:87} ERROR - Retrying! 7 attempts before skipping!
[2023-04-30T21:39:38.448+0000] {logging_mixin.py:137} INFO - HTTPSConnectionPool(host='api.pushshift.io', port=443): Max retries exceeded with url: /reddit/search/submission/?subreddit=kings&sort=created_utc&sort_type=desc&size=500 (Caused by NewConnectionError('<urllib3.connection.HTTPSConnection object at 0xffffa004d410>: Failed to establish a new connection: [Errno -2] Name or service not known'))
[2023-04-30T21:39:38.450+0000] {helpers.py:86} ERROR - HTTPSConnectionPool(host='api.pushshift.io', port=443): Max retries exceeded with url: /reddit/search/submission/?subreddit=kings&sort=created_utc&sort_type=desc&size=500 (Caused by NewConnectionError('<urllib3.connection.HTTPSConnection object at 0xffffa004d410>: Failed to establish a new connection: [Errno -2] Name or service not known'))
[2023-04-30T21:39:38.450+0000] {helpers.py:87} ERROR - Retrying! 6 attempts before skipping!
[2023-04-30T21:39:39.461+0000] {logging_mixin.py:137} INFO - HTTPSConnectionPool(host='api.pushshift.io', port=443): Max retries exceeded with url: /reddit/search/submission/?subreddit=kings&sort=created_utc&sort_type=desc&size=500 (Caused by NewConnectionError('<urllib3.connection.HTTPSConnection object at 0xffffa004d390>: Failed to establish a new connection: [Errno -2] Name or service not known'))
[2023-04-30T21:39:39.465+0000] {helpers.py:86} ERROR - HTTPSConnectionPool(host='api.pushshift.io', port=443): Max retries exceeded with url: /reddit/search/submission/?subreddit=kings&sort=created_utc&sort_type=desc&size=500 (Caused by NewConnectionError('<urllib3.connection.HTTPSConnection object at 0xffffa004d390>: Failed to establish a new connection: [Errno -2] Name or service not known'))
[2023-04-30T21:39:39.466+0000] {helpers.py:87} ERROR - Retrying! 5 attempts before skipping!
[2023-04-30T21:39:40.484+0000] {logging_mixin.py:137} INFO - HTTPSConnectionPool(host='api.pushshift.io', port=443): Max retries exceeded with url: /reddit/search/submission/?subreddit=kings&sort=created_utc&sort_type=desc&size=500 (Caused by NewConnectionError('<urllib3.connection.HTTPSConnection object at 0xffffa004d290>: Failed to establish a new connection: [Errno -2] Name or service not known'))
[2023-04-30T21:39:40.494+0000] {helpers.py:86} ERROR - HTTPSConnectionPool(host='api.pushshift.io', port=443): Max retries exceeded with url: /reddit/search/submission/?subreddit=kings&sort=created_utc&sort_type=desc&size=500 (Caused by NewConnectionError('<urllib3.connection.HTTPSConnection object at 0xffffa004d290>: Failed to establish a new connection: [Errno -2] Name or service not known'))
[2023-04-30T21:39:40.496+0000] {helpers.py:87} ERROR - Retrying! 4 attempts before skipping!
[2023-04-30T21:39:41.507+0000] {logging_mixin.py:137} INFO - HTTPSConnectionPool(host='api.pushshift.io', port=443): Max retries exceeded with url: /reddit/search/submission/?subreddit=kings&sort=created_utc&sort_type=desc&size=500 (Caused by NewConnectionError('<urllib3.connection.HTTPSConnection object at 0xffffa004d450>: Failed to establish a new connection: [Errno -2] Name or service not known'))
[2023-04-30T21:39:41.510+0000] {helpers.py:86} ERROR - HTTPSConnectionPool(host='api.pushshift.io', port=443): Max retries exceeded with url: /reddit/search/submission/?subreddit=kings&sort=created_utc&sort_type=desc&size=500 (Caused by NewConnectionError('<urllib3.connection.HTTPSConnection object at 0xffffa004d450>: Failed to establish a new connection: [Errno -2] Name or service not known'))
[2023-04-30T21:39:41.511+0000] {helpers.py:87} ERROR - Retrying! 3 attempts before skipping!
[2023-04-30T21:39:42.522+0000] {logging_mixin.py:137} INFO - HTTPSConnectionPool(host='api.pushshift.io', port=443): Max retries exceeded with url: /reddit/search/submission/?subreddit=kings&sort=created_utc&sort_type=desc&size=500 (Caused by NewConnectionError('<urllib3.connection.HTTPSConnection object at 0xffffa004d3d0>: Failed to establish a new connection: [Errno -2] Name or service not known'))
[2023-04-30T21:39:42.525+0000] {helpers.py:86} ERROR - HTTPSConnectionPool(host='api.pushshift.io', port=443): Max retries exceeded with url: /reddit/search/submission/?subreddit=kings&sort=created_utc&sort_type=desc&size=500 (Caused by NewConnectionError('<urllib3.connection.HTTPSConnection object at 0xffffa004d3d0>: Failed to establish a new connection: [Errno -2] Name or service not known'))
[2023-04-30T21:39:42.527+0000] {helpers.py:87} ERROR - Retrying! 2 attempts before skipping!
[2023-04-30T21:39:43.535+0000] {logging_mixin.py:137} INFO - HTTPSConnectionPool(host='api.pushshift.io', port=443): Max retries exceeded with url: /reddit/search/submission/?subreddit=kings&sort=created_utc&sort_type=desc&size=500 (Caused by NewConnectionError('<urllib3.connection.HTTPSConnection object at 0xffffa004d5d0>: Failed to establish a new connection: [Errno -2] Name or service not known'))
[2023-04-30T21:39:43.538+0000] {helpers.py:86} ERROR - HTTPSConnectionPool(host='api.pushshift.io', port=443): Max retries exceeded with url: /reddit/search/submission/?subreddit=kings&sort=created_utc&sort_type=desc&size=500 (Caused by NewConnectionError('<urllib3.connection.HTTPSConnection object at 0xffffa004d5d0>: Failed to establish a new connection: [Errno -2] Name or service not known'))
[2023-04-30T21:39:43.540+0000] {helpers.py:87} ERROR - Retrying! 1 attempts before skipping!
[2023-04-30T21:39:44.549+0000] {logging_mixin.py:137} INFO - HTTPSConnectionPool(host='api.pushshift.io', port=443): Max retries exceeded with url: /reddit/search/submission/?subreddit=kings&sort=created_utc&sort_type=desc&size=500 (Caused by NewConnectionError('<urllib3.connection.HTTPSConnection object at 0xffffa004d110>: Failed to establish a new connection: [Errno -2] Name or service not known'))
[2023-04-30T21:39:44.550+0000] {helpers.py:86} ERROR - HTTPSConnectionPool(host='api.pushshift.io', port=443): Max retries exceeded with url: /reddit/search/submission/?subreddit=kings&sort=created_utc&sort_type=desc&size=500 (Caused by NewConnectionError('<urllib3.connection.HTTPSConnection object at 0xffffa004d110>: Failed to establish a new connection: [Errno -2] Name or service not known'))
[2023-04-30T21:39:44.552+0000] {helpers.py:87} ERROR - Retrying! 0 attempts before skipping!
[2023-04-30T21:39:45.573+0000] {logging_mixin.py:137} INFO - HTTPSConnectionPool(host='api.pushshift.io', port=443): Max retries exceeded with url: /reddit/search/submission/?subreddit=kings&sort=created_utc&sort_type=desc&size=500 (Caused by NewConnectionError('<urllib3.connection.HTTPSConnection object at 0xffffa004d590>: Failed to establish a new connection: [Errno -2] Name or service not known'))
[2023-04-30T21:39:45.575+0000] {helpers.py:86} ERROR - HTTPSConnectionPool(host='api.pushshift.io', port=443): Max retries exceeded with url: /reddit/search/submission/?subreddit=kings&sort=created_utc&sort_type=desc&size=500 (Caused by NewConnectionError('<urllib3.connection.HTTPSConnection object at 0xffffa004d590>: Failed to establish a new connection: [Errno -2] Name or service not known'))
[2023-04-30T21:39:45.577+0000] {helpers.py:87} ERROR - Retrying! -1 attempts before skipping!
[2023-04-30T21:39:46.596+0000] {logging_mixin.py:137} INFO - HTTPSConnectionPool(host='api.pushshift.io', port=443): Max retries exceeded with url: /reddit/search/submission/?subreddit=NBASpurs&sort=created_utc&sort_type=desc&size=500 (Caused by NewConnectionError('<urllib3.connection.HTTPSConnection object at 0xffffa004d190>: Failed to establish a new connection: [Errno -2] Name or service not known'))
[2023-04-30T21:39:46.602+0000] {helpers.py:86} ERROR - HTTPSConnectionPool(host='api.pushshift.io', port=443): Max retries exceeded with url: /reddit/search/submission/?subreddit=NBASpurs&sort=created_utc&sort_type=desc&size=500 (Caused by NewConnectionError('<urllib3.connection.HTTPSConnection object at 0xffffa004d190>: Failed to establish a new connection: [Errno -2] Name or service not known'))
[2023-04-30T21:39:46.605+0000] {helpers.py:87} ERROR - Retrying! 9 attempts before skipping!
[2023-04-30T21:39:47.631+0000] {logging_mixin.py:137} INFO - HTTPSConnectionPool(host='api.pushshift.io', port=443): Max retries exceeded with url: /reddit/search/submission/?subreddit=NBASpurs&sort=created_utc&sort_type=desc&size=500 (Caused by NewConnectionError('<urllib3.connection.HTTPSConnection object at 0xffffa004d250>: Failed to establish a new connection: [Errno -2] Name or service not known'))
[2023-04-30T21:39:47.635+0000] {helpers.py:86} ERROR - HTTPSConnectionPool(host='api.pushshift.io', port=443): Max retries exceeded with url: /reddit/search/submission/?subreddit=NBASpurs&sort=created_utc&sort_type=desc&size=500 (Caused by NewConnectionError('<urllib3.connection.HTTPSConnection object at 0xffffa004d250>: Failed to establish a new connection: [Errno -2] Name or service not known'))
[2023-04-30T21:39:47.641+0000] {helpers.py:87} ERROR - Retrying! 8 attempts before skipping!
[2023-04-30T21:39:48.664+0000] {logging_mixin.py:137} INFO - HTTPSConnectionPool(host='api.pushshift.io', port=443): Max retries exceeded with url: /reddit/search/submission/?subreddit=NBASpurs&sort=created_utc&sort_type=desc&size=500 (Caused by NewConnectionError('<urllib3.connection.HTTPSConnection object at 0xffffa004d150>: Failed to establish a new connection: [Errno -2] Name or service not known'))
[2023-04-30T21:39:48.669+0000] {helpers.py:86} ERROR - HTTPSConnectionPool(host='api.pushshift.io', port=443): Max retries exceeded with url: /reddit/search/submission/?subreddit=NBASpurs&sort=created_utc&sort_type=desc&size=500 (Caused by NewConnectionError('<urllib3.connection.HTTPSConnection object at 0xffffa004d150>: Failed to establish a new connection: [Errno -2] Name or service not known'))
[2023-04-30T21:39:48.672+0000] {helpers.py:87} ERROR - Retrying! 7 attempts before skipping!
[2023-04-30T21:39:49.685+0000] {logging_mixin.py:137} INFO - HTTPSConnectionPool(host='api.pushshift.io', port=443): Max retries exceeded with url: /reddit/search/submission/?subreddit=NBASpurs&sort=created_utc&sort_type=desc&size=500 (Caused by NewConnectionError('<urllib3.connection.HTTPSConnection object at 0xffffa004d650>: Failed to establish a new connection: [Errno -2] Name or service not known'))
[2023-04-30T21:39:49.690+0000] {helpers.py:86} ERROR - HTTPSConnectionPool(host='api.pushshift.io', port=443): Max retries exceeded with url: /reddit/search/submission/?subreddit=NBASpurs&sort=created_utc&sort_type=desc&size=500 (Caused by NewConnectionError('<urllib3.connection.HTTPSConnection object at 0xffffa004d650>: Failed to establish a new connection: [Errno -2] Name or service not known'))
[2023-04-30T21:39:49.692+0000] {helpers.py:87} ERROR - Retrying! 6 attempts before skipping!
[2023-04-30T21:39:50.710+0000] {logging_mixin.py:137} INFO - HTTPSConnectionPool(host='api.pushshift.io', port=443): Max retries exceeded with url: /reddit/search/submission/?subreddit=NBASpurs&sort=created_utc&sort_type=desc&size=500 (Caused by NewConnectionError('<urllib3.connection.HTTPSConnection object at 0xffffa004d210>: Failed to establish a new connection: [Errno -2] Name or service not known'))
[2023-04-30T21:39:50.722+0000] {helpers.py:86} ERROR - HTTPSConnectionPool(host='api.pushshift.io', port=443): Max retries exceeded with url: /reddit/search/submission/?subreddit=NBASpurs&sort=created_utc&sort_type=desc&size=500 (Caused by NewConnectionError('<urllib3.connection.HTTPSConnection object at 0xffffa004d210>: Failed to establish a new connection: [Errno -2] Name or service not known'))
[2023-04-30T21:39:50.727+0000] {helpers.py:87} ERROR - Retrying! 5 attempts before skipping!
[2023-04-30T22:30:09.246+0000] {logging_mixin.py:137} INFO - HTTPSConnectionPool(host='api.pushshift.io', port=443): Max retries exceeded with url: /reddit/search/submission/?subreddit=NBASpurs&sort=created_utc&sort_type=desc&size=500 (Caused by NewConnectionError('<urllib3.connection.HTTPSConnection object at 0xffffa004d590>: Failed to establish a new connection: [Errno -2] Name or service not known'))
[2023-04-30T22:30:09.255+0000] {helpers.py:86} ERROR - HTTPSConnectionPool(host='api.pushshift.io', port=443): Max retries exceeded with url: /reddit/search/submission/?subreddit=NBASpurs&sort=created_utc&sort_type=desc&size=500 (Caused by NewConnectionError('<urllib3.connection.HTTPSConnection object at 0xffffa004d590>: Failed to establish a new connection: [Errno -2] Name or service not known'))
[2023-04-30T22:30:09.258+0000] {helpers.py:87} ERROR - Retrying! 4 attempts before skipping!
[2023-04-30T22:30:10.269+0000] {logging_mixin.py:137} INFO - HTTPSConnectionPool(host='api.pushshift.io', port=443): Max retries exceeded with url: /reddit/search/submission/?subreddit=NBASpurs&sort=created_utc&sort_type=desc&size=500 (Caused by NewConnectionError('<urllib3.connection.HTTPSConnection object at 0xffffa004d1d0>: Failed to establish a new connection: [Errno -2] Name or service not known'))
[2023-04-30T22:30:10.272+0000] {helpers.py:86} ERROR - HTTPSConnectionPool(host='api.pushshift.io', port=443): Max retries exceeded with url: /reddit/search/submission/?subreddit=NBASpurs&sort=created_utc&sort_type=desc&size=500 (Caused by NewConnectionError('<urllib3.connection.HTTPSConnection object at 0xffffa004d1d0>: Failed to establish a new connection: [Errno -2] Name or service not known'))
[2023-04-30T22:30:10.274+0000] {helpers.py:87} ERROR - Retrying! 3 attempts before skipping!
[2023-04-30T22:30:11.286+0000] {logging_mixin.py:137} INFO - HTTPSConnectionPool(host='api.pushshift.io', port=443): Max retries exceeded with url: /reddit/search/submission/?subreddit=NBASpurs&sort=created_utc&sort_type=desc&size=500 (Caused by NewConnectionError('<urllib3.connection.HTTPSConnection object at 0xffffa004d390>: Failed to establish a new connection: [Errno -2] Name or service not known'))
[2023-04-30T22:30:11.287+0000] {helpers.py:86} ERROR - HTTPSConnectionPool(host='api.pushshift.io', port=443): Max retries exceeded with url: /reddit/search/submission/?subreddit=NBASpurs&sort=created_utc&sort_type=desc&size=500 (Caused by NewConnectionError('<urllib3.connection.HTTPSConnection object at 0xffffa004d390>: Failed to establish a new connection: [Errno -2] Name or service not known'))
[2023-04-30T22:30:11.290+0000] {helpers.py:87} ERROR - Retrying! 2 attempts before skipping!
[2023-04-30T22:30:12.299+0000] {logging_mixin.py:137} INFO - HTTPSConnectionPool(host='api.pushshift.io', port=443): Max retries exceeded with url: /reddit/search/submission/?subreddit=NBASpurs&sort=created_utc&sort_type=desc&size=500 (Caused by NewConnectionError('<urllib3.connection.HTTPSConnection object at 0xffffa004d6d0>: Failed to establish a new connection: [Errno -2] Name or service not known'))
[2023-04-30T22:30:12.301+0000] {helpers.py:86} ERROR - HTTPSConnectionPool(host='api.pushshift.io', port=443): Max retries exceeded with url: /reddit/search/submission/?subreddit=NBASpurs&sort=created_utc&sort_type=desc&size=500 (Caused by NewConnectionError('<urllib3.connection.HTTPSConnection object at 0xffffa004d6d0>: Failed to establish a new connection: [Errno -2] Name or service not known'))
[2023-04-30T22:30:12.302+0000] {helpers.py:87} ERROR - Retrying! 1 attempts before skipping!
[2023-04-30T22:30:13.315+0000] {logging_mixin.py:137} INFO - HTTPSConnectionPool(host='api.pushshift.io', port=443): Max retries exceeded with url: /reddit/search/submission/?subreddit=NBASpurs&sort=created_utc&sort_type=desc&size=500 (Caused by NewConnectionError('<urllib3.connection.HTTPSConnection object at 0xffffa004d410>: Failed to establish a new connection: [Errno -2] Name or service not known'))
[2023-04-30T22:30:13.319+0000] {helpers.py:86} ERROR - HTTPSConnectionPool(host='api.pushshift.io', port=443): Max retries exceeded with url: /reddit/search/submission/?subreddit=NBASpurs&sort=created_utc&sort_type=desc&size=500 (Caused by NewConnectionError('<urllib3.connection.HTTPSConnection object at 0xffffa004d410>: Failed to establish a new connection: [Errno -2] Name or service not known'))
[2023-04-30T22:30:13.321+0000] {helpers.py:87} ERROR - Retrying! 0 attempts before skipping!
[2023-04-30T22:30:15.240+0000] {logging_mixin.py:137} INFO - HTTPSConnectionPool(host='api.pushshift.io', port=443): Max retries exceeded with url: /reddit/search/submission/?subreddit=NBASpurs&sort=created_utc&sort_type=desc&size=500 (Caused by NewConnectionError('<urllib3.connection.HTTPSConnection object at 0xffffa004d290>: Failed to establish a new connection: [Errno -2] Name or service not known'))
[2023-04-30T22:30:15.253+0000] {helpers.py:86} ERROR - HTTPSConnectionPool(host='api.pushshift.io', port=443): Max retries exceeded with url: /reddit/search/submission/?subreddit=NBASpurs&sort=created_utc&sort_type=desc&size=500 (Caused by NewConnectionError('<urllib3.connection.HTTPSConnection object at 0xffffa004d290>: Failed to establish a new connection: [Errno -2] Name or service not known'))
[2023-04-30T22:30:15.255+0000] {helpers.py:87} ERROR - Retrying! -1 attempts before skipping!
[2023-04-30T22:30:16.275+0000] {logging_mixin.py:137} INFO - HTTPSConnectionPool(host='api.pushshift.io', port=443): Max retries exceeded with url: /reddit/search/submission/?subreddit=torontoraptors&sort=created_utc&sort_type=desc&size=500 (Caused by NewConnectionError('<urllib3.connection.HTTPSConnection object at 0xffffa004d250>: Failed to establish a new connection: [Errno -2] Name or service not known'))
[2023-04-30T22:30:16.279+0000] {helpers.py:86} ERROR - HTTPSConnectionPool(host='api.pushshift.io', port=443): Max retries exceeded with url: /reddit/search/submission/?subreddit=torontoraptors&sort=created_utc&sort_type=desc&size=500 (Caused by NewConnectionError('<urllib3.connection.HTTPSConnection object at 0xffffa004d250>: Failed to establish a new connection: [Errno -2] Name or service not known'))
[2023-04-30T22:30:16.284+0000] {helpers.py:87} ERROR - Retrying! 9 attempts before skipping!
[2023-04-30T22:30:17.303+0000] {logging_mixin.py:137} INFO - HTTPSConnectionPool(host='api.pushshift.io', port=443): Max retries exceeded with url: /reddit/search/submission/?subreddit=torontoraptors&sort=created_utc&sort_type=desc&size=500 (Caused by NewConnectionError('<urllib3.connection.HTTPSConnection object at 0xffffa004d150>: Failed to establish a new connection: [Errno -2] Name or service not known'))
[2023-04-30T22:30:17.306+0000] {helpers.py:86} ERROR - HTTPSConnectionPool(host='api.pushshift.io', port=443): Max retries exceeded with url: /reddit/search/submission/?subreddit=torontoraptors&sort=created_utc&sort_type=desc&size=500 (Caused by NewConnectionError('<urllib3.connection.HTTPSConnection object at 0xffffa004d150>: Failed to establish a new connection: [Errno -2] Name or service not known'))
[2023-04-30T22:30:17.310+0000] {helpers.py:87} ERROR - Retrying! 8 attempts before skipping!
[2023-04-30T22:30:18.328+0000] {logging_mixin.py:137} INFO - HTTPSConnectionPool(host='api.pushshift.io', port=443): Max retries exceeded with url: /reddit/search/submission/?subreddit=torontoraptors&sort=created_utc&sort_type=desc&size=500 (Caused by NewConnectionError('<urllib3.connection.HTTPSConnection object at 0xffffa004d5d0>: Failed to establish a new connection: [Errno -2] Name or service not known'))
[2023-04-30T22:30:18.332+0000] {helpers.py:86} ERROR - HTTPSConnectionPool(host='api.pushshift.io', port=443): Max retries exceeded with url: /reddit/search/submission/?subreddit=torontoraptors&sort=created_utc&sort_type=desc&size=500 (Caused by NewConnectionError('<urllib3.connection.HTTPSConnection object at 0xffffa004d5d0>: Failed to establish a new connection: [Errno -2] Name or service not known'))
[2023-04-30T22:30:18.339+0000] {helpers.py:87} ERROR - Retrying! 7 attempts before skipping!
[2023-04-30T22:30:19.364+0000] {logging_mixin.py:137} INFO - HTTPSConnectionPool(host='api.pushshift.io', port=443): Max retries exceeded with url: /reddit/search/submission/?subreddit=torontoraptors&sort=created_utc&sort_type=desc&size=500 (Caused by NewConnectionError('<urllib3.connection.HTTPSConnection object at 0xffffa004d310>: Failed to establish a new connection: [Errno -2] Name or service not known'))
[2023-04-30T22:30:19.371+0000] {helpers.py:86} ERROR - HTTPSConnectionPool(host='api.pushshift.io', port=443): Max retries exceeded with url: /reddit/search/submission/?subreddit=torontoraptors&sort=created_utc&sort_type=desc&size=500 (Caused by NewConnectionError('<urllib3.connection.HTTPSConnection object at 0xffffa004d310>: Failed to establish a new connection: [Errno -2] Name or service not known'))
[2023-04-30T22:30:19.375+0000] {helpers.py:87} ERROR - Retrying! 6 attempts before skipping!
[2023-04-30T22:30:20.397+0000] {logging_mixin.py:137} INFO - HTTPSConnectionPool(host='api.pushshift.io', port=443): Max retries exceeded with url: /reddit/search/submission/?subreddit=torontoraptors&sort=created_utc&sort_type=desc&size=500 (Caused by NewConnectionError('<urllib3.connection.HTTPSConnection object at 0xffffa004d990>: Failed to establish a new connection: [Errno -2] Name or service not known'))
[2023-04-30T22:30:20.402+0000] {helpers.py:86} ERROR - HTTPSConnectionPool(host='api.pushshift.io', port=443): Max retries exceeded with url: /reddit/search/submission/?subreddit=torontoraptors&sort=created_utc&sort_type=desc&size=500 (Caused by NewConnectionError('<urllib3.connection.HTTPSConnection object at 0xffffa004d990>: Failed to establish a new connection: [Errno -2] Name or service not known'))
[2023-04-30T22:30:20.410+0000] {helpers.py:87} ERROR - Retrying! 5 attempts before skipping!
[2023-04-30T22:30:21.443+0000] {logging_mixin.py:137} INFO - HTTPSConnectionPool(host='api.pushshift.io', port=443): Max retries exceeded with url: /reddit/search/submission/?subreddit=torontoraptors&sort=created_utc&sort_type=desc&size=500 (Caused by NewConnectionError('<urllib3.connection.HTTPSConnection object at 0xffffa004d290>: Failed to establish a new connection: [Errno -2] Name or service not known'))
[2023-04-30T22:30:21.447+0000] {helpers.py:86} ERROR - HTTPSConnectionPool(host='api.pushshift.io', port=443): Max retries exceeded with url: /reddit/search/submission/?subreddit=torontoraptors&sort=created_utc&sort_type=desc&size=500 (Caused by NewConnectionError('<urllib3.connection.HTTPSConnection object at 0xffffa004d290>: Failed to establish a new connection: [Errno -2] Name or service not known'))
[2023-04-30T22:30:21.451+0000] {helpers.py:87} ERROR - Retrying! 4 attempts before skipping!
[2023-04-30T22:30:22.477+0000] {logging_mixin.py:137} INFO - HTTPSConnectionPool(host='api.pushshift.io', port=443): Max retries exceeded with url: /reddit/search/submission/?subreddit=torontoraptors&sort=created_utc&sort_type=desc&size=500 (Caused by NewConnectionError('<urllib3.connection.HTTPSConnection object at 0xffffa004d3d0>: Failed to establish a new connection: [Errno -2] Name or service not known'))
[2023-04-30T22:30:22.480+0000] {helpers.py:86} ERROR - HTTPSConnectionPool(host='api.pushshift.io', port=443): Max retries exceeded with url: /reddit/search/submission/?subreddit=torontoraptors&sort=created_utc&sort_type=desc&size=500 (Caused by NewConnectionError('<urllib3.connection.HTTPSConnection object at 0xffffa004d3d0>: Failed to establish a new connection: [Errno -2] Name or service not known'))
[2023-04-30T22:30:22.481+0000] {helpers.py:87} ERROR - Retrying! 3 attempts before skipping!
[2023-04-30T22:30:23.495+0000] {logging_mixin.py:137} INFO - HTTPSConnectionPool(host='api.pushshift.io', port=443): Max retries exceeded with url: /reddit/search/submission/?subreddit=torontoraptors&sort=created_utc&sort_type=desc&size=500 (Caused by NewConnectionError('<urllib3.connection.HTTPSConnection object at 0xffffa004d210>: Failed to establish a new connection: [Errno -2] Name or service not known'))
[2023-04-30T22:30:23.499+0000] {helpers.py:86} ERROR - HTTPSConnectionPool(host='api.pushshift.io', port=443): Max retries exceeded with url: /reddit/search/submission/?subreddit=torontoraptors&sort=created_utc&sort_type=desc&size=500 (Caused by NewConnectionError('<urllib3.connection.HTTPSConnection object at 0xffffa004d210>: Failed to establish a new connection: [Errno -2] Name or service not known'))
[2023-04-30T22:30:23.505+0000] {helpers.py:87} ERROR - Retrying! 2 attempts before skipping!
[2023-04-30T22:30:24.520+0000] {logging_mixin.py:137} INFO - HTTPSConnectionPool(host='api.pushshift.io', port=443): Max retries exceeded with url: /reddit/search/submission/?subreddit=torontoraptors&sort=created_utc&sort_type=desc&size=500 (Caused by NewConnectionError('<urllib3.connection.HTTPSConnection object at 0xffffa004d950>: Failed to establish a new connection: [Errno -2] Name or service not known'))
[2023-04-30T22:30:24.539+0000] {helpers.py:86} ERROR - HTTPSConnectionPool(host='api.pushshift.io', port=443): Max retries exceeded with url: /reddit/search/submission/?subreddit=torontoraptors&sort=created_utc&sort_type=desc&size=500 (Caused by NewConnectionError('<urllib3.connection.HTTPSConnection object at 0xffffa004d950>: Failed to establish a new connection: [Errno -2] Name or service not known'))
[2023-04-30T22:30:24.549+0000] {helpers.py:87} ERROR - Retrying! 1 attempts before skipping!
[2023-04-30T22:30:25.563+0000] {logging_mixin.py:137} INFO - HTTPSConnectionPool(host='api.pushshift.io', port=443): Max retries exceeded with url: /reddit/search/submission/?subreddit=torontoraptors&sort=created_utc&sort_type=desc&size=500 (Caused by NewConnectionError('<urllib3.connection.HTTPSConnection object at 0xffffa004d650>: Failed to establish a new connection: [Errno -2] Name or service not known'))
[2023-04-30T22:30:25.565+0000] {helpers.py:86} ERROR - HTTPSConnectionPool(host='api.pushshift.io', port=443): Max retries exceeded with url: /reddit/search/submission/?subreddit=torontoraptors&sort=created_utc&sort_type=desc&size=500 (Caused by NewConnectionError('<urllib3.connection.HTTPSConnection object at 0xffffa004d650>: Failed to establish a new connection: [Errno -2] Name or service not known'))
[2023-04-30T22:30:25.571+0000] {helpers.py:87} ERROR - Retrying! 0 attempts before skipping!
[2023-04-30T22:30:26.690+0000] {logging_mixin.py:137} INFO - HTTPSConnectionPool(host='api.pushshift.io', port=443): Max retries exceeded with url: /reddit/search/submission/?subreddit=torontoraptors&sort=created_utc&sort_type=desc&size=500 (Caused by NewConnectionError('<urllib3.connection.HTTPSConnection object at 0xffffa004d590>: Failed to establish a new connection: [Errno -2] Name or service not known'))
[2023-04-30T22:30:26.695+0000] {helpers.py:86} ERROR - HTTPSConnectionPool(host='api.pushshift.io', port=443): Max retries exceeded with url: /reddit/search/submission/?subreddit=torontoraptors&sort=created_utc&sort_type=desc&size=500 (Caused by NewConnectionError('<urllib3.connection.HTTPSConnection object at 0xffffa004d590>: Failed to establish a new connection: [Errno -2] Name or service not known'))
[2023-04-30T22:30:26.704+0000] {helpers.py:87} ERROR - Retrying! -1 attempts before skipping!
[2023-04-30T22:30:27.716+0000] {logging_mixin.py:137} INFO - HTTPSConnectionPool(host='api.pushshift.io', port=443): Max retries exceeded with url: /reddit/search/submission/?subreddit=UtahJazz&sort=created_utc&sort_type=desc&size=500 (Caused by NewConnectionError('<urllib3.connection.HTTPSConnection object at 0xffffa004d150>: Failed to establish a new connection: [Errno -2] Name or service not known'))
[2023-04-30T22:30:27.719+0000] {helpers.py:86} ERROR - HTTPSConnectionPool(host='api.pushshift.io', port=443): Max retries exceeded with url: /reddit/search/submission/?subreddit=UtahJazz&sort=created_utc&sort_type=desc&size=500 (Caused by NewConnectionError('<urllib3.connection.HTTPSConnection object at 0xffffa004d150>: Failed to establish a new connection: [Errno -2] Name or service not known'))
[2023-04-30T22:30:27.723+0000] {helpers.py:87} ERROR - Retrying! 9 attempts before skipping!
[2023-04-30T22:30:28.741+0000] {logging_mixin.py:137} INFO - HTTPSConnectionPool(host='api.pushshift.io', port=443): Max retries exceeded with url: /reddit/search/submission/?subreddit=UtahJazz&sort=created_utc&sort_type=desc&size=500 (Caused by NewConnectionError('<urllib3.connection.HTTPSConnection object at 0xffffa004d5d0>: Failed to establish a new connection: [Errno -2] Name or service not known'))
[2023-04-30T22:30:28.743+0000] {helpers.py:86} ERROR - HTTPSConnectionPool(host='api.pushshift.io', port=443): Max retries exceeded with url: /reddit/search/submission/?subreddit=UtahJazz&sort=created_utc&sort_type=desc&size=500 (Caused by NewConnectionError('<urllib3.connection.HTTPSConnection object at 0xffffa004d5d0>: Failed to establish a new connection: [Errno -2] Name or service not known'))
[2023-04-30T22:30:28.744+0000] {helpers.py:87} ERROR - Retrying! 8 attempts before skipping!
[2023-04-30T22:30:29.758+0000] {logging_mixin.py:137} INFO - HTTPSConnectionPool(host='api.pushshift.io', port=443): Max retries exceeded with url: /reddit/search/submission/?subreddit=UtahJazz&sort=created_utc&sort_type=desc&size=500 (Caused by NewConnectionError('<urllib3.connection.HTTPSConnection object at 0xffffa004d6d0>: Failed to establish a new connection: [Errno -2] Name or service not known'))
[2023-04-30T22:30:29.759+0000] {helpers.py:86} ERROR - HTTPSConnectionPool(host='api.pushshift.io', port=443): Max retries exceeded with url: /reddit/search/submission/?subreddit=UtahJazz&sort=created_utc&sort_type=desc&size=500 (Caused by NewConnectionError('<urllib3.connection.HTTPSConnection object at 0xffffa004d6d0>: Failed to establish a new connection: [Errno -2] Name or service not known'))
[2023-04-30T22:30:29.761+0000] {helpers.py:87} ERROR - Retrying! 7 attempts before skipping!
[2023-04-30T22:30:30.779+0000] {logging_mixin.py:137} INFO - HTTPSConnectionPool(host='api.pushshift.io', port=443): Max retries exceeded with url: /reddit/search/submission/?subreddit=UtahJazz&sort=created_utc&sort_type=desc&size=500 (Caused by NewConnectionError('<urllib3.connection.HTTPSConnection object at 0xffffa004d450>: Failed to establish a new connection: [Errno -2] Name or service not known'))
[2023-04-30T22:30:30.788+0000] {helpers.py:86} ERROR - HTTPSConnectionPool(host='api.pushshift.io', port=443): Max retries exceeded with url: /reddit/search/submission/?subreddit=UtahJazz&sort=created_utc&sort_type=desc&size=500 (Caused by NewConnectionError('<urllib3.connection.HTTPSConnection object at 0xffffa004d450>: Failed to establish a new connection: [Errno -2] Name or service not known'))
[2023-04-30T22:30:30.794+0000] {helpers.py:87} ERROR - Retrying! 6 attempts before skipping!
[2023-04-30T22:30:31.807+0000] {logging_mixin.py:137} INFO - HTTPSConnectionPool(host='api.pushshift.io', port=443): Max retries exceeded with url: /reddit/search/submission/?subreddit=UtahJazz&sort=created_utc&sort_type=desc&size=500 (Caused by NewConnectionError('<urllib3.connection.HTTPSConnection object at 0xffffa004d110>: Failed to establish a new connection: [Errno -2] Name or service not known'))
[2023-04-30T22:30:31.811+0000] {helpers.py:86} ERROR - HTTPSConnectionPool(host='api.pushshift.io', port=443): Max retries exceeded with url: /reddit/search/submission/?subreddit=UtahJazz&sort=created_utc&sort_type=desc&size=500 (Caused by NewConnectionError('<urllib3.connection.HTTPSConnection object at 0xffffa004d110>: Failed to establish a new connection: [Errno -2] Name or service not known'))
[2023-04-30T22:30:31.813+0000] {helpers.py:87} ERROR - Retrying! 5 attempts before skipping!
[2023-04-30T22:30:32.831+0000] {logging_mixin.py:137} INFO - HTTPSConnectionPool(host='api.pushshift.io', port=443): Max retries exceeded with url: /reddit/search/submission/?subreddit=UtahJazz&sort=created_utc&sort_type=desc&size=500 (Caused by NewConnectionError('<urllib3.connection.HTTPSConnection object at 0xffffa004d590>: Failed to establish a new connection: [Errno -2] Name or service not known'))
[2023-04-30T22:30:32.833+0000] {helpers.py:86} ERROR - HTTPSConnectionPool(host='api.pushshift.io', port=443): Max retries exceeded with url: /reddit/search/submission/?subreddit=UtahJazz&sort=created_utc&sort_type=desc&size=500 (Caused by NewConnectionError('<urllib3.connection.HTTPSConnection object at 0xffffa004d590>: Failed to establish a new connection: [Errno -2] Name or service not known'))
[2023-04-30T22:30:32.836+0000] {helpers.py:87} ERROR - Retrying! 4 attempts before skipping!
[2023-04-30T22:30:33.851+0000] {logging_mixin.py:137} INFO - HTTPSConnectionPool(host='api.pushshift.io', port=443): Max retries exceeded with url: /reddit/search/submission/?subreddit=UtahJazz&sort=created_utc&sort_type=desc&size=500 (Caused by NewConnectionError('<urllib3.connection.HTTPSConnection object at 0xffffa004d390>: Failed to establish a new connection: [Errno -2] Name or service not known'))
[2023-04-30T22:30:33.855+0000] {helpers.py:86} ERROR - HTTPSConnectionPool(host='api.pushshift.io', port=443): Max retries exceeded with url: /reddit/search/submission/?subreddit=UtahJazz&sort=created_utc&sort_type=desc&size=500 (Caused by NewConnectionError('<urllib3.connection.HTTPSConnection object at 0xffffa004d390>: Failed to establish a new connection: [Errno -2] Name or service not known'))
[2023-04-30T22:30:33.858+0000] {helpers.py:87} ERROR - Retrying! 3 attempts before skipping!
[2023-04-30T22:30:34.871+0000] {logging_mixin.py:137} INFO - HTTPSConnectionPool(host='api.pushshift.io', port=443): Max retries exceeded with url: /reddit/search/submission/?subreddit=UtahJazz&sort=created_utc&sort_type=desc&size=500 (Caused by NewConnectionError('<urllib3.connection.HTTPSConnection object at 0xffffa004d990>: Failed to establish a new connection: [Errno -2] Name or service not known'))
[2023-04-30T22:30:34.874+0000] {helpers.py:86} ERROR - HTTPSConnectionPool(host='api.pushshift.io', port=443): Max retries exceeded with url: /reddit/search/submission/?subreddit=UtahJazz&sort=created_utc&sort_type=desc&size=500 (Caused by NewConnectionError('<urllib3.connection.HTTPSConnection object at 0xffffa004d990>: Failed to establish a new connection: [Errno -2] Name or service not known'))
[2023-04-30T22:30:34.877+0000] {helpers.py:87} ERROR - Retrying! 2 attempts before skipping!
[2023-04-30T22:30:35.888+0000] {logging_mixin.py:137} INFO - HTTPSConnectionPool(host='api.pushshift.io', port=443): Max retries exceeded with url: /reddit/search/submission/?subreddit=UtahJazz&sort=created_utc&sort_type=desc&size=500 (Caused by NewConnectionError('<urllib3.connection.HTTPSConnection object at 0xffffa004dc50>: Failed to establish a new connection: [Errno -2] Name or service not known'))
[2023-04-30T22:30:35.895+0000] {helpers.py:86} ERROR - HTTPSConnectionPool(host='api.pushshift.io', port=443): Max retries exceeded with url: /reddit/search/submission/?subreddit=UtahJazz&sort=created_utc&sort_type=desc&size=500 (Caused by NewConnectionError('<urllib3.connection.HTTPSConnection object at 0xffffa004dc50>: Failed to establish a new connection: [Errno -2] Name or service not known'))
[2023-04-30T22:30:35.897+0000] {helpers.py:87} ERROR - Retrying! 1 attempts before skipping!
[2023-04-30T22:30:36.907+0000] {logging_mixin.py:137} INFO - HTTPSConnectionPool(host='api.pushshift.io', port=443): Max retries exceeded with url: /reddit/search/submission/?subreddit=UtahJazz&sort=created_utc&sort_type=desc&size=500 (Caused by NewConnectionError('<urllib3.connection.HTTPSConnection object at 0xffffa004d310>: Failed to establish a new connection: [Errno -2] Name or service not known'))
[2023-04-30T22:30:36.910+0000] {helpers.py:86} ERROR - HTTPSConnectionPool(host='api.pushshift.io', port=443): Max retries exceeded with url: /reddit/search/submission/?subreddit=UtahJazz&sort=created_utc&sort_type=desc&size=500 (Caused by NewConnectionError('<urllib3.connection.HTTPSConnection object at 0xffffa004d310>: Failed to establish a new connection: [Errno -2] Name or service not known'))
[2023-04-30T22:30:36.912+0000] {helpers.py:87} ERROR - Retrying! 0 attempts before skipping!
[2023-04-30T22:30:37.955+0000] {logging_mixin.py:137} INFO - HTTPSConnectionPool(host='api.pushshift.io', port=443): Max retries exceeded with url: /reddit/search/submission/?subreddit=UtahJazz&sort=created_utc&sort_type=desc&size=500 (Caused by NewConnectionError('<urllib3.connection.HTTPSConnection object at 0xffffa004d290>: Failed to establish a new connection: [Errno -2] Name or service not known'))
[2023-04-30T22:30:37.956+0000] {helpers.py:86} ERROR - HTTPSConnectionPool(host='api.pushshift.io', port=443): Max retries exceeded with url: /reddit/search/submission/?subreddit=UtahJazz&sort=created_utc&sort_type=desc&size=500 (Caused by NewConnectionError('<urllib3.connection.HTTPSConnection object at 0xffffa004d290>: Failed to establish a new connection: [Errno -2] Name or service not known'))
[2023-04-30T22:30:38.029+0000] {helpers.py:87} ERROR - Retrying! -1 attempts before skipping!
[2023-04-30T22:30:39.053+0000] {logging_mixin.py:137} INFO - HTTPSConnectionPool(host='api.pushshift.io', port=443): Max retries exceeded with url: /reddit/search/submission/?subreddit=washingtonwizards&sort=created_utc&sort_type=desc&size=500 (Caused by NewConnectionError('<urllib3.connection.HTTPSConnection object at 0xffffa004d5d0>: Failed to establish a new connection: [Errno -2] Name or service not known'))
[2023-04-30T22:30:39.061+0000] {helpers.py:86} ERROR - HTTPSConnectionPool(host='api.pushshift.io', port=443): Max retries exceeded with url: /reddit/search/submission/?subreddit=washingtonwizards&sort=created_utc&sort_type=desc&size=500 (Caused by NewConnectionError('<urllib3.connection.HTTPSConnection object at 0xffffa004d5d0>: Failed to establish a new connection: [Errno -2] Name or service not known'))
[2023-04-30T22:30:39.064+0000] {helpers.py:87} ERROR - Retrying! 9 attempts before skipping!
[2023-04-30T23:19:46.861+0000] {logging_mixin.py:137} INFO - HTTPSConnectionPool(host='api.pushshift.io', port=443): Max retries exceeded with url: /reddit/search/submission/?subreddit=washingtonwizards&sort=created_utc&sort_type=desc&size=500 (Caused by NewConnectionError('<urllib3.connection.HTTPSConnection object at 0xffffa004d6d0>: Failed to establish a new connection: [Errno -2] Name or service not known'))
[2023-04-30T23:19:46.865+0000] {helpers.py:86} ERROR - HTTPSConnectionPool(host='api.pushshift.io', port=443): Max retries exceeded with url: /reddit/search/submission/?subreddit=washingtonwizards&sort=created_utc&sort_type=desc&size=500 (Caused by NewConnectionError('<urllib3.connection.HTTPSConnection object at 0xffffa004d6d0>: Failed to establish a new connection: [Errno -2] Name or service not known'))
[2023-04-30T23:19:46.869+0000] {helpers.py:87} ERROR - Retrying! 8 attempts before skipping!
[2023-04-30T23:19:47.888+0000] {logging_mixin.py:137} INFO - HTTPSConnectionPool(host='api.pushshift.io', port=443): Max retries exceeded with url: /reddit/search/submission/?subreddit=washingtonwizards&sort=created_utc&sort_type=desc&size=500 (Caused by NewConnectionError('<urllib3.connection.HTTPSConnection object at 0xffffa004d950>: Failed to establish a new connection: [Errno -2] Name or service not known'))
[2023-04-30T23:19:47.892+0000] {helpers.py:86} ERROR - HTTPSConnectionPool(host='api.pushshift.io', port=443): Max retries exceeded with url: /reddit/search/submission/?subreddit=washingtonwizards&sort=created_utc&sort_type=desc&size=500 (Caused by NewConnectionError('<urllib3.connection.HTTPSConnection object at 0xffffa004d950>: Failed to establish a new connection: [Errno -2] Name or service not known'))
[2023-04-30T23:19:47.895+0000] {helpers.py:87} ERROR - Retrying! 7 attempts before skipping!
[2023-04-30T23:19:48.905+0000] {logging_mixin.py:137} INFO - HTTPSConnectionPool(host='api.pushshift.io', port=443): Max retries exceeded with url: /reddit/search/submission/?subreddit=washingtonwizards&sort=created_utc&sort_type=desc&size=500 (Caused by NewConnectionError('<urllib3.connection.HTTPSConnection object at 0xffffa004d1d0>: Failed to establish a new connection: [Errno -2] Name or service not known'))
[2023-04-30T23:19:48.906+0000] {helpers.py:86} ERROR - HTTPSConnectionPool(host='api.pushshift.io', port=443): Max retries exceeded with url: /reddit/search/submission/?subreddit=washingtonwizards&sort=created_utc&sort_type=desc&size=500 (Caused by NewConnectionError('<urllib3.connection.HTTPSConnection object at 0xffffa004d1d0>: Failed to establish a new connection: [Errno -2] Name or service not known'))
[2023-04-30T23:19:48.907+0000] {helpers.py:87} ERROR - Retrying! 6 attempts before skipping!
[2023-04-30T23:19:49.938+0000] {logging_mixin.py:137} INFO - HTTPSConnectionPool(host='api.pushshift.io', port=443): Max retries exceeded with url: /reddit/search/submission/?subreddit=washingtonwizards&sort=created_utc&sort_type=desc&size=500 (Caused by NewConnectionError('<urllib3.connection.HTTPSConnection object at 0xffffa004d410>: Failed to establish a new connection: [Errno -2] Name or service not known'))
[2023-04-30T23:19:49.943+0000] {helpers.py:86} ERROR - HTTPSConnectionPool(host='api.pushshift.io', port=443): Max retries exceeded with url: /reddit/search/submission/?subreddit=washingtonwizards&sort=created_utc&sort_type=desc&size=500 (Caused by NewConnectionError('<urllib3.connection.HTTPSConnection object at 0xffffa004d410>: Failed to establish a new connection: [Errno -2] Name or service not known'))
[2023-04-30T23:19:49.947+0000] {helpers.py:87} ERROR - Retrying! 5 attempts before skipping!
[2023-04-30T23:19:50.967+0000] {logging_mixin.py:137} INFO - HTTPSConnectionPool(host='api.pushshift.io', port=443): Max retries exceeded with url: /reddit/search/submission/?subreddit=washingtonwizards&sort=created_utc&sort_type=desc&size=500 (Caused by NewConnectionError('<urllib3.connection.HTTPSConnection object at 0xffffa004d290>: Failed to establish a new connection: [Errno -2] Name or service not known'))
[2023-04-30T23:19:50.971+0000] {helpers.py:86} ERROR - HTTPSConnectionPool(host='api.pushshift.io', port=443): Max retries exceeded with url: /reddit/search/submission/?subreddit=washingtonwizards&sort=created_utc&sort_type=desc&size=500 (Caused by NewConnectionError('<urllib3.connection.HTTPSConnection object at 0xffffa004d290>: Failed to establish a new connection: [Errno -2] Name or service not known'))
[2023-04-30T23:19:50.974+0000] {helpers.py:87} ERROR - Retrying! 4 attempts before skipping!
[2023-04-30T23:19:52.003+0000] {logging_mixin.py:137} INFO - HTTPSConnectionPool(host='api.pushshift.io', port=443): Max retries exceeded with url: /reddit/search/submission/?subreddit=washingtonwizards&sort=created_utc&sort_type=desc&size=500 (Caused by NewConnectionError('<urllib3.connection.HTTPSConnection object at 0xffffa004d210>: Failed to establish a new connection: [Errno -2] Name or service not known'))
[2023-04-30T23:19:52.012+0000] {helpers.py:86} ERROR - HTTPSConnectionPool(host='api.pushshift.io', port=443): Max retries exceeded with url: /reddit/search/submission/?subreddit=washingtonwizards&sort=created_utc&sort_type=desc&size=500 (Caused by NewConnectionError('<urllib3.connection.HTTPSConnection object at 0xffffa004d210>: Failed to establish a new connection: [Errno -2] Name or service not known'))
[2023-04-30T23:19:52.014+0000] {helpers.py:87} ERROR - Retrying! 3 attempts before skipping!
[2023-04-30T23:19:53.048+0000] {logging_mixin.py:137} INFO - HTTPSConnectionPool(host='api.pushshift.io', port=443): Max retries exceeded with url: /reddit/search/submission/?subreddit=washingtonwizards&sort=created_utc&sort_type=desc&size=500 (Caused by NewConnectionError('<urllib3.connection.HTTPSConnection object at 0xffffa004d110>: Failed to establish a new connection: [Errno -2] Name or service not known'))
[2023-04-30T23:19:53.052+0000] {helpers.py:86} ERROR - HTTPSConnectionPool(host='api.pushshift.io', port=443): Max retries exceeded with url: /reddit/search/submission/?subreddit=washingtonwizards&sort=created_utc&sort_type=desc&size=500 (Caused by NewConnectionError('<urllib3.connection.HTTPSConnection object at 0xffffa004d110>: Failed to establish a new connection: [Errno -2] Name or service not known'))
[2023-04-30T23:19:53.057+0000] {helpers.py:87} ERROR - Retrying! 2 attempts before skipping!
[2023-04-30T23:19:54.071+0000] {logging_mixin.py:137} INFO - HTTPSConnectionPool(host='api.pushshift.io', port=443): Max retries exceeded with url: /reddit/search/submission/?subreddit=washingtonwizards&sort=created_utc&sort_type=desc&size=500 (Caused by NewConnectionError('<urllib3.connection.HTTPSConnection object at 0xffffa004dc90>: Failed to establish a new connection: [Errno -2] Name or service not known'))
[2023-04-30T23:19:54.075+0000] {helpers.py:86} ERROR - HTTPSConnectionPool(host='api.pushshift.io', port=443): Max retries exceeded with url: /reddit/search/submission/?subreddit=washingtonwizards&sort=created_utc&sort_type=desc&size=500 (Caused by NewConnectionError('<urllib3.connection.HTTPSConnection object at 0xffffa004dc90>: Failed to establish a new connection: [Errno -2] Name or service not known'))
[2023-04-30T23:19:54.078+0000] {helpers.py:87} ERROR - Retrying! 1 attempts before skipping!
[2023-04-30T23:19:55.104+0000] {logging_mixin.py:137} INFO - HTTPSConnectionPool(host='api.pushshift.io', port=443): Max retries exceeded with url: /reddit/search/submission/?subreddit=washingtonwizards&sort=created_utc&sort_type=desc&size=500 (Caused by NewConnectionError('<urllib3.connection.HTTPSConnection object at 0xffffa004d450>: Failed to establish a new connection: [Errno -2] Name or service not known'))
[2023-04-30T23:19:55.110+0000] {helpers.py:86} ERROR - HTTPSConnectionPool(host='api.pushshift.io', port=443): Max retries exceeded with url: /reddit/search/submission/?subreddit=washingtonwizards&sort=created_utc&sort_type=desc&size=500 (Caused by NewConnectionError('<urllib3.connection.HTTPSConnection object at 0xffffa004d450>: Failed to establish a new connection: [Errno -2] Name or service not known'))
[2023-04-30T23:19:55.113+0000] {helpers.py:87} ERROR - Retrying! 0 attempts before skipping!
[2023-04-30T23:19:56.138+0000] {logging_mixin.py:137} INFO - HTTPSConnectionPool(host='api.pushshift.io', port=443): Max retries exceeded with url: /reddit/search/submission/?subreddit=washingtonwizards&sort=created_utc&sort_type=desc&size=500 (Caused by NewConnectionError('<urllib3.connection.HTTPSConnection object at 0xffffa004d590>: Failed to establish a new connection: [Errno -2] Name or service not known'))
[2023-04-30T23:19:56.144+0000] {helpers.py:86} ERROR - HTTPSConnectionPool(host='api.pushshift.io', port=443): Max retries exceeded with url: /reddit/search/submission/?subreddit=washingtonwizards&sort=created_utc&sort_type=desc&size=500 (Caused by NewConnectionError('<urllib3.connection.HTTPSConnection object at 0xffffa004d590>: Failed to establish a new connection: [Errno -2] Name or service not known'))
[2023-04-30T23:19:56.148+0000] {helpers.py:87} ERROR - Retrying! -1 attempts before skipping!
[2023-04-30T23:19:57.248+0000] {helpers.py:96} INFO - Saved in /opt/***/data/output_scrape_teams_25-30.csv
[2023-04-30T23:19:57.250+0000] {python.py:177} INFO - Done. Returned value was: None
[2023-04-30T23:19:57.326+0000] {taskinstance.py:1332} INFO - Marking task as SUCCESS. dag_id=scrape_and_save_to_csv, task_id=scrape_teams_25-30, execution_date=20230430T203000, start_date=20230430T213924, end_date=20230430T231957
[2023-04-30T23:19:57.453+0000] {local_task_job.py:212} INFO - Task exited with return code 0
[2023-04-30T23:19:57.496+0000] {taskinstance.py:2596} INFO - 0 downstream tasks scheduled from follow-on schedule check
