[2023-05-07T03:19:57.447+0000] {taskinstance.py:1090} INFO - Dependencies all met for dep_context=non-requeueable deps ti=<TaskInstance: scrape_and_save_to_csv.scrape_teams_17-24 scheduled__2022-05-02T01:00:00+00:00 [queued]>
[2023-05-07T03:19:57.465+0000] {taskinstance.py:1090} INFO - Dependencies all met for dep_context=requeueable deps ti=<TaskInstance: scrape_and_save_to_csv.scrape_teams_17-24 scheduled__2022-05-02T01:00:00+00:00 [queued]>
[2023-05-07T03:19:57.466+0000] {taskinstance.py:1288} INFO - 
--------------------------------------------------------------------------------
[2023-05-07T03:19:57.467+0000] {taskinstance.py:1289} INFO - Starting attempt 1 of 1
[2023-05-07T03:19:57.468+0000] {taskinstance.py:1290} INFO - 
--------------------------------------------------------------------------------
[2023-05-07T03:19:57.487+0000] {taskinstance.py:1309} INFO - Executing <Task(PythonOperator): scrape_teams_17-24> on 2022-05-02 01:00:00+00:00
[2023-05-07T03:19:57.493+0000] {standard_task_runner.py:55} INFO - Started process 1355 to run task
[2023-05-07T03:19:57.499+0000] {standard_task_runner.py:82} INFO - Running: ['***', 'tasks', 'run', 'scrape_and_save_to_csv', 'scrape_teams_17-24', 'scheduled__2022-05-02T01:00:00+00:00', '--job-id', '2756', '--raw', '--subdir', 'DAGS_FOLDER/scrape_and_push_dag.py', '--cfg-path', '/tmp/tmpzr294x1t']
[2023-05-07T03:19:57.502+0000] {standard_task_runner.py:83} INFO - Job 2756: Subtask scrape_teams_17-24
[2023-05-07T03:19:57.584+0000] {task_command.py:389} INFO - Running <TaskInstance: scrape_and_save_to_csv.scrape_teams_17-24 scheduled__2022-05-02T01:00:00+00:00 [running]> on host 6589836e9c08
[2023-05-07T03:19:57.669+0000] {taskinstance.py:1518} INFO - Exporting the following env vars:
AIRFLOW_CTX_DAG_OWNER=***
AIRFLOW_CTX_DAG_ID=scrape_and_save_to_csv
AIRFLOW_CTX_TASK_ID=scrape_teams_17-24
AIRFLOW_CTX_EXECUTION_DATE=2022-05-02T01:00:00+00:00
AIRFLOW_CTX_TRY_NUMBER=1
AIRFLOW_CTX_DAG_RUN_ID=scheduled__2022-05-02T01:00:00+00:00
[2023-05-07T03:19:57.691+0000] {taskinstance.py:1776} ERROR - Task failed with exception
Traceback (most recent call last):
  File "/home/airflow/.local/lib/python3.7/site-packages/airflow/operators/python.py", line 175, in execute
    return_value = self.execute_callable()
  File "/home/airflow/.local/lib/python3.7/site-packages/airflow/operators/python.py", line 192, in execute_callable
    return self.python_callable(*self.op_args, **self.op_kwargs)
TypeError: scrape_and_save() missing 1 required positional argument: 'current_date'
[2023-05-07T03:19:57.701+0000] {taskinstance.py:1332} INFO - Marking task as FAILED. dag_id=scrape_and_save_to_csv, task_id=scrape_teams_17-24, execution_date=20220502T010000, start_date=20230507T031957, end_date=20230507T031957
[2023-05-07T03:19:57.715+0000] {standard_task_runner.py:105} ERROR - Failed to execute job 2756 for task scrape_teams_17-24 (scrape_and_save() missing 1 required positional argument: 'current_date'; 1355)
[2023-05-07T03:19:57.752+0000] {local_task_job.py:212} INFO - Task exited with return code 1
[2023-05-07T03:19:57.824+0000] {taskinstance.py:2596} INFO - 0 downstream tasks scheduled from follow-on schedule check
[2023-05-08T23:43:14.355+0000] {taskinstance.py:1090} INFO - Dependencies all met for dep_context=non-requeueable deps ti=<TaskInstance: scrape_and_save_to_csv.scrape_teams_17-24 scheduled__2022-05-02T01:00:00+00:00 [queued]>
[2023-05-08T23:43:14.368+0000] {taskinstance.py:1090} INFO - Dependencies all met for dep_context=requeueable deps ti=<TaskInstance: scrape_and_save_to_csv.scrape_teams_17-24 scheduled__2022-05-02T01:00:00+00:00 [queued]>
[2023-05-08T23:43:14.369+0000] {taskinstance.py:1288} INFO - 
--------------------------------------------------------------------------------
[2023-05-08T23:43:14.372+0000] {taskinstance.py:1289} INFO - Starting attempt 1 of 1
[2023-05-08T23:43:14.373+0000] {taskinstance.py:1290} INFO - 
--------------------------------------------------------------------------------
[2023-05-08T23:43:14.385+0000] {taskinstance.py:1309} INFO - Executing <Task(PythonOperator): scrape_teams_17-24> on 2022-05-02 01:00:00+00:00
[2023-05-08T23:43:14.396+0000] {standard_task_runner.py:55} INFO - Started process 151 to run task
[2023-05-08T23:43:14.400+0000] {standard_task_runner.py:82} INFO - Running: ['***', 'tasks', 'run', 'scrape_and_save_to_csv', 'scrape_teams_17-24', 'scheduled__2022-05-02T01:00:00+00:00', '--job-id', '3098', '--raw', '--subdir', 'DAGS_FOLDER/scrape_and_push_dag.py', '--cfg-path', '/tmp/tmpvomoc4b1']
[2023-05-08T23:43:14.403+0000] {standard_task_runner.py:83} INFO - Job 3098: Subtask scrape_teams_17-24
[2023-05-08T23:43:14.489+0000] {task_command.py:389} INFO - Running <TaskInstance: scrape_and_save_to_csv.scrape_teams_17-24 scheduled__2022-05-02T01:00:00+00:00 [running]> on host f41dbfa3d325
[2023-05-08T23:43:14.526+0000] {warnings.py:110} WARNING - /home/***/.local/lib/python3.7/site-packages/***/utils/context.py:205: AirflowContextDeprecationWarning: Accessing 'execution_date' from the template is deprecated and will be removed in a future version. Please use 'data_interval_start' or 'logical_date' instead.
  warnings.warn(_create_deprecation_warning(key, self._deprecation_replacements[key]))

[2023-05-08T23:43:14.568+0000] {taskinstance.py:1518} INFO - Exporting the following env vars:
AIRFLOW_CTX_DAG_OWNER=***
AIRFLOW_CTX_DAG_ID=scrape_and_save_to_csv
AIRFLOW_CTX_TASK_ID=scrape_teams_17-24
AIRFLOW_CTX_EXECUTION_DATE=2022-05-02T01:00:00+00:00
AIRFLOW_CTX_TRY_NUMBER=1
AIRFLOW_CTX_DAG_RUN_ID=scheduled__2022-05-02T01:00:00+00:00
[2023-05-08T23:43:14.572+0000] {taskinstance.py:1776} ERROR - Task failed with exception
Traceback (most recent call last):
  File "/home/airflow/.local/lib/python3.7/site-packages/airflow/operators/python.py", line 175, in execute
    return_value = self.execute_callable()
  File "/home/airflow/.local/lib/python3.7/site-packages/airflow/operators/python.py", line 192, in execute_callable
    return self.python_callable(*self.op_args, **self.op_kwargs)
  File "/opt/airflow/dags/helpers.py", line 59, in scrape_and_save
    after = datetime.fromisoformat(f"{{ execution_date }}")
ValueError: Invalid isoformat string: '{ execution_date }'
[2023-05-08T23:43:14.584+0000] {taskinstance.py:1332} INFO - Marking task as FAILED. dag_id=scrape_and_save_to_csv, task_id=scrape_teams_17-24, execution_date=20220502T010000, start_date=20230508T234314, end_date=20230508T234314
[2023-05-08T23:43:14.599+0000] {standard_task_runner.py:105} ERROR - Failed to execute job 3098 for task scrape_teams_17-24 (Invalid isoformat string: '{ execution_date }'; 151)
[2023-05-08T23:43:14.658+0000] {local_task_job.py:212} INFO - Task exited with return code 1
[2023-05-08T23:43:14.696+0000] {taskinstance.py:2596} INFO - 0 downstream tasks scheduled from follow-on schedule check
[2023-05-08T23:46:57.399+0000] {taskinstance.py:1090} INFO - Dependencies all met for dep_context=non-requeueable deps ti=<TaskInstance: scrape_and_save_to_csv.scrape_teams_17-24 scheduled__2022-05-02T01:00:00+00:00 [queued]>
[2023-05-08T23:46:57.407+0000] {taskinstance.py:1090} INFO - Dependencies all met for dep_context=requeueable deps ti=<TaskInstance: scrape_and_save_to_csv.scrape_teams_17-24 scheduled__2022-05-02T01:00:00+00:00 [queued]>
[2023-05-08T23:46:57.409+0000] {taskinstance.py:1288} INFO - 
--------------------------------------------------------------------------------
[2023-05-08T23:46:57.410+0000] {taskinstance.py:1289} INFO - Starting attempt 1 of 1
[2023-05-08T23:46:57.412+0000] {taskinstance.py:1290} INFO - 
--------------------------------------------------------------------------------
[2023-05-08T23:46:57.428+0000] {taskinstance.py:1309} INFO - Executing <Task(PythonOperator): scrape_teams_17-24> on 2022-05-02 01:00:00+00:00
[2023-05-08T23:46:57.433+0000] {standard_task_runner.py:55} INFO - Started process 561 to run task
[2023-05-08T23:46:57.440+0000] {standard_task_runner.py:82} INFO - Running: ['***', 'tasks', 'run', 'scrape_and_save_to_csv', 'scrape_teams_17-24', 'scheduled__2022-05-02T01:00:00+00:00', '--job-id', '3208', '--raw', '--subdir', 'DAGS_FOLDER/scrape_and_push_dag.py', '--cfg-path', '/tmp/tmp4wyw_zf0']
[2023-05-08T23:46:57.444+0000] {standard_task_runner.py:83} INFO - Job 3208: Subtask scrape_teams_17-24
[2023-05-08T23:46:57.535+0000] {task_command.py:389} INFO - Running <TaskInstance: scrape_and_save_to_csv.scrape_teams_17-24 scheduled__2022-05-02T01:00:00+00:00 [running]> on host f41dbfa3d325
[2023-05-08T23:46:57.564+0000] {warnings.py:110} WARNING - /home/***/.local/lib/python3.7/site-packages/***/utils/context.py:205: AirflowContextDeprecationWarning: Accessing 'execution_date' from the template is deprecated and will be removed in a future version. Please use 'data_interval_start' or 'logical_date' instead.
  warnings.warn(_create_deprecation_warning(key, self._deprecation_replacements[key]))

[2023-05-08T23:46:57.607+0000] {taskinstance.py:1518} INFO - Exporting the following env vars:
AIRFLOW_CTX_DAG_OWNER=***
AIRFLOW_CTX_DAG_ID=scrape_and_save_to_csv
AIRFLOW_CTX_TASK_ID=scrape_teams_17-24
AIRFLOW_CTX_EXECUTION_DATE=2022-05-02T01:00:00+00:00
AIRFLOW_CTX_TRY_NUMBER=1
AIRFLOW_CTX_DAG_RUN_ID=scheduled__2022-05-02T01:00:00+00:00
[2023-05-08T23:46:57.610+0000] {taskinstance.py:1776} ERROR - Task failed with exception
Traceback (most recent call last):
  File "/home/airflow/.local/lib/python3.7/site-packages/airflow/operators/python.py", line 175, in execute
    return_value = self.execute_callable()
  File "/home/airflow/.local/lib/python3.7/site-packages/airflow/operators/python.py", line 192, in execute_callable
    return self.python_callable(*self.op_args, **self.op_kwargs)
  File "/opt/airflow/dags/helpers.py", line 59, in scrape_and_save
    after = datetime.fromisoformat(f"{{ execution_date }}")
ValueError: Invalid isoformat string: '{ execution_date }'
[2023-05-08T23:46:57.628+0000] {taskinstance.py:1332} INFO - Marking task as FAILED. dag_id=scrape_and_save_to_csv, task_id=scrape_teams_17-24, execution_date=20220502T010000, start_date=20230508T234657, end_date=20230508T234657
[2023-05-08T23:46:57.642+0000] {standard_task_runner.py:105} ERROR - Failed to execute job 3208 for task scrape_teams_17-24 (Invalid isoformat string: '{ execution_date }'; 561)
[2023-05-08T23:46:57.691+0000] {local_task_job.py:212} INFO - Task exited with return code 1
[2023-05-08T23:46:57.715+0000] {taskinstance.py:2596} INFO - 0 downstream tasks scheduled from follow-on schedule check
[2023-05-09T21:54:03.539+0000] {taskinstance.py:1090} INFO - Dependencies all met for dep_context=non-requeueable deps ti=<TaskInstance: scrape_and_save_to_csv.scrape_teams_17-24 scheduled__2022-05-02T01:00:00+00:00 [queued]>
[2023-05-09T21:54:03.559+0000] {taskinstance.py:1090} INFO - Dependencies all met for dep_context=requeueable deps ti=<TaskInstance: scrape_and_save_to_csv.scrape_teams_17-24 scheduled__2022-05-02T01:00:00+00:00 [queued]>
[2023-05-09T21:54:03.562+0000] {taskinstance.py:1288} INFO - 
--------------------------------------------------------------------------------
[2023-05-09T21:54:03.564+0000] {taskinstance.py:1289} INFO - Starting attempt 1 of 1
[2023-05-09T21:54:03.565+0000] {taskinstance.py:1290} INFO - 
--------------------------------------------------------------------------------
[2023-05-09T21:54:03.586+0000] {taskinstance.py:1309} INFO - Executing <Task(PythonOperator): scrape_teams_17-24> on 2022-05-02 01:00:00+00:00
[2023-05-09T21:54:03.598+0000] {standard_task_runner.py:55} INFO - Started process 13003 to run task
[2023-05-09T21:54:03.605+0000] {standard_task_runner.py:82} INFO - Running: ['***', 'tasks', 'run', 'scrape_and_save_to_csv', 'scrape_teams_17-24', 'scheduled__2022-05-02T01:00:00+00:00', '--job-id', '3437', '--raw', '--subdir', 'DAGS_FOLDER/scrape_and_push_dag.py', '--cfg-path', '/tmp/tmpebi3_yho']
[2023-05-09T21:54:03.609+0000] {standard_task_runner.py:83} INFO - Job 3437: Subtask scrape_teams_17-24
[2023-05-09T21:54:03.784+0000] {task_command.py:389} INFO - Running <TaskInstance: scrape_and_save_to_csv.scrape_teams_17-24 scheduled__2022-05-02T01:00:00+00:00 [running]> on host f41dbfa3d325
[2023-05-09T21:54:03.853+0000] {warnings.py:110} WARNING - /home/***/.local/lib/python3.7/site-packages/***/utils/context.py:205: AirflowContextDeprecationWarning: Accessing 'execution_date' from the template is deprecated and will be removed in a future version. Please use 'data_interval_start' or 'logical_date' instead.
  warnings.warn(_create_deprecation_warning(key, self._deprecation_replacements[key]))

[2023-05-09T21:54:03.909+0000] {taskinstance.py:1518} INFO - Exporting the following env vars:
AIRFLOW_CTX_DAG_OWNER=***
AIRFLOW_CTX_DAG_ID=scrape_and_save_to_csv
AIRFLOW_CTX_TASK_ID=scrape_teams_17-24
AIRFLOW_CTX_EXECUTION_DATE=2022-05-02T01:00:00+00:00
AIRFLOW_CTX_TRY_NUMBER=1
AIRFLOW_CTX_DAG_RUN_ID=scheduled__2022-05-02T01:00:00+00:00
[2023-05-09T21:54:11.035+0000] {helpers.py:94} INFO - Milwaukee Bucks: Successfully scraped!
[2023-05-09T21:54:25.263+0000] {helpers.py:94} INFO - Minnesota Timberwolves: Successfully scraped!
[2023-05-09T21:54:41.619+0000] {helpers.py:94} INFO - New Orleans Pelicans: Successfully scraped!
[2023-05-09T21:54:56.910+0000] {helpers.py:94} INFO - New York Knicks: Successfully scraped!
[2023-05-09T21:55:12.340+0000] {helpers.py:94} INFO - Oklahoma City Thunder: Successfully scraped!
[2023-05-09T21:55:29.446+0000] {helpers.py:94} INFO - Orlando Magic: Successfully scraped!
[2023-05-09T21:55:43.947+0000] {helpers.py:94} INFO - Philadelphia 76ers: Successfully scraped!
[2023-05-09T21:55:54.696+0000] {helpers.py:94} INFO - Phoenix Suns: Successfully scraped!
[2023-05-09T21:55:54.719+0000] {helpers.py:109} INFO - Saved in /opt/***/data/output_scrape_teams_17-24.csv
[2023-05-09T21:55:54.721+0000] {python.py:177} INFO - Done. Returned value was: None
[2023-05-09T21:55:54.745+0000] {taskinstance.py:1332} INFO - Marking task as SUCCESS. dag_id=scrape_and_save_to_csv, task_id=scrape_teams_17-24, execution_date=20220502T010000, start_date=20230509T215403, end_date=20230509T215554
[2023-05-09T21:55:54.866+0000] {local_task_job.py:212} INFO - Task exited with return code 0
[2023-05-09T21:55:54.898+0000] {taskinstance.py:2596} INFO - 0 downstream tasks scheduled from follow-on schedule check
