[2023-04-30T21:39:23.827+0000] {taskinstance.py:1090} INFO - Dependencies all met for dep_context=non-requeueable deps ti=<TaskInstance: scrape_and_save_to_csv.scrape_teams_17-24 scheduled__2023-04-30T20:30:00+00:00 [queued]>
[2023-04-30T21:39:23.837+0000] {taskinstance.py:1090} INFO - Dependencies all met for dep_context=requeueable deps ti=<TaskInstance: scrape_and_save_to_csv.scrape_teams_17-24 scheduled__2023-04-30T20:30:00+00:00 [queued]>
[2023-04-30T21:39:23.838+0000] {taskinstance.py:1288} INFO - 
--------------------------------------------------------------------------------
[2023-04-30T21:39:23.841+0000] {taskinstance.py:1289} INFO - Starting attempt 1 of 1
[2023-04-30T21:39:23.843+0000] {taskinstance.py:1290} INFO - 
--------------------------------------------------------------------------------
[2023-04-30T21:39:23.866+0000] {taskinstance.py:1309} INFO - Executing <Task(PythonOperator): scrape_teams_17-24> on 2023-04-30 20:30:00+00:00
[2023-04-30T21:39:23.879+0000] {standard_task_runner.py:55} INFO - Started process 452 to run task
[2023-04-30T21:39:23.903+0000] {standard_task_runner.py:82} INFO - Running: ['***', 'tasks', 'run', 'scrape_and_save_to_csv', 'scrape_teams_17-24', 'scheduled__2023-04-30T20:30:00+00:00', '--job-id', '1954', '--raw', '--subdir', 'DAGS_FOLDER/scrape_and_save_csv_dag.py', '--cfg-path', '/tmp/tmp4_xge7r2']
[2023-04-30T21:39:23.914+0000] {standard_task_runner.py:83} INFO - Job 1954: Subtask scrape_teams_17-24
[2023-04-30T21:39:24.042+0000] {task_command.py:389} INFO - Running <TaskInstance: scrape_and_save_to_csv.scrape_teams_17-24 scheduled__2023-04-30T20:30:00+00:00 [running]> on host 5d4cd8acb346
[2023-04-30T21:39:24.133+0000] {taskinstance.py:1518} INFO - Exporting the following env vars:
AIRFLOW_CTX_DAG_OWNER=***
AIRFLOW_CTX_DAG_ID=scrape_and_save_to_csv
AIRFLOW_CTX_TASK_ID=scrape_teams_17-24
AIRFLOW_CTX_EXECUTION_DATE=2023-04-30T20:30:00+00:00
AIRFLOW_CTX_TRY_NUMBER=1
AIRFLOW_CTX_DAG_RUN_ID=scheduled__2023-04-30T20:30:00+00:00
[2023-04-30T21:39:24.145+0000] {logging_mixin.py:137} INFO - HTTPSConnectionPool(host='api.pushshift.io', port=443): Max retries exceeded with url: /reddit/search/submission/?subreddit=MkeBucks&sort=created_utc&sort_type=desc&size=500 (Caused by NewConnectionError('<urllib3.connection.HTTPSConnection object at 0xffffa003c810>: Failed to establish a new connection: [Errno -2] Name or service not known'))
[2023-04-30T21:39:24.146+0000] {helpers.py:86} ERROR - HTTPSConnectionPool(host='api.pushshift.io', port=443): Max retries exceeded with url: /reddit/search/submission/?subreddit=MkeBucks&sort=created_utc&sort_type=desc&size=500 (Caused by NewConnectionError('<urllib3.connection.HTTPSConnection object at 0xffffa003c810>: Failed to establish a new connection: [Errno -2] Name or service not known'))
[2023-04-30T21:39:24.147+0000] {helpers.py:87} ERROR - Retrying! 9 attempts before skipping!
[2023-04-30T21:39:25.158+0000] {logging_mixin.py:137} INFO - HTTPSConnectionPool(host='api.pushshift.io', port=443): Max retries exceeded with url: /reddit/search/submission/?subreddit=MkeBucks&sort=created_utc&sort_type=desc&size=500 (Caused by NewConnectionError('<urllib3.connection.HTTPSConnection object at 0xffffa0049810>: Failed to establish a new connection: [Errno -2] Name or service not known'))
[2023-04-30T21:39:25.160+0000] {helpers.py:86} ERROR - HTTPSConnectionPool(host='api.pushshift.io', port=443): Max retries exceeded with url: /reddit/search/submission/?subreddit=MkeBucks&sort=created_utc&sort_type=desc&size=500 (Caused by NewConnectionError('<urllib3.connection.HTTPSConnection object at 0xffffa0049810>: Failed to establish a new connection: [Errno -2] Name or service not known'))
[2023-04-30T21:39:25.161+0000] {helpers.py:87} ERROR - Retrying! 8 attempts before skipping!
[2023-04-30T21:39:26.169+0000] {logging_mixin.py:137} INFO - HTTPSConnectionPool(host='api.pushshift.io', port=443): Max retries exceeded with url: /reddit/search/submission/?subreddit=MkeBucks&sort=created_utc&sort_type=desc&size=500 (Caused by NewConnectionError('<urllib3.connection.HTTPSConnection object at 0xffffa00491d0>: Failed to establish a new connection: [Errno -2] Name or service not known'))
[2023-04-30T21:39:26.173+0000] {helpers.py:86} ERROR - HTTPSConnectionPool(host='api.pushshift.io', port=443): Max retries exceeded with url: /reddit/search/submission/?subreddit=MkeBucks&sort=created_utc&sort_type=desc&size=500 (Caused by NewConnectionError('<urllib3.connection.HTTPSConnection object at 0xffffa00491d0>: Failed to establish a new connection: [Errno -2] Name or service not known'))
[2023-04-30T21:39:26.174+0000] {helpers.py:87} ERROR - Retrying! 7 attempts before skipping!
[2023-04-30T21:39:27.191+0000] {logging_mixin.py:137} INFO - HTTPSConnectionPool(host='api.pushshift.io', port=443): Max retries exceeded with url: /reddit/search/submission/?subreddit=MkeBucks&sort=created_utc&sort_type=desc&size=500 (Caused by NewConnectionError('<urllib3.connection.HTTPSConnection object at 0xffffa0049150>: Failed to establish a new connection: [Errno -2] Name or service not known'))
[2023-04-30T21:39:27.193+0000] {helpers.py:86} ERROR - HTTPSConnectionPool(host='api.pushshift.io', port=443): Max retries exceeded with url: /reddit/search/submission/?subreddit=MkeBucks&sort=created_utc&sort_type=desc&size=500 (Caused by NewConnectionError('<urllib3.connection.HTTPSConnection object at 0xffffa0049150>: Failed to establish a new connection: [Errno -2] Name or service not known'))
[2023-04-30T21:39:27.200+0000] {helpers.py:87} ERROR - Retrying! 6 attempts before skipping!
[2023-04-30T21:39:28.217+0000] {logging_mixin.py:137} INFO - HTTPSConnectionPool(host='api.pushshift.io', port=443): Max retries exceeded with url: /reddit/search/submission/?subreddit=MkeBucks&sort=created_utc&sort_type=desc&size=500 (Caused by NewConnectionError('<urllib3.connection.HTTPSConnection object at 0xffffa0049410>: Failed to establish a new connection: [Errno -2] Name or service not known'))
[2023-04-30T21:39:28.220+0000] {helpers.py:86} ERROR - HTTPSConnectionPool(host='api.pushshift.io', port=443): Max retries exceeded with url: /reddit/search/submission/?subreddit=MkeBucks&sort=created_utc&sort_type=desc&size=500 (Caused by NewConnectionError('<urllib3.connection.HTTPSConnection object at 0xffffa0049410>: Failed to establish a new connection: [Errno -2] Name or service not known'))
[2023-04-30T21:39:28.222+0000] {helpers.py:87} ERROR - Retrying! 5 attempts before skipping!
[2023-04-30T21:39:29.231+0000] {logging_mixin.py:137} INFO - HTTPSConnectionPool(host='api.pushshift.io', port=443): Max retries exceeded with url: /reddit/search/submission/?subreddit=MkeBucks&sort=created_utc&sort_type=desc&size=500 (Caused by NewConnectionError('<urllib3.connection.HTTPSConnection object at 0xffffa00495d0>: Failed to establish a new connection: [Errno -2] Name or service not known'))
[2023-04-30T21:39:29.232+0000] {helpers.py:86} ERROR - HTTPSConnectionPool(host='api.pushshift.io', port=443): Max retries exceeded with url: /reddit/search/submission/?subreddit=MkeBucks&sort=created_utc&sort_type=desc&size=500 (Caused by NewConnectionError('<urllib3.connection.HTTPSConnection object at 0xffffa00495d0>: Failed to establish a new connection: [Errno -2] Name or service not known'))
[2023-04-30T21:39:29.233+0000] {helpers.py:87} ERROR - Retrying! 4 attempts before skipping!
[2023-04-30T21:39:30.242+0000] {logging_mixin.py:137} INFO - HTTPSConnectionPool(host='api.pushshift.io', port=443): Max retries exceeded with url: /reddit/search/submission/?subreddit=MkeBucks&sort=created_utc&sort_type=desc&size=500 (Caused by NewConnectionError('<urllib3.connection.HTTPSConnection object at 0xffffa0049350>: Failed to establish a new connection: [Errno -2] Name or service not known'))
[2023-04-30T21:39:30.244+0000] {helpers.py:86} ERROR - HTTPSConnectionPool(host='api.pushshift.io', port=443): Max retries exceeded with url: /reddit/search/submission/?subreddit=MkeBucks&sort=created_utc&sort_type=desc&size=500 (Caused by NewConnectionError('<urllib3.connection.HTTPSConnection object at 0xffffa0049350>: Failed to establish a new connection: [Errno -2] Name or service not known'))
[2023-04-30T21:39:30.248+0000] {helpers.py:87} ERROR - Retrying! 3 attempts before skipping!
[2023-04-30T21:39:31.261+0000] {logging_mixin.py:137} INFO - HTTPSConnectionPool(host='api.pushshift.io', port=443): Max retries exceeded with url: /reddit/search/submission/?subreddit=MkeBucks&sort=created_utc&sort_type=desc&size=500 (Caused by NewConnectionError('<urllib3.connection.HTTPSConnection object at 0xffffa0049210>: Failed to establish a new connection: [Errno -2] Name or service not known'))
[2023-04-30T21:39:31.270+0000] {helpers.py:86} ERROR - HTTPSConnectionPool(host='api.pushshift.io', port=443): Max retries exceeded with url: /reddit/search/submission/?subreddit=MkeBucks&sort=created_utc&sort_type=desc&size=500 (Caused by NewConnectionError('<urllib3.connection.HTTPSConnection object at 0xffffa0049210>: Failed to establish a new connection: [Errno -2] Name or service not known'))
[2023-04-30T21:39:31.273+0000] {helpers.py:87} ERROR - Retrying! 2 attempts before skipping!
[2023-04-30T21:39:32.290+0000] {logging_mixin.py:137} INFO - HTTPSConnectionPool(host='api.pushshift.io', port=443): Max retries exceeded with url: /reddit/search/submission/?subreddit=MkeBucks&sort=created_utc&sort_type=desc&size=500 (Caused by NewConnectionError('<urllib3.connection.HTTPSConnection object at 0xffffa0049190>: Failed to establish a new connection: [Errno -2] Name or service not known'))
[2023-04-30T21:39:32.294+0000] {helpers.py:86} ERROR - HTTPSConnectionPool(host='api.pushshift.io', port=443): Max retries exceeded with url: /reddit/search/submission/?subreddit=MkeBucks&sort=created_utc&sort_type=desc&size=500 (Caused by NewConnectionError('<urllib3.connection.HTTPSConnection object at 0xffffa0049190>: Failed to establish a new connection: [Errno -2] Name or service not known'))
[2023-04-30T21:39:32.296+0000] {helpers.py:87} ERROR - Retrying! 1 attempts before skipping!
[2023-04-30T21:39:33.308+0000] {logging_mixin.py:137} INFO - HTTPSConnectionPool(host='api.pushshift.io', port=443): Max retries exceeded with url: /reddit/search/submission/?subreddit=MkeBucks&sort=created_utc&sort_type=desc&size=500 (Caused by NewConnectionError('<urllib3.connection.HTTPSConnection object at 0xffffa00499d0>: Failed to establish a new connection: [Errno -2] Name or service not known'))
[2023-04-30T21:39:33.311+0000] {helpers.py:86} ERROR - HTTPSConnectionPool(host='api.pushshift.io', port=443): Max retries exceeded with url: /reddit/search/submission/?subreddit=MkeBucks&sort=created_utc&sort_type=desc&size=500 (Caused by NewConnectionError('<urllib3.connection.HTTPSConnection object at 0xffffa00499d0>: Failed to establish a new connection: [Errno -2] Name or service not known'))
[2023-04-30T21:39:33.313+0000] {helpers.py:87} ERROR - Retrying! 0 attempts before skipping!
[2023-04-30T21:39:34.324+0000] {logging_mixin.py:137} INFO - HTTPSConnectionPool(host='api.pushshift.io', port=443): Max retries exceeded with url: /reddit/search/submission/?subreddit=MkeBucks&sort=created_utc&sort_type=desc&size=500 (Caused by NewConnectionError('<urllib3.connection.HTTPSConnection object at 0xffffa00492d0>: Failed to establish a new connection: [Errno -2] Name or service not known'))
[2023-04-30T21:39:34.327+0000] {helpers.py:86} ERROR - HTTPSConnectionPool(host='api.pushshift.io', port=443): Max retries exceeded with url: /reddit/search/submission/?subreddit=MkeBucks&sort=created_utc&sort_type=desc&size=500 (Caused by NewConnectionError('<urllib3.connection.HTTPSConnection object at 0xffffa00492d0>: Failed to establish a new connection: [Errno -2] Name or service not known'))
[2023-04-30T21:39:34.329+0000] {helpers.py:87} ERROR - Retrying! -1 attempts before skipping!
[2023-04-30T21:39:35.339+0000] {logging_mixin.py:137} INFO - HTTPSConnectionPool(host='api.pushshift.io', port=443): Max retries exceeded with url: /reddit/search/submission/?subreddit=timberwolves&sort=created_utc&sort_type=desc&size=500 (Caused by NewConnectionError('<urllib3.connection.HTTPSConnection object at 0xffffa0049810>: Failed to establish a new connection: [Errno -2] Name or service not known'))
[2023-04-30T21:39:35.342+0000] {helpers.py:86} ERROR - HTTPSConnectionPool(host='api.pushshift.io', port=443): Max retries exceeded with url: /reddit/search/submission/?subreddit=timberwolves&sort=created_utc&sort_type=desc&size=500 (Caused by NewConnectionError('<urllib3.connection.HTTPSConnection object at 0xffffa0049810>: Failed to establish a new connection: [Errno -2] Name or service not known'))
[2023-04-30T21:39:35.343+0000] {helpers.py:87} ERROR - Retrying! 9 attempts before skipping!
[2023-04-30T21:39:36.352+0000] {logging_mixin.py:137} INFO - HTTPSConnectionPool(host='api.pushshift.io', port=443): Max retries exceeded with url: /reddit/search/submission/?subreddit=timberwolves&sort=created_utc&sort_type=desc&size=500 (Caused by NewConnectionError('<urllib3.connection.HTTPSConnection object at 0xffffa00491d0>: Failed to establish a new connection: [Errno -2] Name or service not known'))
[2023-04-30T21:39:36.353+0000] {helpers.py:86} ERROR - HTTPSConnectionPool(host='api.pushshift.io', port=443): Max retries exceeded with url: /reddit/search/submission/?subreddit=timberwolves&sort=created_utc&sort_type=desc&size=500 (Caused by NewConnectionError('<urllib3.connection.HTTPSConnection object at 0xffffa00491d0>: Failed to establish a new connection: [Errno -2] Name or service not known'))
[2023-04-30T21:39:36.354+0000] {helpers.py:87} ERROR - Retrying! 8 attempts before skipping!
[2023-04-30T21:39:37.360+0000] {logging_mixin.py:137} INFO - HTTPSConnectionPool(host='api.pushshift.io', port=443): Max retries exceeded with url: /reddit/search/submission/?subreddit=timberwolves&sort=created_utc&sort_type=desc&size=500 (Caused by NewConnectionError('<urllib3.connection.HTTPSConnection object at 0xffffa0049290>: Failed to establish a new connection: [Errno -2] Name or service not known'))
[2023-04-30T21:39:37.362+0000] {helpers.py:86} ERROR - HTTPSConnectionPool(host='api.pushshift.io', port=443): Max retries exceeded with url: /reddit/search/submission/?subreddit=timberwolves&sort=created_utc&sort_type=desc&size=500 (Caused by NewConnectionError('<urllib3.connection.HTTPSConnection object at 0xffffa0049290>: Failed to establish a new connection: [Errno -2] Name or service not known'))
[2023-04-30T21:39:37.363+0000] {helpers.py:87} ERROR - Retrying! 7 attempts before skipping!
[2023-04-30T21:39:38.371+0000] {logging_mixin.py:137} INFO - HTTPSConnectionPool(host='api.pushshift.io', port=443): Max retries exceeded with url: /reddit/search/submission/?subreddit=timberwolves&sort=created_utc&sort_type=desc&size=500 (Caused by NewConnectionError('<urllib3.connection.HTTPSConnection object at 0xffffa0049450>: Failed to establish a new connection: [Errno -2] Name or service not known'))
[2023-04-30T21:39:38.373+0000] {helpers.py:86} ERROR - HTTPSConnectionPool(host='api.pushshift.io', port=443): Max retries exceeded with url: /reddit/search/submission/?subreddit=timberwolves&sort=created_utc&sort_type=desc&size=500 (Caused by NewConnectionError('<urllib3.connection.HTTPSConnection object at 0xffffa0049450>: Failed to establish a new connection: [Errno -2] Name or service not known'))
[2023-04-30T21:39:38.374+0000] {helpers.py:87} ERROR - Retrying! 6 attempts before skipping!
[2023-04-30T21:39:39.383+0000] {logging_mixin.py:137} INFO - HTTPSConnectionPool(host='api.pushshift.io', port=443): Max retries exceeded with url: /reddit/search/submission/?subreddit=timberwolves&sort=created_utc&sort_type=desc&size=500 (Caused by NewConnectionError('<urllib3.connection.HTTPSConnection object at 0xffffa00493d0>: Failed to establish a new connection: [Errno -2] Name or service not known'))
[2023-04-30T21:39:39.385+0000] {helpers.py:86} ERROR - HTTPSConnectionPool(host='api.pushshift.io', port=443): Max retries exceeded with url: /reddit/search/submission/?subreddit=timberwolves&sort=created_utc&sort_type=desc&size=500 (Caused by NewConnectionError('<urllib3.connection.HTTPSConnection object at 0xffffa00493d0>: Failed to establish a new connection: [Errno -2] Name or service not known'))
[2023-04-30T21:39:39.385+0000] {helpers.py:87} ERROR - Retrying! 5 attempts before skipping!
[2023-04-30T21:39:40.398+0000] {logging_mixin.py:137} INFO - HTTPSConnectionPool(host='api.pushshift.io', port=443): Max retries exceeded with url: /reddit/search/submission/?subreddit=timberwolves&sort=created_utc&sort_type=desc&size=500 (Caused by NewConnectionError('<urllib3.connection.HTTPSConnection object at 0xffffa00492d0>: Failed to establish a new connection: [Errno -2] Name or service not known'))
[2023-04-30T21:39:40.401+0000] {helpers.py:86} ERROR - HTTPSConnectionPool(host='api.pushshift.io', port=443): Max retries exceeded with url: /reddit/search/submission/?subreddit=timberwolves&sort=created_utc&sort_type=desc&size=500 (Caused by NewConnectionError('<urllib3.connection.HTTPSConnection object at 0xffffa00492d0>: Failed to establish a new connection: [Errno -2] Name or service not known'))
[2023-04-30T21:39:40.404+0000] {helpers.py:87} ERROR - Retrying! 4 attempts before skipping!
[2023-04-30T21:39:41.422+0000] {logging_mixin.py:137} INFO - HTTPSConnectionPool(host='api.pushshift.io', port=443): Max retries exceeded with url: /reddit/search/submission/?subreddit=timberwolves&sort=created_utc&sort_type=desc&size=500 (Caused by NewConnectionError('<urllib3.connection.HTTPSConnection object at 0xffffa0049490>: Failed to establish a new connection: [Errno -2] Name or service not known'))
[2023-04-30T21:39:41.424+0000] {helpers.py:86} ERROR - HTTPSConnectionPool(host='api.pushshift.io', port=443): Max retries exceeded with url: /reddit/search/submission/?subreddit=timberwolves&sort=created_utc&sort_type=desc&size=500 (Caused by NewConnectionError('<urllib3.connection.HTTPSConnection object at 0xffffa0049490>: Failed to establish a new connection: [Errno -2] Name or service not known'))
[2023-04-30T21:39:41.426+0000] {helpers.py:87} ERROR - Retrying! 3 attempts before skipping!
[2023-04-30T21:39:42.458+0000] {logging_mixin.py:137} INFO - HTTPSConnectionPool(host='api.pushshift.io', port=443): Max retries exceeded with url: /reddit/search/submission/?subreddit=timberwolves&sort=created_utc&sort_type=desc&size=500 (Caused by NewConnectionError('<urllib3.connection.HTTPSConnection object at 0xffffa0049410>: Failed to establish a new connection: [Errno -2] Name or service not known'))
[2023-04-30T21:39:42.462+0000] {helpers.py:86} ERROR - HTTPSConnectionPool(host='api.pushshift.io', port=443): Max retries exceeded with url: /reddit/search/submission/?subreddit=timberwolves&sort=created_utc&sort_type=desc&size=500 (Caused by NewConnectionError('<urllib3.connection.HTTPSConnection object at 0xffffa0049410>: Failed to establish a new connection: [Errno -2] Name or service not known'))
[2023-04-30T21:39:42.464+0000] {helpers.py:87} ERROR - Retrying! 2 attempts before skipping!
[2023-04-30T21:39:43.476+0000] {logging_mixin.py:137} INFO - HTTPSConnectionPool(host='api.pushshift.io', port=443): Max retries exceeded with url: /reddit/search/submission/?subreddit=timberwolves&sort=created_utc&sort_type=desc&size=500 (Caused by NewConnectionError('<urllib3.connection.HTTPSConnection object at 0xffffa0049610>: Failed to establish a new connection: [Errno -2] Name or service not known'))
[2023-04-30T21:39:43.480+0000] {helpers.py:86} ERROR - HTTPSConnectionPool(host='api.pushshift.io', port=443): Max retries exceeded with url: /reddit/search/submission/?subreddit=timberwolves&sort=created_utc&sort_type=desc&size=500 (Caused by NewConnectionError('<urllib3.connection.HTTPSConnection object at 0xffffa0049610>: Failed to establish a new connection: [Errno -2] Name or service not known'))
[2023-04-30T21:39:43.483+0000] {helpers.py:87} ERROR - Retrying! 1 attempts before skipping!
[2023-04-30T21:39:44.497+0000] {logging_mixin.py:137} INFO - HTTPSConnectionPool(host='api.pushshift.io', port=443): Max retries exceeded with url: /reddit/search/submission/?subreddit=timberwolves&sort=created_utc&sort_type=desc&size=500 (Caused by NewConnectionError('<urllib3.connection.HTTPSConnection object at 0xffffa0049150>: Failed to establish a new connection: [Errno -2] Name or service not known'))
[2023-04-30T21:39:44.501+0000] {helpers.py:86} ERROR - HTTPSConnectionPool(host='api.pushshift.io', port=443): Max retries exceeded with url: /reddit/search/submission/?subreddit=timberwolves&sort=created_utc&sort_type=desc&size=500 (Caused by NewConnectionError('<urllib3.connection.HTTPSConnection object at 0xffffa0049150>: Failed to establish a new connection: [Errno -2] Name or service not known'))
[2023-04-30T21:39:44.504+0000] {helpers.py:87} ERROR - Retrying! 0 attempts before skipping!
[2023-04-30T21:39:45.553+0000] {logging_mixin.py:137} INFO - HTTPSConnectionPool(host='api.pushshift.io', port=443): Max retries exceeded with url: /reddit/search/submission/?subreddit=timberwolves&sort=created_utc&sort_type=desc&size=500 (Caused by NewConnectionError('<urllib3.connection.HTTPSConnection object at 0xffffa00495d0>: Failed to establish a new connection: [Errno -2] Name or service not known'))
[2023-04-30T21:39:45.569+0000] {helpers.py:86} ERROR - HTTPSConnectionPool(host='api.pushshift.io', port=443): Max retries exceeded with url: /reddit/search/submission/?subreddit=timberwolves&sort=created_utc&sort_type=desc&size=500 (Caused by NewConnectionError('<urllib3.connection.HTTPSConnection object at 0xffffa00495d0>: Failed to establish a new connection: [Errno -2] Name or service not known'))
[2023-04-30T21:39:45.573+0000] {helpers.py:87} ERROR - Retrying! -1 attempts before skipping!
[2023-04-30T21:39:46.597+0000] {logging_mixin.py:137} INFO - HTTPSConnectionPool(host='api.pushshift.io', port=443): Max retries exceeded with url: /reddit/search/submission/?subreddit=NOLAPelicans&sort=created_utc&sort_type=desc&size=500 (Caused by NewConnectionError('<urllib3.connection.HTTPSConnection object at 0xffffa00491d0>: Failed to establish a new connection: [Errno -2] Name or service not known'))
[2023-04-30T21:39:46.600+0000] {helpers.py:86} ERROR - HTTPSConnectionPool(host='api.pushshift.io', port=443): Max retries exceeded with url: /reddit/search/submission/?subreddit=NOLAPelicans&sort=created_utc&sort_type=desc&size=500 (Caused by NewConnectionError('<urllib3.connection.HTTPSConnection object at 0xffffa00491d0>: Failed to establish a new connection: [Errno -2] Name or service not known'))
[2023-04-30T21:39:46.604+0000] {helpers.py:87} ERROR - Retrying! 9 attempts before skipping!
[2023-04-30T21:39:47.631+0000] {logging_mixin.py:137} INFO - HTTPSConnectionPool(host='api.pushshift.io', port=443): Max retries exceeded with url: /reddit/search/submission/?subreddit=NOLAPelicans&sort=created_utc&sort_type=desc&size=500 (Caused by NewConnectionError('<urllib3.connection.HTTPSConnection object at 0xffffa0049290>: Failed to establish a new connection: [Errno -2] Name or service not known'))
[2023-04-30T21:39:47.635+0000] {helpers.py:86} ERROR - HTTPSConnectionPool(host='api.pushshift.io', port=443): Max retries exceeded with url: /reddit/search/submission/?subreddit=NOLAPelicans&sort=created_utc&sort_type=desc&size=500 (Caused by NewConnectionError('<urllib3.connection.HTTPSConnection object at 0xffffa0049290>: Failed to establish a new connection: [Errno -2] Name or service not known'))
[2023-04-30T21:39:47.642+0000] {helpers.py:87} ERROR - Retrying! 8 attempts before skipping!
[2023-04-30T21:39:48.664+0000] {logging_mixin.py:137} INFO - HTTPSConnectionPool(host='api.pushshift.io', port=443): Max retries exceeded with url: /reddit/search/submission/?subreddit=NOLAPelicans&sort=created_utc&sort_type=desc&size=500 (Caused by NewConnectionError('<urllib3.connection.HTTPSConnection object at 0xffffa0049190>: Failed to establish a new connection: [Errno -2] Name or service not known'))
[2023-04-30T21:39:48.669+0000] {helpers.py:86} ERROR - HTTPSConnectionPool(host='api.pushshift.io', port=443): Max retries exceeded with url: /reddit/search/submission/?subreddit=NOLAPelicans&sort=created_utc&sort_type=desc&size=500 (Caused by NewConnectionError('<urllib3.connection.HTTPSConnection object at 0xffffa0049190>: Failed to establish a new connection: [Errno -2] Name or service not known'))
[2023-04-30T21:39:48.675+0000] {helpers.py:87} ERROR - Retrying! 7 attempts before skipping!
[2023-04-30T21:39:49.689+0000] {logging_mixin.py:137} INFO - HTTPSConnectionPool(host='api.pushshift.io', port=443): Max retries exceeded with url: /reddit/search/submission/?subreddit=NOLAPelicans&sort=created_utc&sort_type=desc&size=500 (Caused by NewConnectionError('<urllib3.connection.HTTPSConnection object at 0xffffa0049690>: Failed to establish a new connection: [Errno -2] Name or service not known'))
[2023-04-30T21:39:49.690+0000] {helpers.py:86} ERROR - HTTPSConnectionPool(host='api.pushshift.io', port=443): Max retries exceeded with url: /reddit/search/submission/?subreddit=NOLAPelicans&sort=created_utc&sort_type=desc&size=500 (Caused by NewConnectionError('<urllib3.connection.HTTPSConnection object at 0xffffa0049690>: Failed to establish a new connection: [Errno -2] Name or service not known'))
[2023-04-30T21:39:49.692+0000] {helpers.py:87} ERROR - Retrying! 6 attempts before skipping!
[2023-04-30T21:39:50.718+0000] {logging_mixin.py:137} INFO - HTTPSConnectionPool(host='api.pushshift.io', port=443): Max retries exceeded with url: /reddit/search/submission/?subreddit=NOLAPelicans&sort=created_utc&sort_type=desc&size=500 (Caused by NewConnectionError('<urllib3.connection.HTTPSConnection object at 0xffffa0049250>: Failed to establish a new connection: [Errno -2] Name or service not known'))
[2023-04-30T21:39:50.722+0000] {helpers.py:86} ERROR - HTTPSConnectionPool(host='api.pushshift.io', port=443): Max retries exceeded with url: /reddit/search/submission/?subreddit=NOLAPelicans&sort=created_utc&sort_type=desc&size=500 (Caused by NewConnectionError('<urllib3.connection.HTTPSConnection object at 0xffffa0049250>: Failed to establish a new connection: [Errno -2] Name or service not known'))
[2023-04-30T21:39:50.726+0000] {helpers.py:87} ERROR - Retrying! 5 attempts before skipping!
[2023-04-30T22:30:09.244+0000] {logging_mixin.py:137} INFO - HTTPSConnectionPool(host='api.pushshift.io', port=443): Max retries exceeded with url: /reddit/search/submission/?subreddit=NOLAPelicans&sort=created_utc&sort_type=desc&size=500 (Caused by NewConnectionError('<urllib3.connection.HTTPSConnection object at 0xffffa00495d0>: Failed to establish a new connection: [Errno -2] Name or service not known'))
[2023-04-30T22:30:09.255+0000] {helpers.py:86} ERROR - HTTPSConnectionPool(host='api.pushshift.io', port=443): Max retries exceeded with url: /reddit/search/submission/?subreddit=NOLAPelicans&sort=created_utc&sort_type=desc&size=500 (Caused by NewConnectionError('<urllib3.connection.HTTPSConnection object at 0xffffa00495d0>: Failed to establish a new connection: [Errno -2] Name or service not known'))
[2023-04-30T22:30:09.258+0000] {helpers.py:87} ERROR - Retrying! 4 attempts before skipping!
[2023-04-30T22:30:10.282+0000] {logging_mixin.py:137} INFO - HTTPSConnectionPool(host='api.pushshift.io', port=443): Max retries exceeded with url: /reddit/search/submission/?subreddit=NOLAPelicans&sort=created_utc&sort_type=desc&size=500 (Caused by NewConnectionError('<urllib3.connection.HTTPSConnection object at 0xffffa0049210>: Failed to establish a new connection: [Errno -2] Name or service not known'))
[2023-04-30T22:30:10.292+0000] {helpers.py:86} ERROR - HTTPSConnectionPool(host='api.pushshift.io', port=443): Max retries exceeded with url: /reddit/search/submission/?subreddit=NOLAPelicans&sort=created_utc&sort_type=desc&size=500 (Caused by NewConnectionError('<urllib3.connection.HTTPSConnection object at 0xffffa0049210>: Failed to establish a new connection: [Errno -2] Name or service not known'))
[2023-04-30T22:30:10.294+0000] {helpers.py:87} ERROR - Retrying! 3 attempts before skipping!
[2023-04-30T22:30:11.306+0000] {logging_mixin.py:137} INFO - HTTPSConnectionPool(host='api.pushshift.io', port=443): Max retries exceeded with url: /reddit/search/submission/?subreddit=NOLAPelicans&sort=created_utc&sort_type=desc&size=500 (Caused by NewConnectionError('<urllib3.connection.HTTPSConnection object at 0xffffa00493d0>: Failed to establish a new connection: [Errno -2] Name or service not known'))
[2023-04-30T22:30:11.309+0000] {helpers.py:86} ERROR - HTTPSConnectionPool(host='api.pushshift.io', port=443): Max retries exceeded with url: /reddit/search/submission/?subreddit=NOLAPelicans&sort=created_utc&sort_type=desc&size=500 (Caused by NewConnectionError('<urllib3.connection.HTTPSConnection object at 0xffffa00493d0>: Failed to establish a new connection: [Errno -2] Name or service not known'))
[2023-04-30T22:30:11.310+0000] {helpers.py:87} ERROR - Retrying! 2 attempts before skipping!
[2023-04-30T22:30:12.323+0000] {logging_mixin.py:137} INFO - HTTPSConnectionPool(host='api.pushshift.io', port=443): Max retries exceeded with url: /reddit/search/submission/?subreddit=NOLAPelicans&sort=created_utc&sort_type=desc&size=500 (Caused by NewConnectionError('<urllib3.connection.HTTPSConnection object at 0xffffa0049710>: Failed to establish a new connection: [Errno -2] Name or service not known'))
[2023-04-30T22:30:12.324+0000] {helpers.py:86} ERROR - HTTPSConnectionPool(host='api.pushshift.io', port=443): Max retries exceeded with url: /reddit/search/submission/?subreddit=NOLAPelicans&sort=created_utc&sort_type=desc&size=500 (Caused by NewConnectionError('<urllib3.connection.HTTPSConnection object at 0xffffa0049710>: Failed to establish a new connection: [Errno -2] Name or service not known'))
[2023-04-30T22:30:12.326+0000] {helpers.py:87} ERROR - Retrying! 1 attempts before skipping!
[2023-04-30T22:30:13.335+0000] {logging_mixin.py:137} INFO - HTTPSConnectionPool(host='api.pushshift.io', port=443): Max retries exceeded with url: /reddit/search/submission/?subreddit=NOLAPelicans&sort=created_utc&sort_type=desc&size=500 (Caused by NewConnectionError('<urllib3.connection.HTTPSConnection object at 0xffffa0049450>: Failed to establish a new connection: [Errno -2] Name or service not known'))
[2023-04-30T22:30:13.336+0000] {helpers.py:86} ERROR - HTTPSConnectionPool(host='api.pushshift.io', port=443): Max retries exceeded with url: /reddit/search/submission/?subreddit=NOLAPelicans&sort=created_utc&sort_type=desc&size=500 (Caused by NewConnectionError('<urllib3.connection.HTTPSConnection object at 0xffffa0049450>: Failed to establish a new connection: [Errno -2] Name or service not known'))
[2023-04-30T22:30:13.337+0000] {helpers.py:87} ERROR - Retrying! 0 attempts before skipping!
[2023-04-30T22:30:15.238+0000] {logging_mixin.py:137} INFO - HTTPSConnectionPool(host='api.pushshift.io', port=443): Max retries exceeded with url: /reddit/search/submission/?subreddit=NOLAPelicans&sort=created_utc&sort_type=desc&size=500 (Caused by NewConnectionError('<urllib3.connection.HTTPSConnection object at 0xffffa00492d0>: Failed to establish a new connection: [Errno -2] Name or service not known'))
[2023-04-30T22:30:15.241+0000] {helpers.py:86} ERROR - HTTPSConnectionPool(host='api.pushshift.io', port=443): Max retries exceeded with url: /reddit/search/submission/?subreddit=NOLAPelicans&sort=created_utc&sort_type=desc&size=500 (Caused by NewConnectionError('<urllib3.connection.HTTPSConnection object at 0xffffa00492d0>: Failed to establish a new connection: [Errno -2] Name or service not known'))
[2023-04-30T22:30:15.253+0000] {helpers.py:87} ERROR - Retrying! -1 attempts before skipping!
[2023-04-30T22:30:16.275+0000] {logging_mixin.py:137} INFO - HTTPSConnectionPool(host='api.pushshift.io', port=443): Max retries exceeded with url: /reddit/search/submission/?subreddit=nyknicks&sort=created_utc&sort_type=desc&size=500 (Caused by NewConnectionError('<urllib3.connection.HTTPSConnection object at 0xffffa0049290>: Failed to establish a new connection: [Errno -2] Name or service not known'))
[2023-04-30T22:30:16.277+0000] {helpers.py:86} ERROR - HTTPSConnectionPool(host='api.pushshift.io', port=443): Max retries exceeded with url: /reddit/search/submission/?subreddit=nyknicks&sort=created_utc&sort_type=desc&size=500 (Caused by NewConnectionError('<urllib3.connection.HTTPSConnection object at 0xffffa0049290>: Failed to establish a new connection: [Errno -2] Name or service not known'))
[2023-04-30T22:30:16.279+0000] {helpers.py:87} ERROR - Retrying! 9 attempts before skipping!
[2023-04-30T22:30:17.301+0000] {logging_mixin.py:137} INFO - HTTPSConnectionPool(host='api.pushshift.io', port=443): Max retries exceeded with url: /reddit/search/submission/?subreddit=nyknicks&sort=created_utc&sort_type=desc&size=500 (Caused by NewConnectionError('<urllib3.connection.HTTPSConnection object at 0xffffa0049190>: Failed to establish a new connection: [Errno -2] Name or service not known'))
[2023-04-30T22:30:17.304+0000] {helpers.py:86} ERROR - HTTPSConnectionPool(host='api.pushshift.io', port=443): Max retries exceeded with url: /reddit/search/submission/?subreddit=nyknicks&sort=created_utc&sort_type=desc&size=500 (Caused by NewConnectionError('<urllib3.connection.HTTPSConnection object at 0xffffa0049190>: Failed to establish a new connection: [Errno -2] Name or service not known'))
[2023-04-30T22:30:17.306+0000] {helpers.py:87} ERROR - Retrying! 8 attempts before skipping!
[2023-04-30T22:30:18.323+0000] {logging_mixin.py:137} INFO - HTTPSConnectionPool(host='api.pushshift.io', port=443): Max retries exceeded with url: /reddit/search/submission/?subreddit=nyknicks&sort=created_utc&sort_type=desc&size=500 (Caused by NewConnectionError('<urllib3.connection.HTTPSConnection object at 0xffffa0049610>: Failed to establish a new connection: [Errno -2] Name or service not known'))
[2023-04-30T22:30:18.326+0000] {helpers.py:86} ERROR - HTTPSConnectionPool(host='api.pushshift.io', port=443): Max retries exceeded with url: /reddit/search/submission/?subreddit=nyknicks&sort=created_utc&sort_type=desc&size=500 (Caused by NewConnectionError('<urllib3.connection.HTTPSConnection object at 0xffffa0049610>: Failed to establish a new connection: [Errno -2] Name or service not known'))
[2023-04-30T22:30:18.330+0000] {helpers.py:87} ERROR - Retrying! 7 attempts before skipping!
[2023-04-30T22:30:19.357+0000] {logging_mixin.py:137} INFO - HTTPSConnectionPool(host='api.pushshift.io', port=443): Max retries exceeded with url: /reddit/search/submission/?subreddit=nyknicks&sort=created_utc&sort_type=desc&size=500 (Caused by NewConnectionError('<urllib3.connection.HTTPSConnection object at 0xffffa0049350>: Failed to establish a new connection: [Errno -2] Name or service not known'))
[2023-04-30T22:30:19.360+0000] {helpers.py:86} ERROR - HTTPSConnectionPool(host='api.pushshift.io', port=443): Max retries exceeded with url: /reddit/search/submission/?subreddit=nyknicks&sort=created_utc&sort_type=desc&size=500 (Caused by NewConnectionError('<urllib3.connection.HTTPSConnection object at 0xffffa0049350>: Failed to establish a new connection: [Errno -2] Name or service not known'))
[2023-04-30T22:30:19.365+0000] {helpers.py:87} ERROR - Retrying! 6 attempts before skipping!
[2023-04-30T22:30:20.394+0000] {logging_mixin.py:137} INFO - HTTPSConnectionPool(host='api.pushshift.io', port=443): Max retries exceeded with url: /reddit/search/submission/?subreddit=nyknicks&sort=created_utc&sort_type=desc&size=500 (Caused by NewConnectionError('<urllib3.connection.HTTPSConnection object at 0xffffa00499d0>: Failed to establish a new connection: [Errno -2] Name or service not known'))
[2023-04-30T22:30:20.400+0000] {helpers.py:86} ERROR - HTTPSConnectionPool(host='api.pushshift.io', port=443): Max retries exceeded with url: /reddit/search/submission/?subreddit=nyknicks&sort=created_utc&sort_type=desc&size=500 (Caused by NewConnectionError('<urllib3.connection.HTTPSConnection object at 0xffffa00499d0>: Failed to establish a new connection: [Errno -2] Name or service not known'))
[2023-04-30T22:30:20.410+0000] {helpers.py:87} ERROR - Retrying! 5 attempts before skipping!
[2023-04-30T22:30:21.442+0000] {logging_mixin.py:137} INFO - HTTPSConnectionPool(host='api.pushshift.io', port=443): Max retries exceeded with url: /reddit/search/submission/?subreddit=nyknicks&sort=created_utc&sort_type=desc&size=500 (Caused by NewConnectionError('<urllib3.connection.HTTPSConnection object at 0xffffa00492d0>: Failed to establish a new connection: [Errno -2] Name or service not known'))
[2023-04-30T22:30:21.447+0000] {helpers.py:86} ERROR - HTTPSConnectionPool(host='api.pushshift.io', port=443): Max retries exceeded with url: /reddit/search/submission/?subreddit=nyknicks&sort=created_utc&sort_type=desc&size=500 (Caused by NewConnectionError('<urllib3.connection.HTTPSConnection object at 0xffffa00492d0>: Failed to establish a new connection: [Errno -2] Name or service not known'))
[2023-04-30T22:30:21.451+0000] {helpers.py:87} ERROR - Retrying! 4 attempts before skipping!
[2023-04-30T22:30:22.472+0000] {logging_mixin.py:137} INFO - HTTPSConnectionPool(host='api.pushshift.io', port=443): Max retries exceeded with url: /reddit/search/submission/?subreddit=nyknicks&sort=created_utc&sort_type=desc&size=500 (Caused by NewConnectionError('<urllib3.connection.HTTPSConnection object at 0xffffa0049410>: Failed to establish a new connection: [Errno -2] Name or service not known'))
[2023-04-30T22:30:22.474+0000] {helpers.py:86} ERROR - HTTPSConnectionPool(host='api.pushshift.io', port=443): Max retries exceeded with url: /reddit/search/submission/?subreddit=nyknicks&sort=created_utc&sort_type=desc&size=500 (Caused by NewConnectionError('<urllib3.connection.HTTPSConnection object at 0xffffa0049410>: Failed to establish a new connection: [Errno -2] Name or service not known'))
[2023-04-30T22:30:22.477+0000] {helpers.py:87} ERROR - Retrying! 3 attempts before skipping!
[2023-04-30T22:30:23.499+0000] {logging_mixin.py:137} INFO - HTTPSConnectionPool(host='api.pushshift.io', port=443): Max retries exceeded with url: /reddit/search/submission/?subreddit=nyknicks&sort=created_utc&sort_type=desc&size=500 (Caused by NewConnectionError('<urllib3.connection.HTTPSConnection object at 0xffffa0049250>: Failed to establish a new connection: [Errno -2] Name or service not known'))
[2023-04-30T22:30:23.502+0000] {helpers.py:86} ERROR - HTTPSConnectionPool(host='api.pushshift.io', port=443): Max retries exceeded with url: /reddit/search/submission/?subreddit=nyknicks&sort=created_utc&sort_type=desc&size=500 (Caused by NewConnectionError('<urllib3.connection.HTTPSConnection object at 0xffffa0049250>: Failed to establish a new connection: [Errno -2] Name or service not known'))
[2023-04-30T22:30:23.505+0000] {helpers.py:87} ERROR - Retrying! 2 attempts before skipping!
[2023-04-30T22:30:24.523+0000] {logging_mixin.py:137} INFO - HTTPSConnectionPool(host='api.pushshift.io', port=443): Max retries exceeded with url: /reddit/search/submission/?subreddit=nyknicks&sort=created_utc&sort_type=desc&size=500 (Caused by NewConnectionError('<urllib3.connection.HTTPSConnection object at 0xffffa0049990>: Failed to establish a new connection: [Errno -2] Name or service not known'))
[2023-04-30T22:30:24.538+0000] {helpers.py:86} ERROR - HTTPSConnectionPool(host='api.pushshift.io', port=443): Max retries exceeded with url: /reddit/search/submission/?subreddit=nyknicks&sort=created_utc&sort_type=desc&size=500 (Caused by NewConnectionError('<urllib3.connection.HTTPSConnection object at 0xffffa0049990>: Failed to establish a new connection: [Errno -2] Name or service not known'))
[2023-04-30T22:30:24.547+0000] {helpers.py:87} ERROR - Retrying! 1 attempts before skipping!
[2023-04-30T22:30:25.563+0000] {logging_mixin.py:137} INFO - HTTPSConnectionPool(host='api.pushshift.io', port=443): Max retries exceeded with url: /reddit/search/submission/?subreddit=nyknicks&sort=created_utc&sort_type=desc&size=500 (Caused by NewConnectionError('<urllib3.connection.HTTPSConnection object at 0xffffa0049690>: Failed to establish a new connection: [Errno -2] Name or service not known'))
[2023-04-30T22:30:25.565+0000] {helpers.py:86} ERROR - HTTPSConnectionPool(host='api.pushshift.io', port=443): Max retries exceeded with url: /reddit/search/submission/?subreddit=nyknicks&sort=created_utc&sort_type=desc&size=500 (Caused by NewConnectionError('<urllib3.connection.HTTPSConnection object at 0xffffa0049690>: Failed to establish a new connection: [Errno -2] Name or service not known'))
[2023-04-30T22:30:25.572+0000] {helpers.py:87} ERROR - Retrying! 0 attempts before skipping!
[2023-04-30T22:30:26.696+0000] {logging_mixin.py:137} INFO - HTTPSConnectionPool(host='api.pushshift.io', port=443): Max retries exceeded with url: /reddit/search/submission/?subreddit=nyknicks&sort=created_utc&sort_type=desc&size=500 (Caused by NewConnectionError('<urllib3.connection.HTTPSConnection object at 0xffffa00495d0>: Failed to establish a new connection: [Errno -2] Name or service not known'))
[2023-04-30T22:30:26.704+0000] {helpers.py:86} ERROR - HTTPSConnectionPool(host='api.pushshift.io', port=443): Max retries exceeded with url: /reddit/search/submission/?subreddit=nyknicks&sort=created_utc&sort_type=desc&size=500 (Caused by NewConnectionError('<urllib3.connection.HTTPSConnection object at 0xffffa00495d0>: Failed to establish a new connection: [Errno -2] Name or service not known'))
[2023-04-30T22:30:26.705+0000] {helpers.py:87} ERROR - Retrying! -1 attempts before skipping!
[2023-04-30T22:30:27.718+0000] {logging_mixin.py:137} INFO - HTTPSConnectionPool(host='api.pushshift.io', port=443): Max retries exceeded with url: /reddit/search/submission/?subreddit=Thunder&sort=created_utc&sort_type=desc&size=500 (Caused by NewConnectionError('<urllib3.connection.HTTPSConnection object at 0xffffa0049190>: Failed to establish a new connection: [Errno -2] Name or service not known'))
[2023-04-30T22:30:27.721+0000] {helpers.py:86} ERROR - HTTPSConnectionPool(host='api.pushshift.io', port=443): Max retries exceeded with url: /reddit/search/submission/?subreddit=Thunder&sort=created_utc&sort_type=desc&size=500 (Caused by NewConnectionError('<urllib3.connection.HTTPSConnection object at 0xffffa0049190>: Failed to establish a new connection: [Errno -2] Name or service not known'))
[2023-04-30T22:30:27.723+0000] {helpers.py:87} ERROR - Retrying! 9 attempts before skipping!
[2023-04-30T22:30:28.743+0000] {logging_mixin.py:137} INFO - HTTPSConnectionPool(host='api.pushshift.io', port=443): Max retries exceeded with url: /reddit/search/submission/?subreddit=Thunder&sort=created_utc&sort_type=desc&size=500 (Caused by NewConnectionError('<urllib3.connection.HTTPSConnection object at 0xffffa0049610>: Failed to establish a new connection: [Errno -2] Name or service not known'))
[2023-04-30T22:30:28.745+0000] {helpers.py:86} ERROR - HTTPSConnectionPool(host='api.pushshift.io', port=443): Max retries exceeded with url: /reddit/search/submission/?subreddit=Thunder&sort=created_utc&sort_type=desc&size=500 (Caused by NewConnectionError('<urllib3.connection.HTTPSConnection object at 0xffffa0049610>: Failed to establish a new connection: [Errno -2] Name or service not known'))
[2023-04-30T22:30:28.746+0000] {helpers.py:87} ERROR - Retrying! 8 attempts before skipping!
[2023-04-30T22:30:29.757+0000] {logging_mixin.py:137} INFO - HTTPSConnectionPool(host='api.pushshift.io', port=443): Max retries exceeded with url: /reddit/search/submission/?subreddit=Thunder&sort=created_utc&sort_type=desc&size=500 (Caused by NewConnectionError('<urllib3.connection.HTTPSConnection object at 0xffffa0049710>: Failed to establish a new connection: [Errno -2] Name or service not known'))
[2023-04-30T22:30:29.758+0000] {helpers.py:86} ERROR - HTTPSConnectionPool(host='api.pushshift.io', port=443): Max retries exceeded with url: /reddit/search/submission/?subreddit=Thunder&sort=created_utc&sort_type=desc&size=500 (Caused by NewConnectionError('<urllib3.connection.HTTPSConnection object at 0xffffa0049710>: Failed to establish a new connection: [Errno -2] Name or service not known'))
[2023-04-30T22:30:29.760+0000] {helpers.py:87} ERROR - Retrying! 7 attempts before skipping!
[2023-04-30T22:30:30.786+0000] {logging_mixin.py:137} INFO - HTTPSConnectionPool(host='api.pushshift.io', port=443): Max retries exceeded with url: /reddit/search/submission/?subreddit=Thunder&sort=created_utc&sort_type=desc&size=500 (Caused by NewConnectionError('<urllib3.connection.HTTPSConnection object at 0xffffa0049490>: Failed to establish a new connection: [Errno -2] Name or service not known'))
[2023-04-30T22:30:30.790+0000] {helpers.py:86} ERROR - HTTPSConnectionPool(host='api.pushshift.io', port=443): Max retries exceeded with url: /reddit/search/submission/?subreddit=Thunder&sort=created_utc&sort_type=desc&size=500 (Caused by NewConnectionError('<urllib3.connection.HTTPSConnection object at 0xffffa0049490>: Failed to establish a new connection: [Errno -2] Name or service not known'))
[2023-04-30T22:30:30.794+0000] {helpers.py:87} ERROR - Retrying! 6 attempts before skipping!
[2023-04-30T22:30:31.807+0000] {logging_mixin.py:137} INFO - HTTPSConnectionPool(host='api.pushshift.io', port=443): Max retries exceeded with url: /reddit/search/submission/?subreddit=Thunder&sort=created_utc&sort_type=desc&size=500 (Caused by NewConnectionError('<urllib3.connection.HTTPSConnection object at 0xffffa0049150>: Failed to establish a new connection: [Errno -2] Name or service not known'))
[2023-04-30T22:30:31.812+0000] {helpers.py:86} ERROR - HTTPSConnectionPool(host='api.pushshift.io', port=443): Max retries exceeded with url: /reddit/search/submission/?subreddit=Thunder&sort=created_utc&sort_type=desc&size=500 (Caused by NewConnectionError('<urllib3.connection.HTTPSConnection object at 0xffffa0049150>: Failed to establish a new connection: [Errno -2] Name or service not known'))
[2023-04-30T22:30:31.813+0000] {helpers.py:87} ERROR - Retrying! 5 attempts before skipping!
[2023-04-30T22:30:32.830+0000] {logging_mixin.py:137} INFO - HTTPSConnectionPool(host='api.pushshift.io', port=443): Max retries exceeded with url: /reddit/search/submission/?subreddit=Thunder&sort=created_utc&sort_type=desc&size=500 (Caused by NewConnectionError('<urllib3.connection.HTTPSConnection object at 0xffffa00495d0>: Failed to establish a new connection: [Errno -2] Name or service not known'))
[2023-04-30T22:30:32.833+0000] {helpers.py:86} ERROR - HTTPSConnectionPool(host='api.pushshift.io', port=443): Max retries exceeded with url: /reddit/search/submission/?subreddit=Thunder&sort=created_utc&sort_type=desc&size=500 (Caused by NewConnectionError('<urllib3.connection.HTTPSConnection object at 0xffffa00495d0>: Failed to establish a new connection: [Errno -2] Name or service not known'))
[2023-04-30T22:30:32.835+0000] {helpers.py:87} ERROR - Retrying! 4 attempts before skipping!
[2023-04-30T22:30:33.853+0000] {logging_mixin.py:137} INFO - HTTPSConnectionPool(host='api.pushshift.io', port=443): Max retries exceeded with url: /reddit/search/submission/?subreddit=Thunder&sort=created_utc&sort_type=desc&size=500 (Caused by NewConnectionError('<urllib3.connection.HTTPSConnection object at 0xffffa00493d0>: Failed to establish a new connection: [Errno -2] Name or service not known'))
[2023-04-30T22:30:33.856+0000] {helpers.py:86} ERROR - HTTPSConnectionPool(host='api.pushshift.io', port=443): Max retries exceeded with url: /reddit/search/submission/?subreddit=Thunder&sort=created_utc&sort_type=desc&size=500 (Caused by NewConnectionError('<urllib3.connection.HTTPSConnection object at 0xffffa00493d0>: Failed to establish a new connection: [Errno -2] Name or service not known'))
[2023-04-30T22:30:33.859+0000] {helpers.py:87} ERROR - Retrying! 3 attempts before skipping!
[2023-04-30T22:30:34.873+0000] {logging_mixin.py:137} INFO - HTTPSConnectionPool(host='api.pushshift.io', port=443): Max retries exceeded with url: /reddit/search/submission/?subreddit=Thunder&sort=created_utc&sort_type=desc&size=500 (Caused by NewConnectionError('<urllib3.connection.HTTPSConnection object at 0xffffa00499d0>: Failed to establish a new connection: [Errno -2] Name or service not known'))
[2023-04-30T22:30:34.877+0000] {helpers.py:86} ERROR - HTTPSConnectionPool(host='api.pushshift.io', port=443): Max retries exceeded with url: /reddit/search/submission/?subreddit=Thunder&sort=created_utc&sort_type=desc&size=500 (Caused by NewConnectionError('<urllib3.connection.HTTPSConnection object at 0xffffa00499d0>: Failed to establish a new connection: [Errno -2] Name or service not known'))
[2023-04-30T22:30:34.878+0000] {helpers.py:87} ERROR - Retrying! 2 attempts before skipping!
[2023-04-30T22:30:35.892+0000] {logging_mixin.py:137} INFO - HTTPSConnectionPool(host='api.pushshift.io', port=443): Max retries exceeded with url: /reddit/search/submission/?subreddit=Thunder&sort=created_utc&sort_type=desc&size=500 (Caused by NewConnectionError('<urllib3.connection.HTTPSConnection object at 0xffffa0049c90>: Failed to establish a new connection: [Errno -2] Name or service not known'))
[2023-04-30T22:30:35.897+0000] {helpers.py:86} ERROR - HTTPSConnectionPool(host='api.pushshift.io', port=443): Max retries exceeded with url: /reddit/search/submission/?subreddit=Thunder&sort=created_utc&sort_type=desc&size=500 (Caused by NewConnectionError('<urllib3.connection.HTTPSConnection object at 0xffffa0049c90>: Failed to establish a new connection: [Errno -2] Name or service not known'))
[2023-04-30T22:30:35.899+0000] {helpers.py:87} ERROR - Retrying! 1 attempts before skipping!
[2023-04-30T22:30:36.909+0000] {logging_mixin.py:137} INFO - HTTPSConnectionPool(host='api.pushshift.io', port=443): Max retries exceeded with url: /reddit/search/submission/?subreddit=Thunder&sort=created_utc&sort_type=desc&size=500 (Caused by NewConnectionError('<urllib3.connection.HTTPSConnection object at 0xffffa0049350>: Failed to establish a new connection: [Errno -2] Name or service not known'))
[2023-04-30T22:30:36.911+0000] {helpers.py:86} ERROR - HTTPSConnectionPool(host='api.pushshift.io', port=443): Max retries exceeded with url: /reddit/search/submission/?subreddit=Thunder&sort=created_utc&sort_type=desc&size=500 (Caused by NewConnectionError('<urllib3.connection.HTTPSConnection object at 0xffffa0049350>: Failed to establish a new connection: [Errno -2] Name or service not known'))
[2023-04-30T22:30:36.912+0000] {helpers.py:87} ERROR - Retrying! 0 attempts before skipping!
[2023-04-30T22:30:37.953+0000] {logging_mixin.py:137} INFO - HTTPSConnectionPool(host='api.pushshift.io', port=443): Max retries exceeded with url: /reddit/search/submission/?subreddit=Thunder&sort=created_utc&sort_type=desc&size=500 (Caused by NewConnectionError('<urllib3.connection.HTTPSConnection object at 0xffffa00492d0>: Failed to establish a new connection: [Errno -2] Name or service not known'))
[2023-04-30T22:30:37.957+0000] {helpers.py:86} ERROR - HTTPSConnectionPool(host='api.pushshift.io', port=443): Max retries exceeded with url: /reddit/search/submission/?subreddit=Thunder&sort=created_utc&sort_type=desc&size=500 (Caused by NewConnectionError('<urllib3.connection.HTTPSConnection object at 0xffffa00492d0>: Failed to establish a new connection: [Errno -2] Name or service not known'))
[2023-04-30T22:30:38.028+0000] {helpers.py:87} ERROR - Retrying! -1 attempts before skipping!
[2023-04-30T22:30:39.057+0000] {logging_mixin.py:137} INFO - HTTPSConnectionPool(host='api.pushshift.io', port=443): Max retries exceeded with url: /reddit/search/submission/?subreddit=OrlandoMagic&sort=created_utc&sort_type=desc&size=500 (Caused by NewConnectionError('<urllib3.connection.HTTPSConnection object at 0xffffa0049610>: Failed to establish a new connection: [Errno -2] Name or service not known'))
[2023-04-30T22:30:39.064+0000] {helpers.py:86} ERROR - HTTPSConnectionPool(host='api.pushshift.io', port=443): Max retries exceeded with url: /reddit/search/submission/?subreddit=OrlandoMagic&sort=created_utc&sort_type=desc&size=500 (Caused by NewConnectionError('<urllib3.connection.HTTPSConnection object at 0xffffa0049610>: Failed to establish a new connection: [Errno -2] Name or service not known'))
[2023-04-30T22:30:39.068+0000] {helpers.py:87} ERROR - Retrying! 9 attempts before skipping!
[2023-04-30T23:19:46.860+0000] {logging_mixin.py:137} INFO - HTTPSConnectionPool(host='api.pushshift.io', port=443): Max retries exceeded with url: /reddit/search/submission/?subreddit=OrlandoMagic&sort=created_utc&sort_type=desc&size=500 (Caused by NewConnectionError('<urllib3.connection.HTTPSConnection object at 0xffffa0049710>: Failed to establish a new connection: [Errno -2] Name or service not known'))
[2023-04-30T23:19:46.863+0000] {helpers.py:86} ERROR - HTTPSConnectionPool(host='api.pushshift.io', port=443): Max retries exceeded with url: /reddit/search/submission/?subreddit=OrlandoMagic&sort=created_utc&sort_type=desc&size=500 (Caused by NewConnectionError('<urllib3.connection.HTTPSConnection object at 0xffffa0049710>: Failed to establish a new connection: [Errno -2] Name or service not known'))
[2023-04-30T23:19:46.868+0000] {helpers.py:87} ERROR - Retrying! 8 attempts before skipping!
[2023-04-30T23:19:47.890+0000] {logging_mixin.py:137} INFO - HTTPSConnectionPool(host='api.pushshift.io', port=443): Max retries exceeded with url: /reddit/search/submission/?subreddit=OrlandoMagic&sort=created_utc&sort_type=desc&size=500 (Caused by NewConnectionError('<urllib3.connection.HTTPSConnection object at 0xffffa0049990>: Failed to establish a new connection: [Errno -2] Name or service not known'))
[2023-04-30T23:19:47.896+0000] {helpers.py:86} ERROR - HTTPSConnectionPool(host='api.pushshift.io', port=443): Max retries exceeded with url: /reddit/search/submission/?subreddit=OrlandoMagic&sort=created_utc&sort_type=desc&size=500 (Caused by NewConnectionError('<urllib3.connection.HTTPSConnection object at 0xffffa0049990>: Failed to establish a new connection: [Errno -2] Name or service not known'))
[2023-04-30T23:19:47.899+0000] {helpers.py:87} ERROR - Retrying! 7 attempts before skipping!
[2023-04-30T23:19:48.907+0000] {logging_mixin.py:137} INFO - HTTPSConnectionPool(host='api.pushshift.io', port=443): Max retries exceeded with url: /reddit/search/submission/?subreddit=OrlandoMagic&sort=created_utc&sort_type=desc&size=500 (Caused by NewConnectionError('<urllib3.connection.HTTPSConnection object at 0xffffa0049210>: Failed to establish a new connection: [Errno -2] Name or service not known'))
[2023-04-30T23:19:48.908+0000] {helpers.py:86} ERROR - HTTPSConnectionPool(host='api.pushshift.io', port=443): Max retries exceeded with url: /reddit/search/submission/?subreddit=OrlandoMagic&sort=created_utc&sort_type=desc&size=500 (Caused by NewConnectionError('<urllib3.connection.HTTPSConnection object at 0xffffa0049210>: Failed to establish a new connection: [Errno -2] Name or service not known'))
[2023-04-30T23:19:48.909+0000] {helpers.py:87} ERROR - Retrying! 6 attempts before skipping!
[2023-04-30T23:19:49.940+0000] {logging_mixin.py:137} INFO - HTTPSConnectionPool(host='api.pushshift.io', port=443): Max retries exceeded with url: /reddit/search/submission/?subreddit=OrlandoMagic&sort=created_utc&sort_type=desc&size=500 (Caused by NewConnectionError('<urllib3.connection.HTTPSConnection object at 0xffffa0049450>: Failed to establish a new connection: [Errno -2] Name or service not known'))
[2023-04-30T23:19:49.947+0000] {helpers.py:86} ERROR - HTTPSConnectionPool(host='api.pushshift.io', port=443): Max retries exceeded with url: /reddit/search/submission/?subreddit=OrlandoMagic&sort=created_utc&sort_type=desc&size=500 (Caused by NewConnectionError('<urllib3.connection.HTTPSConnection object at 0xffffa0049450>: Failed to establish a new connection: [Errno -2] Name or service not known'))
[2023-04-30T23:19:49.951+0000] {helpers.py:87} ERROR - Retrying! 5 attempts before skipping!
[2023-04-30T23:19:50.966+0000] {logging_mixin.py:137} INFO - HTTPSConnectionPool(host='api.pushshift.io', port=443): Max retries exceeded with url: /reddit/search/submission/?subreddit=OrlandoMagic&sort=created_utc&sort_type=desc&size=500 (Caused by NewConnectionError('<urllib3.connection.HTTPSConnection object at 0xffffa00492d0>: Failed to establish a new connection: [Errno -2] Name or service not known'))
[2023-04-30T23:19:50.968+0000] {helpers.py:86} ERROR - HTTPSConnectionPool(host='api.pushshift.io', port=443): Max retries exceeded with url: /reddit/search/submission/?subreddit=OrlandoMagic&sort=created_utc&sort_type=desc&size=500 (Caused by NewConnectionError('<urllib3.connection.HTTPSConnection object at 0xffffa00492d0>: Failed to establish a new connection: [Errno -2] Name or service not known'))
[2023-04-30T23:19:50.973+0000] {helpers.py:87} ERROR - Retrying! 4 attempts before skipping!
[2023-04-30T23:19:52.005+0000] {logging_mixin.py:137} INFO - HTTPSConnectionPool(host='api.pushshift.io', port=443): Max retries exceeded with url: /reddit/search/submission/?subreddit=OrlandoMagic&sort=created_utc&sort_type=desc&size=500 (Caused by NewConnectionError('<urllib3.connection.HTTPSConnection object at 0xffffa0049250>: Failed to establish a new connection: [Errno -2] Name or service not known'))
[2023-04-30T23:19:52.014+0000] {helpers.py:86} ERROR - HTTPSConnectionPool(host='api.pushshift.io', port=443): Max retries exceeded with url: /reddit/search/submission/?subreddit=OrlandoMagic&sort=created_utc&sort_type=desc&size=500 (Caused by NewConnectionError('<urllib3.connection.HTTPSConnection object at 0xffffa0049250>: Failed to establish a new connection: [Errno -2] Name or service not known'))
[2023-04-30T23:19:52.017+0000] {helpers.py:87} ERROR - Retrying! 3 attempts before skipping!
[2023-04-30T23:19:53.042+0000] {logging_mixin.py:137} INFO - HTTPSConnectionPool(host='api.pushshift.io', port=443): Max retries exceeded with url: /reddit/search/submission/?subreddit=OrlandoMagic&sort=created_utc&sort_type=desc&size=500 (Caused by NewConnectionError('<urllib3.connection.HTTPSConnection object at 0xffffa0049150>: Failed to establish a new connection: [Errno -2] Name or service not known'))
[2023-04-30T23:19:53.051+0000] {helpers.py:86} ERROR - HTTPSConnectionPool(host='api.pushshift.io', port=443): Max retries exceeded with url: /reddit/search/submission/?subreddit=OrlandoMagic&sort=created_utc&sort_type=desc&size=500 (Caused by NewConnectionError('<urllib3.connection.HTTPSConnection object at 0xffffa0049150>: Failed to establish a new connection: [Errno -2] Name or service not known'))
[2023-04-30T23:19:53.055+0000] {helpers.py:87} ERROR - Retrying! 2 attempts before skipping!
[2023-04-30T23:19:54.069+0000] {logging_mixin.py:137} INFO - HTTPSConnectionPool(host='api.pushshift.io', port=443): Max retries exceeded with url: /reddit/search/submission/?subreddit=OrlandoMagic&sort=created_utc&sort_type=desc&size=500 (Caused by NewConnectionError('<urllib3.connection.HTTPSConnection object at 0xffffa0049cd0>: Failed to establish a new connection: [Errno -2] Name or service not known'))
[2023-04-30T23:19:54.074+0000] {helpers.py:86} ERROR - HTTPSConnectionPool(host='api.pushshift.io', port=443): Max retries exceeded with url: /reddit/search/submission/?subreddit=OrlandoMagic&sort=created_utc&sort_type=desc&size=500 (Caused by NewConnectionError('<urllib3.connection.HTTPSConnection object at 0xffffa0049cd0>: Failed to establish a new connection: [Errno -2] Name or service not known'))
[2023-04-30T23:19:54.076+0000] {helpers.py:87} ERROR - Retrying! 1 attempts before skipping!
[2023-04-30T23:19:55.098+0000] {logging_mixin.py:137} INFO - HTTPSConnectionPool(host='api.pushshift.io', port=443): Max retries exceeded with url: /reddit/search/submission/?subreddit=OrlandoMagic&sort=created_utc&sort_type=desc&size=500 (Caused by NewConnectionError('<urllib3.connection.HTTPSConnection object at 0xffffa0049490>: Failed to establish a new connection: [Errno -2] Name or service not known'))
[2023-04-30T23:19:55.106+0000] {helpers.py:86} ERROR - HTTPSConnectionPool(host='api.pushshift.io', port=443): Max retries exceeded with url: /reddit/search/submission/?subreddit=OrlandoMagic&sort=created_utc&sort_type=desc&size=500 (Caused by NewConnectionError('<urllib3.connection.HTTPSConnection object at 0xffffa0049490>: Failed to establish a new connection: [Errno -2] Name or service not known'))
[2023-04-30T23:19:55.115+0000] {helpers.py:87} ERROR - Retrying! 0 attempts before skipping!
[2023-04-30T23:19:56.138+0000] {logging_mixin.py:137} INFO - HTTPSConnectionPool(host='api.pushshift.io', port=443): Max retries exceeded with url: /reddit/search/submission/?subreddit=OrlandoMagic&sort=created_utc&sort_type=desc&size=500 (Caused by NewConnectionError('<urllib3.connection.HTTPSConnection object at 0xffffa00495d0>: Failed to establish a new connection: [Errno -2] Name or service not known'))
[2023-04-30T23:19:56.144+0000] {helpers.py:86} ERROR - HTTPSConnectionPool(host='api.pushshift.io', port=443): Max retries exceeded with url: /reddit/search/submission/?subreddit=OrlandoMagic&sort=created_utc&sort_type=desc&size=500 (Caused by NewConnectionError('<urllib3.connection.HTTPSConnection object at 0xffffa00495d0>: Failed to establish a new connection: [Errno -2] Name or service not known'))
[2023-04-30T23:19:56.148+0000] {helpers.py:87} ERROR - Retrying! -1 attempts before skipping!
[2023-04-30T23:19:57.161+0000] {logging_mixin.py:137} INFO - HTTPSConnectionPool(host='api.pushshift.io', port=443): Max retries exceeded with url: /reddit/search/submission/?subreddit=sixers&sort=created_utc&sort_type=desc&size=500 (Caused by NewConnectionError('<urllib3.connection.HTTPSConnection object at 0xffffa0049710>: Failed to establish a new connection: [Errno -2] Name or service not known'))
[2023-04-30T23:19:57.167+0000] {helpers.py:86} ERROR - HTTPSConnectionPool(host='api.pushshift.io', port=443): Max retries exceeded with url: /reddit/search/submission/?subreddit=sixers&sort=created_utc&sort_type=desc&size=500 (Caused by NewConnectionError('<urllib3.connection.HTTPSConnection object at 0xffffa0049710>: Failed to establish a new connection: [Errno -2] Name or service not known'))
[2023-04-30T23:19:57.170+0000] {helpers.py:87} ERROR - Retrying! 9 attempts before skipping!
[2023-04-30T23:19:58.182+0000] {logging_mixin.py:137} INFO - HTTPSConnectionPool(host='api.pushshift.io', port=443): Max retries exceeded with url: /reddit/search/submission/?subreddit=sixers&sort=created_utc&sort_type=desc&size=500 (Caused by NewConnectionError('<urllib3.connection.HTTPSConnection object at 0xffffa0049990>: Failed to establish a new connection: [Errno -2] Name or service not known'))
[2023-04-30T23:19:58.183+0000] {helpers.py:86} ERROR - HTTPSConnectionPool(host='api.pushshift.io', port=443): Max retries exceeded with url: /reddit/search/submission/?subreddit=sixers&sort=created_utc&sort_type=desc&size=500 (Caused by NewConnectionError('<urllib3.connection.HTTPSConnection object at 0xffffa0049990>: Failed to establish a new connection: [Errno -2] Name or service not known'))
[2023-04-30T23:19:58.187+0000] {helpers.py:87} ERROR - Retrying! 8 attempts before skipping!
[2023-04-30T23:19:59.209+0000] {logging_mixin.py:137} INFO - HTTPSConnectionPool(host='api.pushshift.io', port=443): Max retries exceeded with url: /reddit/search/submission/?subreddit=sixers&sort=created_utc&sort_type=desc&size=500 (Caused by NewConnectionError('<urllib3.connection.HTTPSConnection object at 0xffffa0049c90>: Failed to establish a new connection: [Errno -2] Name or service not known'))
[2023-04-30T23:19:59.217+0000] {helpers.py:86} ERROR - HTTPSConnectionPool(host='api.pushshift.io', port=443): Max retries exceeded with url: /reddit/search/submission/?subreddit=sixers&sort=created_utc&sort_type=desc&size=500 (Caused by NewConnectionError('<urllib3.connection.HTTPSConnection object at 0xffffa0049c90>: Failed to establish a new connection: [Errno -2] Name or service not known'))
[2023-04-30T23:19:59.222+0000] {helpers.py:87} ERROR - Retrying! 7 attempts before skipping!
[2023-04-30T23:20:00.235+0000] {logging_mixin.py:137} INFO - HTTPSConnectionPool(host='api.pushshift.io', port=443): Max retries exceeded with url: /reddit/search/submission/?subreddit=sixers&sort=created_utc&sort_type=desc&size=500 (Caused by NewConnectionError('<urllib3.connection.HTTPSConnection object at 0xffffa0049410>: Failed to establish a new connection: [Errno -2] Name or service not known'))
[2023-04-30T23:20:00.241+0000] {helpers.py:86} ERROR - HTTPSConnectionPool(host='api.pushshift.io', port=443): Max retries exceeded with url: /reddit/search/submission/?subreddit=sixers&sort=created_utc&sort_type=desc&size=500 (Caused by NewConnectionError('<urllib3.connection.HTTPSConnection object at 0xffffa0049410>: Failed to establish a new connection: [Errno -2] Name or service not known'))
[2023-04-30T23:20:00.244+0000] {helpers.py:87} ERROR - Retrying! 6 attempts before skipping!
[2023-04-30T23:20:01.262+0000] {logging_mixin.py:137} INFO - HTTPSConnectionPool(host='api.pushshift.io', port=443): Max retries exceeded with url: /reddit/search/submission/?subreddit=sixers&sort=created_utc&sort_type=desc&size=500 (Caused by NewConnectionError('<urllib3.connection.HTTPSConnection object at 0xffffa0049690>: Failed to establish a new connection: [Errno -2] Name or service not known'))
[2023-04-30T23:20:01.270+0000] {helpers.py:86} ERROR - HTTPSConnectionPool(host='api.pushshift.io', port=443): Max retries exceeded with url: /reddit/search/submission/?subreddit=sixers&sort=created_utc&sort_type=desc&size=500 (Caused by NewConnectionError('<urllib3.connection.HTTPSConnection object at 0xffffa0049690>: Failed to establish a new connection: [Errno -2] Name or service not known'))
[2023-04-30T23:20:01.274+0000] {helpers.py:87} ERROR - Retrying! 5 attempts before skipping!
[2023-04-30T23:20:02.303+0000] {logging_mixin.py:137} INFO - HTTPSConnectionPool(host='api.pushshift.io', port=443): Max retries exceeded with url: /reddit/search/submission/?subreddit=sixers&sort=created_utc&sort_type=desc&size=500 (Caused by NewConnectionError('<urllib3.connection.HTTPSConnection object at 0xffffa00495d0>: Failed to establish a new connection: [Errno -2] Name or service not known'))
[2023-04-30T23:20:02.310+0000] {helpers.py:86} ERROR - HTTPSConnectionPool(host='api.pushshift.io', port=443): Max retries exceeded with url: /reddit/search/submission/?subreddit=sixers&sort=created_utc&sort_type=desc&size=500 (Caused by NewConnectionError('<urllib3.connection.HTTPSConnection object at 0xffffa00495d0>: Failed to establish a new connection: [Errno -2] Name or service not known'))
[2023-04-30T23:20:02.312+0000] {helpers.py:87} ERROR - Retrying! 4 attempts before skipping!
[2023-04-30T23:20:03.331+0000] {logging_mixin.py:137} INFO - HTTPSConnectionPool(host='api.pushshift.io', port=443): Max retries exceeded with url: /reddit/search/submission/?subreddit=sixers&sort=created_utc&sort_type=desc&size=500 (Caused by NewConnectionError('<urllib3.connection.HTTPSConnection object at 0xffffa00499d0>: Failed to establish a new connection: [Errno -2] Name or service not known'))
[2023-04-30T23:20:03.338+0000] {helpers.py:86} ERROR - HTTPSConnectionPool(host='api.pushshift.io', port=443): Max retries exceeded with url: /reddit/search/submission/?subreddit=sixers&sort=created_utc&sort_type=desc&size=500 (Caused by NewConnectionError('<urllib3.connection.HTTPSConnection object at 0xffffa00499d0>: Failed to establish a new connection: [Errno -2] Name or service not known'))
[2023-04-30T23:20:03.340+0000] {helpers.py:87} ERROR - Retrying! 3 attempts before skipping!
[2023-04-30T23:20:04.353+0000] {logging_mixin.py:137} INFO - HTTPSConnectionPool(host='api.pushshift.io', port=443): Max retries exceeded with url: /reddit/search/submission/?subreddit=sixers&sort=created_utc&sort_type=desc&size=500 (Caused by NewConnectionError('<urllib3.connection.HTTPSConnection object at 0xffffa0049450>: Failed to establish a new connection: [Errno -2] Name or service not known'))
[2023-04-30T23:20:04.358+0000] {helpers.py:86} ERROR - HTTPSConnectionPool(host='api.pushshift.io', port=443): Max retries exceeded with url: /reddit/search/submission/?subreddit=sixers&sort=created_utc&sort_type=desc&size=500 (Caused by NewConnectionError('<urllib3.connection.HTTPSConnection object at 0xffffa0049450>: Failed to establish a new connection: [Errno -2] Name or service not known'))
[2023-04-30T23:20:04.361+0000] {helpers.py:87} ERROR - Retrying! 2 attempts before skipping!
[2023-04-30T23:20:05.374+0000] {logging_mixin.py:137} INFO - HTTPSConnectionPool(host='api.pushshift.io', port=443): Max retries exceeded with url: /reddit/search/submission/?subreddit=sixers&sort=created_utc&sort_type=desc&size=500 (Caused by NewConnectionError('<urllib3.connection.HTTPSConnection object at 0xffffa0049d10>: Failed to establish a new connection: [Errno -2] Name or service not known'))
[2023-04-30T23:20:05.376+0000] {helpers.py:86} ERROR - HTTPSConnectionPool(host='api.pushshift.io', port=443): Max retries exceeded with url: /reddit/search/submission/?subreddit=sixers&sort=created_utc&sort_type=desc&size=500 (Caused by NewConnectionError('<urllib3.connection.HTTPSConnection object at 0xffffa0049d10>: Failed to establish a new connection: [Errno -2] Name or service not known'))
[2023-04-30T23:20:05.378+0000] {helpers.py:87} ERROR - Retrying! 1 attempts before skipping!
[2023-04-30T23:20:06.391+0000] {logging_mixin.py:137} INFO - HTTPSConnectionPool(host='api.pushshift.io', port=443): Max retries exceeded with url: /reddit/search/submission/?subreddit=sixers&sort=created_utc&sort_type=desc&size=500 (Caused by NewConnectionError('<urllib3.connection.HTTPSConnection object at 0xffffa0049210>: Failed to establish a new connection: [Errno -2] Name or service not known'))
[2023-04-30T23:20:06.395+0000] {helpers.py:86} ERROR - HTTPSConnectionPool(host='api.pushshift.io', port=443): Max retries exceeded with url: /reddit/search/submission/?subreddit=sixers&sort=created_utc&sort_type=desc&size=500 (Caused by NewConnectionError('<urllib3.connection.HTTPSConnection object at 0xffffa0049210>: Failed to establish a new connection: [Errno -2] Name or service not known'))
[2023-04-30T23:20:06.398+0000] {helpers.py:87} ERROR - Retrying! 0 attempts before skipping!
[2023-04-30T23:20:07.416+0000] {logging_mixin.py:137} INFO - HTTPSConnectionPool(host='api.pushshift.io', port=443): Max retries exceeded with url: /reddit/search/submission/?subreddit=sixers&sort=created_utc&sort_type=desc&size=500 (Caused by NewConnectionError('<urllib3.connection.HTTPSConnection object at 0xffffa00492d0>: Failed to establish a new connection: [Errno -2] Name or service not known'))
[2023-04-30T23:20:07.421+0000] {helpers.py:86} ERROR - HTTPSConnectionPool(host='api.pushshift.io', port=443): Max retries exceeded with url: /reddit/search/submission/?subreddit=sixers&sort=created_utc&sort_type=desc&size=500 (Caused by NewConnectionError('<urllib3.connection.HTTPSConnection object at 0xffffa00492d0>: Failed to establish a new connection: [Errno -2] Name or service not known'))
[2023-04-30T23:20:07.426+0000] {helpers.py:87} ERROR - Retrying! -1 attempts before skipping!
[2023-04-30T23:20:08.457+0000] {logging_mixin.py:137} INFO - HTTPSConnectionPool(host='api.pushshift.io', port=443): Max retries exceeded with url: /reddit/search/submission/?subreddit=suns&sort=created_utc&sort_type=desc&size=500 (Caused by NewConnectionError('<urllib3.connection.HTTPSConnection object at 0xffffa8d184d0>: Failed to establish a new connection: [Errno -2] Name or service not known'))
[2023-04-30T23:20:08.464+0000] {helpers.py:86} ERROR - HTTPSConnectionPool(host='api.pushshift.io', port=443): Max retries exceeded with url: /reddit/search/submission/?subreddit=suns&sort=created_utc&sort_type=desc&size=500 (Caused by NewConnectionError('<urllib3.connection.HTTPSConnection object at 0xffffa8d184d0>: Failed to establish a new connection: [Errno -2] Name or service not known'))
[2023-04-30T23:20:08.471+0000] {helpers.py:87} ERROR - Retrying! 9 attempts before skipping!
[2023-04-30T23:20:09.493+0000] {logging_mixin.py:137} INFO - HTTPSConnectionPool(host='api.pushshift.io', port=443): Max retries exceeded with url: /reddit/search/submission/?subreddit=suns&sort=created_utc&sort_type=desc&size=500 (Caused by NewConnectionError('<urllib3.connection.HTTPSConnection object at 0xffffa8cfcd90>: Failed to establish a new connection: [Errno -2] Name or service not known'))
[2023-04-30T23:20:09.499+0000] {helpers.py:86} ERROR - HTTPSConnectionPool(host='api.pushshift.io', port=443): Max retries exceeded with url: /reddit/search/submission/?subreddit=suns&sort=created_utc&sort_type=desc&size=500 (Caused by NewConnectionError('<urllib3.connection.HTTPSConnection object at 0xffffa8cfcd90>: Failed to establish a new connection: [Errno -2] Name or service not known'))
[2023-04-30T23:20:09.501+0000] {helpers.py:87} ERROR - Retrying! 8 attempts before skipping!
[2023-04-30T23:20:10.513+0000] {logging_mixin.py:137} INFO - HTTPSConnectionPool(host='api.pushshift.io', port=443): Max retries exceeded with url: /reddit/search/submission/?subreddit=suns&sort=created_utc&sort_type=desc&size=500 (Caused by NewConnectionError('<urllib3.connection.HTTPSConnection object at 0xffffa6e4f450>: Failed to establish a new connection: [Errno -2] Name or service not known'))
[2023-04-30T23:20:10.519+0000] {helpers.py:86} ERROR - HTTPSConnectionPool(host='api.pushshift.io', port=443): Max retries exceeded with url: /reddit/search/submission/?subreddit=suns&sort=created_utc&sort_type=desc&size=500 (Caused by NewConnectionError('<urllib3.connection.HTTPSConnection object at 0xffffa6e4f450>: Failed to establish a new connection: [Errno -2] Name or service not known'))
[2023-04-30T23:20:10.521+0000] {helpers.py:87} ERROR - Retrying! 7 attempts before skipping!
[2023-04-30T23:20:11.549+0000] {logging_mixin.py:137} INFO - HTTPSConnectionPool(host='api.pushshift.io', port=443): Max retries exceeded with url: /reddit/search/submission/?subreddit=suns&sort=created_utc&sort_type=desc&size=500 (Caused by NewConnectionError('<urllib3.connection.HTTPSConnection object at 0xffffa002f450>: Failed to establish a new connection: [Errno -2] Name or service not known'))
[2023-04-30T23:20:11.555+0000] {helpers.py:86} ERROR - HTTPSConnectionPool(host='api.pushshift.io', port=443): Max retries exceeded with url: /reddit/search/submission/?subreddit=suns&sort=created_utc&sort_type=desc&size=500 (Caused by NewConnectionError('<urllib3.connection.HTTPSConnection object at 0xffffa002f450>: Failed to establish a new connection: [Errno -2] Name or service not known'))
[2023-04-30T23:20:11.559+0000] {helpers.py:87} ERROR - Retrying! 6 attempts before skipping!
[2023-04-30T23:20:12.568+0000] {logging_mixin.py:137} INFO - HTTPSConnectionPool(host='api.pushshift.io', port=443): Max retries exceeded with url: /reddit/search/submission/?subreddit=suns&sort=created_utc&sort_type=desc&size=500 (Caused by NewConnectionError('<urllib3.connection.HTTPSConnection object at 0xffffa002fb90>: Failed to establish a new connection: [Errno -2] Name or service not known'))
[2023-04-30T23:20:12.571+0000] {helpers.py:86} ERROR - HTTPSConnectionPool(host='api.pushshift.io', port=443): Max retries exceeded with url: /reddit/search/submission/?subreddit=suns&sort=created_utc&sort_type=desc&size=500 (Caused by NewConnectionError('<urllib3.connection.HTTPSConnection object at 0xffffa002fb90>: Failed to establish a new connection: [Errno -2] Name or service not known'))
[2023-04-30T23:20:12.576+0000] {helpers.py:87} ERROR - Retrying! 5 attempts before skipping!
[2023-04-30T23:20:13.606+0000] {logging_mixin.py:137} INFO - HTTPSConnectionPool(host='api.pushshift.io', port=443): Max retries exceeded with url: /reddit/search/submission/?subreddit=suns&sort=created_utc&sort_type=desc&size=500 (Caused by NewConnectionError('<urllib3.connection.HTTPSConnection object at 0xffffa002f650>: Failed to establish a new connection: [Errno -2] Name or service not known'))
[2023-04-30T23:20:13.610+0000] {helpers.py:86} ERROR - HTTPSConnectionPool(host='api.pushshift.io', port=443): Max retries exceeded with url: /reddit/search/submission/?subreddit=suns&sort=created_utc&sort_type=desc&size=500 (Caused by NewConnectionError('<urllib3.connection.HTTPSConnection object at 0xffffa002f650>: Failed to establish a new connection: [Errno -2] Name or service not known'))
[2023-04-30T23:20:13.613+0000] {helpers.py:87} ERROR - Retrying! 4 attempts before skipping!
[2023-04-30T23:20:14.629+0000] {logging_mixin.py:137} INFO - HTTPSConnectionPool(host='api.pushshift.io', port=443): Max retries exceeded with url: /reddit/search/submission/?subreddit=suns&sort=created_utc&sort_type=desc&size=500 (Caused by NewConnectionError('<urllib3.connection.HTTPSConnection object at 0xffffa002f490>: Failed to establish a new connection: [Errno -2] Name or service not known'))
[2023-04-30T23:20:14.630+0000] {helpers.py:86} ERROR - HTTPSConnectionPool(host='api.pushshift.io', port=443): Max retries exceeded with url: /reddit/search/submission/?subreddit=suns&sort=created_utc&sort_type=desc&size=500 (Caused by NewConnectionError('<urllib3.connection.HTTPSConnection object at 0xffffa002f490>: Failed to establish a new connection: [Errno -2] Name or service not known'))
[2023-04-30T23:20:14.632+0000] {helpers.py:87} ERROR - Retrying! 3 attempts before skipping!
[2023-04-30T23:20:15.657+0000] {logging_mixin.py:137} INFO - HTTPSConnectionPool(host='api.pushshift.io', port=443): Max retries exceeded with url: /reddit/search/submission/?subreddit=suns&sort=created_utc&sort_type=desc&size=500 (Caused by NewConnectionError('<urllib3.connection.HTTPSConnection object at 0xffffa002f390>: Failed to establish a new connection: [Errno -2] Name or service not known'))
[2023-04-30T23:20:15.659+0000] {helpers.py:86} ERROR - HTTPSConnectionPool(host='api.pushshift.io', port=443): Max retries exceeded with url: /reddit/search/submission/?subreddit=suns&sort=created_utc&sort_type=desc&size=500 (Caused by NewConnectionError('<urllib3.connection.HTTPSConnection object at 0xffffa002f390>: Failed to establish a new connection: [Errno -2] Name or service not known'))
[2023-04-30T23:20:15.661+0000] {helpers.py:87} ERROR - Retrying! 2 attempts before skipping!
[2023-04-30T23:51:43.336+0000] {logging_mixin.py:137} INFO - HTTPSConnectionPool(host='api.pushshift.io', port=443): Max retries exceeded with url: /reddit/search/submission/?subreddit=suns&sort=created_utc&sort_type=desc&size=500 (Caused by NewConnectionError('<urllib3.connection.HTTPSConnection object at 0xffffa002f790>: Failed to establish a new connection: [Errno -2] Name or service not known'))
[2023-04-30T23:51:43.338+0000] {helpers.py:86} ERROR - HTTPSConnectionPool(host='api.pushshift.io', port=443): Max retries exceeded with url: /reddit/search/submission/?subreddit=suns&sort=created_utc&sort_type=desc&size=500 (Caused by NewConnectionError('<urllib3.connection.HTTPSConnection object at 0xffffa002f790>: Failed to establish a new connection: [Errno -2] Name or service not known'))
[2023-04-30T23:51:43.339+0000] {helpers.py:87} ERROR - Retrying! 1 attempts before skipping!
[2023-04-30T23:51:44.350+0000] {logging_mixin.py:137} INFO - HTTPSConnectionPool(host='api.pushshift.io', port=443): Max retries exceeded with url: /reddit/search/submission/?subreddit=suns&sort=created_utc&sort_type=desc&size=500 (Caused by NewConnectionError('<urllib3.connection.HTTPSConnection object at 0xffffa002fc90>: Failed to establish a new connection: [Errno -2] Name or service not known'))
[2023-04-30T23:51:44.357+0000] {helpers.py:86} ERROR - HTTPSConnectionPool(host='api.pushshift.io', port=443): Max retries exceeded with url: /reddit/search/submission/?subreddit=suns&sort=created_utc&sort_type=desc&size=500 (Caused by NewConnectionError('<urllib3.connection.HTTPSConnection object at 0xffffa002fc90>: Failed to establish a new connection: [Errno -2] Name or service not known'))
[2023-04-30T23:51:44.360+0000] {helpers.py:87} ERROR - Retrying! 0 attempts before skipping!
[2023-04-30T23:51:45.372+0000] {logging_mixin.py:137} INFO - HTTPSConnectionPool(host='api.pushshift.io', port=443): Max retries exceeded with url: /reddit/search/submission/?subreddit=suns&sort=created_utc&sort_type=desc&size=500 (Caused by NewConnectionError('<urllib3.connection.HTTPSConnection object at 0xffffa002f250>: Failed to establish a new connection: [Errno -2] Name or service not known'))
[2023-04-30T23:51:45.376+0000] {helpers.py:86} ERROR - HTTPSConnectionPool(host='api.pushshift.io', port=443): Max retries exceeded with url: /reddit/search/submission/?subreddit=suns&sort=created_utc&sort_type=desc&size=500 (Caused by NewConnectionError('<urllib3.connection.HTTPSConnection object at 0xffffa002f250>: Failed to establish a new connection: [Errno -2] Name or service not known'))
[2023-04-30T23:51:45.380+0000] {helpers.py:87} ERROR - Retrying! -1 attempts before skipping!
[2023-04-30T23:51:46.400+0000] {helpers.py:96} INFO - Saved in /opt/***/data/output_scrape_teams_17-24.csv
[2023-04-30T23:51:46.408+0000] {python.py:177} INFO - Done. Returned value was: None
[2023-04-30T23:51:46.435+0000] {taskinstance.py:1332} INFO - Marking task as SUCCESS. dag_id=scrape_and_save_to_csv, task_id=scrape_teams_17-24, execution_date=20230430T203000, start_date=20230430T213923, end_date=20230430T235146
[2023-04-30T23:51:46.501+0000] {local_task_job.py:212} INFO - Task exited with return code 0
[2023-04-30T23:51:46.548+0000] {taskinstance.py:2596} INFO - 0 downstream tasks scheduled from follow-on schedule check
