[2023-05-01T15:48:42.525+0000] {taskinstance.py:1090} INFO - Dependencies all met for dep_context=non-requeueable deps ti=<TaskInstance: scrape_and_save_to_csv.scrape_teams_25-30 scheduled__2023-05-01T14:30:00+00:00 [queued]>
[2023-05-01T15:48:42.547+0000] {taskinstance.py:1090} INFO - Dependencies all met for dep_context=requeueable deps ti=<TaskInstance: scrape_and_save_to_csv.scrape_teams_25-30 scheduled__2023-05-01T14:30:00+00:00 [queued]>
[2023-05-01T15:48:42.549+0000] {taskinstance.py:1288} INFO - 
--------------------------------------------------------------------------------
[2023-05-01T15:48:42.552+0000] {taskinstance.py:1289} INFO - Starting attempt 1 of 1
[2023-05-01T15:48:42.553+0000] {taskinstance.py:1290} INFO - 
--------------------------------------------------------------------------------
[2023-05-01T15:48:42.569+0000] {taskinstance.py:1309} INFO - Executing <Task(PythonOperator): scrape_teams_25-30> on 2023-05-01 14:30:00+00:00
[2023-05-01T15:48:42.577+0000] {standard_task_runner.py:55} INFO - Started process 5913 to run task
[2023-05-01T15:48:42.595+0000] {standard_task_runner.py:82} INFO - Running: ['***', 'tasks', 'run', 'scrape_and_save_to_csv', 'scrape_teams_25-30', 'scheduled__2023-05-01T14:30:00+00:00', '--job-id', '2059', '--raw', '--subdir', 'DAGS_FOLDER/scrape_and_save_csv_dag.py', '--cfg-path', '/tmp/tmpsmoi4jg9']
[2023-05-01T15:48:42.614+0000] {standard_task_runner.py:83} INFO - Job 2059: Subtask scrape_teams_25-30
[2023-05-01T15:48:42.782+0000] {task_command.py:389} INFO - Running <TaskInstance: scrape_and_save_to_csv.scrape_teams_25-30 scheduled__2023-05-01T14:30:00+00:00 [running]> on host 5d4cd8acb346
[2023-05-01T15:48:42.943+0000] {taskinstance.py:1518} INFO - Exporting the following env vars:
AIRFLOW_CTX_DAG_OWNER=***
AIRFLOW_CTX_DAG_ID=scrape_and_save_to_csv
AIRFLOW_CTX_TASK_ID=scrape_teams_25-30
AIRFLOW_CTX_EXECUTION_DATE=2023-05-01T14:30:00+00:00
AIRFLOW_CTX_TRY_NUMBER=1
AIRFLOW_CTX_DAG_RUN_ID=scheduled__2023-05-01T14:30:00+00:00
[2023-05-01T15:48:42.956+0000] {logging_mixin.py:137} INFO - HTTPSConnectionPool(host='api.pushshift.io', port=443): Max retries exceeded with url: /reddit/search/submission/?subreddit=ripcity&sort=created_utc&sort_type=desc&size=500 (Caused by NewConnectionError('<urllib3.connection.HTTPSConnection object at 0xffffa003c790>: Failed to establish a new connection: [Errno -2] Name or service not known'))
[2023-05-01T15:48:42.958+0000] {helpers.py:86} ERROR - HTTPSConnectionPool(host='api.pushshift.io', port=443): Max retries exceeded with url: /reddit/search/submission/?subreddit=ripcity&sort=created_utc&sort_type=desc&size=500 (Caused by NewConnectionError('<urllib3.connection.HTTPSConnection object at 0xffffa003c790>: Failed to establish a new connection: [Errno -2] Name or service not known'))
[2023-05-01T15:48:42.959+0000] {helpers.py:87} ERROR - Retrying! 9 attempts before skipping!
[2023-05-01T15:48:43.966+0000] {logging_mixin.py:137} INFO - HTTPSConnectionPool(host='api.pushshift.io', port=443): Max retries exceeded with url: /reddit/search/submission/?subreddit=ripcity&sort=created_utc&sort_type=desc&size=500 (Caused by NewConnectionError('<urllib3.connection.HTTPSConnection object at 0xffffa0048410>: Failed to establish a new connection: [Errno -2] Name or service not known'))
[2023-05-01T15:48:43.967+0000] {helpers.py:86} ERROR - HTTPSConnectionPool(host='api.pushshift.io', port=443): Max retries exceeded with url: /reddit/search/submission/?subreddit=ripcity&sort=created_utc&sort_type=desc&size=500 (Caused by NewConnectionError('<urllib3.connection.HTTPSConnection object at 0xffffa0048410>: Failed to establish a new connection: [Errno -2] Name or service not known'))
[2023-05-01T15:48:43.969+0000] {helpers.py:87} ERROR - Retrying! 8 attempts before skipping!
[2023-05-01T15:48:44.979+0000] {logging_mixin.py:137} INFO - HTTPSConnectionPool(host='api.pushshift.io', port=443): Max retries exceeded with url: /reddit/search/submission/?subreddit=ripcity&sort=created_utc&sort_type=desc&size=500 (Caused by NewConnectionError('<urllib3.connection.HTTPSConnection object at 0xffffa0048550>: Failed to establish a new connection: [Errno -2] Name or service not known'))
[2023-05-01T15:48:44.983+0000] {helpers.py:86} ERROR - HTTPSConnectionPool(host='api.pushshift.io', port=443): Max retries exceeded with url: /reddit/search/submission/?subreddit=ripcity&sort=created_utc&sort_type=desc&size=500 (Caused by NewConnectionError('<urllib3.connection.HTTPSConnection object at 0xffffa0048550>: Failed to establish a new connection: [Errno -2] Name or service not known'))
[2023-05-01T15:48:44.985+0000] {helpers.py:87} ERROR - Retrying! 7 attempts before skipping!
[2023-05-01T15:48:46.004+0000] {logging_mixin.py:137} INFO - HTTPSConnectionPool(host='api.pushshift.io', port=443): Max retries exceeded with url: /reddit/search/submission/?subreddit=ripcity&sort=created_utc&sort_type=desc&size=500 (Caused by NewConnectionError('<urllib3.connection.HTTPSConnection object at 0xffffa0048290>: Failed to establish a new connection: [Errno -2] Name or service not known'))
[2023-05-01T15:48:46.008+0000] {helpers.py:86} ERROR - HTTPSConnectionPool(host='api.pushshift.io', port=443): Max retries exceeded with url: /reddit/search/submission/?subreddit=ripcity&sort=created_utc&sort_type=desc&size=500 (Caused by NewConnectionError('<urllib3.connection.HTTPSConnection object at 0xffffa0048290>: Failed to establish a new connection: [Errno -2] Name or service not known'))
[2023-05-01T15:48:46.010+0000] {helpers.py:87} ERROR - Retrying! 6 attempts before skipping!
[2023-05-01T15:48:47.021+0000] {logging_mixin.py:137} INFO - HTTPSConnectionPool(host='api.pushshift.io', port=443): Max retries exceeded with url: /reddit/search/submission/?subreddit=ripcity&sort=created_utc&sort_type=desc&size=500 (Caused by NewConnectionError('<urllib3.connection.HTTPSConnection object at 0xffffa0048450>: Failed to establish a new connection: [Errno -2] Name or service not known'))
[2023-05-01T15:48:47.024+0000] {helpers.py:86} ERROR - HTTPSConnectionPool(host='api.pushshift.io', port=443): Max retries exceeded with url: /reddit/search/submission/?subreddit=ripcity&sort=created_utc&sort_type=desc&size=500 (Caused by NewConnectionError('<urllib3.connection.HTTPSConnection object at 0xffffa0048450>: Failed to establish a new connection: [Errno -2] Name or service not known'))
[2023-05-01T15:48:47.026+0000] {helpers.py:87} ERROR - Retrying! 5 attempts before skipping!
[2023-05-01T15:48:48.032+0000] {logging_mixin.py:137} INFO - HTTPSConnectionPool(host='api.pushshift.io', port=443): Max retries exceeded with url: /reddit/search/submission/?subreddit=ripcity&sort=created_utc&sort_type=desc&size=500 (Caused by NewConnectionError('<urllib3.connection.HTTPSConnection object at 0xffffa0048390>: Failed to establish a new connection: [Errno -2] Name or service not known'))
[2023-05-01T15:48:48.033+0000] {helpers.py:86} ERROR - HTTPSConnectionPool(host='api.pushshift.io', port=443): Max retries exceeded with url: /reddit/search/submission/?subreddit=ripcity&sort=created_utc&sort_type=desc&size=500 (Caused by NewConnectionError('<urllib3.connection.HTTPSConnection object at 0xffffa0048390>: Failed to establish a new connection: [Errno -2] Name or service not known'))
[2023-05-01T15:48:48.034+0000] {helpers.py:87} ERROR - Retrying! 4 attempts before skipping!
[2023-05-01T15:48:49.055+0000] {logging_mixin.py:137} INFO - HTTPSConnectionPool(host='api.pushshift.io', port=443): Max retries exceeded with url: /reddit/search/submission/?subreddit=ripcity&sort=created_utc&sort_type=desc&size=500 (Caused by NewConnectionError('<urllib3.connection.HTTPSConnection object at 0xffffa0048250>: Failed to establish a new connection: [Errno -2] Name or service not known'))
[2023-05-01T15:48:49.056+0000] {helpers.py:86} ERROR - HTTPSConnectionPool(host='api.pushshift.io', port=443): Max retries exceeded with url: /reddit/search/submission/?subreddit=ripcity&sort=created_utc&sort_type=desc&size=500 (Caused by NewConnectionError('<urllib3.connection.HTTPSConnection object at 0xffffa0048250>: Failed to establish a new connection: [Errno -2] Name or service not known'))
[2023-05-01T15:48:49.059+0000] {helpers.py:87} ERROR - Retrying! 3 attempts before skipping!
[2023-05-01T15:48:50.073+0000] {logging_mixin.py:137} INFO - HTTPSConnectionPool(host='api.pushshift.io', port=443): Max retries exceeded with url: /reddit/search/submission/?subreddit=ripcity&sort=created_utc&sort_type=desc&size=500 (Caused by NewConnectionError('<urllib3.connection.HTTPSConnection object at 0xffffa0048350>: Failed to establish a new connection: [Errno -2] Name or service not known'))
[2023-05-01T15:48:50.081+0000] {helpers.py:86} ERROR - HTTPSConnectionPool(host='api.pushshift.io', port=443): Max retries exceeded with url: /reddit/search/submission/?subreddit=ripcity&sort=created_utc&sort_type=desc&size=500 (Caused by NewConnectionError('<urllib3.connection.HTTPSConnection object at 0xffffa0048350>: Failed to establish a new connection: [Errno -2] Name or service not known'))
[2023-05-01T15:48:50.082+0000] {helpers.py:87} ERROR - Retrying! 2 attempts before skipping!
[2023-05-01T15:48:51.093+0000] {logging_mixin.py:137} INFO - HTTPSConnectionPool(host='api.pushshift.io', port=443): Max retries exceeded with url: /reddit/search/submission/?subreddit=ripcity&sort=created_utc&sort_type=desc&size=500 (Caused by NewConnectionError('<urllib3.connection.HTTPSConnection object at 0xffffa0048310>: Failed to establish a new connection: [Errno -2] Name or service not known'))
[2023-05-01T15:48:51.095+0000] {helpers.py:86} ERROR - HTTPSConnectionPool(host='api.pushshift.io', port=443): Max retries exceeded with url: /reddit/search/submission/?subreddit=ripcity&sort=created_utc&sort_type=desc&size=500 (Caused by NewConnectionError('<urllib3.connection.HTTPSConnection object at 0xffffa0048310>: Failed to establish a new connection: [Errno -2] Name or service not known'))
[2023-05-01T15:48:51.096+0000] {helpers.py:87} ERROR - Retrying! 1 attempts before skipping!
[2023-05-01T15:48:52.108+0000] {logging_mixin.py:137} INFO - HTTPSConnectionPool(host='api.pushshift.io', port=443): Max retries exceeded with url: /reddit/search/submission/?subreddit=ripcity&sort=created_utc&sort_type=desc&size=500 (Caused by NewConnectionError('<urllib3.connection.HTTPSConnection object at 0xffffa0048750>: Failed to establish a new connection: [Errno -2] Name or service not known'))
[2023-05-01T15:48:52.109+0000] {helpers.py:86} ERROR - HTTPSConnectionPool(host='api.pushshift.io', port=443): Max retries exceeded with url: /reddit/search/submission/?subreddit=ripcity&sort=created_utc&sort_type=desc&size=500 (Caused by NewConnectionError('<urllib3.connection.HTTPSConnection object at 0xffffa0048750>: Failed to establish a new connection: [Errno -2] Name or service not known'))
[2023-05-01T15:48:52.110+0000] {helpers.py:87} ERROR - Retrying! 0 attempts before skipping!
[2023-05-01T15:48:53.116+0000] {logging_mixin.py:137} INFO - HTTPSConnectionPool(host='api.pushshift.io', port=443): Max retries exceeded with url: /reddit/search/submission/?subreddit=ripcity&sort=created_utc&sort_type=desc&size=500 (Caused by NewConnectionError('<urllib3.connection.HTTPSConnection object at 0xffffa0048510>: Failed to establish a new connection: [Errno -2] Name or service not known'))
[2023-05-01T15:48:53.117+0000] {helpers.py:86} ERROR - HTTPSConnectionPool(host='api.pushshift.io', port=443): Max retries exceeded with url: /reddit/search/submission/?subreddit=ripcity&sort=created_utc&sort_type=desc&size=500 (Caused by NewConnectionError('<urllib3.connection.HTTPSConnection object at 0xffffa0048510>: Failed to establish a new connection: [Errno -2] Name or service not known'))
[2023-05-01T15:48:53.119+0000] {helpers.py:87} ERROR - Retrying! -1 attempts before skipping!
[2023-05-01T15:48:54.125+0000] {logging_mixin.py:137} INFO - HTTPSConnectionPool(host='api.pushshift.io', port=443): Max retries exceeded with url: /reddit/search/submission/?subreddit=kings&sort=created_utc&sort_type=desc&size=500 (Caused by NewConnectionError('<urllib3.connection.HTTPSConnection object at 0xffffa0048310>: Failed to establish a new connection: [Errno -2] Name or service not known'))
[2023-05-01T15:48:54.127+0000] {helpers.py:86} ERROR - HTTPSConnectionPool(host='api.pushshift.io', port=443): Max retries exceeded with url: /reddit/search/submission/?subreddit=kings&sort=created_utc&sort_type=desc&size=500 (Caused by NewConnectionError('<urllib3.connection.HTTPSConnection object at 0xffffa0048310>: Failed to establish a new connection: [Errno -2] Name or service not known'))
[2023-05-01T15:48:54.128+0000] {helpers.py:87} ERROR - Retrying! 9 attempts before skipping!
[2023-05-01T15:48:55.154+0000] {logging_mixin.py:137} INFO - HTTPSConnectionPool(host='api.pushshift.io', port=443): Max retries exceeded with url: /reddit/search/submission/?subreddit=kings&sort=created_utc&sort_type=desc&size=500 (Caused by NewConnectionError('<urllib3.connection.HTTPSConnection object at 0xffffa00482d0>: Failed to establish a new connection: [Errno -2] Name or service not known'))
[2023-05-01T15:48:55.156+0000] {helpers.py:86} ERROR - HTTPSConnectionPool(host='api.pushshift.io', port=443): Max retries exceeded with url: /reddit/search/submission/?subreddit=kings&sort=created_utc&sort_type=desc&size=500 (Caused by NewConnectionError('<urllib3.connection.HTTPSConnection object at 0xffffa00482d0>: Failed to establish a new connection: [Errno -2] Name or service not known'))
[2023-05-01T15:48:55.158+0000] {helpers.py:87} ERROR - Retrying! 8 attempts before skipping!
[2023-05-01T15:48:56.219+0000] {logging_mixin.py:137} INFO - HTTPSConnectionPool(host='api.pushshift.io', port=443): Max retries exceeded with url: /reddit/search/submission/?subreddit=kings&sort=created_utc&sort_type=desc&size=500 (Caused by NewConnectionError('<urllib3.connection.HTTPSConnection object at 0xffffa0048090>: Failed to establish a new connection: [Errno -2] Name or service not known'))
[2023-05-01T15:48:56.220+0000] {helpers.py:86} ERROR - HTTPSConnectionPool(host='api.pushshift.io', port=443): Max retries exceeded with url: /reddit/search/submission/?subreddit=kings&sort=created_utc&sort_type=desc&size=500 (Caused by NewConnectionError('<urllib3.connection.HTTPSConnection object at 0xffffa0048090>: Failed to establish a new connection: [Errno -2] Name or service not known'))
[2023-05-01T15:48:56.221+0000] {helpers.py:87} ERROR - Retrying! 7 attempts before skipping!
[2023-05-01T15:49:01.771+0000] {warnings.py:110} WARNING - /home/***/.local/lib/python3.7/site-packages/***/utils/context.py:313: AirflowContextDeprecationWarning: Accessing 'execution_date' from the template is deprecated and will be removed in a future version. Please use 'data_interval_start' or 'logical_date' instead.
  warnings.warn(_create_deprecation_warning(k, replacements))

[2023-05-01T15:49:02.697+0000] {helpers.py:80} INFO - Sacramento Kings: Successfully scraped!
[2023-05-01T15:49:06.667+0000] {helpers.py:80} INFO - San Antonio Spurs: Successfully scraped!
[2023-05-01T15:49:11.356+0000] {helpers.py:80} INFO - Toronto Raptors: Successfully scraped!
[2023-05-01T15:49:15.030+0000] {helpers.py:80} INFO - Utah Jazz: Successfully scraped!
[2023-05-01T15:49:19.261+0000] {helpers.py:80} INFO - Washington Wizards: Successfully scraped!
[2023-05-01T15:49:19.284+0000] {helpers.py:96} INFO - Saved in /opt/***/data/output_scrape_teams_25-30.csv
[2023-05-01T15:49:19.290+0000] {python.py:177} INFO - Done. Returned value was: None
[2023-05-01T15:49:19.306+0000] {taskinstance.py:1332} INFO - Marking task as SUCCESS. dag_id=scrape_and_save_to_csv, task_id=scrape_teams_25-30, execution_date=20230501T143000, start_date=20230501T154842, end_date=20230501T154919
[2023-05-01T15:49:19.392+0000] {local_task_job.py:212} INFO - Task exited with return code 0
[2023-05-01T15:49:19.413+0000] {taskinstance.py:2596} INFO - 0 downstream tasks scheduled from follow-on schedule check
