[2023-05-10T02:56:29.325+0000] {taskinstance.py:1090} INFO - Dependencies all met for dep_context=non-requeueable deps ti=<TaskInstance: scrape_and_save_to_csv.scrape_teams_25-30 scheduled__2023-05-01T04:00:00+00:00 [queued]>
[2023-05-10T02:56:29.338+0000] {taskinstance.py:1090} INFO - Dependencies all met for dep_context=requeueable deps ti=<TaskInstance: scrape_and_save_to_csv.scrape_teams_25-30 scheduled__2023-05-01T04:00:00+00:00 [queued]>
[2023-05-10T02:56:29.340+0000] {taskinstance.py:1288} INFO - 
--------------------------------------------------------------------------------
[2023-05-10T02:56:29.341+0000] {taskinstance.py:1289} INFO - Starting attempt 1 of 1
[2023-05-10T02:56:29.343+0000] {taskinstance.py:1290} INFO - 
--------------------------------------------------------------------------------
[2023-05-10T02:56:29.364+0000] {taskinstance.py:1309} INFO - Executing <Task(PythonOperator): scrape_teams_25-30> on 2023-05-01 04:00:00+00:00
[2023-05-10T02:56:29.371+0000] {standard_task_runner.py:55} INFO - Started process 18334 to run task
[2023-05-10T02:56:29.381+0000] {standard_task_runner.py:82} INFO - Running: ['***', 'tasks', 'run', 'scrape_and_save_to_csv', 'scrape_teams_25-30', 'scheduled__2023-05-01T04:00:00+00:00', '--job-id', '4088', '--raw', '--subdir', 'DAGS_FOLDER/scrape_and_push_dag.py', '--cfg-path', '/tmp/tmpyb5glcsw']
[2023-05-10T02:56:29.387+0000] {standard_task_runner.py:83} INFO - Job 4088: Subtask scrape_teams_25-30
[2023-05-10T02:56:29.496+0000] {task_command.py:389} INFO - Running <TaskInstance: scrape_and_save_to_csv.scrape_teams_25-30 scheduled__2023-05-01T04:00:00+00:00 [running]> on host f41dbfa3d325
[2023-05-10T02:56:29.553+0000] {warnings.py:110} WARNING - /home/***/.local/lib/python3.7/site-packages/***/utils/context.py:205: AirflowContextDeprecationWarning: Accessing 'execution_date' from the template is deprecated and will be removed in a future version. Please use 'data_interval_start' or 'logical_date' instead.
  warnings.warn(_create_deprecation_warning(key, self._deprecation_replacements[key]))

[2023-05-10T02:56:29.613+0000] {taskinstance.py:1518} INFO - Exporting the following env vars:
AIRFLOW_CTX_DAG_OWNER=***
AIRFLOW_CTX_DAG_ID=scrape_and_save_to_csv
AIRFLOW_CTX_TASK_ID=scrape_teams_25-30
AIRFLOW_CTX_EXECUTION_DATE=2023-05-01T04:00:00+00:00
AIRFLOW_CTX_TRY_NUMBER=1
AIRFLOW_CTX_DAG_RUN_ID=scheduled__2023-05-01T04:00:00+00:00
[2023-05-10T02:56:34.522+0000] {helpers.py:95} INFO - Portland Trail Blazers: Successfully scraped!
[2023-05-10T02:56:39.671+0000] {helpers.py:95} INFO - Sacramento Kings: Successfully scraped!
[2023-05-10T02:56:44.207+0000] {helpers.py:95} INFO - San Antonio Spurs: Successfully scraped!
[2023-05-10T02:56:49.065+0000] {helpers.py:95} INFO - Toronto Raptors: Successfully scraped!
[2023-05-10T02:56:53.154+0000] {helpers.py:95} INFO - Utah Jazz: Successfully scraped!
[2023-05-10T02:57:16.834+0000] {helpers.py:95} INFO - Washington Wizards: Successfully scraped!
[2023-05-10T02:57:16.854+0000] {helpers.py:110} INFO - Saved in /opt/***/data/output_scrape_teams_25-30.csv
[2023-05-10T02:57:16.856+0000] {python.py:177} INFO - Done. Returned value was: None
[2023-05-10T02:57:16.881+0000] {taskinstance.py:1332} INFO - Marking task as SUCCESS. dag_id=scrape_and_save_to_csv, task_id=scrape_teams_25-30, execution_date=20230501T040000, start_date=20230510T025629, end_date=20230510T025716
[2023-05-10T02:57:17.006+0000] {local_task_job.py:212} INFO - Task exited with return code 0
[2023-05-10T02:57:17.037+0000] {taskinstance.py:2596} INFO - 0 downstream tasks scheduled from follow-on schedule check
[2023-05-10T03:29:45.565+0000] {taskinstance.py:1090} INFO - Dependencies all met for dep_context=non-requeueable deps ti=<TaskInstance: scrape_and_save_to_csv.scrape_teams_25-30 scheduled__2023-05-01T04:00:00+00:00 [queued]>
[2023-05-10T03:29:45.589+0000] {taskinstance.py:1090} INFO - Dependencies all met for dep_context=requeueable deps ti=<TaskInstance: scrape_and_save_to_csv.scrape_teams_25-30 scheduled__2023-05-01T04:00:00+00:00 [queued]>
[2023-05-10T03:29:45.590+0000] {taskinstance.py:1288} INFO - 
--------------------------------------------------------------------------------
[2023-05-10T03:29:45.592+0000] {taskinstance.py:1289} INFO - Starting attempt 1 of 1
[2023-05-10T03:29:45.594+0000] {taskinstance.py:1290} INFO - 
--------------------------------------------------------------------------------
[2023-05-10T03:29:45.620+0000] {taskinstance.py:1309} INFO - Executing <Task(PythonOperator): scrape_teams_25-30> on 2023-05-01 04:00:00+00:00
[2023-05-10T03:29:45.630+0000] {standard_task_runner.py:55} INFO - Started process 18842 to run task
[2023-05-10T03:29:45.637+0000] {standard_task_runner.py:82} INFO - Running: ['***', 'tasks', 'run', 'scrape_and_save_to_csv', 'scrape_teams_25-30', 'scheduled__2023-05-01T04:00:00+00:00', '--job-id', '4120', '--raw', '--subdir', 'DAGS_FOLDER/scrape_and_push_dag.py', '--cfg-path', '/tmp/tmpvkdxwjkf']
[2023-05-10T03:29:45.654+0000] {standard_task_runner.py:83} INFO - Job 4120: Subtask scrape_teams_25-30
[2023-05-10T03:29:45.809+0000] {task_command.py:389} INFO - Running <TaskInstance: scrape_and_save_to_csv.scrape_teams_25-30 scheduled__2023-05-01T04:00:00+00:00 [running]> on host f41dbfa3d325
[2023-05-10T03:29:45.861+0000] {warnings.py:110} WARNING - /home/***/.local/lib/python3.7/site-packages/***/utils/context.py:205: AirflowContextDeprecationWarning: Accessing 'execution_date' from the template is deprecated and will be removed in a future version. Please use 'data_interval_start' or 'logical_date' instead.
  warnings.warn(_create_deprecation_warning(key, self._deprecation_replacements[key]))

[2023-05-10T03:29:45.906+0000] {taskinstance.py:1518} INFO - Exporting the following env vars:
AIRFLOW_CTX_DAG_OWNER=***
AIRFLOW_CTX_DAG_ID=scrape_and_save_to_csv
AIRFLOW_CTX_TASK_ID=scrape_teams_25-30
AIRFLOW_CTX_EXECUTION_DATE=2023-05-01T04:00:00+00:00
AIRFLOW_CTX_TRY_NUMBER=1
AIRFLOW_CTX_DAG_RUN_ID=scheduled__2023-05-01T04:00:00+00:00
[2023-05-10T03:30:02.205+0000] {helpers.py:95} INFO - Portland Trail Blazers: Successfully scraped!
[2023-05-10T03:30:33.203+0000] {helpers.py:95} INFO - Sacramento Kings: Successfully scraped!
[2023-05-10T03:31:12.950+0000] {helpers.py:95} INFO - San Antonio Spurs: Successfully scraped!
[2023-05-10T03:31:52.630+0000] {helpers.py:95} INFO - Toronto Raptors: Successfully scraped!
[2023-05-10T03:32:33.171+0000] {helpers.py:95} INFO - Utah Jazz: Successfully scraped!
[2023-05-10T03:33:12.742+0000] {helpers.py:95} INFO - Washington Wizards: Successfully scraped!
[2023-05-10T03:33:12.763+0000] {helpers.py:110} INFO - Saved in /opt/***/data/output_scrape_teams_25-30.csv
[2023-05-10T03:33:12.766+0000] {python.py:177} INFO - Done. Returned value was: None
[2023-05-10T03:33:12.788+0000] {taskinstance.py:1332} INFO - Marking task as SUCCESS. dag_id=scrape_and_save_to_csv, task_id=scrape_teams_25-30, execution_date=20230501T040000, start_date=20230510T032945, end_date=20230510T033312
[2023-05-10T03:33:12.921+0000] {local_task_job.py:212} INFO - Task exited with return code 0
[2023-05-10T03:33:12.951+0000] {taskinstance.py:2596} INFO - 0 downstream tasks scheduled from follow-on schedule check
