[2023-04-30T15:40:16.660+0000] {taskinstance.py:1090} INFO - Dependencies all met for dep_context=non-requeueable deps ti=<TaskInstance: scrape_and_save_to_csv.scrape_teams_17-24 scheduled__2023-04-30T06:30:00+00:00 [queued]>
[2023-04-30T15:40:16.680+0000] {taskinstance.py:1090} INFO - Dependencies all met for dep_context=requeueable deps ti=<TaskInstance: scrape_and_save_to_csv.scrape_teams_17-24 scheduled__2023-04-30T06:30:00+00:00 [queued]>
[2023-04-30T15:40:16.682+0000] {taskinstance.py:1288} INFO - 
--------------------------------------------------------------------------------
[2023-04-30T15:40:16.683+0000] {taskinstance.py:1289} INFO - Starting attempt 1 of 1
[2023-04-30T15:40:16.688+0000] {taskinstance.py:1290} INFO - 
--------------------------------------------------------------------------------
[2023-04-30T15:40:16.725+0000] {taskinstance.py:1309} INFO - Executing <Task(PythonOperator): scrape_teams_17-24> on 2023-04-30 06:30:00+00:00
[2023-04-30T15:40:16.744+0000] {standard_task_runner.py:55} INFO - Started process 74 to run task
[2023-04-30T15:40:16.768+0000] {standard_task_runner.py:82} INFO - Running: ['***', 'tasks', 'run', 'scrape_and_save_to_csv', 'scrape_teams_17-24', 'scheduled__2023-04-30T06:30:00+00:00', '--job-id', '1899', '--raw', '--subdir', 'DAGS_FOLDER/scrape_and_save_csv_dag.py', '--cfg-path', '/tmp/tmpwhyu_hsn']
[2023-04-30T15:40:16.783+0000] {standard_task_runner.py:83} INFO - Job 1899: Subtask scrape_teams_17-24
[2023-04-30T15:40:17.014+0000] {task_command.py:389} INFO - Running <TaskInstance: scrape_and_save_to_csv.scrape_teams_17-24 scheduled__2023-04-30T06:30:00+00:00 [running]> on host b5cee175690f
[2023-04-30T15:40:17.291+0000] {taskinstance.py:1518} INFO - Exporting the following env vars:
AIRFLOW_CTX_DAG_OWNER=***
AIRFLOW_CTX_DAG_ID=scrape_and_save_to_csv
AIRFLOW_CTX_TASK_ID=scrape_teams_17-24
AIRFLOW_CTX_EXECUTION_DATE=2023-04-30T06:30:00+00:00
AIRFLOW_CTX_TRY_NUMBER=1
AIRFLOW_CTX_DAG_RUN_ID=scheduled__2023-04-30T06:30:00+00:00
[2023-04-30T15:40:18.511+0000] {warnings.py:110} WARNING - /home/***/.local/lib/python3.7/site-packages/***/utils/context.py:313: AirflowContextDeprecationWarning: Accessing 'execution_date' from the template is deprecated and will be removed in a future version. Please use 'data_interval_start' or 'logical_date' instead.
  warnings.warn(_create_deprecation_warning(k, replacements))

[2023-04-30T15:40:18.514+0000] {helpers.py:69} INFO - Bucks: Successfully scraped!
[2023-04-30T15:40:22.125+0000] {helpers.py:69} INFO - Timberwolves: Successfully scraped!
[2023-04-30T15:40:22.344+0000] {helpers.py:73} ERROR - Expecting value: line 1 column 1 (char 0)
[2023-04-30T15:40:22.347+0000] {helpers.py:74} ERROR - Retrying! 9 attempts before skipping!
[2023-04-30T15:40:23.650+0000] {helpers.py:73} ERROR - Expecting value: line 1 column 1 (char 0)
[2023-04-30T15:40:23.651+0000] {helpers.py:74} ERROR - Retrying! 8 attempts before skipping!
[2023-04-30T15:40:24.868+0000] {helpers.py:73} ERROR - Expecting value: line 1 column 1 (char 0)
[2023-04-30T15:40:24.869+0000] {helpers.py:74} ERROR - Retrying! 7 attempts before skipping!
[2023-04-30T15:40:26.075+0000] {helpers.py:73} ERROR - Expecting value: line 1 column 1 (char 0)
[2023-04-30T15:40:26.078+0000] {helpers.py:74} ERROR - Retrying! 6 attempts before skipping!
[2023-04-30T15:40:27.332+0000] {helpers.py:73} ERROR - Expecting value: line 1 column 1 (char 0)
[2023-04-30T15:40:27.333+0000] {helpers.py:74} ERROR - Retrying! 5 attempts before skipping!
[2023-04-30T15:40:28.821+0000] {helpers.py:73} ERROR - Expecting value: line 1 column 1 (char 0)
[2023-04-30T15:40:28.824+0000] {helpers.py:74} ERROR - Retrying! 4 attempts before skipping!
[2023-04-30T15:40:30.051+0000] {helpers.py:73} ERROR - Expecting value: line 1 column 1 (char 0)
[2023-04-30T15:40:30.052+0000] {helpers.py:74} ERROR - Retrying! 3 attempts before skipping!
[2023-04-30T15:40:31.273+0000] {helpers.py:73} ERROR - Expecting value: line 1 column 1 (char 0)
[2023-04-30T15:40:31.275+0000] {helpers.py:74} ERROR - Retrying! 2 attempts before skipping!
[2023-04-30T15:40:32.723+0000] {helpers.py:73} ERROR - Expecting value: line 1 column 1 (char 0)
[2023-04-30T15:40:32.728+0000] {helpers.py:74} ERROR - Retrying! 1 attempts before skipping!
[2023-04-30T15:40:33.959+0000] {helpers.py:73} ERROR - Expecting value: line 1 column 1 (char 0)
[2023-04-30T15:40:33.961+0000] {helpers.py:74} ERROR - Retrying! 0 attempts before skipping!
[2023-04-30T15:40:35.169+0000] {helpers.py:73} ERROR - Expecting value: line 1 column 1 (char 0)
[2023-04-30T15:40:35.179+0000] {helpers.py:74} ERROR - Retrying! -1 attempts before skipping!
[2023-04-30T15:40:36.396+0000] {helpers.py:73} ERROR - Expecting value: line 1 column 1 (char 0)
[2023-04-30T15:40:36.397+0000] {helpers.py:74} ERROR - Retrying! 9 attempts before skipping!
[2023-04-30T15:40:37.611+0000] {helpers.py:73} ERROR - Expecting value: line 1 column 1 (char 0)
[2023-04-30T15:40:37.612+0000] {helpers.py:74} ERROR - Retrying! 8 attempts before skipping!
[2023-04-30T15:40:38.825+0000] {helpers.py:73} ERROR - Expecting value: line 1 column 1 (char 0)
[2023-04-30T15:40:38.827+0000] {helpers.py:74} ERROR - Retrying! 7 attempts before skipping!
[2023-04-30T15:40:40.253+0000] {helpers.py:73} ERROR - Expecting value: line 1 column 1 (char 0)
[2023-04-30T15:40:40.255+0000] {helpers.py:74} ERROR - Retrying! 6 attempts before skipping!
[2023-04-30T15:40:41.745+0000] {helpers.py:73} ERROR - Expecting value: line 1 column 1 (char 0)
[2023-04-30T15:40:41.746+0000] {helpers.py:74} ERROR - Retrying! 5 attempts before skipping!
[2023-04-30T15:40:42.958+0000] {helpers.py:73} ERROR - Expecting value: line 1 column 1 (char 0)
[2023-04-30T15:40:42.959+0000] {helpers.py:74} ERROR - Retrying! 4 attempts before skipping!
[2023-04-30T15:40:44.174+0000] {helpers.py:73} ERROR - Expecting value: line 1 column 1 (char 0)
[2023-04-30T15:40:44.176+0000] {helpers.py:74} ERROR - Retrying! 3 attempts before skipping!
[2023-04-30T15:40:45.401+0000] {helpers.py:73} ERROR - Expecting value: line 1 column 1 (char 0)
[2023-04-30T15:40:45.402+0000] {helpers.py:74} ERROR - Retrying! 2 attempts before skipping!
[2023-04-30T15:40:46.628+0000] {helpers.py:73} ERROR - Expecting value: line 1 column 1 (char 0)
[2023-04-30T15:40:46.630+0000] {helpers.py:74} ERROR - Retrying! 1 attempts before skipping!
[2023-04-30T15:40:47.855+0000] {helpers.py:73} ERROR - Expecting value: line 1 column 1 (char 0)
[2023-04-30T15:40:47.856+0000] {helpers.py:74} ERROR - Retrying! 0 attempts before skipping!
[2023-04-30T15:40:49.032+0000] {helpers.py:73} ERROR - Expecting value: line 1 column 1 (char 0)
[2023-04-30T15:40:49.034+0000] {helpers.py:74} ERROR - Retrying! -1 attempts before skipping!
[2023-04-30T15:40:50.234+0000] {helpers.py:73} ERROR - Expecting value: line 1 column 1 (char 0)
[2023-04-30T15:40:50.236+0000] {helpers.py:74} ERROR - Retrying! 9 attempts before skipping!
[2023-04-30T15:40:51.412+0000] {helpers.py:73} ERROR - Expecting value: line 1 column 1 (char 0)
[2023-04-30T15:40:51.431+0000] {helpers.py:74} ERROR - Retrying! 8 attempts before skipping!
[2023-04-30T15:40:52.684+0000] {helpers.py:73} ERROR - Expecting value: line 1 column 1 (char 0)
[2023-04-30T15:40:52.685+0000] {helpers.py:74} ERROR - Retrying! 7 attempts before skipping!
[2023-04-30T15:40:53.898+0000] {helpers.py:73} ERROR - Expecting value: line 1 column 1 (char 0)
[2023-04-30T15:40:53.899+0000] {helpers.py:74} ERROR - Retrying! 6 attempts before skipping!
[2023-04-30T15:40:55.093+0000] {helpers.py:73} ERROR - Expecting value: line 1 column 1 (char 0)
[2023-04-30T15:40:55.094+0000] {helpers.py:74} ERROR - Retrying! 5 attempts before skipping!
[2023-04-30T15:40:56.302+0000] {helpers.py:73} ERROR - Expecting value: line 1 column 1 (char 0)
[2023-04-30T15:40:56.304+0000] {helpers.py:74} ERROR - Retrying! 4 attempts before skipping!
[2023-04-30T15:40:57.573+0000] {helpers.py:73} ERROR - Expecting value: line 1 column 1 (char 0)
[2023-04-30T15:40:57.574+0000] {helpers.py:74} ERROR - Retrying! 3 attempts before skipping!
[2023-04-30T15:40:58.836+0000] {helpers.py:73} ERROR - Expecting value: line 1 column 1 (char 0)
[2023-04-30T15:40:58.852+0000] {helpers.py:74} ERROR - Retrying! 2 attempts before skipping!
[2023-04-30T15:41:00.068+0000] {helpers.py:73} ERROR - Expecting value: line 1 column 1 (char 0)
[2023-04-30T15:41:00.069+0000] {helpers.py:74} ERROR - Retrying! 1 attempts before skipping!
[2023-04-30T15:41:01.308+0000] {helpers.py:73} ERROR - Expecting value: line 1 column 1 (char 0)
[2023-04-30T15:41:01.311+0000] {helpers.py:74} ERROR - Retrying! 0 attempts before skipping!
[2023-04-30T15:41:02.643+0000] {helpers.py:73} ERROR - Expecting value: line 1 column 1 (char 0)
[2023-04-30T15:41:02.644+0000] {helpers.py:74} ERROR - Retrying! -1 attempts before skipping!
[2023-04-30T15:41:03.881+0000] {helpers.py:73} ERROR - Expecting value: line 1 column 1 (char 0)
[2023-04-30T15:41:03.882+0000] {helpers.py:74} ERROR - Retrying! 9 attempts before skipping!
[2023-04-30T15:41:05.091+0000] {helpers.py:73} ERROR - Expecting value: line 1 column 1 (char 0)
[2023-04-30T15:41:05.091+0000] {helpers.py:74} ERROR - Retrying! 8 attempts before skipping!
[2023-04-30T15:41:06.307+0000] {helpers.py:73} ERROR - Expecting value: line 1 column 1 (char 0)
[2023-04-30T15:41:06.321+0000] {helpers.py:74} ERROR - Retrying! 7 attempts before skipping!
[2023-04-30T15:41:07.558+0000] {helpers.py:73} ERROR - Expecting value: line 1 column 1 (char 0)
[2023-04-30T15:41:07.559+0000] {helpers.py:74} ERROR - Retrying! 6 attempts before skipping!
[2023-04-30T15:41:08.778+0000] {helpers.py:73} ERROR - Expecting value: line 1 column 1 (char 0)
[2023-04-30T15:41:08.780+0000] {helpers.py:74} ERROR - Retrying! 5 attempts before skipping!
[2023-04-30T15:41:10.001+0000] {helpers.py:73} ERROR - Expecting value: line 1 column 1 (char 0)
[2023-04-30T15:41:10.002+0000] {helpers.py:74} ERROR - Retrying! 4 attempts before skipping!
[2023-04-30T15:41:11.214+0000] {helpers.py:73} ERROR - Expecting value: line 1 column 1 (char 0)
[2023-04-30T15:41:11.215+0000] {helpers.py:74} ERROR - Retrying! 3 attempts before skipping!
[2023-04-30T15:41:12.619+0000] {helpers.py:73} ERROR - Expecting value: line 1 column 1 (char 0)
[2023-04-30T15:41:12.620+0000] {helpers.py:74} ERROR - Retrying! 2 attempts before skipping!
[2023-04-30T15:41:13.829+0000] {helpers.py:73} ERROR - Expecting value: line 1 column 1 (char 0)
[2023-04-30T15:41:13.830+0000] {helpers.py:74} ERROR - Retrying! 1 attempts before skipping!
[2023-04-30T15:41:15.059+0000] {helpers.py:73} ERROR - Expecting value: line 1 column 1 (char 0)
[2023-04-30T15:41:15.061+0000] {helpers.py:74} ERROR - Retrying! 0 attempts before skipping!
[2023-04-30T15:41:16.271+0000] {helpers.py:73} ERROR - Expecting value: line 1 column 1 (char 0)
[2023-04-30T15:41:16.273+0000] {helpers.py:74} ERROR - Retrying! -1 attempts before skipping!
[2023-04-30T15:41:17.619+0000] {helpers.py:73} ERROR - Expecting value: line 1 column 1 (char 0)
[2023-04-30T15:41:17.620+0000] {helpers.py:74} ERROR - Retrying! 9 attempts before skipping!
[2023-04-30T15:41:18.959+0000] {helpers.py:73} ERROR - Expecting value: line 1 column 1 (char 0)
[2023-04-30T15:41:18.961+0000] {helpers.py:74} ERROR - Retrying! 8 attempts before skipping!
[2023-04-30T15:41:20.303+0000] {helpers.py:73} ERROR - Expecting value: line 1 column 1 (char 0)
[2023-04-30T15:41:20.304+0000] {helpers.py:74} ERROR - Retrying! 7 attempts before skipping!
[2023-04-30T15:43:01.753+0000] {helpers.py:73} ERROR - Expecting value: line 1 column 1 (char 0)
[2023-04-30T15:43:01.755+0000] {helpers.py:74} ERROR - Retrying! 6 attempts before skipping!
[2023-04-30T15:43:03.503+0000] {helpers.py:69} INFO - 76ers: Successfully scraped!
[2023-04-30T15:43:04.213+0000] {helpers.py:69} INFO - Suns: Successfully scraped!
[2023-04-30T15:43:04.233+0000] {helpers.py:83} INFO - Saved in /opt/***/data/output_scrape_teams_17-24.csv
[2023-04-30T15:43:04.237+0000] {python.py:177} INFO - Done. Returned value was: None
[2023-04-30T15:43:04.264+0000] {taskinstance.py:1332} INFO - Marking task as SUCCESS. dag_id=scrape_and_save_to_csv, task_id=scrape_teams_17-24, execution_date=20230430T063000, start_date=20230430T154016, end_date=20230430T154304
[2023-04-30T15:43:04.307+0000] {local_task_job.py:212} INFO - Task exited with return code 0
[2023-04-30T15:43:04.330+0000] {taskinstance.py:2596} INFO - 1 downstream tasks scheduled from follow-on schedule check
