[2023-05-01T14:41:22.804+0000] {taskinstance.py:1090} INFO - Dependencies all met for dep_context=non-requeueable deps ti=<TaskInstance: scrape_and_save_to_csv.scrape_teams_17-24 scheduled__2023-05-01T13:30:00+00:00 [queued]>
[2023-05-01T14:41:22.824+0000] {taskinstance.py:1090} INFO - Dependencies all met for dep_context=requeueable deps ti=<TaskInstance: scrape_and_save_to_csv.scrape_teams_17-24 scheduled__2023-05-01T13:30:00+00:00 [queued]>
[2023-05-01T14:41:22.826+0000] {taskinstance.py:1288} INFO - 
--------------------------------------------------------------------------------
[2023-05-01T14:41:22.830+0000] {taskinstance.py:1289} INFO - Starting attempt 1 of 1
[2023-05-01T14:41:22.835+0000] {taskinstance.py:1290} INFO - 
--------------------------------------------------------------------------------
[2023-05-01T14:41:22.860+0000] {taskinstance.py:1309} INFO - Executing <Task(PythonOperator): scrape_teams_17-24> on 2023-05-01 13:30:00+00:00
[2023-05-01T14:41:22.882+0000] {standard_task_runner.py:55} INFO - Started process 5855 to run task
[2023-05-01T14:41:22.895+0000] {standard_task_runner.py:82} INFO - Running: ['***', 'tasks', 'run', 'scrape_and_save_to_csv', 'scrape_teams_17-24', 'scheduled__2023-05-01T13:30:00+00:00', '--job-id', '2054', '--raw', '--subdir', 'DAGS_FOLDER/scrape_and_save_csv_dag.py', '--cfg-path', '/tmp/tmpx97in_zk']
[2023-05-01T14:41:22.898+0000] {standard_task_runner.py:83} INFO - Job 2054: Subtask scrape_teams_17-24
[2023-05-01T14:41:23.025+0000] {task_command.py:389} INFO - Running <TaskInstance: scrape_and_save_to_csv.scrape_teams_17-24 scheduled__2023-05-01T13:30:00+00:00 [running]> on host 5d4cd8acb346
[2023-05-01T14:41:23.137+0000] {taskinstance.py:1518} INFO - Exporting the following env vars:
AIRFLOW_CTX_DAG_OWNER=***
AIRFLOW_CTX_DAG_ID=scrape_and_save_to_csv
AIRFLOW_CTX_TASK_ID=scrape_teams_17-24
AIRFLOW_CTX_EXECUTION_DATE=2023-05-01T13:30:00+00:00
AIRFLOW_CTX_TRY_NUMBER=1
AIRFLOW_CTX_DAG_RUN_ID=scheduled__2023-05-01T13:30:00+00:00
[2023-05-01T14:41:23.151+0000] {logging_mixin.py:137} INFO - HTTPSConnectionPool(host='api.pushshift.io', port=443): Max retries exceeded with url: /reddit/search/submission/?subreddit=MkeBucks&sort=created_utc&sort_type=desc&size=500 (Caused by NewConnectionError('<urllib3.connection.HTTPSConnection object at 0xffffa0053ad0>: Failed to establish a new connection: [Errno -2] Name or service not known'))
[2023-05-01T14:41:23.152+0000] {helpers.py:86} ERROR - HTTPSConnectionPool(host='api.pushshift.io', port=443): Max retries exceeded with url: /reddit/search/submission/?subreddit=MkeBucks&sort=created_utc&sort_type=desc&size=500 (Caused by NewConnectionError('<urllib3.connection.HTTPSConnection object at 0xffffa0053ad0>: Failed to establish a new connection: [Errno -2] Name or service not known'))
[2023-05-01T14:41:23.154+0000] {helpers.py:87} ERROR - Retrying! 9 attempts before skipping!
[2023-05-01T14:41:24.163+0000] {logging_mixin.py:137} INFO - HTTPSConnectionPool(host='api.pushshift.io', port=443): Max retries exceeded with url: /reddit/search/submission/?subreddit=MkeBucks&sort=created_utc&sort_type=desc&size=500 (Caused by NewConnectionError('<urllib3.connection.HTTPSConnection object at 0xffffa0047290>: Failed to establish a new connection: [Errno -2] Name or service not known'))
[2023-05-01T14:41:24.165+0000] {helpers.py:86} ERROR - HTTPSConnectionPool(host='api.pushshift.io', port=443): Max retries exceeded with url: /reddit/search/submission/?subreddit=MkeBucks&sort=created_utc&sort_type=desc&size=500 (Caused by NewConnectionError('<urllib3.connection.HTTPSConnection object at 0xffffa0047290>: Failed to establish a new connection: [Errno -2] Name or service not known'))
[2023-05-01T14:41:24.165+0000] {helpers.py:87} ERROR - Retrying! 8 attempts before skipping!
[2023-05-01T14:41:25.175+0000] {logging_mixin.py:137} INFO - HTTPSConnectionPool(host='api.pushshift.io', port=443): Max retries exceeded with url: /reddit/search/submission/?subreddit=MkeBucks&sort=created_utc&sort_type=desc&size=500 (Caused by NewConnectionError('<urllib3.connection.HTTPSConnection object at 0xffffa0053d10>: Failed to establish a new connection: [Errno -2] Name or service not known'))
[2023-05-01T14:41:25.178+0000] {helpers.py:86} ERROR - HTTPSConnectionPool(host='api.pushshift.io', port=443): Max retries exceeded with url: /reddit/search/submission/?subreddit=MkeBucks&sort=created_utc&sort_type=desc&size=500 (Caused by NewConnectionError('<urllib3.connection.HTTPSConnection object at 0xffffa0053d10>: Failed to establish a new connection: [Errno -2] Name or service not known'))
[2023-05-01T14:41:25.179+0000] {helpers.py:87} ERROR - Retrying! 7 attempts before skipping!
[2023-05-01T14:41:26.200+0000] {logging_mixin.py:137} INFO - HTTPSConnectionPool(host='api.pushshift.io', port=443): Max retries exceeded with url: /reddit/search/submission/?subreddit=MkeBucks&sort=created_utc&sort_type=desc&size=500 (Caused by NewConnectionError('<urllib3.connection.HTTPSConnection object at 0xffffa0053e10>: Failed to establish a new connection: [Errno -2] Name or service not known'))
[2023-05-01T14:41:26.201+0000] {helpers.py:86} ERROR - HTTPSConnectionPool(host='api.pushshift.io', port=443): Max retries exceeded with url: /reddit/search/submission/?subreddit=MkeBucks&sort=created_utc&sort_type=desc&size=500 (Caused by NewConnectionError('<urllib3.connection.HTTPSConnection object at 0xffffa0053e10>: Failed to establish a new connection: [Errno -2] Name or service not known'))
[2023-05-01T14:41:26.202+0000] {helpers.py:87} ERROR - Retrying! 6 attempts before skipping!
[2023-05-01T14:41:27.216+0000] {logging_mixin.py:137} INFO - HTTPSConnectionPool(host='api.pushshift.io', port=443): Max retries exceeded with url: /reddit/search/submission/?subreddit=MkeBucks&sort=created_utc&sort_type=desc&size=500 (Caused by NewConnectionError('<urllib3.connection.HTTPSConnection object at 0xffffa0053c10>: Failed to establish a new connection: [Errno -2] Name or service not known'))
[2023-05-01T14:41:27.219+0000] {helpers.py:86} ERROR - HTTPSConnectionPool(host='api.pushshift.io', port=443): Max retries exceeded with url: /reddit/search/submission/?subreddit=MkeBucks&sort=created_utc&sort_type=desc&size=500 (Caused by NewConnectionError('<urllib3.connection.HTTPSConnection object at 0xffffa0053c10>: Failed to establish a new connection: [Errno -2] Name or service not known'))
[2023-05-01T14:41:27.220+0000] {helpers.py:87} ERROR - Retrying! 5 attempts before skipping!
[2023-05-01T14:41:28.229+0000] {logging_mixin.py:137} INFO - HTTPSConnectionPool(host='api.pushshift.io', port=443): Max retries exceeded with url: /reddit/search/submission/?subreddit=MkeBucks&sort=created_utc&sort_type=desc&size=500 (Caused by NewConnectionError('<urllib3.connection.HTTPSConnection object at 0xffffa0053b10>: Failed to establish a new connection: [Errno -2] Name or service not known'))
[2023-05-01T14:41:28.230+0000] {helpers.py:86} ERROR - HTTPSConnectionPool(host='api.pushshift.io', port=443): Max retries exceeded with url: /reddit/search/submission/?subreddit=MkeBucks&sort=created_utc&sort_type=desc&size=500 (Caused by NewConnectionError('<urllib3.connection.HTTPSConnection object at 0xffffa0053b10>: Failed to establish a new connection: [Errno -2] Name or service not known'))
[2023-05-01T14:41:28.231+0000] {helpers.py:87} ERROR - Retrying! 4 attempts before skipping!
[2023-05-01T14:41:29.239+0000] {logging_mixin.py:137} INFO - HTTPSConnectionPool(host='api.pushshift.io', port=443): Max retries exceeded with url: /reddit/search/submission/?subreddit=MkeBucks&sort=created_utc&sort_type=desc&size=500 (Caused by NewConnectionError('<urllib3.connection.HTTPSConnection object at 0xffffa0053d10>: Failed to establish a new connection: [Errno -2] Name or service not known'))
[2023-05-01T14:41:29.244+0000] {helpers.py:86} ERROR - HTTPSConnectionPool(host='api.pushshift.io', port=443): Max retries exceeded with url: /reddit/search/submission/?subreddit=MkeBucks&sort=created_utc&sort_type=desc&size=500 (Caused by NewConnectionError('<urllib3.connection.HTTPSConnection object at 0xffffa0053d10>: Failed to establish a new connection: [Errno -2] Name or service not known'))
[2023-05-01T14:41:29.247+0000] {helpers.py:87} ERROR - Retrying! 3 attempts before skipping!
[2023-05-01T14:41:30.261+0000] {logging_mixin.py:137} INFO - HTTPSConnectionPool(host='api.pushshift.io', port=443): Max retries exceeded with url: /reddit/search/submission/?subreddit=MkeBucks&sort=created_utc&sort_type=desc&size=500 (Caused by NewConnectionError('<urllib3.connection.HTTPSConnection object at 0xffffa0053e10>: Failed to establish a new connection: [Errno -2] Name or service not known'))
[2023-05-01T14:41:30.265+0000] {helpers.py:86} ERROR - HTTPSConnectionPool(host='api.pushshift.io', port=443): Max retries exceeded with url: /reddit/search/submission/?subreddit=MkeBucks&sort=created_utc&sort_type=desc&size=500 (Caused by NewConnectionError('<urllib3.connection.HTTPSConnection object at 0xffffa0053e10>: Failed to establish a new connection: [Errno -2] Name or service not known'))
[2023-05-01T14:41:30.268+0000] {helpers.py:87} ERROR - Retrying! 2 attempts before skipping!
[2023-05-01T14:41:31.292+0000] {logging_mixin.py:137} INFO - HTTPSConnectionPool(host='api.pushshift.io', port=443): Max retries exceeded with url: /reddit/search/submission/?subreddit=MkeBucks&sort=created_utc&sort_type=desc&size=500 (Caused by NewConnectionError('<urllib3.connection.HTTPSConnection object at 0xffffa0053c10>: Failed to establish a new connection: [Errno -2] Name or service not known'))
[2023-05-01T14:41:31.293+0000] {helpers.py:86} ERROR - HTTPSConnectionPool(host='api.pushshift.io', port=443): Max retries exceeded with url: /reddit/search/submission/?subreddit=MkeBucks&sort=created_utc&sort_type=desc&size=500 (Caused by NewConnectionError('<urllib3.connection.HTTPSConnection object at 0xffffa0053c10>: Failed to establish a new connection: [Errno -2] Name or service not known'))
[2023-05-01T14:41:31.294+0000] {helpers.py:87} ERROR - Retrying! 1 attempts before skipping!
[2023-05-01T14:41:32.305+0000] {logging_mixin.py:137} INFO - HTTPSConnectionPool(host='api.pushshift.io', port=443): Max retries exceeded with url: /reddit/search/submission/?subreddit=MkeBucks&sort=created_utc&sort_type=desc&size=500 (Caused by NewConnectionError('<urllib3.connection.HTTPSConnection object at 0xffffa0053b10>: Failed to establish a new connection: [Errno -2] Name or service not known'))
[2023-05-01T14:41:32.308+0000] {helpers.py:86} ERROR - HTTPSConnectionPool(host='api.pushshift.io', port=443): Max retries exceeded with url: /reddit/search/submission/?subreddit=MkeBucks&sort=created_utc&sort_type=desc&size=500 (Caused by NewConnectionError('<urllib3.connection.HTTPSConnection object at 0xffffa0053b10>: Failed to establish a new connection: [Errno -2] Name or service not known'))
[2023-05-01T14:41:32.309+0000] {helpers.py:87} ERROR - Retrying! 0 attempts before skipping!
[2023-05-01T14:41:33.324+0000] {logging_mixin.py:137} INFO - HTTPSConnectionPool(host='api.pushshift.io', port=443): Max retries exceeded with url: /reddit/search/submission/?subreddit=MkeBucks&sort=created_utc&sort_type=desc&size=500 (Caused by NewConnectionError('<urllib3.connection.HTTPSConnection object at 0xffffa0053d10>: Failed to establish a new connection: [Errno -2] Name or service not known'))
[2023-05-01T14:41:33.327+0000] {helpers.py:86} ERROR - HTTPSConnectionPool(host='api.pushshift.io', port=443): Max retries exceeded with url: /reddit/search/submission/?subreddit=MkeBucks&sort=created_utc&sort_type=desc&size=500 (Caused by NewConnectionError('<urllib3.connection.HTTPSConnection object at 0xffffa0053d10>: Failed to establish a new connection: [Errno -2] Name or service not known'))
[2023-05-01T14:41:33.328+0000] {helpers.py:87} ERROR - Retrying! -1 attempts before skipping!
[2023-05-01T14:41:34.336+0000] {logging_mixin.py:137} INFO - HTTPSConnectionPool(host='api.pushshift.io', port=443): Max retries exceeded with url: /reddit/search/submission/?subreddit=timberwolves&sort=created_utc&sort_type=desc&size=500 (Caused by NewConnectionError('<urllib3.connection.HTTPSConnection object at 0xffffa005c550>: Failed to establish a new connection: [Errno -2] Name or service not known'))
[2023-05-01T14:41:34.339+0000] {helpers.py:86} ERROR - HTTPSConnectionPool(host='api.pushshift.io', port=443): Max retries exceeded with url: /reddit/search/submission/?subreddit=timberwolves&sort=created_utc&sort_type=desc&size=500 (Caused by NewConnectionError('<urllib3.connection.HTTPSConnection object at 0xffffa005c550>: Failed to establish a new connection: [Errno -2] Name or service not known'))
[2023-05-01T14:41:34.343+0000] {helpers.py:87} ERROR - Retrying! 9 attempts before skipping!
[2023-05-01T14:41:35.353+0000] {logging_mixin.py:137} INFO - HTTPSConnectionPool(host='api.pushshift.io', port=443): Max retries exceeded with url: /reddit/search/submission/?subreddit=timberwolves&sort=created_utc&sort_type=desc&size=500 (Caused by NewConnectionError('<urllib3.connection.HTTPSConnection object at 0xffffa005c050>: Failed to establish a new connection: [Errno -2] Name or service not known'))
[2023-05-01T14:41:35.355+0000] {helpers.py:86} ERROR - HTTPSConnectionPool(host='api.pushshift.io', port=443): Max retries exceeded with url: /reddit/search/submission/?subreddit=timberwolves&sort=created_utc&sort_type=desc&size=500 (Caused by NewConnectionError('<urllib3.connection.HTTPSConnection object at 0xffffa005c050>: Failed to establish a new connection: [Errno -2] Name or service not known'))
[2023-05-01T14:41:35.356+0000] {helpers.py:87} ERROR - Retrying! 8 attempts before skipping!
[2023-05-01T14:41:36.369+0000] {logging_mixin.py:137} INFO - HTTPSConnectionPool(host='api.pushshift.io', port=443): Max retries exceeded with url: /reddit/search/submission/?subreddit=timberwolves&sort=created_utc&sort_type=desc&size=500 (Caused by NewConnectionError('<urllib3.connection.HTTPSConnection object at 0xffffa005c550>: Failed to establish a new connection: [Errno -2] Name or service not known'))
[2023-05-01T14:41:36.372+0000] {helpers.py:86} ERROR - HTTPSConnectionPool(host='api.pushshift.io', port=443): Max retries exceeded with url: /reddit/search/submission/?subreddit=timberwolves&sort=created_utc&sort_type=desc&size=500 (Caused by NewConnectionError('<urllib3.connection.HTTPSConnection object at 0xffffa005c550>: Failed to establish a new connection: [Errno -2] Name or service not known'))
[2023-05-01T14:41:36.374+0000] {helpers.py:87} ERROR - Retrying! 7 attempts before skipping!
[2023-05-01T14:41:37.384+0000] {logging_mixin.py:137} INFO - HTTPSConnectionPool(host='api.pushshift.io', port=443): Max retries exceeded with url: /reddit/search/submission/?subreddit=timberwolves&sort=created_utc&sort_type=desc&size=500 (Caused by NewConnectionError('<urllib3.connection.HTTPSConnection object at 0xffffa005c050>: Failed to establish a new connection: [Errno -2] Name or service not known'))
[2023-05-01T14:41:37.386+0000] {helpers.py:86} ERROR - HTTPSConnectionPool(host='api.pushshift.io', port=443): Max retries exceeded with url: /reddit/search/submission/?subreddit=timberwolves&sort=created_utc&sort_type=desc&size=500 (Caused by NewConnectionError('<urllib3.connection.HTTPSConnection object at 0xffffa005c050>: Failed to establish a new connection: [Errno -2] Name or service not known'))
[2023-05-01T14:41:37.387+0000] {helpers.py:87} ERROR - Retrying! 6 attempts before skipping!
[2023-05-01T14:41:42.518+0000] {warnings.py:110} WARNING - /home/***/.local/lib/python3.7/site-packages/***/utils/context.py:313: AirflowContextDeprecationWarning: Accessing 'execution_date' from the template is deprecated and will be removed in a future version. Please use 'data_interval_start' or 'logical_date' instead.
  warnings.warn(_create_deprecation_warning(k, replacements))

[2023-05-01T14:41:44.026+0000] {helpers.py:80} INFO - Minnesota Timberwolves: Successfully scraped!
[2023-05-01T15:10:25.265+0000] {helpers.py:80} INFO - New Orleans Pelicans: Successfully scraped!
[2023-05-01T15:10:25.968+0000] {logging_mixin.py:137} INFO - Expecting value: line 1 column 1 (char 0)
[2023-05-01T15:10:25.972+0000] {helpers.py:86} ERROR - Expecting value: line 1 column 1 (char 0)
[2023-05-01T15:10:25.973+0000] {helpers.py:87} ERROR - Retrying! 9 attempts before skipping!
[2023-05-01T15:10:27.429+0000] {logging_mixin.py:137} INFO - Expecting value: line 1 column 1 (char 0)
[2023-05-01T15:10:27.430+0000] {helpers.py:86} ERROR - Expecting value: line 1 column 1 (char 0)
[2023-05-01T15:10:27.433+0000] {helpers.py:87} ERROR - Retrying! 8 attempts before skipping!
[2023-05-01T15:10:28.702+0000] {logging_mixin.py:137} INFO - Expecting value: line 1 column 1 (char 0)
[2023-05-01T15:10:28.704+0000] {helpers.py:86} ERROR - Expecting value: line 1 column 1 (char 0)
[2023-05-01T15:10:28.705+0000] {helpers.py:87} ERROR - Retrying! 7 attempts before skipping!
[2023-05-01T15:10:30.955+0000] {logging_mixin.py:137} INFO - Expecting value: line 1 column 1 (char 0)
[2023-05-01T15:10:30.958+0000] {helpers.py:86} ERROR - Expecting value: line 1 column 1 (char 0)
[2023-05-01T15:10:30.962+0000] {helpers.py:87} ERROR - Retrying! 6 attempts before skipping!
[2023-05-01T15:10:32.199+0000] {logging_mixin.py:137} INFO - Expecting value: line 1 column 1 (char 0)
[2023-05-01T15:10:32.200+0000] {helpers.py:86} ERROR - Expecting value: line 1 column 1 (char 0)
[2023-05-01T15:10:32.202+0000] {helpers.py:87} ERROR - Retrying! 5 attempts before skipping!
[2023-05-01T15:10:33.497+0000] {logging_mixin.py:137} INFO - Expecting value: line 1 column 1 (char 0)
[2023-05-01T15:10:33.498+0000] {helpers.py:86} ERROR - Expecting value: line 1 column 1 (char 0)
[2023-05-01T15:10:33.499+0000] {helpers.py:87} ERROR - Retrying! 4 attempts before skipping!
[2023-05-01T15:10:34.882+0000] {logging_mixin.py:137} INFO - Expecting value: line 1 column 1 (char 0)
[2023-05-01T15:10:34.883+0000] {helpers.py:86} ERROR - Expecting value: line 1 column 1 (char 0)
[2023-05-01T15:10:34.884+0000] {helpers.py:87} ERROR - Retrying! 3 attempts before skipping!
[2023-05-01T15:10:36.565+0000] {logging_mixin.py:137} INFO - Expecting value: line 1 column 1 (char 0)
[2023-05-01T15:10:36.568+0000] {helpers.py:86} ERROR - Expecting value: line 1 column 1 (char 0)
[2023-05-01T15:10:36.568+0000] {helpers.py:87} ERROR - Retrying! 2 attempts before skipping!
[2023-05-01T15:10:38.369+0000] {logging_mixin.py:137} INFO - Expecting value: line 1 column 1 (char 0)
[2023-05-01T15:10:38.370+0000] {helpers.py:86} ERROR - Expecting value: line 1 column 1 (char 0)
[2023-05-01T15:10:38.373+0000] {helpers.py:87} ERROR - Retrying! 1 attempts before skipping!
[2023-05-01T15:10:39.620+0000] {logging_mixin.py:137} INFO - Expecting value: line 1 column 1 (char 0)
[2023-05-01T15:10:39.621+0000] {helpers.py:86} ERROR - Expecting value: line 1 column 1 (char 0)
[2023-05-01T15:10:39.622+0000] {helpers.py:87} ERROR - Retrying! 0 attempts before skipping!
[2023-05-01T15:10:40.870+0000] {logging_mixin.py:137} INFO - Expecting value: line 1 column 1 (char 0)
[2023-05-01T15:10:40.871+0000] {helpers.py:86} ERROR - Expecting value: line 1 column 1 (char 0)
[2023-05-01T15:10:40.872+0000] {helpers.py:87} ERROR - Retrying! -1 attempts before skipping!
[2023-05-01T15:10:42.253+0000] {logging_mixin.py:137} INFO - Expecting value: line 1 column 1 (char 0)
[2023-05-01T15:10:42.258+0000] {helpers.py:86} ERROR - Expecting value: line 1 column 1 (char 0)
[2023-05-01T15:10:42.259+0000] {helpers.py:87} ERROR - Retrying! 9 attempts before skipping!
[2023-05-01T15:10:43.633+0000] {logging_mixin.py:137} INFO - Expecting value: line 1 column 1 (char 0)
[2023-05-01T15:10:43.636+0000] {helpers.py:86} ERROR - Expecting value: line 1 column 1 (char 0)
[2023-05-01T15:10:43.637+0000] {helpers.py:87} ERROR - Retrying! 8 attempts before skipping!
[2023-05-01T15:10:45.416+0000] {logging_mixin.py:137} INFO - Expecting value: line 1 column 1 (char 0)
[2023-05-01T15:10:45.417+0000] {helpers.py:86} ERROR - Expecting value: line 1 column 1 (char 0)
[2023-05-01T15:10:45.418+0000] {helpers.py:87} ERROR - Retrying! 7 attempts before skipping!
[2023-05-01T15:10:46.711+0000] {logging_mixin.py:137} INFO - Expecting value: line 1 column 1 (char 0)
[2023-05-01T15:10:46.712+0000] {helpers.py:86} ERROR - Expecting value: line 1 column 1 (char 0)
[2023-05-01T15:10:46.713+0000] {helpers.py:87} ERROR - Retrying! 6 attempts before skipping!
[2023-05-01T15:10:47.993+0000] {logging_mixin.py:137} INFO - Expecting value: line 1 column 1 (char 0)
[2023-05-01T15:10:47.995+0000] {helpers.py:86} ERROR - Expecting value: line 1 column 1 (char 0)
[2023-05-01T15:10:47.996+0000] {helpers.py:87} ERROR - Retrying! 5 attempts before skipping!
[2023-05-01T15:28:24.995+0000] {logging_mixin.py:137} INFO - HTTPSConnectionPool(host='api.pushshift.io', port=443): Max retries exceeded with url: /reddit/search/submission/?subreddit=Thunder&sort=created_utc&sort_type=desc&size=500 (Caused by NewConnectionError('<urllib3.connection.HTTPSConnection object at 0xffff9bf27810>: Failed to establish a new connection: [Errno 111] Connection refused'))
[2023-05-01T15:28:24.999+0000] {helpers.py:86} ERROR - HTTPSConnectionPool(host='api.pushshift.io', port=443): Max retries exceeded with url: /reddit/search/submission/?subreddit=Thunder&sort=created_utc&sort_type=desc&size=500 (Caused by NewConnectionError('<urllib3.connection.HTTPSConnection object at 0xffff9bf27810>: Failed to establish a new connection: [Errno 111] Connection refused'))
[2023-05-01T15:28:25.003+0000] {helpers.py:87} ERROR - Retrying! 4 attempts before skipping!
[2023-05-01T15:28:26.043+0000] {logging_mixin.py:137} INFO - HTTPSConnectionPool(host='api.pushshift.io', port=443): Max retries exceeded with url: /reddit/search/submission/?subreddit=Thunder&sort=created_utc&sort_type=desc&size=500 (Caused by NewConnectionError('<urllib3.connection.HTTPSConnection object at 0xffff9b6e5810>: Failed to establish a new connection: [Errno -2] Name or service not known'))
[2023-05-01T15:28:26.047+0000] {helpers.py:86} ERROR - HTTPSConnectionPool(host='api.pushshift.io', port=443): Max retries exceeded with url: /reddit/search/submission/?subreddit=Thunder&sort=created_utc&sort_type=desc&size=500 (Caused by NewConnectionError('<urllib3.connection.HTTPSConnection object at 0xffff9b6e5810>: Failed to establish a new connection: [Errno -2] Name or service not known'))
[2023-05-01T15:28:26.050+0000] {helpers.py:87} ERROR - Retrying! 3 attempts before skipping!
[2023-05-01T15:28:26.296+0000] {local_task_job.py:277} WARNING - State of this instance has been externally set to failed. Terminating instance.
[2023-05-01T15:28:26.319+0000] {process_utils.py:133} INFO - Sending Signals.SIGTERM to group 5855. PIDs of all processes in the group: [5855]
[2023-05-01T15:28:26.325+0000] {process_utils.py:84} INFO - Sending the signal Signals.SIGTERM to group 5855
[2023-05-01T15:28:26.337+0000] {taskinstance.py:1488} ERROR - Received SIGTERM. Terminating subprocesses.
[2023-05-01T15:28:26.703+0000] {process_utils.py:79} INFO - Process psutil.Process(pid=5855, status='terminated', exitcode=0, started='14:41:22') (5855) terminated with exit code 0
