[2023-05-03T05:10:39.698+0000] {taskinstance.py:1090} INFO - Dependencies all met for dep_context=non-requeueable deps ti=<TaskInstance: scrape_and_save_to_csv.scrape_teams_1-8 scheduled__2023-05-03T03:30:00+00:00 [queued]>
[2023-05-03T05:10:39.724+0000] {taskinstance.py:1090} INFO - Dependencies all met for dep_context=requeueable deps ti=<TaskInstance: scrape_and_save_to_csv.scrape_teams_1-8 scheduled__2023-05-03T03:30:00+00:00 [queued]>
[2023-05-03T05:10:39.726+0000] {taskinstance.py:1288} INFO - 
--------------------------------------------------------------------------------
[2023-05-03T05:10:39.729+0000] {taskinstance.py:1289} INFO - Starting attempt 1 of 1
[2023-05-03T05:10:39.730+0000] {taskinstance.py:1290} INFO - 
--------------------------------------------------------------------------------
[2023-05-03T05:10:39.744+0000] {taskinstance.py:1309} INFO - Executing <Task(PythonOperator): scrape_teams_1-8> on 2023-05-03 03:30:00+00:00
[2023-05-03T05:10:39.753+0000] {standard_task_runner.py:55} INFO - Started process 31440 to run task
[2023-05-03T05:10:39.758+0000] {standard_task_runner.py:82} INFO - Running: ['***', 'tasks', 'run', 'scrape_and_save_to_csv', 'scrape_teams_1-8', 'scheduled__2023-05-03T03:30:00+00:00', '--job-id', '2315', '--raw', '--subdir', 'DAGS_FOLDER/scrape_and_save_csv_dag.py', '--cfg-path', '/tmp/tmpk7ap8gxn']
[2023-05-03T05:10:39.773+0000] {standard_task_runner.py:83} INFO - Job 2315: Subtask scrape_teams_1-8
[2023-05-03T05:10:39.857+0000] {task_command.py:389} INFO - Running <TaskInstance: scrape_and_save_to_csv.scrape_teams_1-8 scheduled__2023-05-03T03:30:00+00:00 [running]> on host 5d4cd8acb346
[2023-05-03T05:10:39.977+0000] {taskinstance.py:1518} INFO - Exporting the following env vars:
AIRFLOW_CTX_DAG_OWNER=***
AIRFLOW_CTX_DAG_ID=scrape_and_save_to_csv
AIRFLOW_CTX_TASK_ID=scrape_teams_1-8
AIRFLOW_CTX_EXECUTION_DATE=2023-05-03T03:30:00+00:00
AIRFLOW_CTX_TRY_NUMBER=1
AIRFLOW_CTX_DAG_RUN_ID=scheduled__2023-05-03T03:30:00+00:00
[2023-05-03T09:34:34.253+0000] {local_task_job.py:277} WARNING - State of this instance has been externally set to failed. Terminating instance.
[2023-05-03T09:34:34.285+0000] {process_utils.py:133} INFO - Sending Signals.SIGTERM to group 31440. PIDs of all processes in the group: [31440]
[2023-05-03T09:34:34.310+0000] {process_utils.py:84} INFO - Sending the signal Signals.SIGTERM to group 31440
[2023-05-03T09:34:34.327+0000] {taskinstance.py:1488} ERROR - Received SIGTERM. Terminating subprocesses.
[2023-05-03T09:34:34.389+0000] {logging_mixin.py:137} INFO - Task received SIGTERM signal
[2023-05-03T09:34:34.399+0000] {helpers.py:86} ERROR - Task received SIGTERM signal
[2023-05-03T09:34:34.407+0000] {helpers.py:87} ERROR - Retrying! 9 attempts before skipping!
[2023-05-03T09:34:39.376+0000] {logging_mixin.py:137} INFO - ('Connection broken: IncompleteRead(10058 bytes read, 182 more expected)', IncompleteRead(10058 bytes read, 182 more expected))
[2023-05-03T09:34:39.378+0000] {helpers.py:86} ERROR - ('Connection broken: IncompleteRead(10058 bytes read, 182 more expected)', IncompleteRead(10058 bytes read, 182 more expected))
[2023-05-03T09:34:39.380+0000] {helpers.py:87} ERROR - Retrying! 8 attempts before skipping!
[2023-05-03T09:34:43.505+0000] {warnings.py:110} WARNING - /home/***/.local/lib/python3.7/site-packages/***/utils/context.py:313: AirflowContextDeprecationWarning: Accessing 'execution_date' from the template is deprecated and will be removed in a future version. Please use 'data_interval_start' or 'logical_date' instead.
  warnings.warn(_create_deprecation_warning(k, replacements))

[2023-05-03T09:34:44.475+0000] {helpers.py:80} INFO - Atlanta Hawks: Successfully scraped!
[2023-05-03T12:38:28.465+0000] {process_utils.py:147} WARNING - process psutil.Process(pid=31440, name='airflow task ru', status='sleeping', started='05:10:39') did not respond to SIGTERM. Trying SIGKILL
[2023-05-03T12:38:28.492+0000] {process_utils.py:84} INFO - Sending the signal Signals.SIGKILL to group 31440
[2023-05-03T12:38:28.955+0000] {process_utils.py:79} INFO - Process psutil.Process(pid=31440, name='airflow task ru', status='terminated', exitcode=<Negsignal.SIGKILL: -9>, started='05:10:39') (31440) terminated with exit code Negsignal.SIGKILL
[2023-05-03T12:38:28.971+0000] {standard_task_runner.py:170} ERROR - Job 2315 was killed before it finished (likely due to running out of memory)
