[2023-04-29T17:40:23.267+0000] {taskinstance.py:1090} INFO - Dependencies all met for dep_context=non-requeueable deps ti=<TaskInstance: scrape_and_save_to_csv.scrape_teams_9-16 scheduled__2023-04-29T16:30:00+00:00 [queued]>
[2023-04-29T17:40:23.291+0000] {taskinstance.py:1090} INFO - Dependencies all met for dep_context=requeueable deps ti=<TaskInstance: scrape_and_save_to_csv.scrape_teams_9-16 scheduled__2023-04-29T16:30:00+00:00 [queued]>
[2023-04-29T17:40:23.295+0000] {taskinstance.py:1288} INFO - 
--------------------------------------------------------------------------------
[2023-04-29T17:40:23.297+0000] {taskinstance.py:1289} INFO - Starting attempt 1 of 1
[2023-04-29T17:40:23.298+0000] {taskinstance.py:1290} INFO - 
--------------------------------------------------------------------------------
[2023-04-29T17:40:23.327+0000] {taskinstance.py:1309} INFO - Executing <Task(PythonOperator): scrape_teams_9-16> on 2023-04-29 16:30:00+00:00
[2023-04-29T17:40:23.340+0000] {standard_task_runner.py:55} INFO - Started process 1327 to run task
[2023-04-29T17:40:23.349+0000] {standard_task_runner.py:82} INFO - Running: ['***', 'tasks', 'run', 'scrape_and_save_to_csv', 'scrape_teams_9-16', 'scheduled__2023-04-29T16:30:00+00:00', '--job-id', '1804', '--raw', '--subdir', 'DAGS_FOLDER/scrape_and_save_csv_dag.py', '--cfg-path', '/tmp/tmpufodl2hx']
[2023-04-29T17:40:23.373+0000] {standard_task_runner.py:83} INFO - Job 1804: Subtask scrape_teams_9-16
[2023-04-29T17:40:23.495+0000] {task_command.py:389} INFO - Running <TaskInstance: scrape_and_save_to_csv.scrape_teams_9-16 scheduled__2023-04-29T16:30:00+00:00 [running]> on host b5cee175690f
[2023-04-29T17:40:23.581+0000] {taskinstance.py:1518} INFO - Exporting the following env vars:
AIRFLOW_CTX_DAG_OWNER=***
AIRFLOW_CTX_DAG_ID=scrape_and_save_to_csv
AIRFLOW_CTX_TASK_ID=scrape_teams_9-16
AIRFLOW_CTX_EXECUTION_DATE=2023-04-29T16:30:00+00:00
AIRFLOW_CTX_TRY_NUMBER=1
AIRFLOW_CTX_DAG_RUN_ID=scheduled__2023-04-29T16:30:00+00:00
[2023-04-29T17:40:24.352+0000] {warnings.py:110} WARNING - /home/***/.local/lib/python3.7/site-packages/***/utils/context.py:313: AirflowContextDeprecationWarning: Accessing 'execution_date' from the template is deprecated and will be removed in a future version. Please use 'data_interval_start' or 'logical_date' instead.
  warnings.warn(_create_deprecation_warning(k, replacements))

[2023-04-29T17:40:24.357+0000] {helpers.py:69} INFO - Pistons: Successfully scraped!
[2023-04-29T17:40:25.414+0000] {helpers.py:69} INFO - Warriors: Successfully scraped!
[2023-04-29T17:40:26.823+0000] {helpers.py:69} INFO - Rockets: Successfully scraped!
[2023-04-29T17:40:27.916+0000] {helpers.py:69} INFO - Pacers: Successfully scraped!
[2023-04-29T17:40:29.440+0000] {helpers.py:69} INFO - Clippers: Successfully scraped!
[2023-04-29T17:40:30.548+0000] {helpers.py:69} INFO - Lakers: Successfully scraped!
[2023-04-29T17:40:32.917+0000] {helpers.py:69} INFO - Grizzlies: Successfully scraped!
[2023-04-29T17:40:35.153+0000] {helpers.py:69} INFO - Heat: Successfully scraped!
[2023-04-29T17:40:35.158+0000] {helpers.py:83} INFO - Saved in /opt/***/data/output_scrape_teams_9-16.csv
[2023-04-29T17:40:35.160+0000] {python.py:177} INFO - Done. Returned value was: None
[2023-04-29T17:40:35.170+0000] {taskinstance.py:1332} INFO - Marking task as SUCCESS. dag_id=scrape_and_save_to_csv, task_id=scrape_teams_9-16, execution_date=20230429T163000, start_date=20230429T174023, end_date=20230429T174035
[2023-04-29T17:40:35.204+0000] {local_task_job.py:212} INFO - Task exited with return code 0
[2023-04-29T17:40:35.222+0000] {taskinstance.py:2596} INFO - 0 downstream tasks scheduled from follow-on schedule check
