[2023-05-19T22:06:44.434+0000] {taskinstance.py:1090} INFO - Dependencies all met for dep_context=non-requeueable deps ti=<TaskInstance: scrape_and_save_to_csv.scrape_teams_17-24 manual__2023-05-19T22:06:41.778398+00:00 [queued]>
[2023-05-19T22:06:44.458+0000] {taskinstance.py:1090} INFO - Dependencies all met for dep_context=requeueable deps ti=<TaskInstance: scrape_and_save_to_csv.scrape_teams_17-24 manual__2023-05-19T22:06:41.778398+00:00 [queued]>
[2023-05-19T22:06:44.461+0000] {taskinstance.py:1288} INFO - 
--------------------------------------------------------------------------------
[2023-05-19T22:06:44.462+0000] {taskinstance.py:1289} INFO - Starting attempt 1 of 1
[2023-05-19T22:06:44.464+0000] {taskinstance.py:1290} INFO - 
--------------------------------------------------------------------------------
[2023-05-19T22:06:44.480+0000] {taskinstance.py:1309} INFO - Executing <Task(PythonOperator): scrape_teams_17-24> on 2023-05-19 22:06:41.778398+00:00
[2023-05-19T22:06:44.491+0000] {standard_task_runner.py:55} INFO - Started process 1429 to run task
[2023-05-19T22:06:44.499+0000] {standard_task_runner.py:82} INFO - Running: ['***', 'tasks', 'run', 'scrape_and_save_to_csv', 'scrape_teams_17-24', 'manual__2023-05-19T22:06:41.778398+00:00', '--job-id', '4437', '--raw', '--subdir', 'DAGS_FOLDER/scrape_and_push_dag.py', '--cfg-path', '/tmp/tmpevxvq2a1']
[2023-05-19T22:06:44.522+0000] {standard_task_runner.py:83} INFO - Job 4437: Subtask scrape_teams_17-24
[2023-05-19T22:06:44.674+0000] {task_command.py:389} INFO - Running <TaskInstance: scrape_and_save_to_csv.scrape_teams_17-24 manual__2023-05-19T22:06:41.778398+00:00 [running]> on host e1b88dc21215
[2023-05-19T22:06:44.729+0000] {warnings.py:110} WARNING - /home/***/.local/lib/python3.7/site-packages/***/utils/context.py:205: AirflowContextDeprecationWarning: Accessing 'execution_date' from the template is deprecated and will be removed in a future version. Please use 'data_interval_start' or 'logical_date' instead.
  warnings.warn(_create_deprecation_warning(key, self._deprecation_replacements[key]))

[2023-05-19T22:06:44.794+0000] {taskinstance.py:1518} INFO - Exporting the following env vars:
AIRFLOW_CTX_DAG_OWNER=***
AIRFLOW_CTX_DAG_ID=scrape_and_save_to_csv
AIRFLOW_CTX_TASK_ID=scrape_teams_17-24
AIRFLOW_CTX_EXECUTION_DATE=2023-05-19T22:06:41.778398+00:00
AIRFLOW_CTX_TRY_NUMBER=1
AIRFLOW_CTX_DAG_RUN_ID=manual__2023-05-19T22:06:41.778398+00:00
[2023-05-19T22:06:46.665+0000] {helpers.py:98} INFO - Milwaukee Bucks: Successfully scraped!
[2023-05-19T22:06:47.659+0000] {helpers.py:98} INFO - Minnesota Timberwolves: Successfully scraped!
[2023-05-19T22:06:48.438+0000] {helpers.py:98} INFO - New Orleans Pelicans: Successfully scraped!
[2023-05-19T22:06:49.229+0000] {helpers.py:98} INFO - New York Knicks: Successfully scraped!
[2023-05-19T22:06:49.963+0000] {helpers.py:98} INFO - Oklahoma City Thunder: Successfully scraped!
[2023-05-19T22:06:50.827+0000] {helpers.py:98} INFO - Orlando Magic: Successfully scraped!
[2023-05-19T22:06:52.695+0000] {helpers.py:98} INFO - Philadelphia 76ers: Successfully scraped!
[2023-05-19T22:06:53.935+0000] {helpers.py:98} INFO - Phoenix Suns: Successfully scraped!
[2023-05-19T22:06:53.943+0000] {helpers.py:113} INFO - Saved in /opt/***/data/output_scrape_teams_17-24.csv
[2023-05-19T22:06:53.945+0000] {python.py:177} INFO - Done. Returned value was: None
[2023-05-19T22:06:53.973+0000] {taskinstance.py:1332} INFO - Marking task as SUCCESS. dag_id=scrape_and_save_to_csv, task_id=scrape_teams_17-24, execution_date=20230519T220641, start_date=20230519T220644, end_date=20230519T220653
[2023-05-19T22:06:54.045+0000] {local_task_job.py:212} INFO - Task exited with return code 0
[2023-05-19T22:06:54.095+0000] {taskinstance.py:2596} INFO - 0 downstream tasks scheduled from follow-on schedule check
