[2023-05-07T03:19:41.908+0000] {taskinstance.py:1090} INFO - Dependencies all met for dep_context=non-requeueable deps ti=<TaskInstance: scrape_and_save_to_csv.scrape_teams_1-8 scheduled__2022-05-01T13:00:00+00:00 [queued]>
[2023-05-07T03:19:41.925+0000] {taskinstance.py:1090} INFO - Dependencies all met for dep_context=requeueable deps ti=<TaskInstance: scrape_and_save_to_csv.scrape_teams_1-8 scheduled__2022-05-01T13:00:00+00:00 [queued]>
[2023-05-07T03:19:41.927+0000] {taskinstance.py:1288} INFO - 
--------------------------------------------------------------------------------
[2023-05-07T03:19:41.928+0000] {taskinstance.py:1289} INFO - Starting attempt 1 of 1
[2023-05-07T03:19:41.929+0000] {taskinstance.py:1290} INFO - 
--------------------------------------------------------------------------------
[2023-05-07T03:19:41.943+0000] {taskinstance.py:1309} INFO - Executing <Task(PythonOperator): scrape_teams_1-8> on 2022-05-01 13:00:00+00:00
[2023-05-07T03:19:41.950+0000] {standard_task_runner.py:55} INFO - Started process 1208 to run task
[2023-05-07T03:19:41.957+0000] {standard_task_runner.py:82} INFO - Running: ['***', 'tasks', 'run', 'scrape_and_save_to_csv', 'scrape_teams_1-8', 'scheduled__2022-05-01T13:00:00+00:00', '--job-id', '2707', '--raw', '--subdir', 'DAGS_FOLDER/scrape_and_push_dag.py', '--cfg-path', '/tmp/tmpxayf6hbr']
[2023-05-07T03:19:41.960+0000] {standard_task_runner.py:83} INFO - Job 2707: Subtask scrape_teams_1-8
[2023-05-07T03:19:42.077+0000] {task_command.py:389} INFO - Running <TaskInstance: scrape_and_save_to_csv.scrape_teams_1-8 scheduled__2022-05-01T13:00:00+00:00 [running]> on host 6589836e9c08
[2023-05-07T03:19:42.196+0000] {taskinstance.py:1518} INFO - Exporting the following env vars:
AIRFLOW_CTX_DAG_OWNER=***
AIRFLOW_CTX_DAG_ID=scrape_and_save_to_csv
AIRFLOW_CTX_TASK_ID=scrape_teams_1-8
AIRFLOW_CTX_EXECUTION_DATE=2022-05-01T13:00:00+00:00
AIRFLOW_CTX_TRY_NUMBER=1
AIRFLOW_CTX_DAG_RUN_ID=scheduled__2022-05-01T13:00:00+00:00
[2023-05-07T03:19:42.199+0000] {taskinstance.py:1776} ERROR - Task failed with exception
Traceback (most recent call last):
  File "/home/airflow/.local/lib/python3.7/site-packages/airflow/operators/python.py", line 175, in execute
    return_value = self.execute_callable()
  File "/home/airflow/.local/lib/python3.7/site-packages/airflow/operators/python.py", line 192, in execute_callable
    return self.python_callable(*self.op_args, **self.op_kwargs)
TypeError: scrape_and_save() missing 1 required positional argument: 'current_date'
[2023-05-07T03:19:42.217+0000] {taskinstance.py:1332} INFO - Marking task as FAILED. dag_id=scrape_and_save_to_csv, task_id=scrape_teams_1-8, execution_date=20220501T130000, start_date=20230507T031941, end_date=20230507T031942
[2023-05-07T03:19:42.232+0000] {standard_task_runner.py:105} ERROR - Failed to execute job 2707 for task scrape_teams_1-8 (scrape_and_save() missing 1 required positional argument: 'current_date'; 1208)
[2023-05-07T03:19:42.251+0000] {local_task_job.py:212} INFO - Task exited with return code 1
[2023-05-07T03:19:42.278+0000] {taskinstance.py:2596} INFO - 0 downstream tasks scheduled from follow-on schedule check
[2023-05-07T03:26:37.691+0000] {taskinstance.py:1090} INFO - Dependencies all met for dep_context=non-requeueable deps ti=<TaskInstance: scrape_and_save_to_csv.scrape_teams_1-8 scheduled__2022-05-01T13:00:00+00:00 [queued]>
[2023-05-07T03:26:37.760+0000] {taskinstance.py:1084} INFO - Dependencies not met for <TaskInstance: scrape_and_save_to_csv.scrape_teams_1-8 scheduled__2022-05-01T13:00:00+00:00 [queued]>, dependency 'Task Instance Slots Available' FAILED: The maximum number of running tasks (3) for this task's DAG 'scrape_and_save_to_csv' has been reached.
[2023-05-07T03:26:37.769+0000] {taskinstance.py:1273} WARNING - 
--------------------------------------------------------------------------------
[2023-05-07T03:26:37.772+0000] {taskinstance.py:1279} WARNING - Rescheduling due to concurrency limits reached at task runtime. Attempt 1 of 1. State set to NONE.
[2023-05-07T03:26:37.774+0000] {taskinstance.py:1281} WARNING - 
--------------------------------------------------------------------------------
[2023-05-07T03:26:37.788+0000] {local_task_job.py:151} INFO - Task is not able to be run
[2023-05-07T03:27:15.941+0000] {taskinstance.py:1090} INFO - Dependencies all met for dep_context=non-requeueable deps ti=<TaskInstance: scrape_and_save_to_csv.scrape_teams_1-8 scheduled__2022-05-01T13:00:00+00:00 [queued]>
[2023-05-07T03:27:15.950+0000] {taskinstance.py:1090} INFO - Dependencies all met for dep_context=requeueable deps ti=<TaskInstance: scrape_and_save_to_csv.scrape_teams_1-8 scheduled__2022-05-01T13:00:00+00:00 [queued]>
[2023-05-07T03:27:15.952+0000] {taskinstance.py:1288} INFO - 
--------------------------------------------------------------------------------
[2023-05-07T03:27:15.954+0000] {taskinstance.py:1289} INFO - Starting attempt 1 of 1
[2023-05-07T03:27:15.955+0000] {taskinstance.py:1290} INFO - 
--------------------------------------------------------------------------------
[2023-05-07T03:27:15.970+0000] {taskinstance.py:1309} INFO - Executing <Task(PythonOperator): scrape_teams_1-8> on 2022-05-01 13:00:00+00:00
[2023-05-07T03:27:15.979+0000] {standard_task_runner.py:55} INFO - Started process 1700 to run task
[2023-05-07T03:27:15.993+0000] {standard_task_runner.py:82} INFO - Running: ['***', 'tasks', 'run', 'scrape_and_save_to_csv', 'scrape_teams_1-8', 'scheduled__2022-05-01T13:00:00+00:00', '--job-id', '2819', '--raw', '--subdir', 'DAGS_FOLDER/scrape_and_push_dag.py', '--cfg-path', '/tmp/tmpkp3dhf7x']
[2023-05-07T03:27:15.998+0000] {standard_task_runner.py:83} INFO - Job 2819: Subtask scrape_teams_1-8
[2023-05-07T03:27:16.138+0000] {task_command.py:389} INFO - Running <TaskInstance: scrape_and_save_to_csv.scrape_teams_1-8 scheduled__2022-05-01T13:00:00+00:00 [running]> on host 6589836e9c08
[2023-05-07T03:27:16.200+0000] {warnings.py:110} WARNING - /home/***/.local/lib/python3.7/site-packages/***/utils/context.py:205: AirflowContextDeprecationWarning: Accessing 'execution_date' from the template is deprecated and will be removed in a future version. Please use 'data_interval_start' or 'logical_date' instead.
  warnings.warn(_create_deprecation_warning(key, self._deprecation_replacements[key]))

[2023-05-07T03:27:16.256+0000] {taskinstance.py:1518} INFO - Exporting the following env vars:
AIRFLOW_CTX_DAG_OWNER=***
AIRFLOW_CTX_DAG_ID=scrape_and_save_to_csv
AIRFLOW_CTX_TASK_ID=scrape_teams_1-8
AIRFLOW_CTX_EXECUTION_DATE=2022-05-01T13:00:00+00:00
AIRFLOW_CTX_TRY_NUMBER=1
AIRFLOW_CTX_DAG_RUN_ID=scheduled__2022-05-01T13:00:00+00:00
[2023-05-07T03:27:16.504+0000] {logging_mixin.py:137} INFO - Expecting value: line 1 column 1 (char 0)
[2023-05-07T03:27:16.506+0000] {helpers.py:92} ERROR - Expecting value: line 1 column 1 (char 0)
[2023-05-07T03:27:16.511+0000] {helpers.py:93} ERROR - Retrying! 9 attempts before skipping!
[2023-05-07T03:27:17.718+0000] {logging_mixin.py:137} INFO - Expecting value: line 1 column 1 (char 0)
[2023-05-07T03:27:17.719+0000] {helpers.py:92} ERROR - Expecting value: line 1 column 1 (char 0)
[2023-05-07T03:27:17.721+0000] {helpers.py:93} ERROR - Retrying! 8 attempts before skipping!
[2023-05-07T03:27:19.089+0000] {logging_mixin.py:137} INFO - Expecting value: line 1 column 1 (char 0)
[2023-05-07T03:27:19.096+0000] {helpers.py:92} ERROR - Expecting value: line 1 column 1 (char 0)
[2023-05-07T03:27:19.097+0000] {helpers.py:93} ERROR - Retrying! 7 attempts before skipping!
[2023-05-07T03:27:20.281+0000] {logging_mixin.py:137} INFO - Expecting value: line 1 column 1 (char 0)
[2023-05-07T03:27:20.285+0000] {helpers.py:92} ERROR - Expecting value: line 1 column 1 (char 0)
[2023-05-07T03:27:20.286+0000] {helpers.py:93} ERROR - Retrying! 6 attempts before skipping!
[2023-05-07T03:27:21.647+0000] {logging_mixin.py:137} INFO - Expecting value: line 1 column 1 (char 0)
[2023-05-07T03:27:21.649+0000] {helpers.py:92} ERROR - Expecting value: line 1 column 1 (char 0)
[2023-05-07T03:27:21.650+0000] {helpers.py:93} ERROR - Retrying! 5 attempts before skipping!
[2023-05-07T03:27:22.814+0000] {logging_mixin.py:137} INFO - Expecting value: line 1 column 1 (char 0)
[2023-05-07T03:27:22.817+0000] {helpers.py:92} ERROR - Expecting value: line 1 column 1 (char 0)
[2023-05-07T03:27:22.820+0000] {helpers.py:93} ERROR - Retrying! 4 attempts before skipping!
[2023-05-07T03:27:24.095+0000] {logging_mixin.py:137} INFO - Expecting value: line 1 column 1 (char 0)
[2023-05-07T03:27:24.097+0000] {helpers.py:92} ERROR - Expecting value: line 1 column 1 (char 0)
[2023-05-07T03:27:24.098+0000] {helpers.py:93} ERROR - Retrying! 3 attempts before skipping!
[2023-05-07T03:27:25.398+0000] {logging_mixin.py:137} INFO - Expecting value: line 1 column 1 (char 0)
[2023-05-07T03:27:25.412+0000] {helpers.py:92} ERROR - Expecting value: line 1 column 1 (char 0)
[2023-05-07T03:27:25.430+0000] {helpers.py:93} ERROR - Retrying! 2 attempts before skipping!
[2023-05-07T03:27:26.227+0000] {local_task_job.py:277} WARNING - State of this instance has been externally set to failed. Terminating instance.
[2023-05-07T03:27:26.242+0000] {process_utils.py:133} INFO - Sending Signals.SIGTERM to group 1700. PIDs of all processes in the group: [1700]
[2023-05-07T03:27:26.244+0000] {process_utils.py:84} INFO - Sending the signal Signals.SIGTERM to group 1700
[2023-05-07T03:27:26.251+0000] {taskinstance.py:1488} ERROR - Received SIGTERM. Terminating subprocesses.
[2023-05-07T03:27:26.384+0000] {process_utils.py:79} INFO - Process psutil.Process(pid=1700, status='terminated', exitcode=0, started='03:27:15') (1700) terminated with exit code 0
[2023-05-07T04:18:19.907+0000] {taskinstance.py:1090} INFO - Dependencies all met for dep_context=non-requeueable deps ti=<TaskInstance: scrape_and_save_to_csv.scrape_teams_1-8 scheduled__2022-05-01T13:00:00+00:00 [queued]>
[2023-05-07T04:18:19.914+0000] {taskinstance.py:1090} INFO - Dependencies all met for dep_context=requeueable deps ti=<TaskInstance: scrape_and_save_to_csv.scrape_teams_1-8 scheduled__2022-05-01T13:00:00+00:00 [queued]>
[2023-05-07T04:18:19.915+0000] {taskinstance.py:1288} INFO - 
--------------------------------------------------------------------------------
[2023-05-07T04:18:19.916+0000] {taskinstance.py:1289} INFO - Starting attempt 1 of 1
[2023-05-07T04:18:19.917+0000] {taskinstance.py:1290} INFO - 
--------------------------------------------------------------------------------
[2023-05-07T04:18:19.925+0000] {taskinstance.py:1309} INFO - Executing <Task(PythonOperator): scrape_teams_1-8> on 2022-05-01 13:00:00+00:00
[2023-05-07T04:18:19.930+0000] {standard_task_runner.py:55} INFO - Started process 886 to run task
[2023-05-07T04:18:19.933+0000] {standard_task_runner.py:82} INFO - Running: ['***', 'tasks', 'run', 'scrape_and_save_to_csv', 'scrape_teams_1-8', 'scheduled__2022-05-01T13:00:00+00:00', '--job-id', '2880', '--raw', '--subdir', 'DAGS_FOLDER/scrape_and_push_dag.py', '--cfg-path', '/tmp/tmpbj9ex1z5']
[2023-05-07T04:18:19.936+0000] {standard_task_runner.py:83} INFO - Job 2880: Subtask scrape_teams_1-8
[2023-05-07T04:18:20.002+0000] {task_command.py:389} INFO - Running <TaskInstance: scrape_and_save_to_csv.scrape_teams_1-8 scheduled__2022-05-01T13:00:00+00:00 [running]> on host 6589836e9c08
[2023-05-07T04:18:20.031+0000] {warnings.py:110} WARNING - /home/***/.local/lib/python3.7/site-packages/***/utils/context.py:205: AirflowContextDeprecationWarning: Accessing 'execution_date' from the template is deprecated and will be removed in a future version. Please use 'data_interval_start' or 'logical_date' instead.
  warnings.warn(_create_deprecation_warning(key, self._deprecation_replacements[key]))

[2023-05-07T04:18:20.063+0000] {taskinstance.py:1518} INFO - Exporting the following env vars:
AIRFLOW_CTX_DAG_OWNER=***
AIRFLOW_CTX_DAG_ID=scrape_and_save_to_csv
AIRFLOW_CTX_TASK_ID=scrape_teams_1-8
AIRFLOW_CTX_EXECUTION_DATE=2022-05-01T13:00:00+00:00
AIRFLOW_CTX_TRY_NUMBER=1
AIRFLOW_CTX_DAG_RUN_ID=scheduled__2022-05-01T13:00:00+00:00
[2023-05-07T04:18:20.387+0000] {logging_mixin.py:137} INFO - Expecting value: line 1 column 1 (char 0)
[2023-05-07T04:18:20.390+0000] {helpers.py:92} ERROR - Expecting value: line 1 column 1 (char 0)
[2023-05-07T04:18:20.392+0000] {helpers.py:93} ERROR - Retrying! 9 attempts before skipping!
[2023-05-07T04:18:21.740+0000] {logging_mixin.py:137} INFO - Expecting value: line 1 column 1 (char 0)
[2023-05-07T04:18:21.742+0000] {helpers.py:92} ERROR - Expecting value: line 1 column 1 (char 0)
[2023-05-07T04:18:21.743+0000] {helpers.py:93} ERROR - Retrying! 8 attempts before skipping!
[2023-05-07T04:18:22.893+0000] {logging_mixin.py:137} INFO - Expecting value: line 1 column 1 (char 0)
[2023-05-07T04:18:22.894+0000] {helpers.py:92} ERROR - Expecting value: line 1 column 1 (char 0)
[2023-05-07T04:18:22.896+0000] {helpers.py:93} ERROR - Retrying! 7 attempts before skipping!
[2023-05-07T04:18:24.044+0000] {logging_mixin.py:137} INFO - Expecting value: line 1 column 1 (char 0)
[2023-05-07T04:18:24.050+0000] {helpers.py:92} ERROR - Expecting value: line 1 column 1 (char 0)
[2023-05-07T04:18:24.051+0000] {helpers.py:93} ERROR - Retrying! 6 attempts before skipping!
[2023-05-07T04:18:25.294+0000] {logging_mixin.py:137} INFO - Expecting value: line 1 column 1 (char 0)
[2023-05-07T04:18:25.295+0000] {helpers.py:92} ERROR - Expecting value: line 1 column 1 (char 0)
[2023-05-07T04:18:25.296+0000] {helpers.py:93} ERROR - Retrying! 5 attempts before skipping!
[2023-05-07T04:18:26.535+0000] {logging_mixin.py:137} INFO - Expecting value: line 1 column 1 (char 0)
[2023-05-07T04:18:26.536+0000] {helpers.py:92} ERROR - Expecting value: line 1 column 1 (char 0)
[2023-05-07T04:18:26.537+0000] {helpers.py:93} ERROR - Retrying! 4 attempts before skipping!
[2023-05-07T04:18:27.827+0000] {logging_mixin.py:137} INFO - Expecting value: line 1 column 1 (char 0)
[2023-05-07T04:18:27.829+0000] {helpers.py:92} ERROR - Expecting value: line 1 column 1 (char 0)
[2023-05-07T04:18:27.830+0000] {helpers.py:93} ERROR - Retrying! 3 attempts before skipping!
[2023-05-07T04:18:29.089+0000] {logging_mixin.py:137} INFO - Expecting value: line 1 column 1 (char 0)
[2023-05-07T04:18:29.090+0000] {helpers.py:92} ERROR - Expecting value: line 1 column 1 (char 0)
[2023-05-07T04:18:29.091+0000] {helpers.py:93} ERROR - Retrying! 2 attempts before skipping!
[2023-05-07T04:18:30.351+0000] {logging_mixin.py:137} INFO - Expecting value: line 1 column 1 (char 0)
[2023-05-07T04:18:30.352+0000] {helpers.py:92} ERROR - Expecting value: line 1 column 1 (char 0)
[2023-05-07T04:18:30.354+0000] {helpers.py:93} ERROR - Retrying! 1 attempts before skipping!
[2023-05-07T04:18:31.687+0000] {logging_mixin.py:137} INFO - Expecting value: line 1 column 1 (char 0)
[2023-05-07T04:18:31.689+0000] {helpers.py:92} ERROR - Expecting value: line 1 column 1 (char 0)
[2023-05-07T04:18:31.690+0000] {helpers.py:93} ERROR - Retrying! 0 attempts before skipping!
[2023-05-07T04:18:32.838+0000] {logging_mixin.py:137} INFO - Expecting value: line 1 column 1 (char 0)
[2023-05-07T04:18:32.841+0000] {helpers.py:92} ERROR - Expecting value: line 1 column 1 (char 0)
[2023-05-07T04:18:32.842+0000] {helpers.py:93} ERROR - Retrying! -1 attempts before skipping!
[2023-05-07T04:18:34.204+0000] {logging_mixin.py:137} INFO - Expecting value: line 1 column 1 (char 0)
[2023-05-07T04:18:34.207+0000] {helpers.py:92} ERROR - Expecting value: line 1 column 1 (char 0)
[2023-05-07T04:18:34.209+0000] {helpers.py:93} ERROR - Retrying! 9 attempts before skipping!
[2023-05-07T04:18:35.571+0000] {logging_mixin.py:137} INFO - Expecting value: line 1 column 1 (char 0)
[2023-05-07T04:18:35.572+0000] {helpers.py:92} ERROR - Expecting value: line 1 column 1 (char 0)
[2023-05-07T04:18:35.573+0000] {helpers.py:93} ERROR - Retrying! 8 attempts before skipping!
[2023-05-07T04:18:36.721+0000] {logging_mixin.py:137} INFO - Expecting value: line 1 column 1 (char 0)
[2023-05-07T04:18:36.723+0000] {helpers.py:92} ERROR - Expecting value: line 1 column 1 (char 0)
[2023-05-07T04:18:36.724+0000] {helpers.py:93} ERROR - Retrying! 7 attempts before skipping!
[2023-05-07T04:18:37.879+0000] {logging_mixin.py:137} INFO - Expecting value: line 1 column 1 (char 0)
[2023-05-07T04:18:37.880+0000] {helpers.py:92} ERROR - Expecting value: line 1 column 1 (char 0)
[2023-05-07T04:18:37.882+0000] {helpers.py:93} ERROR - Retrying! 6 attempts before skipping!
[2023-05-07T04:18:39.199+0000] {logging_mixin.py:137} INFO - Expecting value: line 1 column 1 (char 0)
[2023-05-07T04:18:39.200+0000] {helpers.py:92} ERROR - Expecting value: line 1 column 1 (char 0)
[2023-05-07T04:18:39.201+0000] {helpers.py:93} ERROR - Retrying! 5 attempts before skipping!
[2023-05-07T04:18:40.357+0000] {logging_mixin.py:137} INFO - Expecting value: line 1 column 1 (char 0)
[2023-05-07T04:18:40.358+0000] {helpers.py:92} ERROR - Expecting value: line 1 column 1 (char 0)
[2023-05-07T04:18:40.359+0000] {helpers.py:93} ERROR - Retrying! 4 attempts before skipping!
[2023-05-07T04:18:42.761+0000] {logging_mixin.py:137} INFO - Expecting value: line 1 column 1 (char 0)
[2023-05-07T04:18:42.769+0000] {helpers.py:92} ERROR - Expecting value: line 1 column 1 (char 0)
[2023-05-07T04:18:42.771+0000] {helpers.py:93} ERROR - Retrying! 3 attempts before skipping!
[2023-05-07T04:18:44.100+0000] {logging_mixin.py:137} INFO - Expecting value: line 1 column 1 (char 0)
[2023-05-07T04:18:44.104+0000] {helpers.py:92} ERROR - Expecting value: line 1 column 1 (char 0)
[2023-05-07T04:18:44.106+0000] {helpers.py:93} ERROR - Retrying! 2 attempts before skipping!
[2023-05-07T04:18:45.385+0000] {logging_mixin.py:137} INFO - Expecting value: line 1 column 1 (char 0)
[2023-05-07T04:18:45.407+0000] {helpers.py:92} ERROR - Expecting value: line 1 column 1 (char 0)
[2023-05-07T04:18:45.456+0000] {helpers.py:93} ERROR - Retrying! 1 attempts before skipping!
[2023-05-07T04:18:46.730+0000] {logging_mixin.py:137} INFO - Expecting value: line 1 column 1 (char 0)
[2023-05-07T04:18:46.733+0000] {helpers.py:92} ERROR - Expecting value: line 1 column 1 (char 0)
[2023-05-07T04:18:46.769+0000] {helpers.py:93} ERROR - Retrying! 0 attempts before skipping!
[2023-05-07T04:18:48.006+0000] {logging_mixin.py:137} INFO - Expecting value: line 1 column 1 (char 0)
[2023-05-07T04:18:48.011+0000] {helpers.py:92} ERROR - Expecting value: line 1 column 1 (char 0)
[2023-05-07T04:18:48.021+0000] {helpers.py:93} ERROR - Retrying! -1 attempts before skipping!
[2023-05-07T04:18:49.388+0000] {logging_mixin.py:137} INFO - Expecting value: line 1 column 1 (char 0)
[2023-05-07T04:18:49.392+0000] {helpers.py:92} ERROR - Expecting value: line 1 column 1 (char 0)
[2023-05-07T04:18:49.394+0000] {helpers.py:93} ERROR - Retrying! 9 attempts before skipping!
[2023-05-07T04:18:50.729+0000] {logging_mixin.py:137} INFO - Expecting value: line 1 column 1 (char 0)
[2023-05-07T04:18:50.730+0000] {helpers.py:92} ERROR - Expecting value: line 1 column 1 (char 0)
[2023-05-07T04:18:50.731+0000] {helpers.py:93} ERROR - Retrying! 8 attempts before skipping!
[2023-05-07T04:18:52.067+0000] {logging_mixin.py:137} INFO - Expecting value: line 1 column 1 (char 0)
[2023-05-07T04:18:52.069+0000] {helpers.py:92} ERROR - Expecting value: line 1 column 1 (char 0)
[2023-05-07T04:18:52.071+0000] {helpers.py:93} ERROR - Retrying! 7 attempts before skipping!
[2023-05-07T04:18:53.370+0000] {logging_mixin.py:137} INFO - Expecting value: line 1 column 1 (char 0)
[2023-05-07T04:18:53.371+0000] {helpers.py:92} ERROR - Expecting value: line 1 column 1 (char 0)
[2023-05-07T04:18:53.373+0000] {helpers.py:93} ERROR - Retrying! 6 attempts before skipping!
[2023-05-07T04:18:54.527+0000] {logging_mixin.py:137} INFO - Expecting value: line 1 column 1 (char 0)
[2023-05-07T04:18:54.558+0000] {helpers.py:92} ERROR - Expecting value: line 1 column 1 (char 0)
[2023-05-07T04:18:54.559+0000] {helpers.py:93} ERROR - Retrying! 5 attempts before skipping!
[2023-05-07T04:18:55.723+0000] {logging_mixin.py:137} INFO - Expecting value: line 1 column 1 (char 0)
[2023-05-07T04:18:55.726+0000] {helpers.py:92} ERROR - Expecting value: line 1 column 1 (char 0)
[2023-05-07T04:18:55.729+0000] {helpers.py:93} ERROR - Retrying! 4 attempts before skipping!
[2023-05-07T04:18:57.082+0000] {logging_mixin.py:137} INFO - Expecting value: line 1 column 1 (char 0)
[2023-05-07T04:18:57.084+0000] {helpers.py:92} ERROR - Expecting value: line 1 column 1 (char 0)
[2023-05-07T04:18:57.087+0000] {helpers.py:93} ERROR - Retrying! 3 attempts before skipping!
[2023-05-07T04:18:58.391+0000] {logging_mixin.py:137} INFO - Expecting value: line 1 column 1 (char 0)
[2023-05-07T04:18:58.393+0000] {helpers.py:92} ERROR - Expecting value: line 1 column 1 (char 0)
[2023-05-07T04:18:58.395+0000] {helpers.py:93} ERROR - Retrying! 2 attempts before skipping!
[2023-05-07T04:18:59.705+0000] {logging_mixin.py:137} INFO - Expecting value: line 1 column 1 (char 0)
[2023-05-07T04:18:59.706+0000] {helpers.py:92} ERROR - Expecting value: line 1 column 1 (char 0)
[2023-05-07T04:18:59.708+0000] {helpers.py:93} ERROR - Retrying! 1 attempts before skipping!
[2023-05-07T04:19:00.903+0000] {logging_mixin.py:137} INFO - Expecting value: line 1 column 1 (char 0)
[2023-05-07T04:19:00.905+0000] {helpers.py:92} ERROR - Expecting value: line 1 column 1 (char 0)
[2023-05-07T04:19:00.907+0000] {helpers.py:93} ERROR - Retrying! 0 attempts before skipping!
[2023-05-07T04:19:02.195+0000] {logging_mixin.py:137} INFO - Expecting value: line 1 column 1 (char 0)
[2023-05-07T04:19:02.197+0000] {helpers.py:92} ERROR - Expecting value: line 1 column 1 (char 0)
[2023-05-07T04:19:02.210+0000] {helpers.py:93} ERROR - Retrying! -1 attempts before skipping!
[2023-05-07T04:19:03.627+0000] {logging_mixin.py:137} INFO - Expecting value: line 1 column 1 (char 0)
[2023-05-07T04:19:03.629+0000] {helpers.py:92} ERROR - Expecting value: line 1 column 1 (char 0)
[2023-05-07T04:19:03.631+0000] {helpers.py:93} ERROR - Retrying! 9 attempts before skipping!
[2023-05-07T04:19:05.009+0000] {logging_mixin.py:137} INFO - Expecting value: line 1 column 1 (char 0)
[2023-05-07T04:19:05.010+0000] {helpers.py:92} ERROR - Expecting value: line 1 column 1 (char 0)
[2023-05-07T04:19:05.011+0000] {helpers.py:93} ERROR - Retrying! 8 attempts before skipping!
[2023-05-07T04:19:06.393+0000] {logging_mixin.py:137} INFO - Expecting value: line 1 column 1 (char 0)
[2023-05-07T04:19:06.407+0000] {helpers.py:92} ERROR - Expecting value: line 1 column 1 (char 0)
[2023-05-07T04:19:06.408+0000] {helpers.py:93} ERROR - Retrying! 7 attempts before skipping!
[2023-05-07T04:19:07.763+0000] {logging_mixin.py:137} INFO - Expecting value: line 1 column 1 (char 0)
[2023-05-07T04:19:07.767+0000] {helpers.py:92} ERROR - Expecting value: line 1 column 1 (char 0)
[2023-05-07T04:19:07.770+0000] {helpers.py:93} ERROR - Retrying! 6 attempts before skipping!
[2023-05-07T04:19:08.929+0000] {logging_mixin.py:137} INFO - Expecting value: line 1 column 1 (char 0)
[2023-05-07T04:19:08.930+0000] {helpers.py:92} ERROR - Expecting value: line 1 column 1 (char 0)
[2023-05-07T04:19:08.931+0000] {helpers.py:93} ERROR - Retrying! 5 attempts before skipping!
[2023-05-07T04:19:10.372+0000] {helpers.py:86} INFO - Charlotte Hornets: Successfully scraped!
[2023-05-07T04:19:10.654+0000] {logging_mixin.py:137} INFO - Expecting value: line 1 column 1 (char 0)
[2023-05-07T04:19:10.655+0000] {helpers.py:92} ERROR - Expecting value: line 1 column 1 (char 0)
[2023-05-07T04:19:10.656+0000] {helpers.py:93} ERROR - Retrying! 9 attempts before skipping!
[2023-05-07T04:19:11.817+0000] {logging_mixin.py:137} INFO - Expecting value: line 1 column 1 (char 0)
[2023-05-07T04:19:11.840+0000] {helpers.py:92} ERROR - Expecting value: line 1 column 1 (char 0)
[2023-05-07T04:19:11.842+0000] {helpers.py:93} ERROR - Retrying! 8 attempts before skipping!
[2023-05-07T04:19:13.332+0000] {logging_mixin.py:137} INFO - Expecting value: line 1 column 1 (char 0)
[2023-05-07T04:19:13.334+0000] {helpers.py:92} ERROR - Expecting value: line 1 column 1 (char 0)
[2023-05-07T04:19:13.335+0000] {helpers.py:93} ERROR - Retrying! 7 attempts before skipping!
[2023-05-07T04:19:14.782+0000] {logging_mixin.py:137} INFO - Expecting value: line 1 column 1 (char 0)
[2023-05-07T04:19:14.789+0000] {helpers.py:92} ERROR - Expecting value: line 1 column 1 (char 0)
[2023-05-07T04:19:14.795+0000] {helpers.py:93} ERROR - Retrying! 6 attempts before skipping!
[2023-05-07T04:19:15.965+0000] {logging_mixin.py:137} INFO - Expecting value: line 1 column 1 (char 0)
[2023-05-07T04:19:15.968+0000] {helpers.py:92} ERROR - Expecting value: line 1 column 1 (char 0)
[2023-05-07T04:19:15.969+0000] {helpers.py:93} ERROR - Retrying! 5 attempts before skipping!
[2023-05-07T04:19:17.181+0000] {logging_mixin.py:137} INFO - Expecting value: line 1 column 1 (char 0)
[2023-05-07T04:19:17.210+0000] {helpers.py:92} ERROR - Expecting value: line 1 column 1 (char 0)
[2023-05-07T04:19:17.211+0000] {helpers.py:93} ERROR - Retrying! 4 attempts before skipping!
[2023-05-07T04:19:18.714+0000] {logging_mixin.py:137} INFO - Expecting value: line 1 column 1 (char 0)
[2023-05-07T04:19:18.716+0000] {helpers.py:92} ERROR - Expecting value: line 1 column 1 (char 0)
[2023-05-07T04:19:18.717+0000] {helpers.py:93} ERROR - Retrying! 3 attempts before skipping!
[2023-05-07T04:19:19.906+0000] {logging_mixin.py:137} INFO - Expecting value: line 1 column 1 (char 0)
[2023-05-07T04:19:19.909+0000] {helpers.py:92} ERROR - Expecting value: line 1 column 1 (char 0)
[2023-05-07T04:19:19.912+0000] {helpers.py:93} ERROR - Retrying! 2 attempts before skipping!
[2023-05-07T04:19:21.347+0000] {logging_mixin.py:137} INFO - Expecting value: line 1 column 1 (char 0)
[2023-05-07T04:19:21.355+0000] {helpers.py:92} ERROR - Expecting value: line 1 column 1 (char 0)
[2023-05-07T04:19:21.357+0000] {helpers.py:93} ERROR - Retrying! 1 attempts before skipping!
[2023-05-07T04:19:22.552+0000] {logging_mixin.py:137} INFO - Expecting value: line 1 column 1 (char 0)
[2023-05-07T04:19:22.554+0000] {helpers.py:92} ERROR - Expecting value: line 1 column 1 (char 0)
[2023-05-07T04:19:22.558+0000] {helpers.py:93} ERROR - Retrying! 0 attempts before skipping!
[2023-05-07T04:19:23.898+0000] {logging_mixin.py:137} INFO - Expecting value: line 1 column 1 (char 0)
[2023-05-07T04:19:23.899+0000] {helpers.py:92} ERROR - Expecting value: line 1 column 1 (char 0)
[2023-05-07T04:19:23.900+0000] {helpers.py:93} ERROR - Retrying! -1 attempts before skipping!
[2023-05-07T04:19:25.733+0000] {helpers.py:86} INFO - Cleveland Cavaliers: Successfully scraped!
[2023-05-07T04:19:26.054+0000] {logging_mixin.py:137} INFO - Expecting value: line 1 column 1 (char 0)
[2023-05-07T04:19:26.055+0000] {helpers.py:92} ERROR - Expecting value: line 1 column 1 (char 0)
[2023-05-07T04:19:26.055+0000] {helpers.py:93} ERROR - Retrying! 9 attempts before skipping!
[2023-05-07T04:19:27.535+0000] {logging_mixin.py:137} INFO - Expecting value: line 1 column 1 (char 0)
[2023-05-07T04:19:27.541+0000] {helpers.py:92} ERROR - Expecting value: line 1 column 1 (char 0)
[2023-05-07T04:19:27.543+0000] {helpers.py:93} ERROR - Retrying! 8 attempts before skipping!
[2023-05-07T04:19:28.852+0000] {logging_mixin.py:137} INFO - Expecting value: line 1 column 1 (char 0)
[2023-05-07T04:19:28.854+0000] {helpers.py:92} ERROR - Expecting value: line 1 column 1 (char 0)
[2023-05-07T04:19:28.855+0000] {helpers.py:93} ERROR - Retrying! 7 attempts before skipping!
[2023-05-07T04:19:30.211+0000] {logging_mixin.py:137} INFO - Expecting value: line 1 column 1 (char 0)
[2023-05-07T04:19:30.215+0000] {helpers.py:92} ERROR - Expecting value: line 1 column 1 (char 0)
[2023-05-07T04:19:30.218+0000] {helpers.py:93} ERROR - Retrying! 6 attempts before skipping!
[2023-05-07T04:19:31.720+0000] {logging_mixin.py:137} INFO - Expecting value: line 1 column 1 (char 0)
[2023-05-07T04:19:31.721+0000] {helpers.py:92} ERROR - Expecting value: line 1 column 1 (char 0)
[2023-05-07T04:19:31.722+0000] {helpers.py:93} ERROR - Retrying! 5 attempts before skipping!
[2023-05-07T04:19:33.048+0000] {logging_mixin.py:137} INFO - Expecting value: line 1 column 1 (char 0)
[2023-05-07T04:19:33.050+0000] {helpers.py:92} ERROR - Expecting value: line 1 column 1 (char 0)
[2023-05-07T04:19:33.050+0000] {helpers.py:93} ERROR - Retrying! 4 attempts before skipping!
[2023-05-07T04:19:34.692+0000] {logging_mixin.py:137} INFO - Expecting value: line 1 column 1 (char 0)
[2023-05-07T04:19:34.694+0000] {helpers.py:92} ERROR - Expecting value: line 1 column 1 (char 0)
[2023-05-07T04:19:34.695+0000] {helpers.py:93} ERROR - Retrying! 3 attempts before skipping!
[2023-05-07T04:19:35.897+0000] {logging_mixin.py:137} INFO - Expecting value: line 1 column 1 (char 0)
[2023-05-07T04:19:35.898+0000] {helpers.py:92} ERROR - Expecting value: line 1 column 1 (char 0)
[2023-05-07T04:19:35.908+0000] {helpers.py:93} ERROR - Retrying! 2 attempts before skipping!
[2023-05-07T04:19:37.446+0000] {logging_mixin.py:137} INFO - Expecting value: line 1 column 1 (char 0)
[2023-05-07T04:19:37.448+0000] {helpers.py:92} ERROR - Expecting value: line 1 column 1 (char 0)
[2023-05-07T04:19:37.450+0000] {helpers.py:93} ERROR - Retrying! 1 attempts before skipping!
[2023-05-07T04:19:38.653+0000] {logging_mixin.py:137} INFO - Expecting value: line 1 column 1 (char 0)
[2023-05-07T04:19:38.654+0000] {helpers.py:92} ERROR - Expecting value: line 1 column 1 (char 0)
[2023-05-07T04:19:38.655+0000] {helpers.py:93} ERROR - Retrying! 0 attempts before skipping!
[2023-05-07T04:19:39.847+0000] {logging_mixin.py:137} INFO - Expecting value: line 1 column 1 (char 0)
[2023-05-07T04:19:39.848+0000] {helpers.py:92} ERROR - Expecting value: line 1 column 1 (char 0)
[2023-05-07T04:19:39.856+0000] {helpers.py:93} ERROR - Retrying! -1 attempts before skipping!
[2023-05-07T04:19:41.156+0000] {logging_mixin.py:137} INFO - Expecting value: line 1 column 1 (char 0)
[2023-05-07T04:19:41.157+0000] {helpers.py:92} ERROR - Expecting value: line 1 column 1 (char 0)
[2023-05-07T04:19:41.158+0000] {helpers.py:93} ERROR - Retrying! 9 attempts before skipping!
[2023-05-07T04:19:42.500+0000] {logging_mixin.py:137} INFO - Expecting value: line 1 column 1 (char 0)
[2023-05-07T04:19:42.503+0000] {helpers.py:92} ERROR - Expecting value: line 1 column 1 (char 0)
[2023-05-07T04:19:42.552+0000] {helpers.py:93} ERROR - Retrying! 8 attempts before skipping!
[2023-05-07T04:19:44.054+0000] {logging_mixin.py:137} INFO - Expecting value: line 1 column 1 (char 0)
[2023-05-07T04:19:44.059+0000] {helpers.py:92} ERROR - Expecting value: line 1 column 1 (char 0)
[2023-05-07T04:19:44.062+0000] {helpers.py:93} ERROR - Retrying! 7 attempts before skipping!
[2023-05-07T04:19:45.457+0000] {logging_mixin.py:137} INFO - Expecting value: line 1 column 1 (char 0)
[2023-05-07T04:19:45.459+0000] {helpers.py:92} ERROR - Expecting value: line 1 column 1 (char 0)
[2023-05-07T04:19:45.462+0000] {helpers.py:93} ERROR - Retrying! 6 attempts before skipping!
[2023-05-07T04:19:46.885+0000] {logging_mixin.py:137} INFO - Expecting value: line 1 column 1 (char 0)
[2023-05-07T04:19:46.888+0000] {helpers.py:92} ERROR - Expecting value: line 1 column 1 (char 0)
[2023-05-07T04:19:46.890+0000] {helpers.py:93} ERROR - Retrying! 5 attempts before skipping!
[2023-05-07T04:19:48.237+0000] {logging_mixin.py:137} INFO - Expecting value: line 1 column 1 (char 0)
[2023-05-07T04:19:48.290+0000] {helpers.py:92} ERROR - Expecting value: line 1 column 1 (char 0)
[2023-05-07T04:19:48.307+0000] {helpers.py:93} ERROR - Retrying! 4 attempts before skipping!
[2023-05-07T04:19:49.497+0000] {logging_mixin.py:137} INFO - Expecting value: line 1 column 1 (char 0)
[2023-05-07T04:19:49.505+0000] {helpers.py:92} ERROR - Expecting value: line 1 column 1 (char 0)
[2023-05-07T04:19:49.506+0000] {helpers.py:93} ERROR - Retrying! 3 attempts before skipping!
[2023-05-07T04:19:50.796+0000] {logging_mixin.py:137} INFO - Expecting value: line 1 column 1 (char 0)
[2023-05-07T04:19:50.798+0000] {helpers.py:92} ERROR - Expecting value: line 1 column 1 (char 0)
[2023-05-07T04:19:50.801+0000] {helpers.py:93} ERROR - Retrying! 2 attempts before skipping!
[2023-05-07T04:19:51.954+0000] {logging_mixin.py:137} INFO - Expecting value: line 1 column 1 (char 0)
[2023-05-07T04:19:51.955+0000] {helpers.py:92} ERROR - Expecting value: line 1 column 1 (char 0)
[2023-05-07T04:19:51.956+0000] {helpers.py:93} ERROR - Retrying! 1 attempts before skipping!
[2023-05-07T04:19:53.103+0000] {logging_mixin.py:137} INFO - Expecting value: line 1 column 1 (char 0)
[2023-05-07T04:19:53.104+0000] {helpers.py:92} ERROR - Expecting value: line 1 column 1 (char 0)
[2023-05-07T04:19:53.106+0000] {helpers.py:93} ERROR - Retrying! 0 attempts before skipping!
[2023-05-07T04:19:54.367+0000] {logging_mixin.py:137} INFO - Expecting value: line 1 column 1 (char 0)
[2023-05-07T04:19:54.368+0000] {helpers.py:92} ERROR - Expecting value: line 1 column 1 (char 0)
[2023-05-07T04:19:54.369+0000] {helpers.py:93} ERROR - Retrying! -1 attempts before skipping!
[2023-05-07T04:19:55.376+0000] {helpers.py:102} INFO - Saved in /opt/***/data/output_scrape_teams_1-8.csv
[2023-05-07T04:19:55.377+0000] {python.py:177} INFO - Done. Returned value was: None
[2023-05-07T04:19:55.397+0000] {taskinstance.py:1332} INFO - Marking task as SUCCESS. dag_id=scrape_and_save_to_csv, task_id=scrape_teams_1-8, execution_date=20220501T130000, start_date=20230507T041819, end_date=20230507T041955
[2023-05-07T04:19:55.453+0000] {local_task_job.py:212} INFO - Task exited with return code 0
[2023-05-07T04:19:55.477+0000] {taskinstance.py:2596} INFO - 0 downstream tasks scheduled from follow-on schedule check
[2023-05-07T05:34:41.454+0000] {taskinstance.py:1090} INFO - Dependencies all met for dep_context=non-requeueable deps ti=<TaskInstance: scrape_and_save_to_csv.scrape_teams_1-8 scheduled__2022-05-01T13:00:00+00:00 [queued]>
[2023-05-07T05:34:41.464+0000] {taskinstance.py:1090} INFO - Dependencies all met for dep_context=requeueable deps ti=<TaskInstance: scrape_and_save_to_csv.scrape_teams_1-8 scheduled__2022-05-01T13:00:00+00:00 [queued]>
[2023-05-07T05:34:41.465+0000] {taskinstance.py:1288} INFO - 
--------------------------------------------------------------------------------
[2023-05-07T05:34:41.467+0000] {taskinstance.py:1289} INFO - Starting attempt 1 of 1
[2023-05-07T05:34:41.468+0000] {taskinstance.py:1290} INFO - 
--------------------------------------------------------------------------------
[2023-05-07T05:34:41.480+0000] {taskinstance.py:1309} INFO - Executing <Task(PythonOperator): scrape_teams_1-8> on 2022-05-01 13:00:00+00:00
[2023-05-07T05:34:41.493+0000] {standard_task_runner.py:55} INFO - Started process 2766 to run task
[2023-05-07T05:34:41.499+0000] {standard_task_runner.py:82} INFO - Running: ['***', 'tasks', 'run', 'scrape_and_save_to_csv', 'scrape_teams_1-8', 'scheduled__2022-05-01T13:00:00+00:00', '--job-id', '2958', '--raw', '--subdir', 'DAGS_FOLDER/scrape_and_push_dag.py', '--cfg-path', '/tmp/tmpubvg1c2s']
[2023-05-07T05:34:41.503+0000] {standard_task_runner.py:83} INFO - Job 2958: Subtask scrape_teams_1-8
[2023-05-07T05:34:41.596+0000] {task_command.py:389} INFO - Running <TaskInstance: scrape_and_save_to_csv.scrape_teams_1-8 scheduled__2022-05-01T13:00:00+00:00 [running]> on host 6589836e9c08
[2023-05-07T05:34:41.637+0000] {warnings.py:110} WARNING - /home/***/.local/lib/python3.7/site-packages/***/utils/context.py:205: AirflowContextDeprecationWarning: Accessing 'execution_date' from the template is deprecated and will be removed in a future version. Please use 'data_interval_start' or 'logical_date' instead.
  warnings.warn(_create_deprecation_warning(key, self._deprecation_replacements[key]))

[2023-05-07T05:34:41.677+0000] {taskinstance.py:1518} INFO - Exporting the following env vars:
AIRFLOW_CTX_DAG_OWNER=***
AIRFLOW_CTX_DAG_ID=scrape_and_save_to_csv
AIRFLOW_CTX_TASK_ID=scrape_teams_1-8
AIRFLOW_CTX_EXECUTION_DATE=2022-05-01T13:00:00+00:00
AIRFLOW_CTX_TRY_NUMBER=1
AIRFLOW_CTX_DAG_RUN_ID=scheduled__2022-05-01T13:00:00+00:00
[2023-05-07T05:34:42.210+0000] {helpers.py:86} INFO - Atlanta Hawks: Successfully scraped!
[2023-05-07T05:34:42.945+0000] {warnings.py:110} WARNING - /home/***/.local/lib/python3.7/site-packages/***/utils/context.py:313: AirflowContextDeprecationWarning: Accessing 'execution_date' from the template is deprecated and will be removed in a future version. Please use 'data_interval_start' or 'logical_date' instead.
  warnings.warn(_create_deprecation_warning(k, replacements))

[2023-05-07T05:34:42.959+0000] {helpers.py:86} INFO - Boston Celtics: Successfully scraped!
[2023-05-07T05:34:44.020+0000] {helpers.py:86} INFO - Brooklyn Nets: Successfully scraped!
[2023-05-07T05:34:45.051+0000] {logging_mixin.py:137} INFO - ('Connection aborted.', RemoteDisconnected('Remote end closed connection without response'))
[2023-05-07T06:38:41.592+0000] {helpers.py:92} ERROR - ('Connection aborted.', RemoteDisconnected('Remote end closed connection without response'))
[2023-05-07T06:38:41.596+0000] {helpers.py:93} ERROR - Retrying! 9 attempts before skipping!
[2023-05-07T06:38:43.629+0000] {helpers.py:86} INFO - Charlotte Hornets: Successfully scraped!
[2023-05-07T06:38:44.480+0000] {helpers.py:86} INFO - Chicago Bulls: Successfully scraped!
[2023-05-07T06:57:09.915+0000] {local_task_job.py:277} WARNING - State of this instance has been externally set to failed. Terminating instance.
[2023-05-07T06:57:09.921+0000] {process_utils.py:133} INFO - Sending Signals.SIGTERM to group 2766. PIDs of all processes in the group: [2766]
[2023-05-07T06:57:09.922+0000] {process_utils.py:84} INFO - Sending the signal Signals.SIGTERM to group 2766
[2023-05-07T06:57:09.923+0000] {taskinstance.py:1488} ERROR - Received SIGTERM. Terminating subprocesses.
[2023-05-07T06:57:09.928+0000] {logging_mixin.py:137} INFO - Task received SIGTERM signal
[2023-05-07T06:57:09.929+0000] {helpers.py:92} ERROR - Task received SIGTERM signal
[2023-05-07T06:57:09.929+0000] {helpers.py:93} ERROR - Retrying! 9 attempts before skipping!
[2023-05-07T06:57:11.645+0000] {helpers.py:86} INFO - Cleveland Cavaliers: Successfully scraped!
[2023-05-07T06:57:12.151+0000] {helpers.py:86} INFO - Dallas Mavericks: Successfully scraped!
[2023-05-07T06:57:12.744+0000] {helpers.py:86} INFO - Denver Nuggets: Successfully scraped!
[2023-05-07T06:57:12.756+0000] {helpers.py:102} INFO - Saved in /opt/***/data/output_scrape_teams_1-8.csv
[2023-05-07T06:57:12.784+0000] {python.py:177} INFO - Done. Returned value was: None
[2023-05-07T06:57:12.809+0000] {taskinstance.py:1332} INFO - Marking task as SUCCESS. dag_id=scrape_and_save_to_csv, task_id=scrape_teams_1-8, execution_date=20220501T130000, start_date=20230507T053441, end_date=20230507T065712
[2023-05-07T06:57:12.890+0000] {process_utils.py:79} INFO - Process psutil.Process(pid=2766, status='terminated', exitcode=0, started='05:34:40') (2766) terminated with exit code 0
[2023-05-07T15:48:56.999+0000] {taskinstance.py:1090} INFO - Dependencies all met for dep_context=non-requeueable deps ti=<TaskInstance: scrape_and_save_to_csv.scrape_teams_1-8 scheduled__2022-05-01T13:00:00+00:00 [queued]>
[2023-05-07T15:48:57.008+0000] {taskinstance.py:1090} INFO - Dependencies all met for dep_context=requeueable deps ti=<TaskInstance: scrape_and_save_to_csv.scrape_teams_1-8 scheduled__2022-05-01T13:00:00+00:00 [queued]>
[2023-05-07T15:48:57.014+0000] {taskinstance.py:1288} INFO - 
--------------------------------------------------------------------------------
[2023-05-07T15:48:57.015+0000] {taskinstance.py:1289} INFO - Starting attempt 1 of 1
[2023-05-07T15:48:57.016+0000] {taskinstance.py:1290} INFO - 
--------------------------------------------------------------------------------
[2023-05-07T15:48:57.036+0000] {taskinstance.py:1309} INFO - Executing <Task(PythonOperator): scrape_teams_1-8> on 2022-05-01 13:00:00+00:00
[2023-05-07T15:48:57.047+0000] {standard_task_runner.py:55} INFO - Started process 4163 to run task
[2023-05-07T15:48:57.054+0000] {standard_task_runner.py:82} INFO - Running: ['***', 'tasks', 'run', 'scrape_and_save_to_csv', 'scrape_teams_1-8', 'scheduled__2022-05-01T13:00:00+00:00', '--job-id', '3041', '--raw', '--subdir', 'DAGS_FOLDER/scrape_and_push_dag.py', '--cfg-path', '/tmp/tmp8i0j2h31']
[2023-05-07T15:48:57.058+0000] {standard_task_runner.py:83} INFO - Job 3041: Subtask scrape_teams_1-8
[2023-05-07T15:48:57.228+0000] {task_command.py:389} INFO - Running <TaskInstance: scrape_and_save_to_csv.scrape_teams_1-8 scheduled__2022-05-01T13:00:00+00:00 [running]> on host 6589836e9c08
[2023-05-07T15:48:57.279+0000] {warnings.py:110} WARNING - /home/***/.local/lib/python3.7/site-packages/***/utils/context.py:205: AirflowContextDeprecationWarning: Accessing 'execution_date' from the template is deprecated and will be removed in a future version. Please use 'data_interval_start' or 'logical_date' instead.
  warnings.warn(_create_deprecation_warning(key, self._deprecation_replacements[key]))

[2023-05-07T15:48:57.345+0000] {taskinstance.py:1518} INFO - Exporting the following env vars:
AIRFLOW_CTX_DAG_OWNER=***
AIRFLOW_CTX_DAG_ID=scrape_and_save_to_csv
AIRFLOW_CTX_TASK_ID=scrape_teams_1-8
AIRFLOW_CTX_EXECUTION_DATE=2022-05-01T13:00:00+00:00
AIRFLOW_CTX_TRY_NUMBER=1
AIRFLOW_CTX_DAG_RUN_ID=scheduled__2022-05-01T13:00:00+00:00
[2023-05-07T15:48:57.528+0000] {logging_mixin.py:137} INFO - Expecting value: line 1 column 1 (char 0)
[2023-05-07T15:48:57.529+0000] {helpers.py:93} ERROR - Expecting value: line 1 column 1 (char 0)
[2023-05-07T15:48:57.531+0000] {helpers.py:94} ERROR - Retrying! 9 attempts before skipping!
[2023-05-07T15:48:58.899+0000] {logging_mixin.py:137} INFO - Expecting value: line 1 column 1 (char 0)
[2023-05-07T15:48:58.900+0000] {helpers.py:93} ERROR - Expecting value: line 1 column 1 (char 0)
[2023-05-07T15:48:58.901+0000] {helpers.py:94} ERROR - Retrying! 8 attempts before skipping!
[2023-05-07T15:49:00.061+0000] {logging_mixin.py:137} INFO - Expecting value: line 1 column 1 (char 0)
[2023-05-07T15:49:00.062+0000] {helpers.py:93} ERROR - Expecting value: line 1 column 1 (char 0)
[2023-05-07T15:49:00.064+0000] {helpers.py:94} ERROR - Retrying! 7 attempts before skipping!
[2023-05-07T15:49:01.232+0000] {logging_mixin.py:137} INFO - Expecting value: line 1 column 1 (char 0)
[2023-05-07T15:49:01.233+0000] {helpers.py:93} ERROR - Expecting value: line 1 column 1 (char 0)
[2023-05-07T15:49:01.234+0000] {helpers.py:94} ERROR - Retrying! 6 attempts before skipping!
[2023-05-07T15:49:02.581+0000] {logging_mixin.py:137} INFO - Expecting value: line 1 column 1 (char 0)
[2023-05-07T15:49:02.582+0000] {helpers.py:93} ERROR - Expecting value: line 1 column 1 (char 0)
[2023-05-07T15:49:02.583+0000] {helpers.py:94} ERROR - Retrying! 5 attempts before skipping!
[2023-05-07T15:49:03.744+0000] {logging_mixin.py:137} INFO - Expecting value: line 1 column 1 (char 0)
[2023-05-07T15:49:03.746+0000] {helpers.py:93} ERROR - Expecting value: line 1 column 1 (char 0)
[2023-05-07T15:49:03.746+0000] {helpers.py:94} ERROR - Retrying! 4 attempts before skipping!
[2023-05-07T15:49:05.004+0000] {logging_mixin.py:137} INFO - Expecting value: line 1 column 1 (char 0)
[2023-05-07T15:49:05.005+0000] {helpers.py:93} ERROR - Expecting value: line 1 column 1 (char 0)
[2023-05-07T15:49:05.015+0000] {helpers.py:94} ERROR - Retrying! 3 attempts before skipping!
[2023-05-07T15:49:06.285+0000] {logging_mixin.py:137} INFO - Expecting value: line 1 column 1 (char 0)
[2023-05-07T15:49:06.286+0000] {helpers.py:93} ERROR - Expecting value: line 1 column 1 (char 0)
[2023-05-07T15:49:06.292+0000] {helpers.py:94} ERROR - Retrying! 2 attempts before skipping!
[2023-05-07T15:49:07.458+0000] {logging_mixin.py:137} INFO - Expecting value: line 1 column 1 (char 0)
[2023-05-07T15:49:07.460+0000] {helpers.py:93} ERROR - Expecting value: line 1 column 1 (char 0)
[2023-05-07T15:49:07.461+0000] {helpers.py:94} ERROR - Retrying! 1 attempts before skipping!
[2023-05-07T15:49:08.782+0000] {logging_mixin.py:137} INFO - Expecting value: line 1 column 1 (char 0)
[2023-05-07T15:49:08.793+0000] {helpers.py:93} ERROR - Expecting value: line 1 column 1 (char 0)
[2023-05-07T15:49:08.795+0000] {helpers.py:94} ERROR - Retrying! 0 attempts before skipping!
[2023-05-07T15:49:10.102+0000] {logging_mixin.py:137} INFO - Expecting value: line 1 column 1 (char 0)
[2023-05-07T15:49:10.108+0000] {helpers.py:93} ERROR - Expecting value: line 1 column 1 (char 0)
[2023-05-07T15:49:10.113+0000] {helpers.py:94} ERROR - Retrying! -1 attempts before skipping!
[2023-05-07T15:49:11.833+0000] {logging_mixin.py:137} INFO - Expecting value: line 1 column 1 (char 0)
[2023-05-07T15:49:11.836+0000] {helpers.py:93} ERROR - Expecting value: line 1 column 1 (char 0)
[2023-05-07T15:49:11.839+0000] {helpers.py:94} ERROR - Retrying! 9 attempts before skipping!
[2023-05-07T15:49:13.095+0000] {logging_mixin.py:137} INFO - Expecting value: line 1 column 1 (char 0)
[2023-05-07T15:49:13.096+0000] {helpers.py:93} ERROR - Expecting value: line 1 column 1 (char 0)
[2023-05-07T15:49:13.099+0000] {helpers.py:94} ERROR - Retrying! 8 attempts before skipping!
[2023-05-07T15:49:14.253+0000] {logging_mixin.py:137} INFO - Expecting value: line 1 column 1 (char 0)
[2023-05-07T15:49:14.255+0000] {helpers.py:93} ERROR - Expecting value: line 1 column 1 (char 0)
[2023-05-07T15:49:14.256+0000] {helpers.py:94} ERROR - Retrying! 7 attempts before skipping!
[2023-05-07T15:49:15.440+0000] {logging_mixin.py:137} INFO - Expecting value: line 1 column 1 (char 0)
[2023-05-07T15:49:15.441+0000] {helpers.py:93} ERROR - Expecting value: line 1 column 1 (char 0)
[2023-05-07T15:49:15.458+0000] {helpers.py:94} ERROR - Retrying! 6 attempts before skipping!
[2023-05-07T15:49:16.809+0000] {logging_mixin.py:137} INFO - Expecting value: line 1 column 1 (char 0)
[2023-05-07T15:49:16.811+0000] {helpers.py:93} ERROR - Expecting value: line 1 column 1 (char 0)
[2023-05-07T15:49:16.812+0000] {helpers.py:94} ERROR - Retrying! 5 attempts before skipping!
[2023-05-07T15:49:17.994+0000] {logging_mixin.py:137} INFO - Expecting value: line 1 column 1 (char 0)
[2023-05-07T15:49:17.995+0000] {helpers.py:93} ERROR - Expecting value: line 1 column 1 (char 0)
[2023-05-07T15:49:17.996+0000] {helpers.py:94} ERROR - Retrying! 4 attempts before skipping!
[2023-05-07T15:49:19.319+0000] {logging_mixin.py:137} INFO - Expecting value: line 1 column 1 (char 0)
[2023-05-07T15:49:19.321+0000] {helpers.py:93} ERROR - Expecting value: line 1 column 1 (char 0)
[2023-05-07T15:49:19.322+0000] {helpers.py:94} ERROR - Retrying! 3 attempts before skipping!
[2023-05-07T15:49:20.690+0000] {logging_mixin.py:137} INFO - Expecting value: line 1 column 1 (char 0)
[2023-05-07T15:49:20.692+0000] {helpers.py:93} ERROR - Expecting value: line 1 column 1 (char 0)
[2023-05-07T15:49:20.693+0000] {helpers.py:94} ERROR - Retrying! 2 attempts before skipping!
[2023-05-07T15:49:21.858+0000] {logging_mixin.py:137} INFO - Expecting value: line 1 column 1 (char 0)
[2023-05-07T15:49:21.859+0000] {helpers.py:93} ERROR - Expecting value: line 1 column 1 (char 0)
[2023-05-07T15:49:21.861+0000] {helpers.py:94} ERROR - Retrying! 1 attempts before skipping!
[2023-05-07T15:49:23.017+0000] {logging_mixin.py:137} INFO - Expecting value: line 1 column 1 (char 0)
[2023-05-07T15:49:23.019+0000] {helpers.py:93} ERROR - Expecting value: line 1 column 1 (char 0)
[2023-05-07T15:49:23.019+0000] {helpers.py:94} ERROR - Retrying! 0 attempts before skipping!
[2023-05-07T15:49:24.359+0000] {logging_mixin.py:137} INFO - Expecting value: line 1 column 1 (char 0)
[2023-05-07T15:49:24.360+0000] {helpers.py:93} ERROR - Expecting value: line 1 column 1 (char 0)
[2023-05-07T15:49:24.361+0000] {helpers.py:94} ERROR - Retrying! -1 attempts before skipping!
[2023-05-07T15:49:25.707+0000] {logging_mixin.py:137} INFO - Expecting value: line 1 column 1 (char 0)
[2023-05-07T15:49:25.709+0000] {helpers.py:93} ERROR - Expecting value: line 1 column 1 (char 0)
[2023-05-07T15:49:25.709+0000] {helpers.py:94} ERROR - Retrying! 9 attempts before skipping!
[2023-05-07T15:49:27.052+0000] {logging_mixin.py:137} INFO - Expecting value: line 1 column 1 (char 0)
[2023-05-07T15:49:27.062+0000] {helpers.py:93} ERROR - Expecting value: line 1 column 1 (char 0)
[2023-05-07T15:49:27.063+0000] {helpers.py:94} ERROR - Retrying! 8 attempts before skipping!
[2023-05-07T15:49:28.243+0000] {logging_mixin.py:137} INFO - Expecting value: line 1 column 1 (char 0)
[2023-05-07T15:49:28.246+0000] {helpers.py:93} ERROR - Expecting value: line 1 column 1 (char 0)
[2023-05-07T15:49:28.249+0000] {helpers.py:94} ERROR - Retrying! 7 attempts before skipping!
[2023-05-07T15:49:29.439+0000] {logging_mixin.py:137} INFO - Expecting value: line 1 column 1 (char 0)
[2023-05-07T15:49:29.440+0000] {helpers.py:93} ERROR - Expecting value: line 1 column 1 (char 0)
[2023-05-07T15:49:29.441+0000] {helpers.py:94} ERROR - Retrying! 6 attempts before skipping!
[2023-05-07T15:49:30.709+0000] {logging_mixin.py:137} INFO - Expecting value: line 1 column 1 (char 0)
[2023-05-07T15:49:30.733+0000] {helpers.py:93} ERROR - Expecting value: line 1 column 1 (char 0)
[2023-05-07T15:49:30.735+0000] {helpers.py:94} ERROR - Retrying! 5 attempts before skipping!
[2023-05-07T15:49:31.900+0000] {logging_mixin.py:137} INFO - Expecting value: line 1 column 1 (char 0)
[2023-05-07T15:49:31.901+0000] {helpers.py:93} ERROR - Expecting value: line 1 column 1 (char 0)
[2023-05-07T15:49:31.902+0000] {helpers.py:94} ERROR - Retrying! 4 attempts before skipping!
[2023-05-07T15:49:33.255+0000] {logging_mixin.py:137} INFO - Expecting value: line 1 column 1 (char 0)
[2023-05-07T15:49:33.257+0000] {helpers.py:93} ERROR - Expecting value: line 1 column 1 (char 0)
[2023-05-07T15:49:33.258+0000] {helpers.py:94} ERROR - Retrying! 3 attempts before skipping!
[2023-05-07T15:49:34.411+0000] {logging_mixin.py:137} INFO - Expecting value: line 1 column 1 (char 0)
[2023-05-07T15:49:34.412+0000] {helpers.py:93} ERROR - Expecting value: line 1 column 1 (char 0)
[2023-05-07T15:49:34.413+0000] {helpers.py:94} ERROR - Retrying! 2 attempts before skipping!
[2023-05-07T15:49:35.586+0000] {logging_mixin.py:137} INFO - Expecting value: line 1 column 1 (char 0)
[2023-05-07T15:49:35.587+0000] {helpers.py:93} ERROR - Expecting value: line 1 column 1 (char 0)
[2023-05-07T15:49:35.588+0000] {helpers.py:94} ERROR - Retrying! 1 attempts before skipping!
[2023-05-07T15:49:36.748+0000] {logging_mixin.py:137} INFO - Expecting value: line 1 column 1 (char 0)
[2023-05-07T15:49:36.750+0000] {helpers.py:93} ERROR - Expecting value: line 1 column 1 (char 0)
[2023-05-07T15:49:36.750+0000] {helpers.py:94} ERROR - Retrying! 0 attempts before skipping!
[2023-05-07T15:49:38.030+0000] {logging_mixin.py:137} INFO - Expecting value: line 1 column 1 (char 0)
[2023-05-07T15:49:38.031+0000] {helpers.py:93} ERROR - Expecting value: line 1 column 1 (char 0)
[2023-05-07T15:49:38.032+0000] {helpers.py:94} ERROR - Retrying! -1 attempts before skipping!
[2023-05-07T15:49:39.179+0000] {logging_mixin.py:137} INFO - Expecting value: line 1 column 1 (char 0)
[2023-05-07T15:49:39.180+0000] {helpers.py:93} ERROR - Expecting value: line 1 column 1 (char 0)
[2023-05-07T15:49:39.181+0000] {helpers.py:94} ERROR - Retrying! 9 attempts before skipping!
[2023-05-07T15:49:40.528+0000] {logging_mixin.py:137} INFO - Expecting value: line 1 column 1 (char 0)
[2023-05-07T15:49:40.529+0000] {helpers.py:93} ERROR - Expecting value: line 1 column 1 (char 0)
[2023-05-07T15:49:40.535+0000] {helpers.py:94} ERROR - Retrying! 8 attempts before skipping!
[2023-05-07T15:49:41.720+0000] {logging_mixin.py:137} INFO - Expecting value: line 1 column 1 (char 0)
[2023-05-07T15:49:41.723+0000] {helpers.py:93} ERROR - Expecting value: line 1 column 1 (char 0)
[2023-05-07T15:49:41.725+0000] {helpers.py:94} ERROR - Retrying! 7 attempts before skipping!
[2023-05-07T15:49:43.045+0000] {logging_mixin.py:137} INFO - Expecting value: line 1 column 1 (char 0)
[2023-05-07T15:49:43.046+0000] {helpers.py:93} ERROR - Expecting value: line 1 column 1 (char 0)
[2023-05-07T15:49:43.047+0000] {helpers.py:94} ERROR - Retrying! 6 attempts before skipping!
[2023-05-07T15:49:44.220+0000] {logging_mixin.py:137} INFO - Expecting value: line 1 column 1 (char 0)
[2023-05-07T15:49:44.222+0000] {helpers.py:93} ERROR - Expecting value: line 1 column 1 (char 0)
[2023-05-07T15:49:44.223+0000] {helpers.py:94} ERROR - Retrying! 5 attempts before skipping!
[2023-05-07T15:49:45.418+0000] {logging_mixin.py:137} INFO - Expecting value: line 1 column 1 (char 0)
[2023-05-07T15:49:45.419+0000] {helpers.py:93} ERROR - Expecting value: line 1 column 1 (char 0)
[2023-05-07T15:49:45.420+0000] {helpers.py:94} ERROR - Retrying! 4 attempts before skipping!
[2023-05-07T15:49:46.703+0000] {logging_mixin.py:137} INFO - Expecting value: line 1 column 1 (char 0)
[2023-05-07T15:49:46.710+0000] {helpers.py:93} ERROR - Expecting value: line 1 column 1 (char 0)
[2023-05-07T15:49:46.711+0000] {helpers.py:94} ERROR - Retrying! 3 attempts before skipping!
[2023-05-07T15:49:47.869+0000] {logging_mixin.py:137} INFO - Expecting value: line 1 column 1 (char 0)
[2023-05-07T15:49:47.871+0000] {helpers.py:93} ERROR - Expecting value: line 1 column 1 (char 0)
[2023-05-07T15:49:47.872+0000] {helpers.py:94} ERROR - Retrying! 2 attempts before skipping!
[2023-05-07T15:49:49.108+0000] {logging_mixin.py:137} INFO - Expecting value: line 1 column 1 (char 0)
[2023-05-07T15:49:49.110+0000] {helpers.py:93} ERROR - Expecting value: line 1 column 1 (char 0)
[2023-05-07T15:49:49.112+0000] {helpers.py:94} ERROR - Retrying! 1 attempts before skipping!
[2023-05-07T15:49:50.258+0000] {logging_mixin.py:137} INFO - Expecting value: line 1 column 1 (char 0)
[2023-05-07T15:49:50.260+0000] {helpers.py:93} ERROR - Expecting value: line 1 column 1 (char 0)
[2023-05-07T15:49:50.261+0000] {helpers.py:94} ERROR - Retrying! 0 attempts before skipping!
[2023-05-07T15:49:51.410+0000] {logging_mixin.py:137} INFO - Expecting value: line 1 column 1 (char 0)
[2023-05-07T15:49:51.411+0000] {helpers.py:93} ERROR - Expecting value: line 1 column 1 (char 0)
[2023-05-07T15:49:51.412+0000] {helpers.py:94} ERROR - Retrying! -1 attempts before skipping!
[2023-05-07T15:49:52.718+0000] {logging_mixin.py:137} INFO - Expecting value: line 1 column 1 (char 0)
[2023-05-07T15:49:52.730+0000] {helpers.py:93} ERROR - Expecting value: line 1 column 1 (char 0)
[2023-05-07T15:49:52.733+0000] {helpers.py:94} ERROR - Retrying! 9 attempts before skipping!
[2023-05-07T15:49:53.899+0000] {logging_mixin.py:137} INFO - Expecting value: line 1 column 1 (char 0)
[2023-05-07T15:49:53.901+0000] {helpers.py:93} ERROR - Expecting value: line 1 column 1 (char 0)
[2023-05-07T15:49:53.903+0000] {helpers.py:94} ERROR - Retrying! 8 attempts before skipping!
[2023-05-07T15:49:55.068+0000] {logging_mixin.py:137} INFO - Expecting value: line 1 column 1 (char 0)
[2023-05-07T15:49:55.070+0000] {helpers.py:93} ERROR - Expecting value: line 1 column 1 (char 0)
[2023-05-07T15:49:55.071+0000] {helpers.py:94} ERROR - Retrying! 7 attempts before skipping!
[2023-05-07T15:49:56.438+0000] {logging_mixin.py:137} INFO - Expecting value: line 1 column 1 (char 0)
[2023-05-07T15:49:56.443+0000] {helpers.py:93} ERROR - Expecting value: line 1 column 1 (char 0)
[2023-05-07T15:49:56.463+0000] {helpers.py:94} ERROR - Retrying! 6 attempts before skipping!
[2023-05-07T15:49:57.908+0000] {logging_mixin.py:137} INFO - Expecting value: line 1 column 1 (char 0)
[2023-05-07T15:49:57.923+0000] {helpers.py:93} ERROR - Expecting value: line 1 column 1 (char 0)
[2023-05-07T15:49:57.940+0000] {helpers.py:94} ERROR - Retrying! 5 attempts before skipping!
[2023-05-07T15:49:59.133+0000] {logging_mixin.py:137} INFO - Expecting value: line 1 column 1 (char 0)
[2023-05-07T15:49:59.136+0000] {helpers.py:93} ERROR - Expecting value: line 1 column 1 (char 0)
[2023-05-07T15:49:59.137+0000] {helpers.py:94} ERROR - Retrying! 4 attempts before skipping!
[2023-05-07T15:50:00.312+0000] {logging_mixin.py:137} INFO - Expecting value: line 1 column 1 (char 0)
[2023-05-07T15:50:00.313+0000] {helpers.py:93} ERROR - Expecting value: line 1 column 1 (char 0)
[2023-05-07T15:50:00.314+0000] {helpers.py:94} ERROR - Retrying! 3 attempts before skipping!
[2023-05-07T15:50:01.479+0000] {logging_mixin.py:137} INFO - Expecting value: line 1 column 1 (char 0)
[2023-05-07T15:50:01.481+0000] {helpers.py:93} ERROR - Expecting value: line 1 column 1 (char 0)
[2023-05-07T15:50:01.482+0000] {helpers.py:94} ERROR - Retrying! 2 attempts before skipping!
[2023-05-07T15:50:02.692+0000] {logging_mixin.py:137} INFO - Expecting value: line 1 column 1 (char 0)
[2023-05-07T15:50:02.694+0000] {helpers.py:93} ERROR - Expecting value: line 1 column 1 (char 0)
[2023-05-07T15:50:02.698+0000] {helpers.py:94} ERROR - Retrying! 1 attempts before skipping!
[2023-05-07T15:50:04.015+0000] {logging_mixin.py:137} INFO - Expecting value: line 1 column 1 (char 0)
[2023-05-07T15:50:04.054+0000] {helpers.py:93} ERROR - Expecting value: line 1 column 1 (char 0)
[2023-05-07T15:50:04.055+0000] {helpers.py:94} ERROR - Retrying! 0 attempts before skipping!
[2023-05-07T15:50:05.215+0000] {logging_mixin.py:137} INFO - Expecting value: line 1 column 1 (char 0)
[2023-05-07T15:50:05.217+0000] {helpers.py:93} ERROR - Expecting value: line 1 column 1 (char 0)
[2023-05-07T15:50:05.218+0000] {helpers.py:94} ERROR - Retrying! -1 attempts before skipping!
[2023-05-07T15:50:06.382+0000] {logging_mixin.py:137} INFO - Expecting value: line 1 column 1 (char 0)
[2023-05-07T15:50:06.383+0000] {helpers.py:93} ERROR - Expecting value: line 1 column 1 (char 0)
[2023-05-07T15:50:06.384+0000] {helpers.py:94} ERROR - Retrying! 9 attempts before skipping!
[2023-05-07T15:50:07.743+0000] {logging_mixin.py:137} INFO - Expecting value: line 1 column 1 (char 0)
[2023-05-07T15:50:07.745+0000] {helpers.py:93} ERROR - Expecting value: line 1 column 1 (char 0)
[2023-05-07T15:50:07.747+0000] {helpers.py:94} ERROR - Retrying! 8 attempts before skipping!
[2023-05-07T15:50:08.993+0000] {logging_mixin.py:137} INFO - Expecting value: line 1 column 1 (char 0)
[2023-05-07T15:50:09.007+0000] {helpers.py:93} ERROR - Expecting value: line 1 column 1 (char 0)
[2023-05-07T15:50:09.008+0000] {helpers.py:94} ERROR - Retrying! 7 attempts before skipping!
[2023-05-07T15:50:10.168+0000] {logging_mixin.py:137} INFO - Expecting value: line 1 column 1 (char 0)
[2023-05-07T15:50:10.172+0000] {helpers.py:93} ERROR - Expecting value: line 1 column 1 (char 0)
[2023-05-07T15:50:10.174+0000] {helpers.py:94} ERROR - Retrying! 6 attempts before skipping!
[2023-05-07T15:50:11.366+0000] {logging_mixin.py:137} INFO - Expecting value: line 1 column 1 (char 0)
[2023-05-07T15:50:11.368+0000] {helpers.py:93} ERROR - Expecting value: line 1 column 1 (char 0)
[2023-05-07T15:50:11.369+0000] {helpers.py:94} ERROR - Retrying! 5 attempts before skipping!
[2023-05-07T15:50:12.673+0000] {logging_mixin.py:137} INFO - Expecting value: line 1 column 1 (char 0)
[2023-05-07T15:50:12.675+0000] {helpers.py:93} ERROR - Expecting value: line 1 column 1 (char 0)
[2023-05-07T15:50:12.676+0000] {helpers.py:94} ERROR - Retrying! 4 attempts before skipping!
[2023-05-07T15:50:13.865+0000] {logging_mixin.py:137} INFO - Expecting value: line 1 column 1 (char 0)
[2023-05-07T15:50:13.866+0000] {helpers.py:93} ERROR - Expecting value: line 1 column 1 (char 0)
[2023-05-07T15:50:13.867+0000] {helpers.py:94} ERROR - Retrying! 3 attempts before skipping!
[2023-05-07T15:50:15.198+0000] {logging_mixin.py:137} INFO - Expecting value: line 1 column 1 (char 0)
[2023-05-07T15:50:15.269+0000] {helpers.py:93} ERROR - Expecting value: line 1 column 1 (char 0)
[2023-05-07T15:50:15.270+0000] {helpers.py:94} ERROR - Retrying! 2 attempts before skipping!
[2023-05-07T15:50:16.446+0000] {logging_mixin.py:137} INFO - Expecting value: line 1 column 1 (char 0)
[2023-05-07T15:50:16.449+0000] {helpers.py:93} ERROR - Expecting value: line 1 column 1 (char 0)
[2023-05-07T15:50:16.452+0000] {helpers.py:94} ERROR - Retrying! 1 attempts before skipping!
[2023-05-07T15:50:17.834+0000] {logging_mixin.py:137} INFO - Expecting value: line 1 column 1 (char 0)
[2023-05-07T15:50:17.835+0000] {helpers.py:93} ERROR - Expecting value: line 1 column 1 (char 0)
[2023-05-07T15:50:17.836+0000] {helpers.py:94} ERROR - Retrying! 0 attempts before skipping!
[2023-05-07T15:50:19.077+0000] {logging_mixin.py:137} INFO - Expecting value: line 1 column 1 (char 0)
[2023-05-07T15:50:19.079+0000] {helpers.py:93} ERROR - Expecting value: line 1 column 1 (char 0)
[2023-05-07T15:50:19.080+0000] {helpers.py:94} ERROR - Retrying! -1 attempts before skipping!
[2023-05-07T15:50:20.421+0000] {logging_mixin.py:137} INFO - Expecting value: line 1 column 1 (char 0)
[2023-05-07T15:50:20.422+0000] {helpers.py:93} ERROR - Expecting value: line 1 column 1 (char 0)
[2023-05-07T15:50:20.423+0000] {helpers.py:94} ERROR - Retrying! 9 attempts before skipping!
[2023-05-07T15:50:21.751+0000] {logging_mixin.py:137} INFO - Expecting value: line 1 column 1 (char 0)
[2023-05-07T15:50:21.752+0000] {helpers.py:93} ERROR - Expecting value: line 1 column 1 (char 0)
[2023-05-07T15:50:21.760+0000] {helpers.py:94} ERROR - Retrying! 8 attempts before skipping!
[2023-05-07T15:50:23.075+0000] {logging_mixin.py:137} INFO - Expecting value: line 1 column 1 (char 0)
[2023-05-07T15:50:23.078+0000] {helpers.py:93} ERROR - Expecting value: line 1 column 1 (char 0)
[2023-05-07T15:50:23.080+0000] {helpers.py:94} ERROR - Retrying! 7 attempts before skipping!
[2023-05-07T15:50:24.445+0000] {logging_mixin.py:137} INFO - Expecting value: line 1 column 1 (char 0)
[2023-05-07T15:50:24.448+0000] {helpers.py:93} ERROR - Expecting value: line 1 column 1 (char 0)
[2023-05-07T15:50:24.451+0000] {helpers.py:94} ERROR - Retrying! 6 attempts before skipping!
[2023-05-07T15:50:25.813+0000] {logging_mixin.py:137} INFO - Expecting value: line 1 column 1 (char 0)
[2023-05-07T15:50:25.814+0000] {helpers.py:93} ERROR - Expecting value: line 1 column 1 (char 0)
[2023-05-07T15:50:25.816+0000] {helpers.py:94} ERROR - Retrying! 5 attempts before skipping!
[2023-05-07T15:50:26.966+0000] {logging_mixin.py:137} INFO - Expecting value: line 1 column 1 (char 0)
[2023-05-07T15:50:26.968+0000] {helpers.py:93} ERROR - Expecting value: line 1 column 1 (char 0)
[2023-05-07T15:50:26.969+0000] {helpers.py:94} ERROR - Retrying! 4 attempts before skipping!
[2023-05-07T15:50:28.240+0000] {logging_mixin.py:137} INFO - Expecting value: line 1 column 1 (char 0)
[2023-05-07T15:50:28.241+0000] {helpers.py:93} ERROR - Expecting value: line 1 column 1 (char 0)
[2023-05-07T15:50:28.243+0000] {helpers.py:94} ERROR - Retrying! 3 attempts before skipping!
[2023-05-07T15:50:29.509+0000] {logging_mixin.py:137} INFO - Expecting value: line 1 column 1 (char 0)
[2023-05-07T15:50:29.511+0000] {helpers.py:93} ERROR - Expecting value: line 1 column 1 (char 0)
[2023-05-07T15:50:29.512+0000] {helpers.py:94} ERROR - Retrying! 2 attempts before skipping!
[2023-05-07T15:50:30.725+0000] {logging_mixin.py:137} INFO - Expecting value: line 1 column 1 (char 0)
[2023-05-07T15:50:30.731+0000] {helpers.py:93} ERROR - Expecting value: line 1 column 1 (char 0)
[2023-05-07T15:50:30.732+0000] {helpers.py:94} ERROR - Retrying! 1 attempts before skipping!
[2023-05-07T15:50:31.883+0000] {logging_mixin.py:137} INFO - Expecting value: line 1 column 1 (char 0)
[2023-05-07T15:50:31.884+0000] {helpers.py:93} ERROR - Expecting value: line 1 column 1 (char 0)
[2023-05-07T15:50:31.885+0000] {helpers.py:94} ERROR - Retrying! 0 attempts before skipping!
[2023-05-07T15:50:33.131+0000] {logging_mixin.py:137} INFO - Expecting value: line 1 column 1 (char 0)
[2023-05-07T15:50:33.132+0000] {helpers.py:93} ERROR - Expecting value: line 1 column 1 (char 0)
[2023-05-07T15:50:33.133+0000] {helpers.py:94} ERROR - Retrying! -1 attempts before skipping!
[2023-05-07T15:50:34.387+0000] {logging_mixin.py:137} INFO - Expecting value: line 1 column 1 (char 0)
[2023-05-07T15:50:34.389+0000] {helpers.py:93} ERROR - Expecting value: line 1 column 1 (char 0)
[2023-05-07T15:50:34.390+0000] {helpers.py:94} ERROR - Retrying! 9 attempts before skipping!
[2023-05-07T15:50:36.279+0000] {helpers.py:87} INFO - Denver Nuggets: Successfully scraped!
[2023-05-07T15:50:36.307+0000] {helpers.py:103} INFO - Saved in /opt/***/data/output_scrape_teams_1-8.csv
[2023-05-07T15:50:36.311+0000] {python.py:177} INFO - Done. Returned value was: Empty DataFrame
Columns: []
Index: []
[2023-05-07T15:50:36.340+0000] {xcom.py:635} ERROR - Object of type DataFrame is not JSON serializable. If you are using pickle instead of JSON for XCom, then you need to enable pickle support for XCom in your *** config or make sure to decorate your object with attr.
[2023-05-07T15:50:36.344+0000] {taskinstance.py:1776} ERROR - Task failed with exception
Traceback (most recent call last):
  File "/home/airflow/.local/lib/python3.7/site-packages/airflow/utils/session.py", line 72, in wrapper
    return func(*args, **kwargs)
  File "/home/airflow/.local/lib/python3.7/site-packages/airflow/models/taskinstance.py", line 2305, in xcom_push
    session=session,
  File "/home/airflow/.local/lib/python3.7/site-packages/airflow/utils/session.py", line 72, in wrapper
    return func(*args, **kwargs)
  File "/home/airflow/.local/lib/python3.7/site-packages/airflow/models/xcom.py", line 240, in set
    map_index=map_index,
  File "/home/airflow/.local/lib/python3.7/site-packages/airflow/models/xcom.py", line 627, in serialize_value
    return json.dumps(value, cls=XComEncoder).encode("UTF-8")
  File "/usr/local/lib/python3.7/json/__init__.py", line 238, in dumps
    **kw).encode(obj)
  File "/home/airflow/.local/lib/python3.7/site-packages/airflow/utils/json.py", line 176, in encode
    return super().encode(o)
  File "/usr/local/lib/python3.7/json/encoder.py", line 199, in encode
    chunks = self.iterencode(o, _one_shot=True)
  File "/usr/local/lib/python3.7/json/encoder.py", line 257, in iterencode
    return _iterencode(o, 0)
  File "/home/airflow/.local/lib/python3.7/site-packages/airflow/utils/json.py", line 170, in default
    return super().default(o)
  File "/usr/local/lib/python3.7/json/encoder.py", line 179, in default
    raise TypeError(f'Object of type {o.__class__.__name__} '
TypeError: Object of type DataFrame is not JSON serializable
[2023-05-07T15:50:36.364+0000] {taskinstance.py:1332} INFO - Marking task as FAILED. dag_id=scrape_and_save_to_csv, task_id=scrape_teams_1-8, execution_date=20220501T130000, start_date=20230507T154857, end_date=20230507T155036
[2023-05-07T15:50:36.380+0000] {standard_task_runner.py:105} ERROR - Failed to execute job 3041 for task scrape_teams_1-8 (Object of type DataFrame is not JSON serializable; 4163)
[2023-05-07T15:50:36.440+0000] {local_task_job.py:212} INFO - Task exited with return code 1
[2023-05-07T15:50:36.459+0000] {taskinstance.py:2596} INFO - 0 downstream tasks scheduled from follow-on schedule check
[2023-05-08T23:46:30.559+0000] {taskinstance.py:1090} INFO - Dependencies all met for dep_context=non-requeueable deps ti=<TaskInstance: scrape_and_save_to_csv.scrape_teams_1-8 scheduled__2022-05-01T13:00:00+00:00 [queued]>
[2023-05-08T23:46:30.571+0000] {taskinstance.py:1090} INFO - Dependencies all met for dep_context=requeueable deps ti=<TaskInstance: scrape_and_save_to_csv.scrape_teams_1-8 scheduled__2022-05-01T13:00:00+00:00 [queued]>
[2023-05-08T23:46:30.572+0000] {taskinstance.py:1288} INFO - 
--------------------------------------------------------------------------------
[2023-05-08T23:46:30.574+0000] {taskinstance.py:1289} INFO - Starting attempt 1 of 1
[2023-05-08T23:46:30.575+0000] {taskinstance.py:1290} INFO - 
--------------------------------------------------------------------------------
[2023-05-08T23:46:30.586+0000] {taskinstance.py:1309} INFO - Executing <Task(PythonOperator): scrape_teams_1-8> on 2022-05-01 13:00:00+00:00
[2023-05-08T23:46:30.592+0000] {standard_task_runner.py:55} INFO - Started process 406 to run task
[2023-05-08T23:46:30.599+0000] {standard_task_runner.py:82} INFO - Running: ['***', 'tasks', 'run', 'scrape_and_save_to_csv', 'scrape_teams_1-8', 'scheduled__2022-05-01T13:00:00+00:00', '--job-id', '3160', '--raw', '--subdir', 'DAGS_FOLDER/scrape_and_push_dag.py', '--cfg-path', '/tmp/tmpx3n6abfr']
[2023-05-08T23:46:30.601+0000] {standard_task_runner.py:83} INFO - Job 3160: Subtask scrape_teams_1-8
[2023-05-08T23:46:30.681+0000] {task_command.py:389} INFO - Running <TaskInstance: scrape_and_save_to_csv.scrape_teams_1-8 scheduled__2022-05-01T13:00:00+00:00 [running]> on host f41dbfa3d325
[2023-05-08T23:46:30.712+0000] {warnings.py:110} WARNING - /home/***/.local/lib/python3.7/site-packages/***/utils/context.py:205: AirflowContextDeprecationWarning: Accessing 'execution_date' from the template is deprecated and will be removed in a future version. Please use 'data_interval_start' or 'logical_date' instead.
  warnings.warn(_create_deprecation_warning(key, self._deprecation_replacements[key]))

[2023-05-08T23:46:30.752+0000] {taskinstance.py:1518} INFO - Exporting the following env vars:
AIRFLOW_CTX_DAG_OWNER=***
AIRFLOW_CTX_DAG_ID=scrape_and_save_to_csv
AIRFLOW_CTX_TASK_ID=scrape_teams_1-8
AIRFLOW_CTX_EXECUTION_DATE=2022-05-01T13:00:00+00:00
AIRFLOW_CTX_TRY_NUMBER=1
AIRFLOW_CTX_DAG_RUN_ID=scheduled__2022-05-01T13:00:00+00:00
[2023-05-08T23:46:30.756+0000] {taskinstance.py:1776} ERROR - Task failed with exception
Traceback (most recent call last):
  File "/home/airflow/.local/lib/python3.7/site-packages/airflow/operators/python.py", line 175, in execute
    return_value = self.execute_callable()
  File "/home/airflow/.local/lib/python3.7/site-packages/airflow/operators/python.py", line 192, in execute_callable
    return self.python_callable(*self.op_args, **self.op_kwargs)
  File "/opt/airflow/dags/helpers.py", line 59, in scrape_and_save
    after = datetime.fromisoformat(f"{{ execution_date }}")
ValueError: Invalid isoformat string: '{ execution_date }'
[2023-05-08T23:46:30.776+0000] {taskinstance.py:1332} INFO - Marking task as FAILED. dag_id=scrape_and_save_to_csv, task_id=scrape_teams_1-8, execution_date=20220501T130000, start_date=20230508T234630, end_date=20230508T234630
[2023-05-08T23:46:30.784+0000] {standard_task_runner.py:105} ERROR - Failed to execute job 3160 for task scrape_teams_1-8 (Invalid isoformat string: '{ execution_date }'; 406)
[2023-05-08T23:46:30.813+0000] {local_task_job.py:212} INFO - Task exited with return code 1
[2023-05-08T23:46:30.846+0000] {taskinstance.py:2596} INFO - 0 downstream tasks scheduled from follow-on schedule check
[2023-05-09T21:30:06.281+0000] {taskinstance.py:1090} INFO - Dependencies all met for dep_context=non-requeueable deps ti=<TaskInstance: scrape_and_save_to_csv.scrape_teams_1-8 scheduled__2022-05-01T13:00:00+00:00 [queued]>
[2023-05-09T21:30:06.292+0000] {taskinstance.py:1090} INFO - Dependencies all met for dep_context=requeueable deps ti=<TaskInstance: scrape_and_save_to_csv.scrape_teams_1-8 scheduled__2022-05-01T13:00:00+00:00 [queued]>
[2023-05-09T21:30:06.295+0000] {taskinstance.py:1288} INFO - 
--------------------------------------------------------------------------------
[2023-05-09T21:30:06.298+0000] {taskinstance.py:1289} INFO - Starting attempt 1 of 1
[2023-05-09T21:30:06.299+0000] {taskinstance.py:1290} INFO - 
--------------------------------------------------------------------------------
[2023-05-09T21:30:06.313+0000] {taskinstance.py:1309} INFO - Executing <Task(PythonOperator): scrape_teams_1-8> on 2022-05-01 13:00:00+00:00
[2023-05-09T21:30:06.335+0000] {standard_task_runner.py:55} INFO - Started process 12244 to run task
[2023-05-09T21:30:06.341+0000] {standard_task_runner.py:82} INFO - Running: ['***', 'tasks', 'run', 'scrape_and_save_to_csv', 'scrape_teams_1-8', 'scheduled__2022-05-01T13:00:00+00:00', '--job-id', '3365', '--raw', '--subdir', 'DAGS_FOLDER/scrape_and_push_dag.py', '--cfg-path', '/tmp/tmp6rc5nxnw']
[2023-05-09T21:30:06.346+0000] {standard_task_runner.py:83} INFO - Job 3365: Subtask scrape_teams_1-8
[2023-05-09T21:30:06.516+0000] {task_command.py:389} INFO - Running <TaskInstance: scrape_and_save_to_csv.scrape_teams_1-8 scheduled__2022-05-01T13:00:00+00:00 [running]> on host f41dbfa3d325
[2023-05-09T21:30:06.582+0000] {warnings.py:110} WARNING - /home/***/.local/lib/python3.7/site-packages/***/utils/context.py:205: AirflowContextDeprecationWarning: Accessing 'execution_date' from the template is deprecated and will be removed in a future version. Please use 'data_interval_start' or 'logical_date' instead.
  warnings.warn(_create_deprecation_warning(key, self._deprecation_replacements[key]))

[2023-05-09T21:30:06.641+0000] {taskinstance.py:1518} INFO - Exporting the following env vars:
AIRFLOW_CTX_DAG_OWNER=***
AIRFLOW_CTX_DAG_ID=scrape_and_save_to_csv
AIRFLOW_CTX_TASK_ID=scrape_teams_1-8
AIRFLOW_CTX_EXECUTION_DATE=2022-05-01T13:00:00+00:00
AIRFLOW_CTX_TRY_NUMBER=1
AIRFLOW_CTX_DAG_RUN_ID=scheduled__2022-05-01T13:00:00+00:00
[2023-05-09T21:30:14.146+0000] {helpers.py:94} INFO - Atlanta Hawks: Successfully scraped!
[2023-05-09T21:30:28.590+0000] {helpers.py:94} INFO - Boston Celtics: Successfully scraped!
[2023-05-09T21:30:45.267+0000] {helpers.py:94} INFO - Brooklyn Nets: Successfully scraped!
[2023-05-09T21:31:01.801+0000] {helpers.py:94} INFO - Charlotte Hornets: Successfully scraped!
[2023-05-09T21:31:17.617+0000] {helpers.py:94} INFO - Chicago Bulls: Successfully scraped!
[2023-05-09T21:31:33.741+0000] {helpers.py:94} INFO - Cleveland Cavaliers: Successfully scraped!
[2023-05-09T21:31:46.559+0000] {helpers.py:94} INFO - Dallas Mavericks: Successfully scraped!
[2023-05-09T21:31:59.316+0000] {helpers.py:94} INFO - Denver Nuggets: Successfully scraped!
[2023-05-09T21:31:59.343+0000] {helpers.py:109} INFO - Saved in /opt/***/data/output_scrape_teams_1-8.csv
[2023-05-09T21:31:59.345+0000] {python.py:177} INFO - Done. Returned value was: None
[2023-05-09T21:31:59.370+0000] {taskinstance.py:1332} INFO - Marking task as SUCCESS. dag_id=scrape_and_save_to_csv, task_id=scrape_teams_1-8, execution_date=20220501T130000, start_date=20230509T213006, end_date=20230509T213159
[2023-05-09T21:31:59.486+0000] {local_task_job.py:212} INFO - Task exited with return code 0
[2023-05-09T21:31:59.524+0000] {taskinstance.py:2596} INFO - 1 downstream tasks scheduled from follow-on schedule check
