[2023-05-10T04:00:01.343+0000] {taskinstance.py:1090} INFO - Dependencies all met for dep_context=non-requeueable deps ti=<TaskInstance: scrape_and_save_to_csv.scrape_teams_9-16 scheduled__2023-05-10T03:00:00+00:00 [queued]>
[2023-05-10T04:00:01.362+0000] {taskinstance.py:1090} INFO - Dependencies all met for dep_context=requeueable deps ti=<TaskInstance: scrape_and_save_to_csv.scrape_teams_9-16 scheduled__2023-05-10T03:00:00+00:00 [queued]>
[2023-05-10T04:00:01.364+0000] {taskinstance.py:1288} INFO - 
--------------------------------------------------------------------------------
[2023-05-10T04:00:01.366+0000] {taskinstance.py:1289} INFO - Starting attempt 1 of 1
[2023-05-10T04:00:01.380+0000] {taskinstance.py:1290} INFO - 
--------------------------------------------------------------------------------
[2023-05-10T04:00:01.412+0000] {taskinstance.py:1309} INFO - Executing <Task(PythonOperator): scrape_teams_9-16> on 2023-05-10 03:00:00+00:00
[2023-05-10T04:00:01.422+0000] {standard_task_runner.py:55} INFO - Started process 19474 to run task
[2023-05-10T04:00:01.449+0000] {standard_task_runner.py:82} INFO - Running: ['***', 'tasks', 'run', 'scrape_and_save_to_csv', 'scrape_teams_9-16', 'scheduled__2023-05-10T03:00:00+00:00', '--job-id', '4133', '--raw', '--subdir', 'DAGS_FOLDER/scrape_and_push_dag.py', '--cfg-path', '/tmp/tmplsxzogw5']
[2023-05-10T04:00:01.453+0000] {standard_task_runner.py:83} INFO - Job 4133: Subtask scrape_teams_9-16
[2023-05-10T04:00:01.604+0000] {task_command.py:389} INFO - Running <TaskInstance: scrape_and_save_to_csv.scrape_teams_9-16 scheduled__2023-05-10T03:00:00+00:00 [running]> on host f41dbfa3d325
[2023-05-10T04:00:01.665+0000] {warnings.py:110} WARNING - /home/***/.local/lib/python3.7/site-packages/***/utils/context.py:205: AirflowContextDeprecationWarning: Accessing 'execution_date' from the template is deprecated and will be removed in a future version. Please use 'data_interval_start' or 'logical_date' instead.
  warnings.warn(_create_deprecation_warning(key, self._deprecation_replacements[key]))

[2023-05-10T04:00:01.771+0000] {taskinstance.py:1518} INFO - Exporting the following env vars:
AIRFLOW_CTX_DAG_OWNER=***
AIRFLOW_CTX_DAG_ID=scrape_and_save_to_csv
AIRFLOW_CTX_TASK_ID=scrape_teams_9-16
AIRFLOW_CTX_EXECUTION_DATE=2023-05-10T03:00:00+00:00
AIRFLOW_CTX_TRY_NUMBER=1
AIRFLOW_CTX_DAG_RUN_ID=scheduled__2023-05-10T03:00:00+00:00
[2023-05-10T04:00:04.589+0000] {helpers.py:95} INFO - Detroit Pistons: Successfully scraped!
[2023-05-10T04:00:21.181+0000] {helpers.py:95} INFO - Golden State Warriors: Successfully scraped!
[2023-05-10T04:00:24.950+0000] {helpers.py:95} INFO - Houston Rockets: Successfully scraped!
[2023-05-10T04:00:28.397+0000] {helpers.py:95} INFO - Indiana Pacers: Successfully scraped!
[2023-05-10T04:00:31.608+0000] {helpers.py:95} INFO - Los Angeles Clippers: Successfully scraped!
[2023-05-10T04:00:46.933+0000] {helpers.py:95} INFO - Los Angeles Lakers: Successfully scraped!
[2023-05-10T04:00:49.709+0000] {helpers.py:95} INFO - Memphis Grizzlies: Successfully scraped!
[2023-05-10T04:00:58.451+0000] {helpers.py:95} INFO - Miami Heat: Successfully scraped!
[2023-05-10T04:00:58.458+0000] {helpers.py:110} INFO - Saved in /opt/***/data/output_scrape_teams_9-16.csv
[2023-05-10T04:00:58.460+0000] {python.py:177} INFO - Done. Returned value was: None
[2023-05-10T04:00:58.469+0000] {taskinstance.py:1332} INFO - Marking task as SUCCESS. dag_id=scrape_and_save_to_csv, task_id=scrape_teams_9-16, execution_date=20230510T030000, start_date=20230510T040001, end_date=20230510T040058
[2023-05-10T04:00:58.551+0000] {local_task_job.py:212} INFO - Task exited with return code 0
[2023-05-10T04:00:58.571+0000] {taskinstance.py:2596} INFO - 1 downstream tasks scheduled from follow-on schedule check
