[2023-05-03T19:30:02.046+0000] {taskinstance.py:1090} INFO - Dependencies all met for dep_context=non-requeueable deps ti=<TaskInstance: scrape_and_save_to_csv.scrape_teams_25-30 scheduled__2023-05-03T18:30:00+00:00 [queued]>
[2023-05-03T19:30:02.059+0000] {taskinstance.py:1090} INFO - Dependencies all met for dep_context=requeueable deps ti=<TaskInstance: scrape_and_save_to_csv.scrape_teams_25-30 scheduled__2023-05-03T18:30:00+00:00 [queued]>
[2023-05-03T19:30:02.060+0000] {taskinstance.py:1288} INFO - 
--------------------------------------------------------------------------------
[2023-05-03T19:30:02.061+0000] {taskinstance.py:1289} INFO - Starting attempt 1 of 1
[2023-05-03T19:30:02.062+0000] {taskinstance.py:1290} INFO - 
--------------------------------------------------------------------------------
[2023-05-03T19:30:02.087+0000] {taskinstance.py:1309} INFO - Executing <Task(PythonOperator): scrape_teams_25-30> on 2023-05-03 18:30:00+00:00
[2023-05-03T19:30:02.098+0000] {standard_task_runner.py:55} INFO - Started process 34385 to run task
[2023-05-03T19:30:02.108+0000] {standard_task_runner.py:82} INFO - Running: ['***', 'tasks', 'run', 'scrape_and_save_to_csv', 'scrape_teams_25-30', 'scheduled__2023-05-03T18:30:00+00:00', '--job-id', '2412', '--raw', '--subdir', 'DAGS_FOLDER/scrape_and_save_csv_dag.py', '--cfg-path', '/tmp/tmpslqsp1au']
[2023-05-03T19:30:02.114+0000] {standard_task_runner.py:83} INFO - Job 2412: Subtask scrape_teams_25-30
[2023-05-03T19:30:02.281+0000] {task_command.py:389} INFO - Running <TaskInstance: scrape_and_save_to_csv.scrape_teams_25-30 scheduled__2023-05-03T18:30:00+00:00 [running]> on host 5d4cd8acb346
[2023-05-03T19:30:02.440+0000] {taskinstance.py:1518} INFO - Exporting the following env vars:
AIRFLOW_CTX_DAG_OWNER=***
AIRFLOW_CTX_DAG_ID=scrape_and_save_to_csv
AIRFLOW_CTX_TASK_ID=scrape_teams_25-30
AIRFLOW_CTX_EXECUTION_DATE=2023-05-03T18:30:00+00:00
AIRFLOW_CTX_TRY_NUMBER=1
AIRFLOW_CTX_DAG_RUN_ID=scheduled__2023-05-03T18:30:00+00:00
[2023-05-03T19:30:06.813+0000] {warnings.py:110} WARNING - /home/***/.local/lib/python3.7/site-packages/***/utils/context.py:313: AirflowContextDeprecationWarning: Accessing 'execution_date' from the template is deprecated and will be removed in a future version. Please use 'data_interval_start' or 'logical_date' instead.
  warnings.warn(_create_deprecation_warning(k, replacements))

[2023-05-03T19:30:07.318+0000] {helpers.py:80} INFO - Portland Trail Blazers: Successfully scraped!
[2023-05-03T19:30:10.721+0000] {helpers.py:80} INFO - Sacramento Kings: Successfully scraped!
[2023-05-03T19:30:13.476+0000] {helpers.py:80} INFO - San Antonio Spurs: Successfully scraped!
[2023-05-03T19:30:17.895+0000] {helpers.py:80} INFO - Toronto Raptors: Successfully scraped!
[2023-05-03T19:30:20.348+0000] {helpers.py:80} INFO - Utah Jazz: Successfully scraped!
[2023-05-03T19:30:23.691+0000] {helpers.py:80} INFO - Washington Wizards: Successfully scraped!
[2023-05-03T19:30:23.725+0000] {helpers.py:96} INFO - Saved in /opt/***/data/output_scrape_teams_25-30.csv
[2023-05-03T19:30:23.730+0000] {python.py:177} INFO - Done. Returned value was: None
[2023-05-03T19:30:23.750+0000] {taskinstance.py:1332} INFO - Marking task as SUCCESS. dag_id=scrape_and_save_to_csv, task_id=scrape_teams_25-30, execution_date=20230503T183000, start_date=20230503T193002, end_date=20230503T193023
[2023-05-03T19:30:23.844+0000] {local_task_job.py:212} INFO - Task exited with return code 0
[2023-05-03T19:30:23.875+0000] {taskinstance.py:2596} INFO - 0 downstream tasks scheduled from follow-on schedule check
