[2023-05-10T01:24:35.110+0000] {taskinstance.py:1090} INFO - Dependencies all met for dep_context=non-requeueable deps ti=<TaskInstance: scrape_and_save_to_csv.scrape_teams_17-24 scheduled__2022-05-03T16:00:00+00:00 [queued]>
[2023-05-10T01:24:35.122+0000] {taskinstance.py:1090} INFO - Dependencies all met for dep_context=requeueable deps ti=<TaskInstance: scrape_and_save_to_csv.scrape_teams_17-24 scheduled__2022-05-03T16:00:00+00:00 [queued]>
[2023-05-10T01:24:35.123+0000] {taskinstance.py:1288} INFO - 
--------------------------------------------------------------------------------
[2023-05-10T01:24:35.124+0000] {taskinstance.py:1289} INFO - Starting attempt 1 of 1
[2023-05-10T01:24:35.126+0000] {taskinstance.py:1290} INFO - 
--------------------------------------------------------------------------------
[2023-05-10T01:24:35.140+0000] {taskinstance.py:1309} INFO - Executing <Task(PythonOperator): scrape_teams_17-24> on 2022-05-03 16:00:00+00:00
[2023-05-10T01:24:35.156+0000] {standard_task_runner.py:55} INFO - Started process 15220 to run task
[2023-05-10T01:24:35.162+0000] {standard_task_runner.py:82} INFO - Running: ['***', 'tasks', 'run', 'scrape_and_save_to_csv', 'scrape_teams_17-24', 'scheduled__2022-05-03T16:00:00+00:00', '--job-id', '3670', '--raw', '--subdir', 'DAGS_FOLDER/scrape_and_push_dag.py', '--cfg-path', '/tmp/tmp8jyvs_lg']
[2023-05-10T01:24:35.165+0000] {standard_task_runner.py:83} INFO - Job 3670: Subtask scrape_teams_17-24
[2023-05-10T01:24:35.265+0000] {task_command.py:389} INFO - Running <TaskInstance: scrape_and_save_to_csv.scrape_teams_17-24 scheduled__2022-05-03T16:00:00+00:00 [running]> on host f41dbfa3d325
[2023-05-10T01:24:35.308+0000] {warnings.py:110} WARNING - /home/***/.local/lib/python3.7/site-packages/***/utils/context.py:205: AirflowContextDeprecationWarning: Accessing 'execution_date' from the template is deprecated and will be removed in a future version. Please use 'data_interval_start' or 'logical_date' instead.
  warnings.warn(_create_deprecation_warning(key, self._deprecation_replacements[key]))

[2023-05-10T01:24:35.356+0000] {taskinstance.py:1518} INFO - Exporting the following env vars:
AIRFLOW_CTX_DAG_OWNER=***
AIRFLOW_CTX_DAG_ID=scrape_and_save_to_csv
AIRFLOW_CTX_TASK_ID=scrape_teams_17-24
AIRFLOW_CTX_EXECUTION_DATE=2022-05-03T16:00:00+00:00
AIRFLOW_CTX_TRY_NUMBER=1
AIRFLOW_CTX_DAG_RUN_ID=scheduled__2022-05-03T16:00:00+00:00
[2023-05-10T01:24:36.244+0000] {helpers.py:94} INFO - Milwaukee Bucks: Successfully scraped!
[2023-05-10T01:24:36.380+0000] {helpers.py:94} INFO - Minnesota Timberwolves: Successfully scraped!
[2023-05-10T01:24:36.534+0000] {helpers.py:94} INFO - New Orleans Pelicans: Successfully scraped!
[2023-05-10T01:24:36.866+0000] {helpers.py:94} INFO - New York Knicks: Successfully scraped!
[2023-05-10T01:24:37.030+0000] {helpers.py:94} INFO - Oklahoma City Thunder: Successfully scraped!
[2023-05-10T01:24:37.164+0000] {helpers.py:94} INFO - Orlando Magic: Successfully scraped!
[2023-05-10T01:24:37.536+0000] {helpers.py:94} INFO - Philadelphia 76ers: Successfully scraped!
[2023-05-10T01:24:37.936+0000] {helpers.py:94} INFO - Phoenix Suns: Successfully scraped!
[2023-05-10T01:24:37.960+0000] {helpers.py:109} INFO - Saved in /opt/***/data/output_scrape_teams_17-24.csv
[2023-05-10T01:24:37.962+0000] {python.py:177} INFO - Done. Returned value was: None
[2023-05-10T01:24:37.973+0000] {taskinstance.py:1332} INFO - Marking task as SUCCESS. dag_id=scrape_and_save_to_csv, task_id=scrape_teams_17-24, execution_date=20220503T160000, start_date=20230510T012435, end_date=20230510T012437
[2023-05-10T01:24:37.996+0000] {local_task_job.py:212} INFO - Task exited with return code 0
[2023-05-10T01:24:38.019+0000] {taskinstance.py:2596} INFO - 0 downstream tasks scheduled from follow-on schedule check
