[2023-05-10T01:33:00.230+0000] {taskinstance.py:1090} INFO - Dependencies all met for dep_context=non-requeueable deps ti=<TaskInstance: scrape_and_save_to_csv.scrape_teams_17-24 scheduled__2022-05-04T07:00:00+00:00 [queued]>
[2023-05-10T01:33:00.257+0000] {taskinstance.py:1090} INFO - Dependencies all met for dep_context=requeueable deps ti=<TaskInstance: scrape_and_save_to_csv.scrape_teams_17-24 scheduled__2022-05-04T07:00:00+00:00 [queued]>
[2023-05-10T01:33:00.272+0000] {taskinstance.py:1288} INFO - 
--------------------------------------------------------------------------------
[2023-05-10T01:33:00.273+0000] {taskinstance.py:1289} INFO - Starting attempt 1 of 1
[2023-05-10T01:33:00.274+0000] {taskinstance.py:1290} INFO - 
--------------------------------------------------------------------------------
[2023-05-10T01:33:00.287+0000] {taskinstance.py:1309} INFO - Executing <Task(PythonOperator): scrape_teams_17-24> on 2022-05-04 07:00:00+00:00
[2023-05-10T01:33:00.293+0000] {standard_task_runner.py:55} INFO - Started process 15636 to run task
[2023-05-10T01:33:00.300+0000] {standard_task_runner.py:82} INFO - Running: ['***', 'tasks', 'run', 'scrape_and_save_to_csv', 'scrape_teams_17-24', 'scheduled__2022-05-04T07:00:00+00:00', '--job-id', '3759', '--raw', '--subdir', 'DAGS_FOLDER/scrape_and_push_dag.py', '--cfg-path', '/tmp/tmpfzc_r227']
[2023-05-10T01:33:00.303+0000] {standard_task_runner.py:83} INFO - Job 3759: Subtask scrape_teams_17-24
[2023-05-10T01:33:00.401+0000] {task_command.py:389} INFO - Running <TaskInstance: scrape_and_save_to_csv.scrape_teams_17-24 scheduled__2022-05-04T07:00:00+00:00 [running]> on host f41dbfa3d325
[2023-05-10T01:33:00.443+0000] {warnings.py:110} WARNING - /home/***/.local/lib/python3.7/site-packages/***/utils/context.py:205: AirflowContextDeprecationWarning: Accessing 'execution_date' from the template is deprecated and will be removed in a future version. Please use 'data_interval_start' or 'logical_date' instead.
  warnings.warn(_create_deprecation_warning(key, self._deprecation_replacements[key]))

[2023-05-10T01:33:00.489+0000] {taskinstance.py:1518} INFO - Exporting the following env vars:
AIRFLOW_CTX_DAG_OWNER=***
AIRFLOW_CTX_DAG_ID=scrape_and_save_to_csv
AIRFLOW_CTX_TASK_ID=scrape_teams_17-24
AIRFLOW_CTX_EXECUTION_DATE=2022-05-04T07:00:00+00:00
AIRFLOW_CTX_TRY_NUMBER=1
AIRFLOW_CTX_DAG_RUN_ID=scheduled__2022-05-04T07:00:00+00:00
[2023-05-10T01:33:01.492+0000] {helpers.py:94} INFO - Milwaukee Bucks: Successfully scraped!
[2023-05-10T01:33:02.677+0000] {helpers.py:94} INFO - Minnesota Timberwolves: Successfully scraped!
[2023-05-10T01:33:05.330+0000] {helpers.py:94} INFO - New Orleans Pelicans: Successfully scraped!
[2023-05-10T01:33:12.199+0000] {helpers.py:94} INFO - New York Knicks: Successfully scraped!
[2023-05-10T01:33:15.832+0000] {helpers.py:94} INFO - Oklahoma City Thunder: Successfully scraped!
[2023-05-10T01:33:20.008+0000] {helpers.py:94} INFO - Orlando Magic: Successfully scraped!
[2023-05-10T01:33:27.921+0000] {helpers.py:94} INFO - Philadelphia 76ers: Successfully scraped!
[2023-05-10T01:33:35.196+0000] {helpers.py:94} INFO - Phoenix Suns: Successfully scraped!
[2023-05-10T01:33:35.202+0000] {helpers.py:109} INFO - Saved in /opt/***/data/output_scrape_teams_17-24.csv
[2023-05-10T01:33:35.204+0000] {python.py:177} INFO - Done. Returned value was: None
[2023-05-10T01:33:35.234+0000] {taskinstance.py:1332} INFO - Marking task as SUCCESS. dag_id=scrape_and_save_to_csv, task_id=scrape_teams_17-24, execution_date=20220504T070000, start_date=20230510T013300, end_date=20230510T013335
[2023-05-10T01:33:35.274+0000] {local_task_job.py:212} INFO - Task exited with return code 0
[2023-05-10T01:33:35.295+0000] {taskinstance.py:2596} INFO - 0 downstream tasks scheduled from follow-on schedule check
