[2023-04-28T04:15:44.689+0000] {taskinstance.py:1090} INFO - Dependencies all met for dep_context=non-requeueable deps ti=<TaskInstance: reddit_scrape.Teams_1-8 manual__2023-04-28T04:15:42.015513+00:00 [queued]>
[2023-04-28T04:15:44.707+0000] {taskinstance.py:1090} INFO - Dependencies all met for dep_context=requeueable deps ti=<TaskInstance: reddit_scrape.Teams_1-8 manual__2023-04-28T04:15:42.015513+00:00 [queued]>
[2023-04-28T04:15:44.711+0000] {taskinstance.py:1288} INFO - 
--------------------------------------------------------------------------------
[2023-04-28T04:15:44.714+0000] {taskinstance.py:1289} INFO - Starting attempt 1 of 1
[2023-04-28T04:15:44.715+0000] {taskinstance.py:1290} INFO - 
--------------------------------------------------------------------------------
[2023-04-28T04:15:44.747+0000] {taskinstance.py:1309} INFO - Executing <Task(PythonOperator): Teams_1-8> on 2023-04-28 04:15:42.015513+00:00
[2023-04-28T04:15:44.756+0000] {standard_task_runner.py:55} INFO - Started process 711 to run task
[2023-04-28T04:15:44.777+0000] {standard_task_runner.py:82} INFO - Running: ['***', 'tasks', 'run', 'reddit_scrape', 'Teams_1-8', 'manual__2023-04-28T04:15:42.015513+00:00', '--job-id', '1616', '--raw', '--subdir', 'DAGS_FOLDER/reddit_scrape.py', '--cfg-path', '/tmp/tmpahao2au8']
[2023-04-28T04:15:44.783+0000] {standard_task_runner.py:83} INFO - Job 1616: Subtask Teams_1-8
[2023-04-28T04:15:44.911+0000] {task_command.py:389} INFO - Running <TaskInstance: reddit_scrape.Teams_1-8 manual__2023-04-28T04:15:42.015513+00:00 [running]> on host e334e97a784f
[2023-04-28T04:15:45.036+0000] {taskinstance.py:1518} INFO - Exporting the following env vars:
AIRFLOW_CTX_DAG_OWNER=***
AIRFLOW_CTX_DAG_ID=reddit_scrape
AIRFLOW_CTX_TASK_ID=Teams_1-8
AIRFLOW_CTX_EXECUTION_DATE=2023-04-28T04:15:42.015513+00:00
AIRFLOW_CTX_TRY_NUMBER=1
AIRFLOW_CTX_DAG_RUN_ID=manual__2023-04-28T04:15:42.015513+00:00
[2023-04-28T04:15:48.379+0000] {reddit_scrape.py:33} ERROR - Retrying! 9 attempts before skipping!
[2023-04-28T04:15:49.921+0000] {reddit_scrape.py:33} ERROR - Retrying! 8 attempts before skipping!
[2023-04-28T04:15:51.860+0000] {reddit_scrape.py:33} ERROR - Retrying! 7 attempts before skipping!
[2023-04-28T04:15:53.912+0000] {reddit_scrape.py:33} ERROR - Retrying! 6 attempts before skipping!
[2023-04-28T04:15:56.436+0000] {reddit_scrape.py:33} ERROR - Retrying! 5 attempts before skipping!
[2023-04-28T04:15:59.845+0000] {reddit_scrape.py:33} ERROR - Retrying! 4 attempts before skipping!
[2023-04-28T04:16:01.699+0000] {reddit_scrape.py:33} ERROR - Retrying! 3 attempts before skipping!
[2023-04-28T04:16:03.008+0000] {reddit_scrape.py:33} ERROR - Retrying! 2 attempts before skipping!
[2023-04-28T04:16:04.869+0000] {reddit_scrape.py:33} ERROR - Retrying! 1 attempts before skipping!
[2023-04-28T04:16:06.319+0000] {reddit_scrape.py:33} ERROR - Retrying! 0 attempts before skipping!
[2023-04-28T04:16:07.668+0000] {reddit_scrape.py:33} ERROR - Retrying! -1 attempts before skipping!
[2023-04-28T04:16:08.890+0000] {reddit_scrape.py:33} ERROR - Retrying! 9 attempts before skipping!
[2023-04-28T04:16:10.392+0000] {reddit_scrape.py:33} ERROR - Retrying! 8 attempts before skipping!
[2023-04-28T04:16:11.828+0000] {reddit_scrape.py:33} ERROR - Retrying! 7 attempts before skipping!
[2023-04-28T04:16:13.077+0000] {reddit_scrape.py:33} ERROR - Retrying! 6 attempts before skipping!
[2023-04-28T04:16:14.283+0000] {reddit_scrape.py:33} ERROR - Retrying! 5 attempts before skipping!
[2023-04-28T04:16:15.723+0000] {reddit_scrape.py:33} ERROR - Retrying! 4 attempts before skipping!
[2023-04-28T04:16:16.973+0000] {reddit_scrape.py:33} ERROR - Retrying! 3 attempts before skipping!
[2023-04-28T04:16:18.192+0000] {reddit_scrape.py:33} ERROR - Retrying! 2 attempts before skipping!
[2023-04-28T04:16:19.528+0000] {reddit_scrape.py:33} ERROR - Retrying! 1 attempts before skipping!
[2023-04-28T04:16:20.747+0000] {reddit_scrape.py:33} ERROR - Retrying! 0 attempts before skipping!
[2023-04-28T04:16:21.979+0000] {reddit_scrape.py:33} ERROR - Retrying! -1 attempts before skipping!
[2023-04-28T04:16:23.596+0000] {reddit_scrape.py:33} ERROR - Retrying! 9 attempts before skipping!
[2023-04-28T04:16:24.998+0000] {reddit_scrape.py:33} ERROR - Retrying! 8 attempts before skipping!
[2023-04-28T04:16:26.213+0000] {reddit_scrape.py:33} ERROR - Retrying! 7 attempts before skipping!
[2023-04-28T04:16:27.424+0000] {reddit_scrape.py:33} ERROR - Retrying! 6 attempts before skipping!
[2023-04-28T04:16:28.679+0000] {reddit_scrape.py:33} ERROR - Retrying! 5 attempts before skipping!
[2023-04-28T04:16:29.890+0000] {reddit_scrape.py:33} ERROR - Retrying! 4 attempts before skipping!
[2023-04-28T04:16:31.378+0000] {reddit_scrape.py:33} ERROR - Retrying! 3 attempts before skipping!
[2023-04-28T04:16:32.588+0000] {reddit_scrape.py:33} ERROR - Retrying! 2 attempts before skipping!
[2023-04-28T04:16:33.804+0000] {reddit_scrape.py:33} ERROR - Retrying! 1 attempts before skipping!
[2023-04-28T04:16:35.127+0000] {reddit_scrape.py:33} ERROR - Retrying! 0 attempts before skipping!
[2023-04-28T04:16:36.509+0000] {reddit_scrape.py:33} ERROR - Retrying! -1 attempts before skipping!
[2023-04-28T04:16:37.918+0000] {reddit_scrape.py:33} ERROR - Retrying! 9 attempts before skipping!
[2023-04-28T04:16:39.246+0000] {reddit_scrape.py:33} ERROR - Retrying! 8 attempts before skipping!
[2023-04-28T04:16:40.420+0000] {reddit_scrape.py:33} ERROR - Retrying! 7 attempts before skipping!
[2023-04-28T04:16:41.779+0000] {reddit_scrape.py:33} ERROR - Retrying! 6 attempts before skipping!
[2023-04-28T04:16:42.985+0000] {reddit_scrape.py:33} ERROR - Retrying! 5 attempts before skipping!
[2023-04-28T04:16:44.320+0000] {reddit_scrape.py:33} ERROR - Retrying! 4 attempts before skipping!
[2023-04-28T04:16:45.544+0000] {reddit_scrape.py:33} ERROR - Retrying! 3 attempts before skipping!
[2023-04-28T04:16:46.948+0000] {reddit_scrape.py:33} ERROR - Retrying! 2 attempts before skipping!
[2023-04-28T04:16:48.156+0000] {reddit_scrape.py:33} ERROR - Retrying! 1 attempts before skipping!
[2023-04-28T04:16:49.575+0000] {reddit_scrape.py:33} ERROR - Retrying! 0 attempts before skipping!
[2023-04-28T04:16:50.791+0000] {reddit_scrape.py:33} ERROR - Retrying! -1 attempts before skipping!
[2023-04-28T04:16:52.202+0000] {reddit_scrape.py:33} ERROR - Retrying! 9 attempts before skipping!
[2023-04-28T04:16:53.607+0000] {reddit_scrape.py:33} ERROR - Retrying! 8 attempts before skipping!
[2023-04-28T04:16:54.804+0000] {reddit_scrape.py:33} ERROR - Retrying! 7 attempts before skipping!
[2023-04-28T04:16:56.141+0000] {reddit_scrape.py:33} ERROR - Retrying! 6 attempts before skipping!
[2023-04-28T04:16:57.539+0000] {reddit_scrape.py:33} ERROR - Retrying! 5 attempts before skipping!
[2023-04-28T04:16:58.747+0000] {reddit_scrape.py:33} ERROR - Retrying! 4 attempts before skipping!
[2023-04-28T04:17:00.080+0000] {reddit_scrape.py:33} ERROR - Retrying! 3 attempts before skipping!
[2023-04-28T04:17:01.300+0000] {reddit_scrape.py:33} ERROR - Retrying! 2 attempts before skipping!
[2023-04-28T04:17:02.662+0000] {reddit_scrape.py:33} ERROR - Retrying! 1 attempts before skipping!
[2023-04-28T04:17:04.000+0000] {reddit_scrape.py:33} ERROR - Retrying! 0 attempts before skipping!
[2023-04-28T04:17:05.204+0000] {reddit_scrape.py:33} ERROR - Retrying! -1 attempts before skipping!
[2023-04-28T04:17:06.426+0000] {reddit_scrape.py:33} ERROR - Retrying! 9 attempts before skipping!
[2023-04-28T04:17:07.979+0000] {reddit_scrape.py:33} ERROR - Retrying! 8 attempts before skipping!
[2023-04-28T04:17:09.419+0000] {reddit_scrape.py:33} ERROR - Retrying! 7 attempts before skipping!
[2023-04-28T04:17:10.649+0000] {reddit_scrape.py:33} ERROR - Retrying! 6 attempts before skipping!
[2023-04-28T04:17:12.061+0000] {reddit_scrape.py:33} ERROR - Retrying! 5 attempts before skipping!
[2023-04-28T04:17:13.274+0000] {reddit_scrape.py:33} ERROR - Retrying! 4 attempts before skipping!
[2023-04-28T04:17:14.629+0000] {reddit_scrape.py:33} ERROR - Retrying! 3 attempts before skipping!
[2023-04-28T04:17:15.984+0000] {reddit_scrape.py:33} ERROR - Retrying! 2 attempts before skipping!
[2023-04-28T04:17:17.204+0000] {reddit_scrape.py:33} ERROR - Retrying! 1 attempts before skipping!
[2023-04-28T04:17:18.427+0000] {reddit_scrape.py:33} ERROR - Retrying! 0 attempts before skipping!
[2023-04-28T04:17:19.790+0000] {reddit_scrape.py:33} ERROR - Retrying! -1 attempts before skipping!
[2023-04-28T04:17:21.149+0000] {reddit_scrape.py:33} ERROR - Retrying! 9 attempts before skipping!
[2023-04-28T04:17:24.020+0000] {reddit_scrape.py:33} ERROR - Retrying! 8 attempts before skipping!
[2023-04-28T04:17:25.524+0000] {reddit_scrape.py:33} ERROR - Retrying! 7 attempts before skipping!
[2023-04-28T04:17:26.923+0000] {reddit_scrape.py:33} ERROR - Retrying! 6 attempts before skipping!
[2023-04-28T04:17:28.142+0000] {reddit_scrape.py:33} ERROR - Retrying! 5 attempts before skipping!
[2023-04-28T04:17:29.471+0000] {reddit_scrape.py:33} ERROR - Retrying! 4 attempts before skipping!
[2023-04-28T04:17:30.865+0000] {reddit_scrape.py:33} ERROR - Retrying! 3 attempts before skipping!
[2023-04-28T04:17:32.207+0000] {reddit_scrape.py:33} ERROR - Retrying! 2 attempts before skipping!
[2023-04-28T04:17:33.433+0000] {reddit_scrape.py:33} ERROR - Retrying! 1 attempts before skipping!
[2023-04-28T04:17:34.829+0000] {reddit_scrape.py:33} ERROR - Retrying! 0 attempts before skipping!
[2023-04-28T04:17:36.226+0000] {reddit_scrape.py:33} ERROR - Retrying! -1 attempts before skipping!
[2023-04-28T04:17:37.782+0000] {reddit_scrape.py:33} ERROR - Retrying! 9 attempts before skipping!
[2023-04-28T04:17:39.437+0000] {reddit_scrape.py:33} ERROR - Retrying! 8 attempts before skipping!
[2023-04-28T04:17:40.861+0000] {reddit_scrape.py:33} ERROR - Retrying! 7 attempts before skipping!
[2023-04-28T04:17:42.082+0000] {reddit_scrape.py:33} ERROR - Retrying! 6 attempts before skipping!
[2023-04-28T04:17:43.477+0000] {reddit_scrape.py:33} ERROR - Retrying! 5 attempts before skipping!
[2023-04-28T04:17:44.684+0000] {reddit_scrape.py:33} ERROR - Retrying! 4 attempts before skipping!
[2023-04-28T04:17:45.921+0000] {reddit_scrape.py:33} ERROR - Retrying! 3 attempts before skipping!
[2023-04-28T04:17:47.145+0000] {reddit_scrape.py:33} ERROR - Retrying! 2 attempts before skipping!
[2023-04-28T04:17:48.485+0000] {reddit_scrape.py:33} ERROR - Retrying! 1 attempts before skipping!
[2023-04-28T04:17:49.699+0000] {reddit_scrape.py:33} ERROR - Retrying! 0 attempts before skipping!
[2023-04-28T04:17:50.944+0000] {reddit_scrape.py:33} ERROR - Retrying! -1 attempts before skipping!
[2023-04-28T04:17:51.953+0000] {python.py:177} INFO - Done. Returned value was: None
[2023-04-28T04:17:52.027+0000] {taskinstance.py:1332} INFO - Marking task as SUCCESS. dag_id=reddit_scrape, task_id=Teams_1-8, execution_date=20230428T041542, start_date=20230428T041544, end_date=20230428T041752
[2023-04-28T04:17:52.126+0000] {local_task_job.py:212} INFO - Task exited with return code 0
[2023-04-28T04:17:52.164+0000] {taskinstance.py:2596} INFO - 0 downstream tasks scheduled from follow-on schedule check
