[2023-05-08T23:45:55.368+0000] {taskinstance.py:1090} INFO - Dependencies all met for dep_context=non-requeueable deps ti=<TaskInstance: scrape_and_save_to_csv.scrape_teams_9-16 manual__2023-05-08T23:45:52.540855+00:00 [queued]>
[2023-05-08T23:45:55.380+0000] {taskinstance.py:1090} INFO - Dependencies all met for dep_context=requeueable deps ti=<TaskInstance: scrape_and_save_to_csv.scrape_teams_9-16 manual__2023-05-08T23:45:52.540855+00:00 [queued]>
[2023-05-08T23:45:55.382+0000] {taskinstance.py:1288} INFO - 
--------------------------------------------------------------------------------
[2023-05-08T23:45:55.383+0000] {taskinstance.py:1289} INFO - Starting attempt 1 of 1
[2023-05-08T23:45:55.384+0000] {taskinstance.py:1290} INFO - 
--------------------------------------------------------------------------------
[2023-05-08T23:45:55.402+0000] {taskinstance.py:1309} INFO - Executing <Task(PythonOperator): scrape_teams_9-16> on 2023-05-08 23:45:52.540855+00:00
[2023-05-08T23:45:55.410+0000] {standard_task_runner.py:55} INFO - Started process 236 to run task
[2023-05-08T23:45:55.419+0000] {standard_task_runner.py:82} INFO - Running: ['***', 'tasks', 'run', 'scrape_and_save_to_csv', 'scrape_teams_9-16', 'manual__2023-05-08T23:45:52.540855+00:00', '--job-id', '3105', '--raw', '--subdir', 'DAGS_FOLDER/scrape_and_push_dag.py', '--cfg-path', '/tmp/tmp7rqfgau5']
[2023-05-08T23:45:55.421+0000] {standard_task_runner.py:83} INFO - Job 3105: Subtask scrape_teams_9-16
[2023-05-08T23:45:55.513+0000] {task_command.py:389} INFO - Running <TaskInstance: scrape_and_save_to_csv.scrape_teams_9-16 manual__2023-05-08T23:45:52.540855+00:00 [running]> on host f41dbfa3d325
[2023-05-08T23:45:55.558+0000] {warnings.py:110} WARNING - /home/***/.local/lib/python3.7/site-packages/***/utils/context.py:205: AirflowContextDeprecationWarning: Accessing 'execution_date' from the template is deprecated and will be removed in a future version. Please use 'data_interval_start' or 'logical_date' instead.
  warnings.warn(_create_deprecation_warning(key, self._deprecation_replacements[key]))

[2023-05-08T23:45:55.595+0000] {taskinstance.py:1518} INFO - Exporting the following env vars:
AIRFLOW_CTX_DAG_OWNER=***
AIRFLOW_CTX_DAG_ID=scrape_and_save_to_csv
AIRFLOW_CTX_TASK_ID=scrape_teams_9-16
AIRFLOW_CTX_EXECUTION_DATE=2023-05-08T23:45:52.540855+00:00
AIRFLOW_CTX_TRY_NUMBER=1
AIRFLOW_CTX_DAG_RUN_ID=manual__2023-05-08T23:45:52.540855+00:00
[2023-05-08T23:45:55.601+0000] {taskinstance.py:1776} ERROR - Task failed with exception
Traceback (most recent call last):
  File "/home/airflow/.local/lib/python3.7/site-packages/airflow/operators/python.py", line 175, in execute
    return_value = self.execute_callable()
  File "/home/airflow/.local/lib/python3.7/site-packages/airflow/operators/python.py", line 192, in execute_callable
    return self.python_callable(*self.op_args, **self.op_kwargs)
  File "/opt/airflow/dags/helpers.py", line 59, in scrape_and_save
    after = datetime.fromisoformat(f"{{ execution_date }}")
ValueError: Invalid isoformat string: '{ execution_date }'
[2023-05-08T23:45:55.620+0000] {taskinstance.py:1332} INFO - Marking task as FAILED. dag_id=scrape_and_save_to_csv, task_id=scrape_teams_9-16, execution_date=20230508T234552, start_date=20230508T234555, end_date=20230508T234555
[2023-05-08T23:45:55.631+0000] {standard_task_runner.py:105} ERROR - Failed to execute job 3105 for task scrape_teams_9-16 (Invalid isoformat string: '{ execution_date }'; 236)
[2023-05-08T23:45:55.667+0000] {local_task_job.py:212} INFO - Task exited with return code 1
[2023-05-08T23:45:55.698+0000] {taskinstance.py:2596} INFO - 0 downstream tasks scheduled from follow-on schedule check
