[2023-04-29T16:20:32.271+0000] {taskinstance.py:1090} INFO - Dependencies all met for dep_context=non-requeueable deps ti=<TaskInstance: scrape_and_save_to_csv.scrape_teams_17-24 scheduled__2023-04-29T14:30:00+00:00 [queued]>
[2023-04-29T16:20:32.303+0000] {taskinstance.py:1090} INFO - Dependencies all met for dep_context=requeueable deps ti=<TaskInstance: scrape_and_save_to_csv.scrape_teams_17-24 scheduled__2023-04-29T14:30:00+00:00 [queued]>
[2023-04-29T16:20:32.305+0000] {taskinstance.py:1288} INFO - 
--------------------------------------------------------------------------------
[2023-04-29T16:20:32.312+0000] {taskinstance.py:1289} INFO - Starting attempt 1 of 1
[2023-04-29T16:20:32.314+0000] {taskinstance.py:1290} INFO - 
--------------------------------------------------------------------------------
[2023-04-29T16:20:32.334+0000] {taskinstance.py:1309} INFO - Executing <Task(PythonOperator): scrape_teams_17-24> on 2023-04-29 14:30:00+00:00
[2023-04-29T16:20:32.342+0000] {standard_task_runner.py:55} INFO - Started process 62 to run task
[2023-04-29T16:20:32.352+0000] {standard_task_runner.py:82} INFO - Running: ['***', 'tasks', 'run', 'scrape_and_save_to_csv', 'scrape_teams_17-24', 'scheduled__2023-04-29T14:30:00+00:00', '--job-id', '1762', '--raw', '--subdir', 'DAGS_FOLDER/scrape_and_save_csv_dag.py', '--cfg-path', '/tmp/tmpjdf3y3z6']
[2023-04-29T16:20:32.366+0000] {standard_task_runner.py:83} INFO - Job 1762: Subtask scrape_teams_17-24
[2023-04-29T16:20:32.520+0000] {task_command.py:389} INFO - Running <TaskInstance: scrape_and_save_to_csv.scrape_teams_17-24 scheduled__2023-04-29T14:30:00+00:00 [running]> on host def38439e216
[2023-04-29T16:20:32.662+0000] {taskinstance.py:1518} INFO - Exporting the following env vars:
AIRFLOW_CTX_DAG_OWNER=***
AIRFLOW_CTX_DAG_ID=scrape_and_save_to_csv
AIRFLOW_CTX_TASK_ID=scrape_teams_17-24
AIRFLOW_CTX_EXECUTION_DATE=2023-04-29T14:30:00+00:00
AIRFLOW_CTX_TRY_NUMBER=1
AIRFLOW_CTX_DAG_RUN_ID=scheduled__2023-04-29T14:30:00+00:00
[2023-04-29T16:20:34.395+0000] {warnings.py:110} WARNING - /home/***/.local/lib/python3.7/site-packages/***/utils/context.py:313: AirflowContextDeprecationWarning: Accessing 'execution_date' from the template is deprecated and will be removed in a future version. Please use 'data_interval_start' or 'logical_date' instead.
  warnings.warn(_create_deprecation_warning(k, replacements))

[2023-04-29T16:20:34.398+0000] {helpers.py:69} INFO - Bucks: Successfully scraped!
[2023-04-29T16:20:35.642+0000] {helpers.py:69} INFO - Timberwolves: Successfully scraped!
[2023-04-29T16:20:36.334+0000] {helpers.py:69} INFO - Pelicans: Successfully scraped!
[2023-04-29T16:20:37.558+0000] {helpers.py:69} INFO - Knicks: Successfully scraped!
[2023-04-29T16:20:39.170+0000] {helpers.py:69} INFO - Thunder: Successfully scraped!
[2023-04-29T16:20:41.057+0000] {helpers.py:69} INFO - Magic: Successfully scraped!
[2023-04-29T16:20:42.287+0000] {helpers.py:69} INFO - 76ers: Successfully scraped!
[2023-04-29T16:20:43.147+0000] {helpers.py:69} INFO - Suns: Successfully scraped!
[2023-04-29T16:20:43.155+0000] {helpers.py:83} INFO - Saved in /opt/***/data/output_scrape_teams_17-24.csv
[2023-04-29T16:20:43.158+0000] {python.py:177} INFO - Done. Returned value was: None
[2023-04-29T16:20:43.177+0000] {taskinstance.py:1332} INFO - Marking task as SUCCESS. dag_id=scrape_and_save_to_csv, task_id=scrape_teams_17-24, execution_date=20230429T143000, start_date=20230429T162032, end_date=20230429T162043
[2023-04-29T16:20:43.232+0000] {local_task_job.py:212} INFO - Task exited with return code 0
[2023-04-29T16:20:43.255+0000] {taskinstance.py:2596} INFO - 1 downstream tasks scheduled from follow-on schedule check
