[2023-05-09T22:26:05.387+0000] {taskinstance.py:1090} INFO - Dependencies all met for dep_context=non-requeueable deps ti=<TaskInstance: scrape_and_save_to_csv.scrape_teams_1-8 scheduled__2022-05-02T17:00:00+00:00 [queued]>
[2023-05-09T22:26:05.405+0000] {taskinstance.py:1090} INFO - Dependencies all met for dep_context=requeueable deps ti=<TaskInstance: scrape_and_save_to_csv.scrape_teams_1-8 scheduled__2022-05-02T17:00:00+00:00 [queued]>
[2023-05-09T22:26:05.406+0000] {taskinstance.py:1288} INFO - 
--------------------------------------------------------------------------------
[2023-05-09T22:26:05.408+0000] {taskinstance.py:1289} INFO - Starting attempt 1 of 1
[2023-05-09T22:26:05.409+0000] {taskinstance.py:1290} INFO - 
--------------------------------------------------------------------------------
[2023-05-09T22:26:05.437+0000] {taskinstance.py:1309} INFO - Executing <Task(PythonOperator): scrape_teams_1-8> on 2022-05-02 17:00:00+00:00
[2023-05-09T22:26:05.447+0000] {standard_task_runner.py:55} INFO - Started process 14015 to run task
[2023-05-09T22:26:05.456+0000] {standard_task_runner.py:82} INFO - Running: ['***', 'tasks', 'run', 'scrape_and_save_to_csv', 'scrape_teams_1-8', 'scheduled__2022-05-02T17:00:00+00:00', '--job-id', '3536', '--raw', '--subdir', 'DAGS_FOLDER/scrape_and_push_dag.py', '--cfg-path', '/tmp/tmpm1sjv8ea']
[2023-05-09T22:26:05.462+0000] {standard_task_runner.py:83} INFO - Job 3536: Subtask scrape_teams_1-8
[2023-05-09T22:26:05.605+0000] {task_command.py:389} INFO - Running <TaskInstance: scrape_and_save_to_csv.scrape_teams_1-8 scheduled__2022-05-02T17:00:00+00:00 [running]> on host f41dbfa3d325
[2023-05-09T22:26:05.671+0000] {warnings.py:110} WARNING - /home/***/.local/lib/python3.7/site-packages/***/utils/context.py:205: AirflowContextDeprecationWarning: Accessing 'execution_date' from the template is deprecated and will be removed in a future version. Please use 'data_interval_start' or 'logical_date' instead.
  warnings.warn(_create_deprecation_warning(key, self._deprecation_replacements[key]))

[2023-05-09T22:26:05.743+0000] {taskinstance.py:1518} INFO - Exporting the following env vars:
AIRFLOW_CTX_DAG_OWNER=***
AIRFLOW_CTX_DAG_ID=scrape_and_save_to_csv
AIRFLOW_CTX_TASK_ID=scrape_teams_1-8
AIRFLOW_CTX_EXECUTION_DATE=2022-05-02T17:00:00+00:00
AIRFLOW_CTX_TRY_NUMBER=1
AIRFLOW_CTX_DAG_RUN_ID=scheduled__2022-05-02T17:00:00+00:00
[2023-05-09T22:26:11.395+0000] {helpers.py:94} INFO - Atlanta Hawks: Successfully scraped!
[2023-05-09T22:26:25.396+0000] {helpers.py:94} INFO - Boston Celtics: Successfully scraped!
[2023-05-09T22:26:42.435+0000] {helpers.py:94} INFO - Brooklyn Nets: Successfully scraped!
[2023-05-09T22:26:58.186+0000] {helpers.py:94} INFO - Charlotte Hornets: Successfully scraped!
[2023-05-09T22:27:13.209+0000] {helpers.py:94} INFO - Chicago Bulls: Successfully scraped!
[2023-05-09T22:27:28.807+0000] {helpers.py:94} INFO - Cleveland Cavaliers: Successfully scraped!
[2023-05-09T22:27:42.829+0000] {helpers.py:94} INFO - Dallas Mavericks: Successfully scraped!
[2023-05-09T22:27:55.287+0000] {helpers.py:94} INFO - Denver Nuggets: Successfully scraped!
[2023-05-09T22:27:55.321+0000] {helpers.py:109} INFO - Saved in /opt/***/data/output_scrape_teams_1-8.csv
[2023-05-09T22:27:55.324+0000] {python.py:177} INFO - Done. Returned value was: None
[2023-05-09T22:27:55.353+0000] {taskinstance.py:1332} INFO - Marking task as SUCCESS. dag_id=scrape_and_save_to_csv, task_id=scrape_teams_1-8, execution_date=20220502T170000, start_date=20230509T222605, end_date=20230509T222755
[2023-05-09T22:27:55.462+0000] {local_task_job.py:212} INFO - Task exited with return code 0
[2023-05-09T22:27:55.493+0000] {taskinstance.py:2596} INFO - 0 downstream tasks scheduled from follow-on schedule check
